[2023-05-19 15:25:41,262] {taskinstance.py:1159} INFO - Dependencies all met for <TaskInstance: TwitterDAG.twitter_datascience scheduled__2023-05-15T00:00:00+00:00 [queued]>
[2023-05-19 15:25:41,270] {taskinstance.py:1159} INFO - Dependencies all met for <TaskInstance: TwitterDAG.twitter_datascience scheduled__2023-05-15T00:00:00+00:00 [queued]>
[2023-05-19 15:25:41,270] {taskinstance.py:1356} INFO - 
--------------------------------------------------------------------------------
[2023-05-19 15:25:41,270] {taskinstance.py:1357} INFO - Starting attempt 1 of 1
[2023-05-19 15:25:41,270] {taskinstance.py:1358} INFO - 
--------------------------------------------------------------------------------
[2023-05-19 15:25:41,289] {taskinstance.py:1377} INFO - Executing <Task(TwitterOperator): twitter_datascience> on 2023-05-15 00:00:00+00:00
[2023-05-19 15:25:41,297] {standard_task_runner.py:52} INFO - Started process 3307 to run task
[2023-05-19 15:25:41,301] {standard_task_runner.py:79} INFO - Running: ['airflow', 'tasks', 'run', 'TwitterDAG', 'twitter_datascience', 'scheduled__2023-05-15T00:00:00+00:00', '--job-id', '5', '--raw', '--subdir', 'DAGS_FOLDER/twitter_dag.py', '--cfg-path', '/var/folders/4m/2vllbq951394clq6jtlsj0p40000gn/T/tmpgkqc8fwa', '--error-file', '/var/folders/4m/2vllbq951394clq6jtlsj0p40000gn/T/tmpush_qy7d']
[2023-05-19 15:25:41,303] {standard_task_runner.py:80} INFO - Job 5: Subtask twitter_datascience
[2023-05-19 15:25:41,367] {task_command.py:370} INFO - Running <TaskInstance: TwitterDAG.twitter_datascience scheduled__2023-05-15T00:00:00+00:00 [running]> on host MacBook-Air-de-Mariana-2.local
[2023-05-19 15:25:41,437] {taskinstance.py:1569} INFO - Exporting the following env vars:
AIRFLOW_CTX_DAG_OWNER=airflow
AIRFLOW_CTX_DAG_ID=TwitterDAG
AIRFLOW_CTX_TASK_ID=twitter_datascience
AIRFLOW_CTX_EXECUTION_DATE=2023-05-15T00:00:00+00:00
AIRFLOW_CTX_TRY_NUMBER=1
AIRFLOW_CTX_DAG_RUN_ID=scheduled__2023-05-15T00:00:00+00:00
[2023-05-19 15:25:41,445] {base.py:68} INFO - Using connection ID 'twitter_default' for task execution.
[2023-05-19 15:25:41,447] {twitter_hook.py:34} INFO - URL: https://labdados.com/2/tweets/search/recent?query=datascience&tweet.fields=author_id,conversation_id,created_at,id,in_reply_to_user_id,public_metrics,lang,text&expansions=author_id&user.fields=id,name,username,created_at&start_time=2023-05-15T00:00:00.00Z&end_time=2023-05-16T00:00:00.00Z
[2023-05-19 15:25:42,004] {twitter_hook.py:34} INFO - URL: https://labdados.com/2/tweets/search/recent?query=datascience&tweet.fields=author_id,conversation_id,created_at,id,in_reply_to_user_id,public_metrics,lang,text&expansions=author_id&user.fields=id,name,username,created_at&start_time=2023-05-15T00:00:00.00Z&end_time=2023-05-16T00:00:00.00Z&next_token=1234567890abcdef
[2023-05-19 15:25:42,269] {taskinstance.py:1395} INFO - Marking task as SUCCESS. dag_id=TwitterDAG, task_id=twitter_datascience, execution_date=20230515T000000, start_date=20230519T182541, end_date=20230519T182542
[2023-05-19 15:25:42,309] {local_task_job.py:156} INFO - Task exited with return code 0
[2023-05-19 15:25:42,338] {local_task_job.py:273} INFO - 0 downstream tasks scheduled from follow-on schedule check
[2023-05-19 18:18:17,023] {taskinstance.py:1159} INFO - Dependencies all met for <TaskInstance: TwitterDAG.twitter_datascience scheduled__2023-05-15T00:00:00+00:00 [queued]>
[2023-05-19 18:18:17,046] {taskinstance.py:1159} INFO - Dependencies all met for <TaskInstance: TwitterDAG.twitter_datascience scheduled__2023-05-15T00:00:00+00:00 [queued]>
[2023-05-19 18:18:17,046] {taskinstance.py:1356} INFO - 
--------------------------------------------------------------------------------
[2023-05-19 18:18:17,046] {taskinstance.py:1357} INFO - Starting attempt 1 of 1
[2023-05-19 18:18:17,046] {taskinstance.py:1358} INFO - 
--------------------------------------------------------------------------------
[2023-05-19 18:18:17,076] {taskinstance.py:1377} INFO - Executing <Task(TwitterOperator): twitter_datascience> on 2023-05-15 00:00:00+00:00
[2023-05-19 18:18:17,079] {standard_task_runner.py:52} INFO - Started process 9372 to run task
[2023-05-19 18:18:17,087] {standard_task_runner.py:79} INFO - Running: ['airflow', 'tasks', 'run', 'TwitterDAG', 'twitter_datascience', 'scheduled__2023-05-15T00:00:00+00:00', '--job-id', '34', '--raw', '--subdir', 'DAGS_FOLDER/twitter_dag.py', '--cfg-path', '/var/folders/4m/2vllbq951394clq6jtlsj0p40000gn/T/tmpp5x7f7cv', '--error-file', '/var/folders/4m/2vllbq951394clq6jtlsj0p40000gn/T/tmp1noraq_w']
[2023-05-19 18:18:17,090] {standard_task_runner.py:80} INFO - Job 34: Subtask twitter_datascience
[2023-05-19 18:18:17,181] {task_command.py:370} INFO - Running <TaskInstance: TwitterDAG.twitter_datascience scheduled__2023-05-15T00:00:00+00:00 [running]> on host 1.0.0.127.in-addr.arpa
[2023-05-19 18:18:17,287] {taskinstance.py:1569} INFO - Exporting the following env vars:
AIRFLOW_CTX_DAG_OWNER=airflow
AIRFLOW_CTX_DAG_ID=TwitterDAG
AIRFLOW_CTX_TASK_ID=twitter_datascience
AIRFLOW_CTX_EXECUTION_DATE=2023-05-15T00:00:00+00:00
AIRFLOW_CTX_TRY_NUMBER=1
AIRFLOW_CTX_DAG_RUN_ID=scheduled__2023-05-15T00:00:00+00:00
[2023-05-19 18:18:17,305] {base.py:68} INFO - Using connection ID 'twitter_default' for task execution.
[2023-05-19 18:18:17,310] {twitter_hook.py:34} INFO - URL: https://labdados.com/2/tweets/search/recent?query=datascience&tweet.fields=author_id,conversation_id,created_at,id,in_reply_to_user_id,public_metrics,lang,text&expansions=author_id&user.fields=id,name,username,created_at&start_time=2023-05-15T00:00:00.00Z&end_time=2023-05-16T00:00:00.00Z
[2023-05-19 18:18:17,856] {twitter_hook.py:34} INFO - URL: https://labdados.com/2/tweets/search/recent?query=datascience&tweet.fields=author_id,conversation_id,created_at,id,in_reply_to_user_id,public_metrics,lang,text&expansions=author_id&user.fields=id,name,username,created_at&start_time=2023-05-15T00:00:00.00Z&end_time=2023-05-16T00:00:00.00Z&next_token=1234567890abcdef
[2023-05-19 18:18:18,026] {twitter_hook.py:34} INFO - URL: https://labdados.com/2/tweets/search/recent?query=datascience&tweet.fields=author_id,conversation_id,created_at,id,in_reply_to_user_id,public_metrics,lang,text&expansions=author_id&user.fields=id,name,username,created_at&start_time=2023-05-15T00:00:00.00Z&end_time=2023-05-16T00:00:00.00Z&next_token=1234567890abcdef
[2023-05-19 18:18:18,243] {twitter_hook.py:34} INFO - URL: https://labdados.com/2/tweets/search/recent?query=datascience&tweet.fields=author_id,conversation_id,created_at,id,in_reply_to_user_id,public_metrics,lang,text&expansions=author_id&user.fields=id,name,username,created_at&start_time=2023-05-15T00:00:00.00Z&end_time=2023-05-16T00:00:00.00Z&next_token=1234567890abcdef
[2023-05-19 18:18:18,410] {twitter_hook.py:34} INFO - URL: https://labdados.com/2/tweets/search/recent?query=datascience&tweet.fields=author_id,conversation_id,created_at,id,in_reply_to_user_id,public_metrics,lang,text&expansions=author_id&user.fields=id,name,username,created_at&start_time=2023-05-15T00:00:00.00Z&end_time=2023-05-16T00:00:00.00Z&next_token=1234567890abcdef
[2023-05-19 18:18:18,577] {twitter_hook.py:34} INFO - URL: https://labdados.com/2/tweets/search/recent?query=datascience&tweet.fields=author_id,conversation_id,created_at,id,in_reply_to_user_id,public_metrics,lang,text&expansions=author_id&user.fields=id,name,username,created_at&start_time=2023-05-15T00:00:00.00Z&end_time=2023-05-16T00:00:00.00Z&next_token=1234567890abcdef
[2023-05-19 18:18:18,770] {taskinstance.py:1395} INFO - Marking task as SUCCESS. dag_id=TwitterDAG, task_id=twitter_datascience, execution_date=20230515T000000, start_date=20230519T211817, end_date=20230519T211818
[2023-05-19 18:18:18,824] {local_task_job.py:156} INFO - Task exited with return code 0
[2023-05-19 18:18:18,896] {local_task_job.py:273} INFO - 1 downstream tasks scheduled from follow-on schedule check
