[2023-05-19 15:11:11,102] {processor.py:153} INFO - Started process (PID=2741) to work on /Users/marianaoliveira/Downloads/alura1/venv/lib/python3.10/site-packages/airflow/example_dags/plugins/workday.py
[2023-05-19 15:11:11,102] {processor.py:641} INFO - Processing file /Users/marianaoliveira/Downloads/alura1/venv/lib/python3.10/site-packages/airflow/example_dags/plugins/workday.py for tasks to queue
[2023-05-19 15:11:11,103] {logging_mixin.py:115} INFO - [2023-05-19 15:11:11,103] {dagbag.py:507} INFO - Filling up the DagBag from /Users/marianaoliveira/Downloads/alura1/venv/lib/python3.10/site-packages/airflow/example_dags/plugins/workday.py
[2023-05-19 15:11:11,112] {processor.py:653} WARNING - No viable dags retrieved from /Users/marianaoliveira/Downloads/alura1/venv/lib/python3.10/site-packages/airflow/example_dags/plugins/workday.py
[2023-05-19 15:11:11,333] {processor.py:161} INFO - Processing /Users/marianaoliveira/Downloads/alura1/venv/lib/python3.10/site-packages/airflow/example_dags/plugins/workday.py took 0.233 seconds
[2023-05-19 15:13:25,932] {processor.py:153} INFO - Started process (PID=2866) to work on /Users/marianaoliveira/Downloads/alura1/venv/lib/python3.10/site-packages/airflow/example_dags/plugins/workday.py
[2023-05-19 15:13:25,933] {processor.py:641} INFO - Processing file /Users/marianaoliveira/Downloads/alura1/venv/lib/python3.10/site-packages/airflow/example_dags/plugins/workday.py for tasks to queue
[2023-05-19 15:13:25,934] {logging_mixin.py:115} INFO - [2023-05-19 15:13:25,934] {dagbag.py:507} INFO - Filling up the DagBag from /Users/marianaoliveira/Downloads/alura1/venv/lib/python3.10/site-packages/airflow/example_dags/plugins/workday.py
[2023-05-19 15:13:25,938] {processor.py:653} WARNING - No viable dags retrieved from /Users/marianaoliveira/Downloads/alura1/venv/lib/python3.10/site-packages/airflow/example_dags/plugins/workday.py
[2023-05-19 15:13:25,984] {processor.py:161} INFO - Processing /Users/marianaoliveira/Downloads/alura1/venv/lib/python3.10/site-packages/airflow/example_dags/plugins/workday.py took 0.053 seconds
[2023-05-19 15:14:23,133] {processor.py:153} INFO - Started process (PID=2901) to work on /Users/marianaoliveira/Downloads/alura1/venv/lib/python3.10/site-packages/airflow/example_dags/plugins/workday.py
[2023-05-19 15:14:23,133] {processor.py:641} INFO - Processing file /Users/marianaoliveira/Downloads/alura1/venv/lib/python3.10/site-packages/airflow/example_dags/plugins/workday.py for tasks to queue
[2023-05-19 15:14:23,134] {logging_mixin.py:115} INFO - [2023-05-19 15:14:23,133] {dagbag.py:507} INFO - Filling up the DagBag from /Users/marianaoliveira/Downloads/alura1/venv/lib/python3.10/site-packages/airflow/example_dags/plugins/workday.py
[2023-05-19 15:14:23,134] {processor.py:653} WARNING - No viable dags retrieved from /Users/marianaoliveira/Downloads/alura1/venv/lib/python3.10/site-packages/airflow/example_dags/plugins/workday.py
[2023-05-19 15:14:23,183] {processor.py:161} INFO - Processing /Users/marianaoliveira/Downloads/alura1/venv/lib/python3.10/site-packages/airflow/example_dags/plugins/workday.py took 0.051 seconds
[2023-05-19 15:15:14,709] {processor.py:153} INFO - Started process (PID=2932) to work on /Users/marianaoliveira/Downloads/alura1/venv/lib/python3.10/site-packages/airflow/example_dags/plugins/workday.py
[2023-05-19 15:15:14,709] {processor.py:641} INFO - Processing file /Users/marianaoliveira/Downloads/alura1/venv/lib/python3.10/site-packages/airflow/example_dags/plugins/workday.py for tasks to queue
[2023-05-19 15:15:14,710] {logging_mixin.py:115} INFO - [2023-05-19 15:15:14,710] {dagbag.py:507} INFO - Filling up the DagBag from /Users/marianaoliveira/Downloads/alura1/venv/lib/python3.10/site-packages/airflow/example_dags/plugins/workday.py
[2023-05-19 15:15:14,711] {processor.py:653} WARNING - No viable dags retrieved from /Users/marianaoliveira/Downloads/alura1/venv/lib/python3.10/site-packages/airflow/example_dags/plugins/workday.py
[2023-05-19 15:15:14,757] {processor.py:161} INFO - Processing /Users/marianaoliveira/Downloads/alura1/venv/lib/python3.10/site-packages/airflow/example_dags/plugins/workday.py took 0.049 seconds
[2023-05-19 15:16:30,369] {processor.py:153} INFO - Started process (PID=2968) to work on /Users/marianaoliveira/Downloads/alura1/venv/lib/python3.10/site-packages/airflow/example_dags/plugins/workday.py
[2023-05-19 15:16:30,371] {processor.py:641} INFO - Processing file /Users/marianaoliveira/Downloads/alura1/venv/lib/python3.10/site-packages/airflow/example_dags/plugins/workday.py for tasks to queue
[2023-05-19 15:16:30,372] {logging_mixin.py:115} INFO - [2023-05-19 15:16:30,372] {dagbag.py:507} INFO - Filling up the DagBag from /Users/marianaoliveira/Downloads/alura1/venv/lib/python3.10/site-packages/airflow/example_dags/plugins/workday.py
[2023-05-19 15:16:30,376] {processor.py:653} WARNING - No viable dags retrieved from /Users/marianaoliveira/Downloads/alura1/venv/lib/python3.10/site-packages/airflow/example_dags/plugins/workday.py
[2023-05-19 15:16:30,448] {processor.py:161} INFO - Processing /Users/marianaoliveira/Downloads/alura1/venv/lib/python3.10/site-packages/airflow/example_dags/plugins/workday.py took 0.081 seconds
[2023-05-19 15:17:59,612] {processor.py:153} INFO - Started process (PID=3048) to work on /Users/marianaoliveira/Downloads/alura1/venv/lib/python3.10/site-packages/airflow/example_dags/plugins/workday.py
[2023-05-19 15:17:59,613] {processor.py:641} INFO - Processing file /Users/marianaoliveira/Downloads/alura1/venv/lib/python3.10/site-packages/airflow/example_dags/plugins/workday.py for tasks to queue
[2023-05-19 15:17:59,614] {logging_mixin.py:115} INFO - [2023-05-19 15:17:59,614] {dagbag.py:507} INFO - Filling up the DagBag from /Users/marianaoliveira/Downloads/alura1/venv/lib/python3.10/site-packages/airflow/example_dags/plugins/workday.py
[2023-05-19 15:17:59,618] {processor.py:653} WARNING - No viable dags retrieved from /Users/marianaoliveira/Downloads/alura1/venv/lib/python3.10/site-packages/airflow/example_dags/plugins/workday.py
[2023-05-19 15:17:59,760] {processor.py:161} INFO - Processing /Users/marianaoliveira/Downloads/alura1/venv/lib/python3.10/site-packages/airflow/example_dags/plugins/workday.py took 0.155 seconds
[2023-05-19 15:19:08,699] {processor.py:153} INFO - Started process (PID=3091) to work on /Users/marianaoliveira/Downloads/alura1/venv/lib/python3.10/site-packages/airflow/example_dags/plugins/workday.py
[2023-05-19 15:19:08,701] {processor.py:641} INFO - Processing file /Users/marianaoliveira/Downloads/alura1/venv/lib/python3.10/site-packages/airflow/example_dags/plugins/workday.py for tasks to queue
[2023-05-19 15:19:08,702] {logging_mixin.py:115} INFO - [2023-05-19 15:19:08,702] {dagbag.py:507} INFO - Filling up the DagBag from /Users/marianaoliveira/Downloads/alura1/venv/lib/python3.10/site-packages/airflow/example_dags/plugins/workday.py
[2023-05-19 15:19:08,705] {processor.py:653} WARNING - No viable dags retrieved from /Users/marianaoliveira/Downloads/alura1/venv/lib/python3.10/site-packages/airflow/example_dags/plugins/workday.py
[2023-05-19 15:19:08,778] {processor.py:161} INFO - Processing /Users/marianaoliveira/Downloads/alura1/venv/lib/python3.10/site-packages/airflow/example_dags/plugins/workday.py took 0.080 seconds
[2023-05-19 15:20:07,686] {processor.py:153} INFO - Started process (PID=3120) to work on /Users/marianaoliveira/Downloads/alura1/venv/lib/python3.10/site-packages/airflow/example_dags/plugins/workday.py
[2023-05-19 15:20:07,686] {processor.py:641} INFO - Processing file /Users/marianaoliveira/Downloads/alura1/venv/lib/python3.10/site-packages/airflow/example_dags/plugins/workday.py for tasks to queue
[2023-05-19 15:20:07,687] {logging_mixin.py:115} INFO - [2023-05-19 15:20:07,687] {dagbag.py:507} INFO - Filling up the DagBag from /Users/marianaoliveira/Downloads/alura1/venv/lib/python3.10/site-packages/airflow/example_dags/plugins/workday.py
[2023-05-19 15:20:07,687] {processor.py:653} WARNING - No viable dags retrieved from /Users/marianaoliveira/Downloads/alura1/venv/lib/python3.10/site-packages/airflow/example_dags/plugins/workday.py
[2023-05-19 15:20:07,734] {processor.py:161} INFO - Processing /Users/marianaoliveira/Downloads/alura1/venv/lib/python3.10/site-packages/airflow/example_dags/plugins/workday.py took 0.049 seconds
[2023-05-19 15:21:01,768] {processor.py:153} INFO - Started process (PID=3148) to work on /Users/marianaoliveira/Downloads/alura1/venv/lib/python3.10/site-packages/airflow/example_dags/plugins/workday.py
[2023-05-19 15:21:01,770] {processor.py:641} INFO - Processing file /Users/marianaoliveira/Downloads/alura1/venv/lib/python3.10/site-packages/airflow/example_dags/plugins/workday.py for tasks to queue
[2023-05-19 15:21:01,773] {logging_mixin.py:115} INFO - [2023-05-19 15:21:01,773] {dagbag.py:507} INFO - Filling up the DagBag from /Users/marianaoliveira/Downloads/alura1/venv/lib/python3.10/site-packages/airflow/example_dags/plugins/workday.py
[2023-05-19 15:21:01,774] {processor.py:653} WARNING - No viable dags retrieved from /Users/marianaoliveira/Downloads/alura1/venv/lib/python3.10/site-packages/airflow/example_dags/plugins/workday.py
[2023-05-19 15:21:01,818] {processor.py:161} INFO - Processing /Users/marianaoliveira/Downloads/alura1/venv/lib/python3.10/site-packages/airflow/example_dags/plugins/workday.py took 0.051 seconds
[2023-05-19 15:21:52,470] {processor.py:153} INFO - Started process (PID=3176) to work on /Users/marianaoliveira/Downloads/alura1/venv/lib/python3.10/site-packages/airflow/example_dags/plugins/workday.py
[2023-05-19 15:21:52,470] {processor.py:641} INFO - Processing file /Users/marianaoliveira/Downloads/alura1/venv/lib/python3.10/site-packages/airflow/example_dags/plugins/workday.py for tasks to queue
[2023-05-19 15:21:52,470] {logging_mixin.py:115} INFO - [2023-05-19 15:21:52,470] {dagbag.py:507} INFO - Filling up the DagBag from /Users/marianaoliveira/Downloads/alura1/venv/lib/python3.10/site-packages/airflow/example_dags/plugins/workday.py
[2023-05-19 15:21:52,471] {processor.py:653} WARNING - No viable dags retrieved from /Users/marianaoliveira/Downloads/alura1/venv/lib/python3.10/site-packages/airflow/example_dags/plugins/workday.py
[2023-05-19 15:21:52,518] {processor.py:161} INFO - Processing /Users/marianaoliveira/Downloads/alura1/venv/lib/python3.10/site-packages/airflow/example_dags/plugins/workday.py took 0.049 seconds
[2023-05-19 15:22:40,303] {processor.py:153} INFO - Started process (PID=3199) to work on /Users/marianaoliveira/Downloads/alura1/venv/lib/python3.10/site-packages/airflow/example_dags/plugins/workday.py
[2023-05-19 15:22:40,303] {processor.py:641} INFO - Processing file /Users/marianaoliveira/Downloads/alura1/venv/lib/python3.10/site-packages/airflow/example_dags/plugins/workday.py for tasks to queue
[2023-05-19 15:22:40,304] {logging_mixin.py:115} INFO - [2023-05-19 15:22:40,304] {dagbag.py:507} INFO - Filling up the DagBag from /Users/marianaoliveira/Downloads/alura1/venv/lib/python3.10/site-packages/airflow/example_dags/plugins/workday.py
[2023-05-19 15:22:40,305] {processor.py:653} WARNING - No viable dags retrieved from /Users/marianaoliveira/Downloads/alura1/venv/lib/python3.10/site-packages/airflow/example_dags/plugins/workday.py
[2023-05-19 15:22:40,352] {processor.py:161} INFO - Processing /Users/marianaoliveira/Downloads/alura1/venv/lib/python3.10/site-packages/airflow/example_dags/plugins/workday.py took 0.050 seconds
[2023-05-19 15:23:27,987] {processor.py:153} INFO - Started process (PID=3228) to work on /Users/marianaoliveira/Downloads/alura1/venv/lib/python3.10/site-packages/airflow/example_dags/plugins/workday.py
[2023-05-19 15:23:27,989] {processor.py:641} INFO - Processing file /Users/marianaoliveira/Downloads/alura1/venv/lib/python3.10/site-packages/airflow/example_dags/plugins/workday.py for tasks to queue
[2023-05-19 15:23:27,992] {logging_mixin.py:115} INFO - [2023-05-19 15:23:27,992] {dagbag.py:507} INFO - Filling up the DagBag from /Users/marianaoliveira/Downloads/alura1/venv/lib/python3.10/site-packages/airflow/example_dags/plugins/workday.py
[2023-05-19 15:23:27,995] {processor.py:653} WARNING - No viable dags retrieved from /Users/marianaoliveira/Downloads/alura1/venv/lib/python3.10/site-packages/airflow/example_dags/plugins/workday.py
[2023-05-19 15:23:28,039] {processor.py:161} INFO - Processing /Users/marianaoliveira/Downloads/alura1/venv/lib/python3.10/site-packages/airflow/example_dags/plugins/workday.py took 0.052 seconds
[2023-05-19 15:24:21,077] {processor.py:153} INFO - Started process (PID=3257) to work on /Users/marianaoliveira/Downloads/alura1/venv/lib/python3.10/site-packages/airflow/example_dags/plugins/workday.py
[2023-05-19 15:24:21,078] {processor.py:641} INFO - Processing file /Users/marianaoliveira/Downloads/alura1/venv/lib/python3.10/site-packages/airflow/example_dags/plugins/workday.py for tasks to queue
[2023-05-19 15:24:21,078] {logging_mixin.py:115} INFO - [2023-05-19 15:24:21,078] {dagbag.py:507} INFO - Filling up the DagBag from /Users/marianaoliveira/Downloads/alura1/venv/lib/python3.10/site-packages/airflow/example_dags/plugins/workday.py
[2023-05-19 15:24:21,082] {processor.py:653} WARNING - No viable dags retrieved from /Users/marianaoliveira/Downloads/alura1/venv/lib/python3.10/site-packages/airflow/example_dags/plugins/workday.py
[2023-05-19 15:24:21,138] {processor.py:161} INFO - Processing /Users/marianaoliveira/Downloads/alura1/venv/lib/python3.10/site-packages/airflow/example_dags/plugins/workday.py took 0.062 seconds
[2023-05-19 15:25:39,226] {processor.py:153} INFO - Started process (PID=3303) to work on /Users/marianaoliveira/Downloads/alura1/venv/lib/python3.10/site-packages/airflow/example_dags/plugins/workday.py
[2023-05-19 15:25:39,226] {processor.py:641} INFO - Processing file /Users/marianaoliveira/Downloads/alura1/venv/lib/python3.10/site-packages/airflow/example_dags/plugins/workday.py for tasks to queue
[2023-05-19 15:25:39,226] {logging_mixin.py:115} INFO - [2023-05-19 15:25:39,226] {dagbag.py:507} INFO - Filling up the DagBag from /Users/marianaoliveira/Downloads/alura1/venv/lib/python3.10/site-packages/airflow/example_dags/plugins/workday.py
[2023-05-19 15:25:39,227] {processor.py:653} WARNING - No viable dags retrieved from /Users/marianaoliveira/Downloads/alura1/venv/lib/python3.10/site-packages/airflow/example_dags/plugins/workday.py
[2023-05-19 15:25:39,272] {processor.py:161} INFO - Processing /Users/marianaoliveira/Downloads/alura1/venv/lib/python3.10/site-packages/airflow/example_dags/plugins/workday.py took 0.047 seconds
[2023-05-19 15:27:06,345] {processor.py:153} INFO - Started process (PID=3362) to work on /Users/marianaoliveira/Downloads/alura1/venv/lib/python3.10/site-packages/airflow/example_dags/plugins/workday.py
[2023-05-19 15:27:06,345] {processor.py:641} INFO - Processing file /Users/marianaoliveira/Downloads/alura1/venv/lib/python3.10/site-packages/airflow/example_dags/plugins/workday.py for tasks to queue
[2023-05-19 15:27:06,345] {logging_mixin.py:115} INFO - [2023-05-19 15:27:06,345] {dagbag.py:507} INFO - Filling up the DagBag from /Users/marianaoliveira/Downloads/alura1/venv/lib/python3.10/site-packages/airflow/example_dags/plugins/workday.py
[2023-05-19 15:27:06,346] {processor.py:653} WARNING - No viable dags retrieved from /Users/marianaoliveira/Downloads/alura1/venv/lib/python3.10/site-packages/airflow/example_dags/plugins/workday.py
[2023-05-19 15:27:06,401] {processor.py:161} INFO - Processing /Users/marianaoliveira/Downloads/alura1/venv/lib/python3.10/site-packages/airflow/example_dags/plugins/workday.py took 0.057 seconds
[2023-05-19 15:28:09,165] {processor.py:153} INFO - Started process (PID=3404) to work on /Users/marianaoliveira/Downloads/alura1/venv/lib/python3.10/site-packages/airflow/example_dags/plugins/workday.py
[2023-05-19 15:28:09,165] {processor.py:641} INFO - Processing file /Users/marianaoliveira/Downloads/alura1/venv/lib/python3.10/site-packages/airflow/example_dags/plugins/workday.py for tasks to queue
[2023-05-19 15:28:09,166] {logging_mixin.py:115} INFO - [2023-05-19 15:28:09,166] {dagbag.py:507} INFO - Filling up the DagBag from /Users/marianaoliveira/Downloads/alura1/venv/lib/python3.10/site-packages/airflow/example_dags/plugins/workday.py
[2023-05-19 15:28:09,167] {processor.py:653} WARNING - No viable dags retrieved from /Users/marianaoliveira/Downloads/alura1/venv/lib/python3.10/site-packages/airflow/example_dags/plugins/workday.py
[2023-05-19 15:28:09,225] {processor.py:161} INFO - Processing /Users/marianaoliveira/Downloads/alura1/venv/lib/python3.10/site-packages/airflow/example_dags/plugins/workday.py took 0.061 seconds
[2023-05-19 15:29:19,508] {processor.py:153} INFO - Started process (PID=3440) to work on /Users/marianaoliveira/Downloads/alura1/venv/lib/python3.10/site-packages/airflow/example_dags/plugins/workday.py
[2023-05-19 15:29:19,509] {processor.py:641} INFO - Processing file /Users/marianaoliveira/Downloads/alura1/venv/lib/python3.10/site-packages/airflow/example_dags/plugins/workday.py for tasks to queue
[2023-05-19 15:29:19,509] {logging_mixin.py:115} INFO - [2023-05-19 15:29:19,509] {dagbag.py:507} INFO - Filling up the DagBag from /Users/marianaoliveira/Downloads/alura1/venv/lib/python3.10/site-packages/airflow/example_dags/plugins/workday.py
[2023-05-19 15:29:19,510] {processor.py:653} WARNING - No viable dags retrieved from /Users/marianaoliveira/Downloads/alura1/venv/lib/python3.10/site-packages/airflow/example_dags/plugins/workday.py
[2023-05-19 15:29:19,596] {processor.py:161} INFO - Processing /Users/marianaoliveira/Downloads/alura1/venv/lib/python3.10/site-packages/airflow/example_dags/plugins/workday.py took 0.088 seconds
[2023-05-19 15:30:28,199] {processor.py:153} INFO - Started process (PID=3488) to work on /Users/marianaoliveira/Downloads/alura1/venv/lib/python3.10/site-packages/airflow/example_dags/plugins/workday.py
[2023-05-19 15:30:28,199] {processor.py:641} INFO - Processing file /Users/marianaoliveira/Downloads/alura1/venv/lib/python3.10/site-packages/airflow/example_dags/plugins/workday.py for tasks to queue
[2023-05-19 15:30:28,200] {logging_mixin.py:115} INFO - [2023-05-19 15:30:28,200] {dagbag.py:507} INFO - Filling up the DagBag from /Users/marianaoliveira/Downloads/alura1/venv/lib/python3.10/site-packages/airflow/example_dags/plugins/workday.py
[2023-05-19 15:30:28,201] {processor.py:653} WARNING - No viable dags retrieved from /Users/marianaoliveira/Downloads/alura1/venv/lib/python3.10/site-packages/airflow/example_dags/plugins/workday.py
[2023-05-19 15:30:28,248] {processor.py:161} INFO - Processing /Users/marianaoliveira/Downloads/alura1/venv/lib/python3.10/site-packages/airflow/example_dags/plugins/workday.py took 0.050 seconds
[2023-05-19 16:28:37,578] {processor.py:153} INFO - Started process (PID=6039) to work on /Users/marianaoliveira/Downloads/alura1/venv/lib/python3.10/site-packages/airflow/example_dags/plugins/workday.py
[2023-05-19 16:28:37,581] {processor.py:641} INFO - Processing file /Users/marianaoliveira/Downloads/alura1/venv/lib/python3.10/site-packages/airflow/example_dags/plugins/workday.py for tasks to queue
[2023-05-19 16:28:37,582] {logging_mixin.py:115} INFO - [2023-05-19 16:28:37,582] {dagbag.py:507} INFO - Filling up the DagBag from /Users/marianaoliveira/Downloads/alura1/venv/lib/python3.10/site-packages/airflow/example_dags/plugins/workday.py
[2023-05-19 16:28:37,586] {processor.py:653} WARNING - No viable dags retrieved from /Users/marianaoliveira/Downloads/alura1/venv/lib/python3.10/site-packages/airflow/example_dags/plugins/workday.py
[2023-05-19 16:28:37,802] {processor.py:161} INFO - Processing /Users/marianaoliveira/Downloads/alura1/venv/lib/python3.10/site-packages/airflow/example_dags/plugins/workday.py took 0.241 seconds
[2023-05-19 16:30:39,862] {processor.py:153} INFO - Started process (PID=6103) to work on /Users/marianaoliveira/Downloads/alura1/venv/lib/python3.10/site-packages/airflow/example_dags/plugins/workday.py
[2023-05-19 16:30:39,868] {processor.py:641} INFO - Processing file /Users/marianaoliveira/Downloads/alura1/venv/lib/python3.10/site-packages/airflow/example_dags/plugins/workday.py for tasks to queue
[2023-05-19 16:30:39,869] {logging_mixin.py:115} INFO - [2023-05-19 16:30:39,869] {dagbag.py:507} INFO - Filling up the DagBag from /Users/marianaoliveira/Downloads/alura1/venv/lib/python3.10/site-packages/airflow/example_dags/plugins/workday.py
[2023-05-19 16:30:39,876] {processor.py:653} WARNING - No viable dags retrieved from /Users/marianaoliveira/Downloads/alura1/venv/lib/python3.10/site-packages/airflow/example_dags/plugins/workday.py
[2023-05-19 16:30:39,999] {processor.py:161} INFO - Processing /Users/marianaoliveira/Downloads/alura1/venv/lib/python3.10/site-packages/airflow/example_dags/plugins/workday.py took 0.138 seconds
[2023-05-19 16:32:40,274] {processor.py:153} INFO - Started process (PID=6180) to work on /Users/marianaoliveira/Downloads/alura1/venv/lib/python3.10/site-packages/airflow/example_dags/plugins/workday.py
[2023-05-19 16:32:40,275] {processor.py:641} INFO - Processing file /Users/marianaoliveira/Downloads/alura1/venv/lib/python3.10/site-packages/airflow/example_dags/plugins/workday.py for tasks to queue
[2023-05-19 16:32:40,276] {logging_mixin.py:115} INFO - [2023-05-19 16:32:40,276] {dagbag.py:507} INFO - Filling up the DagBag from /Users/marianaoliveira/Downloads/alura1/venv/lib/python3.10/site-packages/airflow/example_dags/plugins/workday.py
[2023-05-19 16:32:40,280] {processor.py:653} WARNING - No viable dags retrieved from /Users/marianaoliveira/Downloads/alura1/venv/lib/python3.10/site-packages/airflow/example_dags/plugins/workday.py
[2023-05-19 16:32:40,345] {processor.py:161} INFO - Processing /Users/marianaoliveira/Downloads/alura1/venv/lib/python3.10/site-packages/airflow/example_dags/plugins/workday.py took 0.072 seconds
[2023-05-19 16:35:48,388] {processor.py:153} INFO - Started process (PID=6288) to work on /Users/marianaoliveira/Downloads/alura1/venv/lib/python3.10/site-packages/airflow/example_dags/plugins/workday.py
[2023-05-19 16:35:48,388] {processor.py:641} INFO - Processing file /Users/marianaoliveira/Downloads/alura1/venv/lib/python3.10/site-packages/airflow/example_dags/plugins/workday.py for tasks to queue
[2023-05-19 16:35:48,389] {logging_mixin.py:115} INFO - [2023-05-19 16:35:48,389] {dagbag.py:507} INFO - Filling up the DagBag from /Users/marianaoliveira/Downloads/alura1/venv/lib/python3.10/site-packages/airflow/example_dags/plugins/workday.py
[2023-05-19 16:35:48,393] {processor.py:653} WARNING - No viable dags retrieved from /Users/marianaoliveira/Downloads/alura1/venv/lib/python3.10/site-packages/airflow/example_dags/plugins/workday.py
[2023-05-19 16:35:48,466] {processor.py:161} INFO - Processing /Users/marianaoliveira/Downloads/alura1/venv/lib/python3.10/site-packages/airflow/example_dags/plugins/workday.py took 0.079 seconds
[2023-05-19 16:37:15,821] {processor.py:153} INFO - Started process (PID=6321) to work on /Users/marianaoliveira/Downloads/alura1/venv/lib/python3.10/site-packages/airflow/example_dags/plugins/workday.py
[2023-05-19 16:37:15,823] {processor.py:641} INFO - Processing file /Users/marianaoliveira/Downloads/alura1/venv/lib/python3.10/site-packages/airflow/example_dags/plugins/workday.py for tasks to queue
[2023-05-19 16:37:15,827] {logging_mixin.py:115} INFO - [2023-05-19 16:37:15,826] {dagbag.py:507} INFO - Filling up the DagBag from /Users/marianaoliveira/Downloads/alura1/venv/lib/python3.10/site-packages/airflow/example_dags/plugins/workday.py
[2023-05-19 16:37:15,831] {processor.py:653} WARNING - No viable dags retrieved from /Users/marianaoliveira/Downloads/alura1/venv/lib/python3.10/site-packages/airflow/example_dags/plugins/workday.py
[2023-05-19 16:37:15,907] {processor.py:161} INFO - Processing /Users/marianaoliveira/Downloads/alura1/venv/lib/python3.10/site-packages/airflow/example_dags/plugins/workday.py took 0.087 seconds
[2023-05-19 16:40:35,812] {processor.py:153} INFO - Started process (PID=6494) to work on /Users/marianaoliveira/Downloads/alura1/venv/lib/python3.10/site-packages/airflow/example_dags/plugins/workday.py
[2023-05-19 16:40:35,813] {processor.py:641} INFO - Processing file /Users/marianaoliveira/Downloads/alura1/venv/lib/python3.10/site-packages/airflow/example_dags/plugins/workday.py for tasks to queue
[2023-05-19 16:40:35,814] {logging_mixin.py:115} INFO - [2023-05-19 16:40:35,814] {dagbag.py:507} INFO - Filling up the DagBag from /Users/marianaoliveira/Downloads/alura1/venv/lib/python3.10/site-packages/airflow/example_dags/plugins/workday.py
[2023-05-19 16:40:35,822] {processor.py:653} WARNING - No viable dags retrieved from /Users/marianaoliveira/Downloads/alura1/venv/lib/python3.10/site-packages/airflow/example_dags/plugins/workday.py
[2023-05-19 16:40:36,050] {processor.py:161} INFO - Processing /Users/marianaoliveira/Downloads/alura1/venv/lib/python3.10/site-packages/airflow/example_dags/plugins/workday.py took 0.239 seconds
[2023-05-19 16:50:05,747] {processor.py:153} INFO - Started process (PID=6653) to work on /Users/marianaoliveira/Downloads/alura1/venv/lib/python3.10/site-packages/airflow/example_dags/plugins/workday.py
[2023-05-19 16:50:05,748] {processor.py:641} INFO - Processing file /Users/marianaoliveira/Downloads/alura1/venv/lib/python3.10/site-packages/airflow/example_dags/plugins/workday.py for tasks to queue
[2023-05-19 16:50:05,751] {logging_mixin.py:115} INFO - [2023-05-19 16:50:05,750] {dagbag.py:507} INFO - Filling up the DagBag from /Users/marianaoliveira/Downloads/alura1/venv/lib/python3.10/site-packages/airflow/example_dags/plugins/workday.py
[2023-05-19 16:50:05,756] {processor.py:653} WARNING - No viable dags retrieved from /Users/marianaoliveira/Downloads/alura1/venv/lib/python3.10/site-packages/airflow/example_dags/plugins/workday.py
[2023-05-19 16:50:06,115] {processor.py:161} INFO - Processing /Users/marianaoliveira/Downloads/alura1/venv/lib/python3.10/site-packages/airflow/example_dags/plugins/workday.py took 0.378 seconds
[2023-05-19 16:53:08,534] {processor.py:153} INFO - Started process (PID=6822) to work on /Users/marianaoliveira/Downloads/alura1/venv/lib/python3.10/site-packages/airflow/example_dags/plugins/workday.py
[2023-05-19 16:53:08,536] {processor.py:641} INFO - Processing file /Users/marianaoliveira/Downloads/alura1/venv/lib/python3.10/site-packages/airflow/example_dags/plugins/workday.py for tasks to queue
[2023-05-19 16:53:08,537] {logging_mixin.py:115} INFO - [2023-05-19 16:53:08,537] {dagbag.py:507} INFO - Filling up the DagBag from /Users/marianaoliveira/Downloads/alura1/venv/lib/python3.10/site-packages/airflow/example_dags/plugins/workday.py
[2023-05-19 16:53:08,542] {processor.py:653} WARNING - No viable dags retrieved from /Users/marianaoliveira/Downloads/alura1/venv/lib/python3.10/site-packages/airflow/example_dags/plugins/workday.py
[2023-05-19 16:53:08,676] {processor.py:161} INFO - Processing /Users/marianaoliveira/Downloads/alura1/venv/lib/python3.10/site-packages/airflow/example_dags/plugins/workday.py took 0.143 seconds
[2023-05-19 16:56:04,640] {processor.py:153} INFO - Started process (PID=7005) to work on /Users/marianaoliveira/Downloads/alura1/venv/lib/python3.10/site-packages/airflow/example_dags/plugins/workday.py
[2023-05-19 16:56:04,641] {processor.py:641} INFO - Processing file /Users/marianaoliveira/Downloads/alura1/venv/lib/python3.10/site-packages/airflow/example_dags/plugins/workday.py for tasks to queue
[2023-05-19 16:56:04,642] {logging_mixin.py:115} INFO - [2023-05-19 16:56:04,642] {dagbag.py:507} INFO - Filling up the DagBag from /Users/marianaoliveira/Downloads/alura1/venv/lib/python3.10/site-packages/airflow/example_dags/plugins/workday.py
[2023-05-19 16:56:04,646] {processor.py:653} WARNING - No viable dags retrieved from /Users/marianaoliveira/Downloads/alura1/venv/lib/python3.10/site-packages/airflow/example_dags/plugins/workday.py
[2023-05-19 16:56:04,717] {processor.py:161} INFO - Processing /Users/marianaoliveira/Downloads/alura1/venv/lib/python3.10/site-packages/airflow/example_dags/plugins/workday.py took 0.079 seconds
[2023-05-19 16:57:33,864] {processor.py:153} INFO - Started process (PID=7038) to work on /Users/marianaoliveira/Downloads/alura1/venv/lib/python3.10/site-packages/airflow/example_dags/plugins/workday.py
[2023-05-19 16:57:33,869] {processor.py:641} INFO - Processing file /Users/marianaoliveira/Downloads/alura1/venv/lib/python3.10/site-packages/airflow/example_dags/plugins/workday.py for tasks to queue
[2023-05-19 16:57:33,869] {logging_mixin.py:115} INFO - [2023-05-19 16:57:33,869] {dagbag.py:507} INFO - Filling up the DagBag from /Users/marianaoliveira/Downloads/alura1/venv/lib/python3.10/site-packages/airflow/example_dags/plugins/workday.py
[2023-05-19 16:57:33,883] {processor.py:653} WARNING - No viable dags retrieved from /Users/marianaoliveira/Downloads/alura1/venv/lib/python3.10/site-packages/airflow/example_dags/plugins/workday.py
[2023-05-19 16:57:34,033] {processor.py:161} INFO - Processing /Users/marianaoliveira/Downloads/alura1/venv/lib/python3.10/site-packages/airflow/example_dags/plugins/workday.py took 0.170 seconds
[2023-05-19 16:59:07,525] {processor.py:153} INFO - Started process (PID=7084) to work on /Users/marianaoliveira/Downloads/alura1/venv/lib/python3.10/site-packages/airflow/example_dags/plugins/workday.py
[2023-05-19 16:59:07,526] {processor.py:641} INFO - Processing file /Users/marianaoliveira/Downloads/alura1/venv/lib/python3.10/site-packages/airflow/example_dags/plugins/workday.py for tasks to queue
[2023-05-19 16:59:07,531] {logging_mixin.py:115} INFO - [2023-05-19 16:59:07,530] {dagbag.py:507} INFO - Filling up the DagBag from /Users/marianaoliveira/Downloads/alura1/venv/lib/python3.10/site-packages/airflow/example_dags/plugins/workday.py
[2023-05-19 16:59:07,532] {processor.py:653} WARNING - No viable dags retrieved from /Users/marianaoliveira/Downloads/alura1/venv/lib/python3.10/site-packages/airflow/example_dags/plugins/workday.py
[2023-05-19 16:59:07,610] {processor.py:161} INFO - Processing /Users/marianaoliveira/Downloads/alura1/venv/lib/python3.10/site-packages/airflow/example_dags/plugins/workday.py took 0.086 seconds
[2023-05-19 17:00:39,773] {processor.py:153} INFO - Started process (PID=7128) to work on /Users/marianaoliveira/Downloads/alura1/venv/lib/python3.10/site-packages/airflow/example_dags/plugins/workday.py
[2023-05-19 17:00:39,774] {processor.py:641} INFO - Processing file /Users/marianaoliveira/Downloads/alura1/venv/lib/python3.10/site-packages/airflow/example_dags/plugins/workday.py for tasks to queue
[2023-05-19 17:00:39,784] {logging_mixin.py:115} INFO - [2023-05-19 17:00:39,774] {dagbag.py:507} INFO - Filling up the DagBag from /Users/marianaoliveira/Downloads/alura1/venv/lib/python3.10/site-packages/airflow/example_dags/plugins/workday.py
[2023-05-19 17:00:39,791] {processor.py:653} WARNING - No viable dags retrieved from /Users/marianaoliveira/Downloads/alura1/venv/lib/python3.10/site-packages/airflow/example_dags/plugins/workday.py
[2023-05-19 17:00:39,863] {processor.py:161} INFO - Processing /Users/marianaoliveira/Downloads/alura1/venv/lib/python3.10/site-packages/airflow/example_dags/plugins/workday.py took 0.092 seconds
[2023-05-19 17:02:15,237] {processor.py:153} INFO - Started process (PID=7174) to work on /Users/marianaoliveira/Downloads/alura1/venv/lib/python3.10/site-packages/airflow/example_dags/plugins/workday.py
[2023-05-19 17:02:15,238] {processor.py:641} INFO - Processing file /Users/marianaoliveira/Downloads/alura1/venv/lib/python3.10/site-packages/airflow/example_dags/plugins/workday.py for tasks to queue
[2023-05-19 17:02:15,239] {logging_mixin.py:115} INFO - [2023-05-19 17:02:15,239] {dagbag.py:507} INFO - Filling up the DagBag from /Users/marianaoliveira/Downloads/alura1/venv/lib/python3.10/site-packages/airflow/example_dags/plugins/workday.py
[2023-05-19 17:02:15,244] {processor.py:653} WARNING - No viable dags retrieved from /Users/marianaoliveira/Downloads/alura1/venv/lib/python3.10/site-packages/airflow/example_dags/plugins/workday.py
[2023-05-19 17:02:15,319] {processor.py:161} INFO - Processing /Users/marianaoliveira/Downloads/alura1/venv/lib/python3.10/site-packages/airflow/example_dags/plugins/workday.py took 0.084 seconds
[2023-05-19 17:04:45,808] {processor.py:153} INFO - Started process (PID=7306) to work on /Users/marianaoliveira/Downloads/alura1/venv/lib/python3.10/site-packages/airflow/example_dags/plugins/workday.py
[2023-05-19 17:04:45,809] {processor.py:641} INFO - Processing file /Users/marianaoliveira/Downloads/alura1/venv/lib/python3.10/site-packages/airflow/example_dags/plugins/workday.py for tasks to queue
[2023-05-19 17:04:45,810] {logging_mixin.py:115} INFO - [2023-05-19 17:04:45,810] {dagbag.py:507} INFO - Filling up the DagBag from /Users/marianaoliveira/Downloads/alura1/venv/lib/python3.10/site-packages/airflow/example_dags/plugins/workday.py
[2023-05-19 17:04:45,814] {processor.py:653} WARNING - No viable dags retrieved from /Users/marianaoliveira/Downloads/alura1/venv/lib/python3.10/site-packages/airflow/example_dags/plugins/workday.py
[2023-05-19 17:04:46,112] {processor.py:161} INFO - Processing /Users/marianaoliveira/Downloads/alura1/venv/lib/python3.10/site-packages/airflow/example_dags/plugins/workday.py took 0.305 seconds
[2023-05-19 17:29:31,182] {processor.py:153} INFO - Started process (PID=7710) to work on /Users/marianaoliveira/Downloads/alura1/venv/lib/python3.10/site-packages/airflow/example_dags/plugins/workday.py
[2023-05-19 17:29:31,184] {processor.py:641} INFO - Processing file /Users/marianaoliveira/Downloads/alura1/venv/lib/python3.10/site-packages/airflow/example_dags/plugins/workday.py for tasks to queue
[2023-05-19 17:29:31,185] {logging_mixin.py:115} INFO - [2023-05-19 17:29:31,185] {dagbag.py:507} INFO - Filling up the DagBag from /Users/marianaoliveira/Downloads/alura1/venv/lib/python3.10/site-packages/airflow/example_dags/plugins/workday.py
[2023-05-19 17:29:31,189] {processor.py:653} WARNING - No viable dags retrieved from /Users/marianaoliveira/Downloads/alura1/venv/lib/python3.10/site-packages/airflow/example_dags/plugins/workday.py
[2023-05-19 17:29:31,543] {processor.py:161} INFO - Processing /Users/marianaoliveira/Downloads/alura1/venv/lib/python3.10/site-packages/airflow/example_dags/plugins/workday.py took 0.362 seconds
[2023-05-19 17:31:47,769] {processor.py:153} INFO - Started process (PID=7778) to work on /Users/marianaoliveira/Downloads/alura1/venv/lib/python3.10/site-packages/airflow/example_dags/plugins/workday.py
[2023-05-19 17:31:47,770] {processor.py:641} INFO - Processing file /Users/marianaoliveira/Downloads/alura1/venv/lib/python3.10/site-packages/airflow/example_dags/plugins/workday.py for tasks to queue
[2023-05-19 17:31:47,772] {logging_mixin.py:115} INFO - [2023-05-19 17:31:47,772] {dagbag.py:507} INFO - Filling up the DagBag from /Users/marianaoliveira/Downloads/alura1/venv/lib/python3.10/site-packages/airflow/example_dags/plugins/workday.py
[2023-05-19 17:31:47,776] {processor.py:653} WARNING - No viable dags retrieved from /Users/marianaoliveira/Downloads/alura1/venv/lib/python3.10/site-packages/airflow/example_dags/plugins/workday.py
[2023-05-19 17:31:47,872] {processor.py:161} INFO - Processing /Users/marianaoliveira/Downloads/alura1/venv/lib/python3.10/site-packages/airflow/example_dags/plugins/workday.py took 0.105 seconds
[2023-05-19 17:34:28,939] {processor.py:153} INFO - Started process (PID=7848) to work on /Users/marianaoliveira/Downloads/alura1/venv/lib/python3.10/site-packages/airflow/example_dags/plugins/workday.py
[2023-05-19 17:34:28,940] {processor.py:641} INFO - Processing file /Users/marianaoliveira/Downloads/alura1/venv/lib/python3.10/site-packages/airflow/example_dags/plugins/workday.py for tasks to queue
[2023-05-19 17:34:28,941] {logging_mixin.py:115} INFO - [2023-05-19 17:34:28,940] {dagbag.py:507} INFO - Filling up the DagBag from /Users/marianaoliveira/Downloads/alura1/venv/lib/python3.10/site-packages/airflow/example_dags/plugins/workday.py
[2023-05-19 17:34:28,948] {processor.py:653} WARNING - No viable dags retrieved from /Users/marianaoliveira/Downloads/alura1/venv/lib/python3.10/site-packages/airflow/example_dags/plugins/workday.py
[2023-05-19 17:34:29,035] {processor.py:161} INFO - Processing /Users/marianaoliveira/Downloads/alura1/venv/lib/python3.10/site-packages/airflow/example_dags/plugins/workday.py took 0.098 seconds
[2023-05-19 17:36:59,868] {processor.py:153} INFO - Started process (PID=7901) to work on /Users/marianaoliveira/Downloads/alura1/venv/lib/python3.10/site-packages/airflow/example_dags/plugins/workday.py
[2023-05-19 17:36:59,870] {processor.py:641} INFO - Processing file /Users/marianaoliveira/Downloads/alura1/venv/lib/python3.10/site-packages/airflow/example_dags/plugins/workday.py for tasks to queue
[2023-05-19 17:36:59,871] {logging_mixin.py:115} INFO - [2023-05-19 17:36:59,870] {dagbag.py:507} INFO - Filling up the DagBag from /Users/marianaoliveira/Downloads/alura1/venv/lib/python3.10/site-packages/airflow/example_dags/plugins/workday.py
[2023-05-19 17:36:59,874] {processor.py:653} WARNING - No viable dags retrieved from /Users/marianaoliveira/Downloads/alura1/venv/lib/python3.10/site-packages/airflow/example_dags/plugins/workday.py
[2023-05-19 17:36:59,954] {processor.py:161} INFO - Processing /Users/marianaoliveira/Downloads/alura1/venv/lib/python3.10/site-packages/airflow/example_dags/plugins/workday.py took 0.087 seconds
[2023-05-19 17:38:48,324] {processor.py:153} INFO - Started process (PID=7950) to work on /Users/marianaoliveira/Downloads/alura1/venv/lib/python3.10/site-packages/airflow/example_dags/plugins/workday.py
[2023-05-19 17:38:48,325] {processor.py:641} INFO - Processing file /Users/marianaoliveira/Downloads/alura1/venv/lib/python3.10/site-packages/airflow/example_dags/plugins/workday.py for tasks to queue
[2023-05-19 17:38:48,325] {logging_mixin.py:115} INFO - [2023-05-19 17:38:48,325] {dagbag.py:507} INFO - Filling up the DagBag from /Users/marianaoliveira/Downloads/alura1/venv/lib/python3.10/site-packages/airflow/example_dags/plugins/workday.py
[2023-05-19 17:38:48,333] {processor.py:653} WARNING - No viable dags retrieved from /Users/marianaoliveira/Downloads/alura1/venv/lib/python3.10/site-packages/airflow/example_dags/plugins/workday.py
[2023-05-19 17:38:48,447] {processor.py:161} INFO - Processing /Users/marianaoliveira/Downloads/alura1/venv/lib/python3.10/site-packages/airflow/example_dags/plugins/workday.py took 0.125 seconds
[2023-05-19 17:43:30,809] {processor.py:153} INFO - Started process (PID=8058) to work on /Users/marianaoliveira/Downloads/alura1/venv/lib/python3.10/site-packages/airflow/example_dags/plugins/workday.py
[2023-05-19 17:43:30,810] {processor.py:641} INFO - Processing file /Users/marianaoliveira/Downloads/alura1/venv/lib/python3.10/site-packages/airflow/example_dags/plugins/workday.py for tasks to queue
[2023-05-19 17:43:30,811] {logging_mixin.py:115} INFO - [2023-05-19 17:43:30,811] {dagbag.py:507} INFO - Filling up the DagBag from /Users/marianaoliveira/Downloads/alura1/venv/lib/python3.10/site-packages/airflow/example_dags/plugins/workday.py
[2023-05-19 17:43:30,816] {processor.py:653} WARNING - No viable dags retrieved from /Users/marianaoliveira/Downloads/alura1/venv/lib/python3.10/site-packages/airflow/example_dags/plugins/workday.py
[2023-05-19 17:43:31,044] {processor.py:161} INFO - Processing /Users/marianaoliveira/Downloads/alura1/venv/lib/python3.10/site-packages/airflow/example_dags/plugins/workday.py took 0.236 seconds
[2023-05-19 17:46:22,313] {processor.py:153} INFO - Started process (PID=8135) to work on /Users/marianaoliveira/Downloads/alura1/venv/lib/python3.10/site-packages/airflow/example_dags/plugins/workday.py
[2023-05-19 17:46:22,314] {processor.py:641} INFO - Processing file /Users/marianaoliveira/Downloads/alura1/venv/lib/python3.10/site-packages/airflow/example_dags/plugins/workday.py for tasks to queue
[2023-05-19 17:46:22,315] {logging_mixin.py:115} INFO - [2023-05-19 17:46:22,315] {dagbag.py:507} INFO - Filling up the DagBag from /Users/marianaoliveira/Downloads/alura1/venv/lib/python3.10/site-packages/airflow/example_dags/plugins/workday.py
[2023-05-19 17:46:22,319] {processor.py:653} WARNING - No viable dags retrieved from /Users/marianaoliveira/Downloads/alura1/venv/lib/python3.10/site-packages/airflow/example_dags/plugins/workday.py
[2023-05-19 17:46:22,407] {processor.py:161} INFO - Processing /Users/marianaoliveira/Downloads/alura1/venv/lib/python3.10/site-packages/airflow/example_dags/plugins/workday.py took 0.095 seconds
[2023-05-19 17:48:19,558] {processor.py:153} INFO - Started process (PID=8185) to work on /Users/marianaoliveira/Downloads/alura1/venv/lib/python3.10/site-packages/airflow/example_dags/plugins/workday.py
[2023-05-19 17:48:19,559] {processor.py:641} INFO - Processing file /Users/marianaoliveira/Downloads/alura1/venv/lib/python3.10/site-packages/airflow/example_dags/plugins/workday.py for tasks to queue
[2023-05-19 17:48:19,560] {logging_mixin.py:115} INFO - [2023-05-19 17:48:19,560] {dagbag.py:507} INFO - Filling up the DagBag from /Users/marianaoliveira/Downloads/alura1/venv/lib/python3.10/site-packages/airflow/example_dags/plugins/workday.py
[2023-05-19 17:48:19,561] {processor.py:653} WARNING - No viable dags retrieved from /Users/marianaoliveira/Downloads/alura1/venv/lib/python3.10/site-packages/airflow/example_dags/plugins/workday.py
[2023-05-19 17:48:19,678] {processor.py:161} INFO - Processing /Users/marianaoliveira/Downloads/alura1/venv/lib/python3.10/site-packages/airflow/example_dags/plugins/workday.py took 0.121 seconds
[2023-05-19 17:49:41,646] {processor.py:153} INFO - Started process (PID=8220) to work on /Users/marianaoliveira/Downloads/alura1/venv/lib/python3.10/site-packages/airflow/example_dags/plugins/workday.py
[2023-05-19 17:49:41,647] {processor.py:641} INFO - Processing file /Users/marianaoliveira/Downloads/alura1/venv/lib/python3.10/site-packages/airflow/example_dags/plugins/workday.py for tasks to queue
[2023-05-19 17:49:41,648] {logging_mixin.py:115} INFO - [2023-05-19 17:49:41,648] {dagbag.py:507} INFO - Filling up the DagBag from /Users/marianaoliveira/Downloads/alura1/venv/lib/python3.10/site-packages/airflow/example_dags/plugins/workday.py
[2023-05-19 17:49:41,651] {processor.py:653} WARNING - No viable dags retrieved from /Users/marianaoliveira/Downloads/alura1/venv/lib/python3.10/site-packages/airflow/example_dags/plugins/workday.py
[2023-05-19 17:49:41,749] {processor.py:161} INFO - Processing /Users/marianaoliveira/Downloads/alura1/venv/lib/python3.10/site-packages/airflow/example_dags/plugins/workday.py took 0.104 seconds
[2023-05-19 17:51:30,744] {processor.py:153} INFO - Started process (PID=8289) to work on /Users/marianaoliveira/Downloads/alura1/venv/lib/python3.10/site-packages/airflow/example_dags/plugins/workday.py
[2023-05-19 17:51:30,745] {processor.py:641} INFO - Processing file /Users/marianaoliveira/Downloads/alura1/venv/lib/python3.10/site-packages/airflow/example_dags/plugins/workday.py for tasks to queue
[2023-05-19 17:51:30,746] {logging_mixin.py:115} INFO - [2023-05-19 17:51:30,746] {dagbag.py:507} INFO - Filling up the DagBag from /Users/marianaoliveira/Downloads/alura1/venv/lib/python3.10/site-packages/airflow/example_dags/plugins/workday.py
[2023-05-19 17:51:30,770] {processor.py:653} WARNING - No viable dags retrieved from /Users/marianaoliveira/Downloads/alura1/venv/lib/python3.10/site-packages/airflow/example_dags/plugins/workday.py
[2023-05-19 17:51:31,005] {processor.py:161} INFO - Processing /Users/marianaoliveira/Downloads/alura1/venv/lib/python3.10/site-packages/airflow/example_dags/plugins/workday.py took 0.264 seconds
[2023-05-19 17:53:15,984] {processor.py:153} INFO - Started process (PID=8365) to work on /Users/marianaoliveira/Downloads/alura1/venv/lib/python3.10/site-packages/airflow/example_dags/plugins/workday.py
[2023-05-19 17:53:15,984] {processor.py:641} INFO - Processing file /Users/marianaoliveira/Downloads/alura1/venv/lib/python3.10/site-packages/airflow/example_dags/plugins/workday.py for tasks to queue
[2023-05-19 17:53:15,985] {logging_mixin.py:115} INFO - [2023-05-19 17:53:15,985] {dagbag.py:507} INFO - Filling up the DagBag from /Users/marianaoliveira/Downloads/alura1/venv/lib/python3.10/site-packages/airflow/example_dags/plugins/workday.py
[2023-05-19 17:53:15,987] {processor.py:653} WARNING - No viable dags retrieved from /Users/marianaoliveira/Downloads/alura1/venv/lib/python3.10/site-packages/airflow/example_dags/plugins/workday.py
[2023-05-19 17:53:16,163] {processor.py:161} INFO - Processing /Users/marianaoliveira/Downloads/alura1/venv/lib/python3.10/site-packages/airflow/example_dags/plugins/workday.py took 0.184 seconds
[2023-05-19 17:55:05,560] {processor.py:153} INFO - Started process (PID=8471) to work on /Users/marianaoliveira/Downloads/alura1/venv/lib/python3.10/site-packages/airflow/example_dags/plugins/workday.py
[2023-05-19 17:55:05,561] {processor.py:641} INFO - Processing file /Users/marianaoliveira/Downloads/alura1/venv/lib/python3.10/site-packages/airflow/example_dags/plugins/workday.py for tasks to queue
[2023-05-19 17:55:05,562] {logging_mixin.py:115} INFO - [2023-05-19 17:55:05,562] {dagbag.py:507} INFO - Filling up the DagBag from /Users/marianaoliveira/Downloads/alura1/venv/lib/python3.10/site-packages/airflow/example_dags/plugins/workday.py
[2023-05-19 17:55:05,566] {processor.py:653} WARNING - No viable dags retrieved from /Users/marianaoliveira/Downloads/alura1/venv/lib/python3.10/site-packages/airflow/example_dags/plugins/workday.py
[2023-05-19 17:55:05,634] {processor.py:161} INFO - Processing /Users/marianaoliveira/Downloads/alura1/venv/lib/python3.10/site-packages/airflow/example_dags/plugins/workday.py took 0.075 seconds
[2023-05-19 17:56:35,466] {processor.py:153} INFO - Started process (PID=8564) to work on /Users/marianaoliveira/Downloads/alura1/venv/lib/python3.10/site-packages/airflow/example_dags/plugins/workday.py
[2023-05-19 17:56:35,467] {processor.py:641} INFO - Processing file /Users/marianaoliveira/Downloads/alura1/venv/lib/python3.10/site-packages/airflow/example_dags/plugins/workday.py for tasks to queue
[2023-05-19 17:56:35,468] {logging_mixin.py:115} INFO - [2023-05-19 17:56:35,468] {dagbag.py:507} INFO - Filling up the DagBag from /Users/marianaoliveira/Downloads/alura1/venv/lib/python3.10/site-packages/airflow/example_dags/plugins/workday.py
[2023-05-19 17:56:35,472] {processor.py:653} WARNING - No viable dags retrieved from /Users/marianaoliveira/Downloads/alura1/venv/lib/python3.10/site-packages/airflow/example_dags/plugins/workday.py
[2023-05-19 17:56:35,592] {processor.py:161} INFO - Processing /Users/marianaoliveira/Downloads/alura1/venv/lib/python3.10/site-packages/airflow/example_dags/plugins/workday.py took 0.128 seconds
[2023-05-19 17:58:07,226] {processor.py:153} INFO - Started process (PID=8609) to work on /Users/marianaoliveira/Downloads/alura1/venv/lib/python3.10/site-packages/airflow/example_dags/plugins/workday.py
[2023-05-19 17:58:07,226] {processor.py:641} INFO - Processing file /Users/marianaoliveira/Downloads/alura1/venv/lib/python3.10/site-packages/airflow/example_dags/plugins/workday.py for tasks to queue
[2023-05-19 17:58:07,226] {logging_mixin.py:115} INFO - [2023-05-19 17:58:07,226] {dagbag.py:507} INFO - Filling up the DagBag from /Users/marianaoliveira/Downloads/alura1/venv/lib/python3.10/site-packages/airflow/example_dags/plugins/workday.py
[2023-05-19 17:58:07,230] {processor.py:653} WARNING - No viable dags retrieved from /Users/marianaoliveira/Downloads/alura1/venv/lib/python3.10/site-packages/airflow/example_dags/plugins/workday.py
[2023-05-19 17:58:07,340] {processor.py:161} INFO - Processing /Users/marianaoliveira/Downloads/alura1/venv/lib/python3.10/site-packages/airflow/example_dags/plugins/workday.py took 0.116 seconds
[2023-05-19 18:02:51,130] {processor.py:153} INFO - Started process (PID=8882) to work on /Users/marianaoliveira/Downloads/alura1/venv/lib/python3.10/site-packages/airflow/example_dags/plugins/workday.py
[2023-05-19 18:02:51,133] {processor.py:641} INFO - Processing file /Users/marianaoliveira/Downloads/alura1/venv/lib/python3.10/site-packages/airflow/example_dags/plugins/workday.py for tasks to queue
[2023-05-19 18:02:51,134] {logging_mixin.py:115} INFO - [2023-05-19 18:02:51,134] {dagbag.py:507} INFO - Filling up the DagBag from /Users/marianaoliveira/Downloads/alura1/venv/lib/python3.10/site-packages/airflow/example_dags/plugins/workday.py
[2023-05-19 18:02:51,143] {processor.py:653} WARNING - No viable dags retrieved from /Users/marianaoliveira/Downloads/alura1/venv/lib/python3.10/site-packages/airflow/example_dags/plugins/workday.py
[2023-05-19 18:02:51,363] {processor.py:161} INFO - Processing /Users/marianaoliveira/Downloads/alura1/venv/lib/python3.10/site-packages/airflow/example_dags/plugins/workday.py took 0.241 seconds
[2023-05-19 18:13:40,617] {processor.py:153} INFO - Started process (PID=9156) to work on /Users/marianaoliveira/Downloads/alura1/venv/lib/python3.10/site-packages/airflow/example_dags/plugins/workday.py
[2023-05-19 18:13:40,620] {processor.py:641} INFO - Processing file /Users/marianaoliveira/Downloads/alura1/venv/lib/python3.10/site-packages/airflow/example_dags/plugins/workday.py for tasks to queue
[2023-05-19 18:13:40,624] {logging_mixin.py:115} INFO - [2023-05-19 18:13:40,624] {dagbag.py:507} INFO - Filling up the DagBag from /Users/marianaoliveira/Downloads/alura1/venv/lib/python3.10/site-packages/airflow/example_dags/plugins/workday.py
[2023-05-19 18:13:40,627] {processor.py:653} WARNING - No viable dags retrieved from /Users/marianaoliveira/Downloads/alura1/venv/lib/python3.10/site-packages/airflow/example_dags/plugins/workday.py
[2023-05-19 18:13:40,702] {processor.py:161} INFO - Processing /Users/marianaoliveira/Downloads/alura1/venv/lib/python3.10/site-packages/airflow/example_dags/plugins/workday.py took 0.087 seconds
[2023-05-19 18:16:38,714] {processor.py:153} INFO - Started process (PID=9271) to work on /Users/marianaoliveira/Downloads/alura1/venv/lib/python3.10/site-packages/airflow/example_dags/plugins/workday.py
[2023-05-19 18:16:38,716] {processor.py:641} INFO - Processing file /Users/marianaoliveira/Downloads/alura1/venv/lib/python3.10/site-packages/airflow/example_dags/plugins/workday.py for tasks to queue
[2023-05-19 18:16:38,718] {logging_mixin.py:115} INFO - [2023-05-19 18:16:38,718] {dagbag.py:507} INFO - Filling up the DagBag from /Users/marianaoliveira/Downloads/alura1/venv/lib/python3.10/site-packages/airflow/example_dags/plugins/workday.py
[2023-05-19 18:16:38,722] {processor.py:653} WARNING - No viable dags retrieved from /Users/marianaoliveira/Downloads/alura1/venv/lib/python3.10/site-packages/airflow/example_dags/plugins/workday.py
[2023-05-19 18:16:38,856] {processor.py:161} INFO - Processing /Users/marianaoliveira/Downloads/alura1/venv/lib/python3.10/site-packages/airflow/example_dags/plugins/workday.py took 0.144 seconds
[2023-05-19 18:26:39,055] {processor.py:153} INFO - Started process (PID=9936) to work on /Users/marianaoliveira/Downloads/alura1/venv/lib/python3.10/site-packages/airflow/example_dags/plugins/workday.py
[2023-05-19 18:26:39,057] {processor.py:641} INFO - Processing file /Users/marianaoliveira/Downloads/alura1/venv/lib/python3.10/site-packages/airflow/example_dags/plugins/workday.py for tasks to queue
[2023-05-19 18:26:39,058] {logging_mixin.py:115} INFO - [2023-05-19 18:26:39,058] {dagbag.py:507} INFO - Filling up the DagBag from /Users/marianaoliveira/Downloads/alura1/venv/lib/python3.10/site-packages/airflow/example_dags/plugins/workday.py
[2023-05-19 18:26:39,062] {processor.py:653} WARNING - No viable dags retrieved from /Users/marianaoliveira/Downloads/alura1/venv/lib/python3.10/site-packages/airflow/example_dags/plugins/workday.py
[2023-05-19 18:26:39,243] {processor.py:161} INFO - Processing /Users/marianaoliveira/Downloads/alura1/venv/lib/python3.10/site-packages/airflow/example_dags/plugins/workday.py took 0.190 seconds
