[2023-05-19 18:19:46,659] {taskinstance.py:1159} INFO - Dependencies all met for <TaskInstance: TwitterDAG.transform_twitter_datascience scheduled__2023-05-15T00:00:00+00:00 [queued]>
[2023-05-19 18:19:46,680] {taskinstance.py:1159} INFO - Dependencies all met for <TaskInstance: TwitterDAG.transform_twitter_datascience scheduled__2023-05-15T00:00:00+00:00 [queued]>
[2023-05-19 18:19:46,680] {taskinstance.py:1356} INFO - 
--------------------------------------------------------------------------------
[2023-05-19 18:19:46,680] {taskinstance.py:1357} INFO - Starting attempt 1 of 1
[2023-05-19 18:19:46,680] {taskinstance.py:1358} INFO - 
--------------------------------------------------------------------------------
[2023-05-19 18:19:46,706] {taskinstance.py:1377} INFO - Executing <Task(SparkSubmitOperator): transform_twitter_datascience> on 2023-05-15 00:00:00+00:00
[2023-05-19 18:19:46,710] {standard_task_runner.py:52} INFO - Started process 9477 to run task
[2023-05-19 18:19:46,718] {standard_task_runner.py:79} INFO - Running: ['airflow', 'tasks', 'run', 'TwitterDAG', 'transform_twitter_datascience', 'scheduled__2023-05-15T00:00:00+00:00', '--job-id', '38', '--raw', '--subdir', 'DAGS_FOLDER/twitter_dag.py', '--cfg-path', '/var/folders/4m/2vllbq951394clq6jtlsj0p40000gn/T/tmpfv08hyzg', '--error-file', '/var/folders/4m/2vllbq951394clq6jtlsj0p40000gn/T/tmp35vgkupq']
[2023-05-19 18:19:46,721] {standard_task_runner.py:80} INFO - Job 38: Subtask transform_twitter_datascience
[2023-05-19 18:19:46,805] {task_command.py:370} INFO - Running <TaskInstance: TwitterDAG.transform_twitter_datascience scheduled__2023-05-15T00:00:00+00:00 [running]> on host 1.0.0.127.in-addr.arpa
[2023-05-19 18:19:46,918] {taskinstance.py:1569} INFO - Exporting the following env vars:
AIRFLOW_CTX_DAG_OWNER=airflow
AIRFLOW_CTX_DAG_ID=TwitterDAG
AIRFLOW_CTX_TASK_ID=transform_twitter_datascience
AIRFLOW_CTX_EXECUTION_DATE=2023-05-15T00:00:00+00:00
AIRFLOW_CTX_TRY_NUMBER=1
AIRFLOW_CTX_DAG_RUN_ID=scheduled__2023-05-15T00:00:00+00:00
[2023-05-19 18:19:46,929] {base.py:68} INFO - Using connection ID 'spark_default' for task execution.
[2023-05-19 18:19:46,933] {spark_submit.py:339} INFO - Spark-Submit cmd: spark-submit --master local --name twitter_transformation --queue root.default /Users/marianaoliveira/Downloads/alura1/src/spark/transformation.py --src /Users/marianaoliveira/Downloads/alura1/datalake/bronze/twitter_datascience/extract_date=2023-05-15 --dest /Users/marianaoliveira/Downloads/alura1/datalake/silver/twitter_datascience/ --process-date 2023-05-15
[2023-05-19 18:19:51,714] {spark_submit.py:490} INFO - 23/05/19 18:19:51 WARN Utils: Your hostname, MacBook-Air-de-Mariana-2.local resolves to a loopback address: 127.0.0.1; using 192.168.15.8 instead (on interface en0)
[2023-05-19 18:19:51,733] {spark_submit.py:490} INFO - 23/05/19 18:19:51 WARN Utils: Set SPARK_LOCAL_IP if you need to bind to another address
[2023-05-19 18:19:54,518] {spark_submit.py:490} INFO - 23/05/19 18:19:54 INFO SparkContext: Running Spark version 3.3.2
[2023-05-19 18:19:54,710] {spark_submit.py:490} INFO - 23/05/19 18:19:54 WARN NativeCodeLoader: Unable to load native-hadoop library for your platform... using builtin-java classes where applicable
[2023-05-19 18:19:55,018] {spark_submit.py:490} INFO - 23/05/19 18:19:55 INFO ResourceUtils: ==============================================================
[2023-05-19 18:19:55,019] {spark_submit.py:490} INFO - 23/05/19 18:19:55 INFO ResourceUtils: No custom resources configured for spark.driver.
[2023-05-19 18:19:55,027] {spark_submit.py:490} INFO - 23/05/19 18:19:55 INFO ResourceUtils: ==============================================================
[2023-05-19 18:19:55,028] {spark_submit.py:490} INFO - 23/05/19 18:19:55 INFO SparkContext: Submitted application: twitter_transformation
[2023-05-19 18:19:55,166] {spark_submit.py:490} INFO - 23/05/19 18:19:55 INFO ResourceProfile: Default ResourceProfile created, executor resources: Map(cores -> name: cores, amount: 1, script: , vendor: , memory -> name: memory, amount: 1024, script: , vendor: , offHeap -> name: offHeap, amount: 0, script: , vendor: ), task resources: Map(cpus -> name: cpus, amount: 1.0)
[2023-05-19 18:19:55,207] {spark_submit.py:490} INFO - 23/05/19 18:19:55 INFO ResourceProfile: Limiting resource is cpu
[2023-05-19 18:19:55,240] {spark_submit.py:490} INFO - 23/05/19 18:19:55 INFO ResourceProfileManager: Added ResourceProfile id: 0
[2023-05-19 18:19:55,438] {spark_submit.py:490} INFO - 23/05/19 18:19:55 INFO SecurityManager: Changing view acls to: marianaoliveira
[2023-05-19 18:19:55,439] {spark_submit.py:490} INFO - 23/05/19 18:19:55 INFO SecurityManager: Changing modify acls to: marianaoliveira
[2023-05-19 18:19:55,439] {spark_submit.py:490} INFO - 23/05/19 18:19:55 INFO SecurityManager: Changing view acls groups to:
[2023-05-19 18:19:55,440] {spark_submit.py:490} INFO - 23/05/19 18:19:55 INFO SecurityManager: Changing modify acls groups to:
[2023-05-19 18:19:55,440] {spark_submit.py:490} INFO - 23/05/19 18:19:55 INFO SecurityManager: SecurityManager: authentication disabled; ui acls disabled; users  with view permissions: Set(marianaoliveira); groups with view permissions: Set(); users  with modify permissions: Set(marianaoliveira); groups with modify permissions: Set()
[2023-05-19 18:19:56,231] {spark_submit.py:490} INFO - 23/05/19 18:19:56 INFO Utils: Successfully started service 'sparkDriver' on port 55671.
[2023-05-19 18:19:56,324] {spark_submit.py:490} INFO - 23/05/19 18:19:56 INFO SparkEnv: Registering MapOutputTracker
[2023-05-19 18:19:56,454] {spark_submit.py:490} INFO - 23/05/19 18:19:56 INFO SparkEnv: Registering BlockManagerMaster
[2023-05-19 18:19:56,591] {spark_submit.py:490} INFO - 23/05/19 18:19:56 INFO BlockManagerMasterEndpoint: Using org.apache.spark.storage.DefaultTopologyMapper for getting topology information
[2023-05-19 18:19:56,618] {spark_submit.py:490} INFO - 23/05/19 18:19:56 INFO BlockManagerMasterEndpoint: BlockManagerMasterEndpoint up
[2023-05-19 18:19:56,626] {spark_submit.py:490} INFO - 23/05/19 18:19:56 INFO SparkEnv: Registering BlockManagerMasterHeartbeat
[2023-05-19 18:19:56,697] {spark_submit.py:490} INFO - 23/05/19 18:19:56 INFO DiskBlockManager: Created local directory at /private/var/folders/4m/2vllbq951394clq6jtlsj0p40000gn/T/blockmgr-d32adb4e-09ac-4a35-9c8d-f416f00f3708
[2023-05-19 18:19:56,742] {spark_submit.py:490} INFO - 23/05/19 18:19:56 INFO MemoryStore: MemoryStore started with capacity 434.4 MiB
[2023-05-19 18:19:56,868] {spark_submit.py:490} INFO - 23/05/19 18:19:56 INFO SparkEnv: Registering OutputCommitCoordinator
[2023-05-19 18:19:57,690] {spark_submit.py:490} INFO - 23/05/19 18:19:57 WARN Utils: Service 'SparkUI' could not bind on port 4040. Attempting port 4041.
[2023-05-19 18:19:57,718] {spark_submit.py:490} INFO - 23/05/19 18:19:57 INFO Utils: Successfully started service 'SparkUI' on port 4041.
[2023-05-19 18:19:58,120] {spark_submit.py:490} INFO - 23/05/19 18:19:58 INFO Executor: Starting executor ID driver on host 192.168.15.8
[2023-05-19 18:19:58,142] {spark_submit.py:490} INFO - 23/05/19 18:19:58 INFO Executor: Starting executor with user classpath (userClassPathFirst = false): ''
[2023-05-19 18:19:58,227] {spark_submit.py:490} INFO - 23/05/19 18:19:58 INFO Utils: Successfully started service 'org.apache.spark.network.netty.NettyBlockTransferService' on port 55674.
[2023-05-19 18:19:58,228] {spark_submit.py:490} INFO - 23/05/19 18:19:58 INFO NettyBlockTransferService: Server created on 192.168.15.8:55674
[2023-05-19 18:19:58,231] {spark_submit.py:490} INFO - 23/05/19 18:19:58 INFO BlockManager: Using org.apache.spark.storage.RandomBlockReplicationPolicy for block replication policy
[2023-05-19 18:19:58,291] {spark_submit.py:490} INFO - 23/05/19 18:19:58 INFO BlockManagerMaster: Registering BlockManager BlockManagerId(driver, 192.168.15.8, 55674, None)
[2023-05-19 18:19:58,299] {spark_submit.py:490} INFO - 23/05/19 18:19:58 INFO BlockManagerMasterEndpoint: Registering block manager 192.168.15.8:55674 with 434.4 MiB RAM, BlockManagerId(driver, 192.168.15.8, 55674, None)
[2023-05-19 18:19:58,340] {spark_submit.py:490} INFO - 23/05/19 18:19:58 INFO BlockManagerMaster: Registered BlockManager BlockManagerId(driver, 192.168.15.8, 55674, None)
[2023-05-19 18:19:58,340] {spark_submit.py:490} INFO - 23/05/19 18:19:58 INFO BlockManager: Initialized BlockManager: BlockManagerId(driver, 192.168.15.8, 55674, None)
[2023-05-19 18:19:59,907] {spark_submit.py:490} INFO - 23/05/19 18:19:59 INFO SharedState: Setting hive.metastore.warehouse.dir ('null') to the value of spark.sql.warehouse.dir.
[2023-05-19 18:19:59,931] {spark_submit.py:490} INFO - 23/05/19 18:19:59 INFO SharedState: Warehouse path is 'file:/Users/marianaoliveira/Downloads/alura1/spark-warehouse'.
[2023-05-19 18:20:02,422] {spark_submit.py:490} INFO - 23/05/19 18:20:02 INFO InMemoryFileIndex: It took 132 ms to list leaf files for 1 paths.
[2023-05-19 18:20:02,621] {spark_submit.py:490} INFO - 23/05/19 18:20:02 INFO InMemoryFileIndex: It took 4 ms to list leaf files for 1 paths.
[2023-05-19 18:20:09,009] {spark_submit.py:490} INFO - 23/05/19 18:20:09 INFO FileSourceStrategy: Pushed Filters:
[2023-05-19 18:20:09,014] {spark_submit.py:490} INFO - 23/05/19 18:20:09 INFO FileSourceStrategy: Post-Scan Filters:
[2023-05-19 18:20:09,021] {spark_submit.py:490} INFO - 23/05/19 18:20:09 INFO FileSourceStrategy: Output Data Schema: struct<value: string>
[2023-05-19 18:20:09,767] {spark_submit.py:490} INFO - 23/05/19 18:20:09 INFO MemoryStore: Block broadcast_0 stored as values in memory (estimated size 207.4 KiB, free 434.2 MiB)
[2023-05-19 18:20:10,746] {spark_submit.py:490} INFO - 23/05/19 18:20:10 INFO MemoryStore: Block broadcast_0_piece0 stored as bytes in memory (estimated size 34.4 KiB, free 434.2 MiB)
[2023-05-19 18:20:10,756] {spark_submit.py:490} INFO - 23/05/19 18:20:10 INFO BlockManagerInfo: Added broadcast_0_piece0 in memory on 192.168.15.8:55674 (size: 34.4 KiB, free: 434.4 MiB)
[2023-05-19 18:20:10,772] {spark_submit.py:490} INFO - 23/05/19 18:20:10 INFO SparkContext: Created broadcast 0 from json at NativeMethodAccessorImpl.java:0
[2023-05-19 18:20:10,794] {spark_submit.py:490} INFO - 23/05/19 18:20:10 INFO FileSourceScanExec: Planning scan with bin packing, max size: 4221562 bytes, open cost is considered as scanning 4194304 bytes.
[2023-05-19 18:20:11,321] {spark_submit.py:490} INFO - 23/05/19 18:20:11 INFO SparkContext: Starting job: json at NativeMethodAccessorImpl.java:0
[2023-05-19 18:20:11,362] {spark_submit.py:490} INFO - 23/05/19 18:20:11 INFO DAGScheduler: Got job 0 (json at NativeMethodAccessorImpl.java:0) with 1 output partitions
[2023-05-19 18:20:11,363] {spark_submit.py:490} INFO - 23/05/19 18:20:11 INFO DAGScheduler: Final stage: ResultStage 0 (json at NativeMethodAccessorImpl.java:0)
[2023-05-19 18:20:11,364] {spark_submit.py:490} INFO - 23/05/19 18:20:11 INFO DAGScheduler: Parents of final stage: List()
[2023-05-19 18:20:11,367] {spark_submit.py:490} INFO - 23/05/19 18:20:11 INFO DAGScheduler: Missing parents: List()
[2023-05-19 18:20:11,375] {spark_submit.py:490} INFO - 23/05/19 18:20:11 INFO DAGScheduler: Submitting ResultStage 0 (MapPartitionsRDD[3] at json at NativeMethodAccessorImpl.java:0), which has no missing parents
[2023-05-19 18:20:11,628] {spark_submit.py:490} INFO - 23/05/19 18:20:11 INFO MemoryStore: Block broadcast_1 stored as values in memory (estimated size 14.5 KiB, free 434.1 MiB)
[2023-05-19 18:20:11,644] {spark_submit.py:490} INFO - 23/05/19 18:20:11 INFO MemoryStore: Block broadcast_1_piece0 stored as bytes in memory (estimated size 7.0 KiB, free 434.1 MiB)
[2023-05-19 18:20:11,646] {spark_submit.py:490} INFO - 23/05/19 18:20:11 INFO BlockManagerInfo: Added broadcast_1_piece0 in memory on 192.168.15.8:55674 (size: 7.0 KiB, free: 434.4 MiB)
[2023-05-19 18:20:11,647] {spark_submit.py:490} INFO - 23/05/19 18:20:11 INFO SparkContext: Created broadcast 1 from broadcast at DAGScheduler.scala:1513
[2023-05-19 18:20:11,714] {spark_submit.py:490} INFO - 23/05/19 18:20:11 INFO DAGScheduler: Submitting 1 missing tasks from ResultStage 0 (MapPartitionsRDD[3] at json at NativeMethodAccessorImpl.java:0) (first 15 tasks are for partitions Vector(0))
[2023-05-19 18:20:11,717] {spark_submit.py:490} INFO - 23/05/19 18:20:11 INFO TaskSchedulerImpl: Adding task set 0.0 with 1 tasks resource profile 0
[2023-05-19 18:20:11,847] {spark_submit.py:490} INFO - 23/05/19 18:20:11 INFO TaskSetManager: Starting task 0.0 in stage 0.0 (TID 0) (192.168.15.8, executor driver, partition 0, PROCESS_LOCAL, 5003 bytes) taskResourceAssignments Map()
[2023-05-19 18:20:11,873] {spark_submit.py:490} INFO - 23/05/19 18:20:11 INFO Executor: Running task 0.0 in stage 0.0 (TID 0)
[2023-05-19 18:20:12,139] {spark_submit.py:490} INFO - 23/05/19 18:20:12 INFO FileScanRDD: Reading File path: file:///Users/marianaoliveira/Downloads/alura1/datalake/bronze/twitter_datascience/extract_date=2023-05-15/datascience_20230515.json, range: 0-27258, partition values: [empty row]
[2023-05-19 18:20:12,684] {spark_submit.py:490} INFO - 23/05/19 18:20:12 INFO CodeGenerator: Code generated in 454.9606 ms
[2023-05-19 18:20:12,959] {spark_submit.py:490} INFO - 23/05/19 18:20:12 INFO Executor: Finished task 0.0 in stage 0.0 (TID 0). 2806 bytes result sent to driver
[2023-05-19 18:20:12,975] {spark_submit.py:490} INFO - 23/05/19 18:20:12 INFO TaskSetManager: Finished task 0.0 in stage 0.0 (TID 0) in 1151 ms on 192.168.15.8 (executor driver) (1/1)
[2023-05-19 18:20:12,979] {spark_submit.py:490} INFO - 23/05/19 18:20:12 INFO TaskSchedulerImpl: Removed TaskSet 0.0, whose tasks have all completed, from pool
[2023-05-19 18:20:12,993] {spark_submit.py:490} INFO - 23/05/19 18:20:12 INFO DAGScheduler: ResultStage 0 (json at NativeMethodAccessorImpl.java:0) finished in 1.566 s
[2023-05-19 18:20:12,996] {spark_submit.py:490} INFO - 23/05/19 18:20:12 INFO DAGScheduler: Job 0 is finished. Cancelling potential speculative or zombie tasks for this job
[2023-05-19 18:20:12,997] {spark_submit.py:490} INFO - 23/05/19 18:20:12 INFO TaskSchedulerImpl: Killing all running tasks in stage 0: Stage finished
[2023-05-19 18:20:13,001] {spark_submit.py:490} INFO - 23/05/19 18:20:13 INFO DAGScheduler: Job 0 finished: json at NativeMethodAccessorImpl.java:0, took 1.678961 s
[2023-05-19 18:20:13,329] {spark_submit.py:490} INFO - 23/05/19 18:20:13 INFO BlockManagerInfo: Removed broadcast_0_piece0 on 192.168.15.8:55674 in memory (size: 34.4 KiB, free: 434.4 MiB)
[2023-05-19 18:20:13,337] {spark_submit.py:490} INFO - 23/05/19 18:20:13 INFO BlockManagerInfo: Removed broadcast_1_piece0 on 192.168.15.8:55674 in memory (size: 7.0 KiB, free: 434.4 MiB)
[2023-05-19 18:20:14,186] {spark_submit.py:490} INFO - 23/05/19 18:20:14 INFO FileSourceStrategy: Pushed Filters: IsNotNull(data)
[2023-05-19 18:20:14,189] {spark_submit.py:490} INFO - 23/05/19 18:20:14 INFO FileSourceStrategy: Post-Scan Filters: (size(data#8, true) > 0),isnotnull(data#8)
[2023-05-19 18:20:14,191] {spark_submit.py:490} INFO - 23/05/19 18:20:14 INFO FileSourceStrategy: Output Data Schema: struct<data: array<struct<author_id:string,conversation_id:string,created_at:string,edit_history_tweet_ids:array<bigint>,id:string,in_reply_to_user_id:string,lang:string,public_metrics:struct<like_count:bigint,quote_count:bigint,reply_count:bigint,retweet_count:bigint>,text:string>>>
[2023-05-19 18:20:14,387] {spark_submit.py:490} INFO - 23/05/19 18:20:14 INFO FileOutputCommitter: File Output Committer Algorithm version is 1
[2023-05-19 18:20:14,388] {spark_submit.py:490} INFO - 23/05/19 18:20:14 INFO FileOutputCommitter: FileOutputCommitter skip cleanup _temporary folders under output directory:false, ignore cleanup failures: false
[2023-05-19 18:20:14,390] {spark_submit.py:490} INFO - 23/05/19 18:20:14 INFO SQLHadoopMapReduceCommitProtocol: Using output committer class org.apache.hadoop.mapreduce.lib.output.FileOutputCommitter
[2023-05-19 18:20:14,909] {spark_submit.py:490} INFO - 23/05/19 18:20:14 INFO CodeGenerator: Code generated in 290.086683 ms
[2023-05-19 18:20:14,935] {spark_submit.py:490} INFO - 23/05/19 18:20:14 INFO MemoryStore: Block broadcast_2 stored as values in memory (estimated size 207.3 KiB, free 434.2 MiB)
[2023-05-19 18:20:15,008] {spark_submit.py:490} INFO - 23/05/19 18:20:15 INFO MemoryStore: Block broadcast_2_piece0 stored as bytes in memory (estimated size 34.3 KiB, free 434.2 MiB)
[2023-05-19 18:20:15,014] {spark_submit.py:490} INFO - 23/05/19 18:20:15 INFO BlockManagerInfo: Added broadcast_2_piece0 in memory on 192.168.15.8:55674 (size: 34.3 KiB, free: 434.4 MiB)
[2023-05-19 18:20:15,017] {spark_submit.py:490} INFO - 23/05/19 18:20:15 INFO SparkContext: Created broadcast 2 from json at NativeMethodAccessorImpl.java:0
[2023-05-19 18:20:15,035] {spark_submit.py:490} INFO - 23/05/19 18:20:15 INFO FileSourceScanExec: Planning scan with bin packing, max size: 4221562 bytes, open cost is considered as scanning 4194304 bytes.
[2023-05-19 18:20:15,308] {spark_submit.py:490} INFO - 23/05/19 18:20:15 INFO SparkContext: Starting job: json at NativeMethodAccessorImpl.java:0
[2023-05-19 18:20:15,314] {spark_submit.py:490} INFO - 23/05/19 18:20:15 INFO DAGScheduler: Got job 1 (json at NativeMethodAccessorImpl.java:0) with 1 output partitions
[2023-05-19 18:20:15,315] {spark_submit.py:490} INFO - 23/05/19 18:20:15 INFO DAGScheduler: Final stage: ResultStage 1 (json at NativeMethodAccessorImpl.java:0)
[2023-05-19 18:20:15,316] {spark_submit.py:490} INFO - 23/05/19 18:20:15 INFO DAGScheduler: Parents of final stage: List()
[2023-05-19 18:20:15,317] {spark_submit.py:490} INFO - 23/05/19 18:20:15 INFO DAGScheduler: Missing parents: List()
[2023-05-19 18:20:15,319] {spark_submit.py:490} INFO - 23/05/19 18:20:15 INFO DAGScheduler: Submitting ResultStage 1 (CoalescedRDD[7] at json at NativeMethodAccessorImpl.java:0), which has no missing parents
[2023-05-19 18:20:15,421] {spark_submit.py:490} INFO - 23/05/19 18:20:15 INFO MemoryStore: Block broadcast_3 stored as values in memory (estimated size 235.7 KiB, free 433.9 MiB)
[2023-05-19 18:20:15,434] {spark_submit.py:490} INFO - 23/05/19 18:20:15 INFO MemoryStore: Block broadcast_3_piece0 stored as bytes in memory (estimated size 82.5 KiB, free 433.9 MiB)
[2023-05-19 18:20:15,435] {spark_submit.py:490} INFO - 23/05/19 18:20:15 INFO BlockManagerInfo: Added broadcast_3_piece0 in memory on 192.168.15.8:55674 (size: 82.5 KiB, free: 434.3 MiB)
[2023-05-19 18:20:15,437] {spark_submit.py:490} INFO - 23/05/19 18:20:15 INFO SparkContext: Created broadcast 3 from broadcast at DAGScheduler.scala:1513
[2023-05-19 18:20:15,438] {spark_submit.py:490} INFO - 23/05/19 18:20:15 INFO DAGScheduler: Submitting 1 missing tasks from ResultStage 1 (CoalescedRDD[7] at json at NativeMethodAccessorImpl.java:0) (first 15 tasks are for partitions Vector(0))
[2023-05-19 18:20:15,439] {spark_submit.py:490} INFO - 23/05/19 18:20:15 INFO TaskSchedulerImpl: Adding task set 1.0 with 1 tasks resource profile 0
[2023-05-19 18:20:15,445] {spark_submit.py:490} INFO - 23/05/19 18:20:15 INFO TaskSetManager: Starting task 0.0 in stage 1.0 (TID 1) (192.168.15.8, executor driver, partition 0, PROCESS_LOCAL, 5232 bytes) taskResourceAssignments Map()
[2023-05-19 18:20:15,446] {spark_submit.py:490} INFO - 23/05/19 18:20:15 INFO Executor: Running task 0.0 in stage 1.0 (TID 1)
[2023-05-19 18:20:15,566] {spark_submit.py:490} INFO - 23/05/19 18:20:15 INFO FileOutputCommitter: File Output Committer Algorithm version is 1
[2023-05-19 18:20:15,567] {spark_submit.py:490} INFO - 23/05/19 18:20:15 INFO FileOutputCommitter: FileOutputCommitter skip cleanup _temporary folders under output directory:false, ignore cleanup failures: false
[2023-05-19 18:20:15,568] {spark_submit.py:490} INFO - 23/05/19 18:20:15 INFO SQLHadoopMapReduceCommitProtocol: Using output committer class org.apache.hadoop.mapreduce.lib.output.FileOutputCommitter
[2023-05-19 18:20:15,683] {spark_submit.py:490} INFO - 23/05/19 18:20:15 INFO FileScanRDD: Reading File path: file:///Users/marianaoliveira/Downloads/alura1/datalake/bronze/twitter_datascience/extract_date=2023-05-15/datascience_20230515.json, range: 0-27258, partition values: [empty row]
[2023-05-19 18:20:15,743] {spark_submit.py:490} INFO - 23/05/19 18:20:15 INFO CodeGenerator: Code generated in 49.516275 ms
[2023-05-19 18:20:15,802] {spark_submit.py:490} INFO - 23/05/19 18:20:15 INFO CodeGenerator: Code generated in 14.348666 ms
[2023-05-19 18:20:15,929] {spark_submit.py:490} INFO - 23/05/19 18:20:15 INFO FileOutputCommitter: Saved output of task 'attempt_202305191820157302678118815210626_0001_m_000000_1' to file:/Users/marianaoliveira/Downloads/alura1/datalake/silver/twitter_datascience/tweet/process_date=2023-05-15/_temporary/0/task_202305191820157302678118815210626_0001_m_000000
[2023-05-19 18:20:15,931] {spark_submit.py:490} INFO - 23/05/19 18:20:15 INFO SparkHadoopMapRedUtil: attempt_202305191820157302678118815210626_0001_m_000000_1: Committed. Elapsed time: 5 ms.
[2023-05-19 18:20:15,956] {spark_submit.py:490} INFO - 23/05/19 18:20:15 INFO Executor: Finished task 0.0 in stage 1.0 (TID 1). 2678 bytes result sent to driver
[2023-05-19 18:20:15,961] {spark_submit.py:490} INFO - 23/05/19 18:20:15 INFO TaskSetManager: Finished task 0.0 in stage 1.0 (TID 1) in 520 ms on 192.168.15.8 (executor driver) (1/1)
[2023-05-19 18:20:15,962] {spark_submit.py:490} INFO - 23/05/19 18:20:15 INFO TaskSchedulerImpl: Removed TaskSet 1.0, whose tasks have all completed, from pool
[2023-05-19 18:20:15,964] {spark_submit.py:490} INFO - 23/05/19 18:20:15 INFO DAGScheduler: ResultStage 1 (json at NativeMethodAccessorImpl.java:0) finished in 0.643 s
[2023-05-19 18:20:15,965] {spark_submit.py:490} INFO - 23/05/19 18:20:15 INFO DAGScheduler: Job 1 is finished. Cancelling potential speculative or zombie tasks for this job
[2023-05-19 18:20:15,966] {spark_submit.py:490} INFO - 23/05/19 18:20:15 INFO TaskSchedulerImpl: Killing all running tasks in stage 1: Stage finished
[2023-05-19 18:20:15,968] {spark_submit.py:490} INFO - 23/05/19 18:20:15 INFO DAGScheduler: Job 1 finished: json at NativeMethodAccessorImpl.java:0, took 0.659400 s
[2023-05-19 18:20:15,972] {spark_submit.py:490} INFO - 23/05/19 18:20:15 INFO FileFormatWriter: Start to commit write Job a2dc00a7-a8b6-4422-9517-5a2e714cc342.
[2023-05-19 18:20:16,022] {spark_submit.py:490} INFO - 23/05/19 18:20:16 INFO FileFormatWriter: Write Job a2dc00a7-a8b6-4422-9517-5a2e714cc342 committed. Elapsed time: 48 ms.
[2023-05-19 18:20:16,028] {spark_submit.py:490} INFO - 23/05/19 18:20:16 INFO FileFormatWriter: Finished processing stats for write job a2dc00a7-a8b6-4422-9517-5a2e714cc342.
[2023-05-19 18:20:16,106] {spark_submit.py:490} INFO - 23/05/19 18:20:16 INFO FileSourceStrategy: Pushed Filters:
[2023-05-19 18:20:16,107] {spark_submit.py:490} INFO - 23/05/19 18:20:16 INFO FileSourceStrategy: Post-Scan Filters:
[2023-05-19 18:20:16,108] {spark_submit.py:490} INFO - 23/05/19 18:20:16 INFO FileSourceStrategy: Output Data Schema: struct<includes: struct<users: array<struct<created_at:string,id:string,name:string,username:string>>>>
[2023-05-19 18:20:16,123] {spark_submit.py:490} INFO - 23/05/19 18:20:16 INFO FileOutputCommitter: File Output Committer Algorithm version is 1
[2023-05-19 18:20:16,124] {spark_submit.py:490} INFO - 23/05/19 18:20:16 INFO FileOutputCommitter: FileOutputCommitter skip cleanup _temporary folders under output directory:false, ignore cleanup failures: false
[2023-05-19 18:20:16,124] {spark_submit.py:490} INFO - 23/05/19 18:20:16 INFO SQLHadoopMapReduceCommitProtocol: Using output committer class org.apache.hadoop.mapreduce.lib.output.FileOutputCommitter
[2023-05-19 18:20:16,210] {spark_submit.py:490} INFO - 23/05/19 18:20:16 INFO CodeGenerator: Code generated in 22.987438 ms
[2023-05-19 18:20:16,220] {spark_submit.py:490} INFO - 23/05/19 18:20:16 INFO MemoryStore: Block broadcast_4 stored as values in memory (estimated size 207.3 KiB, free 433.7 MiB)
[2023-05-19 18:20:16,245] {spark_submit.py:490} INFO - 23/05/19 18:20:16 INFO BlockManagerInfo: Removed broadcast_2_piece0 on 192.168.15.8:55674 in memory (size: 34.3 KiB, free: 434.3 MiB)
[2023-05-19 18:20:16,251] {spark_submit.py:490} INFO - 23/05/19 18:20:16 INFO BlockManagerInfo: Removed broadcast_3_piece0 on 192.168.15.8:55674 in memory (size: 82.5 KiB, free: 434.4 MiB)
[2023-05-19 18:20:16,294] {spark_submit.py:490} INFO - 23/05/19 18:20:16 INFO MemoryStore: Block broadcast_4_piece0 stored as bytes in memory (estimated size 34.3 KiB, free 434.2 MiB)
[2023-05-19 18:20:16,295] {spark_submit.py:490} INFO - 23/05/19 18:20:16 INFO BlockManagerInfo: Added broadcast_4_piece0 in memory on 192.168.15.8:55674 (size: 34.3 KiB, free: 434.4 MiB)
[2023-05-19 18:20:16,297] {spark_submit.py:490} INFO - 23/05/19 18:20:16 INFO SparkContext: Created broadcast 4 from json at NativeMethodAccessorImpl.java:0
[2023-05-19 18:20:16,304] {spark_submit.py:490} INFO - 23/05/19 18:20:16 INFO FileSourceScanExec: Planning scan with bin packing, max size: 4221562 bytes, open cost is considered as scanning 4194304 bytes.
[2023-05-19 18:20:16,486] {spark_submit.py:490} INFO - 23/05/19 18:20:16 INFO SparkContext: Starting job: json at NativeMethodAccessorImpl.java:0
[2023-05-19 18:20:16,488] {spark_submit.py:490} INFO - 23/05/19 18:20:16 INFO DAGScheduler: Got job 2 (json at NativeMethodAccessorImpl.java:0) with 1 output partitions
[2023-05-19 18:20:16,488] {spark_submit.py:490} INFO - 23/05/19 18:20:16 INFO DAGScheduler: Final stage: ResultStage 2 (json at NativeMethodAccessorImpl.java:0)
[2023-05-19 18:20:16,489] {spark_submit.py:490} INFO - 23/05/19 18:20:16 INFO DAGScheduler: Parents of final stage: List()
[2023-05-19 18:20:16,490] {spark_submit.py:490} INFO - 23/05/19 18:20:16 INFO DAGScheduler: Missing parents: List()
[2023-05-19 18:20:16,491] {spark_submit.py:490} INFO - 23/05/19 18:20:16 INFO DAGScheduler: Submitting ResultStage 2 (CoalescedRDD[11] at json at NativeMethodAccessorImpl.java:0), which has no missing parents
[2023-05-19 18:20:16,574] {spark_submit.py:490} INFO - 23/05/19 18:20:16 INFO MemoryStore: Block broadcast_5 stored as values in memory (estimated size 215.8 KiB, free 434.0 MiB)
[2023-05-19 18:20:16,596] {spark_submit.py:490} INFO - 23/05/19 18:20:16 INFO MemoryStore: Block broadcast_5_piece0 stored as bytes in memory (estimated size 77.2 KiB, free 433.9 MiB)
[2023-05-19 18:20:16,598] {spark_submit.py:490} INFO - 23/05/19 18:20:16 INFO BlockManagerInfo: Added broadcast_5_piece0 in memory on 192.168.15.8:55674 (size: 77.2 KiB, free: 434.3 MiB)
[2023-05-19 18:20:16,601] {spark_submit.py:490} INFO - 23/05/19 18:20:16 INFO SparkContext: Created broadcast 5 from broadcast at DAGScheduler.scala:1513
[2023-05-19 18:20:16,604] {spark_submit.py:490} INFO - 23/05/19 18:20:16 INFO DAGScheduler: Submitting 1 missing tasks from ResultStage 2 (CoalescedRDD[11] at json at NativeMethodAccessorImpl.java:0) (first 15 tasks are for partitions Vector(0))
[2023-05-19 18:20:16,605] {spark_submit.py:490} INFO - 23/05/19 18:20:16 INFO TaskSchedulerImpl: Adding task set 2.0 with 1 tasks resource profile 0
[2023-05-19 18:20:16,606] {spark_submit.py:490} INFO - 23/05/19 18:20:16 INFO TaskSetManager: Starting task 0.0 in stage 2.0 (TID 2) (192.168.15.8, executor driver, partition 0, PROCESS_LOCAL, 5232 bytes) taskResourceAssignments Map()
[2023-05-19 18:20:16,606] {spark_submit.py:490} INFO - 23/05/19 18:20:16 INFO Executor: Running task 0.0 in stage 2.0 (TID 2)
[2023-05-19 18:20:16,645] {spark_submit.py:490} INFO - 23/05/19 18:20:16 INFO FileOutputCommitter: File Output Committer Algorithm version is 1
[2023-05-19 18:20:16,645] {spark_submit.py:490} INFO - 23/05/19 18:20:16 INFO FileOutputCommitter: FileOutputCommitter skip cleanup _temporary folders under output directory:false, ignore cleanup failures: false
[2023-05-19 18:20:16,646] {spark_submit.py:490} INFO - 23/05/19 18:20:16 INFO SQLHadoopMapReduceCommitProtocol: Using output committer class org.apache.hadoop.mapreduce.lib.output.FileOutputCommitter
[2023-05-19 18:20:16,721] {spark_submit.py:490} INFO - 23/05/19 18:20:16 INFO FileScanRDD: Reading File path: file:///Users/marianaoliveira/Downloads/alura1/datalake/bronze/twitter_datascience/extract_date=2023-05-15/datascience_20230515.json, range: 0-27258, partition values: [empty row]
[2023-05-19 18:20:16,757] {spark_submit.py:490} INFO - 23/05/19 18:20:16 INFO CodeGenerator: Code generated in 31.715516 ms
[2023-05-19 18:20:16,809] {spark_submit.py:490} INFO - 23/05/19 18:20:16 INFO FileOutputCommitter: Saved output of task 'attempt_202305191820162274342722488281990_0002_m_000000_2' to file:/Users/marianaoliveira/Downloads/alura1/datalake/silver/twitter_datascience/user/process_date=2023-05-15/_temporary/0/task_202305191820162274342722488281990_0002_m_000000
[2023-05-19 18:20:16,810] {spark_submit.py:490} INFO - 23/05/19 18:20:16 INFO SparkHadoopMapRedUtil: attempt_202305191820162274342722488281990_0002_m_000000_2: Committed. Elapsed time: 2 ms.
[2023-05-19 18:20:16,813] {spark_submit.py:490} INFO - 23/05/19 18:20:16 INFO Executor: Finished task 0.0 in stage 2.0 (TID 2). 2579 bytes result sent to driver
[2023-05-19 18:20:16,816] {spark_submit.py:490} INFO - 23/05/19 18:20:16 INFO TaskSetManager: Finished task 0.0 in stage 2.0 (TID 2) in 211 ms on 192.168.15.8 (executor driver) (1/1)
[2023-05-19 18:20:16,818] {spark_submit.py:490} INFO - 23/05/19 18:20:16 INFO TaskSchedulerImpl: Removed TaskSet 2.0, whose tasks have all completed, from pool
[2023-05-19 18:20:16,821] {spark_submit.py:490} INFO - 23/05/19 18:20:16 INFO DAGScheduler: ResultStage 2 (json at NativeMethodAccessorImpl.java:0) finished in 0.329 s
[2023-05-19 18:20:16,823] {spark_submit.py:490} INFO - 23/05/19 18:20:16 INFO DAGScheduler: Job 2 is finished. Cancelling potential speculative or zombie tasks for this job
[2023-05-19 18:20:16,823] {spark_submit.py:490} INFO - 23/05/19 18:20:16 INFO TaskSchedulerImpl: Killing all running tasks in stage 2: Stage finished
[2023-05-19 18:20:16,824] {spark_submit.py:490} INFO - 23/05/19 18:20:16 INFO DAGScheduler: Job 2 finished: json at NativeMethodAccessorImpl.java:0, took 0.337308 s
[2023-05-19 18:20:16,825] {spark_submit.py:490} INFO - 23/05/19 18:20:16 INFO FileFormatWriter: Start to commit write Job 65336110-a99b-4482-bd5d-5d5c446f0fc2.
[2023-05-19 18:20:16,887] {spark_submit.py:490} INFO - 23/05/19 18:20:16 INFO FileFormatWriter: Write Job 65336110-a99b-4482-bd5d-5d5c446f0fc2 committed. Elapsed time: 61 ms.
[2023-05-19 18:20:16,887] {spark_submit.py:490} INFO - 23/05/19 18:20:16 INFO FileFormatWriter: Finished processing stats for write job 65336110-a99b-4482-bd5d-5d5c446f0fc2.
[2023-05-19 18:20:16,995] {spark_submit.py:490} INFO - 23/05/19 18:20:16 INFO SparkContext: Invoking stop() from shutdown hook
[2023-05-19 18:20:17,031] {spark_submit.py:490} INFO - 23/05/19 18:20:17 INFO SparkUI: Stopped Spark web UI at http://192.168.15.8:4041
[2023-05-19 18:20:17,054] {spark_submit.py:490} INFO - 23/05/19 18:20:17 INFO MapOutputTrackerMasterEndpoint: MapOutputTrackerMasterEndpoint stopped!
[2023-05-19 18:20:17,077] {spark_submit.py:490} INFO - 23/05/19 18:20:17 INFO MemoryStore: MemoryStore cleared
[2023-05-19 18:20:17,078] {spark_submit.py:490} INFO - 23/05/19 18:20:17 INFO BlockManager: BlockManager stopped
[2023-05-19 18:20:17,084] {spark_submit.py:490} INFO - 23/05/19 18:20:17 INFO BlockManagerMaster: BlockManagerMaster stopped
[2023-05-19 18:20:17,090] {spark_submit.py:490} INFO - 23/05/19 18:20:17 INFO OutputCommitCoordinator$OutputCommitCoordinatorEndpoint: OutputCommitCoordinator stopped!
[2023-05-19 18:20:17,108] {spark_submit.py:490} INFO - 23/05/19 18:20:17 INFO SparkContext: Successfully stopped SparkContext
[2023-05-19 18:20:17,109] {spark_submit.py:490} INFO - 23/05/19 18:20:17 INFO ShutdownHookManager: Shutdown hook called
[2023-05-19 18:20:17,110] {spark_submit.py:490} INFO - 23/05/19 18:20:17 INFO ShutdownHookManager: Deleting directory /private/var/folders/4m/2vllbq951394clq6jtlsj0p40000gn/T/spark-c0b932e5-365a-4162-ab45-53705b45680e/pyspark-a1f50ee1-d76f-4b67-afb0-741bee44e1bd
[2023-05-19 18:20:17,121] {spark_submit.py:490} INFO - 23/05/19 18:20:17 INFO ShutdownHookManager: Deleting directory /private/var/folders/4m/2vllbq951394clq6jtlsj0p40000gn/T/spark-ee138679-f89f-4365-a3a9-0866333cb2a1
[2023-05-19 18:20:17,134] {spark_submit.py:490} INFO - 23/05/19 18:20:17 INFO ShutdownHookManager: Deleting directory /private/var/folders/4m/2vllbq951394clq6jtlsj0p40000gn/T/spark-c0b932e5-365a-4162-ab45-53705b45680e
[2023-05-19 18:20:17,257] {taskinstance.py:1395} INFO - Marking task as SUCCESS. dag_id=TwitterDAG, task_id=transform_twitter_datascience, execution_date=20230515T000000, start_date=20230519T211946, end_date=20230519T212017
[2023-05-19 18:20:17,298] {local_task_job.py:156} INFO - Task exited with return code 0
[2023-05-19 18:20:17,339] {local_task_job.py:273} INFO - 1 downstream tasks scheduled from follow-on schedule check
