[2023-05-19 18:23:50,430] {taskinstance.py:1159} INFO - Dependencies all met for <TaskInstance: TwitterDAG.insight_twitter scheduled__2023-05-16T00:00:00+00:00 [queued]>
[2023-05-19 18:23:50,445] {taskinstance.py:1159} INFO - Dependencies all met for <TaskInstance: TwitterDAG.insight_twitter scheduled__2023-05-16T00:00:00+00:00 [queued]>
[2023-05-19 18:23:50,446] {taskinstance.py:1356} INFO - 
--------------------------------------------------------------------------------
[2023-05-19 18:23:50,446] {taskinstance.py:1357} INFO - Starting attempt 1 of 1
[2023-05-19 18:23:50,446] {taskinstance.py:1358} INFO - 
--------------------------------------------------------------------------------
[2023-05-19 18:23:50,471] {taskinstance.py:1377} INFO - Executing <Task(SparkSubmitOperator): insight_twitter> on 2023-05-16 00:00:00+00:00
[2023-05-19 18:23:50,484] {standard_task_runner.py:79} INFO - Running: ['airflow', 'tasks', 'run', 'TwitterDAG', 'insight_twitter', 'scheduled__2023-05-16T00:00:00+00:00', '--job-id', '45', '--raw', '--subdir', 'DAGS_FOLDER/twitter_dag.py', '--cfg-path', '/var/folders/4m/2vllbq951394clq6jtlsj0p40000gn/T/tmpyw85uo2s', '--error-file', '/var/folders/4m/2vllbq951394clq6jtlsj0p40000gn/T/tmp88fa_3wk']
[2023-05-19 18:23:50,486] {standard_task_runner.py:80} INFO - Job 45: Subtask insight_twitter
[2023-05-19 18:23:50,499] {standard_task_runner.py:52} INFO - Started process 9745 to run task
[2023-05-19 18:23:50,649] {task_command.py:370} INFO - Running <TaskInstance: TwitterDAG.insight_twitter scheduled__2023-05-16T00:00:00+00:00 [running]> on host 1.0.0.127.in-addr.arpa
[2023-05-19 18:23:50,741] {taskinstance.py:1569} INFO - Exporting the following env vars:
AIRFLOW_CTX_DAG_OWNER=airflow
AIRFLOW_CTX_DAG_ID=TwitterDAG
AIRFLOW_CTX_TASK_ID=insight_twitter
AIRFLOW_CTX_EXECUTION_DATE=2023-05-16T00:00:00+00:00
AIRFLOW_CTX_TRY_NUMBER=1
AIRFLOW_CTX_DAG_RUN_ID=scheduled__2023-05-16T00:00:00+00:00
[2023-05-19 18:23:50,751] {base.py:68} INFO - Using connection ID 'spark_default' for task execution.
[2023-05-19 18:23:50,754] {spark_submit.py:339} INFO - Spark-Submit cmd: spark-submit --master local --name twitter_transformation --queue root.default /Users/marianaoliveira/Downloads/alura1/src/spark/insight_tweet.py --src /Users/marianaoliveira/Downloads/alura1/datalake/silver/twitter_datascience/ --dest /Users/marianaoliveira/Downloads/alura1/datalake/gold/twitter_datascience/ --process-date 2023-05-16
[2023-05-19 18:23:54,895] {spark_submit.py:490} INFO - 23/05/19 18:23:54 WARN Utils: Your hostname, MacBook-Air-de-Mariana-2.local resolves to a loopback address: 127.0.0.1; using 192.168.15.8 instead (on interface en0)
[2023-05-19 18:23:54,905] {spark_submit.py:490} INFO - 23/05/19 18:23:54 WARN Utils: Set SPARK_LOCAL_IP if you need to bind to another address
[2023-05-19 18:23:58,711] {spark_submit.py:490} INFO - 23/05/19 18:23:58 INFO SparkContext: Running Spark version 3.3.2
[2023-05-19 18:23:59,049] {spark_submit.py:490} INFO - 23/05/19 18:23:59 WARN NativeCodeLoader: Unable to load native-hadoop library for your platform... using builtin-java classes where applicable
[2023-05-19 18:23:59,468] {spark_submit.py:490} INFO - 23/05/19 18:23:59 INFO ResourceUtils: ==============================================================
[2023-05-19 18:23:59,470] {spark_submit.py:490} INFO - 23/05/19 18:23:59 INFO ResourceUtils: No custom resources configured for spark.driver.
[2023-05-19 18:23:59,471] {spark_submit.py:490} INFO - 23/05/19 18:23:59 INFO ResourceUtils: ==============================================================
[2023-05-19 18:23:59,472] {spark_submit.py:490} INFO - 23/05/19 18:23:59 INFO SparkContext: Submitted application: twitter_transformation
[2023-05-19 18:23:59,545] {spark_submit.py:490} INFO - 23/05/19 18:23:59 INFO ResourceProfile: Default ResourceProfile created, executor resources: Map(cores -> name: cores, amount: 1, script: , vendor: , memory -> name: memory, amount: 1024, script: , vendor: , offHeap -> name: offHeap, amount: 0, script: , vendor: ), task resources: Map(cpus -> name: cpus, amount: 1.0)
[2023-05-19 18:23:59,585] {spark_submit.py:490} INFO - 23/05/19 18:23:59 INFO ResourceProfile: Limiting resource is cpu
[2023-05-19 18:23:59,587] {spark_submit.py:490} INFO - 23/05/19 18:23:59 INFO ResourceProfileManager: Added ResourceProfile id: 0
[2023-05-19 18:23:59,761] {spark_submit.py:490} INFO - 23/05/19 18:23:59 INFO SecurityManager: Changing view acls to: marianaoliveira
[2023-05-19 18:23:59,762] {spark_submit.py:490} INFO - 23/05/19 18:23:59 INFO SecurityManager: Changing modify acls to: marianaoliveira
[2023-05-19 18:23:59,762] {spark_submit.py:490} INFO - 23/05/19 18:23:59 INFO SecurityManager: Changing view acls groups to:
[2023-05-19 18:23:59,763] {spark_submit.py:490} INFO - 23/05/19 18:23:59 INFO SecurityManager: Changing modify acls groups to:
[2023-05-19 18:23:59,763] {spark_submit.py:490} INFO - 23/05/19 18:23:59 INFO SecurityManager: SecurityManager: authentication disabled; ui acls disabled; users  with view permissions: Set(marianaoliveira); groups with view permissions: Set(); users  with modify permissions: Set(marianaoliveira); groups with modify permissions: Set()
[2023-05-19 18:24:00,900] {spark_submit.py:490} INFO - 23/05/19 18:24:00 INFO Utils: Successfully started service 'sparkDriver' on port 55854.
[2023-05-19 18:24:01,076] {spark_submit.py:490} INFO - 23/05/19 18:24:01 INFO SparkEnv: Registering MapOutputTracker
[2023-05-19 18:24:01,248] {spark_submit.py:490} INFO - 23/05/19 18:24:01 INFO SparkEnv: Registering BlockManagerMaster
[2023-05-19 18:24:01,364] {spark_submit.py:490} INFO - 23/05/19 18:24:01 INFO BlockManagerMasterEndpoint: Using org.apache.spark.storage.DefaultTopologyMapper for getting topology information
[2023-05-19 18:24:01,366] {spark_submit.py:490} INFO - 23/05/19 18:24:01 INFO BlockManagerMasterEndpoint: BlockManagerMasterEndpoint up
[2023-05-19 18:24:01,391] {spark_submit.py:490} INFO - 23/05/19 18:24:01 INFO SparkEnv: Registering BlockManagerMasterHeartbeat
[2023-05-19 18:24:01,484] {spark_submit.py:490} INFO - 23/05/19 18:24:01 INFO DiskBlockManager: Created local directory at /private/var/folders/4m/2vllbq951394clq6jtlsj0p40000gn/T/blockmgr-35069295-383b-4a5e-bfb4-309314bed39f
[2023-05-19 18:24:01,543] {spark_submit.py:490} INFO - 23/05/19 18:24:01 INFO MemoryStore: MemoryStore started with capacity 434.4 MiB
[2023-05-19 18:24:01,627] {spark_submit.py:490} INFO - 23/05/19 18:24:01 INFO SparkEnv: Registering OutputCommitCoordinator
[2023-05-19 18:24:02,488] {spark_submit.py:490} INFO - 23/05/19 18:24:02 WARN Utils: Service 'SparkUI' could not bind on port 4040. Attempting port 4041.
[2023-05-19 18:24:02,518] {spark_submit.py:490} INFO - 23/05/19 18:24:02 INFO Utils: Successfully started service 'SparkUI' on port 4041.
[2023-05-19 18:24:03,106] {spark_submit.py:490} INFO - 23/05/19 18:24:03 INFO Executor: Starting executor ID driver on host 192.168.15.8
[2023-05-19 18:24:03,144] {spark_submit.py:490} INFO - 23/05/19 18:24:03 INFO Executor: Starting executor with user classpath (userClassPathFirst = false): ''
[2023-05-19 18:24:03,249] {spark_submit.py:490} INFO - 23/05/19 18:24:03 INFO Utils: Successfully started service 'org.apache.spark.network.netty.NettyBlockTransferService' on port 55855.
[2023-05-19 18:24:03,250] {spark_submit.py:490} INFO - 23/05/19 18:24:03 INFO NettyBlockTransferService: Server created on 192.168.15.8:55855
[2023-05-19 18:24:03,257] {spark_submit.py:490} INFO - 23/05/19 18:24:03 INFO BlockManager: Using org.apache.spark.storage.RandomBlockReplicationPolicy for block replication policy
[2023-05-19 18:24:03,281] {spark_submit.py:490} INFO - 23/05/19 18:24:03 INFO BlockManagerMaster: Registering BlockManager BlockManagerId(driver, 192.168.15.8, 55855, None)
[2023-05-19 18:24:03,290] {spark_submit.py:490} INFO - 23/05/19 18:24:03 INFO BlockManagerMasterEndpoint: Registering block manager 192.168.15.8:55855 with 434.4 MiB RAM, BlockManagerId(driver, 192.168.15.8, 55855, None)
[2023-05-19 18:24:03,302] {spark_submit.py:490} INFO - 23/05/19 18:24:03 INFO BlockManagerMaster: Registered BlockManager BlockManagerId(driver, 192.168.15.8, 55855, None)
[2023-05-19 18:24:03,307] {spark_submit.py:490} INFO - 23/05/19 18:24:03 INFO BlockManager: Initialized BlockManager: BlockManagerId(driver, 192.168.15.8, 55855, None)
[2023-05-19 18:24:05,048] {spark_submit.py:490} INFO - 23/05/19 18:24:05 INFO SharedState: Setting hive.metastore.warehouse.dir ('null') to the value of spark.sql.warehouse.dir.
[2023-05-19 18:24:05,094] {spark_submit.py:490} INFO - 23/05/19 18:24:05 INFO SharedState: Warehouse path is 'file:/Users/marianaoliveira/Downloads/alura1/spark-warehouse'.
[2023-05-19 18:24:08,272] {spark_submit.py:490} INFO - 23/05/19 18:24:08 INFO InMemoryFileIndex: It took 139 ms to list leaf files for 1 paths.
[2023-05-19 18:24:08,969] {spark_submit.py:490} INFO - 23/05/19 18:24:08 INFO InMemoryFileIndex: It took 51 ms to list leaf files for 6 paths.
[2023-05-19 18:24:17,022] {spark_submit.py:490} INFO - 23/05/19 18:24:17 INFO FileSourceStrategy: Pushed Filters:
[2023-05-19 18:24:17,026] {spark_submit.py:490} INFO - 23/05/19 18:24:17 INFO FileSourceStrategy: Post-Scan Filters:
[2023-05-19 18:24:17,055] {spark_submit.py:490} INFO - 23/05/19 18:24:17 INFO FileSourceStrategy: Output Data Schema: struct<value: string>
[2023-05-19 18:24:17,996] {spark_submit.py:490} INFO - 23/05/19 18:24:17 INFO MemoryStore: Block broadcast_0 stored as values in memory (estimated size 207.4 KiB, free 434.2 MiB)
[2023-05-19 18:24:18,766] {spark_submit.py:490} INFO - 23/05/19 18:24:18 INFO MemoryStore: Block broadcast_0_piece0 stored as bytes in memory (estimated size 34.4 KiB, free 434.2 MiB)
[2023-05-19 18:24:18,774] {spark_submit.py:490} INFO - 23/05/19 18:24:18 INFO BlockManagerInfo: Added broadcast_0_piece0 in memory on 192.168.15.8:55855 (size: 34.4 KiB, free: 434.4 MiB)
[2023-05-19 18:24:18,786] {spark_submit.py:490} INFO - 23/05/19 18:24:18 INFO SparkContext: Created broadcast 0 from json at NativeMethodAccessorImpl.java:0
[2023-05-19 18:24:18,808] {spark_submit.py:490} INFO - 23/05/19 18:24:18 INFO FileSourceScanExec: Planning scan with bin packing, max size: 25193802 bytes, open cost is considered as scanning 4194304 bytes.
[2023-05-19 18:24:19,464] {spark_submit.py:490} INFO - 23/05/19 18:24:19 INFO SparkContext: Starting job: json at NativeMethodAccessorImpl.java:0
[2023-05-19 18:24:19,499] {spark_submit.py:490} INFO - 23/05/19 18:24:19 INFO DAGScheduler: Got job 0 (json at NativeMethodAccessorImpl.java:0) with 1 output partitions
[2023-05-19 18:24:19,499] {spark_submit.py:490} INFO - 23/05/19 18:24:19 INFO DAGScheduler: Final stage: ResultStage 0 (json at NativeMethodAccessorImpl.java:0)
[2023-05-19 18:24:19,500] {spark_submit.py:490} INFO - 23/05/19 18:24:19 INFO DAGScheduler: Parents of final stage: List()
[2023-05-19 18:24:19,503] {spark_submit.py:490} INFO - 23/05/19 18:24:19 INFO DAGScheduler: Missing parents: List()
[2023-05-19 18:24:19,510] {spark_submit.py:490} INFO - 23/05/19 18:24:19 INFO DAGScheduler: Submitting ResultStage 0 (MapPartitionsRDD[3] at json at NativeMethodAccessorImpl.java:0), which has no missing parents
[2023-05-19 18:24:19,741] {spark_submit.py:490} INFO - 23/05/19 18:24:19 INFO MemoryStore: Block broadcast_1 stored as values in memory (estimated size 14.5 KiB, free 434.1 MiB)
[2023-05-19 18:24:19,763] {spark_submit.py:490} INFO - 23/05/19 18:24:19 INFO MemoryStore: Block broadcast_1_piece0 stored as bytes in memory (estimated size 7.0 KiB, free 434.1 MiB)
[2023-05-19 18:24:19,764] {spark_submit.py:490} INFO - 23/05/19 18:24:19 INFO BlockManagerInfo: Added broadcast_1_piece0 in memory on 192.168.15.8:55855 (size: 7.0 KiB, free: 434.4 MiB)
[2023-05-19 18:24:19,767] {spark_submit.py:490} INFO - 23/05/19 18:24:19 INFO SparkContext: Created broadcast 1 from broadcast at DAGScheduler.scala:1513
[2023-05-19 18:24:19,805] {spark_submit.py:490} INFO - 23/05/19 18:24:19 INFO DAGScheduler: Submitting 1 missing tasks from ResultStage 0 (MapPartitionsRDD[3] at json at NativeMethodAccessorImpl.java:0) (first 15 tasks are for partitions Vector(0))
[2023-05-19 18:24:19,807] {spark_submit.py:490} INFO - 23/05/19 18:24:19 INFO TaskSchedulerImpl: Adding task set 0.0 with 1 tasks resource profile 0
[2023-05-19 18:24:19,923] {spark_submit.py:490} INFO - 23/05/19 18:24:19 INFO TaskSetManager: Starting task 0.0 in stage 0.0 (TID 0) (192.168.15.8, executor driver, partition 0, PROCESS_LOCAL, 6121 bytes) taskResourceAssignments Map()
[2023-05-19 18:24:19,943] {spark_submit.py:490} INFO - 23/05/19 18:24:19 INFO Executor: Running task 0.0 in stage 0.0 (TID 0)
[2023-05-19 18:24:20,221] {spark_submit.py:490} INFO - 23/05/19 18:24:20 INFO FileScanRDD: Reading File path: file:///Users/marianaoliveira/Downloads/alura1/datalake/silver/twitter_datascience/tweet/process_date=2023-05-15/part-00000-76cb8d76-be4a-4d51-a4bd-379856d3a6af-c000.json, range: 0-13925, partition values: [empty row]
[2023-05-19 18:24:20,826] {spark_submit.py:490} INFO - 23/05/19 18:24:20 INFO CodeGenerator: Code generated in 519.832607 ms
[2023-05-19 18:24:21,015] {spark_submit.py:490} INFO - 23/05/19 18:24:21 INFO FileScanRDD: Reading File path: file:///Users/marianaoliveira/Downloads/alura1/datalake/silver/twitter_datascience/tweet/process_date=2023-05-13/part-00000-319092af-9919-4bc8-8016-55dceb189d56-c000.json, range: 0-4715, partition values: [empty row]
[2023-05-19 18:24:21,031] {spark_submit.py:490} INFO - 23/05/19 18:24:21 INFO FileScanRDD: Reading File path: file:///Users/marianaoliveira/Downloads/alura1/datalake/silver/twitter_datascience/tweet/process_date=2023-05-16/part-00000-5f811254-987f-475c-9e83-1bf05d7af45c-c000.json, range: 0-2392, partition values: [empty row]
[2023-05-19 18:24:21,046] {spark_submit.py:490} INFO - 23/05/19 18:24:21 INFO FileScanRDD: Reading File path: file:///Users/marianaoliveira/Downloads/alura1/datalake/silver/twitter_datascience/tweet/process_date=2023-05-18/part-00000-759a5de3-5192-44d9-8ab7-e505bfd1c2f3-c000.json, range: 0-2321, partition values: [empty row]
[2023-05-19 18:24:21,064] {spark_submit.py:490} INFO - 23/05/19 18:24:21 INFO FileScanRDD: Reading File path: file:///Users/marianaoliveira/Downloads/alura1/datalake/silver/twitter_datascience/tweet/process_date=2023-05-17/part-00000-e1b9a50c-1588-4ede-baf4-8c69b52707d5-c000.json, range: 0-2315, partition values: [empty row]
[2023-05-19 18:24:21,076] {spark_submit.py:490} INFO - 23/05/19 18:24:21 INFO FileScanRDD: Reading File path: file:///Users/marianaoliveira/Downloads/alura1/datalake/silver/twitter_datascience/tweet/process_date=2023-05-14/part-00000-35a69c61-4cf8-48de-b4bf-d664b27c37d1-c000.json, range: 0-2310, partition values: [empty row]
[2023-05-19 18:24:21,158] {spark_submit.py:490} INFO - 23/05/19 18:24:21 INFO Executor: Finished task 0.0 in stage 0.0 (TID 0). 2240 bytes result sent to driver
[2023-05-19 18:24:21,170] {spark_submit.py:490} INFO - 23/05/19 18:24:21 INFO TaskSetManager: Finished task 0.0 in stage 0.0 (TID 0) in 1267 ms on 192.168.15.8 (executor driver) (1/1)
[2023-05-19 18:24:21,174] {spark_submit.py:490} INFO - 23/05/19 18:24:21 INFO TaskSchedulerImpl: Removed TaskSet 0.0, whose tasks have all completed, from pool
[2023-05-19 18:24:21,183] {spark_submit.py:490} INFO - 23/05/19 18:24:21 INFO DAGScheduler: ResultStage 0 (json at NativeMethodAccessorImpl.java:0) finished in 1.636 s
[2023-05-19 18:24:21,187] {spark_submit.py:490} INFO - 23/05/19 18:24:21 INFO DAGScheduler: Job 0 is finished. Cancelling potential speculative or zombie tasks for this job
[2023-05-19 18:24:21,188] {spark_submit.py:490} INFO - 23/05/19 18:24:21 INFO TaskSchedulerImpl: Killing all running tasks in stage 0: Stage finished
[2023-05-19 18:24:21,192] {spark_submit.py:490} INFO - 23/05/19 18:24:21 INFO DAGScheduler: Job 0 finished: json at NativeMethodAccessorImpl.java:0, took 1.725977 s
[2023-05-19 18:24:21,358] {spark_submit.py:490} INFO - 23/05/19 18:24:21 INFO BlockManagerInfo: Removed broadcast_0_piece0 on 192.168.15.8:55855 in memory (size: 34.4 KiB, free: 434.4 MiB)
[2023-05-19 18:24:21,366] {spark_submit.py:490} INFO - 23/05/19 18:24:21 INFO BlockManagerInfo: Removed broadcast_1_piece0 on 192.168.15.8:55855 in memory (size: 7.0 KiB, free: 434.4 MiB)
[2023-05-19 18:24:22,934] {spark_submit.py:490} INFO - 23/05/19 18:24:22 INFO DataSourceStrategy: Pruning directories with:
[2023-05-19 18:24:22,936] {spark_submit.py:490} INFO - 23/05/19 18:24:22 INFO FileSourceStrategy: Pushed Filters:
[2023-05-19 18:24:22,937] {spark_submit.py:490} INFO - 23/05/19 18:24:22 INFO FileSourceStrategy: Post-Scan Filters:
[2023-05-19 18:24:22,938] {spark_submit.py:490} INFO - 23/05/19 18:24:22 INFO FileSourceStrategy: Output Data Schema: struct<author_id: string, created_at: string, like_count: bigint, quote_count: bigint, reply_count: bigint ... 1 more field>
[2023-05-19 18:24:24,527] {spark_submit.py:490} INFO - 23/05/19 18:24:24 INFO CodeGenerator: Code generated in 337.413471 ms
[2023-05-19 18:24:24,539] {spark_submit.py:490} INFO - 23/05/19 18:24:24 INFO MemoryStore: Block broadcast_2 stored as values in memory (estimated size 207.3 KiB, free 434.2 MiB)
[2023-05-19 18:24:24,648] {spark_submit.py:490} INFO - 23/05/19 18:24:24 INFO MemoryStore: Block broadcast_2_piece0 stored as bytes in memory (estimated size 34.3 KiB, free 434.2 MiB)
[2023-05-19 18:24:24,655] {spark_submit.py:490} INFO - 23/05/19 18:24:24 INFO BlockManagerInfo: Added broadcast_2_piece0 in memory on 192.168.15.8:55855 (size: 34.3 KiB, free: 434.4 MiB)
[2023-05-19 18:24:24,660] {spark_submit.py:490} INFO - 23/05/19 18:24:24 INFO SparkContext: Created broadcast 2 from json at NativeMethodAccessorImpl.java:0
[2023-05-19 18:24:24,669] {spark_submit.py:490} INFO - 23/05/19 18:24:24 INFO FileSourceScanExec: Planning scan with bin packing, max size: 25193802 bytes, open cost is considered as scanning 4194304 bytes.
[2023-05-19 18:24:24,929] {spark_submit.py:490} INFO - 23/05/19 18:24:24 INFO DAGScheduler: Registering RDD 7 (json at NativeMethodAccessorImpl.java:0) as input to shuffle 0
[2023-05-19 18:24:24,936] {spark_submit.py:490} INFO - 23/05/19 18:24:24 INFO DAGScheduler: Got map stage job 1 (json at NativeMethodAccessorImpl.java:0) with 1 output partitions
[2023-05-19 18:24:24,937] {spark_submit.py:490} INFO - 23/05/19 18:24:24 INFO DAGScheduler: Final stage: ShuffleMapStage 1 (json at NativeMethodAccessorImpl.java:0)
[2023-05-19 18:24:24,938] {spark_submit.py:490} INFO - 23/05/19 18:24:24 INFO DAGScheduler: Parents of final stage: List()
[2023-05-19 18:24:24,939] {spark_submit.py:490} INFO - 23/05/19 18:24:24 INFO DAGScheduler: Missing parents: List()
[2023-05-19 18:24:24,942] {spark_submit.py:490} INFO - 23/05/19 18:24:24 INFO DAGScheduler: Submitting ShuffleMapStage 1 (MapPartitionsRDD[7] at json at NativeMethodAccessorImpl.java:0), which has no missing parents
[2023-05-19 18:24:24,969] {spark_submit.py:490} INFO - 23/05/19 18:24:24 INFO MemoryStore: Block broadcast_3 stored as values in memory (estimated size 50.9 KiB, free 434.1 MiB)
[2023-05-19 18:24:24,986] {spark_submit.py:490} INFO - 23/05/19 18:24:24 INFO MemoryStore: Block broadcast_3_piece0 stored as bytes in memory (estimated size 21.6 KiB, free 434.1 MiB)
[2023-05-19 18:24:24,988] {spark_submit.py:490} INFO - 23/05/19 18:24:24 INFO BlockManagerInfo: Added broadcast_3_piece0 in memory on 192.168.15.8:55855 (size: 21.6 KiB, free: 434.3 MiB)
[2023-05-19 18:24:24,989] {spark_submit.py:490} INFO - 23/05/19 18:24:24 INFO SparkContext: Created broadcast 3 from broadcast at DAGScheduler.scala:1513
[2023-05-19 18:24:24,992] {spark_submit.py:490} INFO - 23/05/19 18:24:24 INFO DAGScheduler: Submitting 1 missing tasks from ShuffleMapStage 1 (MapPartitionsRDD[7] at json at NativeMethodAccessorImpl.java:0) (first 15 tasks are for partitions Vector(0))
[2023-05-19 18:24:24,993] {spark_submit.py:490} INFO - 23/05/19 18:24:24 INFO TaskSchedulerImpl: Adding task set 1.0 with 1 tasks resource profile 0
[2023-05-19 18:24:24,997] {spark_submit.py:490} INFO - 23/05/19 18:24:24 INFO TaskSetManager: Starting task 0.0 in stage 1.0 (TID 1) (192.168.15.8, executor driver, partition 0, PROCESS_LOCAL, 6225 bytes) taskResourceAssignments Map()
[2023-05-19 18:24:25,001] {spark_submit.py:490} INFO - 23/05/19 18:24:24 INFO Executor: Running task 0.0 in stage 1.0 (TID 1)
[2023-05-19 18:24:25,129] {spark_submit.py:490} INFO - 23/05/19 18:24:25 INFO CodeGenerator: Code generated in 34.382558 ms
[2023-05-19 18:24:25,213] {spark_submit.py:490} INFO - 23/05/19 18:24:25 INFO CodeGenerator: Code generated in 32.105281 ms
[2023-05-19 18:24:25,331] {spark_submit.py:490} INFO - 23/05/19 18:24:25 INFO CodeGenerator: Code generated in 67.830605 ms
[2023-05-19 18:24:25,378] {spark_submit.py:490} INFO - 23/05/19 18:24:25 INFO CodeGenerator: Code generated in 29.998172 ms
[2023-05-19 18:24:25,420] {spark_submit.py:490} INFO - 23/05/19 18:24:25 INFO FileScanRDD: Reading File path: file:///Users/marianaoliveira/Downloads/alura1/datalake/silver/twitter_datascience/tweet/process_date=2023-05-15/part-00000-76cb8d76-be4a-4d51-a4bd-379856d3a6af-c000.json, range: 0-13925, partition values: [19492]
[2023-05-19 18:24:25,474] {spark_submit.py:490} INFO - 23/05/19 18:24:25 INFO CodeGenerator: Code generated in 32.533707 ms
[2023-05-19 18:24:25,542] {spark_submit.py:490} INFO - 23/05/19 18:24:25 INFO FileScanRDD: Reading File path: file:///Users/marianaoliveira/Downloads/alura1/datalake/silver/twitter_datascience/tweet/process_date=2023-05-13/part-00000-319092af-9919-4bc8-8016-55dceb189d56-c000.json, range: 0-4715, partition values: [19490]
[2023-05-19 18:24:25,592] {spark_submit.py:490} INFO - 23/05/19 18:24:25 INFO FileScanRDD: Reading File path: file:///Users/marianaoliveira/Downloads/alura1/datalake/silver/twitter_datascience/tweet/process_date=2023-05-16/part-00000-5f811254-987f-475c-9e83-1bf05d7af45c-c000.json, range: 0-2392, partition values: [19493]
[2023-05-19 18:24:25,630] {spark_submit.py:490} INFO - 23/05/19 18:24:25 INFO FileScanRDD: Reading File path: file:///Users/marianaoliveira/Downloads/alura1/datalake/silver/twitter_datascience/tweet/process_date=2023-05-18/part-00000-759a5de3-5192-44d9-8ab7-e505bfd1c2f3-c000.json, range: 0-2321, partition values: [19495]
[2023-05-19 18:24:25,648] {spark_submit.py:490} INFO - 23/05/19 18:24:25 INFO FileScanRDD: Reading File path: file:///Users/marianaoliveira/Downloads/alura1/datalake/silver/twitter_datascience/tweet/process_date=2023-05-17/part-00000-e1b9a50c-1588-4ede-baf4-8c69b52707d5-c000.json, range: 0-2315, partition values: [19494]
[2023-05-19 18:24:25,660] {spark_submit.py:490} INFO - 23/05/19 18:24:25 INFO FileScanRDD: Reading File path: file:///Users/marianaoliveira/Downloads/alura1/datalake/silver/twitter_datascience/tweet/process_date=2023-05-14/part-00000-35a69c61-4cf8-48de-b4bf-d664b27c37d1-c000.json, range: 0-2310, partition values: [19491]
[2023-05-19 18:24:26,186] {spark_submit.py:490} INFO - 23/05/19 18:24:26 INFO Executor: Finished task 0.0 in stage 1.0 (TID 1). 2988 bytes result sent to driver
[2023-05-19 18:24:26,193] {spark_submit.py:490} INFO - 23/05/19 18:24:26 INFO TaskSetManager: Finished task 0.0 in stage 1.0 (TID 1) in 1198 ms on 192.168.15.8 (executor driver) (1/1)
[2023-05-19 18:24:26,195] {spark_submit.py:490} INFO - 23/05/19 18:24:26 INFO TaskSchedulerImpl: Removed TaskSet 1.0, whose tasks have all completed, from pool
[2023-05-19 18:24:26,197] {spark_submit.py:490} INFO - 23/05/19 18:24:26 INFO DAGScheduler: ShuffleMapStage 1 (json at NativeMethodAccessorImpl.java:0) finished in 1.249 s
[2023-05-19 18:24:26,198] {spark_submit.py:490} INFO - 23/05/19 18:24:26 INFO DAGScheduler: looking for newly runnable stages
[2023-05-19 18:24:26,200] {spark_submit.py:490} INFO - 23/05/19 18:24:26 INFO DAGScheduler: running: Set()
[2023-05-19 18:24:26,201] {spark_submit.py:490} INFO - 23/05/19 18:24:26 INFO DAGScheduler: waiting: Set()
[2023-05-19 18:24:26,202] {spark_submit.py:490} INFO - 23/05/19 18:24:26 INFO DAGScheduler: failed: Set()
[2023-05-19 18:24:26,249] {spark_submit.py:490} INFO - 23/05/19 18:24:26 INFO ShufflePartitionsUtil: For shuffle(0), advisory target size: 67108864, actual target size 1048576, minimum partition size: 1048576
[2023-05-19 18:24:26,602] {spark_submit.py:490} INFO - 23/05/19 18:24:26 INFO CodeGenerator: Code generated in 214.095883 ms
[2023-05-19 18:24:26,677] {spark_submit.py:490} INFO - 23/05/19 18:24:26 INFO DAGScheduler: Registering RDD 10 (json at NativeMethodAccessorImpl.java:0) as input to shuffle 1
[2023-05-19 18:24:26,678] {spark_submit.py:490} INFO - 23/05/19 18:24:26 INFO DAGScheduler: Got map stage job 2 (json at NativeMethodAccessorImpl.java:0) with 1 output partitions
[2023-05-19 18:24:26,679] {spark_submit.py:490} INFO - 23/05/19 18:24:26 INFO DAGScheduler: Final stage: ShuffleMapStage 3 (json at NativeMethodAccessorImpl.java:0)
[2023-05-19 18:24:26,679] {spark_submit.py:490} INFO - 23/05/19 18:24:26 INFO DAGScheduler: Parents of final stage: List(ShuffleMapStage 2)
[2023-05-19 18:24:26,680] {spark_submit.py:490} INFO - 23/05/19 18:24:26 INFO DAGScheduler: Missing parents: List()
[2023-05-19 18:24:26,681] {spark_submit.py:490} INFO - 23/05/19 18:24:26 INFO DAGScheduler: Submitting ShuffleMapStage 3 (MapPartitionsRDD[10] at json at NativeMethodAccessorImpl.java:0), which has no missing parents
[2023-05-19 18:24:26,718] {spark_submit.py:490} INFO - 23/05/19 18:24:26 INFO MemoryStore: Block broadcast_4 stored as values in memory (estimated size 80.3 KiB, free 434.0 MiB)
[2023-05-19 18:24:26,740] {spark_submit.py:490} INFO - 23/05/19 18:24:26 INFO BlockManagerInfo: Removed broadcast_3_piece0 on 192.168.15.8:55855 in memory (size: 21.6 KiB, free: 434.4 MiB)
[2023-05-19 18:24:26,742] {spark_submit.py:490} INFO - 23/05/19 18:24:26 INFO MemoryStore: Block broadcast_4_piece0 stored as bytes in memory (estimated size 29.5 KiB, free 434.1 MiB)
[2023-05-19 18:24:26,743] {spark_submit.py:490} INFO - 23/05/19 18:24:26 INFO BlockManagerInfo: Added broadcast_4_piece0 in memory on 192.168.15.8:55855 (size: 29.5 KiB, free: 434.3 MiB)
[2023-05-19 18:24:26,744] {spark_submit.py:490} INFO - 23/05/19 18:24:26 INFO SparkContext: Created broadcast 4 from broadcast at DAGScheduler.scala:1513
[2023-05-19 18:24:26,746] {spark_submit.py:490} INFO - 23/05/19 18:24:26 INFO DAGScheduler: Submitting 1 missing tasks from ShuffleMapStage 3 (MapPartitionsRDD[10] at json at NativeMethodAccessorImpl.java:0) (first 15 tasks are for partitions Vector(0))
[2023-05-19 18:24:26,747] {spark_submit.py:490} INFO - 23/05/19 18:24:26 INFO TaskSchedulerImpl: Adding task set 3.0 with 1 tasks resource profile 0
[2023-05-19 18:24:26,757] {spark_submit.py:490} INFO - 23/05/19 18:24:26 INFO TaskSetManager: Starting task 0.0 in stage 3.0 (TID 2) (192.168.15.8, executor driver, partition 0, NODE_LOCAL, 4442 bytes) taskResourceAssignments Map()
[2023-05-19 18:24:26,758] {spark_submit.py:490} INFO - 23/05/19 18:24:26 INFO Executor: Running task 0.0 in stage 3.0 (TID 2)
[2023-05-19 18:24:26,843] {spark_submit.py:490} INFO - 23/05/19 18:24:26 INFO ShuffleBlockFetcherIterator: Getting 1 (8.3 KiB) non-empty blocks including 1 (8.3 KiB) local and 0 (0.0 B) host-local and 0 (0.0 B) push-merged-local and 0 (0.0 B) remote blocks
[2023-05-19 18:24:26,848] {spark_submit.py:490} INFO - 23/05/19 18:24:26 INFO ShuffleBlockFetcherIterator: Started 0 remote fetches in 28 ms
[2023-05-19 18:24:26,901] {spark_submit.py:490} INFO - 23/05/19 18:24:26 INFO CodeGenerator: Code generated in 24.776768 ms
[2023-05-19 18:24:26,930] {spark_submit.py:490} INFO - 23/05/19 18:24:26 INFO CodeGenerator: Code generated in 18.652934 ms
[2023-05-19 18:24:26,964] {spark_submit.py:490} INFO - 23/05/19 18:24:26 INFO CodeGenerator: Code generated in 16.52192 ms
[2023-05-19 18:24:27,050] {spark_submit.py:490} INFO - 23/05/19 18:24:27 INFO CodeGenerator: Code generated in 13.509036 ms
[2023-05-19 18:24:27,359] {spark_submit.py:490} INFO - 23/05/19 18:24:27 INFO Executor: Finished task 0.0 in stage 3.0 (TID 2). 4732 bytes result sent to driver
[2023-05-19 18:24:27,361] {spark_submit.py:490} INFO - 23/05/19 18:24:27 INFO TaskSetManager: Finished task 0.0 in stage 3.0 (TID 2) in 606 ms on 192.168.15.8 (executor driver) (1/1)
[2023-05-19 18:24:27,362] {spark_submit.py:490} INFO - 23/05/19 18:24:27 INFO TaskSchedulerImpl: Removed TaskSet 3.0, whose tasks have all completed, from pool
[2023-05-19 18:24:27,364] {spark_submit.py:490} INFO - 23/05/19 18:24:27 INFO DAGScheduler: ShuffleMapStage 3 (json at NativeMethodAccessorImpl.java:0) finished in 0.656 s
[2023-05-19 18:24:27,365] {spark_submit.py:490} INFO - 23/05/19 18:24:27 INFO DAGScheduler: looking for newly runnable stages
[2023-05-19 18:24:27,366] {spark_submit.py:490} INFO - 23/05/19 18:24:27 INFO DAGScheduler: running: Set()
[2023-05-19 18:24:27,366] {spark_submit.py:490} INFO - 23/05/19 18:24:27 INFO DAGScheduler: waiting: Set()
[2023-05-19 18:24:27,367] {spark_submit.py:490} INFO - 23/05/19 18:24:27 INFO DAGScheduler: failed: Set()
[2023-05-19 18:24:27,373] {spark_submit.py:490} INFO - 23/05/19 18:24:27 INFO ShufflePartitionsUtil: For shuffle(1), advisory target size: 67108864, actual target size 1048576, minimum partition size: 1048576
[2023-05-19 18:24:27,410] {spark_submit.py:490} INFO - 23/05/19 18:24:27 INFO FileOutputCommitter: File Output Committer Algorithm version is 1
[2023-05-19 18:24:27,411] {spark_submit.py:490} INFO - 23/05/19 18:24:27 INFO FileOutputCommitter: FileOutputCommitter skip cleanup _temporary folders under output directory:false, ignore cleanup failures: false
[2023-05-19 18:24:27,412] {spark_submit.py:490} INFO - 23/05/19 18:24:27 INFO SQLHadoopMapReduceCommitProtocol: Using output committer class org.apache.hadoop.mapreduce.lib.output.FileOutputCommitter
[2023-05-19 18:24:27,464] {spark_submit.py:490} INFO - 23/05/19 18:24:27 INFO HashAggregateExec: spark.sql.codegen.aggregate.map.twolevel.enabled is set to true, but current version of codegened fast hashmap does not support this aggregate.
[2023-05-19 18:24:27,570] {spark_submit.py:490} INFO - 23/05/19 18:24:27 INFO CodeGenerator: Code generated in 71.921587 ms
[2023-05-19 18:24:27,769] {spark_submit.py:490} INFO - 23/05/19 18:24:27 INFO SparkContext: Starting job: json at NativeMethodAccessorImpl.java:0
[2023-05-19 18:24:27,773] {spark_submit.py:490} INFO - 23/05/19 18:24:27 INFO DAGScheduler: Got job 3 (json at NativeMethodAccessorImpl.java:0) with 1 output partitions
[2023-05-19 18:24:27,774] {spark_submit.py:490} INFO - 23/05/19 18:24:27 INFO DAGScheduler: Final stage: ResultStage 6 (json at NativeMethodAccessorImpl.java:0)
[2023-05-19 18:24:27,777] {spark_submit.py:490} INFO - 23/05/19 18:24:27 INFO DAGScheduler: Parents of final stage: List(ShuffleMapStage 5)
[2023-05-19 18:24:27,778] {spark_submit.py:490} INFO - 23/05/19 18:24:27 INFO DAGScheduler: Missing parents: List()
[2023-05-19 18:24:27,779] {spark_submit.py:490} INFO - 23/05/19 18:24:27 INFO DAGScheduler: Submitting ResultStage 6 (CoalescedRDD[13] at json at NativeMethodAccessorImpl.java:0), which has no missing parents
[2023-05-19 18:24:27,867] {spark_submit.py:490} INFO - 23/05/19 18:24:27 INFO MemoryStore: Block broadcast_5 stored as values in memory (estimated size 266.0 KiB, free 433.8 MiB)
[2023-05-19 18:24:27,885] {spark_submit.py:490} INFO - 23/05/19 18:24:27 INFO BlockManagerInfo: Removed broadcast_4_piece0 on 192.168.15.8:55855 in memory (size: 29.5 KiB, free: 434.4 MiB)
[2023-05-19 18:24:27,889] {spark_submit.py:490} INFO - 23/05/19 18:24:27 INFO MemoryStore: Block broadcast_5_piece0 stored as bytes in memory (estimated size 96.1 KiB, free 433.8 MiB)
[2023-05-19 18:24:27,890] {spark_submit.py:490} INFO - 23/05/19 18:24:27 INFO BlockManagerInfo: Added broadcast_5_piece0 in memory on 192.168.15.8:55855 (size: 96.1 KiB, free: 434.3 MiB)
[2023-05-19 18:24:27,895] {spark_submit.py:490} INFO - 23/05/19 18:24:27 INFO SparkContext: Created broadcast 5 from broadcast at DAGScheduler.scala:1513
[2023-05-19 18:24:27,897] {spark_submit.py:490} INFO - 23/05/19 18:24:27 INFO DAGScheduler: Submitting 1 missing tasks from ResultStage 6 (CoalescedRDD[13] at json at NativeMethodAccessorImpl.java:0) (first 15 tasks are for partitions Vector(0))
[2023-05-19 18:24:27,898] {spark_submit.py:490} INFO - 23/05/19 18:24:27 INFO TaskSchedulerImpl: Adding task set 6.0 with 1 tasks resource profile 0
[2023-05-19 18:24:27,904] {spark_submit.py:490} INFO - 23/05/19 18:24:27 INFO TaskSetManager: Starting task 0.0 in stage 6.0 (TID 3) (192.168.15.8, executor driver, partition 0, NODE_LOCAL, 4729 bytes) taskResourceAssignments Map()
[2023-05-19 18:24:27,905] {spark_submit.py:490} INFO - 23/05/19 18:24:27 INFO Executor: Running task 0.0 in stage 6.0 (TID 3)
[2023-05-19 18:24:28,019] {spark_submit.py:490} INFO - 23/05/19 18:24:28 INFO FileOutputCommitter: File Output Committer Algorithm version is 1
[2023-05-19 18:24:28,025] {spark_submit.py:490} INFO - 23/05/19 18:24:28 INFO FileOutputCommitter: FileOutputCommitter skip cleanup _temporary folders under output directory:false, ignore cleanup failures: false
[2023-05-19 18:24:28,027] {spark_submit.py:490} INFO - 23/05/19 18:24:28 INFO SQLHadoopMapReduceCommitProtocol: Using output committer class org.apache.hadoop.mapreduce.lib.output.FileOutputCommitter
[2023-05-19 18:24:28,131] {spark_submit.py:490} INFO - 23/05/19 18:24:28 INFO ShuffleBlockFetcherIterator: Getting 1 (528.0 B) non-empty blocks including 1 (528.0 B) local and 0 (0.0 B) host-local and 0 (0.0 B) push-merged-local and 0 (0.0 B) remote blocks
[2023-05-19 18:24:28,132] {spark_submit.py:490} INFO - 23/05/19 18:24:28 INFO ShuffleBlockFetcherIterator: Started 0 remote fetches in 1 ms
[2023-05-19 18:24:28,190] {spark_submit.py:490} INFO - 23/05/19 18:24:28 INFO FileOutputCommitter: Saved output of task 'attempt_202305191824272060832556780542052_0006_m_000000_3' to file:/Users/marianaoliveira/Downloads/alura1/datalake/gold/twitter_datascience/process_date=2023-05-16/_temporary/0/task_202305191824272060832556780542052_0006_m_000000
[2023-05-19 18:24:28,194] {spark_submit.py:490} INFO - 23/05/19 18:24:28 INFO SparkHadoopMapRedUtil: attempt_202305191824272060832556780542052_0006_m_000000_3: Committed. Elapsed time: 2 ms.
[2023-05-19 18:24:28,213] {spark_submit.py:490} INFO - 23/05/19 18:24:28 INFO Executor: Finished task 0.0 in stage 6.0 (TID 3). 6429 bytes result sent to driver
[2023-05-19 18:24:28,217] {spark_submit.py:490} INFO - 23/05/19 18:24:28 INFO TaskSetManager: Finished task 0.0 in stage 6.0 (TID 3) in 317 ms on 192.168.15.8 (executor driver) (1/1)
[2023-05-19 18:24:28,218] {spark_submit.py:490} INFO - 23/05/19 18:24:28 INFO TaskSchedulerImpl: Removed TaskSet 6.0, whose tasks have all completed, from pool
[2023-05-19 18:24:28,220] {spark_submit.py:490} INFO - 23/05/19 18:24:28 INFO DAGScheduler: ResultStage 6 (json at NativeMethodAccessorImpl.java:0) finished in 0.442 s
[2023-05-19 18:24:28,221] {spark_submit.py:490} INFO - 23/05/19 18:24:28 INFO DAGScheduler: Job 3 is finished. Cancelling potential speculative or zombie tasks for this job
[2023-05-19 18:24:28,222] {spark_submit.py:490} INFO - 23/05/19 18:24:28 INFO TaskSchedulerImpl: Killing all running tasks in stage 6: Stage finished
[2023-05-19 18:24:28,224] {spark_submit.py:490} INFO - 23/05/19 18:24:28 INFO DAGScheduler: Job 3 finished: json at NativeMethodAccessorImpl.java:0, took 0.454000 s
[2023-05-19 18:24:28,230] {spark_submit.py:490} INFO - 23/05/19 18:24:28 INFO FileFormatWriter: Start to commit write Job 8c54b6b8-b618-4062-a360-744e53175f50.
[2023-05-19 18:24:28,274] {spark_submit.py:490} INFO - 23/05/19 18:24:28 INFO FileFormatWriter: Write Job 8c54b6b8-b618-4062-a360-744e53175f50 committed. Elapsed time: 42 ms.
[2023-05-19 18:24:28,284] {spark_submit.py:490} INFO - 23/05/19 18:24:28 INFO FileFormatWriter: Finished processing stats for write job 8c54b6b8-b618-4062-a360-744e53175f50.
[2023-05-19 18:24:28,453] {spark_submit.py:490} INFO - 23/05/19 18:24:28 INFO SparkContext: Invoking stop() from shutdown hook
[2023-05-19 18:24:28,500] {spark_submit.py:490} INFO - 23/05/19 18:24:28 INFO SparkUI: Stopped Spark web UI at http://192.168.15.8:4041
[2023-05-19 18:24:28,537] {spark_submit.py:490} INFO - 23/05/19 18:24:28 INFO MapOutputTrackerMasterEndpoint: MapOutputTrackerMasterEndpoint stopped!
[2023-05-19 18:24:28,600] {spark_submit.py:490} INFO - 23/05/19 18:24:28 INFO MemoryStore: MemoryStore cleared
[2023-05-19 18:24:28,601] {spark_submit.py:490} INFO - 23/05/19 18:24:28 INFO BlockManager: BlockManager stopped
[2023-05-19 18:24:28,608] {spark_submit.py:490} INFO - 23/05/19 18:24:28 INFO BlockManagerMaster: BlockManagerMaster stopped
[2023-05-19 18:24:28,611] {spark_submit.py:490} INFO - 23/05/19 18:24:28 INFO OutputCommitCoordinator$OutputCommitCoordinatorEndpoint: OutputCommitCoordinator stopped!
[2023-05-19 18:24:28,626] {spark_submit.py:490} INFO - 23/05/19 18:24:28 INFO SparkContext: Successfully stopped SparkContext
[2023-05-19 18:24:28,627] {spark_submit.py:490} INFO - 23/05/19 18:24:28 INFO ShutdownHookManager: Shutdown hook called
[2023-05-19 18:24:28,630] {spark_submit.py:490} INFO - 23/05/19 18:24:28 INFO ShutdownHookManager: Deleting directory /private/var/folders/4m/2vllbq951394clq6jtlsj0p40000gn/T/spark-1997378c-d4d7-439a-8d3f-0ebcf600c7f1
[2023-05-19 18:24:28,645] {spark_submit.py:490} INFO - 23/05/19 18:24:28 INFO ShutdownHookManager: Deleting directory /private/var/folders/4m/2vllbq951394clq6jtlsj0p40000gn/T/spark-2886a9a2-effc-491e-a63d-56566b4eac41
[2023-05-19 18:24:28,659] {spark_submit.py:490} INFO - 23/05/19 18:24:28 INFO ShutdownHookManager: Deleting directory /private/var/folders/4m/2vllbq951394clq6jtlsj0p40000gn/T/spark-2886a9a2-effc-491e-a63d-56566b4eac41/pyspark-d6bf1e2d-e98f-414a-a971-827c234c79f2
[2023-05-19 18:24:28,797] {taskinstance.py:1395} INFO - Marking task as SUCCESS. dag_id=TwitterDAG, task_id=insight_twitter, execution_date=20230516T000000, start_date=20230519T212350, end_date=20230519T212428
[2023-05-19 18:24:28,853] {local_task_job.py:156} INFO - Task exited with return code 0
[2023-05-19 18:24:28,893] {local_task_job.py:273} INFO - 0 downstream tasks scheduled from follow-on schedule check
