[2023-05-19 15:11:05,028] {processor.py:153} INFO - Started process (PID=2732) to work on /Users/marianaoliveira/Downloads/alura1/venv/lib/python3.10/site-packages/airflow/example_dags/subdags/subdag.py
[2023-05-19 15:11:05,029] {processor.py:641} INFO - Processing file /Users/marianaoliveira/Downloads/alura1/venv/lib/python3.10/site-packages/airflow/example_dags/subdags/subdag.py for tasks to queue
[2023-05-19 15:11:05,029] {logging_mixin.py:115} INFO - [2023-05-19 15:11:05,029] {dagbag.py:507} INFO - Filling up the DagBag from /Users/marianaoliveira/Downloads/alura1/venv/lib/python3.10/site-packages/airflow/example_dags/subdags/subdag.py
[2023-05-19 15:11:05,033] {processor.py:653} WARNING - No viable dags retrieved from /Users/marianaoliveira/Downloads/alura1/venv/lib/python3.10/site-packages/airflow/example_dags/subdags/subdag.py
[2023-05-19 15:11:05,493] {processor.py:161} INFO - Processing /Users/marianaoliveira/Downloads/alura1/venv/lib/python3.10/site-packages/airflow/example_dags/subdags/subdag.py took 0.466 seconds
[2023-05-19 15:13:23,893] {processor.py:153} INFO - Started process (PID=2864) to work on /Users/marianaoliveira/Downloads/alura1/venv/lib/python3.10/site-packages/airflow/example_dags/subdags/subdag.py
[2023-05-19 15:13:23,894] {processor.py:641} INFO - Processing file /Users/marianaoliveira/Downloads/alura1/venv/lib/python3.10/site-packages/airflow/example_dags/subdags/subdag.py for tasks to queue
[2023-05-19 15:13:23,894] {logging_mixin.py:115} INFO - [2023-05-19 15:13:23,894] {dagbag.py:507} INFO - Filling up the DagBag from /Users/marianaoliveira/Downloads/alura1/venv/lib/python3.10/site-packages/airflow/example_dags/subdags/subdag.py
[2023-05-19 15:13:23,899] {processor.py:653} WARNING - No viable dags retrieved from /Users/marianaoliveira/Downloads/alura1/venv/lib/python3.10/site-packages/airflow/example_dags/subdags/subdag.py
[2023-05-19 15:13:23,944] {processor.py:161} INFO - Processing /Users/marianaoliveira/Downloads/alura1/venv/lib/python3.10/site-packages/airflow/example_dags/subdags/subdag.py took 0.052 seconds
[2023-05-19 15:14:21,902] {processor.py:153} INFO - Started process (PID=2900) to work on /Users/marianaoliveira/Downloads/alura1/venv/lib/python3.10/site-packages/airflow/example_dags/subdags/subdag.py
[2023-05-19 15:14:21,902] {processor.py:641} INFO - Processing file /Users/marianaoliveira/Downloads/alura1/venv/lib/python3.10/site-packages/airflow/example_dags/subdags/subdag.py for tasks to queue
[2023-05-19 15:14:21,903] {logging_mixin.py:115} INFO - [2023-05-19 15:14:21,902] {dagbag.py:507} INFO - Filling up the DagBag from /Users/marianaoliveira/Downloads/alura1/venv/lib/python3.10/site-packages/airflow/example_dags/subdags/subdag.py
[2023-05-19 15:14:21,905] {processor.py:653} WARNING - No viable dags retrieved from /Users/marianaoliveira/Downloads/alura1/venv/lib/python3.10/site-packages/airflow/example_dags/subdags/subdag.py
[2023-05-19 15:14:21,949] {processor.py:161} INFO - Processing /Users/marianaoliveira/Downloads/alura1/venv/lib/python3.10/site-packages/airflow/example_dags/subdags/subdag.py took 0.048 seconds
[2023-05-19 15:15:12,301] {processor.py:153} INFO - Started process (PID=2931) to work on /Users/marianaoliveira/Downloads/alura1/venv/lib/python3.10/site-packages/airflow/example_dags/subdags/subdag.py
[2023-05-19 15:15:12,302] {processor.py:641} INFO - Processing file /Users/marianaoliveira/Downloads/alura1/venv/lib/python3.10/site-packages/airflow/example_dags/subdags/subdag.py for tasks to queue
[2023-05-19 15:15:12,302] {logging_mixin.py:115} INFO - [2023-05-19 15:15:12,302] {dagbag.py:507} INFO - Filling up the DagBag from /Users/marianaoliveira/Downloads/alura1/venv/lib/python3.10/site-packages/airflow/example_dags/subdags/subdag.py
[2023-05-19 15:15:12,306] {processor.py:653} WARNING - No viable dags retrieved from /Users/marianaoliveira/Downloads/alura1/venv/lib/python3.10/site-packages/airflow/example_dags/subdags/subdag.py
[2023-05-19 15:15:12,354] {processor.py:161} INFO - Processing /Users/marianaoliveira/Downloads/alura1/venv/lib/python3.10/site-packages/airflow/example_dags/subdags/subdag.py took 0.053 seconds
[2023-05-19 15:16:27,863] {processor.py:153} INFO - Started process (PID=2963) to work on /Users/marianaoliveira/Downloads/alura1/venv/lib/python3.10/site-packages/airflow/example_dags/subdags/subdag.py
[2023-05-19 15:16:27,864] {processor.py:641} INFO - Processing file /Users/marianaoliveira/Downloads/alura1/venv/lib/python3.10/site-packages/airflow/example_dags/subdags/subdag.py for tasks to queue
[2023-05-19 15:16:27,865] {logging_mixin.py:115} INFO - [2023-05-19 15:16:27,865] {dagbag.py:507} INFO - Filling up the DagBag from /Users/marianaoliveira/Downloads/alura1/venv/lib/python3.10/site-packages/airflow/example_dags/subdags/subdag.py
[2023-05-19 15:16:27,871] {processor.py:653} WARNING - No viable dags retrieved from /Users/marianaoliveira/Downloads/alura1/venv/lib/python3.10/site-packages/airflow/example_dags/subdags/subdag.py
[2023-05-19 15:16:28,068] {processor.py:161} INFO - Processing /Users/marianaoliveira/Downloads/alura1/venv/lib/python3.10/site-packages/airflow/example_dags/subdags/subdag.py took 0.207 seconds
[2023-05-19 15:17:55,758] {processor.py:153} INFO - Started process (PID=3043) to work on /Users/marianaoliveira/Downloads/alura1/venv/lib/python3.10/site-packages/airflow/example_dags/subdags/subdag.py
[2023-05-19 15:17:55,760] {processor.py:641} INFO - Processing file /Users/marianaoliveira/Downloads/alura1/venv/lib/python3.10/site-packages/airflow/example_dags/subdags/subdag.py for tasks to queue
[2023-05-19 15:17:55,760] {logging_mixin.py:115} INFO - [2023-05-19 15:17:55,760] {dagbag.py:507} INFO - Filling up the DagBag from /Users/marianaoliveira/Downloads/alura1/venv/lib/python3.10/site-packages/airflow/example_dags/subdags/subdag.py
[2023-05-19 15:17:55,767] {processor.py:653} WARNING - No viable dags retrieved from /Users/marianaoliveira/Downloads/alura1/venv/lib/python3.10/site-packages/airflow/example_dags/subdags/subdag.py
[2023-05-19 15:17:55,927] {processor.py:161} INFO - Processing /Users/marianaoliveira/Downloads/alura1/venv/lib/python3.10/site-packages/airflow/example_dags/subdags/subdag.py took 0.169 seconds
[2023-05-19 15:19:06,637] {processor.py:153} INFO - Started process (PID=3090) to work on /Users/marianaoliveira/Downloads/alura1/venv/lib/python3.10/site-packages/airflow/example_dags/subdags/subdag.py
[2023-05-19 15:19:06,639] {processor.py:641} INFO - Processing file /Users/marianaoliveira/Downloads/alura1/venv/lib/python3.10/site-packages/airflow/example_dags/subdags/subdag.py for tasks to queue
[2023-05-19 15:19:06,639] {logging_mixin.py:115} INFO - [2023-05-19 15:19:06,639] {dagbag.py:507} INFO - Filling up the DagBag from /Users/marianaoliveira/Downloads/alura1/venv/lib/python3.10/site-packages/airflow/example_dags/subdags/subdag.py
[2023-05-19 15:19:06,643] {processor.py:653} WARNING - No viable dags retrieved from /Users/marianaoliveira/Downloads/alura1/venv/lib/python3.10/site-packages/airflow/example_dags/subdags/subdag.py
[2023-05-19 15:19:06,687] {processor.py:161} INFO - Processing /Users/marianaoliveira/Downloads/alura1/venv/lib/python3.10/site-packages/airflow/example_dags/subdags/subdag.py took 0.051 seconds
[2023-05-19 15:20:05,386] {processor.py:153} INFO - Started process (PID=3119) to work on /Users/marianaoliveira/Downloads/alura1/venv/lib/python3.10/site-packages/airflow/example_dags/subdags/subdag.py
[2023-05-19 15:20:05,386] {processor.py:641} INFO - Processing file /Users/marianaoliveira/Downloads/alura1/venv/lib/python3.10/site-packages/airflow/example_dags/subdags/subdag.py for tasks to queue
[2023-05-19 15:20:05,386] {logging_mixin.py:115} INFO - [2023-05-19 15:20:05,386] {dagbag.py:507} INFO - Filling up the DagBag from /Users/marianaoliveira/Downloads/alura1/venv/lib/python3.10/site-packages/airflow/example_dags/subdags/subdag.py
[2023-05-19 15:20:05,388] {processor.py:653} WARNING - No viable dags retrieved from /Users/marianaoliveira/Downloads/alura1/venv/lib/python3.10/site-packages/airflow/example_dags/subdags/subdag.py
[2023-05-19 15:20:05,436] {processor.py:161} INFO - Processing /Users/marianaoliveira/Downloads/alura1/venv/lib/python3.10/site-packages/airflow/example_dags/subdags/subdag.py took 0.051 seconds
[2023-05-19 15:20:59,892] {processor.py:153} INFO - Started process (PID=3147) to work on /Users/marianaoliveira/Downloads/alura1/venv/lib/python3.10/site-packages/airflow/example_dags/subdags/subdag.py
[2023-05-19 15:20:59,893] {processor.py:641} INFO - Processing file /Users/marianaoliveira/Downloads/alura1/venv/lib/python3.10/site-packages/airflow/example_dags/subdags/subdag.py for tasks to queue
[2023-05-19 15:20:59,893] {logging_mixin.py:115} INFO - [2023-05-19 15:20:59,893] {dagbag.py:507} INFO - Filling up the DagBag from /Users/marianaoliveira/Downloads/alura1/venv/lib/python3.10/site-packages/airflow/example_dags/subdags/subdag.py
[2023-05-19 15:20:59,898] {processor.py:653} WARNING - No viable dags retrieved from /Users/marianaoliveira/Downloads/alura1/venv/lib/python3.10/site-packages/airflow/example_dags/subdags/subdag.py
[2023-05-19 15:20:59,942] {processor.py:161} INFO - Processing /Users/marianaoliveira/Downloads/alura1/venv/lib/python3.10/site-packages/airflow/example_dags/subdags/subdag.py took 0.051 seconds
[2023-05-19 15:21:50,858] {processor.py:153} INFO - Started process (PID=3175) to work on /Users/marianaoliveira/Downloads/alura1/venv/lib/python3.10/site-packages/airflow/example_dags/subdags/subdag.py
[2023-05-19 15:21:50,858] {processor.py:641} INFO - Processing file /Users/marianaoliveira/Downloads/alura1/venv/lib/python3.10/site-packages/airflow/example_dags/subdags/subdag.py for tasks to queue
[2023-05-19 15:21:50,859] {logging_mixin.py:115} INFO - [2023-05-19 15:21:50,859] {dagbag.py:507} INFO - Filling up the DagBag from /Users/marianaoliveira/Downloads/alura1/venv/lib/python3.10/site-packages/airflow/example_dags/subdags/subdag.py
[2023-05-19 15:21:50,861] {processor.py:653} WARNING - No viable dags retrieved from /Users/marianaoliveira/Downloads/alura1/venv/lib/python3.10/site-packages/airflow/example_dags/subdags/subdag.py
[2023-05-19 15:21:50,905] {processor.py:161} INFO - Processing /Users/marianaoliveira/Downloads/alura1/venv/lib/python3.10/site-packages/airflow/example_dags/subdags/subdag.py took 0.048 seconds
[2023-05-19 15:22:38,164] {processor.py:153} INFO - Started process (PID=3198) to work on /Users/marianaoliveira/Downloads/alura1/venv/lib/python3.10/site-packages/airflow/example_dags/subdags/subdag.py
[2023-05-19 15:22:38,164] {processor.py:641} INFO - Processing file /Users/marianaoliveira/Downloads/alura1/venv/lib/python3.10/site-packages/airflow/example_dags/subdags/subdag.py for tasks to queue
[2023-05-19 15:22:38,164] {logging_mixin.py:115} INFO - [2023-05-19 15:22:38,164] {dagbag.py:507} INFO - Filling up the DagBag from /Users/marianaoliveira/Downloads/alura1/venv/lib/python3.10/site-packages/airflow/example_dags/subdags/subdag.py
[2023-05-19 15:22:38,167] {processor.py:653} WARNING - No viable dags retrieved from /Users/marianaoliveira/Downloads/alura1/venv/lib/python3.10/site-packages/airflow/example_dags/subdags/subdag.py
[2023-05-19 15:22:38,212] {processor.py:161} INFO - Processing /Users/marianaoliveira/Downloads/alura1/venv/lib/python3.10/site-packages/airflow/example_dags/subdags/subdag.py took 0.050 seconds
[2023-05-19 15:23:25,899] {processor.py:153} INFO - Started process (PID=3225) to work on /Users/marianaoliveira/Downloads/alura1/venv/lib/python3.10/site-packages/airflow/example_dags/subdags/subdag.py
[2023-05-19 15:23:25,900] {processor.py:641} INFO - Processing file /Users/marianaoliveira/Downloads/alura1/venv/lib/python3.10/site-packages/airflow/example_dags/subdags/subdag.py for tasks to queue
[2023-05-19 15:23:25,900] {logging_mixin.py:115} INFO - [2023-05-19 15:23:25,900] {dagbag.py:507} INFO - Filling up the DagBag from /Users/marianaoliveira/Downloads/alura1/venv/lib/python3.10/site-packages/airflow/example_dags/subdags/subdag.py
[2023-05-19 15:23:25,904] {processor.py:653} WARNING - No viable dags retrieved from /Users/marianaoliveira/Downloads/alura1/venv/lib/python3.10/site-packages/airflow/example_dags/subdags/subdag.py
[2023-05-19 15:23:25,960] {processor.py:161} INFO - Processing /Users/marianaoliveira/Downloads/alura1/venv/lib/python3.10/site-packages/airflow/example_dags/subdags/subdag.py took 0.062 seconds
[2023-05-19 15:24:18,445] {processor.py:153} INFO - Started process (PID=3255) to work on /Users/marianaoliveira/Downloads/alura1/venv/lib/python3.10/site-packages/airflow/example_dags/subdags/subdag.py
[2023-05-19 15:24:18,446] {processor.py:641} INFO - Processing file /Users/marianaoliveira/Downloads/alura1/venv/lib/python3.10/site-packages/airflow/example_dags/subdags/subdag.py for tasks to queue
[2023-05-19 15:24:18,447] {logging_mixin.py:115} INFO - [2023-05-19 15:24:18,447] {dagbag.py:507} INFO - Filling up the DagBag from /Users/marianaoliveira/Downloads/alura1/venv/lib/python3.10/site-packages/airflow/example_dags/subdags/subdag.py
[2023-05-19 15:24:18,451] {processor.py:653} WARNING - No viable dags retrieved from /Users/marianaoliveira/Downloads/alura1/venv/lib/python3.10/site-packages/airflow/example_dags/subdags/subdag.py
[2023-05-19 15:24:18,497] {processor.py:161} INFO - Processing /Users/marianaoliveira/Downloads/alura1/venv/lib/python3.10/site-packages/airflow/example_dags/subdags/subdag.py took 0.053 seconds
[2023-05-19 15:25:37,066] {processor.py:153} INFO - Started process (PID=3302) to work on /Users/marianaoliveira/Downloads/alura1/venv/lib/python3.10/site-packages/airflow/example_dags/subdags/subdag.py
[2023-05-19 15:25:37,067] {processor.py:641} INFO - Processing file /Users/marianaoliveira/Downloads/alura1/venv/lib/python3.10/site-packages/airflow/example_dags/subdags/subdag.py for tasks to queue
[2023-05-19 15:25:37,067] {logging_mixin.py:115} INFO - [2023-05-19 15:25:37,067] {dagbag.py:507} INFO - Filling up the DagBag from /Users/marianaoliveira/Downloads/alura1/venv/lib/python3.10/site-packages/airflow/example_dags/subdags/subdag.py
[2023-05-19 15:25:37,069] {processor.py:653} WARNING - No viable dags retrieved from /Users/marianaoliveira/Downloads/alura1/venv/lib/python3.10/site-packages/airflow/example_dags/subdags/subdag.py
[2023-05-19 15:25:37,120] {processor.py:161} INFO - Processing /Users/marianaoliveira/Downloads/alura1/venv/lib/python3.10/site-packages/airflow/example_dags/subdags/subdag.py took 0.055 seconds
[2023-05-19 15:27:04,236] {processor.py:153} INFO - Started process (PID=3361) to work on /Users/marianaoliveira/Downloads/alura1/venv/lib/python3.10/site-packages/airflow/example_dags/subdags/subdag.py
[2023-05-19 15:27:04,236] {processor.py:641} INFO - Processing file /Users/marianaoliveira/Downloads/alura1/venv/lib/python3.10/site-packages/airflow/example_dags/subdags/subdag.py for tasks to queue
[2023-05-19 15:27:04,236] {logging_mixin.py:115} INFO - [2023-05-19 15:27:04,236] {dagbag.py:507} INFO - Filling up the DagBag from /Users/marianaoliveira/Downloads/alura1/venv/lib/python3.10/site-packages/airflow/example_dags/subdags/subdag.py
[2023-05-19 15:27:04,238] {processor.py:653} WARNING - No viable dags retrieved from /Users/marianaoliveira/Downloads/alura1/venv/lib/python3.10/site-packages/airflow/example_dags/subdags/subdag.py
[2023-05-19 15:27:04,290] {processor.py:161} INFO - Processing /Users/marianaoliveira/Downloads/alura1/venv/lib/python3.10/site-packages/airflow/example_dags/subdags/subdag.py took 0.055 seconds
[2023-05-19 15:28:06,074] {processor.py:153} INFO - Started process (PID=3403) to work on /Users/marianaoliveira/Downloads/alura1/venv/lib/python3.10/site-packages/airflow/example_dags/subdags/subdag.py
[2023-05-19 15:28:06,074] {processor.py:641} INFO - Processing file /Users/marianaoliveira/Downloads/alura1/venv/lib/python3.10/site-packages/airflow/example_dags/subdags/subdag.py for tasks to queue
[2023-05-19 15:28:06,074] {logging_mixin.py:115} INFO - [2023-05-19 15:28:06,074] {dagbag.py:507} INFO - Filling up the DagBag from /Users/marianaoliveira/Downloads/alura1/venv/lib/python3.10/site-packages/airflow/example_dags/subdags/subdag.py
[2023-05-19 15:28:06,076] {processor.py:653} WARNING - No viable dags retrieved from /Users/marianaoliveira/Downloads/alura1/venv/lib/python3.10/site-packages/airflow/example_dags/subdags/subdag.py
[2023-05-19 15:28:06,121] {processor.py:161} INFO - Processing /Users/marianaoliveira/Downloads/alura1/venv/lib/python3.10/site-packages/airflow/example_dags/subdags/subdag.py took 0.048 seconds
[2023-05-19 15:29:16,345] {processor.py:153} INFO - Started process (PID=3434) to work on /Users/marianaoliveira/Downloads/alura1/venv/lib/python3.10/site-packages/airflow/example_dags/subdags/subdag.py
[2023-05-19 15:29:16,346] {processor.py:641} INFO - Processing file /Users/marianaoliveira/Downloads/alura1/venv/lib/python3.10/site-packages/airflow/example_dags/subdags/subdag.py for tasks to queue
[2023-05-19 15:29:16,346] {logging_mixin.py:115} INFO - [2023-05-19 15:29:16,346] {dagbag.py:507} INFO - Filling up the DagBag from /Users/marianaoliveira/Downloads/alura1/venv/lib/python3.10/site-packages/airflow/example_dags/subdags/subdag.py
[2023-05-19 15:29:16,350] {processor.py:653} WARNING - No viable dags retrieved from /Users/marianaoliveira/Downloads/alura1/venv/lib/python3.10/site-packages/airflow/example_dags/subdags/subdag.py
[2023-05-19 15:29:16,572] {processor.py:161} INFO - Processing /Users/marianaoliveira/Downloads/alura1/venv/lib/python3.10/site-packages/airflow/example_dags/subdags/subdag.py took 0.228 seconds
[2023-05-19 15:30:25,456] {processor.py:153} INFO - Started process (PID=3484) to work on /Users/marianaoliveira/Downloads/alura1/venv/lib/python3.10/site-packages/airflow/example_dags/subdags/subdag.py
[2023-05-19 15:30:25,456] {processor.py:641} INFO - Processing file /Users/marianaoliveira/Downloads/alura1/venv/lib/python3.10/site-packages/airflow/example_dags/subdags/subdag.py for tasks to queue
[2023-05-19 15:30:25,457] {logging_mixin.py:115} INFO - [2023-05-19 15:30:25,457] {dagbag.py:507} INFO - Filling up the DagBag from /Users/marianaoliveira/Downloads/alura1/venv/lib/python3.10/site-packages/airflow/example_dags/subdags/subdag.py
[2023-05-19 15:30:25,459] {processor.py:653} WARNING - No viable dags retrieved from /Users/marianaoliveira/Downloads/alura1/venv/lib/python3.10/site-packages/airflow/example_dags/subdags/subdag.py
[2023-05-19 15:30:25,547] {processor.py:161} INFO - Processing /Users/marianaoliveira/Downloads/alura1/venv/lib/python3.10/site-packages/airflow/example_dags/subdags/subdag.py took 0.093 seconds
[2023-05-19 16:28:33,108] {processor.py:153} INFO - Started process (PID=6036) to work on /Users/marianaoliveira/Downloads/alura1/venv/lib/python3.10/site-packages/airflow/example_dags/subdags/subdag.py
[2023-05-19 16:28:33,109] {processor.py:641} INFO - Processing file /Users/marianaoliveira/Downloads/alura1/venv/lib/python3.10/site-packages/airflow/example_dags/subdags/subdag.py for tasks to queue
[2023-05-19 16:28:33,111] {logging_mixin.py:115} INFO - [2023-05-19 16:28:33,110] {dagbag.py:507} INFO - Filling up the DagBag from /Users/marianaoliveira/Downloads/alura1/venv/lib/python3.10/site-packages/airflow/example_dags/subdags/subdag.py
[2023-05-19 16:28:33,115] {processor.py:653} WARNING - No viable dags retrieved from /Users/marianaoliveira/Downloads/alura1/venv/lib/python3.10/site-packages/airflow/example_dags/subdags/subdag.py
[2023-05-19 16:28:33,291] {processor.py:161} INFO - Processing /Users/marianaoliveira/Downloads/alura1/venv/lib/python3.10/site-packages/airflow/example_dags/subdags/subdag.py took 0.184 seconds
[2023-05-19 16:30:37,117] {processor.py:153} INFO - Started process (PID=6101) to work on /Users/marianaoliveira/Downloads/alura1/venv/lib/python3.10/site-packages/airflow/example_dags/subdags/subdag.py
[2023-05-19 16:30:37,117] {processor.py:641} INFO - Processing file /Users/marianaoliveira/Downloads/alura1/venv/lib/python3.10/site-packages/airflow/example_dags/subdags/subdag.py for tasks to queue
[2023-05-19 16:30:37,118] {logging_mixin.py:115} INFO - [2023-05-19 16:30:37,118] {dagbag.py:507} INFO - Filling up the DagBag from /Users/marianaoliveira/Downloads/alura1/venv/lib/python3.10/site-packages/airflow/example_dags/subdags/subdag.py
[2023-05-19 16:30:37,123] {processor.py:653} WARNING - No viable dags retrieved from /Users/marianaoliveira/Downloads/alura1/venv/lib/python3.10/site-packages/airflow/example_dags/subdags/subdag.py
[2023-05-19 16:30:37,224] {processor.py:161} INFO - Processing /Users/marianaoliveira/Downloads/alura1/venv/lib/python3.10/site-packages/airflow/example_dags/subdags/subdag.py took 0.109 seconds
[2023-05-19 16:32:37,921] {processor.py:153} INFO - Started process (PID=6177) to work on /Users/marianaoliveira/Downloads/alura1/venv/lib/python3.10/site-packages/airflow/example_dags/subdags/subdag.py
[2023-05-19 16:32:37,923] {processor.py:641} INFO - Processing file /Users/marianaoliveira/Downloads/alura1/venv/lib/python3.10/site-packages/airflow/example_dags/subdags/subdag.py for tasks to queue
[2023-05-19 16:32:37,924] {logging_mixin.py:115} INFO - [2023-05-19 16:32:37,924] {dagbag.py:507} INFO - Filling up the DagBag from /Users/marianaoliveira/Downloads/alura1/venv/lib/python3.10/site-packages/airflow/example_dags/subdags/subdag.py
[2023-05-19 16:32:37,929] {processor.py:653} WARNING - No viable dags retrieved from /Users/marianaoliveira/Downloads/alura1/venv/lib/python3.10/site-packages/airflow/example_dags/subdags/subdag.py
[2023-05-19 16:32:38,161] {processor.py:161} INFO - Processing /Users/marianaoliveira/Downloads/alura1/venv/lib/python3.10/site-packages/airflow/example_dags/subdags/subdag.py took 0.241 seconds
[2023-05-19 16:35:46,152] {processor.py:153} INFO - Started process (PID=6287) to work on /Users/marianaoliveira/Downloads/alura1/venv/lib/python3.10/site-packages/airflow/example_dags/subdags/subdag.py
[2023-05-19 16:35:46,154] {processor.py:641} INFO - Processing file /Users/marianaoliveira/Downloads/alura1/venv/lib/python3.10/site-packages/airflow/example_dags/subdags/subdag.py for tasks to queue
[2023-05-19 16:35:46,154] {logging_mixin.py:115} INFO - [2023-05-19 16:35:46,154] {dagbag.py:507} INFO - Filling up the DagBag from /Users/marianaoliveira/Downloads/alura1/venv/lib/python3.10/site-packages/airflow/example_dags/subdags/subdag.py
[2023-05-19 16:35:46,160] {processor.py:653} WARNING - No viable dags retrieved from /Users/marianaoliveira/Downloads/alura1/venv/lib/python3.10/site-packages/airflow/example_dags/subdags/subdag.py
[2023-05-19 16:35:46,254] {processor.py:161} INFO - Processing /Users/marianaoliveira/Downloads/alura1/venv/lib/python3.10/site-packages/airflow/example_dags/subdags/subdag.py took 0.104 seconds
[2023-05-19 16:37:13,229] {processor.py:153} INFO - Started process (PID=6320) to work on /Users/marianaoliveira/Downloads/alura1/venv/lib/python3.10/site-packages/airflow/example_dags/subdags/subdag.py
[2023-05-19 16:37:13,230] {processor.py:641} INFO - Processing file /Users/marianaoliveira/Downloads/alura1/venv/lib/python3.10/site-packages/airflow/example_dags/subdags/subdag.py for tasks to queue
[2023-05-19 16:37:13,231] {logging_mixin.py:115} INFO - [2023-05-19 16:37:13,231] {dagbag.py:507} INFO - Filling up the DagBag from /Users/marianaoliveira/Downloads/alura1/venv/lib/python3.10/site-packages/airflow/example_dags/subdags/subdag.py
[2023-05-19 16:37:13,236] {processor.py:653} WARNING - No viable dags retrieved from /Users/marianaoliveira/Downloads/alura1/venv/lib/python3.10/site-packages/airflow/example_dags/subdags/subdag.py
[2023-05-19 16:37:13,315] {processor.py:161} INFO - Processing /Users/marianaoliveira/Downloads/alura1/venv/lib/python3.10/site-packages/airflow/example_dags/subdags/subdag.py took 0.087 seconds
[2023-05-19 16:40:31,199] {processor.py:153} INFO - Started process (PID=6492) to work on /Users/marianaoliveira/Downloads/alura1/venv/lib/python3.10/site-packages/airflow/example_dags/subdags/subdag.py
[2023-05-19 16:40:31,201] {processor.py:641} INFO - Processing file /Users/marianaoliveira/Downloads/alura1/venv/lib/python3.10/site-packages/airflow/example_dags/subdags/subdag.py for tasks to queue
[2023-05-19 16:40:31,201] {logging_mixin.py:115} INFO - [2023-05-19 16:40:31,201] {dagbag.py:507} INFO - Filling up the DagBag from /Users/marianaoliveira/Downloads/alura1/venv/lib/python3.10/site-packages/airflow/example_dags/subdags/subdag.py
[2023-05-19 16:40:31,214] {processor.py:653} WARNING - No viable dags retrieved from /Users/marianaoliveira/Downloads/alura1/venv/lib/python3.10/site-packages/airflow/example_dags/subdags/subdag.py
[2023-05-19 16:40:31,553] {processor.py:161} INFO - Processing /Users/marianaoliveira/Downloads/alura1/venv/lib/python3.10/site-packages/airflow/example_dags/subdags/subdag.py took 0.355 seconds
[2023-05-19 16:49:56,619] {processor.py:153} INFO - Started process (PID=6649) to work on /Users/marianaoliveira/Downloads/alura1/venv/lib/python3.10/site-packages/airflow/example_dags/subdags/subdag.py
[2023-05-19 16:49:56,638] {processor.py:641} INFO - Processing file /Users/marianaoliveira/Downloads/alura1/venv/lib/python3.10/site-packages/airflow/example_dags/subdags/subdag.py for tasks to queue
[2023-05-19 16:49:56,638] {logging_mixin.py:115} INFO - [2023-05-19 16:49:56,638] {dagbag.py:507} INFO - Filling up the DagBag from /Users/marianaoliveira/Downloads/alura1/venv/lib/python3.10/site-packages/airflow/example_dags/subdags/subdag.py
[2023-05-19 16:49:56,649] {processor.py:653} WARNING - No viable dags retrieved from /Users/marianaoliveira/Downloads/alura1/venv/lib/python3.10/site-packages/airflow/example_dags/subdags/subdag.py
[2023-05-19 16:49:56,932] {processor.py:161} INFO - Processing /Users/marianaoliveira/Downloads/alura1/venv/lib/python3.10/site-packages/airflow/example_dags/subdags/subdag.py took 0.315 seconds
[2023-05-19 16:53:05,351] {processor.py:153} INFO - Started process (PID=6814) to work on /Users/marianaoliveira/Downloads/alura1/venv/lib/python3.10/site-packages/airflow/example_dags/subdags/subdag.py
[2023-05-19 16:53:05,353] {processor.py:641} INFO - Processing file /Users/marianaoliveira/Downloads/alura1/venv/lib/python3.10/site-packages/airflow/example_dags/subdags/subdag.py for tasks to queue
[2023-05-19 16:53:05,353] {logging_mixin.py:115} INFO - [2023-05-19 16:53:05,353] {dagbag.py:507} INFO - Filling up the DagBag from /Users/marianaoliveira/Downloads/alura1/venv/lib/python3.10/site-packages/airflow/example_dags/subdags/subdag.py
[2023-05-19 16:53:05,358] {processor.py:653} WARNING - No viable dags retrieved from /Users/marianaoliveira/Downloads/alura1/venv/lib/python3.10/site-packages/airflow/example_dags/subdags/subdag.py
[2023-05-19 16:53:05,430] {processor.py:161} INFO - Processing /Users/marianaoliveira/Downloads/alura1/venv/lib/python3.10/site-packages/airflow/example_dags/subdags/subdag.py took 0.080 seconds
[2023-05-19 16:56:01,023] {processor.py:153} INFO - Started process (PID=7004) to work on /Users/marianaoliveira/Downloads/alura1/venv/lib/python3.10/site-packages/airflow/example_dags/subdags/subdag.py
[2023-05-19 16:56:01,024] {processor.py:641} INFO - Processing file /Users/marianaoliveira/Downloads/alura1/venv/lib/python3.10/site-packages/airflow/example_dags/subdags/subdag.py for tasks to queue
[2023-05-19 16:56:01,024] {logging_mixin.py:115} INFO - [2023-05-19 16:56:01,024] {dagbag.py:507} INFO - Filling up the DagBag from /Users/marianaoliveira/Downloads/alura1/venv/lib/python3.10/site-packages/airflow/example_dags/subdags/subdag.py
[2023-05-19 16:56:01,029] {processor.py:653} WARNING - No viable dags retrieved from /Users/marianaoliveira/Downloads/alura1/venv/lib/python3.10/site-packages/airflow/example_dags/subdags/subdag.py
[2023-05-19 16:56:01,118] {processor.py:161} INFO - Processing /Users/marianaoliveira/Downloads/alura1/venv/lib/python3.10/site-packages/airflow/example_dags/subdags/subdag.py took 0.097 seconds
[2023-05-19 16:57:30,379] {processor.py:153} INFO - Started process (PID=7036) to work on /Users/marianaoliveira/Downloads/alura1/venv/lib/python3.10/site-packages/airflow/example_dags/subdags/subdag.py
[2023-05-19 16:57:30,379] {processor.py:641} INFO - Processing file /Users/marianaoliveira/Downloads/alura1/venv/lib/python3.10/site-packages/airflow/example_dags/subdags/subdag.py for tasks to queue
[2023-05-19 16:57:30,382] {logging_mixin.py:115} INFO - [2023-05-19 16:57:30,382] {dagbag.py:507} INFO - Filling up the DagBag from /Users/marianaoliveira/Downloads/alura1/venv/lib/python3.10/site-packages/airflow/example_dags/subdags/subdag.py
[2023-05-19 16:57:30,390] {processor.py:653} WARNING - No viable dags retrieved from /Users/marianaoliveira/Downloads/alura1/venv/lib/python3.10/site-packages/airflow/example_dags/subdags/subdag.py
[2023-05-19 16:57:30,553] {processor.py:161} INFO - Processing /Users/marianaoliveira/Downloads/alura1/venv/lib/python3.10/site-packages/airflow/example_dags/subdags/subdag.py took 0.179 seconds
[2023-05-19 16:59:04,697] {processor.py:153} INFO - Started process (PID=7083) to work on /Users/marianaoliveira/Downloads/alura1/venv/lib/python3.10/site-packages/airflow/example_dags/subdags/subdag.py
[2023-05-19 16:59:04,698] {processor.py:641} INFO - Processing file /Users/marianaoliveira/Downloads/alura1/venv/lib/python3.10/site-packages/airflow/example_dags/subdags/subdag.py for tasks to queue
[2023-05-19 16:59:04,699] {logging_mixin.py:115} INFO - [2023-05-19 16:59:04,699] {dagbag.py:507} INFO - Filling up the DagBag from /Users/marianaoliveira/Downloads/alura1/venv/lib/python3.10/site-packages/airflow/example_dags/subdags/subdag.py
[2023-05-19 16:59:04,703] {processor.py:653} WARNING - No viable dags retrieved from /Users/marianaoliveira/Downloads/alura1/venv/lib/python3.10/site-packages/airflow/example_dags/subdags/subdag.py
[2023-05-19 16:59:04,769] {processor.py:161} INFO - Processing /Users/marianaoliveira/Downloads/alura1/venv/lib/python3.10/site-packages/airflow/example_dags/subdags/subdag.py took 0.074 seconds
[2023-05-19 17:00:36,970] {processor.py:153} INFO - Started process (PID=7127) to work on /Users/marianaoliveira/Downloads/alura1/venv/lib/python3.10/site-packages/airflow/example_dags/subdags/subdag.py
[2023-05-19 17:00:36,971] {processor.py:641} INFO - Processing file /Users/marianaoliveira/Downloads/alura1/venv/lib/python3.10/site-packages/airflow/example_dags/subdags/subdag.py for tasks to queue
[2023-05-19 17:00:36,976] {logging_mixin.py:115} INFO - [2023-05-19 17:00:36,976] {dagbag.py:507} INFO - Filling up the DagBag from /Users/marianaoliveira/Downloads/alura1/venv/lib/python3.10/site-packages/airflow/example_dags/subdags/subdag.py
[2023-05-19 17:00:36,986] {processor.py:653} WARNING - No viable dags retrieved from /Users/marianaoliveira/Downloads/alura1/venv/lib/python3.10/site-packages/airflow/example_dags/subdags/subdag.py
[2023-05-19 17:00:37,075] {processor.py:161} INFO - Processing /Users/marianaoliveira/Downloads/alura1/venv/lib/python3.10/site-packages/airflow/example_dags/subdags/subdag.py took 0.106 seconds
[2023-05-19 17:02:11,902] {processor.py:153} INFO - Started process (PID=7170) to work on /Users/marianaoliveira/Downloads/alura1/venv/lib/python3.10/site-packages/airflow/example_dags/subdags/subdag.py
[2023-05-19 17:02:11,907] {processor.py:641} INFO - Processing file /Users/marianaoliveira/Downloads/alura1/venv/lib/python3.10/site-packages/airflow/example_dags/subdags/subdag.py for tasks to queue
[2023-05-19 17:02:11,908] {logging_mixin.py:115} INFO - [2023-05-19 17:02:11,907] {dagbag.py:507} INFO - Filling up the DagBag from /Users/marianaoliveira/Downloads/alura1/venv/lib/python3.10/site-packages/airflow/example_dags/subdags/subdag.py
[2023-05-19 17:02:11,912] {processor.py:653} WARNING - No viable dags retrieved from /Users/marianaoliveira/Downloads/alura1/venv/lib/python3.10/site-packages/airflow/example_dags/subdags/subdag.py
[2023-05-19 17:02:12,033] {processor.py:161} INFO - Processing /Users/marianaoliveira/Downloads/alura1/venv/lib/python3.10/site-packages/airflow/example_dags/subdags/subdag.py took 0.133 seconds
[2023-05-19 17:04:39,446] {processor.py:153} INFO - Started process (PID=7302) to work on /Users/marianaoliveira/Downloads/alura1/venv/lib/python3.10/site-packages/airflow/example_dags/subdags/subdag.py
[2023-05-19 17:04:39,448] {processor.py:641} INFO - Processing file /Users/marianaoliveira/Downloads/alura1/venv/lib/python3.10/site-packages/airflow/example_dags/subdags/subdag.py for tasks to queue
[2023-05-19 17:04:39,451] {logging_mixin.py:115} INFO - [2023-05-19 17:04:39,451] {dagbag.py:507} INFO - Filling up the DagBag from /Users/marianaoliveira/Downloads/alura1/venv/lib/python3.10/site-packages/airflow/example_dags/subdags/subdag.py
[2023-05-19 17:04:39,459] {processor.py:653} WARNING - No viable dags retrieved from /Users/marianaoliveira/Downloads/alura1/venv/lib/python3.10/site-packages/airflow/example_dags/subdags/subdag.py
[2023-05-19 17:04:39,744] {processor.py:161} INFO - Processing /Users/marianaoliveira/Downloads/alura1/venv/lib/python3.10/site-packages/airflow/example_dags/subdags/subdag.py took 0.308 seconds
[2023-05-19 17:29:24,430] {processor.py:153} INFO - Started process (PID=7704) to work on /Users/marianaoliveira/Downloads/alura1/venv/lib/python3.10/site-packages/airflow/example_dags/subdags/subdag.py
[2023-05-19 17:29:24,431] {processor.py:641} INFO - Processing file /Users/marianaoliveira/Downloads/alura1/venv/lib/python3.10/site-packages/airflow/example_dags/subdags/subdag.py for tasks to queue
[2023-05-19 17:29:24,432] {logging_mixin.py:115} INFO - [2023-05-19 17:29:24,432] {dagbag.py:507} INFO - Filling up the DagBag from /Users/marianaoliveira/Downloads/alura1/venv/lib/python3.10/site-packages/airflow/example_dags/subdags/subdag.py
[2023-05-19 17:29:24,435] {processor.py:653} WARNING - No viable dags retrieved from /Users/marianaoliveira/Downloads/alura1/venv/lib/python3.10/site-packages/airflow/example_dags/subdags/subdag.py
[2023-05-19 17:29:24,638] {processor.py:161} INFO - Processing /Users/marianaoliveira/Downloads/alura1/venv/lib/python3.10/site-packages/airflow/example_dags/subdags/subdag.py took 0.210 seconds
[2023-05-19 17:31:45,145] {processor.py:153} INFO - Started process (PID=7777) to work on /Users/marianaoliveira/Downloads/alura1/venv/lib/python3.10/site-packages/airflow/example_dags/subdags/subdag.py
[2023-05-19 17:31:45,153] {processor.py:641} INFO - Processing file /Users/marianaoliveira/Downloads/alura1/venv/lib/python3.10/site-packages/airflow/example_dags/subdags/subdag.py for tasks to queue
[2023-05-19 17:31:45,157] {logging_mixin.py:115} INFO - [2023-05-19 17:31:45,156] {dagbag.py:507} INFO - Filling up the DagBag from /Users/marianaoliveira/Downloads/alura1/venv/lib/python3.10/site-packages/airflow/example_dags/subdags/subdag.py
[2023-05-19 17:31:45,161] {processor.py:653} WARNING - No viable dags retrieved from /Users/marianaoliveira/Downloads/alura1/venv/lib/python3.10/site-packages/airflow/example_dags/subdags/subdag.py
[2023-05-19 17:31:45,244] {processor.py:161} INFO - Processing /Users/marianaoliveira/Downloads/alura1/venv/lib/python3.10/site-packages/airflow/example_dags/subdags/subdag.py took 0.101 seconds
[2023-05-19 17:34:23,878] {processor.py:153} INFO - Started process (PID=7847) to work on /Users/marianaoliveira/Downloads/alura1/venv/lib/python3.10/site-packages/airflow/example_dags/subdags/subdag.py
[2023-05-19 17:34:23,880] {processor.py:641} INFO - Processing file /Users/marianaoliveira/Downloads/alura1/venv/lib/python3.10/site-packages/airflow/example_dags/subdags/subdag.py for tasks to queue
[2023-05-19 17:34:23,881] {logging_mixin.py:115} INFO - [2023-05-19 17:34:23,881] {dagbag.py:507} INFO - Filling up the DagBag from /Users/marianaoliveira/Downloads/alura1/venv/lib/python3.10/site-packages/airflow/example_dags/subdags/subdag.py
[2023-05-19 17:34:23,888] {processor.py:653} WARNING - No viable dags retrieved from /Users/marianaoliveira/Downloads/alura1/venv/lib/python3.10/site-packages/airflow/example_dags/subdags/subdag.py
[2023-05-19 17:34:24,058] {processor.py:161} INFO - Processing /Users/marianaoliveira/Downloads/alura1/venv/lib/python3.10/site-packages/airflow/example_dags/subdags/subdag.py took 0.182 seconds
[2023-05-19 17:36:56,987] {processor.py:153} INFO - Started process (PID=7899) to work on /Users/marianaoliveira/Downloads/alura1/venv/lib/python3.10/site-packages/airflow/example_dags/subdags/subdag.py
[2023-05-19 17:36:56,988] {processor.py:641} INFO - Processing file /Users/marianaoliveira/Downloads/alura1/venv/lib/python3.10/site-packages/airflow/example_dags/subdags/subdag.py for tasks to queue
[2023-05-19 17:36:56,989] {logging_mixin.py:115} INFO - [2023-05-19 17:36:56,989] {dagbag.py:507} INFO - Filling up the DagBag from /Users/marianaoliveira/Downloads/alura1/venv/lib/python3.10/site-packages/airflow/example_dags/subdags/subdag.py
[2023-05-19 17:36:56,994] {processor.py:653} WARNING - No viable dags retrieved from /Users/marianaoliveira/Downloads/alura1/venv/lib/python3.10/site-packages/airflow/example_dags/subdags/subdag.py
[2023-05-19 17:36:57,067] {processor.py:161} INFO - Processing /Users/marianaoliveira/Downloads/alura1/venv/lib/python3.10/site-packages/airflow/example_dags/subdags/subdag.py took 0.082 seconds
[2023-05-19 17:38:43,717] {processor.py:153} INFO - Started process (PID=7949) to work on /Users/marianaoliveira/Downloads/alura1/venv/lib/python3.10/site-packages/airflow/example_dags/subdags/subdag.py
[2023-05-19 17:38:43,720] {processor.py:641} INFO - Processing file /Users/marianaoliveira/Downloads/alura1/venv/lib/python3.10/site-packages/airflow/example_dags/subdags/subdag.py for tasks to queue
[2023-05-19 17:38:43,722] {logging_mixin.py:115} INFO - [2023-05-19 17:38:43,721] {dagbag.py:507} INFO - Filling up the DagBag from /Users/marianaoliveira/Downloads/alura1/venv/lib/python3.10/site-packages/airflow/example_dags/subdags/subdag.py
[2023-05-19 17:38:43,746] {processor.py:653} WARNING - No viable dags retrieved from /Users/marianaoliveira/Downloads/alura1/venv/lib/python3.10/site-packages/airflow/example_dags/subdags/subdag.py
[2023-05-19 17:38:43,927] {processor.py:161} INFO - Processing /Users/marianaoliveira/Downloads/alura1/venv/lib/python3.10/site-packages/airflow/example_dags/subdags/subdag.py took 0.212 seconds
[2023-05-19 17:43:25,558] {processor.py:153} INFO - Started process (PID=8049) to work on /Users/marianaoliveira/Downloads/alura1/venv/lib/python3.10/site-packages/airflow/example_dags/subdags/subdag.py
[2023-05-19 17:43:25,560] {processor.py:641} INFO - Processing file /Users/marianaoliveira/Downloads/alura1/venv/lib/python3.10/site-packages/airflow/example_dags/subdags/subdag.py for tasks to queue
[2023-05-19 17:43:25,560] {logging_mixin.py:115} INFO - [2023-05-19 17:43:25,560] {dagbag.py:507} INFO - Filling up the DagBag from /Users/marianaoliveira/Downloads/alura1/venv/lib/python3.10/site-packages/airflow/example_dags/subdags/subdag.py
[2023-05-19 17:43:25,566] {processor.py:653} WARNING - No viable dags retrieved from /Users/marianaoliveira/Downloads/alura1/venv/lib/python3.10/site-packages/airflow/example_dags/subdags/subdag.py
[2023-05-19 17:43:25,816] {processor.py:161} INFO - Processing /Users/marianaoliveira/Downloads/alura1/venv/lib/python3.10/site-packages/airflow/example_dags/subdags/subdag.py took 0.259 seconds
[2023-05-19 17:46:20,157] {processor.py:153} INFO - Started process (PID=8134) to work on /Users/marianaoliveira/Downloads/alura1/venv/lib/python3.10/site-packages/airflow/example_dags/subdags/subdag.py
[2023-05-19 17:46:20,158] {processor.py:641} INFO - Processing file /Users/marianaoliveira/Downloads/alura1/venv/lib/python3.10/site-packages/airflow/example_dags/subdags/subdag.py for tasks to queue
[2023-05-19 17:46:20,159] {logging_mixin.py:115} INFO - [2023-05-19 17:46:20,159] {dagbag.py:507} INFO - Filling up the DagBag from /Users/marianaoliveira/Downloads/alura1/venv/lib/python3.10/site-packages/airflow/example_dags/subdags/subdag.py
[2023-05-19 17:46:20,164] {processor.py:653} WARNING - No viable dags retrieved from /Users/marianaoliveira/Downloads/alura1/venv/lib/python3.10/site-packages/airflow/example_dags/subdags/subdag.py
[2023-05-19 17:46:20,284] {processor.py:161} INFO - Processing /Users/marianaoliveira/Downloads/alura1/venv/lib/python3.10/site-packages/airflow/example_dags/subdags/subdag.py took 0.128 seconds
[2023-05-19 17:48:17,209] {processor.py:153} INFO - Started process (PID=8184) to work on /Users/marianaoliveira/Downloads/alura1/venv/lib/python3.10/site-packages/airflow/example_dags/subdags/subdag.py
[2023-05-19 17:48:17,210] {processor.py:641} INFO - Processing file /Users/marianaoliveira/Downloads/alura1/venv/lib/python3.10/site-packages/airflow/example_dags/subdags/subdag.py for tasks to queue
[2023-05-19 17:48:17,210] {logging_mixin.py:115} INFO - [2023-05-19 17:48:17,210] {dagbag.py:507} INFO - Filling up the DagBag from /Users/marianaoliveira/Downloads/alura1/venv/lib/python3.10/site-packages/airflow/example_dags/subdags/subdag.py
[2023-05-19 17:48:17,212] {processor.py:653} WARNING - No viable dags retrieved from /Users/marianaoliveira/Downloads/alura1/venv/lib/python3.10/site-packages/airflow/example_dags/subdags/subdag.py
[2023-05-19 17:48:17,283] {processor.py:161} INFO - Processing /Users/marianaoliveira/Downloads/alura1/venv/lib/python3.10/site-packages/airflow/example_dags/subdags/subdag.py took 0.076 seconds
[2023-05-19 17:49:38,798] {processor.py:153} INFO - Started process (PID=8218) to work on /Users/marianaoliveira/Downloads/alura1/venv/lib/python3.10/site-packages/airflow/example_dags/subdags/subdag.py
[2023-05-19 17:49:38,800] {processor.py:641} INFO - Processing file /Users/marianaoliveira/Downloads/alura1/venv/lib/python3.10/site-packages/airflow/example_dags/subdags/subdag.py for tasks to queue
[2023-05-19 17:49:38,801] {logging_mixin.py:115} INFO - [2023-05-19 17:49:38,801] {dagbag.py:507} INFO - Filling up the DagBag from /Users/marianaoliveira/Downloads/alura1/venv/lib/python3.10/site-packages/airflow/example_dags/subdags/subdag.py
[2023-05-19 17:49:38,807] {processor.py:653} WARNING - No viable dags retrieved from /Users/marianaoliveira/Downloads/alura1/venv/lib/python3.10/site-packages/airflow/example_dags/subdags/subdag.py
[2023-05-19 17:49:38,937] {processor.py:161} INFO - Processing /Users/marianaoliveira/Downloads/alura1/venv/lib/python3.10/site-packages/airflow/example_dags/subdags/subdag.py took 0.142 seconds
[2023-05-19 17:51:23,323] {processor.py:153} INFO - Started process (PID=8287) to work on /Users/marianaoliveira/Downloads/alura1/venv/lib/python3.10/site-packages/airflow/example_dags/subdags/subdag.py
[2023-05-19 17:51:23,325] {processor.py:641} INFO - Processing file /Users/marianaoliveira/Downloads/alura1/venv/lib/python3.10/site-packages/airflow/example_dags/subdags/subdag.py for tasks to queue
[2023-05-19 17:51:23,325] {logging_mixin.py:115} INFO - [2023-05-19 17:51:23,325] {dagbag.py:507} INFO - Filling up the DagBag from /Users/marianaoliveira/Downloads/alura1/venv/lib/python3.10/site-packages/airflow/example_dags/subdags/subdag.py
[2023-05-19 17:51:23,339] {processor.py:653} WARNING - No viable dags retrieved from /Users/marianaoliveira/Downloads/alura1/venv/lib/python3.10/site-packages/airflow/example_dags/subdags/subdag.py
[2023-05-19 17:51:23,700] {processor.py:161} INFO - Processing /Users/marianaoliveira/Downloads/alura1/venv/lib/python3.10/site-packages/airflow/example_dags/subdags/subdag.py took 0.382 seconds
[2023-05-19 17:53:10,920] {processor.py:153} INFO - Started process (PID=8361) to work on /Users/marianaoliveira/Downloads/alura1/venv/lib/python3.10/site-packages/airflow/example_dags/subdags/subdag.py
[2023-05-19 17:53:10,921] {processor.py:641} INFO - Processing file /Users/marianaoliveira/Downloads/alura1/venv/lib/python3.10/site-packages/airflow/example_dags/subdags/subdag.py for tasks to queue
[2023-05-19 17:53:10,923] {logging_mixin.py:115} INFO - [2023-05-19 17:53:10,922] {dagbag.py:507} INFO - Filling up the DagBag from /Users/marianaoliveira/Downloads/alura1/venv/lib/python3.10/site-packages/airflow/example_dags/subdags/subdag.py
[2023-05-19 17:53:10,926] {processor.py:653} WARNING - No viable dags retrieved from /Users/marianaoliveira/Downloads/alura1/venv/lib/python3.10/site-packages/airflow/example_dags/subdags/subdag.py
[2023-05-19 17:53:11,145] {processor.py:161} INFO - Processing /Users/marianaoliveira/Downloads/alura1/venv/lib/python3.10/site-packages/airflow/example_dags/subdags/subdag.py took 0.245 seconds
[2023-05-19 17:55:03,469] {processor.py:153} INFO - Started process (PID=8470) to work on /Users/marianaoliveira/Downloads/alura1/venv/lib/python3.10/site-packages/airflow/example_dags/subdags/subdag.py
[2023-05-19 17:55:03,470] {processor.py:641} INFO - Processing file /Users/marianaoliveira/Downloads/alura1/venv/lib/python3.10/site-packages/airflow/example_dags/subdags/subdag.py for tasks to queue
[2023-05-19 17:55:03,471] {logging_mixin.py:115} INFO - [2023-05-19 17:55:03,471] {dagbag.py:507} INFO - Filling up the DagBag from /Users/marianaoliveira/Downloads/alura1/venv/lib/python3.10/site-packages/airflow/example_dags/subdags/subdag.py
[2023-05-19 17:55:03,477] {processor.py:653} WARNING - No viable dags retrieved from /Users/marianaoliveira/Downloads/alura1/venv/lib/python3.10/site-packages/airflow/example_dags/subdags/subdag.py
[2023-05-19 17:55:03,543] {processor.py:161} INFO - Processing /Users/marianaoliveira/Downloads/alura1/venv/lib/python3.10/site-packages/airflow/example_dags/subdags/subdag.py took 0.076 seconds
[2023-05-19 17:56:32,768] {processor.py:153} INFO - Started process (PID=8563) to work on /Users/marianaoliveira/Downloads/alura1/venv/lib/python3.10/site-packages/airflow/example_dags/subdags/subdag.py
[2023-05-19 17:56:32,769] {processor.py:641} INFO - Processing file /Users/marianaoliveira/Downloads/alura1/venv/lib/python3.10/site-packages/airflow/example_dags/subdags/subdag.py for tasks to queue
[2023-05-19 17:56:32,770] {logging_mixin.py:115} INFO - [2023-05-19 17:56:32,770] {dagbag.py:507} INFO - Filling up the DagBag from /Users/marianaoliveira/Downloads/alura1/venv/lib/python3.10/site-packages/airflow/example_dags/subdags/subdag.py
[2023-05-19 17:56:32,775] {processor.py:653} WARNING - No viable dags retrieved from /Users/marianaoliveira/Downloads/alura1/venv/lib/python3.10/site-packages/airflow/example_dags/subdags/subdag.py
[2023-05-19 17:56:32,845] {processor.py:161} INFO - Processing /Users/marianaoliveira/Downloads/alura1/venv/lib/python3.10/site-packages/airflow/example_dags/subdags/subdag.py took 0.078 seconds
[2023-05-19 17:58:04,036] {processor.py:153} INFO - Started process (PID=8608) to work on /Users/marianaoliveira/Downloads/alura1/venv/lib/python3.10/site-packages/airflow/example_dags/subdags/subdag.py
[2023-05-19 17:58:04,038] {processor.py:641} INFO - Processing file /Users/marianaoliveira/Downloads/alura1/venv/lib/python3.10/site-packages/airflow/example_dags/subdags/subdag.py for tasks to queue
[2023-05-19 17:58:04,059] {logging_mixin.py:115} INFO - [2023-05-19 17:58:04,059] {dagbag.py:507} INFO - Filling up the DagBag from /Users/marianaoliveira/Downloads/alura1/venv/lib/python3.10/site-packages/airflow/example_dags/subdags/subdag.py
[2023-05-19 17:58:04,151] {processor.py:653} WARNING - No viable dags retrieved from /Users/marianaoliveira/Downloads/alura1/venv/lib/python3.10/site-packages/airflow/example_dags/subdags/subdag.py
[2023-05-19 17:58:04,267] {processor.py:161} INFO - Processing /Users/marianaoliveira/Downloads/alura1/venv/lib/python3.10/site-packages/airflow/example_dags/subdags/subdag.py took 0.232 seconds
[2023-05-19 18:00:41,614] {processor.py:153} INFO - Started process (PID=8703) to work on /Users/marianaoliveira/Downloads/alura1/venv/lib/python3.10/site-packages/airflow/example_dags/subdags/subdag.py
[2023-05-19 18:00:41,616] {processor.py:641} INFO - Processing file /Users/marianaoliveira/Downloads/alura1/venv/lib/python3.10/site-packages/airflow/example_dags/subdags/subdag.py for tasks to queue
[2023-05-19 18:00:41,619] {logging_mixin.py:115} INFO - [2023-05-19 18:00:41,619] {dagbag.py:507} INFO - Filling up the DagBag from /Users/marianaoliveira/Downloads/alura1/venv/lib/python3.10/site-packages/airflow/example_dags/subdags/subdag.py
[2023-05-19 18:00:41,627] {processor.py:653} WARNING - No viable dags retrieved from /Users/marianaoliveira/Downloads/alura1/venv/lib/python3.10/site-packages/airflow/example_dags/subdags/subdag.py
[2023-05-19 18:00:41,719] {processor.py:161} INFO - Processing /Users/marianaoliveira/Downloads/alura1/venv/lib/python3.10/site-packages/airflow/example_dags/subdags/subdag.py took 0.107 seconds
[2023-05-19 18:02:46,180] {processor.py:153} INFO - Started process (PID=8878) to work on /Users/marianaoliveira/Downloads/alura1/venv/lib/python3.10/site-packages/airflow/example_dags/subdags/subdag.py
[2023-05-19 18:02:46,182] {processor.py:641} INFO - Processing file /Users/marianaoliveira/Downloads/alura1/venv/lib/python3.10/site-packages/airflow/example_dags/subdags/subdag.py for tasks to queue
[2023-05-19 18:02:46,183] {logging_mixin.py:115} INFO - [2023-05-19 18:02:46,183] {dagbag.py:507} INFO - Filling up the DagBag from /Users/marianaoliveira/Downloads/alura1/venv/lib/python3.10/site-packages/airflow/example_dags/subdags/subdag.py
[2023-05-19 18:02:46,195] {processor.py:653} WARNING - No viable dags retrieved from /Users/marianaoliveira/Downloads/alura1/venv/lib/python3.10/site-packages/airflow/example_dags/subdags/subdag.py
[2023-05-19 18:02:46,370] {processor.py:161} INFO - Processing /Users/marianaoliveira/Downloads/alura1/venv/lib/python3.10/site-packages/airflow/example_dags/subdags/subdag.py took 0.192 seconds
[2023-05-19 18:13:37,077] {processor.py:153} INFO - Started process (PID=9153) to work on /Users/marianaoliveira/Downloads/alura1/venv/lib/python3.10/site-packages/airflow/example_dags/subdags/subdag.py
[2023-05-19 18:13:37,078] {processor.py:641} INFO - Processing file /Users/marianaoliveira/Downloads/alura1/venv/lib/python3.10/site-packages/airflow/example_dags/subdags/subdag.py for tasks to queue
[2023-05-19 18:13:37,079] {logging_mixin.py:115} INFO - [2023-05-19 18:13:37,079] {dagbag.py:507} INFO - Filling up the DagBag from /Users/marianaoliveira/Downloads/alura1/venv/lib/python3.10/site-packages/airflow/example_dags/subdags/subdag.py
[2023-05-19 18:13:37,084] {processor.py:653} WARNING - No viable dags retrieved from /Users/marianaoliveira/Downloads/alura1/venv/lib/python3.10/site-packages/airflow/example_dags/subdags/subdag.py
[2023-05-19 18:13:37,256] {processor.py:161} INFO - Processing /Users/marianaoliveira/Downloads/alura1/venv/lib/python3.10/site-packages/airflow/example_dags/subdags/subdag.py took 0.181 seconds
[2023-05-19 18:16:35,541] {processor.py:153} INFO - Started process (PID=9268) to work on /Users/marianaoliveira/Downloads/alura1/venv/lib/python3.10/site-packages/airflow/example_dags/subdags/subdag.py
[2023-05-19 18:16:35,542] {processor.py:641} INFO - Processing file /Users/marianaoliveira/Downloads/alura1/venv/lib/python3.10/site-packages/airflow/example_dags/subdags/subdag.py for tasks to queue
[2023-05-19 18:16:35,543] {logging_mixin.py:115} INFO - [2023-05-19 18:16:35,543] {dagbag.py:507} INFO - Filling up the DagBag from /Users/marianaoliveira/Downloads/alura1/venv/lib/python3.10/site-packages/airflow/example_dags/subdags/subdag.py
[2023-05-19 18:16:35,548] {processor.py:653} WARNING - No viable dags retrieved from /Users/marianaoliveira/Downloads/alura1/venv/lib/python3.10/site-packages/airflow/example_dags/subdags/subdag.py
[2023-05-19 18:16:35,671] {processor.py:161} INFO - Processing /Users/marianaoliveira/Downloads/alura1/venv/lib/python3.10/site-packages/airflow/example_dags/subdags/subdag.py took 0.131 seconds
[2023-05-19 18:26:35,101] {processor.py:153} INFO - Started process (PID=9933) to work on /Users/marianaoliveira/Downloads/alura1/venv/lib/python3.10/site-packages/airflow/example_dags/subdags/subdag.py
[2023-05-19 18:26:35,102] {processor.py:641} INFO - Processing file /Users/marianaoliveira/Downloads/alura1/venv/lib/python3.10/site-packages/airflow/example_dags/subdags/subdag.py for tasks to queue
[2023-05-19 18:26:35,103] {logging_mixin.py:115} INFO - [2023-05-19 18:26:35,103] {dagbag.py:507} INFO - Filling up the DagBag from /Users/marianaoliveira/Downloads/alura1/venv/lib/python3.10/site-packages/airflow/example_dags/subdags/subdag.py
[2023-05-19 18:26:35,114] {processor.py:653} WARNING - No viable dags retrieved from /Users/marianaoliveira/Downloads/alura1/venv/lib/python3.10/site-packages/airflow/example_dags/subdags/subdag.py
[2023-05-19 18:26:35,240] {processor.py:161} INFO - Processing /Users/marianaoliveira/Downloads/alura1/venv/lib/python3.10/site-packages/airflow/example_dags/subdags/subdag.py took 0.140 seconds
