[2023-05-19 15:26:01,198] {taskinstance.py:1159} INFO - Dependencies all met for <TaskInstance: TwitterDAG.twitter_datascience scheduled__2023-05-18T00:00:00+00:00 [queued]>
[2023-05-19 15:26:01,210] {taskinstance.py:1159} INFO - Dependencies all met for <TaskInstance: TwitterDAG.twitter_datascience scheduled__2023-05-18T00:00:00+00:00 [queued]>
[2023-05-19 15:26:01,210] {taskinstance.py:1356} INFO - 
--------------------------------------------------------------------------------
[2023-05-19 15:26:01,210] {taskinstance.py:1357} INFO - Starting attempt 1 of 1
[2023-05-19 15:26:01,210] {taskinstance.py:1358} INFO - 
--------------------------------------------------------------------------------
[2023-05-19 15:26:01,225] {taskinstance.py:1377} INFO - Executing <Task(TwitterOperator): twitter_datascience> on 2023-05-18 00:00:00+00:00
[2023-05-19 15:26:01,228] {standard_task_runner.py:52} INFO - Started process 3327 to run task
[2023-05-19 15:26:01,236] {standard_task_runner.py:79} INFO - Running: ['airflow', 'tasks', 'run', 'TwitterDAG', 'twitter_datascience', 'scheduled__2023-05-18T00:00:00+00:00', '--job-id', '8', '--raw', '--subdir', 'DAGS_FOLDER/twitter_dag.py', '--cfg-path', '/var/folders/4m/2vllbq951394clq6jtlsj0p40000gn/T/tmpf00ut78c', '--error-file', '/var/folders/4m/2vllbq951394clq6jtlsj0p40000gn/T/tmpwtz467lo']
[2023-05-19 15:26:01,238] {standard_task_runner.py:80} INFO - Job 8: Subtask twitter_datascience
[2023-05-19 15:26:01,294] {task_command.py:370} INFO - Running <TaskInstance: TwitterDAG.twitter_datascience scheduled__2023-05-18T00:00:00+00:00 [running]> on host MacBook-Air-de-Mariana-2.local
[2023-05-19 15:26:01,355] {taskinstance.py:1569} INFO - Exporting the following env vars:
AIRFLOW_CTX_DAG_OWNER=airflow
AIRFLOW_CTX_DAG_ID=TwitterDAG
AIRFLOW_CTX_TASK_ID=twitter_datascience
AIRFLOW_CTX_EXECUTION_DATE=2023-05-18T00:00:00+00:00
AIRFLOW_CTX_TRY_NUMBER=1
AIRFLOW_CTX_DAG_RUN_ID=scheduled__2023-05-18T00:00:00+00:00
[2023-05-19 15:26:01,362] {base.py:68} INFO - Using connection ID 'twitter_default' for task execution.
[2023-05-19 15:26:01,364] {twitter_hook.py:34} INFO - URL: https://labdados.com/2/tweets/search/recent?query=datascience&tweet.fields=author_id,conversation_id,created_at,id,in_reply_to_user_id,public_metrics,lang,text&expansions=author_id&user.fields=id,name,username,created_at&start_time=2023-05-18T00:00:00.00Z&end_time=2023-05-19T00:00:00.00Z
[2023-05-19 15:26:02,107] {taskinstance.py:1395} INFO - Marking task as SUCCESS. dag_id=TwitterDAG, task_id=twitter_datascience, execution_date=20230518T000000, start_date=20230519T182601, end_date=20230519T182602
[2023-05-19 15:26:02,150] {local_task_job.py:156} INFO - Task exited with return code 0
[2023-05-19 15:26:02,182] {local_task_job.py:273} INFO - 0 downstream tasks scheduled from follow-on schedule check
[2023-05-19 15:29:41,006] {taskinstance.py:1159} INFO - Dependencies all met for <TaskInstance: TwitterDAG.twitter_datascience scheduled__2023-05-18T00:00:00+00:00 [queued]>
[2023-05-19 15:29:41,015] {taskinstance.py:1159} INFO - Dependencies all met for <TaskInstance: TwitterDAG.twitter_datascience scheduled__2023-05-18T00:00:00+00:00 [queued]>
[2023-05-19 15:29:41,015] {taskinstance.py:1356} INFO - 
--------------------------------------------------------------------------------
[2023-05-19 15:29:41,015] {taskinstance.py:1357} INFO - Starting attempt 1 of 1
[2023-05-19 15:29:41,015] {taskinstance.py:1358} INFO - 
--------------------------------------------------------------------------------
[2023-05-19 15:29:41,032] {taskinstance.py:1377} INFO - Executing <Task(TwitterOperator): twitter_datascience> on 2023-05-18 00:00:00+00:00
[2023-05-19 15:29:41,034] {standard_task_runner.py:52} INFO - Started process 3456 to run task
[2023-05-19 15:29:41,042] {standard_task_runner.py:79} INFO - Running: ['airflow', 'tasks', 'run', 'TwitterDAG', 'twitter_datascience', 'scheduled__2023-05-18T00:00:00+00:00', '--job-id', '4', '--raw', '--subdir', 'DAGS_FOLDER/twitter_dag.py', '--cfg-path', '/var/folders/4m/2vllbq951394clq6jtlsj0p40000gn/T/tmp9fpr2mon', '--error-file', '/var/folders/4m/2vllbq951394clq6jtlsj0p40000gn/T/tmpzg6r7btz']
[2023-05-19 15:29:41,045] {standard_task_runner.py:80} INFO - Job 4: Subtask twitter_datascience
[2023-05-19 15:29:41,116] {task_command.py:370} INFO - Running <TaskInstance: TwitterDAG.twitter_datascience scheduled__2023-05-18T00:00:00+00:00 [running]> on host 1.0.0.127.in-addr.arpa
[2023-05-19 15:29:41,184] {taskinstance.py:1569} INFO - Exporting the following env vars:
AIRFLOW_CTX_DAG_OWNER=airflow
AIRFLOW_CTX_DAG_ID=TwitterDAG
AIRFLOW_CTX_TASK_ID=twitter_datascience
AIRFLOW_CTX_EXECUTION_DATE=2023-05-18T00:00:00+00:00
AIRFLOW_CTX_TRY_NUMBER=1
AIRFLOW_CTX_DAG_RUN_ID=scheduled__2023-05-18T00:00:00+00:00
[2023-05-19 15:29:41,193] {base.py:68} INFO - Using connection ID 'twitter_default' for task execution.
[2023-05-19 15:29:41,195] {twitter_hook.py:34} INFO - URL: https://labdados.com/2/tweets/search/recent?query=datascience&tweet.fields=author_id,conversation_id,created_at,id,in_reply_to_user_id,public_metrics,lang,text&expansions=author_id&user.fields=id,name,username,created_at&start_time=2023-05-18T00:00:00.00Z&end_time=2023-05-19T00:00:00.00Z
[2023-05-19 15:29:41,847] {taskinstance.py:1395} INFO - Marking task as SUCCESS. dag_id=TwitterDAG, task_id=twitter_datascience, execution_date=20230518T000000, start_date=20230519T182941, end_date=20230519T182941
[2023-05-19 15:29:41,871] {local_task_job.py:156} INFO - Task exited with return code 0
[2023-05-19 15:29:41,896] {local_task_job.py:273} INFO - 0 downstream tasks scheduled from follow-on schedule check
[2023-05-19 16:38:21,047] {taskinstance.py:1159} INFO - Dependencies all met for <TaskInstance: TwitterDAG.twitter_datascience scheduled__2023-05-18T00:00:00+00:00 [queued]>
[2023-05-19 16:38:21,061] {taskinstance.py:1159} INFO - Dependencies all met for <TaskInstance: TwitterDAG.twitter_datascience scheduled__2023-05-18T00:00:00+00:00 [queued]>
[2023-05-19 16:38:21,062] {taskinstance.py:1356} INFO - 
--------------------------------------------------------------------------------
[2023-05-19 16:38:21,062] {taskinstance.py:1357} INFO - Starting attempt 1 of 1
[2023-05-19 16:38:21,062] {taskinstance.py:1358} INFO - 
--------------------------------------------------------------------------------
[2023-05-19 16:38:21,087] {taskinstance.py:1377} INFO - Executing <Task(TwitterOperator): twitter_datascience> on 2023-05-18 00:00:00+00:00
[2023-05-19 16:38:21,094] {standard_task_runner.py:52} INFO - Started process 6358 to run task
[2023-05-19 16:38:21,106] {standard_task_runner.py:79} INFO - Running: ['airflow', 'tasks', 'run', 'TwitterDAG', 'twitter_datascience', 'scheduled__2023-05-18T00:00:00+00:00', '--job-id', '10', '--raw', '--subdir', 'DAGS_FOLDER/twitter_dag.py', '--cfg-path', '/var/folders/4m/2vllbq951394clq6jtlsj0p40000gn/T/tmpi9a21n_c', '--error-file', '/var/folders/4m/2vllbq951394clq6jtlsj0p40000gn/T/tmpd3006sjx']
[2023-05-19 16:38:21,109] {standard_task_runner.py:80} INFO - Job 10: Subtask twitter_datascience
[2023-05-19 16:38:21,224] {task_command.py:370} INFO - Running <TaskInstance: TwitterDAG.twitter_datascience scheduled__2023-05-18T00:00:00+00:00 [running]> on host 1.0.0.127.in-addr.arpa
[2023-05-19 16:38:21,334] {taskinstance.py:1569} INFO - Exporting the following env vars:
AIRFLOW_CTX_DAG_OWNER=airflow
AIRFLOW_CTX_DAG_ID=TwitterDAG
AIRFLOW_CTX_TASK_ID=twitter_datascience
AIRFLOW_CTX_EXECUTION_DATE=2023-05-18T00:00:00+00:00
AIRFLOW_CTX_TRY_NUMBER=1
AIRFLOW_CTX_DAG_RUN_ID=scheduled__2023-05-18T00:00:00+00:00
[2023-05-19 16:38:21,348] {base.py:68} INFO - Using connection ID 'twitter_default' for task execution.
[2023-05-19 16:38:21,356] {twitter_hook.py:34} INFO - URL: https://labdados.com/2/tweets/search/recent?query=datascience&tweet.fields=author_id,conversation_id,created_at,id,in_reply_to_user_id,public_metrics,lang,text&expansions=author_id&user.fields=id,name,username,created_at&start_time=2023-05-18T00:00:00.00Z&end_time=2023-05-19T00:00:00.00Z
[2023-05-19 16:38:22,027] {taskinstance.py:1395} INFO - Marking task as SUCCESS. dag_id=TwitterDAG, task_id=twitter_datascience, execution_date=20230518T000000, start_date=20230519T193821, end_date=20230519T193822
[2023-05-19 16:38:22,078] {local_task_job.py:156} INFO - Task exited with return code 0
[2023-05-19 16:38:22,147] {local_task_job.py:273} INFO - 1 downstream tasks scheduled from follow-on schedule check
[2023-05-19 16:54:16,094] {taskinstance.py:1159} INFO - Dependencies all met for <TaskInstance: TwitterDAG.twitter_datascience scheduled__2023-05-18T00:00:00+00:00 [queued]>
[2023-05-19 16:54:16,109] {taskinstance.py:1159} INFO - Dependencies all met for <TaskInstance: TwitterDAG.twitter_datascience scheduled__2023-05-18T00:00:00+00:00 [queued]>
[2023-05-19 16:54:16,114] {taskinstance.py:1356} INFO - 
--------------------------------------------------------------------------------
[2023-05-19 16:54:16,115] {taskinstance.py:1357} INFO - Starting attempt 1 of 1
[2023-05-19 16:54:16,115] {taskinstance.py:1358} INFO - 
--------------------------------------------------------------------------------
[2023-05-19 16:54:16,145] {taskinstance.py:1377} INFO - Executing <Task(TwitterOperator): twitter_datascience> on 2023-05-18 00:00:00+00:00
[2023-05-19 16:54:16,155] {standard_task_runner.py:52} INFO - Started process 6870 to run task
[2023-05-19 16:54:16,162] {standard_task_runner.py:79} INFO - Running: ['airflow', 'tasks', 'run', 'TwitterDAG', 'twitter_datascience', 'scheduled__2023-05-18T00:00:00+00:00', '--job-id', '16', '--raw', '--subdir', 'DAGS_FOLDER/twitter_dag.py', '--cfg-path', '/var/folders/4m/2vllbq951394clq6jtlsj0p40000gn/T/tmpxnk500ux', '--error-file', '/var/folders/4m/2vllbq951394clq6jtlsj0p40000gn/T/tmpl9h3617k']
[2023-05-19 16:54:16,165] {standard_task_runner.py:80} INFO - Job 16: Subtask twitter_datascience
[2023-05-19 16:54:16,254] {task_command.py:370} INFO - Running <TaskInstance: TwitterDAG.twitter_datascience scheduled__2023-05-18T00:00:00+00:00 [running]> on host MacBook-Air-de-Mariana-2.local
[2023-05-19 16:54:16,412] {taskinstance.py:1569} INFO - Exporting the following env vars:
AIRFLOW_CTX_DAG_OWNER=airflow
AIRFLOW_CTX_DAG_ID=TwitterDAG
AIRFLOW_CTX_TASK_ID=twitter_datascience
AIRFLOW_CTX_EXECUTION_DATE=2023-05-18T00:00:00+00:00
AIRFLOW_CTX_TRY_NUMBER=1
AIRFLOW_CTX_DAG_RUN_ID=scheduled__2023-05-18T00:00:00+00:00
[2023-05-19 16:54:16,432] {base.py:68} INFO - Using connection ID 'twitter_default' for task execution.
[2023-05-19 16:54:16,440] {twitter_hook.py:34} INFO - URL: https://labdados.com/2/tweets/search/recent?query=datascience&tweet.fields=author_id,conversation_id,created_at,id,in_reply_to_user_id,public_metrics,lang,text&expansions=author_id&user.fields=id,name,username,created_at&start_time=2023-05-18T00:00:00.00Z&end_time=2023-05-19T00:00:00.00Z
[2023-05-19 16:54:17,045] {taskinstance.py:1395} INFO - Marking task as SUCCESS. dag_id=TwitterDAG, task_id=twitter_datascience, execution_date=20230518T000000, start_date=20230519T195416, end_date=20230519T195417
[2023-05-19 16:54:17,078] {local_task_job.py:156} INFO - Task exited with return code 0
[2023-05-19 16:54:17,126] {local_task_job.py:273} INFO - 1 downstream tasks scheduled from follow-on schedule check
[2023-05-19 17:05:20,081] {taskinstance.py:1159} INFO - Dependencies all met for <TaskInstance: TwitterDAG.twitter_datascience scheduled__2023-05-18T00:00:00+00:00 [queued]>
[2023-05-19 17:05:20,095] {taskinstance.py:1159} INFO - Dependencies all met for <TaskInstance: TwitterDAG.twitter_datascience scheduled__2023-05-18T00:00:00+00:00 [queued]>
[2023-05-19 17:05:20,095] {taskinstance.py:1356} INFO - 
--------------------------------------------------------------------------------
[2023-05-19 17:05:20,096] {taskinstance.py:1357} INFO - Starting attempt 1 of 1
[2023-05-19 17:05:20,096] {taskinstance.py:1358} INFO - 
--------------------------------------------------------------------------------
[2023-05-19 17:05:20,124] {taskinstance.py:1377} INFO - Executing <Task(TwitterOperator): twitter_datascience> on 2023-05-18 00:00:00+00:00
[2023-05-19 17:05:20,137] {standard_task_runner.py:52} INFO - Started process 7330 to run task
[2023-05-19 17:05:20,138] {standard_task_runner.py:79} INFO - Running: ['airflow', 'tasks', 'run', 'TwitterDAG', 'twitter_datascience', 'scheduled__2023-05-18T00:00:00+00:00', '--job-id', '16', '--raw', '--subdir', 'DAGS_FOLDER/twitter_dag.py', '--cfg-path', '/var/folders/4m/2vllbq951394clq6jtlsj0p40000gn/T/tmpe32_m_en', '--error-file', '/var/folders/4m/2vllbq951394clq6jtlsj0p40000gn/T/tmp3o_k1_s8']
[2023-05-19 17:05:20,141] {standard_task_runner.py:80} INFO - Job 16: Subtask twitter_datascience
[2023-05-19 17:05:20,232] {task_command.py:370} INFO - Running <TaskInstance: TwitterDAG.twitter_datascience scheduled__2023-05-18T00:00:00+00:00 [running]> on host 1.0.0.127.in-addr.arpa
[2023-05-19 17:05:20,339] {taskinstance.py:1569} INFO - Exporting the following env vars:
AIRFLOW_CTX_DAG_OWNER=airflow
AIRFLOW_CTX_DAG_ID=TwitterDAG
AIRFLOW_CTX_TASK_ID=twitter_datascience
AIRFLOW_CTX_EXECUTION_DATE=2023-05-18T00:00:00+00:00
AIRFLOW_CTX_TRY_NUMBER=1
AIRFLOW_CTX_DAG_RUN_ID=scheduled__2023-05-18T00:00:00+00:00
[2023-05-19 17:05:20,352] {base.py:68} INFO - Using connection ID 'twitter_default' for task execution.
[2023-05-19 17:05:20,357] {twitter_hook.py:34} INFO - URL: https://labdados.com/2/tweets/search/recent?query=datascience&tweet.fields=author_id,conversation_id,created_at,id,in_reply_to_user_id,public_metrics,lang,text&expansions=author_id&user.fields=id,name,username,created_at&start_time=2023-05-18T00:00:00.00Z&end_time=2023-05-19T00:00:00.00Z
[2023-05-19 17:05:20,986] {taskinstance.py:1395} INFO - Marking task as SUCCESS. dag_id=TwitterDAG, task_id=twitter_datascience, execution_date=20230518T000000, start_date=20230519T200520, end_date=20230519T200520
[2023-05-19 17:05:21,041] {local_task_job.py:156} INFO - Task exited with return code 0
[2023-05-19 17:05:21,111] {local_task_job.py:273} INFO - 1 downstream tasks scheduled from follow-on schedule check
[2023-05-19 17:59:59,775] {taskinstance.py:1159} INFO - Dependencies all met for <TaskInstance: TwitterDAG.twitter_datascience scheduled__2023-05-18T00:00:00+00:00 [queued]>
[2023-05-19 17:59:59,803] {taskinstance.py:1159} INFO - Dependencies all met for <TaskInstance: TwitterDAG.twitter_datascience scheduled__2023-05-18T00:00:00+00:00 [queued]>
[2023-05-19 17:59:59,804] {taskinstance.py:1356} INFO - 
--------------------------------------------------------------------------------
[2023-05-19 17:59:59,811] {taskinstance.py:1357} INFO - Starting attempt 1 of 1
[2023-05-19 17:59:59,812] {taskinstance.py:1358} INFO - 
--------------------------------------------------------------------------------
[2023-05-19 17:59:59,869] {taskinstance.py:1377} INFO - Executing <Task(TwitterOperator): twitter_datascience> on 2023-05-18 00:00:00+00:00
[2023-05-19 17:59:59,875] {standard_task_runner.py:52} INFO - Started process 8662 to run task
[2023-05-19 17:59:59,887] {standard_task_runner.py:79} INFO - Running: ['airflow', 'tasks', 'run', 'TwitterDAG', 'twitter_datascience', 'scheduled__2023-05-18T00:00:00+00:00', '--job-id', '24', '--raw', '--subdir', 'DAGS_FOLDER/twitter_dag.py', '--cfg-path', '/var/folders/4m/2vllbq951394clq6jtlsj0p40000gn/T/tmpa9a26w7x', '--error-file', '/var/folders/4m/2vllbq951394clq6jtlsj0p40000gn/T/tmp_55kkbjk']
[2023-05-19 17:59:59,893] {standard_task_runner.py:80} INFO - Job 24: Subtask twitter_datascience
[2023-05-19 18:00:00,025] {task_command.py:370} INFO - Running <TaskInstance: TwitterDAG.twitter_datascience scheduled__2023-05-18T00:00:00+00:00 [running]> on host 1.0.0.127.in-addr.arpa
[2023-05-19 18:00:00,230] {taskinstance.py:1569} INFO - Exporting the following env vars:
AIRFLOW_CTX_DAG_OWNER=airflow
AIRFLOW_CTX_DAG_ID=TwitterDAG
AIRFLOW_CTX_TASK_ID=twitter_datascience
AIRFLOW_CTX_EXECUTION_DATE=2023-05-18T00:00:00+00:00
AIRFLOW_CTX_TRY_NUMBER=1
AIRFLOW_CTX_DAG_RUN_ID=scheduled__2023-05-18T00:00:00+00:00
[2023-05-19 18:00:00,252] {base.py:68} INFO - Using connection ID 'twitter_default' for task execution.
[2023-05-19 18:00:00,263] {twitter_hook.py:34} INFO - URL: https://labdados.com/2/tweets/search/recent?query=datascience&tweet.fields=author_id,conversation_id,created_at,id,in_reply_to_user_id,public_metrics,lang,text&expansions=author_id&user.fields=id,name,username,created_at&start_time=2023-05-18T00:00:00.00Z&end_time=2023-05-19T00:00:00.00Z
[2023-05-19 18:00:01,023] {taskinstance.py:1395} INFO - Marking task as SUCCESS. dag_id=TwitterDAG, task_id=twitter_datascience, execution_date=20230518T000000, start_date=20230519T205959, end_date=20230519T210001
[2023-05-19 18:00:01,073] {local_task_job.py:156} INFO - Task exited with return code 0
[2023-05-19 18:00:01,148] {local_task_job.py:273} INFO - 1 downstream tasks scheduled from follow-on schedule check
[2023-05-19 18:23:00,725] {taskinstance.py:1159} INFO - Dependencies all met for <TaskInstance: TwitterDAG.twitter_datascience scheduled__2023-05-18T00:00:00+00:00 [queued]>
[2023-05-19 18:23:00,759] {taskinstance.py:1159} INFO - Dependencies all met for <TaskInstance: TwitterDAG.twitter_datascience scheduled__2023-05-18T00:00:00+00:00 [queued]>
[2023-05-19 18:23:00,759] {taskinstance.py:1356} INFO - 
--------------------------------------------------------------------------------
[2023-05-19 18:23:00,760] {taskinstance.py:1357} INFO - Starting attempt 1 of 1
[2023-05-19 18:23:00,760] {taskinstance.py:1358} INFO - 
--------------------------------------------------------------------------------
[2023-05-19 18:23:00,801] {taskinstance.py:1377} INFO - Executing <Task(TwitterOperator): twitter_datascience> on 2023-05-18 00:00:00+00:00
[2023-05-19 18:23:00,808] {standard_task_runner.py:52} INFO - Started process 9691 to run task
[2023-05-19 18:23:00,815] {standard_task_runner.py:79} INFO - Running: ['airflow', 'tasks', 'run', 'TwitterDAG', 'twitter_datascience', 'scheduled__2023-05-18T00:00:00+00:00', '--job-id', '43', '--raw', '--subdir', 'DAGS_FOLDER/twitter_dag.py', '--cfg-path', '/var/folders/4m/2vllbq951394clq6jtlsj0p40000gn/T/tmp8uat1__e', '--error-file', '/var/folders/4m/2vllbq951394clq6jtlsj0p40000gn/T/tmpzl029ygv']
[2023-05-19 18:23:00,819] {standard_task_runner.py:80} INFO - Job 43: Subtask twitter_datascience
[2023-05-19 18:23:00,921] {task_command.py:370} INFO - Running <TaskInstance: TwitterDAG.twitter_datascience scheduled__2023-05-18T00:00:00+00:00 [running]> on host 1.0.0.127.in-addr.arpa
[2023-05-19 18:23:01,111] {taskinstance.py:1569} INFO - Exporting the following env vars:
AIRFLOW_CTX_DAG_OWNER=airflow
AIRFLOW_CTX_DAG_ID=TwitterDAG
AIRFLOW_CTX_TASK_ID=twitter_datascience
AIRFLOW_CTX_EXECUTION_DATE=2023-05-18T00:00:00+00:00
AIRFLOW_CTX_TRY_NUMBER=1
AIRFLOW_CTX_DAG_RUN_ID=scheduled__2023-05-18T00:00:00+00:00
[2023-05-19 18:23:01,139] {base.py:68} INFO - Using connection ID 'twitter_default' for task execution.
[2023-05-19 18:23:01,160] {twitter_hook.py:34} INFO - URL: https://labdados.com/2/tweets/search/recent?query=datascience&tweet.fields=author_id,conversation_id,created_at,id,in_reply_to_user_id,public_metrics,lang,text&expansions=author_id&user.fields=id,name,username,created_at&start_time=2023-05-18T00:00:00.00Z&end_time=2023-05-19T00:00:00.00Z
[2023-05-19 18:23:01,827] {twitter_hook.py:34} INFO - URL: https://labdados.com/2/tweets/search/recent?query=datascience&tweet.fields=author_id,conversation_id,created_at,id,in_reply_to_user_id,public_metrics,lang,text&expansions=author_id&user.fields=id,name,username,created_at&start_time=2023-05-18T00:00:00.00Z&end_time=2023-05-19T00:00:00.00Z&next_token=1234567890abcdef
[2023-05-19 18:23:02,023] {twitter_hook.py:34} INFO - URL: https://labdados.com/2/tweets/search/recent?query=datascience&tweet.fields=author_id,conversation_id,created_at,id,in_reply_to_user_id,public_metrics,lang,text&expansions=author_id&user.fields=id,name,username,created_at&start_time=2023-05-18T00:00:00.00Z&end_time=2023-05-19T00:00:00.00Z&next_token=1234567890abcdef
[2023-05-19 18:23:02,211] {twitter_hook.py:34} INFO - URL: https://labdados.com/2/tweets/search/recent?query=datascience&tweet.fields=author_id,conversation_id,created_at,id,in_reply_to_user_id,public_metrics,lang,text&expansions=author_id&user.fields=id,name,username,created_at&start_time=2023-05-18T00:00:00.00Z&end_time=2023-05-19T00:00:00.00Z&next_token=1234567890abcdef
[2023-05-19 18:23:02,429] {taskinstance.py:1395} INFO - Marking task as SUCCESS. dag_id=TwitterDAG, task_id=twitter_datascience, execution_date=20230518T000000, start_date=20230519T212300, end_date=20230519T212302
[2023-05-19 18:23:02,461] {local_task_job.py:156} INFO - Task exited with return code 0
[2023-05-19 18:23:02,613] {local_task_job.py:273} INFO - 1 downstream tasks scheduled from follow-on schedule check
