[2023-05-19 15:11:42,436] {processor.py:153} INFO - Started process (PID=2767) to work on /Users/marianaoliveira/Downloads/alura1/venv/lib/python3.10/site-packages/airflow/example_dags/example_trigger_target_dag.py
[2023-05-19 15:11:42,439] {processor.py:641} INFO - Processing file /Users/marianaoliveira/Downloads/alura1/venv/lib/python3.10/site-packages/airflow/example_dags/example_trigger_target_dag.py for tasks to queue
[2023-05-19 15:11:42,446] {logging_mixin.py:115} INFO - [2023-05-19 15:11:42,441] {dagbag.py:507} INFO - Filling up the DagBag from /Users/marianaoliveira/Downloads/alura1/venv/lib/python3.10/site-packages/airflow/example_dags/example_trigger_target_dag.py
[2023-05-19 15:11:42,504] {processor.py:651} INFO - DAG(s) dict_keys(['example_trigger_target_dag']) retrieved from /Users/marianaoliveira/Downloads/alura1/venv/lib/python3.10/site-packages/airflow/example_dags/example_trigger_target_dag.py
[2023-05-19 15:11:44,344] {logging_mixin.py:115} INFO - [2023-05-19 15:11:44,344] {manager.py:508} INFO - Created Permission View: can edit on DAG:example_trigger_target_dag
[2023-05-19 15:11:44,366] {logging_mixin.py:115} INFO - [2023-05-19 15:11:44,366] {manager.py:508} INFO - Created Permission View: can read on DAG:example_trigger_target_dag
[2023-05-19 15:11:44,381] {logging_mixin.py:115} INFO - [2023-05-19 15:11:44,381] {manager.py:508} INFO - Created Permission View: can delete on DAG:example_trigger_target_dag
[2023-05-19 15:11:44,382] {logging_mixin.py:115} INFO - [2023-05-19 15:11:44,381] {dag.py:2379} INFO - Sync 1 DAGs
[2023-05-19 15:11:44,402] {logging_mixin.py:115} INFO - [2023-05-19 15:11:44,402] {dag.py:2398} INFO - Creating ORM DAG for example_trigger_target_dag
[2023-05-19 15:11:44,418] {logging_mixin.py:115} INFO - [2023-05-19 15:11:44,418] {dag.py:2927} INFO - Setting next_dagrun for example_trigger_target_dag to None, run_after=None
[2023-05-19 15:11:44,452] {processor.py:161} INFO - Processing /Users/marianaoliveira/Downloads/alura1/venv/lib/python3.10/site-packages/airflow/example_dags/example_trigger_target_dag.py took 2.016 seconds
[2023-05-19 15:13:41,889] {processor.py:153} INFO - Started process (PID=2873) to work on /Users/marianaoliveira/Downloads/alura1/venv/lib/python3.10/site-packages/airflow/example_dags/example_trigger_target_dag.py
[2023-05-19 15:13:41,890] {processor.py:641} INFO - Processing file /Users/marianaoliveira/Downloads/alura1/venv/lib/python3.10/site-packages/airflow/example_dags/example_trigger_target_dag.py for tasks to queue
[2023-05-19 15:13:41,891] {logging_mixin.py:115} INFO - [2023-05-19 15:13:41,890] {dagbag.py:507} INFO - Filling up the DagBag from /Users/marianaoliveira/Downloads/alura1/venv/lib/python3.10/site-packages/airflow/example_dags/example_trigger_target_dag.py
[2023-05-19 15:13:41,930] {processor.py:651} INFO - DAG(s) dict_keys(['example_trigger_target_dag']) retrieved from /Users/marianaoliveira/Downloads/alura1/venv/lib/python3.10/site-packages/airflow/example_dags/example_trigger_target_dag.py
[2023-05-19 15:13:42,009] {logging_mixin.py:115} INFO - [2023-05-19 15:13:42,008] {dag.py:2379} INFO - Sync 1 DAGs
[2023-05-19 15:13:42,024] {logging_mixin.py:115} INFO - [2023-05-19 15:13:42,024] {dag.py:2927} INFO - Setting next_dagrun for example_trigger_target_dag to None, run_after=None
[2023-05-19 15:13:42,036] {processor.py:161} INFO - Processing /Users/marianaoliveira/Downloads/alura1/venv/lib/python3.10/site-packages/airflow/example_dags/example_trigger_target_dag.py took 0.148 seconds
[2023-05-19 15:14:37,950] {processor.py:153} INFO - Started process (PID=2908) to work on /Users/marianaoliveira/Downloads/alura1/venv/lib/python3.10/site-packages/airflow/example_dags/example_trigger_target_dag.py
[2023-05-19 15:14:37,950] {processor.py:641} INFO - Processing file /Users/marianaoliveira/Downloads/alura1/venv/lib/python3.10/site-packages/airflow/example_dags/example_trigger_target_dag.py for tasks to queue
[2023-05-19 15:14:37,950] {logging_mixin.py:115} INFO - [2023-05-19 15:14:37,950] {dagbag.py:507} INFO - Filling up the DagBag from /Users/marianaoliveira/Downloads/alura1/venv/lib/python3.10/site-packages/airflow/example_dags/example_trigger_target_dag.py
[2023-05-19 15:14:37,990] {processor.py:651} INFO - DAG(s) dict_keys(['example_trigger_target_dag']) retrieved from /Users/marianaoliveira/Downloads/alura1/venv/lib/python3.10/site-packages/airflow/example_dags/example_trigger_target_dag.py
[2023-05-19 15:14:38,057] {logging_mixin.py:115} INFO - [2023-05-19 15:14:38,057] {dag.py:2379} INFO - Sync 1 DAGs
[2023-05-19 15:14:38,073] {logging_mixin.py:115} INFO - [2023-05-19 15:14:38,073] {dag.py:2927} INFO - Setting next_dagrun for example_trigger_target_dag to None, run_after=None
[2023-05-19 15:14:38,084] {processor.py:161} INFO - Processing /Users/marianaoliveira/Downloads/alura1/venv/lib/python3.10/site-packages/airflow/example_dags/example_trigger_target_dag.py took 0.136 seconds
[2023-05-19 15:15:39,194] {processor.py:153} INFO - Started process (PID=2943) to work on /Users/marianaoliveira/Downloads/alura1/venv/lib/python3.10/site-packages/airflow/example_dags/example_trigger_target_dag.py
[2023-05-19 15:15:39,195] {processor.py:641} INFO - Processing file /Users/marianaoliveira/Downloads/alura1/venv/lib/python3.10/site-packages/airflow/example_dags/example_trigger_target_dag.py for tasks to queue
[2023-05-19 15:15:39,196] {logging_mixin.py:115} INFO - [2023-05-19 15:15:39,196] {dagbag.py:507} INFO - Filling up the DagBag from /Users/marianaoliveira/Downloads/alura1/venv/lib/python3.10/site-packages/airflow/example_dags/example_trigger_target_dag.py
[2023-05-19 15:15:39,242] {processor.py:651} INFO - DAG(s) dict_keys(['example_trigger_target_dag']) retrieved from /Users/marianaoliveira/Downloads/alura1/venv/lib/python3.10/site-packages/airflow/example_dags/example_trigger_target_dag.py
[2023-05-19 15:15:39,318] {logging_mixin.py:115} INFO - [2023-05-19 15:15:39,318] {dag.py:2379} INFO - Sync 1 DAGs
[2023-05-19 15:15:39,336] {logging_mixin.py:115} INFO - [2023-05-19 15:15:39,336] {dag.py:2927} INFO - Setting next_dagrun for example_trigger_target_dag to None, run_after=None
[2023-05-19 15:15:39,364] {processor.py:161} INFO - Processing /Users/marianaoliveira/Downloads/alura1/venv/lib/python3.10/site-packages/airflow/example_dags/example_trigger_target_dag.py took 0.171 seconds
[2023-05-19 15:16:57,906] {processor.py:153} INFO - Started process (PID=2990) to work on /Users/marianaoliveira/Downloads/alura1/venv/lib/python3.10/site-packages/airflow/example_dags/example_trigger_target_dag.py
[2023-05-19 15:16:57,908] {processor.py:641} INFO - Processing file /Users/marianaoliveira/Downloads/alura1/venv/lib/python3.10/site-packages/airflow/example_dags/example_trigger_target_dag.py for tasks to queue
[2023-05-19 15:16:57,909] {logging_mixin.py:115} INFO - [2023-05-19 15:16:57,909] {dagbag.py:507} INFO - Filling up the DagBag from /Users/marianaoliveira/Downloads/alura1/venv/lib/python3.10/site-packages/airflow/example_dags/example_trigger_target_dag.py
[2023-05-19 15:16:57,966] {processor.py:651} INFO - DAG(s) dict_keys(['example_trigger_target_dag']) retrieved from /Users/marianaoliveira/Downloads/alura1/venv/lib/python3.10/site-packages/airflow/example_dags/example_trigger_target_dag.py
[2023-05-19 15:16:58,056] {logging_mixin.py:115} INFO - [2023-05-19 15:16:58,056] {dag.py:2379} INFO - Sync 1 DAGs
[2023-05-19 15:16:58,076] {logging_mixin.py:115} INFO - [2023-05-19 15:16:58,076] {dag.py:2927} INFO - Setting next_dagrun for example_trigger_target_dag to None, run_after=None
[2023-05-19 15:16:58,093] {processor.py:161} INFO - Processing /Users/marianaoliveira/Downloads/alura1/venv/lib/python3.10/site-packages/airflow/example_dags/example_trigger_target_dag.py took 0.189 seconds
[2023-05-19 15:18:21,751] {processor.py:153} INFO - Started process (PID=3064) to work on /Users/marianaoliveira/Downloads/alura1/venv/lib/python3.10/site-packages/airflow/example_dags/example_trigger_target_dag.py
[2023-05-19 15:18:21,753] {processor.py:641} INFO - Processing file /Users/marianaoliveira/Downloads/alura1/venv/lib/python3.10/site-packages/airflow/example_dags/example_trigger_target_dag.py for tasks to queue
[2023-05-19 15:18:21,753] {logging_mixin.py:115} INFO - [2023-05-19 15:18:21,753] {dagbag.py:507} INFO - Filling up the DagBag from /Users/marianaoliveira/Downloads/alura1/venv/lib/python3.10/site-packages/airflow/example_dags/example_trigger_target_dag.py
[2023-05-19 15:18:21,791] {processor.py:651} INFO - DAG(s) dict_keys(['example_trigger_target_dag']) retrieved from /Users/marianaoliveira/Downloads/alura1/venv/lib/python3.10/site-packages/airflow/example_dags/example_trigger_target_dag.py
[2023-05-19 15:18:21,859] {logging_mixin.py:115} INFO - [2023-05-19 15:18:21,859] {dag.py:2379} INFO - Sync 1 DAGs
[2023-05-19 15:18:21,874] {logging_mixin.py:115} INFO - [2023-05-19 15:18:21,874] {dag.py:2927} INFO - Setting next_dagrun for example_trigger_target_dag to None, run_after=None
[2023-05-19 15:18:21,889] {processor.py:161} INFO - Processing /Users/marianaoliveira/Downloads/alura1/venv/lib/python3.10/site-packages/airflow/example_dags/example_trigger_target_dag.py took 0.139 seconds
[2023-05-19 15:19:25,474] {processor.py:153} INFO - Started process (PID=3100) to work on /Users/marianaoliveira/Downloads/alura1/venv/lib/python3.10/site-packages/airflow/example_dags/example_trigger_target_dag.py
[2023-05-19 15:19:25,476] {processor.py:641} INFO - Processing file /Users/marianaoliveira/Downloads/alura1/venv/lib/python3.10/site-packages/airflow/example_dags/example_trigger_target_dag.py for tasks to queue
[2023-05-19 15:19:25,476] {logging_mixin.py:115} INFO - [2023-05-19 15:19:25,476] {dagbag.py:507} INFO - Filling up the DagBag from /Users/marianaoliveira/Downloads/alura1/venv/lib/python3.10/site-packages/airflow/example_dags/example_trigger_target_dag.py
[2023-05-19 15:19:25,517] {processor.py:651} INFO - DAG(s) dict_keys(['example_trigger_target_dag']) retrieved from /Users/marianaoliveira/Downloads/alura1/venv/lib/python3.10/site-packages/airflow/example_dags/example_trigger_target_dag.py
[2023-05-19 15:19:25,645] {logging_mixin.py:115} INFO - [2023-05-19 15:19:25,645] {dag.py:2379} INFO - Sync 1 DAGs
[2023-05-19 15:19:25,682] {logging_mixin.py:115} INFO - [2023-05-19 15:19:25,682] {dag.py:2927} INFO - Setting next_dagrun for example_trigger_target_dag to None, run_after=None
[2023-05-19 15:19:25,708] {processor.py:161} INFO - Processing /Users/marianaoliveira/Downloads/alura1/venv/lib/python3.10/site-packages/airflow/example_dags/example_trigger_target_dag.py took 0.235 seconds
[2023-05-19 15:20:26,033] {processor.py:153} INFO - Started process (PID=3130) to work on /Users/marianaoliveira/Downloads/alura1/venv/lib/python3.10/site-packages/airflow/example_dags/example_trigger_target_dag.py
[2023-05-19 15:20:26,034] {processor.py:641} INFO - Processing file /Users/marianaoliveira/Downloads/alura1/venv/lib/python3.10/site-packages/airflow/example_dags/example_trigger_target_dag.py for tasks to queue
[2023-05-19 15:20:26,035] {logging_mixin.py:115} INFO - [2023-05-19 15:20:26,035] {dagbag.py:507} INFO - Filling up the DagBag from /Users/marianaoliveira/Downloads/alura1/venv/lib/python3.10/site-packages/airflow/example_dags/example_trigger_target_dag.py
[2023-05-19 15:20:26,074] {processor.py:651} INFO - DAG(s) dict_keys(['example_trigger_target_dag']) retrieved from /Users/marianaoliveira/Downloads/alura1/venv/lib/python3.10/site-packages/airflow/example_dags/example_trigger_target_dag.py
[2023-05-19 15:20:26,145] {logging_mixin.py:115} INFO - [2023-05-19 15:20:26,145] {dag.py:2379} INFO - Sync 1 DAGs
[2023-05-19 15:20:26,161] {logging_mixin.py:115} INFO - [2023-05-19 15:20:26,161] {dag.py:2927} INFO - Setting next_dagrun for example_trigger_target_dag to None, run_after=None
[2023-05-19 15:20:26,173] {processor.py:161} INFO - Processing /Users/marianaoliveira/Downloads/alura1/venv/lib/python3.10/site-packages/airflow/example_dags/example_trigger_target_dag.py took 0.141 seconds
[2023-05-19 15:21:20,346] {processor.py:153} INFO - Started process (PID=3158) to work on /Users/marianaoliveira/Downloads/alura1/venv/lib/python3.10/site-packages/airflow/example_dags/example_trigger_target_dag.py
[2023-05-19 15:21:20,347] {processor.py:641} INFO - Processing file /Users/marianaoliveira/Downloads/alura1/venv/lib/python3.10/site-packages/airflow/example_dags/example_trigger_target_dag.py for tasks to queue
[2023-05-19 15:21:20,350] {logging_mixin.py:115} INFO - [2023-05-19 15:21:20,350] {dagbag.py:507} INFO - Filling up the DagBag from /Users/marianaoliveira/Downloads/alura1/venv/lib/python3.10/site-packages/airflow/example_dags/example_trigger_target_dag.py
[2023-05-19 15:21:20,385] {processor.py:651} INFO - DAG(s) dict_keys(['example_trigger_target_dag']) retrieved from /Users/marianaoliveira/Downloads/alura1/venv/lib/python3.10/site-packages/airflow/example_dags/example_trigger_target_dag.py
[2023-05-19 15:21:20,460] {logging_mixin.py:115} INFO - [2023-05-19 15:21:20,460] {dag.py:2379} INFO - Sync 1 DAGs
[2023-05-19 15:21:20,476] {logging_mixin.py:115} INFO - [2023-05-19 15:21:20,475] {dag.py:2927} INFO - Setting next_dagrun for example_trigger_target_dag to None, run_after=None
[2023-05-19 15:21:20,488] {processor.py:161} INFO - Processing /Users/marianaoliveira/Downloads/alura1/venv/lib/python3.10/site-packages/airflow/example_dags/example_trigger_target_dag.py took 0.143 seconds
[2023-05-19 15:22:56,636] {processor.py:153} INFO - Started process (PID=3207) to work on /Users/marianaoliveira/Downloads/alura1/venv/lib/python3.10/site-packages/airflow/example_dags/example_trigger_target_dag.py
[2023-05-19 15:22:56,638] {processor.py:641} INFO - Processing file /Users/marianaoliveira/Downloads/alura1/venv/lib/python3.10/site-packages/airflow/example_dags/example_trigger_target_dag.py for tasks to queue
[2023-05-19 15:22:56,638] {logging_mixin.py:115} INFO - [2023-05-19 15:22:56,638] {dagbag.py:507} INFO - Filling up the DagBag from /Users/marianaoliveira/Downloads/alura1/venv/lib/python3.10/site-packages/airflow/example_dags/example_trigger_target_dag.py
[2023-05-19 15:22:56,679] {processor.py:651} INFO - DAG(s) dict_keys(['example_trigger_target_dag']) retrieved from /Users/marianaoliveira/Downloads/alura1/venv/lib/python3.10/site-packages/airflow/example_dags/example_trigger_target_dag.py
[2023-05-19 15:22:56,755] {logging_mixin.py:115} INFO - [2023-05-19 15:22:56,755] {dag.py:2379} INFO - Sync 1 DAGs
[2023-05-19 15:22:56,771] {logging_mixin.py:115} INFO - [2023-05-19 15:22:56,771] {dag.py:2927} INFO - Setting next_dagrun for example_trigger_target_dag to None, run_after=None
[2023-05-19 15:22:56,783] {processor.py:161} INFO - Processing /Users/marianaoliveira/Downloads/alura1/venv/lib/python3.10/site-packages/airflow/example_dags/example_trigger_target_dag.py took 0.147 seconds
[2023-05-19 15:24:44,367] {processor.py:153} INFO - Started process (PID=3266) to work on /Users/marianaoliveira/Downloads/alura1/venv/lib/python3.10/site-packages/airflow/example_dags/example_trigger_target_dag.py
[2023-05-19 15:24:44,369] {processor.py:641} INFO - Processing file /Users/marianaoliveira/Downloads/alura1/venv/lib/python3.10/site-packages/airflow/example_dags/example_trigger_target_dag.py for tasks to queue
[2023-05-19 15:24:44,369] {logging_mixin.py:115} INFO - [2023-05-19 15:24:44,369] {dagbag.py:507} INFO - Filling up the DagBag from /Users/marianaoliveira/Downloads/alura1/venv/lib/python3.10/site-packages/airflow/example_dags/example_trigger_target_dag.py
[2023-05-19 15:24:44,420] {processor.py:651} INFO - DAG(s) dict_keys(['example_trigger_target_dag']) retrieved from /Users/marianaoliveira/Downloads/alura1/venv/lib/python3.10/site-packages/airflow/example_dags/example_trigger_target_dag.py
[2023-05-19 15:24:44,537] {logging_mixin.py:115} INFO - [2023-05-19 15:24:44,536] {dag.py:2379} INFO - Sync 1 DAGs
[2023-05-19 15:24:44,566] {logging_mixin.py:115} INFO - [2023-05-19 15:24:44,566] {dag.py:2927} INFO - Setting next_dagrun for example_trigger_target_dag to None, run_after=None
[2023-05-19 15:24:44,599] {processor.py:161} INFO - Processing /Users/marianaoliveira/Downloads/alura1/venv/lib/python3.10/site-packages/airflow/example_dags/example_trigger_target_dag.py took 0.233 seconds
[2023-05-19 15:26:13,324] {processor.py:153} INFO - Started process (PID=3335) to work on /Users/marianaoliveira/Downloads/alura1/venv/lib/python3.10/site-packages/airflow/example_dags/example_trigger_target_dag.py
[2023-05-19 15:26:13,325] {processor.py:641} INFO - Processing file /Users/marianaoliveira/Downloads/alura1/venv/lib/python3.10/site-packages/airflow/example_dags/example_trigger_target_dag.py for tasks to queue
[2023-05-19 15:26:13,325] {logging_mixin.py:115} INFO - [2023-05-19 15:26:13,325] {dagbag.py:507} INFO - Filling up the DagBag from /Users/marianaoliveira/Downloads/alura1/venv/lib/python3.10/site-packages/airflow/example_dags/example_trigger_target_dag.py
[2023-05-19 15:26:13,374] {processor.py:651} INFO - DAG(s) dict_keys(['example_trigger_target_dag']) retrieved from /Users/marianaoliveira/Downloads/alura1/venv/lib/python3.10/site-packages/airflow/example_dags/example_trigger_target_dag.py
[2023-05-19 15:26:13,467] {logging_mixin.py:115} INFO - [2023-05-19 15:26:13,467] {dag.py:2379} INFO - Sync 1 DAGs
[2023-05-19 15:26:13,485] {logging_mixin.py:115} INFO - [2023-05-19 15:26:13,485] {dag.py:2927} INFO - Setting next_dagrun for example_trigger_target_dag to None, run_after=None
[2023-05-19 15:26:13,499] {processor.py:161} INFO - Processing /Users/marianaoliveira/Downloads/alura1/venv/lib/python3.10/site-packages/airflow/example_dags/example_trigger_target_dag.py took 0.175 seconds
[2023-05-19 15:27:27,154] {processor.py:153} INFO - Started process (PID=3374) to work on /Users/marianaoliveira/Downloads/alura1/venv/lib/python3.10/site-packages/airflow/example_dags/example_trigger_target_dag.py
[2023-05-19 15:27:27,155] {processor.py:641} INFO - Processing file /Users/marianaoliveira/Downloads/alura1/venv/lib/python3.10/site-packages/airflow/example_dags/example_trigger_target_dag.py for tasks to queue
[2023-05-19 15:27:27,155] {logging_mixin.py:115} INFO - [2023-05-19 15:27:27,155] {dagbag.py:507} INFO - Filling up the DagBag from /Users/marianaoliveira/Downloads/alura1/venv/lib/python3.10/site-packages/airflow/example_dags/example_trigger_target_dag.py
[2023-05-19 15:27:27,198] {processor.py:651} INFO - DAG(s) dict_keys(['example_trigger_target_dag']) retrieved from /Users/marianaoliveira/Downloads/alura1/venv/lib/python3.10/site-packages/airflow/example_dags/example_trigger_target_dag.py
[2023-05-19 15:27:27,276] {logging_mixin.py:115} INFO - [2023-05-19 15:27:27,276] {dag.py:2379} INFO - Sync 1 DAGs
[2023-05-19 15:27:27,293] {logging_mixin.py:115} INFO - [2023-05-19 15:27:27,292] {dag.py:2927} INFO - Setting next_dagrun for example_trigger_target_dag to None, run_after=None
[2023-05-19 15:27:27,307] {processor.py:161} INFO - Processing /Users/marianaoliveira/Downloads/alura1/venv/lib/python3.10/site-packages/airflow/example_dags/example_trigger_target_dag.py took 0.153 seconds
[2023-05-19 15:28:32,063] {processor.py:153} INFO - Started process (PID=3412) to work on /Users/marianaoliveira/Downloads/alura1/venv/lib/python3.10/site-packages/airflow/example_dags/example_trigger_target_dag.py
[2023-05-19 15:28:32,064] {processor.py:641} INFO - Processing file /Users/marianaoliveira/Downloads/alura1/venv/lib/python3.10/site-packages/airflow/example_dags/example_trigger_target_dag.py for tasks to queue
[2023-05-19 15:28:32,064] {logging_mixin.py:115} INFO - [2023-05-19 15:28:32,064] {dagbag.py:507} INFO - Filling up the DagBag from /Users/marianaoliveira/Downloads/alura1/venv/lib/python3.10/site-packages/airflow/example_dags/example_trigger_target_dag.py
[2023-05-19 15:28:32,125] {processor.py:651} INFO - DAG(s) dict_keys(['example_trigger_target_dag']) retrieved from /Users/marianaoliveira/Downloads/alura1/venv/lib/python3.10/site-packages/airflow/example_dags/example_trigger_target_dag.py
[2023-05-19 15:28:32,228] {logging_mixin.py:115} INFO - [2023-05-19 15:28:32,227] {dag.py:2379} INFO - Sync 1 DAGs
[2023-05-19 15:28:32,243] {logging_mixin.py:115} INFO - [2023-05-19 15:28:32,243] {dag.py:2927} INFO - Setting next_dagrun for example_trigger_target_dag to None, run_after=None
[2023-05-19 15:28:32,256] {processor.py:161} INFO - Processing /Users/marianaoliveira/Downloads/alura1/venv/lib/python3.10/site-packages/airflow/example_dags/example_trigger_target_dag.py took 0.194 seconds
[2023-05-19 15:29:43,112] {processor.py:153} INFO - Started process (PID=3457) to work on /Users/marianaoliveira/Downloads/alura1/venv/lib/python3.10/site-packages/airflow/example_dags/example_trigger_target_dag.py
[2023-05-19 15:29:43,112] {processor.py:641} INFO - Processing file /Users/marianaoliveira/Downloads/alura1/venv/lib/python3.10/site-packages/airflow/example_dags/example_trigger_target_dag.py for tasks to queue
[2023-05-19 15:29:43,113] {logging_mixin.py:115} INFO - [2023-05-19 15:29:43,113] {dagbag.py:507} INFO - Filling up the DagBag from /Users/marianaoliveira/Downloads/alura1/venv/lib/python3.10/site-packages/airflow/example_dags/example_trigger_target_dag.py
[2023-05-19 15:29:43,156] {processor.py:651} INFO - DAG(s) dict_keys(['example_trigger_target_dag']) retrieved from /Users/marianaoliveira/Downloads/alura1/venv/lib/python3.10/site-packages/airflow/example_dags/example_trigger_target_dag.py
[2023-05-19 15:29:43,239] {logging_mixin.py:115} INFO - [2023-05-19 15:29:43,238] {dag.py:2379} INFO - Sync 1 DAGs
[2023-05-19 15:29:43,256] {logging_mixin.py:115} INFO - [2023-05-19 15:29:43,256] {dag.py:2927} INFO - Setting next_dagrun for example_trigger_target_dag to None, run_after=None
[2023-05-19 15:29:43,268] {processor.py:161} INFO - Processing /Users/marianaoliveira/Downloads/alura1/venv/lib/python3.10/site-packages/airflow/example_dags/example_trigger_target_dag.py took 0.159 seconds
[2023-05-19 15:30:53,539] {processor.py:153} INFO - Started process (PID=3496) to work on /Users/marianaoliveira/Downloads/alura1/venv/lib/python3.10/site-packages/airflow/example_dags/example_trigger_target_dag.py
[2023-05-19 15:30:53,540] {processor.py:641} INFO - Processing file /Users/marianaoliveira/Downloads/alura1/venv/lib/python3.10/site-packages/airflow/example_dags/example_trigger_target_dag.py for tasks to queue
[2023-05-19 15:30:53,541] {logging_mixin.py:115} INFO - [2023-05-19 15:30:53,541] {dagbag.py:507} INFO - Filling up the DagBag from /Users/marianaoliveira/Downloads/alura1/venv/lib/python3.10/site-packages/airflow/example_dags/example_trigger_target_dag.py
[2023-05-19 15:30:53,623] {processor.py:651} INFO - DAG(s) dict_keys(['example_trigger_target_dag']) retrieved from /Users/marianaoliveira/Downloads/alura1/venv/lib/python3.10/site-packages/airflow/example_dags/example_trigger_target_dag.py
[2023-05-19 15:30:53,761] {logging_mixin.py:115} INFO - [2023-05-19 15:30:53,761] {dag.py:2379} INFO - Sync 1 DAGs
[2023-05-19 15:30:53,795] {logging_mixin.py:115} INFO - [2023-05-19 15:30:53,795] {dag.py:2927} INFO - Setting next_dagrun for example_trigger_target_dag to None, run_after=None
[2023-05-19 15:30:53,816] {processor.py:161} INFO - Processing /Users/marianaoliveira/Downloads/alura1/venv/lib/python3.10/site-packages/airflow/example_dags/example_trigger_target_dag.py took 0.283 seconds
[2023-05-19 16:29:03,173] {processor.py:153} INFO - Started process (PID=6051) to work on /Users/marianaoliveira/Downloads/alura1/venv/lib/python3.10/site-packages/airflow/example_dags/example_trigger_target_dag.py
[2023-05-19 16:29:03,175] {processor.py:641} INFO - Processing file /Users/marianaoliveira/Downloads/alura1/venv/lib/python3.10/site-packages/airflow/example_dags/example_trigger_target_dag.py for tasks to queue
[2023-05-19 16:29:03,176] {logging_mixin.py:115} INFO - [2023-05-19 16:29:03,175] {dagbag.py:507} INFO - Filling up the DagBag from /Users/marianaoliveira/Downloads/alura1/venv/lib/python3.10/site-packages/airflow/example_dags/example_trigger_target_dag.py
[2023-05-19 16:29:03,246] {processor.py:651} INFO - DAG(s) dict_keys(['example_trigger_target_dag']) retrieved from /Users/marianaoliveira/Downloads/alura1/venv/lib/python3.10/site-packages/airflow/example_dags/example_trigger_target_dag.py
[2023-05-19 16:29:03,375] {logging_mixin.py:115} INFO - [2023-05-19 16:29:03,375] {dag.py:2379} INFO - Sync 1 DAGs
[2023-05-19 16:29:03,405] {logging_mixin.py:115} INFO - [2023-05-19 16:29:03,405] {dag.py:2927} INFO - Setting next_dagrun for example_trigger_target_dag to None, run_after=None
[2023-05-19 16:29:03,421] {processor.py:161} INFO - Processing /Users/marianaoliveira/Downloads/alura1/venv/lib/python3.10/site-packages/airflow/example_dags/example_trigger_target_dag.py took 0.249 seconds
[2023-05-19 16:31:17,105] {processor.py:153} INFO - Started process (PID=6118) to work on /Users/marianaoliveira/Downloads/alura1/venv/lib/python3.10/site-packages/airflow/example_dags/example_trigger_target_dag.py
[2023-05-19 16:31:17,108] {processor.py:641} INFO - Processing file /Users/marianaoliveira/Downloads/alura1/venv/lib/python3.10/site-packages/airflow/example_dags/example_trigger_target_dag.py for tasks to queue
[2023-05-19 16:31:17,109] {logging_mixin.py:115} INFO - [2023-05-19 16:31:17,109] {dagbag.py:507} INFO - Filling up the DagBag from /Users/marianaoliveira/Downloads/alura1/venv/lib/python3.10/site-packages/airflow/example_dags/example_trigger_target_dag.py
[2023-05-19 16:31:17,297] {processor.py:651} INFO - DAG(s) dict_keys(['example_trigger_target_dag']) retrieved from /Users/marianaoliveira/Downloads/alura1/venv/lib/python3.10/site-packages/airflow/example_dags/example_trigger_target_dag.py
[2023-05-19 16:31:17,700] {logging_mixin.py:115} INFO - [2023-05-19 16:31:17,700] {dag.py:2379} INFO - Sync 1 DAGs
[2023-05-19 16:31:17,749] {logging_mixin.py:115} INFO - [2023-05-19 16:31:17,749] {dag.py:2927} INFO - Setting next_dagrun for example_trigger_target_dag to None, run_after=None
[2023-05-19 16:31:17,805] {processor.py:161} INFO - Processing /Users/marianaoliveira/Downloads/alura1/venv/lib/python3.10/site-packages/airflow/example_dags/example_trigger_target_dag.py took 0.705 seconds
[2023-05-19 16:33:17,960] {processor.py:153} INFO - Started process (PID=6201) to work on /Users/marianaoliveira/Downloads/alura1/venv/lib/python3.10/site-packages/airflow/example_dags/example_trigger_target_dag.py
[2023-05-19 16:33:17,962] {processor.py:641} INFO - Processing file /Users/marianaoliveira/Downloads/alura1/venv/lib/python3.10/site-packages/airflow/example_dags/example_trigger_target_dag.py for tasks to queue
[2023-05-19 16:33:17,964] {logging_mixin.py:115} INFO - [2023-05-19 16:33:17,964] {dagbag.py:507} INFO - Filling up the DagBag from /Users/marianaoliveira/Downloads/alura1/venv/lib/python3.10/site-packages/airflow/example_dags/example_trigger_target_dag.py
[2023-05-19 16:33:18,047] {processor.py:651} INFO - DAG(s) dict_keys(['example_trigger_target_dag']) retrieved from /Users/marianaoliveira/Downloads/alura1/venv/lib/python3.10/site-packages/airflow/example_dags/example_trigger_target_dag.py
[2023-05-19 16:33:18,345] {logging_mixin.py:115} INFO - [2023-05-19 16:33:18,344] {dag.py:2379} INFO - Sync 1 DAGs
[2023-05-19 16:33:18,424] {logging_mixin.py:115} INFO - [2023-05-19 16:33:18,423] {dag.py:2927} INFO - Setting next_dagrun for example_trigger_target_dag to None, run_after=None
[2023-05-19 16:33:18,466] {processor.py:161} INFO - Processing /Users/marianaoliveira/Downloads/alura1/venv/lib/python3.10/site-packages/airflow/example_dags/example_trigger_target_dag.py took 0.509 seconds
[2023-05-19 16:36:10,598] {processor.py:153} INFO - Started process (PID=6296) to work on /Users/marianaoliveira/Downloads/alura1/venv/lib/python3.10/site-packages/airflow/example_dags/example_trigger_target_dag.py
[2023-05-19 16:36:10,599] {processor.py:641} INFO - Processing file /Users/marianaoliveira/Downloads/alura1/venv/lib/python3.10/site-packages/airflow/example_dags/example_trigger_target_dag.py for tasks to queue
[2023-05-19 16:36:10,600] {logging_mixin.py:115} INFO - [2023-05-19 16:36:10,600] {dagbag.py:507} INFO - Filling up the DagBag from /Users/marianaoliveira/Downloads/alura1/venv/lib/python3.10/site-packages/airflow/example_dags/example_trigger_target_dag.py
[2023-05-19 16:36:10,656] {processor.py:651} INFO - DAG(s) dict_keys(['example_trigger_target_dag']) retrieved from /Users/marianaoliveira/Downloads/alura1/venv/lib/python3.10/site-packages/airflow/example_dags/example_trigger_target_dag.py
[2023-05-19 16:36:10,773] {logging_mixin.py:115} INFO - [2023-05-19 16:36:10,773] {dag.py:2379} INFO - Sync 1 DAGs
[2023-05-19 16:36:10,791] {logging_mixin.py:115} INFO - [2023-05-19 16:36:10,791] {dag.py:2927} INFO - Setting next_dagrun for example_trigger_target_dag to None, run_after=None
[2023-05-19 16:36:10,811] {processor.py:161} INFO - Processing /Users/marianaoliveira/Downloads/alura1/venv/lib/python3.10/site-packages/airflow/example_dags/example_trigger_target_dag.py took 0.214 seconds
[2023-05-19 16:37:51,730] {processor.py:153} INFO - Started process (PID=6339) to work on /Users/marianaoliveira/Downloads/alura1/venv/lib/python3.10/site-packages/airflow/example_dags/example_trigger_target_dag.py
[2023-05-19 16:37:51,732] {processor.py:641} INFO - Processing file /Users/marianaoliveira/Downloads/alura1/venv/lib/python3.10/site-packages/airflow/example_dags/example_trigger_target_dag.py for tasks to queue
[2023-05-19 16:37:51,732] {logging_mixin.py:115} INFO - [2023-05-19 16:37:51,732] {dagbag.py:507} INFO - Filling up the DagBag from /Users/marianaoliveira/Downloads/alura1/venv/lib/python3.10/site-packages/airflow/example_dags/example_trigger_target_dag.py
[2023-05-19 16:37:51,817] {processor.py:651} INFO - DAG(s) dict_keys(['example_trigger_target_dag']) retrieved from /Users/marianaoliveira/Downloads/alura1/venv/lib/python3.10/site-packages/airflow/example_dags/example_trigger_target_dag.py
[2023-05-19 16:37:51,984] {logging_mixin.py:115} INFO - [2023-05-19 16:37:51,984] {dag.py:2379} INFO - Sync 1 DAGs
[2023-05-19 16:37:52,030] {logging_mixin.py:115} INFO - [2023-05-19 16:37:52,030] {dag.py:2927} INFO - Setting next_dagrun for example_trigger_target_dag to None, run_after=None
[2023-05-19 16:37:52,049] {processor.py:161} INFO - Processing /Users/marianaoliveira/Downloads/alura1/venv/lib/python3.10/site-packages/airflow/example_dags/example_trigger_target_dag.py took 0.320 seconds
[2023-05-19 16:41:22,446] {processor.py:153} INFO - Started process (PID=6524) to work on /Users/marianaoliveira/Downloads/alura1/venv/lib/python3.10/site-packages/airflow/example_dags/example_trigger_target_dag.py
[2023-05-19 16:41:22,448] {processor.py:641} INFO - Processing file /Users/marianaoliveira/Downloads/alura1/venv/lib/python3.10/site-packages/airflow/example_dags/example_trigger_target_dag.py for tasks to queue
[2023-05-19 16:41:22,448] {logging_mixin.py:115} INFO - [2023-05-19 16:41:22,448] {dagbag.py:507} INFO - Filling up the DagBag from /Users/marianaoliveira/Downloads/alura1/venv/lib/python3.10/site-packages/airflow/example_dags/example_trigger_target_dag.py
[2023-05-19 16:41:22,563] {processor.py:651} INFO - DAG(s) dict_keys(['example_trigger_target_dag']) retrieved from /Users/marianaoliveira/Downloads/alura1/venv/lib/python3.10/site-packages/airflow/example_dags/example_trigger_target_dag.py
[2023-05-19 16:41:22,905] {logging_mixin.py:115} INFO - [2023-05-19 16:41:22,905] {dag.py:2379} INFO - Sync 1 DAGs
[2023-05-19 16:41:22,983] {logging_mixin.py:115} INFO - [2023-05-19 16:41:22,976] {dag.py:2927} INFO - Setting next_dagrun for example_trigger_target_dag to None, run_after=None
[2023-05-19 16:41:23,024] {processor.py:161} INFO - Processing /Users/marianaoliveira/Downloads/alura1/venv/lib/python3.10/site-packages/airflow/example_dags/example_trigger_target_dag.py took 0.580 seconds
[2023-05-19 16:50:52,996] {processor.py:153} INFO - Started process (PID=6695) to work on /Users/marianaoliveira/Downloads/alura1/venv/lib/python3.10/site-packages/airflow/example_dags/example_trigger_target_dag.py
[2023-05-19 16:50:52,998] {processor.py:641} INFO - Processing file /Users/marianaoliveira/Downloads/alura1/venv/lib/python3.10/site-packages/airflow/example_dags/example_trigger_target_dag.py for tasks to queue
[2023-05-19 16:50:53,001] {logging_mixin.py:115} INFO - [2023-05-19 16:50:53,001] {dagbag.py:507} INFO - Filling up the DagBag from /Users/marianaoliveira/Downloads/alura1/venv/lib/python3.10/site-packages/airflow/example_dags/example_trigger_target_dag.py
[2023-05-19 16:50:53,195] {processor.py:651} INFO - DAG(s) dict_keys(['example_trigger_target_dag']) retrieved from /Users/marianaoliveira/Downloads/alura1/venv/lib/python3.10/site-packages/airflow/example_dags/example_trigger_target_dag.py
[2023-05-19 16:50:53,915] {logging_mixin.py:115} INFO - [2023-05-19 16:50:53,914] {dag.py:2379} INFO - Sync 1 DAGs
[2023-05-19 16:50:53,968] {logging_mixin.py:115} INFO - [2023-05-19 16:50:53,968] {dag.py:2927} INFO - Setting next_dagrun for example_trigger_target_dag to None, run_after=None
[2023-05-19 16:50:54,023] {processor.py:161} INFO - Processing /Users/marianaoliveira/Downloads/alura1/venv/lib/python3.10/site-packages/airflow/example_dags/example_trigger_target_dag.py took 1.028 seconds
[2023-05-19 16:53:43,192] {processor.py:153} INFO - Started process (PID=6843) to work on /Users/marianaoliveira/Downloads/alura1/venv/lib/python3.10/site-packages/airflow/example_dags/example_trigger_target_dag.py
[2023-05-19 16:53:43,200] {processor.py:641} INFO - Processing file /Users/marianaoliveira/Downloads/alura1/venv/lib/python3.10/site-packages/airflow/example_dags/example_trigger_target_dag.py for tasks to queue
[2023-05-19 16:53:43,202] {logging_mixin.py:115} INFO - [2023-05-19 16:53:43,202] {dagbag.py:507} INFO - Filling up the DagBag from /Users/marianaoliveira/Downloads/alura1/venv/lib/python3.10/site-packages/airflow/example_dags/example_trigger_target_dag.py
[2023-05-19 16:53:43,347] {processor.py:651} INFO - DAG(s) dict_keys(['example_trigger_target_dag']) retrieved from /Users/marianaoliveira/Downloads/alura1/venv/lib/python3.10/site-packages/airflow/example_dags/example_trigger_target_dag.py
[2023-05-19 16:53:43,587] {logging_mixin.py:115} INFO - [2023-05-19 16:53:43,587] {dag.py:2379} INFO - Sync 1 DAGs
[2023-05-19 16:53:43,624] {logging_mixin.py:115} INFO - [2023-05-19 16:53:43,624] {dag.py:2927} INFO - Setting next_dagrun for example_trigger_target_dag to None, run_after=None
[2023-05-19 16:53:43,667] {processor.py:161} INFO - Processing /Users/marianaoliveira/Downloads/alura1/venv/lib/python3.10/site-packages/airflow/example_dags/example_trigger_target_dag.py took 0.476 seconds
[2023-05-19 16:56:31,773] {processor.py:153} INFO - Started process (PID=7015) to work on /Users/marianaoliveira/Downloads/alura1/venv/lib/python3.10/site-packages/airflow/example_dags/example_trigger_target_dag.py
[2023-05-19 16:56:31,775] {processor.py:641} INFO - Processing file /Users/marianaoliveira/Downloads/alura1/venv/lib/python3.10/site-packages/airflow/example_dags/example_trigger_target_dag.py for tasks to queue
[2023-05-19 16:56:31,775] {logging_mixin.py:115} INFO - [2023-05-19 16:56:31,775] {dagbag.py:507} INFO - Filling up the DagBag from /Users/marianaoliveira/Downloads/alura1/venv/lib/python3.10/site-packages/airflow/example_dags/example_trigger_target_dag.py
[2023-05-19 16:56:31,846] {processor.py:651} INFO - DAG(s) dict_keys(['example_trigger_target_dag']) retrieved from /Users/marianaoliveira/Downloads/alura1/venv/lib/python3.10/site-packages/airflow/example_dags/example_trigger_target_dag.py
[2023-05-19 16:56:32,041] {logging_mixin.py:115} INFO - [2023-05-19 16:56:32,041] {dag.py:2379} INFO - Sync 1 DAGs
[2023-05-19 16:56:32,069] {logging_mixin.py:115} INFO - [2023-05-19 16:56:32,069] {dag.py:2927} INFO - Setting next_dagrun for example_trigger_target_dag to None, run_after=None
[2023-05-19 16:56:32,086] {processor.py:161} INFO - Processing /Users/marianaoliveira/Downloads/alura1/venv/lib/python3.10/site-packages/airflow/example_dags/example_trigger_target_dag.py took 0.313 seconds
[2023-05-19 16:58:04,309] {processor.py:153} INFO - Started process (PID=7048) to work on /Users/marianaoliveira/Downloads/alura1/venv/lib/python3.10/site-packages/airflow/example_dags/example_trigger_target_dag.py
[2023-05-19 16:58:04,310] {processor.py:641} INFO - Processing file /Users/marianaoliveira/Downloads/alura1/venv/lib/python3.10/site-packages/airflow/example_dags/example_trigger_target_dag.py for tasks to queue
[2023-05-19 16:58:04,311] {logging_mixin.py:115} INFO - [2023-05-19 16:58:04,310] {dagbag.py:507} INFO - Filling up the DagBag from /Users/marianaoliveira/Downloads/alura1/venv/lib/python3.10/site-packages/airflow/example_dags/example_trigger_target_dag.py
[2023-05-19 16:58:04,411] {processor.py:651} INFO - DAG(s) dict_keys(['example_trigger_target_dag']) retrieved from /Users/marianaoliveira/Downloads/alura1/venv/lib/python3.10/site-packages/airflow/example_dags/example_trigger_target_dag.py
[2023-05-19 16:58:04,543] {logging_mixin.py:115} INFO - [2023-05-19 16:58:04,543] {dag.py:2379} INFO - Sync 1 DAGs
[2023-05-19 16:58:04,572] {logging_mixin.py:115} INFO - [2023-05-19 16:58:04,571] {dag.py:2927} INFO - Setting next_dagrun for example_trigger_target_dag to None, run_after=None
[2023-05-19 16:58:04,594] {processor.py:161} INFO - Processing /Users/marianaoliveira/Downloads/alura1/venv/lib/python3.10/site-packages/airflow/example_dags/example_trigger_target_dag.py took 0.287 seconds
[2023-05-19 16:59:37,287] {processor.py:153} INFO - Started process (PID=7092) to work on /Users/marianaoliveira/Downloads/alura1/venv/lib/python3.10/site-packages/airflow/example_dags/example_trigger_target_dag.py
[2023-05-19 16:59:37,288] {processor.py:641} INFO - Processing file /Users/marianaoliveira/Downloads/alura1/venv/lib/python3.10/site-packages/airflow/example_dags/example_trigger_target_dag.py for tasks to queue
[2023-05-19 16:59:37,289] {logging_mixin.py:115} INFO - [2023-05-19 16:59:37,289] {dagbag.py:507} INFO - Filling up the DagBag from /Users/marianaoliveira/Downloads/alura1/venv/lib/python3.10/site-packages/airflow/example_dags/example_trigger_target_dag.py
[2023-05-19 16:59:37,343] {processor.py:651} INFO - DAG(s) dict_keys(['example_trigger_target_dag']) retrieved from /Users/marianaoliveira/Downloads/alura1/venv/lib/python3.10/site-packages/airflow/example_dags/example_trigger_target_dag.py
[2023-05-19 16:59:37,455] {logging_mixin.py:115} INFO - [2023-05-19 16:59:37,454] {dag.py:2379} INFO - Sync 1 DAGs
[2023-05-19 16:59:37,476] {logging_mixin.py:115} INFO - [2023-05-19 16:59:37,476] {dag.py:2927} INFO - Setting next_dagrun for example_trigger_target_dag to None, run_after=None
[2023-05-19 16:59:37,493] {processor.py:161} INFO - Processing /Users/marianaoliveira/Downloads/alura1/venv/lib/python3.10/site-packages/airflow/example_dags/example_trigger_target_dag.py took 0.207 seconds
[2023-05-19 17:01:08,604] {processor.py:153} INFO - Started process (PID=7137) to work on /Users/marianaoliveira/Downloads/alura1/venv/lib/python3.10/site-packages/airflow/example_dags/example_trigger_target_dag.py
[2023-05-19 17:01:08,605] {processor.py:641} INFO - Processing file /Users/marianaoliveira/Downloads/alura1/venv/lib/python3.10/site-packages/airflow/example_dags/example_trigger_target_dag.py for tasks to queue
[2023-05-19 17:01:08,608] {logging_mixin.py:115} INFO - [2023-05-19 17:01:08,608] {dagbag.py:507} INFO - Filling up the DagBag from /Users/marianaoliveira/Downloads/alura1/venv/lib/python3.10/site-packages/airflow/example_dags/example_trigger_target_dag.py
[2023-05-19 17:01:08,678] {processor.py:651} INFO - DAG(s) dict_keys(['example_trigger_target_dag']) retrieved from /Users/marianaoliveira/Downloads/alura1/venv/lib/python3.10/site-packages/airflow/example_dags/example_trigger_target_dag.py
[2023-05-19 17:01:08,850] {logging_mixin.py:115} INFO - [2023-05-19 17:01:08,850] {dag.py:2379} INFO - Sync 1 DAGs
[2023-05-19 17:01:08,890] {logging_mixin.py:115} INFO - [2023-05-19 17:01:08,890] {dag.py:2927} INFO - Setting next_dagrun for example_trigger_target_dag to None, run_after=None
[2023-05-19 17:01:08,926] {processor.py:161} INFO - Processing /Users/marianaoliveira/Downloads/alura1/venv/lib/python3.10/site-packages/airflow/example_dags/example_trigger_target_dag.py took 0.323 seconds
[2023-05-19 17:02:47,387] {processor.py:153} INFO - Started process (PID=7197) to work on /Users/marianaoliveira/Downloads/alura1/venv/lib/python3.10/site-packages/airflow/example_dags/example_trigger_target_dag.py
[2023-05-19 17:02:47,389] {processor.py:641} INFO - Processing file /Users/marianaoliveira/Downloads/alura1/venv/lib/python3.10/site-packages/airflow/example_dags/example_trigger_target_dag.py for tasks to queue
[2023-05-19 17:02:47,392] {logging_mixin.py:115} INFO - [2023-05-19 17:02:47,391] {dagbag.py:507} INFO - Filling up the DagBag from /Users/marianaoliveira/Downloads/alura1/venv/lib/python3.10/site-packages/airflow/example_dags/example_trigger_target_dag.py
[2023-05-19 17:02:47,484] {processor.py:651} INFO - DAG(s) dict_keys(['example_trigger_target_dag']) retrieved from /Users/marianaoliveira/Downloads/alura1/venv/lib/python3.10/site-packages/airflow/example_dags/example_trigger_target_dag.py
[2023-05-19 17:02:47,625] {logging_mixin.py:115} INFO - [2023-05-19 17:02:47,625] {dag.py:2379} INFO - Sync 1 DAGs
[2023-05-19 17:02:47,654] {logging_mixin.py:115} INFO - [2023-05-19 17:02:47,654] {dag.py:2927} INFO - Setting next_dagrun for example_trigger_target_dag to None, run_after=None
[2023-05-19 17:02:47,701] {processor.py:161} INFO - Processing /Users/marianaoliveira/Downloads/alura1/venv/lib/python3.10/site-packages/airflow/example_dags/example_trigger_target_dag.py took 0.316 seconds
[2023-05-19 17:07:05,241] {processor.py:153} INFO - Started process (PID=7457) to work on /Users/marianaoliveira/Downloads/alura1/venv/lib/python3.10/site-packages/airflow/example_dags/example_trigger_target_dag.py
[2023-05-19 17:07:05,242] {processor.py:641} INFO - Processing file /Users/marianaoliveira/Downloads/alura1/venv/lib/python3.10/site-packages/airflow/example_dags/example_trigger_target_dag.py for tasks to queue
[2023-05-19 17:07:05,243] {logging_mixin.py:115} INFO - [2023-05-19 17:07:05,243] {dagbag.py:507} INFO - Filling up the DagBag from /Users/marianaoliveira/Downloads/alura1/venv/lib/python3.10/site-packages/airflow/example_dags/example_trigger_target_dag.py
[2023-05-19 17:07:05,369] {processor.py:651} INFO - DAG(s) dict_keys(['example_trigger_target_dag']) retrieved from /Users/marianaoliveira/Downloads/alura1/venv/lib/python3.10/site-packages/airflow/example_dags/example_trigger_target_dag.py
[2023-05-19 17:07:05,534] {logging_mixin.py:115} INFO - [2023-05-19 17:07:05,533] {dag.py:2379} INFO - Sync 1 DAGs
[2023-05-19 17:07:05,570] {logging_mixin.py:115} INFO - [2023-05-19 17:07:05,569] {dag.py:2927} INFO - Setting next_dagrun for example_trigger_target_dag to None, run_after=None
[2023-05-19 17:07:05,641] {processor.py:161} INFO - Processing /Users/marianaoliveira/Downloads/alura1/venv/lib/python3.10/site-packages/airflow/example_dags/example_trigger_target_dag.py took 0.405 seconds
[2023-05-19 17:30:14,679] {processor.py:153} INFO - Started process (PID=7739) to work on /Users/marianaoliveira/Downloads/alura1/venv/lib/python3.10/site-packages/airflow/example_dags/example_trigger_target_dag.py
[2023-05-19 17:30:14,681] {processor.py:641} INFO - Processing file /Users/marianaoliveira/Downloads/alura1/venv/lib/python3.10/site-packages/airflow/example_dags/example_trigger_target_dag.py for tasks to queue
[2023-05-19 17:30:14,682] {logging_mixin.py:115} INFO - [2023-05-19 17:30:14,681] {dagbag.py:507} INFO - Filling up the DagBag from /Users/marianaoliveira/Downloads/alura1/venv/lib/python3.10/site-packages/airflow/example_dags/example_trigger_target_dag.py
[2023-05-19 17:30:14,755] {processor.py:651} INFO - DAG(s) dict_keys(['example_trigger_target_dag']) retrieved from /Users/marianaoliveira/Downloads/alura1/venv/lib/python3.10/site-packages/airflow/example_dags/example_trigger_target_dag.py
[2023-05-19 17:30:14,934] {logging_mixin.py:115} INFO - [2023-05-19 17:30:14,934] {dag.py:2379} INFO - Sync 1 DAGs
[2023-05-19 17:30:15,126] {logging_mixin.py:115} INFO - [2023-05-19 17:30:15,126] {dag.py:2927} INFO - Setting next_dagrun for example_trigger_target_dag to None, run_after=None
[2023-05-19 17:30:15,164] {processor.py:161} INFO - Processing /Users/marianaoliveira/Downloads/alura1/venv/lib/python3.10/site-packages/airflow/example_dags/example_trigger_target_dag.py took 0.486 seconds
[2023-05-19 17:32:45,265] {processor.py:153} INFO - Started process (PID=7804) to work on /Users/marianaoliveira/Downloads/alura1/venv/lib/python3.10/site-packages/airflow/example_dags/example_trigger_target_dag.py
[2023-05-19 17:32:45,267] {processor.py:641} INFO - Processing file /Users/marianaoliveira/Downloads/alura1/venv/lib/python3.10/site-packages/airflow/example_dags/example_trigger_target_dag.py for tasks to queue
[2023-05-19 17:32:45,268] {logging_mixin.py:115} INFO - [2023-05-19 17:32:45,267] {dagbag.py:507} INFO - Filling up the DagBag from /Users/marianaoliveira/Downloads/alura1/venv/lib/python3.10/site-packages/airflow/example_dags/example_trigger_target_dag.py
[2023-05-19 17:32:45,432] {processor.py:651} INFO - DAG(s) dict_keys(['example_trigger_target_dag']) retrieved from /Users/marianaoliveira/Downloads/alura1/venv/lib/python3.10/site-packages/airflow/example_dags/example_trigger_target_dag.py
[2023-05-19 17:32:45,833] {logging_mixin.py:115} INFO - [2023-05-19 17:32:45,832] {dag.py:2379} INFO - Sync 1 DAGs
[2023-05-19 17:32:45,867] {logging_mixin.py:115} INFO - [2023-05-19 17:32:45,867] {dag.py:2927} INFO - Setting next_dagrun for example_trigger_target_dag to None, run_after=None
[2023-05-19 17:32:45,917] {processor.py:161} INFO - Processing /Users/marianaoliveira/Downloads/alura1/venv/lib/python3.10/site-packages/airflow/example_dags/example_trigger_target_dag.py took 0.654 seconds
[2023-05-19 17:35:14,924] {processor.py:153} INFO - Started process (PID=7861) to work on /Users/marianaoliveira/Downloads/alura1/venv/lib/python3.10/site-packages/airflow/example_dags/example_trigger_target_dag.py
[2023-05-19 17:35:14,930] {processor.py:641} INFO - Processing file /Users/marianaoliveira/Downloads/alura1/venv/lib/python3.10/site-packages/airflow/example_dags/example_trigger_target_dag.py for tasks to queue
[2023-05-19 17:35:14,931] {logging_mixin.py:115} INFO - [2023-05-19 17:35:14,931] {dagbag.py:507} INFO - Filling up the DagBag from /Users/marianaoliveira/Downloads/alura1/venv/lib/python3.10/site-packages/airflow/example_dags/example_trigger_target_dag.py
[2023-05-19 17:35:15,104] {processor.py:651} INFO - DAG(s) dict_keys(['example_trigger_target_dag']) retrieved from /Users/marianaoliveira/Downloads/alura1/venv/lib/python3.10/site-packages/airflow/example_dags/example_trigger_target_dag.py
[2023-05-19 17:35:15,605] {logging_mixin.py:115} INFO - [2023-05-19 17:35:15,605] {dag.py:2379} INFO - Sync 1 DAGs
[2023-05-19 17:35:15,717] {logging_mixin.py:115} INFO - [2023-05-19 17:35:15,717] {dag.py:2927} INFO - Setting next_dagrun for example_trigger_target_dag to None, run_after=None
[2023-05-19 17:35:15,772] {processor.py:161} INFO - Processing /Users/marianaoliveira/Downloads/alura1/venv/lib/python3.10/site-packages/airflow/example_dags/example_trigger_target_dag.py took 0.851 seconds
[2023-05-19 17:37:28,791] {processor.py:153} INFO - Started process (PID=7912) to work on /Users/marianaoliveira/Downloads/alura1/venv/lib/python3.10/site-packages/airflow/example_dags/example_trigger_target_dag.py
[2023-05-19 17:37:28,792] {processor.py:641} INFO - Processing file /Users/marianaoliveira/Downloads/alura1/venv/lib/python3.10/site-packages/airflow/example_dags/example_trigger_target_dag.py for tasks to queue
[2023-05-19 17:37:28,794] {logging_mixin.py:115} INFO - [2023-05-19 17:37:28,794] {dagbag.py:507} INFO - Filling up the DagBag from /Users/marianaoliveira/Downloads/alura1/venv/lib/python3.10/site-packages/airflow/example_dags/example_trigger_target_dag.py
[2023-05-19 17:37:28,944] {processor.py:651} INFO - DAG(s) dict_keys(['example_trigger_target_dag']) retrieved from /Users/marianaoliveira/Downloads/alura1/venv/lib/python3.10/site-packages/airflow/example_dags/example_trigger_target_dag.py
[2023-05-19 17:37:29,136] {logging_mixin.py:115} INFO - [2023-05-19 17:37:29,135] {dag.py:2379} INFO - Sync 1 DAGs
[2023-05-19 17:37:29,162] {logging_mixin.py:115} INFO - [2023-05-19 17:37:29,162] {dag.py:2927} INFO - Setting next_dagrun for example_trigger_target_dag to None, run_after=None
[2023-05-19 17:37:29,224] {processor.py:161} INFO - Processing /Users/marianaoliveira/Downloads/alura1/venv/lib/python3.10/site-packages/airflow/example_dags/example_trigger_target_dag.py took 0.433 seconds
[2023-05-19 17:39:41,222] {processor.py:153} INFO - Started process (PID=7977) to work on /Users/marianaoliveira/Downloads/alura1/venv/lib/python3.10/site-packages/airflow/example_dags/example_trigger_target_dag.py
[2023-05-19 17:39:41,224] {processor.py:641} INFO - Processing file /Users/marianaoliveira/Downloads/alura1/venv/lib/python3.10/site-packages/airflow/example_dags/example_trigger_target_dag.py for tasks to queue
[2023-05-19 17:39:41,224] {logging_mixin.py:115} INFO - [2023-05-19 17:39:41,224] {dagbag.py:507} INFO - Filling up the DagBag from /Users/marianaoliveira/Downloads/alura1/venv/lib/python3.10/site-packages/airflow/example_dags/example_trigger_target_dag.py
[2023-05-19 17:39:41,371] {processor.py:651} INFO - DAG(s) dict_keys(['example_trigger_target_dag']) retrieved from /Users/marianaoliveira/Downloads/alura1/venv/lib/python3.10/site-packages/airflow/example_dags/example_trigger_target_dag.py
[2023-05-19 17:39:41,623] {logging_mixin.py:115} INFO - [2023-05-19 17:39:41,623] {dag.py:2379} INFO - Sync 1 DAGs
[2023-05-19 17:39:41,671] {logging_mixin.py:115} INFO - [2023-05-19 17:39:41,671] {dag.py:2927} INFO - Setting next_dagrun for example_trigger_target_dag to None, run_after=None
[2023-05-19 17:39:41,706] {processor.py:161} INFO - Processing /Users/marianaoliveira/Downloads/alura1/venv/lib/python3.10/site-packages/airflow/example_dags/example_trigger_target_dag.py took 0.485 seconds
[2023-05-19 17:44:10,633] {processor.py:153} INFO - Started process (PID=8070) to work on /Users/marianaoliveira/Downloads/alura1/venv/lib/python3.10/site-packages/airflow/example_dags/example_trigger_target_dag.py
[2023-05-19 17:44:10,634] {processor.py:641} INFO - Processing file /Users/marianaoliveira/Downloads/alura1/venv/lib/python3.10/site-packages/airflow/example_dags/example_trigger_target_dag.py for tasks to queue
[2023-05-19 17:44:10,636] {logging_mixin.py:115} INFO - [2023-05-19 17:44:10,635] {dagbag.py:507} INFO - Filling up the DagBag from /Users/marianaoliveira/Downloads/alura1/venv/lib/python3.10/site-packages/airflow/example_dags/example_trigger_target_dag.py
[2023-05-19 17:44:10,851] {processor.py:651} INFO - DAG(s) dict_keys(['example_trigger_target_dag']) retrieved from /Users/marianaoliveira/Downloads/alura1/venv/lib/python3.10/site-packages/airflow/example_dags/example_trigger_target_dag.py
[2023-05-19 17:44:11,281] {logging_mixin.py:115} INFO - [2023-05-19 17:44:11,280] {dag.py:2379} INFO - Sync 1 DAGs
[2023-05-19 17:44:11,385] {logging_mixin.py:115} INFO - [2023-05-19 17:44:11,385] {dag.py:2927} INFO - Setting next_dagrun for example_trigger_target_dag to None, run_after=None
[2023-05-19 17:44:11,452] {processor.py:161} INFO - Processing /Users/marianaoliveira/Downloads/alura1/venv/lib/python3.10/site-packages/airflow/example_dags/example_trigger_target_dag.py took 0.821 seconds
[2023-05-19 17:47:06,171] {processor.py:153} INFO - Started process (PID=8155) to work on /Users/marianaoliveira/Downloads/alura1/venv/lib/python3.10/site-packages/airflow/example_dags/example_trigger_target_dag.py
[2023-05-19 17:47:06,175] {processor.py:641} INFO - Processing file /Users/marianaoliveira/Downloads/alura1/venv/lib/python3.10/site-packages/airflow/example_dags/example_trigger_target_dag.py for tasks to queue
[2023-05-19 17:47:06,176] {logging_mixin.py:115} INFO - [2023-05-19 17:47:06,176] {dagbag.py:507} INFO - Filling up the DagBag from /Users/marianaoliveira/Downloads/alura1/venv/lib/python3.10/site-packages/airflow/example_dags/example_trigger_target_dag.py
[2023-05-19 17:47:06,261] {processor.py:651} INFO - DAG(s) dict_keys(['example_trigger_target_dag']) retrieved from /Users/marianaoliveira/Downloads/alura1/venv/lib/python3.10/site-packages/airflow/example_dags/example_trigger_target_dag.py
[2023-05-19 17:47:06,454] {logging_mixin.py:115} INFO - [2023-05-19 17:47:06,453] {dag.py:2379} INFO - Sync 1 DAGs
[2023-05-19 17:47:06,491] {logging_mixin.py:115} INFO - [2023-05-19 17:47:06,491] {dag.py:2927} INFO - Setting next_dagrun for example_trigger_target_dag to None, run_after=None
[2023-05-19 17:47:06,513] {processor.py:161} INFO - Processing /Users/marianaoliveira/Downloads/alura1/venv/lib/python3.10/site-packages/airflow/example_dags/example_trigger_target_dag.py took 0.346 seconds
[2023-05-19 17:48:43,884] {processor.py:153} INFO - Started process (PID=8193) to work on /Users/marianaoliveira/Downloads/alura1/venv/lib/python3.10/site-packages/airflow/example_dags/example_trigger_target_dag.py
[2023-05-19 17:48:43,886] {processor.py:641} INFO - Processing file /Users/marianaoliveira/Downloads/alura1/venv/lib/python3.10/site-packages/airflow/example_dags/example_trigger_target_dag.py for tasks to queue
[2023-05-19 17:48:43,886] {logging_mixin.py:115} INFO - [2023-05-19 17:48:43,886] {dagbag.py:507} INFO - Filling up the DagBag from /Users/marianaoliveira/Downloads/alura1/venv/lib/python3.10/site-packages/airflow/example_dags/example_trigger_target_dag.py
[2023-05-19 17:48:43,991] {processor.py:651} INFO - DAG(s) dict_keys(['example_trigger_target_dag']) retrieved from /Users/marianaoliveira/Downloads/alura1/venv/lib/python3.10/site-packages/airflow/example_dags/example_trigger_target_dag.py
[2023-05-19 17:48:44,211] {logging_mixin.py:115} INFO - [2023-05-19 17:48:44,211] {dag.py:2379} INFO - Sync 1 DAGs
[2023-05-19 17:48:44,257] {logging_mixin.py:115} INFO - [2023-05-19 17:48:44,257] {dag.py:2927} INFO - Setting next_dagrun for example_trigger_target_dag to None, run_after=None
[2023-05-19 17:48:44,276] {processor.py:161} INFO - Processing /Users/marianaoliveira/Downloads/alura1/venv/lib/python3.10/site-packages/airflow/example_dags/example_trigger_target_dag.py took 0.393 seconds
[2023-05-19 17:50:13,358] {processor.py:153} INFO - Started process (PID=8231) to work on /Users/marianaoliveira/Downloads/alura1/venv/lib/python3.10/site-packages/airflow/example_dags/example_trigger_target_dag.py
[2023-05-19 17:50:13,359] {processor.py:641} INFO - Processing file /Users/marianaoliveira/Downloads/alura1/venv/lib/python3.10/site-packages/airflow/example_dags/example_trigger_target_dag.py for tasks to queue
[2023-05-19 17:50:13,359] {logging_mixin.py:115} INFO - [2023-05-19 17:50:13,359] {dagbag.py:507} INFO - Filling up the DagBag from /Users/marianaoliveira/Downloads/alura1/venv/lib/python3.10/site-packages/airflow/example_dags/example_trigger_target_dag.py
[2023-05-19 17:50:13,513] {processor.py:651} INFO - DAG(s) dict_keys(['example_trigger_target_dag']) retrieved from /Users/marianaoliveira/Downloads/alura1/venv/lib/python3.10/site-packages/airflow/example_dags/example_trigger_target_dag.py
[2023-05-19 17:50:13,902] {logging_mixin.py:115} INFO - [2023-05-19 17:50:13,901] {dag.py:2379} INFO - Sync 1 DAGs
[2023-05-19 17:50:13,949] {logging_mixin.py:115} INFO - [2023-05-19 17:50:13,949] {dag.py:2927} INFO - Setting next_dagrun for example_trigger_target_dag to None, run_after=None
[2023-05-19 17:50:14,013] {processor.py:161} INFO - Processing /Users/marianaoliveira/Downloads/alura1/venv/lib/python3.10/site-packages/airflow/example_dags/example_trigger_target_dag.py took 0.657 seconds
[2023-05-19 17:51:57,839] {processor.py:153} INFO - Started process (PID=8307) to work on /Users/marianaoliveira/Downloads/alura1/venv/lib/python3.10/site-packages/airflow/example_dags/example_trigger_target_dag.py
[2023-05-19 17:51:57,841] {processor.py:641} INFO - Processing file /Users/marianaoliveira/Downloads/alura1/venv/lib/python3.10/site-packages/airflow/example_dags/example_trigger_target_dag.py for tasks to queue
[2023-05-19 17:51:57,841] {logging_mixin.py:115} INFO - [2023-05-19 17:51:57,841] {dagbag.py:507} INFO - Filling up the DagBag from /Users/marianaoliveira/Downloads/alura1/venv/lib/python3.10/site-packages/airflow/example_dags/example_trigger_target_dag.py
[2023-05-19 17:51:57,899] {processor.py:651} INFO - DAG(s) dict_keys(['example_trigger_target_dag']) retrieved from /Users/marianaoliveira/Downloads/alura1/venv/lib/python3.10/site-packages/airflow/example_dags/example_trigger_target_dag.py
[2023-05-19 17:51:58,009] {logging_mixin.py:115} INFO - [2023-05-19 17:51:58,008] {dag.py:2379} INFO - Sync 1 DAGs
[2023-05-19 17:51:58,028] {logging_mixin.py:115} INFO - [2023-05-19 17:51:58,028] {dag.py:2927} INFO - Setting next_dagrun for example_trigger_target_dag to None, run_after=None
[2023-05-19 17:51:58,048] {processor.py:161} INFO - Processing /Users/marianaoliveira/Downloads/alura1/venv/lib/python3.10/site-packages/airflow/example_dags/example_trigger_target_dag.py took 0.210 seconds
[2023-05-19 17:53:46,044] {processor.py:153} INFO - Started process (PID=8395) to work on /Users/marianaoliveira/Downloads/alura1/venv/lib/python3.10/site-packages/airflow/example_dags/example_trigger_target_dag.py
[2023-05-19 17:53:46,046] {processor.py:641} INFO - Processing file /Users/marianaoliveira/Downloads/alura1/venv/lib/python3.10/site-packages/airflow/example_dags/example_trigger_target_dag.py for tasks to queue
[2023-05-19 17:53:46,047] {logging_mixin.py:115} INFO - [2023-05-19 17:53:46,046] {dagbag.py:507} INFO - Filling up the DagBag from /Users/marianaoliveira/Downloads/alura1/venv/lib/python3.10/site-packages/airflow/example_dags/example_trigger_target_dag.py
[2023-05-19 17:53:46,131] {processor.py:651} INFO - DAG(s) dict_keys(['example_trigger_target_dag']) retrieved from /Users/marianaoliveira/Downloads/alura1/venv/lib/python3.10/site-packages/airflow/example_dags/example_trigger_target_dag.py
[2023-05-19 17:53:46,637] {logging_mixin.py:115} INFO - [2023-05-19 17:53:46,637] {dag.py:2379} INFO - Sync 1 DAGs
[2023-05-19 17:53:46,749] {logging_mixin.py:115} INFO - [2023-05-19 17:53:46,749] {dag.py:2927} INFO - Setting next_dagrun for example_trigger_target_dag to None, run_after=None
[2023-05-19 17:53:46,817] {processor.py:161} INFO - Processing /Users/marianaoliveira/Downloads/alura1/venv/lib/python3.10/site-packages/airflow/example_dags/example_trigger_target_dag.py took 0.776 seconds
[2023-05-19 17:55:28,352] {processor.py:153} INFO - Started process (PID=8487) to work on /Users/marianaoliveira/Downloads/alura1/venv/lib/python3.10/site-packages/airflow/example_dags/example_trigger_target_dag.py
[2023-05-19 17:55:28,354] {processor.py:641} INFO - Processing file /Users/marianaoliveira/Downloads/alura1/venv/lib/python3.10/site-packages/airflow/example_dags/example_trigger_target_dag.py for tasks to queue
[2023-05-19 17:55:28,354] {logging_mixin.py:115} INFO - [2023-05-19 17:55:28,354] {dagbag.py:507} INFO - Filling up the DagBag from /Users/marianaoliveira/Downloads/alura1/venv/lib/python3.10/site-packages/airflow/example_dags/example_trigger_target_dag.py
[2023-05-19 17:55:28,417] {processor.py:651} INFO - DAG(s) dict_keys(['example_trigger_target_dag']) retrieved from /Users/marianaoliveira/Downloads/alura1/venv/lib/python3.10/site-packages/airflow/example_dags/example_trigger_target_dag.py
[2023-05-19 17:55:28,530] {logging_mixin.py:115} INFO - [2023-05-19 17:55:28,530] {dag.py:2379} INFO - Sync 1 DAGs
[2023-05-19 17:55:28,556] {logging_mixin.py:115} INFO - [2023-05-19 17:55:28,556] {dag.py:2927} INFO - Setting next_dagrun for example_trigger_target_dag to None, run_after=None
[2023-05-19 17:55:28,585] {processor.py:161} INFO - Processing /Users/marianaoliveira/Downloads/alura1/venv/lib/python3.10/site-packages/airflow/example_dags/example_trigger_target_dag.py took 0.234 seconds
[2023-05-19 17:57:00,719] {processor.py:153} INFO - Started process (PID=8576) to work on /Users/marianaoliveira/Downloads/alura1/venv/lib/python3.10/site-packages/airflow/example_dags/example_trigger_target_dag.py
[2023-05-19 17:57:00,720] {processor.py:641} INFO - Processing file /Users/marianaoliveira/Downloads/alura1/venv/lib/python3.10/site-packages/airflow/example_dags/example_trigger_target_dag.py for tasks to queue
[2023-05-19 17:57:00,721] {logging_mixin.py:115} INFO - [2023-05-19 17:57:00,721] {dagbag.py:507} INFO - Filling up the DagBag from /Users/marianaoliveira/Downloads/alura1/venv/lib/python3.10/site-packages/airflow/example_dags/example_trigger_target_dag.py
[2023-05-19 17:57:00,783] {processor.py:651} INFO - DAG(s) dict_keys(['example_trigger_target_dag']) retrieved from /Users/marianaoliveira/Downloads/alura1/venv/lib/python3.10/site-packages/airflow/example_dags/example_trigger_target_dag.py
[2023-05-19 17:57:00,938] {logging_mixin.py:115} INFO - [2023-05-19 17:57:00,937] {dag.py:2379} INFO - Sync 1 DAGs
[2023-05-19 17:57:00,986] {logging_mixin.py:115} INFO - [2023-05-19 17:57:00,986] {dag.py:2927} INFO - Setting next_dagrun for example_trigger_target_dag to None, run_after=None
[2023-05-19 17:57:01,012] {processor.py:161} INFO - Processing /Users/marianaoliveira/Downloads/alura1/venv/lib/python3.10/site-packages/airflow/example_dags/example_trigger_target_dag.py took 0.299 seconds
[2023-05-19 17:58:38,431] {processor.py:153} INFO - Started process (PID=8620) to work on /Users/marianaoliveira/Downloads/alura1/venv/lib/python3.10/site-packages/airflow/example_dags/example_trigger_target_dag.py
[2023-05-19 17:58:38,432] {processor.py:641} INFO - Processing file /Users/marianaoliveira/Downloads/alura1/venv/lib/python3.10/site-packages/airflow/example_dags/example_trigger_target_dag.py for tasks to queue
[2023-05-19 17:58:38,433] {logging_mixin.py:115} INFO - [2023-05-19 17:58:38,432] {dagbag.py:507} INFO - Filling up the DagBag from /Users/marianaoliveira/Downloads/alura1/venv/lib/python3.10/site-packages/airflow/example_dags/example_trigger_target_dag.py
[2023-05-19 17:58:38,544] {processor.py:651} INFO - DAG(s) dict_keys(['example_trigger_target_dag']) retrieved from /Users/marianaoliveira/Downloads/alura1/venv/lib/python3.10/site-packages/airflow/example_dags/example_trigger_target_dag.py
[2023-05-19 17:58:38,849] {logging_mixin.py:115} INFO - [2023-05-19 17:58:38,849] {dag.py:2379} INFO - Sync 1 DAGs
[2023-05-19 17:58:38,904] {logging_mixin.py:115} INFO - [2023-05-19 17:58:38,904] {dag.py:2927} INFO - Setting next_dagrun for example_trigger_target_dag to None, run_after=None
[2023-05-19 17:58:38,944] {processor.py:161} INFO - Processing /Users/marianaoliveira/Downloads/alura1/venv/lib/python3.10/site-packages/airflow/example_dags/example_trigger_target_dag.py took 0.516 seconds
[2023-05-19 18:03:30,216] {processor.py:153} INFO - Started process (PID=8907) to work on /Users/marianaoliveira/Downloads/alura1/venv/lib/python3.10/site-packages/airflow/example_dags/example_trigger_target_dag.py
[2023-05-19 18:03:30,217] {processor.py:641} INFO - Processing file /Users/marianaoliveira/Downloads/alura1/venv/lib/python3.10/site-packages/airflow/example_dags/example_trigger_target_dag.py for tasks to queue
[2023-05-19 18:03:30,217] {logging_mixin.py:115} INFO - [2023-05-19 18:03:30,217] {dagbag.py:507} INFO - Filling up the DagBag from /Users/marianaoliveira/Downloads/alura1/venv/lib/python3.10/site-packages/airflow/example_dags/example_trigger_target_dag.py
[2023-05-19 18:03:30,342] {processor.py:651} INFO - DAG(s) dict_keys(['example_trigger_target_dag']) retrieved from /Users/marianaoliveira/Downloads/alura1/venv/lib/python3.10/site-packages/airflow/example_dags/example_trigger_target_dag.py
[2023-05-19 18:03:30,598] {logging_mixin.py:115} INFO - [2023-05-19 18:03:30,598] {dag.py:2379} INFO - Sync 1 DAGs
[2023-05-19 18:03:30,634] {logging_mixin.py:115} INFO - [2023-05-19 18:03:30,634] {dag.py:2927} INFO - Setting next_dagrun for example_trigger_target_dag to None, run_after=None
[2023-05-19 18:03:30,656] {processor.py:161} INFO - Processing /Users/marianaoliveira/Downloads/alura1/venv/lib/python3.10/site-packages/airflow/example_dags/example_trigger_target_dag.py took 0.446 seconds
[2023-05-19 18:14:10,331] {processor.py:153} INFO - Started process (PID=9168) to work on /Users/marianaoliveira/Downloads/alura1/venv/lib/python3.10/site-packages/airflow/example_dags/example_trigger_target_dag.py
[2023-05-19 18:14:10,332] {processor.py:641} INFO - Processing file /Users/marianaoliveira/Downloads/alura1/venv/lib/python3.10/site-packages/airflow/example_dags/example_trigger_target_dag.py for tasks to queue
[2023-05-19 18:14:10,345] {logging_mixin.py:115} INFO - [2023-05-19 18:14:10,345] {dagbag.py:507} INFO - Filling up the DagBag from /Users/marianaoliveira/Downloads/alura1/venv/lib/python3.10/site-packages/airflow/example_dags/example_trigger_target_dag.py
[2023-05-19 18:14:10,617] {processor.py:651} INFO - DAG(s) dict_keys(['example_trigger_target_dag']) retrieved from /Users/marianaoliveira/Downloads/alura1/venv/lib/python3.10/site-packages/airflow/example_dags/example_trigger_target_dag.py
[2023-05-19 18:14:11,317] {logging_mixin.py:115} INFO - [2023-05-19 18:14:11,316] {dag.py:2379} INFO - Sync 1 DAGs
[2023-05-19 18:14:11,361] {logging_mixin.py:115} INFO - [2023-05-19 18:14:11,361] {dag.py:2927} INFO - Setting next_dagrun for example_trigger_target_dag to None, run_after=None
[2023-05-19 18:14:11,401] {processor.py:161} INFO - Processing /Users/marianaoliveira/Downloads/alura1/venv/lib/python3.10/site-packages/airflow/example_dags/example_trigger_target_dag.py took 1.073 seconds
[2023-05-19 18:17:09,914] {processor.py:153} INFO - Started process (PID=9292) to work on /Users/marianaoliveira/Downloads/alura1/venv/lib/python3.10/site-packages/airflow/example_dags/example_trigger_target_dag.py
[2023-05-19 18:17:09,916] {processor.py:641} INFO - Processing file /Users/marianaoliveira/Downloads/alura1/venv/lib/python3.10/site-packages/airflow/example_dags/example_trigger_target_dag.py for tasks to queue
[2023-05-19 18:17:09,916] {logging_mixin.py:115} INFO - [2023-05-19 18:17:09,916] {dagbag.py:507} INFO - Filling up the DagBag from /Users/marianaoliveira/Downloads/alura1/venv/lib/python3.10/site-packages/airflow/example_dags/example_trigger_target_dag.py
[2023-05-19 18:17:09,981] {processor.py:651} INFO - DAG(s) dict_keys(['example_trigger_target_dag']) retrieved from /Users/marianaoliveira/Downloads/alura1/venv/lib/python3.10/site-packages/airflow/example_dags/example_trigger_target_dag.py
[2023-05-19 18:17:10,136] {logging_mixin.py:115} INFO - [2023-05-19 18:17:10,136] {dag.py:2379} INFO - Sync 1 DAGs
[2023-05-19 18:17:10,169] {logging_mixin.py:115} INFO - [2023-05-19 18:17:10,168] {dag.py:2927} INFO - Setting next_dagrun for example_trigger_target_dag to None, run_after=None
[2023-05-19 18:17:10,192] {processor.py:161} INFO - Processing /Users/marianaoliveira/Downloads/alura1/venv/lib/python3.10/site-packages/airflow/example_dags/example_trigger_target_dag.py took 0.279 seconds
[2023-05-19 18:27:10,678] {processor.py:153} INFO - Started process (PID=9946) to work on /Users/marianaoliveira/Downloads/alura1/venv/lib/python3.10/site-packages/airflow/example_dags/example_trigger_target_dag.py
[2023-05-19 18:27:10,680] {processor.py:641} INFO - Processing file /Users/marianaoliveira/Downloads/alura1/venv/lib/python3.10/site-packages/airflow/example_dags/example_trigger_target_dag.py for tasks to queue
[2023-05-19 18:27:10,680] {logging_mixin.py:115} INFO - [2023-05-19 18:27:10,680] {dagbag.py:507} INFO - Filling up the DagBag from /Users/marianaoliveira/Downloads/alura1/venv/lib/python3.10/site-packages/airflow/example_dags/example_trigger_target_dag.py
[2023-05-19 18:27:10,787] {processor.py:651} INFO - DAG(s) dict_keys(['example_trigger_target_dag']) retrieved from /Users/marianaoliveira/Downloads/alura1/venv/lib/python3.10/site-packages/airflow/example_dags/example_trigger_target_dag.py
[2023-05-19 18:27:10,994] {logging_mixin.py:115} INFO - [2023-05-19 18:27:10,994] {dag.py:2379} INFO - Sync 1 DAGs
[2023-05-19 18:27:11,042] {logging_mixin.py:115} INFO - [2023-05-19 18:27:11,042] {dag.py:2927} INFO - Setting next_dagrun for example_trigger_target_dag to None, run_after=None
[2023-05-19 18:27:11,066] {processor.py:161} INFO - Processing /Users/marianaoliveira/Downloads/alura1/venv/lib/python3.10/site-packages/airflow/example_dags/example_trigger_target_dag.py took 0.389 seconds
