[2023-05-19 15:13:07,640] {processor.py:153} INFO - Started process (PID=2854) to work on /Users/marianaoliveira/Downloads/alura1/venv/lib/python3.10/site-packages/airflow/example_dags/example_branch_labels.py
[2023-05-19 15:13:07,640] {processor.py:641} INFO - Processing file /Users/marianaoliveira/Downloads/alura1/venv/lib/python3.10/site-packages/airflow/example_dags/example_branch_labels.py for tasks to queue
[2023-05-19 15:13:07,640] {logging_mixin.py:115} INFO - [2023-05-19 15:13:07,640] {dagbag.py:507} INFO - Filling up the DagBag from /Users/marianaoliveira/Downloads/alura1/venv/lib/python3.10/site-packages/airflow/example_dags/example_branch_labels.py
[2023-05-19 15:13:07,662] {processor.py:651} INFO - DAG(s) dict_keys(['example_branch_labels']) retrieved from /Users/marianaoliveira/Downloads/alura1/venv/lib/python3.10/site-packages/airflow/example_dags/example_branch_labels.py
[2023-05-19 15:13:08,821] {logging_mixin.py:115} INFO - [2023-05-19 15:13:08,821] {manager.py:508} INFO - Created Permission View: can edit on DAG:example_branch_labels
[2023-05-19 15:13:08,834] {logging_mixin.py:115} INFO - [2023-05-19 15:13:08,834] {manager.py:508} INFO - Created Permission View: can delete on DAG:example_branch_labels
[2023-05-19 15:13:08,841] {logging_mixin.py:115} INFO - [2023-05-19 15:13:08,841] {manager.py:508} INFO - Created Permission View: can read on DAG:example_branch_labels
[2023-05-19 15:13:08,841] {logging_mixin.py:115} INFO - [2023-05-19 15:13:08,841] {dag.py:2379} INFO - Sync 1 DAGs
[2023-05-19 15:13:08,850] {logging_mixin.py:115} INFO - [2023-05-19 15:13:08,850] {dag.py:2398} INFO - Creating ORM DAG for example_branch_labels
[2023-05-19 15:13:08,862] {logging_mixin.py:115} INFO - [2023-05-19 15:13:08,862] {dag.py:2927} INFO - Setting next_dagrun for example_branch_labels to 2023-05-18T00:00:00+00:00, run_after=2023-05-19T00:00:00+00:00
[2023-05-19 15:13:08,880] {processor.py:161} INFO - Processing /Users/marianaoliveira/Downloads/alura1/venv/lib/python3.10/site-packages/airflow/example_dags/example_branch_labels.py took 1.241 seconds
[2023-05-19 15:15:00,402] {processor.py:153} INFO - Started process (PID=2921) to work on /Users/marianaoliveira/Downloads/alura1/venv/lib/python3.10/site-packages/airflow/example_dags/example_branch_labels.py
[2023-05-19 15:15:00,402] {processor.py:641} INFO - Processing file /Users/marianaoliveira/Downloads/alura1/venv/lib/python3.10/site-packages/airflow/example_dags/example_branch_labels.py for tasks to queue
[2023-05-19 15:15:00,403] {logging_mixin.py:115} INFO - [2023-05-19 15:15:00,403] {dagbag.py:507} INFO - Filling up the DagBag from /Users/marianaoliveira/Downloads/alura1/venv/lib/python3.10/site-packages/airflow/example_dags/example_branch_labels.py
[2023-05-19 15:15:00,418] {processor.py:651} INFO - DAG(s) dict_keys(['example_branch_labels']) retrieved from /Users/marianaoliveira/Downloads/alura1/venv/lib/python3.10/site-packages/airflow/example_dags/example_branch_labels.py
[2023-05-19 15:15:00,489] {logging_mixin.py:115} INFO - [2023-05-19 15:15:00,489] {dag.py:2379} INFO - Sync 1 DAGs
[2023-05-19 15:15:00,509] {logging_mixin.py:115} INFO - [2023-05-19 15:15:00,509] {dag.py:2927} INFO - Setting next_dagrun for example_branch_labels to 2023-05-18T00:00:00+00:00, run_after=2023-05-19T00:00:00+00:00
[2023-05-19 15:15:00,521] {processor.py:161} INFO - Processing /Users/marianaoliveira/Downloads/alura1/venv/lib/python3.10/site-packages/airflow/example_dags/example_branch_labels.py took 0.120 seconds
[2023-05-19 15:17:38,046] {processor.py:153} INFO - Started process (PID=3030) to work on /Users/marianaoliveira/Downloads/alura1/venv/lib/python3.10/site-packages/airflow/example_dags/example_branch_labels.py
[2023-05-19 15:17:38,047] {processor.py:641} INFO - Processing file /Users/marianaoliveira/Downloads/alura1/venv/lib/python3.10/site-packages/airflow/example_dags/example_branch_labels.py for tasks to queue
[2023-05-19 15:17:38,048] {logging_mixin.py:115} INFO - [2023-05-19 15:17:38,048] {dagbag.py:507} INFO - Filling up the DagBag from /Users/marianaoliveira/Downloads/alura1/venv/lib/python3.10/site-packages/airflow/example_dags/example_branch_labels.py
[2023-05-19 15:17:38,067] {processor.py:651} INFO - DAG(s) dict_keys(['example_branch_labels']) retrieved from /Users/marianaoliveira/Downloads/alura1/venv/lib/python3.10/site-packages/airflow/example_dags/example_branch_labels.py
[2023-05-19 15:17:38,167] {logging_mixin.py:115} INFO - [2023-05-19 15:17:38,167] {dag.py:2379} INFO - Sync 1 DAGs
[2023-05-19 15:17:38,192] {logging_mixin.py:115} INFO - [2023-05-19 15:17:38,192] {dag.py:2927} INFO - Setting next_dagrun for example_branch_labels to 2023-05-18T00:00:00+00:00, run_after=2023-05-19T00:00:00+00:00
[2023-05-19 15:17:38,210] {processor.py:161} INFO - Processing /Users/marianaoliveira/Downloads/alura1/venv/lib/python3.10/site-packages/airflow/example_dags/example_branch_labels.py took 0.165 seconds
[2023-05-19 15:19:54,078] {processor.py:153} INFO - Started process (PID=3114) to work on /Users/marianaoliveira/Downloads/alura1/venv/lib/python3.10/site-packages/airflow/example_dags/example_branch_labels.py
[2023-05-19 15:19:54,079] {processor.py:641} INFO - Processing file /Users/marianaoliveira/Downloads/alura1/venv/lib/python3.10/site-packages/airflow/example_dags/example_branch_labels.py for tasks to queue
[2023-05-19 15:19:54,079] {logging_mixin.py:115} INFO - [2023-05-19 15:19:54,079] {dagbag.py:507} INFO - Filling up the DagBag from /Users/marianaoliveira/Downloads/alura1/venv/lib/python3.10/site-packages/airflow/example_dags/example_branch_labels.py
[2023-05-19 15:19:54,096] {processor.py:651} INFO - DAG(s) dict_keys(['example_branch_labels']) retrieved from /Users/marianaoliveira/Downloads/alura1/venv/lib/python3.10/site-packages/airflow/example_dags/example_branch_labels.py
[2023-05-19 15:19:54,165] {logging_mixin.py:115} INFO - [2023-05-19 15:19:54,165] {dag.py:2379} INFO - Sync 1 DAGs
[2023-05-19 15:19:54,183] {logging_mixin.py:115} INFO - [2023-05-19 15:19:54,183] {dag.py:2927} INFO - Setting next_dagrun for example_branch_labels to 2023-05-18T00:00:00+00:00, run_after=2023-05-19T00:00:00+00:00
[2023-05-19 15:19:54,195] {processor.py:161} INFO - Processing /Users/marianaoliveira/Downloads/alura1/venv/lib/python3.10/site-packages/airflow/example_dags/example_branch_labels.py took 0.118 seconds
[2023-05-19 15:21:39,904] {processor.py:153} INFO - Started process (PID=3167) to work on /Users/marianaoliveira/Downloads/alura1/venv/lib/python3.10/site-packages/airflow/example_dags/example_branch_labels.py
[2023-05-19 15:21:39,905] {processor.py:641} INFO - Processing file /Users/marianaoliveira/Downloads/alura1/venv/lib/python3.10/site-packages/airflow/example_dags/example_branch_labels.py for tasks to queue
[2023-05-19 15:21:39,908] {logging_mixin.py:115} INFO - [2023-05-19 15:21:39,908] {dagbag.py:507} INFO - Filling up the DagBag from /Users/marianaoliveira/Downloads/alura1/venv/lib/python3.10/site-packages/airflow/example_dags/example_branch_labels.py
[2023-05-19 15:21:39,937] {processor.py:651} INFO - DAG(s) dict_keys(['example_branch_labels']) retrieved from /Users/marianaoliveira/Downloads/alura1/venv/lib/python3.10/site-packages/airflow/example_dags/example_branch_labels.py
[2023-05-19 15:21:40,055] {logging_mixin.py:115} INFO - [2023-05-19 15:21:40,055] {dag.py:2379} INFO - Sync 1 DAGs
[2023-05-19 15:21:40,104] {logging_mixin.py:115} INFO - [2023-05-19 15:21:40,104] {dag.py:2927} INFO - Setting next_dagrun for example_branch_labels to 2023-05-18T00:00:00+00:00, run_after=2023-05-19T00:00:00+00:00
[2023-05-19 15:21:40,133] {processor.py:161} INFO - Processing /Users/marianaoliveira/Downloads/alura1/venv/lib/python3.10/site-packages/airflow/example_dags/example_branch_labels.py took 0.230 seconds
[2023-05-19 15:23:15,491] {processor.py:153} INFO - Started process (PID=3216) to work on /Users/marianaoliveira/Downloads/alura1/venv/lib/python3.10/site-packages/airflow/example_dags/example_branch_labels.py
[2023-05-19 15:23:15,492] {processor.py:641} INFO - Processing file /Users/marianaoliveira/Downloads/alura1/venv/lib/python3.10/site-packages/airflow/example_dags/example_branch_labels.py for tasks to queue
[2023-05-19 15:23:15,495] {logging_mixin.py:115} INFO - [2023-05-19 15:23:15,495] {dagbag.py:507} INFO - Filling up the DagBag from /Users/marianaoliveira/Downloads/alura1/venv/lib/python3.10/site-packages/airflow/example_dags/example_branch_labels.py
[2023-05-19 15:23:15,521] {processor.py:651} INFO - DAG(s) dict_keys(['example_branch_labels']) retrieved from /Users/marianaoliveira/Downloads/alura1/venv/lib/python3.10/site-packages/airflow/example_dags/example_branch_labels.py
[2023-05-19 15:23:15,610] {logging_mixin.py:115} INFO - [2023-05-19 15:23:15,609] {dag.py:2379} INFO - Sync 1 DAGs
[2023-05-19 15:23:15,637] {logging_mixin.py:115} INFO - [2023-05-19 15:23:15,635] {dag.py:2927} INFO - Setting next_dagrun for example_branch_labels to 2023-05-18T00:00:00+00:00, run_after=2023-05-19T00:00:00+00:00
[2023-05-19 15:23:15,654] {processor.py:161} INFO - Processing /Users/marianaoliveira/Downloads/alura1/venv/lib/python3.10/site-packages/airflow/example_dags/example_branch_labels.py took 0.164 seconds
[2023-05-19 15:25:16,383] {processor.py:153} INFO - Started process (PID=3283) to work on /Users/marianaoliveira/Downloads/alura1/venv/lib/python3.10/site-packages/airflow/example_dags/example_branch_labels.py
[2023-05-19 15:25:16,384] {processor.py:641} INFO - Processing file /Users/marianaoliveira/Downloads/alura1/venv/lib/python3.10/site-packages/airflow/example_dags/example_branch_labels.py for tasks to queue
[2023-05-19 15:25:16,387] {logging_mixin.py:115} INFO - [2023-05-19 15:25:16,387] {dagbag.py:507} INFO - Filling up the DagBag from /Users/marianaoliveira/Downloads/alura1/venv/lib/python3.10/site-packages/airflow/example_dags/example_branch_labels.py
[2023-05-19 15:25:16,414] {processor.py:651} INFO - DAG(s) dict_keys(['example_branch_labels']) retrieved from /Users/marianaoliveira/Downloads/alura1/venv/lib/python3.10/site-packages/airflow/example_dags/example_branch_labels.py
[2023-05-19 15:25:16,520] {logging_mixin.py:115} INFO - [2023-05-19 15:25:16,520] {dag.py:2379} INFO - Sync 1 DAGs
[2023-05-19 15:25:16,539] {logging_mixin.py:115} INFO - [2023-05-19 15:25:16,539] {dag.py:2927} INFO - Setting next_dagrun for example_branch_labels to 2023-05-18T00:00:00+00:00, run_after=2023-05-19T00:00:00+00:00
[2023-05-19 15:25:16,551] {processor.py:161} INFO - Processing /Users/marianaoliveira/Downloads/alura1/venv/lib/python3.10/site-packages/airflow/example_dags/example_branch_labels.py took 0.169 seconds
[2023-05-19 15:27:55,531] {processor.py:153} INFO - Started process (PID=3396) to work on /Users/marianaoliveira/Downloads/alura1/venv/lib/python3.10/site-packages/airflow/example_dags/example_branch_labels.py
[2023-05-19 15:27:55,531] {processor.py:641} INFO - Processing file /Users/marianaoliveira/Downloads/alura1/venv/lib/python3.10/site-packages/airflow/example_dags/example_branch_labels.py for tasks to queue
[2023-05-19 15:27:55,532] {logging_mixin.py:115} INFO - [2023-05-19 15:27:55,531] {dagbag.py:507} INFO - Filling up the DagBag from /Users/marianaoliveira/Downloads/alura1/venv/lib/python3.10/site-packages/airflow/example_dags/example_branch_labels.py
[2023-05-19 15:27:55,551] {processor.py:651} INFO - DAG(s) dict_keys(['example_branch_labels']) retrieved from /Users/marianaoliveira/Downloads/alura1/venv/lib/python3.10/site-packages/airflow/example_dags/example_branch_labels.py
[2023-05-19 15:27:55,629] {logging_mixin.py:115} INFO - [2023-05-19 15:27:55,629] {dag.py:2379} INFO - Sync 1 DAGs
[2023-05-19 15:27:55,648] {logging_mixin.py:115} INFO - [2023-05-19 15:27:55,648] {dag.py:2927} INFO - Setting next_dagrun for example_branch_labels to 2023-05-18T00:00:00+00:00, run_after=2023-05-19T00:00:00+00:00
[2023-05-19 15:27:55,659] {processor.py:161} INFO - Processing /Users/marianaoliveira/Downloads/alura1/venv/lib/python3.10/site-packages/airflow/example_dags/example_branch_labels.py took 0.129 seconds
[2023-05-19 15:30:10,164] {processor.py:153} INFO - Started process (PID=3476) to work on /Users/marianaoliveira/Downloads/alura1/venv/lib/python3.10/site-packages/airflow/example_dags/example_branch_labels.py
[2023-05-19 15:30:10,164] {processor.py:641} INFO - Processing file /Users/marianaoliveira/Downloads/alura1/venv/lib/python3.10/site-packages/airflow/example_dags/example_branch_labels.py for tasks to queue
[2023-05-19 15:30:10,164] {logging_mixin.py:115} INFO - [2023-05-19 15:30:10,164] {dagbag.py:507} INFO - Filling up the DagBag from /Users/marianaoliveira/Downloads/alura1/venv/lib/python3.10/site-packages/airflow/example_dags/example_branch_labels.py
[2023-05-19 15:30:10,186] {processor.py:651} INFO - DAG(s) dict_keys(['example_branch_labels']) retrieved from /Users/marianaoliveira/Downloads/alura1/venv/lib/python3.10/site-packages/airflow/example_dags/example_branch_labels.py
[2023-05-19 15:30:10,285] {logging_mixin.py:115} INFO - [2023-05-19 15:30:10,285] {dag.py:2379} INFO - Sync 1 DAGs
[2023-05-19 15:30:10,311] {logging_mixin.py:115} INFO - [2023-05-19 15:30:10,311] {dag.py:2927} INFO - Setting next_dagrun for example_branch_labels to 2023-05-18T00:00:00+00:00, run_after=2023-05-19T00:00:00+00:00
[2023-05-19 15:30:10,327] {processor.py:161} INFO - Processing /Users/marianaoliveira/Downloads/alura1/venv/lib/python3.10/site-packages/airflow/example_dags/example_branch_labels.py took 0.165 seconds
[2023-05-19 16:30:18,841] {processor.py:153} INFO - Started process (PID=6095) to work on /Users/marianaoliveira/Downloads/alura1/venv/lib/python3.10/site-packages/airflow/example_dags/example_branch_labels.py
[2023-05-19 16:30:18,841] {processor.py:641} INFO - Processing file /Users/marianaoliveira/Downloads/alura1/venv/lib/python3.10/site-packages/airflow/example_dags/example_branch_labels.py for tasks to queue
[2023-05-19 16:30:18,842] {logging_mixin.py:115} INFO - [2023-05-19 16:30:18,842] {dagbag.py:507} INFO - Filling up the DagBag from /Users/marianaoliveira/Downloads/alura1/venv/lib/python3.10/site-packages/airflow/example_dags/example_branch_labels.py
[2023-05-19 16:30:18,864] {processor.py:651} INFO - DAG(s) dict_keys(['example_branch_labels']) retrieved from /Users/marianaoliveira/Downloads/alura1/venv/lib/python3.10/site-packages/airflow/example_dags/example_branch_labels.py
[2023-05-19 16:30:18,975] {logging_mixin.py:115} INFO - [2023-05-19 16:30:18,974] {dag.py:2379} INFO - Sync 1 DAGs
[2023-05-19 16:30:19,015] {logging_mixin.py:115} INFO - [2023-05-19 16:30:19,015] {dag.py:2927} INFO - Setting next_dagrun for example_branch_labels to 2023-05-18T00:00:00+00:00, run_after=2023-05-19T00:00:00+00:00
[2023-05-19 16:30:19,037] {processor.py:161} INFO - Processing /Users/marianaoliveira/Downloads/alura1/venv/lib/python3.10/site-packages/airflow/example_dags/example_branch_labels.py took 0.197 seconds
[2023-05-19 16:35:19,689] {processor.py:153} INFO - Started process (PID=6274) to work on /Users/marianaoliveira/Downloads/alura1/venv/lib/python3.10/site-packages/airflow/example_dags/example_branch_labels.py
[2023-05-19 16:35:19,693] {processor.py:641} INFO - Processing file /Users/marianaoliveira/Downloads/alura1/venv/lib/python3.10/site-packages/airflow/example_dags/example_branch_labels.py for tasks to queue
[2023-05-19 16:35:19,695] {logging_mixin.py:115} INFO - [2023-05-19 16:35:19,695] {dagbag.py:507} INFO - Filling up the DagBag from /Users/marianaoliveira/Downloads/alura1/venv/lib/python3.10/site-packages/airflow/example_dags/example_branch_labels.py
[2023-05-19 16:35:19,727] {processor.py:651} INFO - DAG(s) dict_keys(['example_branch_labels']) retrieved from /Users/marianaoliveira/Downloads/alura1/venv/lib/python3.10/site-packages/airflow/example_dags/example_branch_labels.py
[2023-05-19 16:35:20,112] {logging_mixin.py:115} INFO - [2023-05-19 16:35:20,110] {dag.py:2379} INFO - Sync 1 DAGs
[2023-05-19 16:35:20,157] {logging_mixin.py:115} INFO - [2023-05-19 16:35:20,157] {dag.py:2927} INFO - Setting next_dagrun for example_branch_labels to 2023-05-18T00:00:00+00:00, run_after=2023-05-19T00:00:00+00:00
[2023-05-19 16:35:20,223] {processor.py:161} INFO - Processing /Users/marianaoliveira/Downloads/alura1/venv/lib/python3.10/site-packages/airflow/example_dags/example_branch_labels.py took 0.535 seconds
[2023-05-19 16:40:07,757] {processor.py:153} INFO - Started process (PID=6486) to work on /Users/marianaoliveira/Downloads/alura1/venv/lib/python3.10/site-packages/airflow/example_dags/example_branch_labels.py
[2023-05-19 16:40:07,759] {processor.py:641} INFO - Processing file /Users/marianaoliveira/Downloads/alura1/venv/lib/python3.10/site-packages/airflow/example_dags/example_branch_labels.py for tasks to queue
[2023-05-19 16:40:07,760] {logging_mixin.py:115} INFO - [2023-05-19 16:40:07,760] {dagbag.py:507} INFO - Filling up the DagBag from /Users/marianaoliveira/Downloads/alura1/venv/lib/python3.10/site-packages/airflow/example_dags/example_branch_labels.py
[2023-05-19 16:40:07,811] {processor.py:651} INFO - DAG(s) dict_keys(['example_branch_labels']) retrieved from /Users/marianaoliveira/Downloads/alura1/venv/lib/python3.10/site-packages/airflow/example_dags/example_branch_labels.py
[2023-05-19 16:40:08,051] {logging_mixin.py:115} INFO - [2023-05-19 16:40:08,051] {dag.py:2379} INFO - Sync 1 DAGs
[2023-05-19 16:40:08,120] {logging_mixin.py:115} INFO - [2023-05-19 16:40:08,119] {dag.py:2927} INFO - Setting next_dagrun for example_branch_labels to 2023-05-18T00:00:00+00:00, run_after=2023-05-19T00:00:00+00:00
[2023-05-19 16:40:08,153] {processor.py:161} INFO - Processing /Users/marianaoliveira/Downloads/alura1/venv/lib/python3.10/site-packages/airflow/example_dags/example_branch_labels.py took 0.398 seconds
[2023-05-19 16:52:43,732] {processor.py:153} INFO - Started process (PID=6793) to work on /Users/marianaoliveira/Downloads/alura1/venv/lib/python3.10/site-packages/airflow/example_dags/example_branch_labels.py
[2023-05-19 16:52:43,733] {processor.py:641} INFO - Processing file /Users/marianaoliveira/Downloads/alura1/venv/lib/python3.10/site-packages/airflow/example_dags/example_branch_labels.py for tasks to queue
[2023-05-19 16:52:43,734] {logging_mixin.py:115} INFO - [2023-05-19 16:52:43,734] {dagbag.py:507} INFO - Filling up the DagBag from /Users/marianaoliveira/Downloads/alura1/venv/lib/python3.10/site-packages/airflow/example_dags/example_branch_labels.py
[2023-05-19 16:52:43,763] {processor.py:651} INFO - DAG(s) dict_keys(['example_branch_labels']) retrieved from /Users/marianaoliveira/Downloads/alura1/venv/lib/python3.10/site-packages/airflow/example_dags/example_branch_labels.py
[2023-05-19 16:52:43,889] {logging_mixin.py:115} INFO - [2023-05-19 16:52:43,889] {dag.py:2379} INFO - Sync 1 DAGs
[2023-05-19 16:52:43,924] {logging_mixin.py:115} INFO - [2023-05-19 16:52:43,924] {dag.py:2927} INFO - Setting next_dagrun for example_branch_labels to 2023-05-18T00:00:00+00:00, run_after=2023-05-19T00:00:00+00:00
[2023-05-19 16:52:43,941] {processor.py:161} INFO - Processing /Users/marianaoliveira/Downloads/alura1/venv/lib/python3.10/site-packages/airflow/example_dags/example_branch_labels.py took 0.211 seconds
[2023-05-19 16:57:13,818] {processor.py:153} INFO - Started process (PID=7031) to work on /Users/marianaoliveira/Downloads/alura1/venv/lib/python3.10/site-packages/airflow/example_dags/example_branch_labels.py
[2023-05-19 16:57:13,820] {processor.py:641} INFO - Processing file /Users/marianaoliveira/Downloads/alura1/venv/lib/python3.10/site-packages/airflow/example_dags/example_branch_labels.py for tasks to queue
[2023-05-19 16:57:13,820] {logging_mixin.py:115} INFO - [2023-05-19 16:57:13,820] {dagbag.py:507} INFO - Filling up the DagBag from /Users/marianaoliveira/Downloads/alura1/venv/lib/python3.10/site-packages/airflow/example_dags/example_branch_labels.py
[2023-05-19 16:57:13,838] {processor.py:651} INFO - DAG(s) dict_keys(['example_branch_labels']) retrieved from /Users/marianaoliveira/Downloads/alura1/venv/lib/python3.10/site-packages/airflow/example_dags/example_branch_labels.py
[2023-05-19 16:57:13,972] {logging_mixin.py:115} INFO - [2023-05-19 16:57:13,971] {dag.py:2379} INFO - Sync 1 DAGs
[2023-05-19 16:57:14,004] {logging_mixin.py:115} INFO - [2023-05-19 16:57:14,004] {dag.py:2927} INFO - Setting next_dagrun for example_branch_labels to 2023-05-18T00:00:00+00:00, run_after=2023-05-19T00:00:00+00:00
[2023-05-19 16:57:14,020] {processor.py:161} INFO - Processing /Users/marianaoliveira/Downloads/alura1/venv/lib/python3.10/site-packages/airflow/example_dags/example_branch_labels.py took 0.203 seconds
[2023-05-19 17:00:20,457] {processor.py:153} INFO - Started process (PID=7119) to work on /Users/marianaoliveira/Downloads/alura1/venv/lib/python3.10/site-packages/airflow/example_dags/example_branch_labels.py
[2023-05-19 17:00:20,457] {processor.py:641} INFO - Processing file /Users/marianaoliveira/Downloads/alura1/venv/lib/python3.10/site-packages/airflow/example_dags/example_branch_labels.py for tasks to queue
[2023-05-19 17:00:20,458] {logging_mixin.py:115} INFO - [2023-05-19 17:00:20,458] {dagbag.py:507} INFO - Filling up the DagBag from /Users/marianaoliveira/Downloads/alura1/venv/lib/python3.10/site-packages/airflow/example_dags/example_branch_labels.py
[2023-05-19 17:00:20,479] {processor.py:651} INFO - DAG(s) dict_keys(['example_branch_labels']) retrieved from /Users/marianaoliveira/Downloads/alura1/venv/lib/python3.10/site-packages/airflow/example_dags/example_branch_labels.py
[2023-05-19 17:00:20,592] {logging_mixin.py:115} INFO - [2023-05-19 17:00:20,592] {dag.py:2379} INFO - Sync 1 DAGs
[2023-05-19 17:00:20,626] {logging_mixin.py:115} INFO - [2023-05-19 17:00:20,626] {dag.py:2927} INFO - Setting next_dagrun for example_branch_labels to 2023-05-18T00:00:00+00:00, run_after=2023-05-19T00:00:00+00:00
[2023-05-19 17:00:20,648] {processor.py:161} INFO - Processing /Users/marianaoliveira/Downloads/alura1/venv/lib/python3.10/site-packages/airflow/example_dags/example_branch_labels.py took 0.193 seconds
[2023-05-19 17:04:14,718] {processor.py:153} INFO - Started process (PID=7293) to work on /Users/marianaoliveira/Downloads/alura1/venv/lib/python3.10/site-packages/airflow/example_dags/example_branch_labels.py
[2023-05-19 17:04:14,720] {processor.py:641} INFO - Processing file /Users/marianaoliveira/Downloads/alura1/venv/lib/python3.10/site-packages/airflow/example_dags/example_branch_labels.py for tasks to queue
[2023-05-19 17:04:14,720] {logging_mixin.py:115} INFO - [2023-05-19 17:04:14,720] {dagbag.py:507} INFO - Filling up the DagBag from /Users/marianaoliveira/Downloads/alura1/venv/lib/python3.10/site-packages/airflow/example_dags/example_branch_labels.py
[2023-05-19 17:04:14,749] {processor.py:651} INFO - DAG(s) dict_keys(['example_branch_labels']) retrieved from /Users/marianaoliveira/Downloads/alura1/venv/lib/python3.10/site-packages/airflow/example_dags/example_branch_labels.py
[2023-05-19 17:04:14,908] {logging_mixin.py:115} INFO - [2023-05-19 17:04:14,908] {dag.py:2379} INFO - Sync 1 DAGs
[2023-05-19 17:04:14,937] {logging_mixin.py:115} INFO - [2023-05-19 17:04:14,937] {dag.py:2927} INFO - Setting next_dagrun for example_branch_labels to 2023-05-18T00:00:00+00:00, run_after=2023-05-19T00:00:00+00:00
[2023-05-19 17:04:14,965] {processor.py:161} INFO - Processing /Users/marianaoliveira/Downloads/alura1/venv/lib/python3.10/site-packages/airflow/example_dags/example_branch_labels.py took 0.248 seconds
[2023-05-19 17:31:28,186] {processor.py:153} INFO - Started process (PID=7771) to work on /Users/marianaoliveira/Downloads/alura1/venv/lib/python3.10/site-packages/airflow/example_dags/example_branch_labels.py
[2023-05-19 17:31:28,187] {processor.py:641} INFO - Processing file /Users/marianaoliveira/Downloads/alura1/venv/lib/python3.10/site-packages/airflow/example_dags/example_branch_labels.py for tasks to queue
[2023-05-19 17:31:28,187] {logging_mixin.py:115} INFO - [2023-05-19 17:31:28,187] {dagbag.py:507} INFO - Filling up the DagBag from /Users/marianaoliveira/Downloads/alura1/venv/lib/python3.10/site-packages/airflow/example_dags/example_branch_labels.py
[2023-05-19 17:31:28,213] {processor.py:651} INFO - DAG(s) dict_keys(['example_branch_labels']) retrieved from /Users/marianaoliveira/Downloads/alura1/venv/lib/python3.10/site-packages/airflow/example_dags/example_branch_labels.py
[2023-05-19 17:31:28,329] {logging_mixin.py:115} INFO - [2023-05-19 17:31:28,328] {dag.py:2379} INFO - Sync 1 DAGs
[2023-05-19 17:31:28,370] {logging_mixin.py:115} INFO - [2023-05-19 17:31:28,370] {dag.py:2927} INFO - Setting next_dagrun for example_branch_labels to 2023-05-18T00:00:00+00:00, run_after=2023-05-19T00:00:00+00:00
[2023-05-19 17:31:28,387] {processor.py:161} INFO - Processing /Users/marianaoliveira/Downloads/alura1/venv/lib/python3.10/site-packages/airflow/example_dags/example_branch_labels.py took 0.203 seconds
[2023-05-19 17:36:43,039] {processor.py:153} INFO - Started process (PID=7888) to work on /Users/marianaoliveira/Downloads/alura1/venv/lib/python3.10/site-packages/airflow/example_dags/example_branch_labels.py
[2023-05-19 17:36:43,040] {processor.py:641} INFO - Processing file /Users/marianaoliveira/Downloads/alura1/venv/lib/python3.10/site-packages/airflow/example_dags/example_branch_labels.py for tasks to queue
[2023-05-19 17:36:43,041] {logging_mixin.py:115} INFO - [2023-05-19 17:36:43,041] {dagbag.py:507} INFO - Filling up the DagBag from /Users/marianaoliveira/Downloads/alura1/venv/lib/python3.10/site-packages/airflow/example_dags/example_branch_labels.py
[2023-05-19 17:36:43,065] {processor.py:651} INFO - DAG(s) dict_keys(['example_branch_labels']) retrieved from /Users/marianaoliveira/Downloads/alura1/venv/lib/python3.10/site-packages/airflow/example_dags/example_branch_labels.py
[2023-05-19 17:36:43,183] {logging_mixin.py:115} INFO - [2023-05-19 17:36:43,183] {dag.py:2379} INFO - Sync 1 DAGs
[2023-05-19 17:36:43,216] {logging_mixin.py:115} INFO - [2023-05-19 17:36:43,216] {dag.py:2927} INFO - Setting next_dagrun for example_branch_labels to 2023-05-18T00:00:00+00:00, run_after=2023-05-19T00:00:00+00:00
[2023-05-19 17:36:43,232] {processor.py:161} INFO - Processing /Users/marianaoliveira/Downloads/alura1/venv/lib/python3.10/site-packages/airflow/example_dags/example_branch_labels.py took 0.195 seconds
[2023-05-19 17:46:05,458] {processor.py:153} INFO - Started process (PID=8127) to work on /Users/marianaoliveira/Downloads/alura1/venv/lib/python3.10/site-packages/airflow/example_dags/example_branch_labels.py
[2023-05-19 17:46:05,459] {processor.py:641} INFO - Processing file /Users/marianaoliveira/Downloads/alura1/venv/lib/python3.10/site-packages/airflow/example_dags/example_branch_labels.py for tasks to queue
[2023-05-19 17:46:05,460] {logging_mixin.py:115} INFO - [2023-05-19 17:46:05,460] {dagbag.py:507} INFO - Filling up the DagBag from /Users/marianaoliveira/Downloads/alura1/venv/lib/python3.10/site-packages/airflow/example_dags/example_branch_labels.py
[2023-05-19 17:46:05,484] {processor.py:651} INFO - DAG(s) dict_keys(['example_branch_labels']) retrieved from /Users/marianaoliveira/Downloads/alura1/venv/lib/python3.10/site-packages/airflow/example_dags/example_branch_labels.py
[2023-05-19 17:46:05,583] {logging_mixin.py:115} INFO - [2023-05-19 17:46:05,583] {dag.py:2379} INFO - Sync 1 DAGs
[2023-05-19 17:46:05,611] {logging_mixin.py:115} INFO - [2023-05-19 17:46:05,611] {dag.py:2927} INFO - Setting next_dagrun for example_branch_labels to 2023-05-18T00:00:00+00:00, run_after=2023-05-19T00:00:00+00:00
[2023-05-19 17:46:05,627] {processor.py:161} INFO - Processing /Users/marianaoliveira/Downloads/alura1/venv/lib/python3.10/site-packages/airflow/example_dags/example_branch_labels.py took 0.171 seconds
[2023-05-19 17:49:24,506] {processor.py:153} INFO - Started process (PID=8211) to work on /Users/marianaoliveira/Downloads/alura1/venv/lib/python3.10/site-packages/airflow/example_dags/example_branch_labels.py
[2023-05-19 17:49:24,507] {processor.py:641} INFO - Processing file /Users/marianaoliveira/Downloads/alura1/venv/lib/python3.10/site-packages/airflow/example_dags/example_branch_labels.py for tasks to queue
[2023-05-19 17:49:24,508] {logging_mixin.py:115} INFO - [2023-05-19 17:49:24,508] {dagbag.py:507} INFO - Filling up the DagBag from /Users/marianaoliveira/Downloads/alura1/venv/lib/python3.10/site-packages/airflow/example_dags/example_branch_labels.py
[2023-05-19 17:49:24,538] {processor.py:651} INFO - DAG(s) dict_keys(['example_branch_labels']) retrieved from /Users/marianaoliveira/Downloads/alura1/venv/lib/python3.10/site-packages/airflow/example_dags/example_branch_labels.py
[2023-05-19 17:49:24,649] {logging_mixin.py:115} INFO - [2023-05-19 17:49:24,649] {dag.py:2379} INFO - Sync 1 DAGs
[2023-05-19 17:49:24,682] {logging_mixin.py:115} INFO - [2023-05-19 17:49:24,682] {dag.py:2927} INFO - Setting next_dagrun for example_branch_labels to 2023-05-18T00:00:00+00:00, run_after=2023-05-19T00:00:00+00:00
[2023-05-19 17:49:24,702] {processor.py:161} INFO - Processing /Users/marianaoliveira/Downloads/alura1/venv/lib/python3.10/site-packages/airflow/example_dags/example_branch_labels.py took 0.198 seconds
[2023-05-19 17:52:45,160] {processor.py:153} INFO - Started process (PID=8350) to work on /Users/marianaoliveira/Downloads/alura1/venv/lib/python3.10/site-packages/airflow/example_dags/example_branch_labels.py
[2023-05-19 17:52:45,163] {processor.py:641} INFO - Processing file /Users/marianaoliveira/Downloads/alura1/venv/lib/python3.10/site-packages/airflow/example_dags/example_branch_labels.py for tasks to queue
[2023-05-19 17:52:45,169] {logging_mixin.py:115} INFO - [2023-05-19 17:52:45,168] {dagbag.py:507} INFO - Filling up the DagBag from /Users/marianaoliveira/Downloads/alura1/venv/lib/python3.10/site-packages/airflow/example_dags/example_branch_labels.py
[2023-05-19 17:52:45,651] {processor.py:651} INFO - DAG(s) dict_keys(['example_branch_labels']) retrieved from /Users/marianaoliveira/Downloads/alura1/venv/lib/python3.10/site-packages/airflow/example_dags/example_branch_labels.py
[2023-05-19 17:52:46,278] {logging_mixin.py:115} INFO - [2023-05-19 17:52:46,277] {dag.py:2379} INFO - Sync 1 DAGs
[2023-05-19 17:52:46,789] {logging_mixin.py:115} INFO - [2023-05-19 17:52:46,789] {dag.py:2927} INFO - Setting next_dagrun for example_branch_labels to 2023-05-18T00:00:00+00:00, run_after=2023-05-19T00:00:00+00:00
[2023-05-19 17:52:46,812] {processor.py:161} INFO - Processing /Users/marianaoliveira/Downloads/alura1/venv/lib/python3.10/site-packages/airflow/example_dags/example_branch_labels.py took 1.659 seconds
[2023-05-19 17:56:17,867] {processor.py:153} INFO - Started process (PID=8546) to work on /Users/marianaoliveira/Downloads/alura1/venv/lib/python3.10/site-packages/airflow/example_dags/example_branch_labels.py
[2023-05-19 17:56:17,868] {processor.py:641} INFO - Processing file /Users/marianaoliveira/Downloads/alura1/venv/lib/python3.10/site-packages/airflow/example_dags/example_branch_labels.py for tasks to queue
[2023-05-19 17:56:17,868] {logging_mixin.py:115} INFO - [2023-05-19 17:56:17,868] {dagbag.py:507} INFO - Filling up the DagBag from /Users/marianaoliveira/Downloads/alura1/venv/lib/python3.10/site-packages/airflow/example_dags/example_branch_labels.py
[2023-05-19 17:56:17,894] {processor.py:651} INFO - DAG(s) dict_keys(['example_branch_labels']) retrieved from /Users/marianaoliveira/Downloads/alura1/venv/lib/python3.10/site-packages/airflow/example_dags/example_branch_labels.py
[2023-05-19 17:56:18,035] {logging_mixin.py:115} INFO - [2023-05-19 17:56:18,035] {dag.py:2379} INFO - Sync 1 DAGs
[2023-05-19 17:56:18,059] {logging_mixin.py:115} INFO - [2023-05-19 17:56:18,059] {dag.py:2927} INFO - Setting next_dagrun for example_branch_labels to 2023-05-18T00:00:00+00:00, run_after=2023-05-19T00:00:00+00:00
[2023-05-19 17:56:18,076] {processor.py:161} INFO - Processing /Users/marianaoliveira/Downloads/alura1/venv/lib/python3.10/site-packages/airflow/example_dags/example_branch_labels.py took 0.210 seconds
[2023-05-19 17:59:28,176] {processor.py:153} INFO - Started process (PID=8642) to work on /Users/marianaoliveira/Downloads/alura1/venv/lib/python3.10/site-packages/airflow/example_dags/example_branch_labels.py
[2023-05-19 17:59:28,179] {processor.py:641} INFO - Processing file /Users/marianaoliveira/Downloads/alura1/venv/lib/python3.10/site-packages/airflow/example_dags/example_branch_labels.py for tasks to queue
[2023-05-19 17:59:28,180] {logging_mixin.py:115} INFO - [2023-05-19 17:59:28,180] {dagbag.py:507} INFO - Filling up the DagBag from /Users/marianaoliveira/Downloads/alura1/venv/lib/python3.10/site-packages/airflow/example_dags/example_branch_labels.py
[2023-05-19 17:59:28,216] {processor.py:651} INFO - DAG(s) dict_keys(['example_branch_labels']) retrieved from /Users/marianaoliveira/Downloads/alura1/venv/lib/python3.10/site-packages/airflow/example_dags/example_branch_labels.py
[2023-05-19 17:59:28,348] {logging_mixin.py:115} INFO - [2023-05-19 17:59:28,348] {dag.py:2379} INFO - Sync 1 DAGs
[2023-05-19 17:59:28,395] {logging_mixin.py:115} INFO - [2023-05-19 17:59:28,395] {dag.py:2927} INFO - Setting next_dagrun for example_branch_labels to 2023-05-18T00:00:00+00:00, run_after=2023-05-19T00:00:00+00:00
[2023-05-19 17:59:28,414] {processor.py:161} INFO - Processing /Users/marianaoliveira/Downloads/alura1/venv/lib/python3.10/site-packages/airflow/example_dags/example_branch_labels.py took 0.240 seconds
[2023-05-19 18:16:02,353] {processor.py:153} INFO - Started process (PID=9251) to work on /Users/marianaoliveira/Downloads/alura1/venv/lib/python3.10/site-packages/airflow/example_dags/example_branch_labels.py
[2023-05-19 18:16:02,354] {processor.py:641} INFO - Processing file /Users/marianaoliveira/Downloads/alura1/venv/lib/python3.10/site-packages/airflow/example_dags/example_branch_labels.py for tasks to queue
[2023-05-19 18:16:02,354] {logging_mixin.py:115} INFO - [2023-05-19 18:16:02,354] {dagbag.py:507} INFO - Filling up the DagBag from /Users/marianaoliveira/Downloads/alura1/venv/lib/python3.10/site-packages/airflow/example_dags/example_branch_labels.py
[2023-05-19 18:16:02,382] {processor.py:651} INFO - DAG(s) dict_keys(['example_branch_labels']) retrieved from /Users/marianaoliveira/Downloads/alura1/venv/lib/python3.10/site-packages/airflow/example_dags/example_branch_labels.py
[2023-05-19 18:16:02,543] {logging_mixin.py:115} INFO - [2023-05-19 18:16:02,542] {dag.py:2379} INFO - Sync 1 DAGs
[2023-05-19 18:16:02,585] {logging_mixin.py:115} INFO - [2023-05-19 18:16:02,584] {dag.py:2927} INFO - Setting next_dagrun for example_branch_labels to 2023-05-18T00:00:00+00:00, run_after=2023-05-19T00:00:00+00:00
[2023-05-19 18:16:02,617] {processor.py:161} INFO - Processing /Users/marianaoliveira/Downloads/alura1/venv/lib/python3.10/site-packages/airflow/example_dags/example_branch_labels.py took 0.265 seconds
