[2023-05-19 15:13:03,791] {processor.py:153} INFO - Started process (PID=2853) to work on /Users/marianaoliveira/Downloads/alura1/venv/lib/python3.10/site-packages/airflow/example_dags/example_branch_operator.py
[2023-05-19 15:13:03,791] {processor.py:641} INFO - Processing file /Users/marianaoliveira/Downloads/alura1/venv/lib/python3.10/site-packages/airflow/example_dags/example_branch_operator.py for tasks to queue
[2023-05-19 15:13:03,792] {logging_mixin.py:115} INFO - [2023-05-19 15:13:03,792] {dagbag.py:507} INFO - Filling up the DagBag from /Users/marianaoliveira/Downloads/alura1/venv/lib/python3.10/site-packages/airflow/example_dags/example_branch_operator.py
[2023-05-19 15:13:03,829] {processor.py:651} INFO - DAG(s) dict_keys(['example_branch_operator']) retrieved from /Users/marianaoliveira/Downloads/alura1/venv/lib/python3.10/site-packages/airflow/example_dags/example_branch_operator.py
[2023-05-19 15:13:05,070] {logging_mixin.py:115} INFO - [2023-05-19 15:13:05,070] {manager.py:508} INFO - Created Permission View: can delete on DAG:example_branch_operator
[2023-05-19 15:13:05,089] {logging_mixin.py:115} INFO - [2023-05-19 15:13:05,089] {manager.py:508} INFO - Created Permission View: can read on DAG:example_branch_operator
[2023-05-19 15:13:05,102] {logging_mixin.py:115} INFO - [2023-05-19 15:13:05,102] {manager.py:508} INFO - Created Permission View: can edit on DAG:example_branch_operator
[2023-05-19 15:13:05,103] {logging_mixin.py:115} INFO - [2023-05-19 15:13:05,103] {dag.py:2379} INFO - Sync 1 DAGs
[2023-05-19 15:13:05,120] {logging_mixin.py:115} INFO - [2023-05-19 15:13:05,120] {dag.py:2398} INFO - Creating ORM DAG for example_branch_operator
[2023-05-19 15:13:05,140] {logging_mixin.py:115} INFO - [2023-05-19 15:13:05,140] {dag.py:2927} INFO - Setting next_dagrun for example_branch_operator to 2023-05-18T00:00:00+00:00, run_after=2023-05-19T00:00:00+00:00
[2023-05-19 15:13:05,164] {processor.py:161} INFO - Processing /Users/marianaoliveira/Downloads/alura1/venv/lib/python3.10/site-packages/airflow/example_dags/example_branch_operator.py took 1.374 seconds
[2023-05-19 15:14:58,776] {processor.py:153} INFO - Started process (PID=2920) to work on /Users/marianaoliveira/Downloads/alura1/venv/lib/python3.10/site-packages/airflow/example_dags/example_branch_operator.py
[2023-05-19 15:14:58,776] {processor.py:641} INFO - Processing file /Users/marianaoliveira/Downloads/alura1/venv/lib/python3.10/site-packages/airflow/example_dags/example_branch_operator.py for tasks to queue
[2023-05-19 15:14:58,776] {logging_mixin.py:115} INFO - [2023-05-19 15:14:58,776] {dagbag.py:507} INFO - Filling up the DagBag from /Users/marianaoliveira/Downloads/alura1/venv/lib/python3.10/site-packages/airflow/example_dags/example_branch_operator.py
[2023-05-19 15:14:58,809] {processor.py:651} INFO - DAG(s) dict_keys(['example_branch_operator']) retrieved from /Users/marianaoliveira/Downloads/alura1/venv/lib/python3.10/site-packages/airflow/example_dags/example_branch_operator.py
[2023-05-19 15:14:58,888] {logging_mixin.py:115} INFO - [2023-05-19 15:14:58,888] {dag.py:2379} INFO - Sync 1 DAGs
[2023-05-19 15:14:58,905] {logging_mixin.py:115} INFO - [2023-05-19 15:14:58,905] {dag.py:2927} INFO - Setting next_dagrun for example_branch_operator to 2023-05-18T00:00:00+00:00, run_after=2023-05-19T00:00:00+00:00
[2023-05-19 15:14:58,917] {processor.py:161} INFO - Processing /Users/marianaoliveira/Downloads/alura1/venv/lib/python3.10/site-packages/airflow/example_dags/example_branch_operator.py took 0.142 seconds
[2023-05-19 15:17:34,643] {processor.py:153} INFO - Started process (PID=3028) to work on /Users/marianaoliveira/Downloads/alura1/venv/lib/python3.10/site-packages/airflow/example_dags/example_branch_operator.py
[2023-05-19 15:17:34,645] {processor.py:641} INFO - Processing file /Users/marianaoliveira/Downloads/alura1/venv/lib/python3.10/site-packages/airflow/example_dags/example_branch_operator.py for tasks to queue
[2023-05-19 15:17:34,645] {logging_mixin.py:115} INFO - [2023-05-19 15:17:34,645] {dagbag.py:507} INFO - Filling up the DagBag from /Users/marianaoliveira/Downloads/alura1/venv/lib/python3.10/site-packages/airflow/example_dags/example_branch_operator.py
[2023-05-19 15:17:34,727] {processor.py:651} INFO - DAG(s) dict_keys(['example_branch_operator']) retrieved from /Users/marianaoliveira/Downloads/alura1/venv/lib/python3.10/site-packages/airflow/example_dags/example_branch_operator.py
[2023-05-19 15:17:34,930] {logging_mixin.py:115} INFO - [2023-05-19 15:17:34,930] {dag.py:2379} INFO - Sync 1 DAGs
[2023-05-19 15:17:34,982] {logging_mixin.py:115} INFO - [2023-05-19 15:17:34,982] {dag.py:2927} INFO - Setting next_dagrun for example_branch_operator to 2023-05-18T00:00:00+00:00, run_after=2023-05-19T00:00:00+00:00
[2023-05-19 15:17:35,016] {processor.py:161} INFO - Processing /Users/marianaoliveira/Downloads/alura1/venv/lib/python3.10/site-packages/airflow/example_dags/example_branch_operator.py took 0.369 seconds
[2023-05-19 15:19:51,870] {processor.py:153} INFO - Started process (PID=3113) to work on /Users/marianaoliveira/Downloads/alura1/venv/lib/python3.10/site-packages/airflow/example_dags/example_branch_operator.py
[2023-05-19 15:19:51,871] {processor.py:641} INFO - Processing file /Users/marianaoliveira/Downloads/alura1/venv/lib/python3.10/site-packages/airflow/example_dags/example_branch_operator.py for tasks to queue
[2023-05-19 15:19:51,871] {logging_mixin.py:115} INFO - [2023-05-19 15:19:51,871] {dagbag.py:507} INFO - Filling up the DagBag from /Users/marianaoliveira/Downloads/alura1/venv/lib/python3.10/site-packages/airflow/example_dags/example_branch_operator.py
[2023-05-19 15:19:51,906] {processor.py:651} INFO - DAG(s) dict_keys(['example_branch_operator']) retrieved from /Users/marianaoliveira/Downloads/alura1/venv/lib/python3.10/site-packages/airflow/example_dags/example_branch_operator.py
[2023-05-19 15:19:51,978] {logging_mixin.py:115} INFO - [2023-05-19 15:19:51,978] {dag.py:2379} INFO - Sync 1 DAGs
[2023-05-19 15:19:51,996] {logging_mixin.py:115} INFO - [2023-05-19 15:19:51,996] {dag.py:2927} INFO - Setting next_dagrun for example_branch_operator to 2023-05-18T00:00:00+00:00, run_after=2023-05-19T00:00:00+00:00
[2023-05-19 15:19:52,011] {processor.py:161} INFO - Processing /Users/marianaoliveira/Downloads/alura1/venv/lib/python3.10/site-packages/airflow/example_dags/example_branch_operator.py took 0.142 seconds
[2023-05-19 15:21:37,378] {processor.py:153} INFO - Started process (PID=3166) to work on /Users/marianaoliveira/Downloads/alura1/venv/lib/python3.10/site-packages/airflow/example_dags/example_branch_operator.py
[2023-05-19 15:21:37,379] {processor.py:641} INFO - Processing file /Users/marianaoliveira/Downloads/alura1/venv/lib/python3.10/site-packages/airflow/example_dags/example_branch_operator.py for tasks to queue
[2023-05-19 15:21:37,380] {logging_mixin.py:115} INFO - [2023-05-19 15:21:37,380] {dagbag.py:507} INFO - Filling up the DagBag from /Users/marianaoliveira/Downloads/alura1/venv/lib/python3.10/site-packages/airflow/example_dags/example_branch_operator.py
[2023-05-19 15:21:37,412] {processor.py:651} INFO - DAG(s) dict_keys(['example_branch_operator']) retrieved from /Users/marianaoliveira/Downloads/alura1/venv/lib/python3.10/site-packages/airflow/example_dags/example_branch_operator.py
[2023-05-19 15:21:37,485] {logging_mixin.py:115} INFO - [2023-05-19 15:21:37,485] {dag.py:2379} INFO - Sync 1 DAGs
[2023-05-19 15:21:37,501] {logging_mixin.py:115} INFO - [2023-05-19 15:21:37,501] {dag.py:2927} INFO - Setting next_dagrun for example_branch_operator to 2023-05-18T00:00:00+00:00, run_after=2023-05-19T00:00:00+00:00
[2023-05-19 15:21:37,513] {processor.py:161} INFO - Processing /Users/marianaoliveira/Downloads/alura1/venv/lib/python3.10/site-packages/airflow/example_dags/example_branch_operator.py took 0.136 seconds
[2023-05-19 15:23:13,026] {processor.py:153} INFO - Started process (PID=3215) to work on /Users/marianaoliveira/Downloads/alura1/venv/lib/python3.10/site-packages/airflow/example_dags/example_branch_operator.py
[2023-05-19 15:23:13,027] {processor.py:641} INFO - Processing file /Users/marianaoliveira/Downloads/alura1/venv/lib/python3.10/site-packages/airflow/example_dags/example_branch_operator.py for tasks to queue
[2023-05-19 15:23:13,028] {logging_mixin.py:115} INFO - [2023-05-19 15:23:13,028] {dagbag.py:507} INFO - Filling up the DagBag from /Users/marianaoliveira/Downloads/alura1/venv/lib/python3.10/site-packages/airflow/example_dags/example_branch_operator.py
[2023-05-19 15:23:13,065] {processor.py:651} INFO - DAG(s) dict_keys(['example_branch_operator']) retrieved from /Users/marianaoliveira/Downloads/alura1/venv/lib/python3.10/site-packages/airflow/example_dags/example_branch_operator.py
[2023-05-19 15:23:13,136] {logging_mixin.py:115} INFO - [2023-05-19 15:23:13,135] {dag.py:2379} INFO - Sync 1 DAGs
[2023-05-19 15:23:13,152] {logging_mixin.py:115} INFO - [2023-05-19 15:23:13,152] {dag.py:2927} INFO - Setting next_dagrun for example_branch_operator to 2023-05-18T00:00:00+00:00, run_after=2023-05-19T00:00:00+00:00
[2023-05-19 15:23:13,164] {processor.py:161} INFO - Processing /Users/marianaoliveira/Downloads/alura1/venv/lib/python3.10/site-packages/airflow/example_dags/example_branch_operator.py took 0.138 seconds
[2023-05-19 15:25:13,458] {processor.py:153} INFO - Started process (PID=3280) to work on /Users/marianaoliveira/Downloads/alura1/venv/lib/python3.10/site-packages/airflow/example_dags/example_branch_operator.py
[2023-05-19 15:25:13,459] {processor.py:641} INFO - Processing file /Users/marianaoliveira/Downloads/alura1/venv/lib/python3.10/site-packages/airflow/example_dags/example_branch_operator.py for tasks to queue
[2023-05-19 15:25:13,460] {logging_mixin.py:115} INFO - [2023-05-19 15:25:13,460] {dagbag.py:507} INFO - Filling up the DagBag from /Users/marianaoliveira/Downloads/alura1/venv/lib/python3.10/site-packages/airflow/example_dags/example_branch_operator.py
[2023-05-19 15:25:13,511] {processor.py:651} INFO - DAG(s) dict_keys(['example_branch_operator']) retrieved from /Users/marianaoliveira/Downloads/alura1/venv/lib/python3.10/site-packages/airflow/example_dags/example_branch_operator.py
[2023-05-19 15:25:13,614] {logging_mixin.py:115} INFO - [2023-05-19 15:25:13,614] {dag.py:2379} INFO - Sync 1 DAGs
[2023-05-19 15:25:13,651] {logging_mixin.py:115} INFO - [2023-05-19 15:25:13,651] {dag.py:2927} INFO - Setting next_dagrun for example_branch_operator to 2023-05-18T00:00:00+00:00, run_after=2023-05-19T00:00:00+00:00
[2023-05-19 15:25:13,667] {processor.py:161} INFO - Processing /Users/marianaoliveira/Downloads/alura1/venv/lib/python3.10/site-packages/airflow/example_dags/example_branch_operator.py took 0.210 seconds
[2023-05-19 15:27:53,265] {processor.py:153} INFO - Started process (PID=3393) to work on /Users/marianaoliveira/Downloads/alura1/venv/lib/python3.10/site-packages/airflow/example_dags/example_branch_operator.py
[2023-05-19 15:27:53,265] {processor.py:641} INFO - Processing file /Users/marianaoliveira/Downloads/alura1/venv/lib/python3.10/site-packages/airflow/example_dags/example_branch_operator.py for tasks to queue
[2023-05-19 15:27:53,266] {logging_mixin.py:115} INFO - [2023-05-19 15:27:53,265] {dagbag.py:507} INFO - Filling up the DagBag from /Users/marianaoliveira/Downloads/alura1/venv/lib/python3.10/site-packages/airflow/example_dags/example_branch_operator.py
[2023-05-19 15:27:53,298] {processor.py:651} INFO - DAG(s) dict_keys(['example_branch_operator']) retrieved from /Users/marianaoliveira/Downloads/alura1/venv/lib/python3.10/site-packages/airflow/example_dags/example_branch_operator.py
[2023-05-19 15:27:53,371] {logging_mixin.py:115} INFO - [2023-05-19 15:27:53,371] {dag.py:2379} INFO - Sync 1 DAGs
[2023-05-19 15:27:53,391] {logging_mixin.py:115} INFO - [2023-05-19 15:27:53,391] {dag.py:2927} INFO - Setting next_dagrun for example_branch_operator to 2023-05-18T00:00:00+00:00, run_after=2023-05-19T00:00:00+00:00
[2023-05-19 15:27:53,403] {processor.py:161} INFO - Processing /Users/marianaoliveira/Downloads/alura1/venv/lib/python3.10/site-packages/airflow/example_dags/example_branch_operator.py took 0.139 seconds
[2023-05-19 15:30:07,565] {processor.py:153} INFO - Started process (PID=3475) to work on /Users/marianaoliveira/Downloads/alura1/venv/lib/python3.10/site-packages/airflow/example_dags/example_branch_operator.py
[2023-05-19 15:30:07,565] {processor.py:641} INFO - Processing file /Users/marianaoliveira/Downloads/alura1/venv/lib/python3.10/site-packages/airflow/example_dags/example_branch_operator.py for tasks to queue
[2023-05-19 15:30:07,566] {logging_mixin.py:115} INFO - [2023-05-19 15:30:07,566] {dagbag.py:507} INFO - Filling up the DagBag from /Users/marianaoliveira/Downloads/alura1/venv/lib/python3.10/site-packages/airflow/example_dags/example_branch_operator.py
[2023-05-19 15:30:07,613] {processor.py:651} INFO - DAG(s) dict_keys(['example_branch_operator']) retrieved from /Users/marianaoliveira/Downloads/alura1/venv/lib/python3.10/site-packages/airflow/example_dags/example_branch_operator.py
[2023-05-19 15:30:07,713] {logging_mixin.py:115} INFO - [2023-05-19 15:30:07,713] {dag.py:2379} INFO - Sync 1 DAGs
[2023-05-19 15:30:07,737] {logging_mixin.py:115} INFO - [2023-05-19 15:30:07,737] {dag.py:2927} INFO - Setting next_dagrun for example_branch_operator to 2023-05-18T00:00:00+00:00, run_after=2023-05-19T00:00:00+00:00
[2023-05-19 15:30:07,752] {processor.py:161} INFO - Processing /Users/marianaoliveira/Downloads/alura1/venv/lib/python3.10/site-packages/airflow/example_dags/example_branch_operator.py took 0.189 seconds
[2023-05-19 16:30:15,221] {processor.py:153} INFO - Started process (PID=6094) to work on /Users/marianaoliveira/Downloads/alura1/venv/lib/python3.10/site-packages/airflow/example_dags/example_branch_operator.py
[2023-05-19 16:30:15,222] {processor.py:641} INFO - Processing file /Users/marianaoliveira/Downloads/alura1/venv/lib/python3.10/site-packages/airflow/example_dags/example_branch_operator.py for tasks to queue
[2023-05-19 16:30:15,223] {logging_mixin.py:115} INFO - [2023-05-19 16:30:15,223] {dagbag.py:507} INFO - Filling up the DagBag from /Users/marianaoliveira/Downloads/alura1/venv/lib/python3.10/site-packages/airflow/example_dags/example_branch_operator.py
[2023-05-19 16:30:15,287] {processor.py:651} INFO - DAG(s) dict_keys(['example_branch_operator']) retrieved from /Users/marianaoliveira/Downloads/alura1/venv/lib/python3.10/site-packages/airflow/example_dags/example_branch_operator.py
[2023-05-19 16:30:15,508] {logging_mixin.py:115} INFO - [2023-05-19 16:30:15,507] {dag.py:2379} INFO - Sync 1 DAGs
[2023-05-19 16:30:15,538] {logging_mixin.py:115} INFO - [2023-05-19 16:30:15,538] {dag.py:2927} INFO - Setting next_dagrun for example_branch_operator to 2023-05-18T00:00:00+00:00, run_after=2023-05-19T00:00:00+00:00
[2023-05-19 16:30:15,585] {processor.py:161} INFO - Processing /Users/marianaoliveira/Downloads/alura1/venv/lib/python3.10/site-packages/airflow/example_dags/example_branch_operator.py took 0.366 seconds
[2023-05-19 16:35:12,288] {processor.py:153} INFO - Started process (PID=6268) to work on /Users/marianaoliveira/Downloads/alura1/venv/lib/python3.10/site-packages/airflow/example_dags/example_branch_operator.py
[2023-05-19 16:35:12,290] {processor.py:641} INFO - Processing file /Users/marianaoliveira/Downloads/alura1/venv/lib/python3.10/site-packages/airflow/example_dags/example_branch_operator.py for tasks to queue
[2023-05-19 16:35:12,292] {logging_mixin.py:115} INFO - [2023-05-19 16:35:12,291] {dagbag.py:507} INFO - Filling up the DagBag from /Users/marianaoliveira/Downloads/alura1/venv/lib/python3.10/site-packages/airflow/example_dags/example_branch_operator.py
[2023-05-19 16:35:12,411] {processor.py:651} INFO - DAG(s) dict_keys(['example_branch_operator']) retrieved from /Users/marianaoliveira/Downloads/alura1/venv/lib/python3.10/site-packages/airflow/example_dags/example_branch_operator.py
[2023-05-19 16:35:12,865] {logging_mixin.py:115} INFO - [2023-05-19 16:35:12,865] {dag.py:2379} INFO - Sync 1 DAGs
[2023-05-19 16:35:12,934] {logging_mixin.py:115} INFO - [2023-05-19 16:35:12,934] {dag.py:2927} INFO - Setting next_dagrun for example_branch_operator to 2023-05-18T00:00:00+00:00, run_after=2023-05-19T00:00:00+00:00
[2023-05-19 16:35:12,956] {processor.py:161} INFO - Processing /Users/marianaoliveira/Downloads/alura1/venv/lib/python3.10/site-packages/airflow/example_dags/example_branch_operator.py took 0.669 seconds
[2023-05-19 16:40:04,023] {processor.py:153} INFO - Started process (PID=6485) to work on /Users/marianaoliveira/Downloads/alura1/venv/lib/python3.10/site-packages/airflow/example_dags/example_branch_operator.py
[2023-05-19 16:40:04,025] {processor.py:641} INFO - Processing file /Users/marianaoliveira/Downloads/alura1/venv/lib/python3.10/site-packages/airflow/example_dags/example_branch_operator.py for tasks to queue
[2023-05-19 16:40:04,027] {logging_mixin.py:115} INFO - [2023-05-19 16:40:04,026] {dagbag.py:507} INFO - Filling up the DagBag from /Users/marianaoliveira/Downloads/alura1/venv/lib/python3.10/site-packages/airflow/example_dags/example_branch_operator.py
[2023-05-19 16:40:04,129] {processor.py:651} INFO - DAG(s) dict_keys(['example_branch_operator']) retrieved from /Users/marianaoliveira/Downloads/alura1/venv/lib/python3.10/site-packages/airflow/example_dags/example_branch_operator.py
[2023-05-19 16:40:04,292] {logging_mixin.py:115} INFO - [2023-05-19 16:40:04,292] {dag.py:2379} INFO - Sync 1 DAGs
[2023-05-19 16:40:04,329] {logging_mixin.py:115} INFO - [2023-05-19 16:40:04,329] {dag.py:2927} INFO - Setting next_dagrun for example_branch_operator to 2023-05-18T00:00:00+00:00, run_after=2023-05-19T00:00:00+00:00
[2023-05-19 16:40:04,361] {processor.py:161} INFO - Processing /Users/marianaoliveira/Downloads/alura1/venv/lib/python3.10/site-packages/airflow/example_dags/example_branch_operator.py took 0.340 seconds
[2023-05-19 16:52:39,165] {processor.py:153} INFO - Started process (PID=6791) to work on /Users/marianaoliveira/Downloads/alura1/venv/lib/python3.10/site-packages/airflow/example_dags/example_branch_operator.py
[2023-05-19 16:52:39,167] {processor.py:641} INFO - Processing file /Users/marianaoliveira/Downloads/alura1/venv/lib/python3.10/site-packages/airflow/example_dags/example_branch_operator.py for tasks to queue
[2023-05-19 16:52:39,167] {logging_mixin.py:115} INFO - [2023-05-19 16:52:39,167] {dagbag.py:507} INFO - Filling up the DagBag from /Users/marianaoliveira/Downloads/alura1/venv/lib/python3.10/site-packages/airflow/example_dags/example_branch_operator.py
[2023-05-19 16:52:39,243] {processor.py:651} INFO - DAG(s) dict_keys(['example_branch_operator']) retrieved from /Users/marianaoliveira/Downloads/alura1/venv/lib/python3.10/site-packages/airflow/example_dags/example_branch_operator.py
[2023-05-19 16:52:39,644] {logging_mixin.py:115} INFO - [2023-05-19 16:52:39,644] {dag.py:2379} INFO - Sync 1 DAGs
[2023-05-19 16:52:39,708] {logging_mixin.py:115} INFO - [2023-05-19 16:52:39,707] {dag.py:2927} INFO - Setting next_dagrun for example_branch_operator to 2023-05-18T00:00:00+00:00, run_after=2023-05-19T00:00:00+00:00
[2023-05-19 16:52:39,747] {processor.py:161} INFO - Processing /Users/marianaoliveira/Downloads/alura1/venv/lib/python3.10/site-packages/airflow/example_dags/example_branch_operator.py took 0.582 seconds
[2023-05-19 16:57:10,506] {processor.py:153} INFO - Started process (PID=7029) to work on /Users/marianaoliveira/Downloads/alura1/venv/lib/python3.10/site-packages/airflow/example_dags/example_branch_operator.py
[2023-05-19 16:57:10,508] {processor.py:641} INFO - Processing file /Users/marianaoliveira/Downloads/alura1/venv/lib/python3.10/site-packages/airflow/example_dags/example_branch_operator.py for tasks to queue
[2023-05-19 16:57:10,511] {logging_mixin.py:115} INFO - [2023-05-19 16:57:10,511] {dagbag.py:507} INFO - Filling up the DagBag from /Users/marianaoliveira/Downloads/alura1/venv/lib/python3.10/site-packages/airflow/example_dags/example_branch_operator.py
[2023-05-19 16:57:10,683] {processor.py:651} INFO - DAG(s) dict_keys(['example_branch_operator']) retrieved from /Users/marianaoliveira/Downloads/alura1/venv/lib/python3.10/site-packages/airflow/example_dags/example_branch_operator.py
[2023-05-19 16:57:10,892] {logging_mixin.py:115} INFO - [2023-05-19 16:57:10,892] {dag.py:2379} INFO - Sync 1 DAGs
[2023-05-19 16:57:10,935] {logging_mixin.py:115} INFO - [2023-05-19 16:57:10,935] {dag.py:2927} INFO - Setting next_dagrun for example_branch_operator to 2023-05-18T00:00:00+00:00, run_after=2023-05-19T00:00:00+00:00
[2023-05-19 16:57:10,977] {processor.py:161} INFO - Processing /Users/marianaoliveira/Downloads/alura1/venv/lib/python3.10/site-packages/airflow/example_dags/example_branch_operator.py took 0.472 seconds
[2023-05-19 17:00:17,366] {processor.py:153} INFO - Started process (PID=7118) to work on /Users/marianaoliveira/Downloads/alura1/venv/lib/python3.10/site-packages/airflow/example_dags/example_branch_operator.py
[2023-05-19 17:00:17,366] {processor.py:641} INFO - Processing file /Users/marianaoliveira/Downloads/alura1/venv/lib/python3.10/site-packages/airflow/example_dags/example_branch_operator.py for tasks to queue
[2023-05-19 17:00:17,367] {logging_mixin.py:115} INFO - [2023-05-19 17:00:17,367] {dagbag.py:507} INFO - Filling up the DagBag from /Users/marianaoliveira/Downloads/alura1/venv/lib/python3.10/site-packages/airflow/example_dags/example_branch_operator.py
[2023-05-19 17:00:17,431] {processor.py:651} INFO - DAG(s) dict_keys(['example_branch_operator']) retrieved from /Users/marianaoliveira/Downloads/alura1/venv/lib/python3.10/site-packages/airflow/example_dags/example_branch_operator.py
[2023-05-19 17:00:17,539] {logging_mixin.py:115} INFO - [2023-05-19 17:00:17,539] {dag.py:2379} INFO - Sync 1 DAGs
[2023-05-19 17:00:17,572] {logging_mixin.py:115} INFO - [2023-05-19 17:00:17,572] {dag.py:2927} INFO - Setting next_dagrun for example_branch_operator to 2023-05-18T00:00:00+00:00, run_after=2023-05-19T00:00:00+00:00
[2023-05-19 17:00:17,596] {processor.py:161} INFO - Processing /Users/marianaoliveira/Downloads/alura1/venv/lib/python3.10/site-packages/airflow/example_dags/example_branch_operator.py took 0.231 seconds
[2023-05-19 17:04:10,747] {processor.py:153} INFO - Started process (PID=7291) to work on /Users/marianaoliveira/Downloads/alura1/venv/lib/python3.10/site-packages/airflow/example_dags/example_branch_operator.py
[2023-05-19 17:04:10,748] {processor.py:641} INFO - Processing file /Users/marianaoliveira/Downloads/alura1/venv/lib/python3.10/site-packages/airflow/example_dags/example_branch_operator.py for tasks to queue
[2023-05-19 17:04:10,759] {logging_mixin.py:115} INFO - [2023-05-19 17:04:10,758] {dagbag.py:507} INFO - Filling up the DagBag from /Users/marianaoliveira/Downloads/alura1/venv/lib/python3.10/site-packages/airflow/example_dags/example_branch_operator.py
[2023-05-19 17:04:10,900] {processor.py:651} INFO - DAG(s) dict_keys(['example_branch_operator']) retrieved from /Users/marianaoliveira/Downloads/alura1/venv/lib/python3.10/site-packages/airflow/example_dags/example_branch_operator.py
[2023-05-19 17:04:11,105] {logging_mixin.py:115} INFO - [2023-05-19 17:04:11,105] {dag.py:2379} INFO - Sync 1 DAGs
[2023-05-19 17:04:11,131] {logging_mixin.py:115} INFO - [2023-05-19 17:04:11,131] {dag.py:2927} INFO - Setting next_dagrun for example_branch_operator to 2023-05-18T00:00:00+00:00, run_after=2023-05-19T00:00:00+00:00
[2023-05-19 17:04:11,170] {processor.py:161} INFO - Processing /Users/marianaoliveira/Downloads/alura1/venv/lib/python3.10/site-packages/airflow/example_dags/example_branch_operator.py took 0.425 seconds
[2023-05-19 17:31:24,898] {processor.py:153} INFO - Started process (PID=7770) to work on /Users/marianaoliveira/Downloads/alura1/venv/lib/python3.10/site-packages/airflow/example_dags/example_branch_operator.py
[2023-05-19 17:31:24,900] {processor.py:641} INFO - Processing file /Users/marianaoliveira/Downloads/alura1/venv/lib/python3.10/site-packages/airflow/example_dags/example_branch_operator.py for tasks to queue
[2023-05-19 17:31:24,900] {logging_mixin.py:115} INFO - [2023-05-19 17:31:24,900] {dagbag.py:507} INFO - Filling up the DagBag from /Users/marianaoliveira/Downloads/alura1/venv/lib/python3.10/site-packages/airflow/example_dags/example_branch_operator.py
[2023-05-19 17:31:24,957] {processor.py:651} INFO - DAG(s) dict_keys(['example_branch_operator']) retrieved from /Users/marianaoliveira/Downloads/alura1/venv/lib/python3.10/site-packages/airflow/example_dags/example_branch_operator.py
[2023-05-19 17:31:25,075] {logging_mixin.py:115} INFO - [2023-05-19 17:31:25,075] {dag.py:2379} INFO - Sync 1 DAGs
[2023-05-19 17:31:25,101] {logging_mixin.py:115} INFO - [2023-05-19 17:31:25,101] {dag.py:2927} INFO - Setting next_dagrun for example_branch_operator to 2023-05-18T00:00:00+00:00, run_after=2023-05-19T00:00:00+00:00
[2023-05-19 17:31:25,125] {processor.py:161} INFO - Processing /Users/marianaoliveira/Downloads/alura1/venv/lib/python3.10/site-packages/airflow/example_dags/example_branch_operator.py took 0.229 seconds
[2023-05-19 17:36:40,208] {processor.py:153} INFO - Started process (PID=7886) to work on /Users/marianaoliveira/Downloads/alura1/venv/lib/python3.10/site-packages/airflow/example_dags/example_branch_operator.py
[2023-05-19 17:36:40,209] {processor.py:641} INFO - Processing file /Users/marianaoliveira/Downloads/alura1/venv/lib/python3.10/site-packages/airflow/example_dags/example_branch_operator.py for tasks to queue
[2023-05-19 17:36:40,209] {logging_mixin.py:115} INFO - [2023-05-19 17:36:40,209] {dagbag.py:507} INFO - Filling up the DagBag from /Users/marianaoliveira/Downloads/alura1/venv/lib/python3.10/site-packages/airflow/example_dags/example_branch_operator.py
[2023-05-19 17:36:40,281] {processor.py:651} INFO - DAG(s) dict_keys(['example_branch_operator']) retrieved from /Users/marianaoliveira/Downloads/alura1/venv/lib/python3.10/site-packages/airflow/example_dags/example_branch_operator.py
[2023-05-19 17:36:40,427] {logging_mixin.py:115} INFO - [2023-05-19 17:36:40,427] {dag.py:2379} INFO - Sync 1 DAGs
[2023-05-19 17:36:40,453] {logging_mixin.py:115} INFO - [2023-05-19 17:36:40,453] {dag.py:2927} INFO - Setting next_dagrun for example_branch_operator to 2023-05-18T00:00:00+00:00, run_after=2023-05-19T00:00:00+00:00
[2023-05-19 17:36:40,473] {processor.py:161} INFO - Processing /Users/marianaoliveira/Downloads/alura1/venv/lib/python3.10/site-packages/airflow/example_dags/example_branch_operator.py took 0.266 seconds
[2023-05-19 17:46:02,090] {processor.py:153} INFO - Started process (PID=8126) to work on /Users/marianaoliveira/Downloads/alura1/venv/lib/python3.10/site-packages/airflow/example_dags/example_branch_operator.py
[2023-05-19 17:46:02,091] {processor.py:641} INFO - Processing file /Users/marianaoliveira/Downloads/alura1/venv/lib/python3.10/site-packages/airflow/example_dags/example_branch_operator.py for tasks to queue
[2023-05-19 17:46:02,092] {logging_mixin.py:115} INFO - [2023-05-19 17:46:02,092] {dagbag.py:507} INFO - Filling up the DagBag from /Users/marianaoliveira/Downloads/alura1/venv/lib/python3.10/site-packages/airflow/example_dags/example_branch_operator.py
[2023-05-19 17:46:02,240] {processor.py:651} INFO - DAG(s) dict_keys(['example_branch_operator']) retrieved from /Users/marianaoliveira/Downloads/alura1/venv/lib/python3.10/site-packages/airflow/example_dags/example_branch_operator.py
[2023-05-19 17:46:02,383] {logging_mixin.py:115} INFO - [2023-05-19 17:46:02,383] {dag.py:2379} INFO - Sync 1 DAGs
[2023-05-19 17:46:02,424] {logging_mixin.py:115} INFO - [2023-05-19 17:46:02,424] {dag.py:2927} INFO - Setting next_dagrun for example_branch_operator to 2023-05-18T00:00:00+00:00, run_after=2023-05-19T00:00:00+00:00
[2023-05-19 17:46:02,444] {processor.py:161} INFO - Processing /Users/marianaoliveira/Downloads/alura1/venv/lib/python3.10/site-packages/airflow/example_dags/example_branch_operator.py took 0.356 seconds
[2023-05-19 17:49:21,770] {processor.py:153} INFO - Started process (PID=8210) to work on /Users/marianaoliveira/Downloads/alura1/venv/lib/python3.10/site-packages/airflow/example_dags/example_branch_operator.py
[2023-05-19 17:49:21,772] {processor.py:641} INFO - Processing file /Users/marianaoliveira/Downloads/alura1/venv/lib/python3.10/site-packages/airflow/example_dags/example_branch_operator.py for tasks to queue
[2023-05-19 17:49:21,772] {logging_mixin.py:115} INFO - [2023-05-19 17:49:21,772] {dagbag.py:507} INFO - Filling up the DagBag from /Users/marianaoliveira/Downloads/alura1/venv/lib/python3.10/site-packages/airflow/example_dags/example_branch_operator.py
[2023-05-19 17:49:21,827] {processor.py:651} INFO - DAG(s) dict_keys(['example_branch_operator']) retrieved from /Users/marianaoliveira/Downloads/alura1/venv/lib/python3.10/site-packages/airflow/example_dags/example_branch_operator.py
[2023-05-19 17:49:21,934] {logging_mixin.py:115} INFO - [2023-05-19 17:49:21,934] {dag.py:2379} INFO - Sync 1 DAGs
[2023-05-19 17:49:21,962] {logging_mixin.py:115} INFO - [2023-05-19 17:49:21,962] {dag.py:2927} INFO - Setting next_dagrun for example_branch_operator to 2023-05-18T00:00:00+00:00, run_after=2023-05-19T00:00:00+00:00
[2023-05-19 17:49:21,982] {processor.py:161} INFO - Processing /Users/marianaoliveira/Downloads/alura1/venv/lib/python3.10/site-packages/airflow/example_dags/example_branch_operator.py took 0.213 seconds
[2023-05-19 17:52:41,376] {processor.py:153} INFO - Started process (PID=8340) to work on /Users/marianaoliveira/Downloads/alura1/venv/lib/python3.10/site-packages/airflow/example_dags/example_branch_operator.py
[2023-05-19 17:52:41,377] {processor.py:641} INFO - Processing file /Users/marianaoliveira/Downloads/alura1/venv/lib/python3.10/site-packages/airflow/example_dags/example_branch_operator.py for tasks to queue
[2023-05-19 17:52:41,378] {logging_mixin.py:115} INFO - [2023-05-19 17:52:41,377] {dagbag.py:507} INFO - Filling up the DagBag from /Users/marianaoliveira/Downloads/alura1/venv/lib/python3.10/site-packages/airflow/example_dags/example_branch_operator.py
[2023-05-19 17:52:41,493] {processor.py:651} INFO - DAG(s) dict_keys(['example_branch_operator']) retrieved from /Users/marianaoliveira/Downloads/alura1/venv/lib/python3.10/site-packages/airflow/example_dags/example_branch_operator.py
[2023-05-19 17:52:41,893] {logging_mixin.py:115} INFO - [2023-05-19 17:52:41,893] {dag.py:2379} INFO - Sync 1 DAGs
[2023-05-19 17:52:41,932] {logging_mixin.py:115} INFO - [2023-05-19 17:52:41,932] {dag.py:2927} INFO - Setting next_dagrun for example_branch_operator to 2023-05-18T00:00:00+00:00, run_after=2023-05-19T00:00:00+00:00
[2023-05-19 17:52:41,961] {processor.py:161} INFO - Processing /Users/marianaoliveira/Downloads/alura1/venv/lib/python3.10/site-packages/airflow/example_dags/example_branch_operator.py took 0.587 seconds
[2023-05-19 17:56:14,122] {processor.py:153} INFO - Started process (PID=8535) to work on /Users/marianaoliveira/Downloads/alura1/venv/lib/python3.10/site-packages/airflow/example_dags/example_branch_operator.py
[2023-05-19 17:56:14,124] {processor.py:641} INFO - Processing file /Users/marianaoliveira/Downloads/alura1/venv/lib/python3.10/site-packages/airflow/example_dags/example_branch_operator.py for tasks to queue
[2023-05-19 17:56:14,124] {logging_mixin.py:115} INFO - [2023-05-19 17:56:14,124] {dagbag.py:507} INFO - Filling up the DagBag from /Users/marianaoliveira/Downloads/alura1/venv/lib/python3.10/site-packages/airflow/example_dags/example_branch_operator.py
[2023-05-19 17:56:14,190] {processor.py:651} INFO - DAG(s) dict_keys(['example_branch_operator']) retrieved from /Users/marianaoliveira/Downloads/alura1/venv/lib/python3.10/site-packages/airflow/example_dags/example_branch_operator.py
[2023-05-19 17:56:14,494] {logging_mixin.py:115} INFO - [2023-05-19 17:56:14,493] {dag.py:2379} INFO - Sync 1 DAGs
[2023-05-19 17:56:14,520] {logging_mixin.py:115} INFO - [2023-05-19 17:56:14,520] {dag.py:2927} INFO - Setting next_dagrun for example_branch_operator to 2023-05-18T00:00:00+00:00, run_after=2023-05-19T00:00:00+00:00
[2023-05-19 17:56:14,537] {processor.py:161} INFO - Processing /Users/marianaoliveira/Downloads/alura1/venv/lib/python3.10/site-packages/airflow/example_dags/example_branch_operator.py took 0.416 seconds
[2023-05-19 17:59:25,095] {processor.py:153} INFO - Started process (PID=8641) to work on /Users/marianaoliveira/Downloads/alura1/venv/lib/python3.10/site-packages/airflow/example_dags/example_branch_operator.py
[2023-05-19 17:59:25,097] {processor.py:641} INFO - Processing file /Users/marianaoliveira/Downloads/alura1/venv/lib/python3.10/site-packages/airflow/example_dags/example_branch_operator.py for tasks to queue
[2023-05-19 17:59:25,099] {logging_mixin.py:115} INFO - [2023-05-19 17:59:25,099] {dagbag.py:507} INFO - Filling up the DagBag from /Users/marianaoliveira/Downloads/alura1/venv/lib/python3.10/site-packages/airflow/example_dags/example_branch_operator.py
[2023-05-19 17:59:25,164] {processor.py:651} INFO - DAG(s) dict_keys(['example_branch_operator']) retrieved from /Users/marianaoliveira/Downloads/alura1/venv/lib/python3.10/site-packages/airflow/example_dags/example_branch_operator.py
[2023-05-19 17:59:25,300] {logging_mixin.py:115} INFO - [2023-05-19 17:59:25,299] {dag.py:2379} INFO - Sync 1 DAGs
[2023-05-19 17:59:25,331] {logging_mixin.py:115} INFO - [2023-05-19 17:59:25,331] {dag.py:2927} INFO - Setting next_dagrun for example_branch_operator to 2023-05-18T00:00:00+00:00, run_after=2023-05-19T00:00:00+00:00
[2023-05-19 17:59:25,357] {processor.py:161} INFO - Processing /Users/marianaoliveira/Downloads/alura1/venv/lib/python3.10/site-packages/airflow/example_dags/example_branch_operator.py took 0.262 seconds
[2023-05-19 18:15:59,202] {processor.py:153} INFO - Started process (PID=9250) to work on /Users/marianaoliveira/Downloads/alura1/venv/lib/python3.10/site-packages/airflow/example_dags/example_branch_operator.py
[2023-05-19 18:15:59,204] {processor.py:641} INFO - Processing file /Users/marianaoliveira/Downloads/alura1/venv/lib/python3.10/site-packages/airflow/example_dags/example_branch_operator.py for tasks to queue
[2023-05-19 18:15:59,204] {logging_mixin.py:115} INFO - [2023-05-19 18:15:59,204] {dagbag.py:507} INFO - Filling up the DagBag from /Users/marianaoliveira/Downloads/alura1/venv/lib/python3.10/site-packages/airflow/example_dags/example_branch_operator.py
[2023-05-19 18:15:59,260] {processor.py:651} INFO - DAG(s) dict_keys(['example_branch_operator']) retrieved from /Users/marianaoliveira/Downloads/alura1/venv/lib/python3.10/site-packages/airflow/example_dags/example_branch_operator.py
[2023-05-19 18:15:59,380] {logging_mixin.py:115} INFO - [2023-05-19 18:15:59,380] {dag.py:2379} INFO - Sync 1 DAGs
[2023-05-19 18:15:59,410] {logging_mixin.py:115} INFO - [2023-05-19 18:15:59,410] {dag.py:2927} INFO - Setting next_dagrun for example_branch_operator to 2023-05-18T00:00:00+00:00, run_after=2023-05-19T00:00:00+00:00
[2023-05-19 18:15:59,431] {processor.py:161} INFO - Processing /Users/marianaoliveira/Downloads/alura1/venv/lib/python3.10/site-packages/airflow/example_dags/example_branch_operator.py took 0.230 seconds
