[2023-05-19 15:12:02,641] {processor.py:153} INFO - Started process (PID=2795) to work on /Users/marianaoliveira/Downloads/alura1/venv/lib/python3.10/site-packages/airflow/example_dags/example_task_group.py
[2023-05-19 15:12:02,641] {processor.py:641} INFO - Processing file /Users/marianaoliveira/Downloads/alura1/venv/lib/python3.10/site-packages/airflow/example_dags/example_task_group.py for tasks to queue
[2023-05-19 15:12:02,643] {logging_mixin.py:115} INFO - [2023-05-19 15:12:02,642] {dagbag.py:507} INFO - Filling up the DagBag from /Users/marianaoliveira/Downloads/alura1/venv/lib/python3.10/site-packages/airflow/example_dags/example_task_group.py
[2023-05-19 15:12:02,704] {processor.py:651} INFO - DAG(s) dict_keys(['example_task_group']) retrieved from /Users/marianaoliveira/Downloads/alura1/venv/lib/python3.10/site-packages/airflow/example_dags/example_task_group.py
[2023-05-19 15:12:04,404] {logging_mixin.py:115} INFO - [2023-05-19 15:12:04,404] {manager.py:508} INFO - Created Permission View: can delete on DAG:example_task_group
[2023-05-19 15:12:04,428] {logging_mixin.py:115} INFO - [2023-05-19 15:12:04,428] {manager.py:508} INFO - Created Permission View: can edit on DAG:example_task_group
[2023-05-19 15:12:04,444] {logging_mixin.py:115} INFO - [2023-05-19 15:12:04,444] {manager.py:508} INFO - Created Permission View: can read on DAG:example_task_group
[2023-05-19 15:12:04,444] {logging_mixin.py:115} INFO - [2023-05-19 15:12:04,444] {dag.py:2379} INFO - Sync 1 DAGs
[2023-05-19 15:12:04,460] {logging_mixin.py:115} INFO - [2023-05-19 15:12:04,460] {dag.py:2398} INFO - Creating ORM DAG for example_task_group
[2023-05-19 15:12:04,485] {logging_mixin.py:115} INFO - [2023-05-19 15:12:04,485] {dag.py:2927} INFO - Setting next_dagrun for example_task_group to 2023-05-18T18:12:04.482291+00:00, run_after=2023-05-19T18:12:04.482291+00:00
[2023-05-19 15:12:04,508] {processor.py:161} INFO - Processing /Users/marianaoliveira/Downloads/alura1/venv/lib/python3.10/site-packages/airflow/example_dags/example_task_group.py took 1.869 seconds
[2023-05-19 15:13:50,787] {processor.py:153} INFO - Started process (PID=2878) to work on /Users/marianaoliveira/Downloads/alura1/venv/lib/python3.10/site-packages/airflow/example_dags/example_task_group.py
[2023-05-19 15:13:50,788] {processor.py:641} INFO - Processing file /Users/marianaoliveira/Downloads/alura1/venv/lib/python3.10/site-packages/airflow/example_dags/example_task_group.py for tasks to queue
[2023-05-19 15:13:50,788] {logging_mixin.py:115} INFO - [2023-05-19 15:13:50,788] {dagbag.py:507} INFO - Filling up the DagBag from /Users/marianaoliveira/Downloads/alura1/venv/lib/python3.10/site-packages/airflow/example_dags/example_task_group.py
[2023-05-19 15:13:50,805] {processor.py:651} INFO - DAG(s) dict_keys(['example_task_group']) retrieved from /Users/marianaoliveira/Downloads/alura1/venv/lib/python3.10/site-packages/airflow/example_dags/example_task_group.py
[2023-05-19 15:13:50,872] {logging_mixin.py:115} INFO - [2023-05-19 15:13:50,872] {dag.py:2379} INFO - Sync 1 DAGs
[2023-05-19 15:13:50,889] {logging_mixin.py:115} INFO - [2023-05-19 15:13:50,889] {dag.py:2927} INFO - Setting next_dagrun for example_task_group to 2023-05-18T18:13:50.889188+00:00, run_after=2023-05-19T18:13:50.889188+00:00
[2023-05-19 15:13:50,902] {processor.py:161} INFO - Processing /Users/marianaoliveira/Downloads/alura1/venv/lib/python3.10/site-packages/airflow/example_dags/example_task_group.py took 0.117 seconds
[2023-05-19 15:14:48,403] {processor.py:153} INFO - Started process (PID=2913) to work on /Users/marianaoliveira/Downloads/alura1/venv/lib/python3.10/site-packages/airflow/example_dags/example_task_group.py
[2023-05-19 15:14:48,403] {processor.py:641} INFO - Processing file /Users/marianaoliveira/Downloads/alura1/venv/lib/python3.10/site-packages/airflow/example_dags/example_task_group.py for tasks to queue
[2023-05-19 15:14:48,403] {logging_mixin.py:115} INFO - [2023-05-19 15:14:48,403] {dagbag.py:507} INFO - Filling up the DagBag from /Users/marianaoliveira/Downloads/alura1/venv/lib/python3.10/site-packages/airflow/example_dags/example_task_group.py
[2023-05-19 15:14:48,419] {processor.py:651} INFO - DAG(s) dict_keys(['example_task_group']) retrieved from /Users/marianaoliveira/Downloads/alura1/venv/lib/python3.10/site-packages/airflow/example_dags/example_task_group.py
[2023-05-19 15:14:48,494] {logging_mixin.py:115} INFO - [2023-05-19 15:14:48,494] {dag.py:2379} INFO - Sync 1 DAGs
[2023-05-19 15:14:48,511] {logging_mixin.py:115} INFO - [2023-05-19 15:14:48,511] {dag.py:2927} INFO - Setting next_dagrun for example_task_group to 2023-05-18T18:14:48.511303+00:00, run_after=2023-05-19T18:14:48.511303+00:00
[2023-05-19 15:14:48,523] {processor.py:161} INFO - Processing /Users/marianaoliveira/Downloads/alura1/venv/lib/python3.10/site-packages/airflow/example_dags/example_task_group.py took 0.122 seconds
[2023-05-19 15:17:12,004] {processor.py:153} INFO - Started process (PID=3008) to work on /Users/marianaoliveira/Downloads/alura1/venv/lib/python3.10/site-packages/airflow/example_dags/example_task_group.py
[2023-05-19 15:17:12,006] {processor.py:641} INFO - Processing file /Users/marianaoliveira/Downloads/alura1/venv/lib/python3.10/site-packages/airflow/example_dags/example_task_group.py for tasks to queue
[2023-05-19 15:17:12,007] {logging_mixin.py:115} INFO - [2023-05-19 15:17:12,007] {dagbag.py:507} INFO - Filling up the DagBag from /Users/marianaoliveira/Downloads/alura1/venv/lib/python3.10/site-packages/airflow/example_dags/example_task_group.py
[2023-05-19 15:17:12,037] {processor.py:651} INFO - DAG(s) dict_keys(['example_task_group']) retrieved from /Users/marianaoliveira/Downloads/alura1/venv/lib/python3.10/site-packages/airflow/example_dags/example_task_group.py
[2023-05-19 15:17:12,211] {logging_mixin.py:115} INFO - [2023-05-19 15:17:12,211] {dag.py:2379} INFO - Sync 1 DAGs
[2023-05-19 15:17:12,438] {logging_mixin.py:115} INFO - [2023-05-19 15:17:12,438] {dag.py:2927} INFO - Setting next_dagrun for example_task_group to 2023-05-18T18:17:12.437498+00:00, run_after=2023-05-19T18:17:12.437498+00:00
[2023-05-19 15:17:12,483] {processor.py:161} INFO - Processing /Users/marianaoliveira/Downloads/alura1/venv/lib/python3.10/site-packages/airflow/example_dags/example_task_group.py took 0.479 seconds
[2023-05-19 15:18:31,028] {processor.py:153} INFO - Started process (PID=3068) to work on /Users/marianaoliveira/Downloads/alura1/venv/lib/python3.10/site-packages/airflow/example_dags/example_task_group.py
[2023-05-19 15:18:31,030] {processor.py:641} INFO - Processing file /Users/marianaoliveira/Downloads/alura1/venv/lib/python3.10/site-packages/airflow/example_dags/example_task_group.py for tasks to queue
[2023-05-19 15:18:31,030] {logging_mixin.py:115} INFO - [2023-05-19 15:18:31,030] {dagbag.py:507} INFO - Filling up the DagBag from /Users/marianaoliveira/Downloads/alura1/venv/lib/python3.10/site-packages/airflow/example_dags/example_task_group.py
[2023-05-19 15:18:31,048] {processor.py:651} INFO - DAG(s) dict_keys(['example_task_group']) retrieved from /Users/marianaoliveira/Downloads/alura1/venv/lib/python3.10/site-packages/airflow/example_dags/example_task_group.py
[2023-05-19 15:18:31,123] {logging_mixin.py:115} INFO - [2023-05-19 15:18:31,123] {dag.py:2379} INFO - Sync 1 DAGs
[2023-05-19 15:18:31,153] {logging_mixin.py:115} INFO - [2023-05-19 15:18:31,153] {dag.py:2927} INFO - Setting next_dagrun for example_task_group to 2023-05-18T18:18:31.153261+00:00, run_after=2023-05-19T18:18:31.153261+00:00
[2023-05-19 15:18:31,167] {processor.py:161} INFO - Processing /Users/marianaoliveira/Downloads/alura1/venv/lib/python3.10/site-packages/airflow/example_dags/example_task_group.py took 0.140 seconds
[2023-05-19 15:19:36,831] {processor.py:153} INFO - Started process (PID=3105) to work on /Users/marianaoliveira/Downloads/alura1/venv/lib/python3.10/site-packages/airflow/example_dags/example_task_group.py
[2023-05-19 15:19:36,832] {processor.py:641} INFO - Processing file /Users/marianaoliveira/Downloads/alura1/venv/lib/python3.10/site-packages/airflow/example_dags/example_task_group.py for tasks to queue
[2023-05-19 15:19:36,834] {logging_mixin.py:115} INFO - [2023-05-19 15:19:36,834] {dagbag.py:507} INFO - Filling up the DagBag from /Users/marianaoliveira/Downloads/alura1/venv/lib/python3.10/site-packages/airflow/example_dags/example_task_group.py
[2023-05-19 15:19:36,856] {processor.py:651} INFO - DAG(s) dict_keys(['example_task_group']) retrieved from /Users/marianaoliveira/Downloads/alura1/venv/lib/python3.10/site-packages/airflow/example_dags/example_task_group.py
[2023-05-19 15:19:36,943] {logging_mixin.py:115} INFO - [2023-05-19 15:19:36,942] {dag.py:2379} INFO - Sync 1 DAGs
[2023-05-19 15:19:36,961] {logging_mixin.py:115} INFO - [2023-05-19 15:19:36,961] {dag.py:2927} INFO - Setting next_dagrun for example_task_group to 2023-05-18T18:19:36.960989+00:00, run_after=2023-05-19T18:19:36.960989+00:00
[2023-05-19 15:19:36,974] {processor.py:161} INFO - Processing /Users/marianaoliveira/Downloads/alura1/venv/lib/python3.10/site-packages/airflow/example_dags/example_task_group.py took 0.145 seconds
[2023-05-19 15:21:24,813] {processor.py:153} INFO - Started process (PID=3160) to work on /Users/marianaoliveira/Downloads/alura1/venv/lib/python3.10/site-packages/airflow/example_dags/example_task_group.py
[2023-05-19 15:21:24,814] {processor.py:641} INFO - Processing file /Users/marianaoliveira/Downloads/alura1/venv/lib/python3.10/site-packages/airflow/example_dags/example_task_group.py for tasks to queue
[2023-05-19 15:21:24,815] {logging_mixin.py:115} INFO - [2023-05-19 15:21:24,814] {dagbag.py:507} INFO - Filling up the DagBag from /Users/marianaoliveira/Downloads/alura1/venv/lib/python3.10/site-packages/airflow/example_dags/example_task_group.py
[2023-05-19 15:21:24,829] {processor.py:651} INFO - DAG(s) dict_keys(['example_task_group']) retrieved from /Users/marianaoliveira/Downloads/alura1/venv/lib/python3.10/site-packages/airflow/example_dags/example_task_group.py
[2023-05-19 15:21:24,900] {logging_mixin.py:115} INFO - [2023-05-19 15:21:24,900] {dag.py:2379} INFO - Sync 1 DAGs
[2023-05-19 15:21:24,916] {logging_mixin.py:115} INFO - [2023-05-19 15:21:24,916] {dag.py:2927} INFO - Setting next_dagrun for example_task_group to 2023-05-18T18:21:24.916509+00:00, run_after=2023-05-19T18:21:24.916509+00:00
[2023-05-19 15:21:24,928] {processor.py:161} INFO - Processing /Users/marianaoliveira/Downloads/alura1/venv/lib/python3.10/site-packages/airflow/example_dags/example_task_group.py took 0.116 seconds
[2023-05-19 15:23:00,683] {processor.py:153} INFO - Started process (PID=3209) to work on /Users/marianaoliveira/Downloads/alura1/venv/lib/python3.10/site-packages/airflow/example_dags/example_task_group.py
[2023-05-19 15:23:00,684] {processor.py:641} INFO - Processing file /Users/marianaoliveira/Downloads/alura1/venv/lib/python3.10/site-packages/airflow/example_dags/example_task_group.py for tasks to queue
[2023-05-19 15:23:00,685] {logging_mixin.py:115} INFO - [2023-05-19 15:23:00,684] {dagbag.py:507} INFO - Filling up the DagBag from /Users/marianaoliveira/Downloads/alura1/venv/lib/python3.10/site-packages/airflow/example_dags/example_task_group.py
[2023-05-19 15:23:00,703] {processor.py:651} INFO - DAG(s) dict_keys(['example_task_group']) retrieved from /Users/marianaoliveira/Downloads/alura1/venv/lib/python3.10/site-packages/airflow/example_dags/example_task_group.py
[2023-05-19 15:23:00,772] {logging_mixin.py:115} INFO - [2023-05-19 15:23:00,772] {dag.py:2379} INFO - Sync 1 DAGs
[2023-05-19 15:23:00,788] {logging_mixin.py:115} INFO - [2023-05-19 15:23:00,787] {dag.py:2927} INFO - Setting next_dagrun for example_task_group to 2023-05-18T18:23:00.787829+00:00, run_after=2023-05-19T18:23:00.787829+00:00
[2023-05-19 15:23:00,799] {processor.py:161} INFO - Processing /Users/marianaoliveira/Downloads/alura1/venv/lib/python3.10/site-packages/airflow/example_dags/example_task_group.py took 0.118 seconds
[2023-05-19 15:24:53,126] {processor.py:153} INFO - Started process (PID=3270) to work on /Users/marianaoliveira/Downloads/alura1/venv/lib/python3.10/site-packages/airflow/example_dags/example_task_group.py
[2023-05-19 15:24:53,127] {processor.py:641} INFO - Processing file /Users/marianaoliveira/Downloads/alura1/venv/lib/python3.10/site-packages/airflow/example_dags/example_task_group.py for tasks to queue
[2023-05-19 15:24:53,128] {logging_mixin.py:115} INFO - [2023-05-19 15:24:53,128] {dagbag.py:507} INFO - Filling up the DagBag from /Users/marianaoliveira/Downloads/alura1/venv/lib/python3.10/site-packages/airflow/example_dags/example_task_group.py
[2023-05-19 15:24:53,158] {processor.py:651} INFO - DAG(s) dict_keys(['example_task_group']) retrieved from /Users/marianaoliveira/Downloads/alura1/venv/lib/python3.10/site-packages/airflow/example_dags/example_task_group.py
[2023-05-19 15:24:53,284] {logging_mixin.py:115} INFO - [2023-05-19 15:24:53,283] {dag.py:2379} INFO - Sync 1 DAGs
[2023-05-19 15:24:53,306] {logging_mixin.py:115} INFO - [2023-05-19 15:24:53,306] {dag.py:2927} INFO - Setting next_dagrun for example_task_group to 2023-05-18T18:24:53.305888+00:00, run_after=2023-05-19T18:24:53.305888+00:00
[2023-05-19 15:24:53,326] {processor.py:161} INFO - Processing /Users/marianaoliveira/Downloads/alura1/venv/lib/python3.10/site-packages/airflow/example_dags/example_task_group.py took 0.200 seconds
[2023-05-19 15:26:24,220] {processor.py:153} INFO - Started process (PID=3342) to work on /Users/marianaoliveira/Downloads/alura1/venv/lib/python3.10/site-packages/airflow/example_dags/example_task_group.py
[2023-05-19 15:26:24,220] {processor.py:641} INFO - Processing file /Users/marianaoliveira/Downloads/alura1/venv/lib/python3.10/site-packages/airflow/example_dags/example_task_group.py for tasks to queue
[2023-05-19 15:26:24,221] {logging_mixin.py:115} INFO - [2023-05-19 15:26:24,221] {dagbag.py:507} INFO - Filling up the DagBag from /Users/marianaoliveira/Downloads/alura1/venv/lib/python3.10/site-packages/airflow/example_dags/example_task_group.py
[2023-05-19 15:26:24,245] {processor.py:651} INFO - DAG(s) dict_keys(['example_task_group']) retrieved from /Users/marianaoliveira/Downloads/alura1/venv/lib/python3.10/site-packages/airflow/example_dags/example_task_group.py
[2023-05-19 15:26:24,345] {logging_mixin.py:115} INFO - [2023-05-19 15:26:24,345] {dag.py:2379} INFO - Sync 1 DAGs
[2023-05-19 15:26:24,366] {logging_mixin.py:115} INFO - [2023-05-19 15:26:24,366] {dag.py:2927} INFO - Setting next_dagrun for example_task_group to 2023-05-18T18:26:24.365626+00:00, run_after=2023-05-19T18:26:24.365626+00:00
[2023-05-19 15:26:24,384] {processor.py:161} INFO - Processing /Users/marianaoliveira/Downloads/alura1/venv/lib/python3.10/site-packages/airflow/example_dags/example_task_group.py took 0.165 seconds
[2023-05-19 15:27:37,901] {processor.py:153} INFO - Started process (PID=3381) to work on /Users/marianaoliveira/Downloads/alura1/venv/lib/python3.10/site-packages/airflow/example_dags/example_task_group.py
[2023-05-19 15:27:37,902] {processor.py:641} INFO - Processing file /Users/marianaoliveira/Downloads/alura1/venv/lib/python3.10/site-packages/airflow/example_dags/example_task_group.py for tasks to queue
[2023-05-19 15:27:37,902] {logging_mixin.py:115} INFO - [2023-05-19 15:27:37,902] {dagbag.py:507} INFO - Filling up the DagBag from /Users/marianaoliveira/Downloads/alura1/venv/lib/python3.10/site-packages/airflow/example_dags/example_task_group.py
[2023-05-19 15:27:37,935] {processor.py:651} INFO - DAG(s) dict_keys(['example_task_group']) retrieved from /Users/marianaoliveira/Downloads/alura1/venv/lib/python3.10/site-packages/airflow/example_dags/example_task_group.py
[2023-05-19 15:27:38,024] {logging_mixin.py:115} INFO - [2023-05-19 15:27:38,024] {dag.py:2379} INFO - Sync 1 DAGs
[2023-05-19 15:27:38,046] {logging_mixin.py:115} INFO - [2023-05-19 15:27:38,046] {dag.py:2927} INFO - Setting next_dagrun for example_task_group to 2023-05-18T18:27:38.046076+00:00, run_after=2023-05-19T18:27:38.046076+00:00
[2023-05-19 15:27:38,060] {processor.py:161} INFO - Processing /Users/marianaoliveira/Downloads/alura1/venv/lib/python3.10/site-packages/airflow/example_dags/example_task_group.py took 0.160 seconds
[2023-05-19 15:29:54,630] {processor.py:153} INFO - Started process (PID=3466) to work on /Users/marianaoliveira/Downloads/alura1/venv/lib/python3.10/site-packages/airflow/example_dags/example_task_group.py
[2023-05-19 15:29:54,631] {processor.py:641} INFO - Processing file /Users/marianaoliveira/Downloads/alura1/venv/lib/python3.10/site-packages/airflow/example_dags/example_task_group.py for tasks to queue
[2023-05-19 15:29:54,632] {logging_mixin.py:115} INFO - [2023-05-19 15:29:54,632] {dagbag.py:507} INFO - Filling up the DagBag from /Users/marianaoliveira/Downloads/alura1/venv/lib/python3.10/site-packages/airflow/example_dags/example_task_group.py
[2023-05-19 15:29:54,668] {processor.py:651} INFO - DAG(s) dict_keys(['example_task_group']) retrieved from /Users/marianaoliveira/Downloads/alura1/venv/lib/python3.10/site-packages/airflow/example_dags/example_task_group.py
[2023-05-19 15:29:54,776] {logging_mixin.py:115} INFO - [2023-05-19 15:29:54,776] {dag.py:2379} INFO - Sync 1 DAGs
[2023-05-19 15:29:54,800] {logging_mixin.py:115} INFO - [2023-05-19 15:29:54,800] {dag.py:2927} INFO - Setting next_dagrun for example_task_group to 2023-05-18T18:29:54.800232+00:00, run_after=2023-05-19T18:29:54.800232+00:00
[2023-05-19 15:29:54,814] {processor.py:161} INFO - Processing /Users/marianaoliveira/Downloads/alura1/venv/lib/python3.10/site-packages/airflow/example_dags/example_task_group.py took 0.186 seconds
[2023-05-19 16:29:15,747] {processor.py:153} INFO - Started process (PID=6060) to work on /Users/marianaoliveira/Downloads/alura1/venv/lib/python3.10/site-packages/airflow/example_dags/example_task_group.py
[2023-05-19 16:29:15,749] {processor.py:641} INFO - Processing file /Users/marianaoliveira/Downloads/alura1/venv/lib/python3.10/site-packages/airflow/example_dags/example_task_group.py for tasks to queue
[2023-05-19 16:29:15,750] {logging_mixin.py:115} INFO - [2023-05-19 16:29:15,750] {dagbag.py:507} INFO - Filling up the DagBag from /Users/marianaoliveira/Downloads/alura1/venv/lib/python3.10/site-packages/airflow/example_dags/example_task_group.py
[2023-05-19 16:29:15,780] {processor.py:651} INFO - DAG(s) dict_keys(['example_task_group']) retrieved from /Users/marianaoliveira/Downloads/alura1/venv/lib/python3.10/site-packages/airflow/example_dags/example_task_group.py
[2023-05-19 16:29:15,895] {logging_mixin.py:115} INFO - [2023-05-19 16:29:15,895] {dag.py:2379} INFO - Sync 1 DAGs
[2023-05-19 16:29:15,916] {logging_mixin.py:115} INFO - [2023-05-19 16:29:15,916] {dag.py:2927} INFO - Setting next_dagrun for example_task_group to 2023-05-18T19:29:15.915821+00:00, run_after=2023-05-19T19:29:15.915821+00:00
[2023-05-19 16:29:15,933] {processor.py:161} INFO - Processing /Users/marianaoliveira/Downloads/alura1/venv/lib/python3.10/site-packages/airflow/example_dags/example_task_group.py took 0.187 seconds
[2023-05-19 16:31:38,869] {processor.py:153} INFO - Started process (PID=6131) to work on /Users/marianaoliveira/Downloads/alura1/venv/lib/python3.10/site-packages/airflow/example_dags/example_task_group.py
[2023-05-19 16:31:38,870] {processor.py:641} INFO - Processing file /Users/marianaoliveira/Downloads/alura1/venv/lib/python3.10/site-packages/airflow/example_dags/example_task_group.py for tasks to queue
[2023-05-19 16:31:38,870] {logging_mixin.py:115} INFO - [2023-05-19 16:31:38,870] {dagbag.py:507} INFO - Filling up the DagBag from /Users/marianaoliveira/Downloads/alura1/venv/lib/python3.10/site-packages/airflow/example_dags/example_task_group.py
[2023-05-19 16:31:38,914] {processor.py:651} INFO - DAG(s) dict_keys(['example_task_group']) retrieved from /Users/marianaoliveira/Downloads/alura1/venv/lib/python3.10/site-packages/airflow/example_dags/example_task_group.py
[2023-05-19 16:31:39,156] {logging_mixin.py:115} INFO - [2023-05-19 16:31:39,155] {dag.py:2379} INFO - Sync 1 DAGs
[2023-05-19 16:31:39,256] {logging_mixin.py:115} INFO - [2023-05-19 16:31:39,256] {dag.py:2927} INFO - Setting next_dagrun for example_task_group to 2023-05-18T19:31:39.256004+00:00, run_after=2023-05-19T19:31:39.256004+00:00
[2023-05-19 16:31:39,284] {processor.py:161} INFO - Processing /Users/marianaoliveira/Downloads/alura1/venv/lib/python3.10/site-packages/airflow/example_dags/example_task_group.py took 0.416 seconds
[2023-05-19 16:33:37,879] {processor.py:153} INFO - Started process (PID=6212) to work on /Users/marianaoliveira/Downloads/alura1/venv/lib/python3.10/site-packages/airflow/example_dags/example_task_group.py
[2023-05-19 16:33:37,880] {processor.py:641} INFO - Processing file /Users/marianaoliveira/Downloads/alura1/venv/lib/python3.10/site-packages/airflow/example_dags/example_task_group.py for tasks to queue
[2023-05-19 16:33:37,881] {logging_mixin.py:115} INFO - [2023-05-19 16:33:37,881] {dagbag.py:507} INFO - Filling up the DagBag from /Users/marianaoliveira/Downloads/alura1/venv/lib/python3.10/site-packages/airflow/example_dags/example_task_group.py
[2023-05-19 16:33:37,933] {processor.py:651} INFO - DAG(s) dict_keys(['example_task_group']) retrieved from /Users/marianaoliveira/Downloads/alura1/venv/lib/python3.10/site-packages/airflow/example_dags/example_task_group.py
[2023-05-19 16:33:38,073] {logging_mixin.py:115} INFO - [2023-05-19 16:33:38,073] {dag.py:2379} INFO - Sync 1 DAGs
[2023-05-19 16:33:38,108] {logging_mixin.py:115} INFO - [2023-05-19 16:33:38,108] {dag.py:2927} INFO - Setting next_dagrun for example_task_group to 2023-05-18T19:33:38.108060+00:00, run_after=2023-05-19T19:33:38.108060+00:00
[2023-05-19 16:33:38,126] {processor.py:161} INFO - Processing /Users/marianaoliveira/Downloads/alura1/venv/lib/python3.10/site-packages/airflow/example_dags/example_task_group.py took 0.251 seconds
[2023-05-19 16:36:22,455] {processor.py:153} INFO - Started process (PID=6300) to work on /Users/marianaoliveira/Downloads/alura1/venv/lib/python3.10/site-packages/airflow/example_dags/example_task_group.py
[2023-05-19 16:36:22,456] {processor.py:641} INFO - Processing file /Users/marianaoliveira/Downloads/alura1/venv/lib/python3.10/site-packages/airflow/example_dags/example_task_group.py for tasks to queue
[2023-05-19 16:36:22,456] {logging_mixin.py:115} INFO - [2023-05-19 16:36:22,456] {dagbag.py:507} INFO - Filling up the DagBag from /Users/marianaoliveira/Downloads/alura1/venv/lib/python3.10/site-packages/airflow/example_dags/example_task_group.py
[2023-05-19 16:36:22,479] {processor.py:651} INFO - DAG(s) dict_keys(['example_task_group']) retrieved from /Users/marianaoliveira/Downloads/alura1/venv/lib/python3.10/site-packages/airflow/example_dags/example_task_group.py
[2023-05-19 16:36:22,580] {logging_mixin.py:115} INFO - [2023-05-19 16:36:22,579] {dag.py:2379} INFO - Sync 1 DAGs
[2023-05-19 16:36:22,612] {logging_mixin.py:115} INFO - [2023-05-19 16:36:22,611] {dag.py:2927} INFO - Setting next_dagrun for example_task_group to 2023-05-18T19:36:22.611661+00:00, run_after=2023-05-19T19:36:22.611661+00:00
[2023-05-19 16:36:22,630] {processor.py:161} INFO - Processing /Users/marianaoliveira/Downloads/alura1/venv/lib/python3.10/site-packages/airflow/example_dags/example_task_group.py took 0.176 seconds
[2023-05-19 16:39:08,103] {processor.py:153} INFO - Started process (PID=6417) to work on /Users/marianaoliveira/Downloads/alura1/venv/lib/python3.10/site-packages/airflow/example_dags/example_task_group.py
[2023-05-19 16:39:08,105] {processor.py:641} INFO - Processing file /Users/marianaoliveira/Downloads/alura1/venv/lib/python3.10/site-packages/airflow/example_dags/example_task_group.py for tasks to queue
[2023-05-19 16:39:08,105] {logging_mixin.py:115} INFO - [2023-05-19 16:39:08,105] {dagbag.py:507} INFO - Filling up the DagBag from /Users/marianaoliveira/Downloads/alura1/venv/lib/python3.10/site-packages/airflow/example_dags/example_task_group.py
[2023-05-19 16:39:08,158] {processor.py:651} INFO - DAG(s) dict_keys(['example_task_group']) retrieved from /Users/marianaoliveira/Downloads/alura1/venv/lib/python3.10/site-packages/airflow/example_dags/example_task_group.py
[2023-05-19 16:39:08,356] {logging_mixin.py:115} INFO - [2023-05-19 16:39:08,356] {dag.py:2379} INFO - Sync 1 DAGs
[2023-05-19 16:39:08,385] {logging_mixin.py:115} INFO - [2023-05-19 16:39:08,384] {dag.py:2927} INFO - Setting next_dagrun for example_task_group to 2023-05-18T19:39:08.384557+00:00, run_after=2023-05-19T19:39:08.384557+00:00
[2023-05-19 16:39:08,406] {processor.py:161} INFO - Processing /Users/marianaoliveira/Downloads/alura1/venv/lib/python3.10/site-packages/airflow/example_dags/example_task_group.py took 0.304 seconds
[2023-05-19 16:41:42,507] {processor.py:153} INFO - Started process (PID=6529) to work on /Users/marianaoliveira/Downloads/alura1/venv/lib/python3.10/site-packages/airflow/example_dags/example_task_group.py
[2023-05-19 16:41:42,512] {processor.py:641} INFO - Processing file /Users/marianaoliveira/Downloads/alura1/venv/lib/python3.10/site-packages/airflow/example_dags/example_task_group.py for tasks to queue
[2023-05-19 16:41:42,520] {logging_mixin.py:115} INFO - [2023-05-19 16:41:42,519] {dagbag.py:507} INFO - Filling up the DagBag from /Users/marianaoliveira/Downloads/alura1/venv/lib/python3.10/site-packages/airflow/example_dags/example_task_group.py
[2023-05-19 16:41:42,590] {processor.py:651} INFO - DAG(s) dict_keys(['example_task_group']) retrieved from /Users/marianaoliveira/Downloads/alura1/venv/lib/python3.10/site-packages/airflow/example_dags/example_task_group.py
[2023-05-19 16:41:42,859] {logging_mixin.py:115} INFO - [2023-05-19 16:41:42,859] {dag.py:2379} INFO - Sync 1 DAGs
[2023-05-19 16:41:42,907] {logging_mixin.py:115} INFO - [2023-05-19 16:41:42,906] {dag.py:2927} INFO - Setting next_dagrun for example_task_group to 2023-05-18T19:41:42.906517+00:00, run_after=2023-05-19T19:41:42.906517+00:00
[2023-05-19 16:41:42,937] {processor.py:161} INFO - Processing /Users/marianaoliveira/Downloads/alura1/venv/lib/python3.10/site-packages/airflow/example_dags/example_task_group.py took 0.431 seconds
[2023-05-19 16:51:18,127] {processor.py:153} INFO - Started process (PID=6708) to work on /Users/marianaoliveira/Downloads/alura1/venv/lib/python3.10/site-packages/airflow/example_dags/example_task_group.py
[2023-05-19 16:51:18,129] {processor.py:641} INFO - Processing file /Users/marianaoliveira/Downloads/alura1/venv/lib/python3.10/site-packages/airflow/example_dags/example_task_group.py for tasks to queue
[2023-05-19 16:51:18,129] {logging_mixin.py:115} INFO - [2023-05-19 16:51:18,129] {dagbag.py:507} INFO - Filling up the DagBag from /Users/marianaoliveira/Downloads/alura1/venv/lib/python3.10/site-packages/airflow/example_dags/example_task_group.py
[2023-05-19 16:51:18,196] {processor.py:651} INFO - DAG(s) dict_keys(['example_task_group']) retrieved from /Users/marianaoliveira/Downloads/alura1/venv/lib/python3.10/site-packages/airflow/example_dags/example_task_group.py
[2023-05-19 16:51:18,498] {logging_mixin.py:115} INFO - [2023-05-19 16:51:18,497] {dag.py:2379} INFO - Sync 1 DAGs
[2023-05-19 16:51:18,596] {logging_mixin.py:115} INFO - [2023-05-19 16:51:18,596] {dag.py:2927} INFO - Setting next_dagrun for example_task_group to 2023-05-18T19:51:18.596005+00:00, run_after=2023-05-19T19:51:18.596005+00:00
[2023-05-19 16:51:18,640] {processor.py:161} INFO - Processing /Users/marianaoliveira/Downloads/alura1/venv/lib/python3.10/site-packages/airflow/example_dags/example_task_group.py took 0.514 seconds
[2023-05-19 16:54:08,855] {processor.py:153} INFO - Started process (PID=6863) to work on /Users/marianaoliveira/Downloads/alura1/venv/lib/python3.10/site-packages/airflow/example_dags/example_task_group.py
[2023-05-19 16:54:08,856] {processor.py:641} INFO - Processing file /Users/marianaoliveira/Downloads/alura1/venv/lib/python3.10/site-packages/airflow/example_dags/example_task_group.py for tasks to queue
[2023-05-19 16:54:08,859] {logging_mixin.py:115} INFO - [2023-05-19 16:54:08,859] {dagbag.py:507} INFO - Filling up the DagBag from /Users/marianaoliveira/Downloads/alura1/venv/lib/python3.10/site-packages/airflow/example_dags/example_task_group.py
[2023-05-19 16:54:08,882] {processor.py:651} INFO - DAG(s) dict_keys(['example_task_group']) retrieved from /Users/marianaoliveira/Downloads/alura1/venv/lib/python3.10/site-packages/airflow/example_dags/example_task_group.py
[2023-05-19 16:54:09,018] {logging_mixin.py:115} INFO - [2023-05-19 16:54:09,018] {dag.py:2379} INFO - Sync 1 DAGs
[2023-05-19 16:54:09,043] {logging_mixin.py:115} INFO - [2023-05-19 16:54:09,043] {dag.py:2927} INFO - Setting next_dagrun for example_task_group to 2023-05-18T19:54:09.042973+00:00, run_after=2023-05-19T19:54:09.042973+00:00
[2023-05-19 16:54:09,059] {processor.py:161} INFO - Processing /Users/marianaoliveira/Downloads/alura1/venv/lib/python3.10/site-packages/airflow/example_dags/example_task_group.py took 0.206 seconds
[2023-05-19 16:56:45,208] {processor.py:153} INFO - Started process (PID=7020) to work on /Users/marianaoliveira/Downloads/alura1/venv/lib/python3.10/site-packages/airflow/example_dags/example_task_group.py
[2023-05-19 16:56:45,209] {processor.py:641} INFO - Processing file /Users/marianaoliveira/Downloads/alura1/venv/lib/python3.10/site-packages/airflow/example_dags/example_task_group.py for tasks to queue
[2023-05-19 16:56:45,209] {logging_mixin.py:115} INFO - [2023-05-19 16:56:45,209] {dagbag.py:507} INFO - Filling up the DagBag from /Users/marianaoliveira/Downloads/alura1/venv/lib/python3.10/site-packages/airflow/example_dags/example_task_group.py
[2023-05-19 16:56:45,235] {processor.py:651} INFO - DAG(s) dict_keys(['example_task_group']) retrieved from /Users/marianaoliveira/Downloads/alura1/venv/lib/python3.10/site-packages/airflow/example_dags/example_task_group.py
[2023-05-19 16:56:45,354] {logging_mixin.py:115} INFO - [2023-05-19 16:56:45,353] {dag.py:2379} INFO - Sync 1 DAGs
[2023-05-19 16:56:45,399] {logging_mixin.py:115} INFO - [2023-05-19 16:56:45,399] {dag.py:2927} INFO - Setting next_dagrun for example_task_group to 2023-05-18T19:56:45.399004+00:00, run_after=2023-05-19T19:56:45.399004+00:00
[2023-05-19 16:56:45,442] {processor.py:161} INFO - Processing /Users/marianaoliveira/Downloads/alura1/venv/lib/python3.10/site-packages/airflow/example_dags/example_task_group.py took 0.235 seconds
[2023-05-19 16:58:26,427] {processor.py:153} INFO - Started process (PID=7064) to work on /Users/marianaoliveira/Downloads/alura1/venv/lib/python3.10/site-packages/airflow/example_dags/example_task_group.py
[2023-05-19 16:58:26,429] {processor.py:641} INFO - Processing file /Users/marianaoliveira/Downloads/alura1/venv/lib/python3.10/site-packages/airflow/example_dags/example_task_group.py for tasks to queue
[2023-05-19 16:58:26,429] {logging_mixin.py:115} INFO - [2023-05-19 16:58:26,429] {dagbag.py:507} INFO - Filling up the DagBag from /Users/marianaoliveira/Downloads/alura1/venv/lib/python3.10/site-packages/airflow/example_dags/example_task_group.py
[2023-05-19 16:58:26,459] {processor.py:651} INFO - DAG(s) dict_keys(['example_task_group']) retrieved from /Users/marianaoliveira/Downloads/alura1/venv/lib/python3.10/site-packages/airflow/example_dags/example_task_group.py
[2023-05-19 16:58:26,571] {logging_mixin.py:115} INFO - [2023-05-19 16:58:26,571] {dag.py:2379} INFO - Sync 1 DAGs
[2023-05-19 16:58:26,598] {logging_mixin.py:115} INFO - [2023-05-19 16:58:26,598] {dag.py:2927} INFO - Setting next_dagrun for example_task_group to 2023-05-18T19:58:26.597882+00:00, run_after=2023-05-19T19:58:26.597882+00:00
[2023-05-19 16:58:26,616] {processor.py:161} INFO - Processing /Users/marianaoliveira/Downloads/alura1/venv/lib/python3.10/site-packages/airflow/example_dags/example_task_group.py took 0.190 seconds
[2023-05-19 16:59:51,028] {processor.py:153} INFO - Started process (PID=7099) to work on /Users/marianaoliveira/Downloads/alura1/venv/lib/python3.10/site-packages/airflow/example_dags/example_task_group.py
[2023-05-19 16:59:51,029] {processor.py:641} INFO - Processing file /Users/marianaoliveira/Downloads/alura1/venv/lib/python3.10/site-packages/airflow/example_dags/example_task_group.py for tasks to queue
[2023-05-19 16:59:51,030] {logging_mixin.py:115} INFO - [2023-05-19 16:59:51,030] {dagbag.py:507} INFO - Filling up the DagBag from /Users/marianaoliveira/Downloads/alura1/venv/lib/python3.10/site-packages/airflow/example_dags/example_task_group.py
[2023-05-19 16:59:51,074] {processor.py:651} INFO - DAG(s) dict_keys(['example_task_group']) retrieved from /Users/marianaoliveira/Downloads/alura1/venv/lib/python3.10/site-packages/airflow/example_dags/example_task_group.py
[2023-05-19 16:59:51,208] {logging_mixin.py:115} INFO - [2023-05-19 16:59:51,208] {dag.py:2379} INFO - Sync 1 DAGs
[2023-05-19 16:59:51,233] {logging_mixin.py:115} INFO - [2023-05-19 16:59:51,233] {dag.py:2927} INFO - Setting next_dagrun for example_task_group to 2023-05-18T19:59:51.233217+00:00, run_after=2023-05-19T19:59:51.233217+00:00
[2023-05-19 16:59:51,248] {processor.py:161} INFO - Processing /Users/marianaoliveira/Downloads/alura1/venv/lib/python3.10/site-packages/airflow/example_dags/example_task_group.py took 0.222 seconds
[2023-05-19 17:01:23,717] {processor.py:153} INFO - Started process (PID=7150) to work on /Users/marianaoliveira/Downloads/alura1/venv/lib/python3.10/site-packages/airflow/example_dags/example_task_group.py
[2023-05-19 17:01:23,719] {processor.py:641} INFO - Processing file /Users/marianaoliveira/Downloads/alura1/venv/lib/python3.10/site-packages/airflow/example_dags/example_task_group.py for tasks to queue
[2023-05-19 17:01:23,720] {logging_mixin.py:115} INFO - [2023-05-19 17:01:23,720] {dagbag.py:507} INFO - Filling up the DagBag from /Users/marianaoliveira/Downloads/alura1/venv/lib/python3.10/site-packages/airflow/example_dags/example_task_group.py
[2023-05-19 17:01:23,753] {processor.py:651} INFO - DAG(s) dict_keys(['example_task_group']) retrieved from /Users/marianaoliveira/Downloads/alura1/venv/lib/python3.10/site-packages/airflow/example_dags/example_task_group.py
[2023-05-19 17:01:23,920] {logging_mixin.py:115} INFO - [2023-05-19 17:01:23,919] {dag.py:2379} INFO - Sync 1 DAGs
[2023-05-19 17:01:23,946] {logging_mixin.py:115} INFO - [2023-05-19 17:01:23,946] {dag.py:2927} INFO - Setting next_dagrun for example_task_group to 2023-05-18T20:01:23.946009+00:00, run_after=2023-05-19T20:01:23.946009+00:00
[2023-05-19 17:01:23,968] {processor.py:161} INFO - Processing /Users/marianaoliveira/Downloads/alura1/venv/lib/python3.10/site-packages/airflow/example_dags/example_task_group.py took 0.253 seconds
[2023-05-19 17:03:44,097] {processor.py:153} INFO - Started process (PID=7280) to work on /Users/marianaoliveira/Downloads/alura1/venv/lib/python3.10/site-packages/airflow/example_dags/example_task_group.py
[2023-05-19 17:03:44,098] {processor.py:641} INFO - Processing file /Users/marianaoliveira/Downloads/alura1/venv/lib/python3.10/site-packages/airflow/example_dags/example_task_group.py for tasks to queue
[2023-05-19 17:03:44,099] {logging_mixin.py:115} INFO - [2023-05-19 17:03:44,098] {dagbag.py:507} INFO - Filling up the DagBag from /Users/marianaoliveira/Downloads/alura1/venv/lib/python3.10/site-packages/airflow/example_dags/example_task_group.py
[2023-05-19 17:03:44,131] {processor.py:651} INFO - DAG(s) dict_keys(['example_task_group']) retrieved from /Users/marianaoliveira/Downloads/alura1/venv/lib/python3.10/site-packages/airflow/example_dags/example_task_group.py
[2023-05-19 17:03:44,295] {logging_mixin.py:115} INFO - [2023-05-19 17:03:44,295] {dag.py:2379} INFO - Sync 1 DAGs
[2023-05-19 17:03:44,319] {logging_mixin.py:115} INFO - [2023-05-19 17:03:44,319] {dag.py:2927} INFO - Setting next_dagrun for example_task_group to 2023-05-18T20:03:44.319303+00:00, run_after=2023-05-19T20:03:44.319303+00:00
[2023-05-19 17:03:44,337] {processor.py:161} INFO - Processing /Users/marianaoliveira/Downloads/alura1/venv/lib/python3.10/site-packages/airflow/example_dags/example_task_group.py took 0.241 seconds
[2023-05-19 17:07:23,016] {processor.py:153} INFO - Started process (PID=7468) to work on /Users/marianaoliveira/Downloads/alura1/venv/lib/python3.10/site-packages/airflow/example_dags/example_task_group.py
[2023-05-19 17:07:23,018] {processor.py:641} INFO - Processing file /Users/marianaoliveira/Downloads/alura1/venv/lib/python3.10/site-packages/airflow/example_dags/example_task_group.py for tasks to queue
[2023-05-19 17:07:23,018] {logging_mixin.py:115} INFO - [2023-05-19 17:07:23,018] {dagbag.py:507} INFO - Filling up the DagBag from /Users/marianaoliveira/Downloads/alura1/venv/lib/python3.10/site-packages/airflow/example_dags/example_task_group.py
[2023-05-19 17:07:23,055] {processor.py:651} INFO - DAG(s) dict_keys(['example_task_group']) retrieved from /Users/marianaoliveira/Downloads/alura1/venv/lib/python3.10/site-packages/airflow/example_dags/example_task_group.py
[2023-05-19 17:07:23,207] {logging_mixin.py:115} INFO - [2023-05-19 17:07:23,207] {dag.py:2379} INFO - Sync 1 DAGs
[2023-05-19 17:07:23,267] {logging_mixin.py:115} INFO - [2023-05-19 17:07:23,266] {dag.py:2927} INFO - Setting next_dagrun for example_task_group to 2023-05-18T20:07:23.266421+00:00, run_after=2023-05-19T20:07:23.266421+00:00
[2023-05-19 17:07:23,300] {processor.py:161} INFO - Processing /Users/marianaoliveira/Downloads/alura1/venv/lib/python3.10/site-packages/airflow/example_dags/example_task_group.py took 0.285 seconds
[2023-05-19 17:30:31,473] {processor.py:153} INFO - Started process (PID=7747) to work on /Users/marianaoliveira/Downloads/alura1/venv/lib/python3.10/site-packages/airflow/example_dags/example_task_group.py
[2023-05-19 17:30:31,477] {processor.py:641} INFO - Processing file /Users/marianaoliveira/Downloads/alura1/venv/lib/python3.10/site-packages/airflow/example_dags/example_task_group.py for tasks to queue
[2023-05-19 17:30:31,478] {logging_mixin.py:115} INFO - [2023-05-19 17:30:31,478] {dagbag.py:507} INFO - Filling up the DagBag from /Users/marianaoliveira/Downloads/alura1/venv/lib/python3.10/site-packages/airflow/example_dags/example_task_group.py
[2023-05-19 17:30:31,518] {processor.py:651} INFO - DAG(s) dict_keys(['example_task_group']) retrieved from /Users/marianaoliveira/Downloads/alura1/venv/lib/python3.10/site-packages/airflow/example_dags/example_task_group.py
[2023-05-19 17:30:31,673] {logging_mixin.py:115} INFO - [2023-05-19 17:30:31,672] {dag.py:2379} INFO - Sync 1 DAGs
[2023-05-19 17:30:31,701] {logging_mixin.py:115} INFO - [2023-05-19 17:30:31,701] {dag.py:2927} INFO - Setting next_dagrun for example_task_group to 2023-05-18T20:30:31.700492+00:00, run_after=2023-05-19T20:30:31.700492+00:00
[2023-05-19 17:30:31,722] {processor.py:161} INFO - Processing /Users/marianaoliveira/Downloads/alura1/venv/lib/python3.10/site-packages/airflow/example_dags/example_task_group.py took 0.250 seconds
[2023-05-19 17:33:10,900] {processor.py:153} INFO - Started process (PID=7808) to work on /Users/marianaoliveira/Downloads/alura1/venv/lib/python3.10/site-packages/airflow/example_dags/example_task_group.py
[2023-05-19 17:33:10,901] {processor.py:641} INFO - Processing file /Users/marianaoliveira/Downloads/alura1/venv/lib/python3.10/site-packages/airflow/example_dags/example_task_group.py for tasks to queue
[2023-05-19 17:33:10,901] {logging_mixin.py:115} INFO - [2023-05-19 17:33:10,901] {dagbag.py:507} INFO - Filling up the DagBag from /Users/marianaoliveira/Downloads/alura1/venv/lib/python3.10/site-packages/airflow/example_dags/example_task_group.py
[2023-05-19 17:33:10,937] {processor.py:651} INFO - DAG(s) dict_keys(['example_task_group']) retrieved from /Users/marianaoliveira/Downloads/alura1/venv/lib/python3.10/site-packages/airflow/example_dags/example_task_group.py
[2023-05-19 17:33:11,056] {logging_mixin.py:115} INFO - [2023-05-19 17:33:11,056] {dag.py:2379} INFO - Sync 1 DAGs
[2023-05-19 17:33:11,086] {logging_mixin.py:115} INFO - [2023-05-19 17:33:11,086] {dag.py:2927} INFO - Setting next_dagrun for example_task_group to 2023-05-18T20:33:11.085909+00:00, run_after=2023-05-19T20:33:11.085909+00:00
[2023-05-19 17:33:11,101] {processor.py:161} INFO - Processing /Users/marianaoliveira/Downloads/alura1/venv/lib/python3.10/site-packages/airflow/example_dags/example_task_group.py took 0.202 seconds
[2023-05-19 17:35:37,676] {processor.py:153} INFO - Started process (PID=7866) to work on /Users/marianaoliveira/Downloads/alura1/venv/lib/python3.10/site-packages/airflow/example_dags/example_task_group.py
[2023-05-19 17:35:37,677] {processor.py:641} INFO - Processing file /Users/marianaoliveira/Downloads/alura1/venv/lib/python3.10/site-packages/airflow/example_dags/example_task_group.py for tasks to queue
[2023-05-19 17:35:37,678] {logging_mixin.py:115} INFO - [2023-05-19 17:35:37,678] {dagbag.py:507} INFO - Filling up the DagBag from /Users/marianaoliveira/Downloads/alura1/venv/lib/python3.10/site-packages/airflow/example_dags/example_task_group.py
[2023-05-19 17:35:37,724] {processor.py:651} INFO - DAG(s) dict_keys(['example_task_group']) retrieved from /Users/marianaoliveira/Downloads/alura1/venv/lib/python3.10/site-packages/airflow/example_dags/example_task_group.py
[2023-05-19 17:35:38,103] {logging_mixin.py:115} INFO - [2023-05-19 17:35:38,103] {dag.py:2379} INFO - Sync 1 DAGs
[2023-05-19 17:35:38,186] {logging_mixin.py:115} INFO - [2023-05-19 17:35:38,186] {dag.py:2927} INFO - Setting next_dagrun for example_task_group to 2023-05-18T20:35:38.186047+00:00, run_after=2023-05-19T20:35:38.186047+00:00
[2023-05-19 17:35:38,229] {processor.py:161} INFO - Processing /Users/marianaoliveira/Downloads/alura1/venv/lib/python3.10/site-packages/airflow/example_dags/example_task_group.py took 0.555 seconds
[2023-05-19 17:37:43,636] {processor.py:153} INFO - Started process (PID=7920) to work on /Users/marianaoliveira/Downloads/alura1/venv/lib/python3.10/site-packages/airflow/example_dags/example_task_group.py
[2023-05-19 17:37:43,637] {processor.py:641} INFO - Processing file /Users/marianaoliveira/Downloads/alura1/venv/lib/python3.10/site-packages/airflow/example_dags/example_task_group.py for tasks to queue
[2023-05-19 17:37:43,638] {logging_mixin.py:115} INFO - [2023-05-19 17:37:43,638] {dagbag.py:507} INFO - Filling up the DagBag from /Users/marianaoliveira/Downloads/alura1/venv/lib/python3.10/site-packages/airflow/example_dags/example_task_group.py
[2023-05-19 17:37:43,683] {processor.py:651} INFO - DAG(s) dict_keys(['example_task_group']) retrieved from /Users/marianaoliveira/Downloads/alura1/venv/lib/python3.10/site-packages/airflow/example_dags/example_task_group.py
[2023-05-19 17:37:43,831] {logging_mixin.py:115} INFO - [2023-05-19 17:37:43,831] {dag.py:2379} INFO - Sync 1 DAGs
[2023-05-19 17:37:43,861] {logging_mixin.py:115} INFO - [2023-05-19 17:37:43,861] {dag.py:2927} INFO - Setting next_dagrun for example_task_group to 2023-05-18T20:37:43.861055+00:00, run_after=2023-05-19T20:37:43.861055+00:00
[2023-05-19 17:37:43,876] {processor.py:161} INFO - Processing /Users/marianaoliveira/Downloads/alura1/venv/lib/python3.10/site-packages/airflow/example_dags/example_task_group.py took 0.242 seconds
[2023-05-19 17:44:46,564] {processor.py:153} INFO - Started process (PID=8090) to work on /Users/marianaoliveira/Downloads/alura1/venv/lib/python3.10/site-packages/airflow/example_dags/example_task_group.py
[2023-05-19 17:44:46,565] {processor.py:641} INFO - Processing file /Users/marianaoliveira/Downloads/alura1/venv/lib/python3.10/site-packages/airflow/example_dags/example_task_group.py for tasks to queue
[2023-05-19 17:44:46,566] {logging_mixin.py:115} INFO - [2023-05-19 17:44:46,566] {dagbag.py:507} INFO - Filling up the DagBag from /Users/marianaoliveira/Downloads/alura1/venv/lib/python3.10/site-packages/airflow/example_dags/example_task_group.py
[2023-05-19 17:44:46,681] {processor.py:651} INFO - DAG(s) dict_keys(['example_task_group']) retrieved from /Users/marianaoliveira/Downloads/alura1/venv/lib/python3.10/site-packages/airflow/example_dags/example_task_group.py
[2023-05-19 17:44:47,159] {logging_mixin.py:115} INFO - [2023-05-19 17:44:47,158] {dag.py:2379} INFO - Sync 1 DAGs
[2023-05-19 17:44:47,252] {logging_mixin.py:115} INFO - [2023-05-19 17:44:47,251] {dag.py:2927} INFO - Setting next_dagrun for example_task_group to 2023-05-18T20:44:47.251024+00:00, run_after=2023-05-19T20:44:47.251024+00:00
[2023-05-19 17:44:47,282] {processor.py:161} INFO - Processing /Users/marianaoliveira/Downloads/alura1/venv/lib/python3.10/site-packages/airflow/example_dags/example_task_group.py took 0.719 seconds
[2023-05-19 17:47:28,562] {processor.py:153} INFO - Started process (PID=8161) to work on /Users/marianaoliveira/Downloads/alura1/venv/lib/python3.10/site-packages/airflow/example_dags/example_task_group.py
[2023-05-19 17:47:28,563] {processor.py:641} INFO - Processing file /Users/marianaoliveira/Downloads/alura1/venv/lib/python3.10/site-packages/airflow/example_dags/example_task_group.py for tasks to queue
[2023-05-19 17:47:28,565] {logging_mixin.py:115} INFO - [2023-05-19 17:47:28,565] {dagbag.py:507} INFO - Filling up the DagBag from /Users/marianaoliveira/Downloads/alura1/venv/lib/python3.10/site-packages/airflow/example_dags/example_task_group.py
[2023-05-19 17:47:28,599] {processor.py:651} INFO - DAG(s) dict_keys(['example_task_group']) retrieved from /Users/marianaoliveira/Downloads/alura1/venv/lib/python3.10/site-packages/airflow/example_dags/example_task_group.py
[2023-05-19 17:47:28,786] {logging_mixin.py:115} INFO - [2023-05-19 17:47:28,785] {dag.py:2379} INFO - Sync 1 DAGs
[2023-05-19 17:47:28,860] {logging_mixin.py:115} INFO - [2023-05-19 17:47:28,860] {dag.py:2927} INFO - Setting next_dagrun for example_task_group to 2023-05-18T20:47:28.859647+00:00, run_after=2023-05-19T20:47:28.859647+00:00
[2023-05-19 17:47:28,890] {processor.py:161} INFO - Processing /Users/marianaoliveira/Downloads/alura1/venv/lib/python3.10/site-packages/airflow/example_dags/example_task_group.py took 0.334 seconds
[2023-05-19 17:48:55,951] {processor.py:153} INFO - Started process (PID=8200) to work on /Users/marianaoliveira/Downloads/alura1/venv/lib/python3.10/site-packages/airflow/example_dags/example_task_group.py
[2023-05-19 17:48:55,953] {processor.py:641} INFO - Processing file /Users/marianaoliveira/Downloads/alura1/venv/lib/python3.10/site-packages/airflow/example_dags/example_task_group.py for tasks to queue
[2023-05-19 17:48:55,953] {logging_mixin.py:115} INFO - [2023-05-19 17:48:55,953] {dagbag.py:507} INFO - Filling up the DagBag from /Users/marianaoliveira/Downloads/alura1/venv/lib/python3.10/site-packages/airflow/example_dags/example_task_group.py
[2023-05-19 17:48:55,984] {processor.py:651} INFO - DAG(s) dict_keys(['example_task_group']) retrieved from /Users/marianaoliveira/Downloads/alura1/venv/lib/python3.10/site-packages/airflow/example_dags/example_task_group.py
[2023-05-19 17:48:56,105] {logging_mixin.py:115} INFO - [2023-05-19 17:48:56,104] {dag.py:2379} INFO - Sync 1 DAGs
[2023-05-19 17:48:56,131] {logging_mixin.py:115} INFO - [2023-05-19 17:48:56,131] {dag.py:2927} INFO - Setting next_dagrun for example_task_group to 2023-05-18T20:48:56.130633+00:00, run_after=2023-05-19T20:48:56.130633+00:00
[2023-05-19 17:48:56,150] {processor.py:161} INFO - Processing /Users/marianaoliveira/Downloads/alura1/venv/lib/python3.10/site-packages/airflow/example_dags/example_task_group.py took 0.204 seconds
[2023-05-19 17:50:36,321] {processor.py:153} INFO - Started process (PID=8245) to work on /Users/marianaoliveira/Downloads/alura1/venv/lib/python3.10/site-packages/airflow/example_dags/example_task_group.py
[2023-05-19 17:50:36,322] {processor.py:641} INFO - Processing file /Users/marianaoliveira/Downloads/alura1/venv/lib/python3.10/site-packages/airflow/example_dags/example_task_group.py for tasks to queue
[2023-05-19 17:50:36,323] {logging_mixin.py:115} INFO - [2023-05-19 17:50:36,323] {dagbag.py:507} INFO - Filling up the DagBag from /Users/marianaoliveira/Downloads/alura1/venv/lib/python3.10/site-packages/airflow/example_dags/example_task_group.py
[2023-05-19 17:50:36,353] {processor.py:651} INFO - DAG(s) dict_keys(['example_task_group']) retrieved from /Users/marianaoliveira/Downloads/alura1/venv/lib/python3.10/site-packages/airflow/example_dags/example_task_group.py
[2023-05-19 17:50:36,571] {logging_mixin.py:115} INFO - [2023-05-19 17:50:36,571] {dag.py:2379} INFO - Sync 1 DAGs
[2023-05-19 17:50:36,601] {logging_mixin.py:115} INFO - [2023-05-19 17:50:36,601] {dag.py:2927} INFO - Setting next_dagrun for example_task_group to 2023-05-18T20:50:36.601417+00:00, run_after=2023-05-19T20:50:36.601417+00:00
[2023-05-19 17:50:36,627] {processor.py:161} INFO - Processing /Users/marianaoliveira/Downloads/alura1/venv/lib/python3.10/site-packages/airflow/example_dags/example_task_group.py took 0.310 seconds
[2023-05-19 17:52:11,460] {processor.py:153} INFO - Started process (PID=8312) to work on /Users/marianaoliveira/Downloads/alura1/venv/lib/python3.10/site-packages/airflow/example_dags/example_task_group.py
[2023-05-19 17:52:11,462] {processor.py:641} INFO - Processing file /Users/marianaoliveira/Downloads/alura1/venv/lib/python3.10/site-packages/airflow/example_dags/example_task_group.py for tasks to queue
[2023-05-19 17:52:11,462] {logging_mixin.py:115} INFO - [2023-05-19 17:52:11,462] {dagbag.py:507} INFO - Filling up the DagBag from /Users/marianaoliveira/Downloads/alura1/venv/lib/python3.10/site-packages/airflow/example_dags/example_task_group.py
[2023-05-19 17:52:11,486] {processor.py:651} INFO - DAG(s) dict_keys(['example_task_group']) retrieved from /Users/marianaoliveira/Downloads/alura1/venv/lib/python3.10/site-packages/airflow/example_dags/example_task_group.py
[2023-05-19 17:52:11,619] {logging_mixin.py:115} INFO - [2023-05-19 17:52:11,618] {dag.py:2379} INFO - Sync 1 DAGs
[2023-05-19 17:52:11,653] {logging_mixin.py:115} INFO - [2023-05-19 17:52:11,653] {dag.py:2927} INFO - Setting next_dagrun for example_task_group to 2023-05-18T20:52:11.653124+00:00, run_after=2023-05-19T20:52:11.653124+00:00
[2023-05-19 17:52:11,677] {processor.py:161} INFO - Processing /Users/marianaoliveira/Downloads/alura1/venv/lib/python3.10/site-packages/airflow/example_dags/example_task_group.py took 0.217 seconds
[2023-05-19 17:54:06,990] {processor.py:153} INFO - Started process (PID=8409) to work on /Users/marianaoliveira/Downloads/alura1/venv/lib/python3.10/site-packages/airflow/example_dags/example_task_group.py
[2023-05-19 17:54:06,992] {processor.py:641} INFO - Processing file /Users/marianaoliveira/Downloads/alura1/venv/lib/python3.10/site-packages/airflow/example_dags/example_task_group.py for tasks to queue
[2023-05-19 17:54:06,993] {logging_mixin.py:115} INFO - [2023-05-19 17:54:06,993] {dagbag.py:507} INFO - Filling up the DagBag from /Users/marianaoliveira/Downloads/alura1/venv/lib/python3.10/site-packages/airflow/example_dags/example_task_group.py
[2023-05-19 17:54:07,065] {processor.py:651} INFO - DAG(s) dict_keys(['example_task_group']) retrieved from /Users/marianaoliveira/Downloads/alura1/venv/lib/python3.10/site-packages/airflow/example_dags/example_task_group.py
[2023-05-19 17:54:07,317] {logging_mixin.py:115} INFO - [2023-05-19 17:54:07,316] {dag.py:2379} INFO - Sync 1 DAGs
[2023-05-19 17:54:07,363] {logging_mixin.py:115} INFO - [2023-05-19 17:54:07,363] {dag.py:2927} INFO - Setting next_dagrun for example_task_group to 2023-05-18T20:54:07.363213+00:00, run_after=2023-05-19T20:54:07.363213+00:00
[2023-05-19 17:54:07,402] {processor.py:161} INFO - Processing /Users/marianaoliveira/Downloads/alura1/venv/lib/python3.10/site-packages/airflow/example_dags/example_task_group.py took 0.434 seconds
[2023-05-19 17:55:41,656] {processor.py:153} INFO - Started process (PID=8508) to work on /Users/marianaoliveira/Downloads/alura1/venv/lib/python3.10/site-packages/airflow/example_dags/example_task_group.py
[2023-05-19 17:55:41,658] {processor.py:641} INFO - Processing file /Users/marianaoliveira/Downloads/alura1/venv/lib/python3.10/site-packages/airflow/example_dags/example_task_group.py for tasks to queue
[2023-05-19 17:55:41,658] {logging_mixin.py:115} INFO - [2023-05-19 17:55:41,658] {dagbag.py:507} INFO - Filling up the DagBag from /Users/marianaoliveira/Downloads/alura1/venv/lib/python3.10/site-packages/airflow/example_dags/example_task_group.py
[2023-05-19 17:55:41,688] {processor.py:651} INFO - DAG(s) dict_keys(['example_task_group']) retrieved from /Users/marianaoliveira/Downloads/alura1/venv/lib/python3.10/site-packages/airflow/example_dags/example_task_group.py
[2023-05-19 17:55:41,811] {logging_mixin.py:115} INFO - [2023-05-19 17:55:41,811] {dag.py:2379} INFO - Sync 1 DAGs
[2023-05-19 17:55:41,840] {logging_mixin.py:115} INFO - [2023-05-19 17:55:41,839] {dag.py:2927} INFO - Setting next_dagrun for example_task_group to 2023-05-18T20:55:41.839516+00:00, run_after=2023-05-19T20:55:41.839516+00:00
[2023-05-19 17:55:41,856] {processor.py:161} INFO - Processing /Users/marianaoliveira/Downloads/alura1/venv/lib/python3.10/site-packages/airflow/example_dags/example_task_group.py took 0.200 seconds
[2023-05-19 17:57:16,562] {processor.py:153} INFO - Started process (PID=8590) to work on /Users/marianaoliveira/Downloads/alura1/venv/lib/python3.10/site-packages/airflow/example_dags/example_task_group.py
[2023-05-19 17:57:16,568] {processor.py:641} INFO - Processing file /Users/marianaoliveira/Downloads/alura1/venv/lib/python3.10/site-packages/airflow/example_dags/example_task_group.py for tasks to queue
[2023-05-19 17:57:16,568] {logging_mixin.py:115} INFO - [2023-05-19 17:57:16,568] {dagbag.py:507} INFO - Filling up the DagBag from /Users/marianaoliveira/Downloads/alura1/venv/lib/python3.10/site-packages/airflow/example_dags/example_task_group.py
[2023-05-19 17:57:16,625] {processor.py:651} INFO - DAG(s) dict_keys(['example_task_group']) retrieved from /Users/marianaoliveira/Downloads/alura1/venv/lib/python3.10/site-packages/airflow/example_dags/example_task_group.py
[2023-05-19 17:57:16,794] {logging_mixin.py:115} INFO - [2023-05-19 17:57:16,793] {dag.py:2379} INFO - Sync 1 DAGs
[2023-05-19 17:57:16,828] {logging_mixin.py:115} INFO - [2023-05-19 17:57:16,827] {dag.py:2927} INFO - Setting next_dagrun for example_task_group to 2023-05-18T20:57:16.827381+00:00, run_after=2023-05-19T20:57:16.827381+00:00
[2023-05-19 17:57:16,865] {processor.py:161} INFO - Processing /Users/marianaoliveira/Downloads/alura1/venv/lib/python3.10/site-packages/airflow/example_dags/example_task_group.py took 0.304 seconds
[2023-05-19 17:58:59,277] {processor.py:153} INFO - Started process (PID=8632) to work on /Users/marianaoliveira/Downloads/alura1/venv/lib/python3.10/site-packages/airflow/example_dags/example_task_group.py
[2023-05-19 17:58:59,285] {processor.py:641} INFO - Processing file /Users/marianaoliveira/Downloads/alura1/venv/lib/python3.10/site-packages/airflow/example_dags/example_task_group.py for tasks to queue
[2023-05-19 17:58:59,286] {logging_mixin.py:115} INFO - [2023-05-19 17:58:59,286] {dagbag.py:507} INFO - Filling up the DagBag from /Users/marianaoliveira/Downloads/alura1/venv/lib/python3.10/site-packages/airflow/example_dags/example_task_group.py
[2023-05-19 17:58:59,329] {processor.py:651} INFO - DAG(s) dict_keys(['example_task_group']) retrieved from /Users/marianaoliveira/Downloads/alura1/venv/lib/python3.10/site-packages/airflow/example_dags/example_task_group.py
[2023-05-19 17:58:59,457] {logging_mixin.py:115} INFO - [2023-05-19 17:58:59,457] {dag.py:2379} INFO - Sync 1 DAGs
[2023-05-19 17:58:59,487] {logging_mixin.py:115} INFO - [2023-05-19 17:58:59,486] {dag.py:2927} INFO - Setting next_dagrun for example_task_group to 2023-05-18T20:58:59.486465+00:00, run_after=2023-05-19T20:58:59.486465+00:00
[2023-05-19 17:58:59,515] {processor.py:161} INFO - Processing /Users/marianaoliveira/Downloads/alura1/venv/lib/python3.10/site-packages/airflow/example_dags/example_task_group.py took 0.239 seconds
[2023-05-19 18:03:47,707] {processor.py:153} INFO - Started process (PID=8913) to work on /Users/marianaoliveira/Downloads/alura1/venv/lib/python3.10/site-packages/airflow/example_dags/example_task_group.py
[2023-05-19 18:03:47,708] {processor.py:641} INFO - Processing file /Users/marianaoliveira/Downloads/alura1/venv/lib/python3.10/site-packages/airflow/example_dags/example_task_group.py for tasks to queue
[2023-05-19 18:03:47,709] {logging_mixin.py:115} INFO - [2023-05-19 18:03:47,709] {dagbag.py:507} INFO - Filling up the DagBag from /Users/marianaoliveira/Downloads/alura1/venv/lib/python3.10/site-packages/airflow/example_dags/example_task_group.py
[2023-05-19 18:03:47,792] {processor.py:651} INFO - DAG(s) dict_keys(['example_task_group']) retrieved from /Users/marianaoliveira/Downloads/alura1/venv/lib/python3.10/site-packages/airflow/example_dags/example_task_group.py
[2023-05-19 18:03:47,997] {logging_mixin.py:115} INFO - [2023-05-19 18:03:47,997] {dag.py:2379} INFO - Sync 1 DAGs
[2023-05-19 18:03:48,190] {logging_mixin.py:115} INFO - [2023-05-19 18:03:48,190] {dag.py:2927} INFO - Setting next_dagrun for example_task_group to 2023-05-18T21:03:48.189602+00:00, run_after=2023-05-19T21:03:48.189602+00:00
[2023-05-19 18:03:48,214] {processor.py:161} INFO - Processing /Users/marianaoliveira/Downloads/alura1/venv/lib/python3.10/site-packages/airflow/example_dags/example_task_group.py took 0.510 seconds
[2023-05-19 18:14:34,430] {processor.py:153} INFO - Started process (PID=9180) to work on /Users/marianaoliveira/Downloads/alura1/venv/lib/python3.10/site-packages/airflow/example_dags/example_task_group.py
[2023-05-19 18:14:34,431] {processor.py:641} INFO - Processing file /Users/marianaoliveira/Downloads/alura1/venv/lib/python3.10/site-packages/airflow/example_dags/example_task_group.py for tasks to queue
[2023-05-19 18:14:34,432] {logging_mixin.py:115} INFO - [2023-05-19 18:14:34,432] {dagbag.py:507} INFO - Filling up the DagBag from /Users/marianaoliveira/Downloads/alura1/venv/lib/python3.10/site-packages/airflow/example_dags/example_task_group.py
[2023-05-19 18:14:34,472] {processor.py:651} INFO - DAG(s) dict_keys(['example_task_group']) retrieved from /Users/marianaoliveira/Downloads/alura1/venv/lib/python3.10/site-packages/airflow/example_dags/example_task_group.py
[2023-05-19 18:14:35,045] {logging_mixin.py:115} INFO - [2023-05-19 18:14:35,045] {dag.py:2379} INFO - Sync 1 DAGs
[2023-05-19 18:14:35,094] {logging_mixin.py:115} INFO - [2023-05-19 18:14:35,094] {dag.py:2927} INFO - Setting next_dagrun for example_task_group to 2023-05-18T21:14:35.094146+00:00, run_after=2023-05-19T21:14:35.094146+00:00
[2023-05-19 18:14:35,126] {processor.py:161} INFO - Processing /Users/marianaoliveira/Downloads/alura1/venv/lib/python3.10/site-packages/airflow/example_dags/example_task_group.py took 0.699 seconds
[2023-05-19 18:18:12,362] {processor.py:153} INFO - Started process (PID=9359) to work on /Users/marianaoliveira/Downloads/alura1/venv/lib/python3.10/site-packages/airflow/example_dags/example_task_group.py
[2023-05-19 18:18:12,363] {processor.py:641} INFO - Processing file /Users/marianaoliveira/Downloads/alura1/venv/lib/python3.10/site-packages/airflow/example_dags/example_task_group.py for tasks to queue
[2023-05-19 18:18:12,364] {logging_mixin.py:115} INFO - [2023-05-19 18:18:12,364] {dagbag.py:507} INFO - Filling up the DagBag from /Users/marianaoliveira/Downloads/alura1/venv/lib/python3.10/site-packages/airflow/example_dags/example_task_group.py
[2023-05-19 18:18:12,439] {processor.py:651} INFO - DAG(s) dict_keys(['example_task_group']) retrieved from /Users/marianaoliveira/Downloads/alura1/venv/lib/python3.10/site-packages/airflow/example_dags/example_task_group.py
[2023-05-19 18:18:12,610] {logging_mixin.py:115} INFO - [2023-05-19 18:18:12,609] {dag.py:2379} INFO - Sync 1 DAGs
[2023-05-19 18:18:12,639] {logging_mixin.py:115} INFO - [2023-05-19 18:18:12,639] {dag.py:2927} INFO - Setting next_dagrun for example_task_group to 2023-05-18T21:18:12.639428+00:00, run_after=2023-05-19T21:18:12.639428+00:00
[2023-05-19 18:18:12,663] {processor.py:161} INFO - Processing /Users/marianaoliveira/Downloads/alura1/venv/lib/python3.10/site-packages/airflow/example_dags/example_task_group.py took 0.303 seconds
[2023-05-19 18:27:28,774] {processor.py:153} INFO - Started process (PID=9951) to work on /Users/marianaoliveira/Downloads/alura1/venv/lib/python3.10/site-packages/airflow/example_dags/example_task_group.py
[2023-05-19 18:27:28,776] {processor.py:641} INFO - Processing file /Users/marianaoliveira/Downloads/alura1/venv/lib/python3.10/site-packages/airflow/example_dags/example_task_group.py for tasks to queue
[2023-05-19 18:27:28,776] {logging_mixin.py:115} INFO - [2023-05-19 18:27:28,776] {dagbag.py:507} INFO - Filling up the DagBag from /Users/marianaoliveira/Downloads/alura1/venv/lib/python3.10/site-packages/airflow/example_dags/example_task_group.py
[2023-05-19 18:27:28,822] {processor.py:651} INFO - DAG(s) dict_keys(['example_task_group']) retrieved from /Users/marianaoliveira/Downloads/alura1/venv/lib/python3.10/site-packages/airflow/example_dags/example_task_group.py
[2023-05-19 18:27:29,031] {logging_mixin.py:115} INFO - [2023-05-19 18:27:29,030] {dag.py:2379} INFO - Sync 1 DAGs
[2023-05-19 18:27:29,079] {logging_mixin.py:115} INFO - [2023-05-19 18:27:29,078] {dag.py:2927} INFO - Setting next_dagrun for example_task_group to 2023-05-18T21:27:29.078425+00:00, run_after=2023-05-19T21:27:29.078425+00:00
[2023-05-19 18:27:29,123] {processor.py:161} INFO - Processing /Users/marianaoliveira/Downloads/alura1/venv/lib/python3.10/site-packages/airflow/example_dags/example_task_group.py took 0.360 seconds
