[2023-05-19 15:12:46,459] {processor.py:153} INFO - Started process (PID=2842) to work on /Users/marianaoliveira/Downloads/alura1/venv/lib/python3.10/site-packages/airflow/example_dags/example_external_task_marker_dag.py
[2023-05-19 15:12:46,459] {processor.py:641} INFO - Processing file /Users/marianaoliveira/Downloads/alura1/venv/lib/python3.10/site-packages/airflow/example_dags/example_external_task_marker_dag.py for tasks to queue
[2023-05-19 15:12:46,459] {logging_mixin.py:115} INFO - [2023-05-19 15:12:46,459] {dagbag.py:507} INFO - Filling up the DagBag from /Users/marianaoliveira/Downloads/alura1/venv/lib/python3.10/site-packages/airflow/example_dags/example_external_task_marker_dag.py
[2023-05-19 15:12:46,483] {processor.py:651} INFO - DAG(s) dict_keys(['example_external_task_marker_parent', 'example_external_task_marker_child']) retrieved from /Users/marianaoliveira/Downloads/alura1/venv/lib/python3.10/site-packages/airflow/example_dags/example_external_task_marker_dag.py
[2023-05-19 15:12:47,577] {logging_mixin.py:115} INFO - [2023-05-19 15:12:47,577] {manager.py:508} INFO - Created Permission View: can delete on DAG:example_external_task_marker_parent
[2023-05-19 15:12:47,591] {logging_mixin.py:115} INFO - [2023-05-19 15:12:47,591] {manager.py:508} INFO - Created Permission View: can edit on DAG:example_external_task_marker_parent
[2023-05-19 15:12:47,600] {logging_mixin.py:115} INFO - [2023-05-19 15:12:47,600] {manager.py:508} INFO - Created Permission View: can read on DAG:example_external_task_marker_parent
[2023-05-19 15:12:47,636] {logging_mixin.py:115} INFO - [2023-05-19 15:12:47,636] {manager.py:508} INFO - Created Permission View: can delete on DAG:example_external_task_marker_child
[2023-05-19 15:12:47,646] {logging_mixin.py:115} INFO - [2023-05-19 15:12:47,646] {manager.py:508} INFO - Created Permission View: can edit on DAG:example_external_task_marker_child
[2023-05-19 15:12:47,658] {logging_mixin.py:115} INFO - [2023-05-19 15:12:47,657] {manager.py:508} INFO - Created Permission View: can read on DAG:example_external_task_marker_child
[2023-05-19 15:12:47,658] {logging_mixin.py:115} INFO - [2023-05-19 15:12:47,658] {dag.py:2379} INFO - Sync 2 DAGs
[2023-05-19 15:12:47,668] {logging_mixin.py:115} INFO - [2023-05-19 15:12:47,668] {dag.py:2398} INFO - Creating ORM DAG for example_external_task_marker_child
[2023-05-19 15:12:47,669] {logging_mixin.py:115} INFO - [2023-05-19 15:12:47,668] {dag.py:2398} INFO - Creating ORM DAG for example_external_task_marker_parent
[2023-05-19 15:12:47,682] {logging_mixin.py:115} INFO - [2023-05-19 15:12:47,682] {dag.py:2927} INFO - Setting next_dagrun for example_external_task_marker_child to None, run_after=None
[2023-05-19 15:12:47,682] {logging_mixin.py:115} INFO - [2023-05-19 15:12:47,682] {dag.py:2927} INFO - Setting next_dagrun for example_external_task_marker_parent to None, run_after=None
[2023-05-19 15:12:47,701] {processor.py:161} INFO - Processing /Users/marianaoliveira/Downloads/alura1/venv/lib/python3.10/site-packages/airflow/example_dags/example_external_task_marker_dag.py took 1.243 seconds
[2023-05-19 15:14:16,911] {processor.py:153} INFO - Started process (PID=2895) to work on /Users/marianaoliveira/Downloads/alura1/venv/lib/python3.10/site-packages/airflow/example_dags/example_external_task_marker_dag.py
[2023-05-19 15:14:16,912] {processor.py:641} INFO - Processing file /Users/marianaoliveira/Downloads/alura1/venv/lib/python3.10/site-packages/airflow/example_dags/example_external_task_marker_dag.py for tasks to queue
[2023-05-19 15:14:16,913] {logging_mixin.py:115} INFO - [2023-05-19 15:14:16,913] {dagbag.py:507} INFO - Filling up the DagBag from /Users/marianaoliveira/Downloads/alura1/venv/lib/python3.10/site-packages/airflow/example_dags/example_external_task_marker_dag.py
[2023-05-19 15:14:16,929] {processor.py:651} INFO - DAG(s) dict_keys(['example_external_task_marker_parent', 'example_external_task_marker_child']) retrieved from /Users/marianaoliveira/Downloads/alura1/venv/lib/python3.10/site-packages/airflow/example_dags/example_external_task_marker_dag.py
[2023-05-19 15:14:17,055] {logging_mixin.py:115} INFO - [2023-05-19 15:14:17,055] {dag.py:2379} INFO - Sync 2 DAGs
[2023-05-19 15:14:17,077] {logging_mixin.py:115} INFO - [2023-05-19 15:14:17,077] {dag.py:2927} INFO - Setting next_dagrun for example_external_task_marker_child to None, run_after=None
[2023-05-19 15:14:17,077] {logging_mixin.py:115} INFO - [2023-05-19 15:14:17,077] {dag.py:2927} INFO - Setting next_dagrun for example_external_task_marker_parent to None, run_after=None
[2023-05-19 15:14:17,093] {processor.py:161} INFO - Processing /Users/marianaoliveira/Downloads/alura1/venv/lib/python3.10/site-packages/airflow/example_dags/example_external_task_marker_dag.py took 0.183 seconds
[2023-05-19 15:16:18,310] {processor.py:153} INFO - Started process (PID=2960) to work on /Users/marianaoliveira/Downloads/alura1/venv/lib/python3.10/site-packages/airflow/example_dags/example_external_task_marker_dag.py
[2023-05-19 15:16:18,311] {processor.py:641} INFO - Processing file /Users/marianaoliveira/Downloads/alura1/venv/lib/python3.10/site-packages/airflow/example_dags/example_external_task_marker_dag.py for tasks to queue
[2023-05-19 15:16:18,312] {logging_mixin.py:115} INFO - [2023-05-19 15:16:18,312] {dagbag.py:507} INFO - Filling up the DagBag from /Users/marianaoliveira/Downloads/alura1/venv/lib/python3.10/site-packages/airflow/example_dags/example_external_task_marker_dag.py
[2023-05-19 15:16:18,327] {processor.py:651} INFO - DAG(s) dict_keys(['example_external_task_marker_parent', 'example_external_task_marker_child']) retrieved from /Users/marianaoliveira/Downloads/alura1/venv/lib/python3.10/site-packages/airflow/example_dags/example_external_task_marker_dag.py
[2023-05-19 15:16:18,409] {logging_mixin.py:115} INFO - [2023-05-19 15:16:18,409] {dag.py:2379} INFO - Sync 2 DAGs
[2023-05-19 15:16:18,440] {logging_mixin.py:115} INFO - [2023-05-19 15:16:18,440] {dag.py:2927} INFO - Setting next_dagrun for example_external_task_marker_child to None, run_after=None
[2023-05-19 15:16:18,440] {logging_mixin.py:115} INFO - [2023-05-19 15:16:18,440] {dag.py:2927} INFO - Setting next_dagrun for example_external_task_marker_parent to None, run_after=None
[2023-05-19 15:16:18,454] {processor.py:161} INFO - Processing /Users/marianaoliveira/Downloads/alura1/venv/lib/python3.10/site-packages/airflow/example_dags/example_external_task_marker_dag.py took 0.145 seconds
[2023-05-19 15:19:00,747] {processor.py:153} INFO - Started process (PID=3088) to work on /Users/marianaoliveira/Downloads/alura1/venv/lib/python3.10/site-packages/airflow/example_dags/example_external_task_marker_dag.py
[2023-05-19 15:19:00,748] {processor.py:641} INFO - Processing file /Users/marianaoliveira/Downloads/alura1/venv/lib/python3.10/site-packages/airflow/example_dags/example_external_task_marker_dag.py for tasks to queue
[2023-05-19 15:19:00,750] {logging_mixin.py:115} INFO - [2023-05-19 15:19:00,749] {dagbag.py:507} INFO - Filling up the DagBag from /Users/marianaoliveira/Downloads/alura1/venv/lib/python3.10/site-packages/airflow/example_dags/example_external_task_marker_dag.py
[2023-05-19 15:19:00,768] {processor.py:651} INFO - DAG(s) dict_keys(['example_external_task_marker_parent', 'example_external_task_marker_child']) retrieved from /Users/marianaoliveira/Downloads/alura1/venv/lib/python3.10/site-packages/airflow/example_dags/example_external_task_marker_dag.py
[2023-05-19 15:19:00,849] {logging_mixin.py:115} INFO - [2023-05-19 15:19:00,849] {dag.py:2379} INFO - Sync 2 DAGs
[2023-05-19 15:19:00,866] {logging_mixin.py:115} INFO - [2023-05-19 15:19:00,866] {dag.py:2927} INFO - Setting next_dagrun for example_external_task_marker_child to None, run_after=None
[2023-05-19 15:19:00,866] {logging_mixin.py:115} INFO - [2023-05-19 15:19:00,866] {dag.py:2927} INFO - Setting next_dagrun for example_external_task_marker_parent to None, run_after=None
[2023-05-19 15:19:00,878] {processor.py:161} INFO - Processing /Users/marianaoliveira/Downloads/alura1/venv/lib/python3.10/site-packages/airflow/example_dags/example_external_task_marker_dag.py took 0.132 seconds
[2023-05-19 15:20:53,787] {processor.py:153} INFO - Started process (PID=3145) to work on /Users/marianaoliveira/Downloads/alura1/venv/lib/python3.10/site-packages/airflow/example_dags/example_external_task_marker_dag.py
[2023-05-19 15:20:53,788] {processor.py:641} INFO - Processing file /Users/marianaoliveira/Downloads/alura1/venv/lib/python3.10/site-packages/airflow/example_dags/example_external_task_marker_dag.py for tasks to queue
[2023-05-19 15:20:53,789] {logging_mixin.py:115} INFO - [2023-05-19 15:20:53,788] {dagbag.py:507} INFO - Filling up the DagBag from /Users/marianaoliveira/Downloads/alura1/venv/lib/python3.10/site-packages/airflow/example_dags/example_external_task_marker_dag.py
[2023-05-19 15:20:53,807] {processor.py:651} INFO - DAG(s) dict_keys(['example_external_task_marker_parent', 'example_external_task_marker_child']) retrieved from /Users/marianaoliveira/Downloads/alura1/venv/lib/python3.10/site-packages/airflow/example_dags/example_external_task_marker_dag.py
[2023-05-19 15:20:53,941] {logging_mixin.py:115} INFO - [2023-05-19 15:20:53,941] {dag.py:2379} INFO - Sync 2 DAGs
[2023-05-19 15:20:53,968] {logging_mixin.py:115} INFO - [2023-05-19 15:20:53,968] {dag.py:2927} INFO - Setting next_dagrun for example_external_task_marker_child to None, run_after=None
[2023-05-19 15:20:53,969] {logging_mixin.py:115} INFO - [2023-05-19 15:20:53,969] {dag.py:2927} INFO - Setting next_dagrun for example_external_task_marker_parent to None, run_after=None
[2023-05-19 15:20:53,992] {processor.py:161} INFO - Processing /Users/marianaoliveira/Downloads/alura1/venv/lib/python3.10/site-packages/airflow/example_dags/example_external_task_marker_dag.py took 0.206 seconds
[2023-05-19 15:22:32,682] {processor.py:153} INFO - Started process (PID=3196) to work on /Users/marianaoliveira/Downloads/alura1/venv/lib/python3.10/site-packages/airflow/example_dags/example_external_task_marker_dag.py
[2023-05-19 15:22:32,682] {processor.py:641} INFO - Processing file /Users/marianaoliveira/Downloads/alura1/venv/lib/python3.10/site-packages/airflow/example_dags/example_external_task_marker_dag.py for tasks to queue
[2023-05-19 15:22:32,683] {logging_mixin.py:115} INFO - [2023-05-19 15:22:32,683] {dagbag.py:507} INFO - Filling up the DagBag from /Users/marianaoliveira/Downloads/alura1/venv/lib/python3.10/site-packages/airflow/example_dags/example_external_task_marker_dag.py
[2023-05-19 15:22:32,698] {processor.py:651} INFO - DAG(s) dict_keys(['example_external_task_marker_parent', 'example_external_task_marker_child']) retrieved from /Users/marianaoliveira/Downloads/alura1/venv/lib/python3.10/site-packages/airflow/example_dags/example_external_task_marker_dag.py
[2023-05-19 15:22:32,812] {logging_mixin.py:115} INFO - [2023-05-19 15:22:32,811] {dag.py:2379} INFO - Sync 2 DAGs
[2023-05-19 15:22:32,838] {logging_mixin.py:115} INFO - [2023-05-19 15:22:32,838] {dag.py:2927} INFO - Setting next_dagrun for example_external_task_marker_child to None, run_after=None
[2023-05-19 15:22:32,839] {logging_mixin.py:115} INFO - [2023-05-19 15:22:32,839] {dag.py:2927} INFO - Setting next_dagrun for example_external_task_marker_parent to None, run_after=None
[2023-05-19 15:22:32,859] {processor.py:161} INFO - Processing /Users/marianaoliveira/Downloads/alura1/venv/lib/python3.10/site-packages/airflow/example_dags/example_external_task_marker_dag.py took 0.177 seconds
[2023-05-19 15:24:11,561] {processor.py:153} INFO - Started process (PID=3248) to work on /Users/marianaoliveira/Downloads/alura1/venv/lib/python3.10/site-packages/airflow/example_dags/example_external_task_marker_dag.py
[2023-05-19 15:24:11,562] {processor.py:641} INFO - Processing file /Users/marianaoliveira/Downloads/alura1/venv/lib/python3.10/site-packages/airflow/example_dags/example_external_task_marker_dag.py for tasks to queue
[2023-05-19 15:24:11,562] {logging_mixin.py:115} INFO - [2023-05-19 15:24:11,562] {dagbag.py:507} INFO - Filling up the DagBag from /Users/marianaoliveira/Downloads/alura1/venv/lib/python3.10/site-packages/airflow/example_dags/example_external_task_marker_dag.py
[2023-05-19 15:24:11,594] {processor.py:651} INFO - DAG(s) dict_keys(['example_external_task_marker_parent', 'example_external_task_marker_child']) retrieved from /Users/marianaoliveira/Downloads/alura1/venv/lib/python3.10/site-packages/airflow/example_dags/example_external_task_marker_dag.py
[2023-05-19 15:24:11,714] {logging_mixin.py:115} INFO - [2023-05-19 15:24:11,714] {dag.py:2379} INFO - Sync 2 DAGs
[2023-05-19 15:24:11,747] {logging_mixin.py:115} INFO - [2023-05-19 15:24:11,747] {dag.py:2927} INFO - Setting next_dagrun for example_external_task_marker_child to None, run_after=None
[2023-05-19 15:24:11,747] {logging_mixin.py:115} INFO - [2023-05-19 15:24:11,747] {dag.py:2927} INFO - Setting next_dagrun for example_external_task_marker_parent to None, run_after=None
[2023-05-19 15:24:11,763] {processor.py:161} INFO - Processing /Users/marianaoliveira/Downloads/alura1/venv/lib/python3.10/site-packages/airflow/example_dags/example_external_task_marker_dag.py took 0.203 seconds
[2023-05-19 15:26:53,897] {processor.py:153} INFO - Started process (PID=3357) to work on /Users/marianaoliveira/Downloads/alura1/venv/lib/python3.10/site-packages/airflow/example_dags/example_external_task_marker_dag.py
[2023-05-19 15:26:53,897] {processor.py:641} INFO - Processing file /Users/marianaoliveira/Downloads/alura1/venv/lib/python3.10/site-packages/airflow/example_dags/example_external_task_marker_dag.py for tasks to queue
[2023-05-19 15:26:53,898] {logging_mixin.py:115} INFO - [2023-05-19 15:26:53,897] {dagbag.py:507} INFO - Filling up the DagBag from /Users/marianaoliveira/Downloads/alura1/venv/lib/python3.10/site-packages/airflow/example_dags/example_external_task_marker_dag.py
[2023-05-19 15:26:53,917] {processor.py:651} INFO - DAG(s) dict_keys(['example_external_task_marker_parent', 'example_external_task_marker_child']) retrieved from /Users/marianaoliveira/Downloads/alura1/venv/lib/python3.10/site-packages/airflow/example_dags/example_external_task_marker_dag.py
[2023-05-19 15:26:54,011] {logging_mixin.py:115} INFO - [2023-05-19 15:26:54,011] {dag.py:2379} INFO - Sync 2 DAGs
[2023-05-19 15:26:54,031] {logging_mixin.py:115} INFO - [2023-05-19 15:26:54,031] {dag.py:2927} INFO - Setting next_dagrun for example_external_task_marker_child to None, run_after=None
[2023-05-19 15:26:54,031] {logging_mixin.py:115} INFO - [2023-05-19 15:26:54,031] {dag.py:2927} INFO - Setting next_dagrun for example_external_task_marker_parent to None, run_after=None
[2023-05-19 15:26:54,044] {processor.py:161} INFO - Processing /Users/marianaoliveira/Downloads/alura1/venv/lib/python3.10/site-packages/airflow/example_dags/example_external_task_marker_dag.py took 0.148 seconds
[2023-05-19 15:28:58,451] {processor.py:153} INFO - Started process (PID=3425) to work on /Users/marianaoliveira/Downloads/alura1/venv/lib/python3.10/site-packages/airflow/example_dags/example_external_task_marker_dag.py
[2023-05-19 15:28:58,451] {processor.py:641} INFO - Processing file /Users/marianaoliveira/Downloads/alura1/venv/lib/python3.10/site-packages/airflow/example_dags/example_external_task_marker_dag.py for tasks to queue
[2023-05-19 15:28:58,451] {logging_mixin.py:115} INFO - [2023-05-19 15:28:58,451] {dagbag.py:507} INFO - Filling up the DagBag from /Users/marianaoliveira/Downloads/alura1/venv/lib/python3.10/site-packages/airflow/example_dags/example_external_task_marker_dag.py
[2023-05-19 15:28:58,468] {processor.py:651} INFO - DAG(s) dict_keys(['example_external_task_marker_parent', 'example_external_task_marker_child']) retrieved from /Users/marianaoliveira/Downloads/alura1/venv/lib/python3.10/site-packages/airflow/example_dags/example_external_task_marker_dag.py
[2023-05-19 15:28:58,559] {logging_mixin.py:115} INFO - [2023-05-19 15:28:58,559] {dag.py:2379} INFO - Sync 2 DAGs
[2023-05-19 15:28:58,579] {logging_mixin.py:115} INFO - [2023-05-19 15:28:58,579] {dag.py:2927} INFO - Setting next_dagrun for example_external_task_marker_child to None, run_after=None
[2023-05-19 15:28:58,579] {logging_mixin.py:115} INFO - [2023-05-19 15:28:58,579] {dag.py:2927} INFO - Setting next_dagrun for example_external_task_marker_parent to None, run_after=None
[2023-05-19 15:28:58,592] {processor.py:161} INFO - Processing /Users/marianaoliveira/Downloads/alura1/venv/lib/python3.10/site-packages/airflow/example_dags/example_external_task_marker_dag.py took 0.143 seconds
[2023-05-19 16:29:51,285] {processor.py:153} INFO - Started process (PID=6078) to work on /Users/marianaoliveira/Downloads/alura1/venv/lib/python3.10/site-packages/airflow/example_dags/example_external_task_marker_dag.py
[2023-05-19 16:29:51,287] {processor.py:641} INFO - Processing file /Users/marianaoliveira/Downloads/alura1/venv/lib/python3.10/site-packages/airflow/example_dags/example_external_task_marker_dag.py for tasks to queue
[2023-05-19 16:29:51,288] {logging_mixin.py:115} INFO - [2023-05-19 16:29:51,287] {dagbag.py:507} INFO - Filling up the DagBag from /Users/marianaoliveira/Downloads/alura1/venv/lib/python3.10/site-packages/airflow/example_dags/example_external_task_marker_dag.py
[2023-05-19 16:29:51,312] {processor.py:651} INFO - DAG(s) dict_keys(['example_external_task_marker_parent', 'example_external_task_marker_child']) retrieved from /Users/marianaoliveira/Downloads/alura1/venv/lib/python3.10/site-packages/airflow/example_dags/example_external_task_marker_dag.py
[2023-05-19 16:29:51,504] {logging_mixin.py:115} INFO - [2023-05-19 16:29:51,503] {dag.py:2379} INFO - Sync 2 DAGs
[2023-05-19 16:29:51,534] {logging_mixin.py:115} INFO - [2023-05-19 16:29:51,534] {dag.py:2927} INFO - Setting next_dagrun for example_external_task_marker_child to None, run_after=None
[2023-05-19 16:29:51,535] {logging_mixin.py:115} INFO - [2023-05-19 16:29:51,535] {dag.py:2927} INFO - Setting next_dagrun for example_external_task_marker_parent to None, run_after=None
[2023-05-19 16:29:51,556] {processor.py:161} INFO - Processing /Users/marianaoliveira/Downloads/alura1/venv/lib/python3.10/site-packages/airflow/example_dags/example_external_task_marker_dag.py took 0.271 seconds
[2023-05-19 16:34:33,843] {processor.py:153} INFO - Started process (PID=6241) to work on /Users/marianaoliveira/Downloads/alura1/venv/lib/python3.10/site-packages/airflow/example_dags/example_external_task_marker_dag.py
[2023-05-19 16:34:33,844] {processor.py:641} INFO - Processing file /Users/marianaoliveira/Downloads/alura1/venv/lib/python3.10/site-packages/airflow/example_dags/example_external_task_marker_dag.py for tasks to queue
[2023-05-19 16:34:33,845] {logging_mixin.py:115} INFO - [2023-05-19 16:34:33,844] {dagbag.py:507} INFO - Filling up the DagBag from /Users/marianaoliveira/Downloads/alura1/venv/lib/python3.10/site-packages/airflow/example_dags/example_external_task_marker_dag.py
[2023-05-19 16:34:33,902] {processor.py:651} INFO - DAG(s) dict_keys(['example_external_task_marker_parent', 'example_external_task_marker_child']) retrieved from /Users/marianaoliveira/Downloads/alura1/venv/lib/python3.10/site-packages/airflow/example_dags/example_external_task_marker_dag.py
[2023-05-19 16:34:34,197] {logging_mixin.py:115} INFO - [2023-05-19 16:34:34,196] {dag.py:2379} INFO - Sync 2 DAGs
[2023-05-19 16:34:34,233] {logging_mixin.py:115} INFO - [2023-05-19 16:34:34,232] {dag.py:2927} INFO - Setting next_dagrun for example_external_task_marker_child to None, run_after=None
[2023-05-19 16:34:34,233] {logging_mixin.py:115} INFO - [2023-05-19 16:34:34,233] {dag.py:2927} INFO - Setting next_dagrun for example_external_task_marker_parent to None, run_after=None
[2023-05-19 16:34:34,280] {processor.py:161} INFO - Processing /Users/marianaoliveira/Downloads/alura1/venv/lib/python3.10/site-packages/airflow/example_dags/example_external_task_marker_dag.py took 0.439 seconds
[2023-05-19 16:36:55,319] {processor.py:153} INFO - Started process (PID=6313) to work on /Users/marianaoliveira/Downloads/alura1/venv/lib/python3.10/site-packages/airflow/example_dags/example_external_task_marker_dag.py
[2023-05-19 16:36:55,320] {processor.py:641} INFO - Processing file /Users/marianaoliveira/Downloads/alura1/venv/lib/python3.10/site-packages/airflow/example_dags/example_external_task_marker_dag.py for tasks to queue
[2023-05-19 16:36:55,321] {logging_mixin.py:115} INFO - [2023-05-19 16:36:55,320] {dagbag.py:507} INFO - Filling up the DagBag from /Users/marianaoliveira/Downloads/alura1/venv/lib/python3.10/site-packages/airflow/example_dags/example_external_task_marker_dag.py
[2023-05-19 16:36:55,343] {processor.py:651} INFO - DAG(s) dict_keys(['example_external_task_marker_parent', 'example_external_task_marker_child']) retrieved from /Users/marianaoliveira/Downloads/alura1/venv/lib/python3.10/site-packages/airflow/example_dags/example_external_task_marker_dag.py
[2023-05-19 16:36:55,483] {logging_mixin.py:115} INFO - [2023-05-19 16:36:55,483] {dag.py:2379} INFO - Sync 2 DAGs
[2023-05-19 16:36:55,515] {logging_mixin.py:115} INFO - [2023-05-19 16:36:55,515] {dag.py:2927} INFO - Setting next_dagrun for example_external_task_marker_child to None, run_after=None
[2023-05-19 16:36:55,515] {logging_mixin.py:115} INFO - [2023-05-19 16:36:55,515] {dag.py:2927} INFO - Setting next_dagrun for example_external_task_marker_parent to None, run_after=None
[2023-05-19 16:36:55,539] {processor.py:161} INFO - Processing /Users/marianaoliveira/Downloads/alura1/venv/lib/python3.10/site-packages/airflow/example_dags/example_external_task_marker_dag.py took 0.222 seconds
[2023-05-19 16:52:09,078] {processor.py:153} INFO - Started process (PID=6761) to work on /Users/marianaoliveira/Downloads/alura1/venv/lib/python3.10/site-packages/airflow/example_dags/example_external_task_marker_dag.py
[2023-05-19 16:52:09,081] {processor.py:641} INFO - Processing file /Users/marianaoliveira/Downloads/alura1/venv/lib/python3.10/site-packages/airflow/example_dags/example_external_task_marker_dag.py for tasks to queue
[2023-05-19 16:52:09,082] {logging_mixin.py:115} INFO - [2023-05-19 16:52:09,082] {dagbag.py:507} INFO - Filling up the DagBag from /Users/marianaoliveira/Downloads/alura1/venv/lib/python3.10/site-packages/airflow/example_dags/example_external_task_marker_dag.py
[2023-05-19 16:52:09,134] {processor.py:651} INFO - DAG(s) dict_keys(['example_external_task_marker_parent', 'example_external_task_marker_child']) retrieved from /Users/marianaoliveira/Downloads/alura1/venv/lib/python3.10/site-packages/airflow/example_dags/example_external_task_marker_dag.py
[2023-05-19 16:52:09,495] {logging_mixin.py:115} INFO - [2023-05-19 16:52:09,494] {dag.py:2379} INFO - Sync 2 DAGs
[2023-05-19 16:52:09,530] {logging_mixin.py:115} INFO - [2023-05-19 16:52:09,530] {dag.py:2927} INFO - Setting next_dagrun for example_external_task_marker_child to None, run_after=None
[2023-05-19 16:52:09,532] {logging_mixin.py:115} INFO - [2023-05-19 16:52:09,532] {dag.py:2927} INFO - Setting next_dagrun for example_external_task_marker_parent to None, run_after=None
[2023-05-19 16:52:09,564] {processor.py:161} INFO - Processing /Users/marianaoliveira/Downloads/alura1/venv/lib/python3.10/site-packages/airflow/example_dags/example_external_task_marker_dag.py took 0.487 seconds
[2023-05-19 16:55:47,333] {processor.py:153} INFO - Started process (PID=6999) to work on /Users/marianaoliveira/Downloads/alura1/venv/lib/python3.10/site-packages/airflow/example_dags/example_external_task_marker_dag.py
[2023-05-19 16:55:47,334] {processor.py:641} INFO - Processing file /Users/marianaoliveira/Downloads/alura1/venv/lib/python3.10/site-packages/airflow/example_dags/example_external_task_marker_dag.py for tasks to queue
[2023-05-19 16:55:47,335] {logging_mixin.py:115} INFO - [2023-05-19 16:55:47,335] {dagbag.py:507} INFO - Filling up the DagBag from /Users/marianaoliveira/Downloads/alura1/venv/lib/python3.10/site-packages/airflow/example_dags/example_external_task_marker_dag.py
[2023-05-19 16:55:47,368] {processor.py:651} INFO - DAG(s) dict_keys(['example_external_task_marker_parent', 'example_external_task_marker_child']) retrieved from /Users/marianaoliveira/Downloads/alura1/venv/lib/python3.10/site-packages/airflow/example_dags/example_external_task_marker_dag.py
[2023-05-19 16:55:47,583] {logging_mixin.py:115} INFO - [2023-05-19 16:55:47,579] {dag.py:2379} INFO - Sync 2 DAGs
[2023-05-19 16:55:47,609] {logging_mixin.py:115} INFO - [2023-05-19 16:55:47,609] {dag.py:2927} INFO - Setting next_dagrun for example_external_task_marker_child to None, run_after=None
[2023-05-19 16:55:47,610] {logging_mixin.py:115} INFO - [2023-05-19 16:55:47,609] {dag.py:2927} INFO - Setting next_dagrun for example_external_task_marker_parent to None, run_after=None
[2023-05-19 16:55:47,645] {processor.py:161} INFO - Processing /Users/marianaoliveira/Downloads/alura1/venv/lib/python3.10/site-packages/airflow/example_dags/example_external_task_marker_dag.py took 0.314 seconds
[2023-05-19 16:58:51,011] {processor.py:153} INFO - Started process (PID=7078) to work on /Users/marianaoliveira/Downloads/alura1/venv/lib/python3.10/site-packages/airflow/example_dags/example_external_task_marker_dag.py
[2023-05-19 16:58:51,013] {processor.py:641} INFO - Processing file /Users/marianaoliveira/Downloads/alura1/venv/lib/python3.10/site-packages/airflow/example_dags/example_external_task_marker_dag.py for tasks to queue
[2023-05-19 16:58:51,014] {logging_mixin.py:115} INFO - [2023-05-19 16:58:51,013] {dagbag.py:507} INFO - Filling up the DagBag from /Users/marianaoliveira/Downloads/alura1/venv/lib/python3.10/site-packages/airflow/example_dags/example_external_task_marker_dag.py
[2023-05-19 16:58:51,049] {processor.py:651} INFO - DAG(s) dict_keys(['example_external_task_marker_parent', 'example_external_task_marker_child']) retrieved from /Users/marianaoliveira/Downloads/alura1/venv/lib/python3.10/site-packages/airflow/example_dags/example_external_task_marker_dag.py
[2023-05-19 16:58:51,209] {logging_mixin.py:115} INFO - [2023-05-19 16:58:51,207] {dag.py:2379} INFO - Sync 2 DAGs
[2023-05-19 16:58:51,237] {logging_mixin.py:115} INFO - [2023-05-19 16:58:51,237] {dag.py:2927} INFO - Setting next_dagrun for example_external_task_marker_child to None, run_after=None
[2023-05-19 16:58:51,237] {logging_mixin.py:115} INFO - [2023-05-19 16:58:51,237] {dag.py:2927} INFO - Setting next_dagrun for example_external_task_marker_parent to None, run_after=None
[2023-05-19 16:58:51,254] {processor.py:161} INFO - Processing /Users/marianaoliveira/Downloads/alura1/venv/lib/python3.10/site-packages/airflow/example_dags/example_external_task_marker_dag.py took 0.245 seconds
[2023-05-19 17:01:53,863] {processor.py:153} INFO - Started process (PID=7164) to work on /Users/marianaoliveira/Downloads/alura1/venv/lib/python3.10/site-packages/airflow/example_dags/example_external_task_marker_dag.py
[2023-05-19 17:01:53,864] {processor.py:641} INFO - Processing file /Users/marianaoliveira/Downloads/alura1/venv/lib/python3.10/site-packages/airflow/example_dags/example_external_task_marker_dag.py for tasks to queue
[2023-05-19 17:01:53,865] {logging_mixin.py:115} INFO - [2023-05-19 17:01:53,864] {dagbag.py:507} INFO - Filling up the DagBag from /Users/marianaoliveira/Downloads/alura1/venv/lib/python3.10/site-packages/airflow/example_dags/example_external_task_marker_dag.py
[2023-05-19 17:01:53,892] {processor.py:651} INFO - DAG(s) dict_keys(['example_external_task_marker_parent', 'example_external_task_marker_child']) retrieved from /Users/marianaoliveira/Downloads/alura1/venv/lib/python3.10/site-packages/airflow/example_dags/example_external_task_marker_dag.py
[2023-05-19 17:01:54,018] {logging_mixin.py:115} INFO - [2023-05-19 17:01:54,018] {dag.py:2379} INFO - Sync 2 DAGs
[2023-05-19 17:01:54,040] {logging_mixin.py:115} INFO - [2023-05-19 17:01:54,040] {dag.py:2927} INFO - Setting next_dagrun for example_external_task_marker_child to None, run_after=None
[2023-05-19 17:01:54,040] {logging_mixin.py:115} INFO - [2023-05-19 17:01:54,040] {dag.py:2927} INFO - Setting next_dagrun for example_external_task_marker_parent to None, run_after=None
[2023-05-19 17:01:54,056] {processor.py:161} INFO - Processing /Users/marianaoliveira/Downloads/alura1/venv/lib/python3.10/site-packages/airflow/example_dags/example_external_task_marker_dag.py took 0.195 seconds
[2023-05-19 17:31:06,083] {processor.py:153} INFO - Started process (PID=7760) to work on /Users/marianaoliveira/Downloads/alura1/venv/lib/python3.10/site-packages/airflow/example_dags/example_external_task_marker_dag.py
[2023-05-19 17:31:06,085] {processor.py:641} INFO - Processing file /Users/marianaoliveira/Downloads/alura1/venv/lib/python3.10/site-packages/airflow/example_dags/example_external_task_marker_dag.py for tasks to queue
[2023-05-19 17:31:06,086] {logging_mixin.py:115} INFO - [2023-05-19 17:31:06,085] {dagbag.py:507} INFO - Filling up the DagBag from /Users/marianaoliveira/Downloads/alura1/venv/lib/python3.10/site-packages/airflow/example_dags/example_external_task_marker_dag.py
[2023-05-19 17:31:06,112] {processor.py:651} INFO - DAG(s) dict_keys(['example_external_task_marker_parent', 'example_external_task_marker_child']) retrieved from /Users/marianaoliveira/Downloads/alura1/venv/lib/python3.10/site-packages/airflow/example_dags/example_external_task_marker_dag.py
[2023-05-19 17:31:06,283] {logging_mixin.py:115} INFO - [2023-05-19 17:31:06,283] {dag.py:2379} INFO - Sync 2 DAGs
[2023-05-19 17:31:06,318] {logging_mixin.py:115} INFO - [2023-05-19 17:31:06,318] {dag.py:2927} INFO - Setting next_dagrun for example_external_task_marker_child to None, run_after=None
[2023-05-19 17:31:06,318] {logging_mixin.py:115} INFO - [2023-05-19 17:31:06,318] {dag.py:2927} INFO - Setting next_dagrun for example_external_task_marker_parent to None, run_after=None
[2023-05-19 17:31:06,345] {processor.py:161} INFO - Processing /Users/marianaoliveira/Downloads/alura1/venv/lib/python3.10/site-packages/airflow/example_dags/example_external_task_marker_dag.py took 0.264 seconds
[2023-05-19 17:34:14,030] {processor.py:153} INFO - Started process (PID=7839) to work on /Users/marianaoliveira/Downloads/alura1/venv/lib/python3.10/site-packages/airflow/example_dags/example_external_task_marker_dag.py
[2023-05-19 17:34:14,032] {processor.py:641} INFO - Processing file /Users/marianaoliveira/Downloads/alura1/venv/lib/python3.10/site-packages/airflow/example_dags/example_external_task_marker_dag.py for tasks to queue
[2023-05-19 17:34:14,033] {logging_mixin.py:115} INFO - [2023-05-19 17:34:14,033] {dagbag.py:507} INFO - Filling up the DagBag from /Users/marianaoliveira/Downloads/alura1/venv/lib/python3.10/site-packages/airflow/example_dags/example_external_task_marker_dag.py
[2023-05-19 17:34:14,118] {processor.py:651} INFO - DAG(s) dict_keys(['example_external_task_marker_parent', 'example_external_task_marker_child']) retrieved from /Users/marianaoliveira/Downloads/alura1/venv/lib/python3.10/site-packages/airflow/example_dags/example_external_task_marker_dag.py
[2023-05-19 17:34:14,486] {logging_mixin.py:115} INFO - [2023-05-19 17:34:14,486] {dag.py:2379} INFO - Sync 2 DAGs
[2023-05-19 17:34:14,556] {logging_mixin.py:115} INFO - [2023-05-19 17:34:14,556] {dag.py:2927} INFO - Setting next_dagrun for example_external_task_marker_child to None, run_after=None
[2023-05-19 17:34:14,557] {logging_mixin.py:115} INFO - [2023-05-19 17:34:14,557] {dag.py:2927} INFO - Setting next_dagrun for example_external_task_marker_parent to None, run_after=None
[2023-05-19 17:34:14,600] {processor.py:161} INFO - Processing /Users/marianaoliveira/Downloads/alura1/venv/lib/python3.10/site-packages/airflow/example_dags/example_external_task_marker_dag.py took 0.574 seconds
[2023-05-19 17:38:36,087] {processor.py:153} INFO - Started process (PID=7946) to work on /Users/marianaoliveira/Downloads/alura1/venv/lib/python3.10/site-packages/airflow/example_dags/example_external_task_marker_dag.py
[2023-05-19 17:38:36,089] {processor.py:641} INFO - Processing file /Users/marianaoliveira/Downloads/alura1/venv/lib/python3.10/site-packages/airflow/example_dags/example_external_task_marker_dag.py for tasks to queue
[2023-05-19 17:38:36,090] {logging_mixin.py:115} INFO - [2023-05-19 17:38:36,090] {dagbag.py:507} INFO - Filling up the DagBag from /Users/marianaoliveira/Downloads/alura1/venv/lib/python3.10/site-packages/airflow/example_dags/example_external_task_marker_dag.py
[2023-05-19 17:38:36,157] {processor.py:651} INFO - DAG(s) dict_keys(['example_external_task_marker_parent', 'example_external_task_marker_child']) retrieved from /Users/marianaoliveira/Downloads/alura1/venv/lib/python3.10/site-packages/airflow/example_dags/example_external_task_marker_dag.py
[2023-05-19 17:38:36,476] {logging_mixin.py:115} INFO - [2023-05-19 17:38:36,475] {dag.py:2379} INFO - Sync 2 DAGs
[2023-05-19 17:38:36,560] {logging_mixin.py:115} INFO - [2023-05-19 17:38:36,559] {dag.py:2927} INFO - Setting next_dagrun for example_external_task_marker_child to None, run_after=None
[2023-05-19 17:38:36,560] {logging_mixin.py:115} INFO - [2023-05-19 17:38:36,560] {dag.py:2927} INFO - Setting next_dagrun for example_external_task_marker_parent to None, run_after=None
[2023-05-19 17:38:36,599] {processor.py:161} INFO - Processing /Users/marianaoliveira/Downloads/alura1/venv/lib/python3.10/site-packages/airflow/example_dags/example_external_task_marker_dag.py took 0.515 seconds
[2023-05-19 17:45:43,195] {processor.py:153} INFO - Started process (PID=8115) to work on /Users/marianaoliveira/Downloads/alura1/venv/lib/python3.10/site-packages/airflow/example_dags/example_external_task_marker_dag.py
[2023-05-19 17:45:43,196] {processor.py:641} INFO - Processing file /Users/marianaoliveira/Downloads/alura1/venv/lib/python3.10/site-packages/airflow/example_dags/example_external_task_marker_dag.py for tasks to queue
[2023-05-19 17:45:43,196] {logging_mixin.py:115} INFO - [2023-05-19 17:45:43,196] {dagbag.py:507} INFO - Filling up the DagBag from /Users/marianaoliveira/Downloads/alura1/venv/lib/python3.10/site-packages/airflow/example_dags/example_external_task_marker_dag.py
[2023-05-19 17:45:43,223] {processor.py:651} INFO - DAG(s) dict_keys(['example_external_task_marker_parent', 'example_external_task_marker_child']) retrieved from /Users/marianaoliveira/Downloads/alura1/venv/lib/python3.10/site-packages/airflow/example_dags/example_external_task_marker_dag.py
[2023-05-19 17:45:43,384] {logging_mixin.py:115} INFO - [2023-05-19 17:45:43,384] {dag.py:2379} INFO - Sync 2 DAGs
[2023-05-19 17:45:43,407] {logging_mixin.py:115} INFO - [2023-05-19 17:45:43,407] {dag.py:2927} INFO - Setting next_dagrun for example_external_task_marker_child to None, run_after=None
[2023-05-19 17:45:43,408] {logging_mixin.py:115} INFO - [2023-05-19 17:45:43,408] {dag.py:2927} INFO - Setting next_dagrun for example_external_task_marker_parent to None, run_after=None
[2023-05-19 17:45:43,425] {processor.py:161} INFO - Processing /Users/marianaoliveira/Downloads/alura1/venv/lib/python3.10/site-packages/airflow/example_dags/example_external_task_marker_dag.py took 0.230 seconds
[2023-05-19 17:48:11,460] {processor.py:153} INFO - Started process (PID=8179) to work on /Users/marianaoliveira/Downloads/alura1/venv/lib/python3.10/site-packages/airflow/example_dags/example_external_task_marker_dag.py
[2023-05-19 17:48:11,461] {processor.py:641} INFO - Processing file /Users/marianaoliveira/Downloads/alura1/venv/lib/python3.10/site-packages/airflow/example_dags/example_external_task_marker_dag.py for tasks to queue
[2023-05-19 17:48:11,461] {logging_mixin.py:115} INFO - [2023-05-19 17:48:11,461] {dagbag.py:507} INFO - Filling up the DagBag from /Users/marianaoliveira/Downloads/alura1/venv/lib/python3.10/site-packages/airflow/example_dags/example_external_task_marker_dag.py
[2023-05-19 17:48:11,495] {processor.py:651} INFO - DAG(s) dict_keys(['example_external_task_marker_parent', 'example_external_task_marker_child']) retrieved from /Users/marianaoliveira/Downloads/alura1/venv/lib/python3.10/site-packages/airflow/example_dags/example_external_task_marker_dag.py
[2023-05-19 17:48:11,659] {logging_mixin.py:115} INFO - [2023-05-19 17:48:11,659] {dag.py:2379} INFO - Sync 2 DAGs
[2023-05-19 17:48:11,687] {logging_mixin.py:115} INFO - [2023-05-19 17:48:11,686] {dag.py:2927} INFO - Setting next_dagrun for example_external_task_marker_child to None, run_after=None
[2023-05-19 17:48:11,687] {logging_mixin.py:115} INFO - [2023-05-19 17:48:11,687] {dag.py:2927} INFO - Setting next_dagrun for example_external_task_marker_parent to None, run_after=None
[2023-05-19 17:48:11,708] {processor.py:161} INFO - Processing /Users/marianaoliveira/Downloads/alura1/venv/lib/python3.10/site-packages/airflow/example_dags/example_external_task_marker_dag.py took 0.249 seconds
[2023-05-19 17:51:14,606] {processor.py:153} INFO - Started process (PID=8275) to work on /Users/marianaoliveira/Downloads/alura1/venv/lib/python3.10/site-packages/airflow/example_dags/example_external_task_marker_dag.py
[2023-05-19 17:51:14,607] {processor.py:641} INFO - Processing file /Users/marianaoliveira/Downloads/alura1/venv/lib/python3.10/site-packages/airflow/example_dags/example_external_task_marker_dag.py for tasks to queue
[2023-05-19 17:51:14,608] {logging_mixin.py:115} INFO - [2023-05-19 17:51:14,607] {dagbag.py:507} INFO - Filling up the DagBag from /Users/marianaoliveira/Downloads/alura1/venv/lib/python3.10/site-packages/airflow/example_dags/example_external_task_marker_dag.py
[2023-05-19 17:51:14,640] {processor.py:651} INFO - DAG(s) dict_keys(['example_external_task_marker_parent', 'example_external_task_marker_child']) retrieved from /Users/marianaoliveira/Downloads/alura1/venv/lib/python3.10/site-packages/airflow/example_dags/example_external_task_marker_dag.py
[2023-05-19 17:51:14,841] {logging_mixin.py:115} INFO - [2023-05-19 17:51:14,841] {dag.py:2379} INFO - Sync 2 DAGs
[2023-05-19 17:51:14,870] {logging_mixin.py:115} INFO - [2023-05-19 17:51:14,870] {dag.py:2927} INFO - Setting next_dagrun for example_external_task_marker_child to None, run_after=None
[2023-05-19 17:51:14,871] {logging_mixin.py:115} INFO - [2023-05-19 17:51:14,871] {dag.py:2927} INFO - Setting next_dagrun for example_external_task_marker_parent to None, run_after=None
[2023-05-19 17:51:14,889] {processor.py:161} INFO - Processing /Users/marianaoliveira/Downloads/alura1/venv/lib/python3.10/site-packages/airflow/example_dags/example_external_task_marker_dag.py took 0.284 seconds
[2023-05-19 17:54:45,439] {processor.py:153} INFO - Started process (PID=8448) to work on /Users/marianaoliveira/Downloads/alura1/venv/lib/python3.10/site-packages/airflow/example_dags/example_external_task_marker_dag.py
[2023-05-19 17:54:45,440] {processor.py:641} INFO - Processing file /Users/marianaoliveira/Downloads/alura1/venv/lib/python3.10/site-packages/airflow/example_dags/example_external_task_marker_dag.py for tasks to queue
[2023-05-19 17:54:45,444] {logging_mixin.py:115} INFO - [2023-05-19 17:54:45,443] {dagbag.py:507} INFO - Filling up the DagBag from /Users/marianaoliveira/Downloads/alura1/venv/lib/python3.10/site-packages/airflow/example_dags/example_external_task_marker_dag.py
[2023-05-19 17:54:45,468] {processor.py:651} INFO - DAG(s) dict_keys(['example_external_task_marker_parent', 'example_external_task_marker_child']) retrieved from /Users/marianaoliveira/Downloads/alura1/venv/lib/python3.10/site-packages/airflow/example_dags/example_external_task_marker_dag.py
[2023-05-19 17:54:45,618] {logging_mixin.py:115} INFO - [2023-05-19 17:54:45,618] {dag.py:2379} INFO - Sync 2 DAGs
[2023-05-19 17:54:45,643] {logging_mixin.py:115} INFO - [2023-05-19 17:54:45,643] {dag.py:2927} INFO - Setting next_dagrun for example_external_task_marker_child to None, run_after=None
[2023-05-19 17:54:45,644] {logging_mixin.py:115} INFO - [2023-05-19 17:54:45,643] {dag.py:2927} INFO - Setting next_dagrun for example_external_task_marker_parent to None, run_after=None
[2023-05-19 17:54:45,661] {processor.py:161} INFO - Processing /Users/marianaoliveira/Downloads/alura1/venv/lib/python3.10/site-packages/airflow/example_dags/example_external_task_marker_dag.py took 0.224 seconds
[2023-05-19 17:57:45,072] {processor.py:153} INFO - Started process (PID=8602) to work on /Users/marianaoliveira/Downloads/alura1/venv/lib/python3.10/site-packages/airflow/example_dags/example_external_task_marker_dag.py
[2023-05-19 17:57:45,073] {processor.py:641} INFO - Processing file /Users/marianaoliveira/Downloads/alura1/venv/lib/python3.10/site-packages/airflow/example_dags/example_external_task_marker_dag.py for tasks to queue
[2023-05-19 17:57:45,074] {logging_mixin.py:115} INFO - [2023-05-19 17:57:45,074] {dagbag.py:507} INFO - Filling up the DagBag from /Users/marianaoliveira/Downloads/alura1/venv/lib/python3.10/site-packages/airflow/example_dags/example_external_task_marker_dag.py
[2023-05-19 17:57:45,099] {processor.py:651} INFO - DAG(s) dict_keys(['example_external_task_marker_parent', 'example_external_task_marker_child']) retrieved from /Users/marianaoliveira/Downloads/alura1/venv/lib/python3.10/site-packages/airflow/example_dags/example_external_task_marker_dag.py
[2023-05-19 17:57:45,295] {logging_mixin.py:115} INFO - [2023-05-19 17:57:45,295] {dag.py:2379} INFO - Sync 2 DAGs
[2023-05-19 17:57:45,324] {logging_mixin.py:115} INFO - [2023-05-19 17:57:45,323] {dag.py:2927} INFO - Setting next_dagrun for example_external_task_marker_child to None, run_after=None
[2023-05-19 17:57:45,324] {logging_mixin.py:115} INFO - [2023-05-19 17:57:45,324] {dag.py:2927} INFO - Setting next_dagrun for example_external_task_marker_parent to None, run_after=None
[2023-05-19 17:57:45,347] {processor.py:161} INFO - Processing /Users/marianaoliveira/Downloads/alura1/venv/lib/python3.10/site-packages/airflow/example_dags/example_external_task_marker_dag.py took 0.276 seconds
[2023-05-19 18:15:37,793] {processor.py:153} INFO - Started process (PID=9233) to work on /Users/marianaoliveira/Downloads/alura1/venv/lib/python3.10/site-packages/airflow/example_dags/example_external_task_marker_dag.py
[2023-05-19 18:15:37,795] {processor.py:641} INFO - Processing file /Users/marianaoliveira/Downloads/alura1/venv/lib/python3.10/site-packages/airflow/example_dags/example_external_task_marker_dag.py for tasks to queue
[2023-05-19 18:15:37,795] {logging_mixin.py:115} INFO - [2023-05-19 18:15:37,795] {dagbag.py:507} INFO - Filling up the DagBag from /Users/marianaoliveira/Downloads/alura1/venv/lib/python3.10/site-packages/airflow/example_dags/example_external_task_marker_dag.py
[2023-05-19 18:15:37,821] {processor.py:651} INFO - DAG(s) dict_keys(['example_external_task_marker_parent', 'example_external_task_marker_child']) retrieved from /Users/marianaoliveira/Downloads/alura1/venv/lib/python3.10/site-packages/airflow/example_dags/example_external_task_marker_dag.py
[2023-05-19 18:15:38,023] {logging_mixin.py:115} INFO - [2023-05-19 18:15:38,023] {dag.py:2379} INFO - Sync 2 DAGs
[2023-05-19 18:15:38,049] {logging_mixin.py:115} INFO - [2023-05-19 18:15:38,049] {dag.py:2927} INFO - Setting next_dagrun for example_external_task_marker_child to None, run_after=None
[2023-05-19 18:15:38,049] {logging_mixin.py:115} INFO - [2023-05-19 18:15:38,049] {dag.py:2927} INFO - Setting next_dagrun for example_external_task_marker_parent to None, run_after=None
[2023-05-19 18:15:38,071] {processor.py:161} INFO - Processing /Users/marianaoliveira/Downloads/alura1/venv/lib/python3.10/site-packages/airflow/example_dags/example_external_task_marker_dag.py took 0.279 seconds
