[2023-05-19 15:11:38,074] {processor.py:153} INFO - Started process (PID=2766) to work on /Users/marianaoliveira/Downloads/alura1/venv/lib/python3.10/site-packages/airflow/example_dags/example_xcom.py
[2023-05-19 15:11:38,074] {processor.py:641} INFO - Processing file /Users/marianaoliveira/Downloads/alura1/venv/lib/python3.10/site-packages/airflow/example_dags/example_xcom.py for tasks to queue
[2023-05-19 15:11:38,075] {logging_mixin.py:115} INFO - [2023-05-19 15:11:38,075] {dagbag.py:507} INFO - Filling up the DagBag from /Users/marianaoliveira/Downloads/alura1/venv/lib/python3.10/site-packages/airflow/example_dags/example_xcom.py
[2023-05-19 15:11:38,142] {processor.py:651} INFO - DAG(s) dict_keys(['example_xcom']) retrieved from /Users/marianaoliveira/Downloads/alura1/venv/lib/python3.10/site-packages/airflow/example_dags/example_xcom.py
[2023-05-19 15:11:39,357] {logging_mixin.py:115} INFO - [2023-05-19 15:11:39,357] {manager.py:508} INFO - Created Permission View: can delete on DAG:example_xcom
[2023-05-19 15:11:39,370] {logging_mixin.py:115} INFO - [2023-05-19 15:11:39,369] {manager.py:508} INFO - Created Permission View: can edit on DAG:example_xcom
[2023-05-19 15:11:39,384] {logging_mixin.py:115} INFO - [2023-05-19 15:11:39,384] {manager.py:508} INFO - Created Permission View: can read on DAG:example_xcom
[2023-05-19 15:11:39,384] {logging_mixin.py:115} INFO - [2023-05-19 15:11:39,384] {dag.py:2379} INFO - Sync 1 DAGs
[2023-05-19 15:11:39,401] {logging_mixin.py:115} INFO - [2023-05-19 15:11:39,401] {dag.py:2398} INFO - Creating ORM DAG for example_xcom
[2023-05-19 15:11:39,410] {logging_mixin.py:115} INFO - [2023-05-19 15:11:39,410] {dag.py:2927} INFO - Setting next_dagrun for example_xcom to 2021-01-01T00:00:00+00:00, run_after=2021-01-01T00:00:00+00:00
[2023-05-19 15:11:39,429] {processor.py:161} INFO - Processing /Users/marianaoliveira/Downloads/alura1/venv/lib/python3.10/site-packages/airflow/example_dags/example_xcom.py took 1.357 seconds
[2023-05-19 15:13:38,994] {processor.py:153} INFO - Started process (PID=2872) to work on /Users/marianaoliveira/Downloads/alura1/venv/lib/python3.10/site-packages/airflow/example_dags/example_xcom.py
[2023-05-19 15:13:38,995] {processor.py:641} INFO - Processing file /Users/marianaoliveira/Downloads/alura1/venv/lib/python3.10/site-packages/airflow/example_dags/example_xcom.py for tasks to queue
[2023-05-19 15:13:38,996] {logging_mixin.py:115} INFO - [2023-05-19 15:13:38,996] {dagbag.py:507} INFO - Filling up the DagBag from /Users/marianaoliveira/Downloads/alura1/venv/lib/python3.10/site-packages/airflow/example_dags/example_xcom.py
[2023-05-19 15:13:39,040] {processor.py:651} INFO - DAG(s) dict_keys(['example_xcom']) retrieved from /Users/marianaoliveira/Downloads/alura1/venv/lib/python3.10/site-packages/airflow/example_dags/example_xcom.py
[2023-05-19 15:13:39,765] {logging_mixin.py:115} INFO - [2023-05-19 15:13:39,764] {dag.py:2379} INFO - Sync 1 DAGs
[2023-05-19 15:13:39,781] {logging_mixin.py:115} INFO - [2023-05-19 15:13:39,780] {dag.py:2927} INFO - Setting next_dagrun for example_xcom to 2021-01-01T00:00:00+00:00, run_after=2021-01-01T00:00:00+00:00
[2023-05-19 15:13:39,794] {processor.py:161} INFO - Processing /Users/marianaoliveira/Downloads/alura1/venv/lib/python3.10/site-packages/airflow/example_dags/example_xcom.py took 0.800 seconds
[2023-05-19 15:14:35,354] {processor.py:153} INFO - Started process (PID=2907) to work on /Users/marianaoliveira/Downloads/alura1/venv/lib/python3.10/site-packages/airflow/example_dags/example_xcom.py
[2023-05-19 15:14:35,354] {processor.py:641} INFO - Processing file /Users/marianaoliveira/Downloads/alura1/venv/lib/python3.10/site-packages/airflow/example_dags/example_xcom.py for tasks to queue
[2023-05-19 15:14:35,354] {logging_mixin.py:115} INFO - [2023-05-19 15:14:35,354] {dagbag.py:507} INFO - Filling up the DagBag from /Users/marianaoliveira/Downloads/alura1/venv/lib/python3.10/site-packages/airflow/example_dags/example_xcom.py
[2023-05-19 15:14:35,393] {processor.py:651} INFO - DAG(s) dict_keys(['example_xcom']) retrieved from /Users/marianaoliveira/Downloads/alura1/venv/lib/python3.10/site-packages/airflow/example_dags/example_xcom.py
[2023-05-19 15:14:36,121] {logging_mixin.py:115} INFO - [2023-05-19 15:14:36,120] {dag.py:2379} INFO - Sync 1 DAGs
[2023-05-19 15:14:36,137] {logging_mixin.py:115} INFO - [2023-05-19 15:14:36,137] {dag.py:2927} INFO - Setting next_dagrun for example_xcom to 2021-01-01T00:00:00+00:00, run_after=2021-01-01T00:00:00+00:00
[2023-05-19 15:14:36,151] {processor.py:161} INFO - Processing /Users/marianaoliveira/Downloads/alura1/venv/lib/python3.10/site-packages/airflow/example_dags/example_xcom.py took 0.798 seconds
[2023-05-19 15:15:35,407] {processor.py:153} INFO - Started process (PID=2942) to work on /Users/marianaoliveira/Downloads/alura1/venv/lib/python3.10/site-packages/airflow/example_dags/example_xcom.py
[2023-05-19 15:15:35,409] {processor.py:641} INFO - Processing file /Users/marianaoliveira/Downloads/alura1/venv/lib/python3.10/site-packages/airflow/example_dags/example_xcom.py for tasks to queue
[2023-05-19 15:15:35,409] {logging_mixin.py:115} INFO - [2023-05-19 15:15:35,409] {dagbag.py:507} INFO - Filling up the DagBag from /Users/marianaoliveira/Downloads/alura1/venv/lib/python3.10/site-packages/airflow/example_dags/example_xcom.py
[2023-05-19 15:15:35,479] {processor.py:651} INFO - DAG(s) dict_keys(['example_xcom']) retrieved from /Users/marianaoliveira/Downloads/alura1/venv/lib/python3.10/site-packages/airflow/example_dags/example_xcom.py
[2023-05-19 15:15:36,831] {logging_mixin.py:115} INFO - [2023-05-19 15:15:36,830] {dag.py:2379} INFO - Sync 1 DAGs
[2023-05-19 15:15:36,864] {logging_mixin.py:115} INFO - [2023-05-19 15:15:36,864] {dag.py:2927} INFO - Setting next_dagrun for example_xcom to 2021-01-01T00:00:00+00:00, run_after=2021-01-01T00:00:00+00:00
[2023-05-19 15:15:36,881] {processor.py:161} INFO - Processing /Users/marianaoliveira/Downloads/alura1/venv/lib/python3.10/site-packages/airflow/example_dags/example_xcom.py took 1.479 seconds
[2023-05-19 15:16:54,125] {processor.py:153} INFO - Started process (PID=2985) to work on /Users/marianaoliveira/Downloads/alura1/venv/lib/python3.10/site-packages/airflow/example_dags/example_xcom.py
[2023-05-19 15:16:54,126] {processor.py:641} INFO - Processing file /Users/marianaoliveira/Downloads/alura1/venv/lib/python3.10/site-packages/airflow/example_dags/example_xcom.py for tasks to queue
[2023-05-19 15:16:54,127] {logging_mixin.py:115} INFO - [2023-05-19 15:16:54,127] {dagbag.py:507} INFO - Filling up the DagBag from /Users/marianaoliveira/Downloads/alura1/venv/lib/python3.10/site-packages/airflow/example_dags/example_xcom.py
[2023-05-19 15:16:54,179] {processor.py:651} INFO - DAG(s) dict_keys(['example_xcom']) retrieved from /Users/marianaoliveira/Downloads/alura1/venv/lib/python3.10/site-packages/airflow/example_dags/example_xcom.py
[2023-05-19 15:16:55,205] {logging_mixin.py:115} INFO - [2023-05-19 15:16:55,205] {dag.py:2379} INFO - Sync 1 DAGs
[2023-05-19 15:16:55,225] {logging_mixin.py:115} INFO - [2023-05-19 15:16:55,225] {dag.py:2927} INFO - Setting next_dagrun for example_xcom to 2021-01-01T00:00:00+00:00, run_after=2021-01-01T00:00:00+00:00
[2023-05-19 15:16:55,242] {processor.py:161} INFO - Processing /Users/marianaoliveira/Downloads/alura1/venv/lib/python3.10/site-packages/airflow/example_dags/example_xcom.py took 1.117 seconds
[2023-05-19 15:18:18,383] {processor.py:153} INFO - Started process (PID=3062) to work on /Users/marianaoliveira/Downloads/alura1/venv/lib/python3.10/site-packages/airflow/example_dags/example_xcom.py
[2023-05-19 15:18:18,384] {processor.py:641} INFO - Processing file /Users/marianaoliveira/Downloads/alura1/venv/lib/python3.10/site-packages/airflow/example_dags/example_xcom.py for tasks to queue
[2023-05-19 15:18:18,384] {logging_mixin.py:115} INFO - [2023-05-19 15:18:18,384] {dagbag.py:507} INFO - Filling up the DagBag from /Users/marianaoliveira/Downloads/alura1/venv/lib/python3.10/site-packages/airflow/example_dags/example_xcom.py
[2023-05-19 15:18:18,491] {processor.py:651} INFO - DAG(s) dict_keys(['example_xcom']) retrieved from /Users/marianaoliveira/Downloads/alura1/venv/lib/python3.10/site-packages/airflow/example_dags/example_xcom.py
[2023-05-19 15:18:19,576] {logging_mixin.py:115} INFO - [2023-05-19 15:18:19,576] {dag.py:2379} INFO - Sync 1 DAGs
[2023-05-19 15:18:19,595] {logging_mixin.py:115} INFO - [2023-05-19 15:18:19,595] {dag.py:2927} INFO - Setting next_dagrun for example_xcom to 2021-01-01T00:00:00+00:00, run_after=2021-01-01T00:00:00+00:00
[2023-05-19 15:18:19,609] {processor.py:161} INFO - Processing /Users/marianaoliveira/Downloads/alura1/venv/lib/python3.10/site-packages/airflow/example_dags/example_xcom.py took 1.228 seconds
[2023-05-19 15:19:21,967] {processor.py:153} INFO - Started process (PID=3099) to work on /Users/marianaoliveira/Downloads/alura1/venv/lib/python3.10/site-packages/airflow/example_dags/example_xcom.py
[2023-05-19 15:19:21,968] {processor.py:641} INFO - Processing file /Users/marianaoliveira/Downloads/alura1/venv/lib/python3.10/site-packages/airflow/example_dags/example_xcom.py for tasks to queue
[2023-05-19 15:19:21,968] {logging_mixin.py:115} INFO - [2023-05-19 15:19:21,968] {dagbag.py:507} INFO - Filling up the DagBag from /Users/marianaoliveira/Downloads/alura1/venv/lib/python3.10/site-packages/airflow/example_dags/example_xcom.py
[2023-05-19 15:19:22,010] {processor.py:651} INFO - DAG(s) dict_keys(['example_xcom']) retrieved from /Users/marianaoliveira/Downloads/alura1/venv/lib/python3.10/site-packages/airflow/example_dags/example_xcom.py
[2023-05-19 15:19:22,927] {logging_mixin.py:115} INFO - [2023-05-19 15:19:22,927] {dag.py:2379} INFO - Sync 1 DAGs
[2023-05-19 15:19:22,945] {logging_mixin.py:115} INFO - [2023-05-19 15:19:22,945] {dag.py:2927} INFO - Setting next_dagrun for example_xcom to 2021-01-01T00:00:00+00:00, run_after=2021-01-01T00:00:00+00:00
[2023-05-19 15:19:22,960] {processor.py:161} INFO - Processing /Users/marianaoliveira/Downloads/alura1/venv/lib/python3.10/site-packages/airflow/example_dags/example_xcom.py took 0.995 seconds
[2023-05-19 15:20:23,122] {processor.py:153} INFO - Started process (PID=3129) to work on /Users/marianaoliveira/Downloads/alura1/venv/lib/python3.10/site-packages/airflow/example_dags/example_xcom.py
[2023-05-19 15:20:23,123] {processor.py:641} INFO - Processing file /Users/marianaoliveira/Downloads/alura1/venv/lib/python3.10/site-packages/airflow/example_dags/example_xcom.py for tasks to queue
[2023-05-19 15:20:23,123] {logging_mixin.py:115} INFO - [2023-05-19 15:20:23,123] {dagbag.py:507} INFO - Filling up the DagBag from /Users/marianaoliveira/Downloads/alura1/venv/lib/python3.10/site-packages/airflow/example_dags/example_xcom.py
[2023-05-19 15:20:23,169] {processor.py:651} INFO - DAG(s) dict_keys(['example_xcom']) retrieved from /Users/marianaoliveira/Downloads/alura1/venv/lib/python3.10/site-packages/airflow/example_dags/example_xcom.py
[2023-05-19 15:20:23,890] {logging_mixin.py:115} INFO - [2023-05-19 15:20:23,890] {dag.py:2379} INFO - Sync 1 DAGs
[2023-05-19 15:20:23,906] {logging_mixin.py:115} INFO - [2023-05-19 15:20:23,906] {dag.py:2927} INFO - Setting next_dagrun for example_xcom to 2021-01-01T00:00:00+00:00, run_after=2021-01-01T00:00:00+00:00
[2023-05-19 15:20:23,919] {processor.py:161} INFO - Processing /Users/marianaoliveira/Downloads/alura1/venv/lib/python3.10/site-packages/airflow/example_dags/example_xcom.py took 0.798 seconds
[2023-05-19 15:21:17,299] {processor.py:153} INFO - Started process (PID=3156) to work on /Users/marianaoliveira/Downloads/alura1/venv/lib/python3.10/site-packages/airflow/example_dags/example_xcom.py
[2023-05-19 15:21:17,300] {processor.py:641} INFO - Processing file /Users/marianaoliveira/Downloads/alura1/venv/lib/python3.10/site-packages/airflow/example_dags/example_xcom.py for tasks to queue
[2023-05-19 15:21:17,300] {logging_mixin.py:115} INFO - [2023-05-19 15:21:17,300] {dagbag.py:507} INFO - Filling up the DagBag from /Users/marianaoliveira/Downloads/alura1/venv/lib/python3.10/site-packages/airflow/example_dags/example_xcom.py
[2023-05-19 15:21:17,359] {processor.py:651} INFO - DAG(s) dict_keys(['example_xcom']) retrieved from /Users/marianaoliveira/Downloads/alura1/venv/lib/python3.10/site-packages/airflow/example_dags/example_xcom.py
[2023-05-19 15:21:18,225] {logging_mixin.py:115} INFO - [2023-05-19 15:21:18,225] {dag.py:2379} INFO - Sync 1 DAGs
[2023-05-19 15:21:18,242] {logging_mixin.py:115} INFO - [2023-05-19 15:21:18,242] {dag.py:2927} INFO - Setting next_dagrun for example_xcom to 2021-01-01T00:00:00+00:00, run_after=2021-01-01T00:00:00+00:00
[2023-05-19 15:21:18,256] {processor.py:161} INFO - Processing /Users/marianaoliveira/Downloads/alura1/venv/lib/python3.10/site-packages/airflow/example_dags/example_xcom.py took 0.958 seconds
[2023-05-19 15:22:06,162] {processor.py:153} INFO - Started process (PID=3183) to work on /Users/marianaoliveira/Downloads/alura1/venv/lib/python3.10/site-packages/airflow/example_dags/example_xcom.py
[2023-05-19 15:22:06,163] {processor.py:641} INFO - Processing file /Users/marianaoliveira/Downloads/alura1/venv/lib/python3.10/site-packages/airflow/example_dags/example_xcom.py for tasks to queue
[2023-05-19 15:22:06,164] {logging_mixin.py:115} INFO - [2023-05-19 15:22:06,164] {dagbag.py:507} INFO - Filling up the DagBag from /Users/marianaoliveira/Downloads/alura1/venv/lib/python3.10/site-packages/airflow/example_dags/example_xcom.py
[2023-05-19 15:22:06,205] {processor.py:651} INFO - DAG(s) dict_keys(['example_xcom']) retrieved from /Users/marianaoliveira/Downloads/alura1/venv/lib/python3.10/site-packages/airflow/example_dags/example_xcom.py
[2023-05-19 15:22:06,931] {logging_mixin.py:115} INFO - [2023-05-19 15:22:06,931] {dag.py:2379} INFO - Sync 1 DAGs
[2023-05-19 15:22:06,947] {logging_mixin.py:115} INFO - [2023-05-19 15:22:06,947] {dag.py:2927} INFO - Setting next_dagrun for example_xcom to 2021-01-01T00:00:00+00:00, run_after=2021-01-01T00:00:00+00:00
[2023-05-19 15:22:06,961] {processor.py:161} INFO - Processing /Users/marianaoliveira/Downloads/alura1/venv/lib/python3.10/site-packages/airflow/example_dags/example_xcom.py took 0.799 seconds
[2023-05-19 15:23:42,954] {processor.py:153} INFO - Started process (PID=3234) to work on /Users/marianaoliveira/Downloads/alura1/venv/lib/python3.10/site-packages/airflow/example_dags/example_xcom.py
[2023-05-19 15:23:42,955] {processor.py:641} INFO - Processing file /Users/marianaoliveira/Downloads/alura1/venv/lib/python3.10/site-packages/airflow/example_dags/example_xcom.py for tasks to queue
[2023-05-19 15:23:42,955] {logging_mixin.py:115} INFO - [2023-05-19 15:23:42,955] {dagbag.py:507} INFO - Filling up the DagBag from /Users/marianaoliveira/Downloads/alura1/venv/lib/python3.10/site-packages/airflow/example_dags/example_xcom.py
[2023-05-19 15:23:42,999] {processor.py:651} INFO - DAG(s) dict_keys(['example_xcom']) retrieved from /Users/marianaoliveira/Downloads/alura1/venv/lib/python3.10/site-packages/airflow/example_dags/example_xcom.py
[2023-05-19 15:23:43,863] {logging_mixin.py:115} INFO - [2023-05-19 15:23:43,863] {dag.py:2379} INFO - Sync 1 DAGs
[2023-05-19 15:23:43,883] {logging_mixin.py:115} INFO - [2023-05-19 15:23:43,882] {dag.py:2927} INFO - Setting next_dagrun for example_xcom to 2021-01-01T00:00:00+00:00, run_after=2021-01-01T00:00:00+00:00
[2023-05-19 15:23:43,897] {processor.py:161} INFO - Processing /Users/marianaoliveira/Downloads/alura1/venv/lib/python3.10/site-packages/airflow/example_dags/example_xcom.py took 0.945 seconds
[2023-05-19 15:24:40,289] {processor.py:153} INFO - Started process (PID=3264) to work on /Users/marianaoliveira/Downloads/alura1/venv/lib/python3.10/site-packages/airflow/example_dags/example_xcom.py
[2023-05-19 15:24:40,290] {processor.py:641} INFO - Processing file /Users/marianaoliveira/Downloads/alura1/venv/lib/python3.10/site-packages/airflow/example_dags/example_xcom.py for tasks to queue
[2023-05-19 15:24:40,291] {logging_mixin.py:115} INFO - [2023-05-19 15:24:40,291] {dagbag.py:507} INFO - Filling up the DagBag from /Users/marianaoliveira/Downloads/alura1/venv/lib/python3.10/site-packages/airflow/example_dags/example_xcom.py
[2023-05-19 15:24:40,355] {processor.py:651} INFO - DAG(s) dict_keys(['example_xcom']) retrieved from /Users/marianaoliveira/Downloads/alura1/venv/lib/python3.10/site-packages/airflow/example_dags/example_xcom.py
[2023-05-19 15:24:41,762] {logging_mixin.py:115} INFO - [2023-05-19 15:24:41,762] {dag.py:2379} INFO - Sync 1 DAGs
[2023-05-19 15:24:41,793] {logging_mixin.py:115} INFO - [2023-05-19 15:24:41,793] {dag.py:2927} INFO - Setting next_dagrun for example_xcom to 2021-01-01T00:00:00+00:00, run_after=2021-01-01T00:00:00+00:00
[2023-05-19 15:24:41,823] {processor.py:161} INFO - Processing /Users/marianaoliveira/Downloads/alura1/venv/lib/python3.10/site-packages/airflow/example_dags/example_xcom.py took 1.536 seconds
[2023-05-19 15:26:09,510] {processor.py:153} INFO - Started process (PID=3332) to work on /Users/marianaoliveira/Downloads/alura1/venv/lib/python3.10/site-packages/airflow/example_dags/example_xcom.py
[2023-05-19 15:26:09,510] {processor.py:641} INFO - Processing file /Users/marianaoliveira/Downloads/alura1/venv/lib/python3.10/site-packages/airflow/example_dags/example_xcom.py for tasks to queue
[2023-05-19 15:26:09,511] {logging_mixin.py:115} INFO - [2023-05-19 15:26:09,511] {dagbag.py:507} INFO - Filling up the DagBag from /Users/marianaoliveira/Downloads/alura1/venv/lib/python3.10/site-packages/airflow/example_dags/example_xcom.py
[2023-05-19 15:26:09,655] {processor.py:651} INFO - DAG(s) dict_keys(['example_xcom']) retrieved from /Users/marianaoliveira/Downloads/alura1/venv/lib/python3.10/site-packages/airflow/example_dags/example_xcom.py
[2023-05-19 15:26:10,781] {logging_mixin.py:115} INFO - [2023-05-19 15:26:10,781] {dag.py:2379} INFO - Sync 1 DAGs
[2023-05-19 15:26:10,803] {logging_mixin.py:115} INFO - [2023-05-19 15:26:10,803] {dag.py:2927} INFO - Setting next_dagrun for example_xcom to 2021-01-01T00:00:00+00:00, run_after=2021-01-01T00:00:00+00:00
[2023-05-19 15:26:10,820] {processor.py:161} INFO - Processing /Users/marianaoliveira/Downloads/alura1/venv/lib/python3.10/site-packages/airflow/example_dags/example_xcom.py took 1.311 seconds
[2023-05-19 15:27:23,651] {processor.py:153} INFO - Started process (PID=3371) to work on /Users/marianaoliveira/Downloads/alura1/venv/lib/python3.10/site-packages/airflow/example_dags/example_xcom.py
[2023-05-19 15:27:23,653] {processor.py:641} INFO - Processing file /Users/marianaoliveira/Downloads/alura1/venv/lib/python3.10/site-packages/airflow/example_dags/example_xcom.py for tasks to queue
[2023-05-19 15:27:23,653] {logging_mixin.py:115} INFO - [2023-05-19 15:27:23,653] {dagbag.py:507} INFO - Filling up the DagBag from /Users/marianaoliveira/Downloads/alura1/venv/lib/python3.10/site-packages/airflow/example_dags/example_xcom.py
[2023-05-19 15:27:23,750] {processor.py:651} INFO - DAG(s) dict_keys(['example_xcom']) retrieved from /Users/marianaoliveira/Downloads/alura1/venv/lib/python3.10/site-packages/airflow/example_dags/example_xcom.py
[2023-05-19 15:27:24,789] {logging_mixin.py:115} INFO - [2023-05-19 15:27:24,789] {dag.py:2379} INFO - Sync 1 DAGs
[2023-05-19 15:27:24,818] {logging_mixin.py:115} INFO - [2023-05-19 15:27:24,818] {dag.py:2927} INFO - Setting next_dagrun for example_xcom to 2021-01-01T00:00:00+00:00, run_after=2021-01-01T00:00:00+00:00
[2023-05-19 15:27:24,852] {processor.py:161} INFO - Processing /Users/marianaoliveira/Downloads/alura1/venv/lib/python3.10/site-packages/airflow/example_dags/example_xcom.py took 1.206 seconds
[2023-05-19 15:28:28,291] {processor.py:153} INFO - Started process (PID=3411) to work on /Users/marianaoliveira/Downloads/alura1/venv/lib/python3.10/site-packages/airflow/example_dags/example_xcom.py
[2023-05-19 15:28:28,292] {processor.py:641} INFO - Processing file /Users/marianaoliveira/Downloads/alura1/venv/lib/python3.10/site-packages/airflow/example_dags/example_xcom.py for tasks to queue
[2023-05-19 15:28:28,297] {logging_mixin.py:115} INFO - [2023-05-19 15:28:28,297] {dagbag.py:507} INFO - Filling up the DagBag from /Users/marianaoliveira/Downloads/alura1/venv/lib/python3.10/site-packages/airflow/example_dags/example_xcom.py
[2023-05-19 15:28:28,384] {processor.py:651} INFO - DAG(s) dict_keys(['example_xcom']) retrieved from /Users/marianaoliveira/Downloads/alura1/venv/lib/python3.10/site-packages/airflow/example_dags/example_xcom.py
[2023-05-19 15:28:29,833] {logging_mixin.py:115} INFO - [2023-05-19 15:28:29,833] {dag.py:2379} INFO - Sync 1 DAGs
[2023-05-19 15:28:29,859] {logging_mixin.py:115} INFO - [2023-05-19 15:28:29,859] {dag.py:2927} INFO - Setting next_dagrun for example_xcom to 2021-01-01T00:00:00+00:00, run_after=2021-01-01T00:00:00+00:00
[2023-05-19 15:28:29,887] {processor.py:161} INFO - Processing /Users/marianaoliveira/Downloads/alura1/venv/lib/python3.10/site-packages/airflow/example_dags/example_xcom.py took 1.597 seconds
[2023-05-19 15:29:37,791] {processor.py:153} INFO - Started process (PID=3452) to work on /Users/marianaoliveira/Downloads/alura1/venv/lib/python3.10/site-packages/airflow/example_dags/example_xcom.py
[2023-05-19 15:29:37,792] {processor.py:641} INFO - Processing file /Users/marianaoliveira/Downloads/alura1/venv/lib/python3.10/site-packages/airflow/example_dags/example_xcom.py for tasks to queue
[2023-05-19 15:29:37,792] {logging_mixin.py:115} INFO - [2023-05-19 15:29:37,792] {dagbag.py:507} INFO - Filling up the DagBag from /Users/marianaoliveira/Downloads/alura1/venv/lib/python3.10/site-packages/airflow/example_dags/example_xcom.py
[2023-05-19 15:29:37,837] {processor.py:651} INFO - DAG(s) dict_keys(['example_xcom']) retrieved from /Users/marianaoliveira/Downloads/alura1/venv/lib/python3.10/site-packages/airflow/example_dags/example_xcom.py
[2023-05-19 15:29:38,731] {logging_mixin.py:115} INFO - [2023-05-19 15:29:38,731] {dag.py:2379} INFO - Sync 1 DAGs
[2023-05-19 15:29:38,749] {logging_mixin.py:115} INFO - [2023-05-19 15:29:38,749] {dag.py:2927} INFO - Setting next_dagrun for example_xcom to 2021-01-01T00:00:00+00:00, run_after=2021-01-01T00:00:00+00:00
[2023-05-19 15:29:38,763] {processor.py:161} INFO - Processing /Users/marianaoliveira/Downloads/alura1/venv/lib/python3.10/site-packages/airflow/example_dags/example_xcom.py took 0.973 seconds
[2023-05-19 15:30:48,846] {processor.py:153} INFO - Started process (PID=3494) to work on /Users/marianaoliveira/Downloads/alura1/venv/lib/python3.10/site-packages/airflow/example_dags/example_xcom.py
[2023-05-19 15:30:48,849] {processor.py:641} INFO - Processing file /Users/marianaoliveira/Downloads/alura1/venv/lib/python3.10/site-packages/airflow/example_dags/example_xcom.py for tasks to queue
[2023-05-19 15:30:48,850] {logging_mixin.py:115} INFO - [2023-05-19 15:30:48,850] {dagbag.py:507} INFO - Filling up the DagBag from /Users/marianaoliveira/Downloads/alura1/venv/lib/python3.10/site-packages/airflow/example_dags/example_xcom.py
[2023-05-19 15:30:48,923] {processor.py:651} INFO - DAG(s) dict_keys(['example_xcom']) retrieved from /Users/marianaoliveira/Downloads/alura1/venv/lib/python3.10/site-packages/airflow/example_dags/example_xcom.py
[2023-05-19 15:30:50,387] {logging_mixin.py:115} INFO - [2023-05-19 15:30:50,387] {dag.py:2379} INFO - Sync 1 DAGs
[2023-05-19 15:30:50,418] {logging_mixin.py:115} INFO - [2023-05-19 15:30:50,418] {dag.py:2927} INFO - Setting next_dagrun for example_xcom to 2021-01-01T00:00:00+00:00, run_after=2021-01-01T00:00:00+00:00
[2023-05-19 15:30:50,440] {processor.py:161} INFO - Processing /Users/marianaoliveira/Downloads/alura1/venv/lib/python3.10/site-packages/airflow/example_dags/example_xcom.py took 1.595 seconds
[2023-05-19 16:28:59,069] {processor.py:153} INFO - Started process (PID=6050) to work on /Users/marianaoliveira/Downloads/alura1/venv/lib/python3.10/site-packages/airflow/example_dags/example_xcom.py
[2023-05-19 16:28:59,069] {processor.py:641} INFO - Processing file /Users/marianaoliveira/Downloads/alura1/venv/lib/python3.10/site-packages/airflow/example_dags/example_xcom.py for tasks to queue
[2023-05-19 16:28:59,070] {logging_mixin.py:115} INFO - [2023-05-19 16:28:59,070] {dagbag.py:507} INFO - Filling up the DagBag from /Users/marianaoliveira/Downloads/alura1/venv/lib/python3.10/site-packages/airflow/example_dags/example_xcom.py
[2023-05-19 16:28:59,148] {processor.py:651} INFO - DAG(s) dict_keys(['example_xcom']) retrieved from /Users/marianaoliveira/Downloads/alura1/venv/lib/python3.10/site-packages/airflow/example_dags/example_xcom.py
[2023-05-19 16:29:00,440] {logging_mixin.py:115} INFO - [2023-05-19 16:29:00,440] {dag.py:2379} INFO - Sync 1 DAGs
[2023-05-19 16:29:00,464] {logging_mixin.py:115} INFO - [2023-05-19 16:29:00,464] {dag.py:2927} INFO - Setting next_dagrun for example_xcom to 2021-01-01T00:00:00+00:00, run_after=2021-01-01T00:00:00+00:00
[2023-05-19 16:29:00,481] {processor.py:161} INFO - Processing /Users/marianaoliveira/Downloads/alura1/venv/lib/python3.10/site-packages/airflow/example_dags/example_xcom.py took 1.413 seconds
[2023-05-19 16:31:08,298] {processor.py:153} INFO - Started process (PID=6116) to work on /Users/marianaoliveira/Downloads/alura1/venv/lib/python3.10/site-packages/airflow/example_dags/example_xcom.py
[2023-05-19 16:31:08,299] {processor.py:641} INFO - Processing file /Users/marianaoliveira/Downloads/alura1/venv/lib/python3.10/site-packages/airflow/example_dags/example_xcom.py for tasks to queue
[2023-05-19 16:31:08,300] {logging_mixin.py:115} INFO - [2023-05-19 16:31:08,300] {dagbag.py:507} INFO - Filling up the DagBag from /Users/marianaoliveira/Downloads/alura1/venv/lib/python3.10/site-packages/airflow/example_dags/example_xcom.py
[2023-05-19 16:31:08,557] {processor.py:651} INFO - DAG(s) dict_keys(['example_xcom']) retrieved from /Users/marianaoliveira/Downloads/alura1/venv/lib/python3.10/site-packages/airflow/example_dags/example_xcom.py
[2023-05-19 16:31:11,944] {logging_mixin.py:115} INFO - [2023-05-19 16:31:11,944] {dag.py:2379} INFO - Sync 1 DAGs
[2023-05-19 16:31:11,976] {logging_mixin.py:115} INFO - [2023-05-19 16:31:11,976] {dag.py:2927} INFO - Setting next_dagrun for example_xcom to 2021-01-01T00:00:00+00:00, run_after=2021-01-01T00:00:00+00:00
[2023-05-19 16:31:12,016] {processor.py:161} INFO - Processing /Users/marianaoliveira/Downloads/alura1/venv/lib/python3.10/site-packages/airflow/example_dags/example_xcom.py took 3.719 seconds
[2023-05-19 16:33:10,007] {processor.py:153} INFO - Started process (PID=6200) to work on /Users/marianaoliveira/Downloads/alura1/venv/lib/python3.10/site-packages/airflow/example_dags/example_xcom.py
[2023-05-19 16:33:10,008] {processor.py:641} INFO - Processing file /Users/marianaoliveira/Downloads/alura1/venv/lib/python3.10/site-packages/airflow/example_dags/example_xcom.py for tasks to queue
[2023-05-19 16:33:10,009] {logging_mixin.py:115} INFO - [2023-05-19 16:33:10,009] {dagbag.py:507} INFO - Filling up the DagBag from /Users/marianaoliveira/Downloads/alura1/venv/lib/python3.10/site-packages/airflow/example_dags/example_xcom.py
[2023-05-19 16:33:10,077] {processor.py:651} INFO - DAG(s) dict_keys(['example_xcom']) retrieved from /Users/marianaoliveira/Downloads/alura1/venv/lib/python3.10/site-packages/airflow/example_dags/example_xcom.py
[2023-05-19 16:33:13,420] {logging_mixin.py:115} INFO - [2023-05-19 16:33:13,419] {dag.py:2379} INFO - Sync 1 DAGs
[2023-05-19 16:33:13,458] {logging_mixin.py:115} INFO - [2023-05-19 16:33:13,458] {dag.py:2927} INFO - Setting next_dagrun for example_xcom to 2021-01-01T00:00:00+00:00, run_after=2021-01-01T00:00:00+00:00
[2023-05-19 16:33:13,488] {processor.py:161} INFO - Processing /Users/marianaoliveira/Downloads/alura1/venv/lib/python3.10/site-packages/airflow/example_dags/example_xcom.py took 3.483 seconds
[2023-05-19 16:36:06,617] {processor.py:153} INFO - Started process (PID=6295) to work on /Users/marianaoliveira/Downloads/alura1/venv/lib/python3.10/site-packages/airflow/example_dags/example_xcom.py
[2023-05-19 16:36:06,617] {processor.py:641} INFO - Processing file /Users/marianaoliveira/Downloads/alura1/venv/lib/python3.10/site-packages/airflow/example_dags/example_xcom.py for tasks to queue
[2023-05-19 16:36:06,618] {logging_mixin.py:115} INFO - [2023-05-19 16:36:06,618] {dagbag.py:507} INFO - Filling up the DagBag from /Users/marianaoliveira/Downloads/alura1/venv/lib/python3.10/site-packages/airflow/example_dags/example_xcom.py
[2023-05-19 16:36:06,685] {processor.py:651} INFO - DAG(s) dict_keys(['example_xcom']) retrieved from /Users/marianaoliveira/Downloads/alura1/venv/lib/python3.10/site-packages/airflow/example_dags/example_xcom.py
[2023-05-19 16:36:07,839] {logging_mixin.py:115} INFO - [2023-05-19 16:36:07,838] {dag.py:2379} INFO - Sync 1 DAGs
[2023-05-19 16:36:07,867] {logging_mixin.py:115} INFO - [2023-05-19 16:36:07,867] {dag.py:2927} INFO - Setting next_dagrun for example_xcom to 2021-01-01T00:00:00+00:00, run_after=2021-01-01T00:00:00+00:00
[2023-05-19 16:36:07,888] {processor.py:161} INFO - Processing /Users/marianaoliveira/Downloads/alura1/venv/lib/python3.10/site-packages/airflow/example_dags/example_xcom.py took 1.273 seconds
[2023-05-19 16:37:47,058] {processor.py:153} INFO - Started process (PID=6338) to work on /Users/marianaoliveira/Downloads/alura1/venv/lib/python3.10/site-packages/airflow/example_dags/example_xcom.py
[2023-05-19 16:37:47,059] {processor.py:641} INFO - Processing file /Users/marianaoliveira/Downloads/alura1/venv/lib/python3.10/site-packages/airflow/example_dags/example_xcom.py for tasks to queue
[2023-05-19 16:37:47,060] {logging_mixin.py:115} INFO - [2023-05-19 16:37:47,060] {dagbag.py:507} INFO - Filling up the DagBag from /Users/marianaoliveira/Downloads/alura1/venv/lib/python3.10/site-packages/airflow/example_dags/example_xcom.py
[2023-05-19 16:37:47,127] {processor.py:651} INFO - DAG(s) dict_keys(['example_xcom']) retrieved from /Users/marianaoliveira/Downloads/alura1/venv/lib/python3.10/site-packages/airflow/example_dags/example_xcom.py
[2023-05-19 16:37:48,552] {logging_mixin.py:115} INFO - [2023-05-19 16:37:48,552] {dag.py:2379} INFO - Sync 1 DAGs
[2023-05-19 16:37:48,591] {logging_mixin.py:115} INFO - [2023-05-19 16:37:48,591] {dag.py:2927} INFO - Setting next_dagrun for example_xcom to 2021-01-01T00:00:00+00:00, run_after=2021-01-01T00:00:00+00:00
[2023-05-19 16:37:48,621] {processor.py:161} INFO - Processing /Users/marianaoliveira/Downloads/alura1/venv/lib/python3.10/site-packages/airflow/example_dags/example_xcom.py took 1.565 seconds
[2023-05-19 16:41:12,893] {processor.py:153} INFO - Started process (PID=6510) to work on /Users/marianaoliveira/Downloads/alura1/venv/lib/python3.10/site-packages/airflow/example_dags/example_xcom.py
[2023-05-19 16:41:12,895] {processor.py:641} INFO - Processing file /Users/marianaoliveira/Downloads/alura1/venv/lib/python3.10/site-packages/airflow/example_dags/example_xcom.py for tasks to queue
[2023-05-19 16:41:12,896] {logging_mixin.py:115} INFO - [2023-05-19 16:41:12,895] {dagbag.py:507} INFO - Filling up the DagBag from /Users/marianaoliveira/Downloads/alura1/venv/lib/python3.10/site-packages/airflow/example_dags/example_xcom.py
[2023-05-19 16:41:12,983] {processor.py:651} INFO - DAG(s) dict_keys(['example_xcom']) retrieved from /Users/marianaoliveira/Downloads/alura1/venv/lib/python3.10/site-packages/airflow/example_dags/example_xcom.py
[2023-05-19 16:41:17,300] {logging_mixin.py:115} INFO - [2023-05-19 16:41:17,299] {dag.py:2379} INFO - Sync 1 DAGs
[2023-05-19 16:41:17,364] {logging_mixin.py:115} INFO - [2023-05-19 16:41:17,363] {dag.py:2927} INFO - Setting next_dagrun for example_xcom to 2021-01-01T00:00:00+00:00, run_after=2021-01-01T00:00:00+00:00
[2023-05-19 16:41:17,420] {processor.py:161} INFO - Processing /Users/marianaoliveira/Downloads/alura1/venv/lib/python3.10/site-packages/airflow/example_dags/example_xcom.py took 4.545 seconds
[2023-05-19 16:50:43,603] {processor.py:153} INFO - Started process (PID=6689) to work on /Users/marianaoliveira/Downloads/alura1/venv/lib/python3.10/site-packages/airflow/example_dags/example_xcom.py
[2023-05-19 16:50:43,605] {processor.py:641} INFO - Processing file /Users/marianaoliveira/Downloads/alura1/venv/lib/python3.10/site-packages/airflow/example_dags/example_xcom.py for tasks to queue
[2023-05-19 16:50:43,605] {logging_mixin.py:115} INFO - [2023-05-19 16:50:43,605] {dagbag.py:507} INFO - Filling up the DagBag from /Users/marianaoliveira/Downloads/alura1/venv/lib/python3.10/site-packages/airflow/example_dags/example_xcom.py
[2023-05-19 16:50:43,723] {processor.py:651} INFO - DAG(s) dict_keys(['example_xcom']) retrieved from /Users/marianaoliveira/Downloads/alura1/venv/lib/python3.10/site-packages/airflow/example_dags/example_xcom.py
[2023-05-19 16:50:47,421] {logging_mixin.py:115} INFO - [2023-05-19 16:50:47,419] {dag.py:2379} INFO - Sync 1 DAGs
[2023-05-19 16:50:47,478] {logging_mixin.py:115} INFO - [2023-05-19 16:50:47,478] {dag.py:2927} INFO - Setting next_dagrun for example_xcom to 2021-01-01T00:00:00+00:00, run_after=2021-01-01T00:00:00+00:00
[2023-05-19 16:50:47,532] {processor.py:161} INFO - Processing /Users/marianaoliveira/Downloads/alura1/venv/lib/python3.10/site-packages/airflow/example_dags/example_xcom.py took 3.930 seconds
[2023-05-19 16:53:36,687] {processor.py:153} INFO - Started process (PID=6839) to work on /Users/marianaoliveira/Downloads/alura1/venv/lib/python3.10/site-packages/airflow/example_dags/example_xcom.py
[2023-05-19 16:53:36,688] {processor.py:641} INFO - Processing file /Users/marianaoliveira/Downloads/alura1/venv/lib/python3.10/site-packages/airflow/example_dags/example_xcom.py for tasks to queue
[2023-05-19 16:53:36,689] {logging_mixin.py:115} INFO - [2023-05-19 16:53:36,689] {dagbag.py:507} INFO - Filling up the DagBag from /Users/marianaoliveira/Downloads/alura1/venv/lib/python3.10/site-packages/airflow/example_dags/example_xcom.py
[2023-05-19 16:53:36,764] {processor.py:651} INFO - DAG(s) dict_keys(['example_xcom']) retrieved from /Users/marianaoliveira/Downloads/alura1/venv/lib/python3.10/site-packages/airflow/example_dags/example_xcom.py
[2023-05-19 16:53:38,391] {logging_mixin.py:115} INFO - [2023-05-19 16:53:38,390] {dag.py:2379} INFO - Sync 1 DAGs
[2023-05-19 16:53:38,468] {logging_mixin.py:115} INFO - [2023-05-19 16:53:38,468] {dag.py:2927} INFO - Setting next_dagrun for example_xcom to 2021-01-01T00:00:00+00:00, run_after=2021-01-01T00:00:00+00:00
[2023-05-19 16:53:38,515] {processor.py:161} INFO - Processing /Users/marianaoliveira/Downloads/alura1/venv/lib/python3.10/site-packages/airflow/example_dags/example_xcom.py took 1.829 seconds
[2023-05-19 16:56:27,068] {processor.py:153} INFO - Started process (PID=7014) to work on /Users/marianaoliveira/Downloads/alura1/venv/lib/python3.10/site-packages/airflow/example_dags/example_xcom.py
[2023-05-19 16:56:27,070] {processor.py:641} INFO - Processing file /Users/marianaoliveira/Downloads/alura1/venv/lib/python3.10/site-packages/airflow/example_dags/example_xcom.py for tasks to queue
[2023-05-19 16:56:27,070] {logging_mixin.py:115} INFO - [2023-05-19 16:56:27,070] {dagbag.py:507} INFO - Filling up the DagBag from /Users/marianaoliveira/Downloads/alura1/venv/lib/python3.10/site-packages/airflow/example_dags/example_xcom.py
[2023-05-19 16:56:27,140] {processor.py:651} INFO - DAG(s) dict_keys(['example_xcom']) retrieved from /Users/marianaoliveira/Downloads/alura1/venv/lib/python3.10/site-packages/airflow/example_dags/example_xcom.py
[2023-05-19 16:56:28,564] {logging_mixin.py:115} INFO - [2023-05-19 16:56:28,564] {dag.py:2379} INFO - Sync 1 DAGs
[2023-05-19 16:56:28,598] {logging_mixin.py:115} INFO - [2023-05-19 16:56:28,597] {dag.py:2927} INFO - Setting next_dagrun for example_xcom to 2021-01-01T00:00:00+00:00, run_after=2021-01-01T00:00:00+00:00
[2023-05-19 16:56:28,620] {processor.py:161} INFO - Processing /Users/marianaoliveira/Downloads/alura1/venv/lib/python3.10/site-packages/airflow/example_dags/example_xcom.py took 1.553 seconds
[2023-05-19 16:57:57,378] {processor.py:153} INFO - Started process (PID=7045) to work on /Users/marianaoliveira/Downloads/alura1/venv/lib/python3.10/site-packages/airflow/example_dags/example_xcom.py
[2023-05-19 16:57:57,379] {processor.py:641} INFO - Processing file /Users/marianaoliveira/Downloads/alura1/venv/lib/python3.10/site-packages/airflow/example_dags/example_xcom.py for tasks to queue
[2023-05-19 16:57:57,383] {logging_mixin.py:115} INFO - [2023-05-19 16:57:57,381] {dagbag.py:507} INFO - Filling up the DagBag from /Users/marianaoliveira/Downloads/alura1/venv/lib/python3.10/site-packages/airflow/example_dags/example_xcom.py
[2023-05-19 16:57:57,506] {processor.py:651} INFO - DAG(s) dict_keys(['example_xcom']) retrieved from /Users/marianaoliveira/Downloads/alura1/venv/lib/python3.10/site-packages/airflow/example_dags/example_xcom.py
[2023-05-19 16:58:00,594] {logging_mixin.py:115} INFO - [2023-05-19 16:58:00,594] {dag.py:2379} INFO - Sync 1 DAGs
[2023-05-19 16:58:00,675] {logging_mixin.py:115} INFO - [2023-05-19 16:58:00,675] {dag.py:2927} INFO - Setting next_dagrun for example_xcom to 2021-01-01T00:00:00+00:00, run_after=2021-01-01T00:00:00+00:00
[2023-05-19 16:58:00,730] {processor.py:161} INFO - Processing /Users/marianaoliveira/Downloads/alura1/venv/lib/python3.10/site-packages/airflow/example_dags/example_xcom.py took 3.355 seconds
[2023-05-19 16:59:33,015] {processor.py:153} INFO - Started process (PID=7091) to work on /Users/marianaoliveira/Downloads/alura1/venv/lib/python3.10/site-packages/airflow/example_dags/example_xcom.py
[2023-05-19 16:59:33,016] {processor.py:641} INFO - Processing file /Users/marianaoliveira/Downloads/alura1/venv/lib/python3.10/site-packages/airflow/example_dags/example_xcom.py for tasks to queue
[2023-05-19 16:59:33,017] {logging_mixin.py:115} INFO - [2023-05-19 16:59:33,017] {dagbag.py:507} INFO - Filling up the DagBag from /Users/marianaoliveira/Downloads/alura1/venv/lib/python3.10/site-packages/airflow/example_dags/example_xcom.py
[2023-05-19 16:59:33,133] {processor.py:651} INFO - DAG(s) dict_keys(['example_xcom']) retrieved from /Users/marianaoliveira/Downloads/alura1/venv/lib/python3.10/site-packages/airflow/example_dags/example_xcom.py
[2023-05-19 16:59:34,557] {logging_mixin.py:115} INFO - [2023-05-19 16:59:34,557] {dag.py:2379} INFO - Sync 1 DAGs
[2023-05-19 16:59:34,585] {logging_mixin.py:115} INFO - [2023-05-19 16:59:34,585] {dag.py:2927} INFO - Setting next_dagrun for example_xcom to 2021-01-01T00:00:00+00:00, run_after=2021-01-01T00:00:00+00:00
[2023-05-19 16:59:34,607] {processor.py:161} INFO - Processing /Users/marianaoliveira/Downloads/alura1/venv/lib/python3.10/site-packages/airflow/example_dags/example_xcom.py took 1.594 seconds
[2023-05-19 17:01:04,574] {processor.py:153} INFO - Started process (PID=7135) to work on /Users/marianaoliveira/Downloads/alura1/venv/lib/python3.10/site-packages/airflow/example_dags/example_xcom.py
[2023-05-19 17:01:04,575] {processor.py:641} INFO - Processing file /Users/marianaoliveira/Downloads/alura1/venv/lib/python3.10/site-packages/airflow/example_dags/example_xcom.py for tasks to queue
[2023-05-19 17:01:04,576] {logging_mixin.py:115} INFO - [2023-05-19 17:01:04,576] {dagbag.py:507} INFO - Filling up the DagBag from /Users/marianaoliveira/Downloads/alura1/venv/lib/python3.10/site-packages/airflow/example_dags/example_xcom.py
[2023-05-19 17:01:04,638] {processor.py:651} INFO - DAG(s) dict_keys(['example_xcom']) retrieved from /Users/marianaoliveira/Downloads/alura1/venv/lib/python3.10/site-packages/airflow/example_dags/example_xcom.py
[2023-05-19 17:01:05,983] {logging_mixin.py:115} INFO - [2023-05-19 17:01:05,982] {dag.py:2379} INFO - Sync 1 DAGs
[2023-05-19 17:01:06,028] {logging_mixin.py:115} INFO - [2023-05-19 17:01:06,022] {dag.py:2927} INFO - Setting next_dagrun for example_xcom to 2021-01-01T00:00:00+00:00, run_after=2021-01-01T00:00:00+00:00
[2023-05-19 17:01:06,079] {processor.py:161} INFO - Processing /Users/marianaoliveira/Downloads/alura1/venv/lib/python3.10/site-packages/airflow/example_dags/example_xcom.py took 1.507 seconds
[2023-05-19 17:02:35,862] {processor.py:153} INFO - Started process (PID=7189) to work on /Users/marianaoliveira/Downloads/alura1/venv/lib/python3.10/site-packages/airflow/example_dags/example_xcom.py
[2023-05-19 17:02:35,863] {processor.py:641} INFO - Processing file /Users/marianaoliveira/Downloads/alura1/venv/lib/python3.10/site-packages/airflow/example_dags/example_xcom.py for tasks to queue
[2023-05-19 17:02:35,864] {logging_mixin.py:115} INFO - [2023-05-19 17:02:35,864] {dagbag.py:507} INFO - Filling up the DagBag from /Users/marianaoliveira/Downloads/alura1/venv/lib/python3.10/site-packages/airflow/example_dags/example_xcom.py
[2023-05-19 17:02:35,930] {processor.py:651} INFO - DAG(s) dict_keys(['example_xcom']) retrieved from /Users/marianaoliveira/Downloads/alura1/venv/lib/python3.10/site-packages/airflow/example_dags/example_xcom.py
[2023-05-19 17:02:38,282] {logging_mixin.py:115} INFO - [2023-05-19 17:02:38,282] {dag.py:2379} INFO - Sync 1 DAGs
[2023-05-19 17:02:38,326] {logging_mixin.py:115} INFO - [2023-05-19 17:02:38,326] {dag.py:2927} INFO - Setting next_dagrun for example_xcom to 2021-01-01T00:00:00+00:00, run_after=2021-01-01T00:00:00+00:00
[2023-05-19 17:02:38,358] {processor.py:161} INFO - Processing /Users/marianaoliveira/Downloads/alura1/venv/lib/python3.10/site-packages/airflow/example_dags/example_xcom.py took 2.497 seconds
[2023-05-19 17:06:58,603] {processor.py:153} INFO - Started process (PID=7446) to work on /Users/marianaoliveira/Downloads/alura1/venv/lib/python3.10/site-packages/airflow/example_dags/example_xcom.py
[2023-05-19 17:06:58,604] {processor.py:641} INFO - Processing file /Users/marianaoliveira/Downloads/alura1/venv/lib/python3.10/site-packages/airflow/example_dags/example_xcom.py for tasks to queue
[2023-05-19 17:06:58,605] {logging_mixin.py:115} INFO - [2023-05-19 17:06:58,605] {dagbag.py:507} INFO - Filling up the DagBag from /Users/marianaoliveira/Downloads/alura1/venv/lib/python3.10/site-packages/airflow/example_dags/example_xcom.py
[2023-05-19 17:06:58,736] {processor.py:651} INFO - DAG(s) dict_keys(['example_xcom']) retrieved from /Users/marianaoliveira/Downloads/alura1/venv/lib/python3.10/site-packages/airflow/example_dags/example_xcom.py
[2023-05-19 17:07:00,888] {logging_mixin.py:115} INFO - [2023-05-19 17:07:00,888] {dag.py:2379} INFO - Sync 1 DAGs
[2023-05-19 17:07:00,943] {logging_mixin.py:115} INFO - [2023-05-19 17:07:00,943] {dag.py:2927} INFO - Setting next_dagrun for example_xcom to 2021-01-01T00:00:00+00:00, run_after=2021-01-01T00:00:00+00:00
[2023-05-19 17:07:00,968] {processor.py:161} INFO - Processing /Users/marianaoliveira/Downloads/alura1/venv/lib/python3.10/site-packages/airflow/example_dags/example_xcom.py took 2.367 seconds
[2023-05-19 17:30:07,368] {processor.py:153} INFO - Started process (PID=7734) to work on /Users/marianaoliveira/Downloads/alura1/venv/lib/python3.10/site-packages/airflow/example_dags/example_xcom.py
[2023-05-19 17:30:07,371] {processor.py:641} INFO - Processing file /Users/marianaoliveira/Downloads/alura1/venv/lib/python3.10/site-packages/airflow/example_dags/example_xcom.py for tasks to queue
[2023-05-19 17:30:07,371] {logging_mixin.py:115} INFO - [2023-05-19 17:30:07,371] {dagbag.py:507} INFO - Filling up the DagBag from /Users/marianaoliveira/Downloads/alura1/venv/lib/python3.10/site-packages/airflow/example_dags/example_xcom.py
[2023-05-19 17:30:07,468] {processor.py:651} INFO - DAG(s) dict_keys(['example_xcom']) retrieved from /Users/marianaoliveira/Downloads/alura1/venv/lib/python3.10/site-packages/airflow/example_dags/example_xcom.py
[2023-05-19 17:30:10,160] {logging_mixin.py:115} INFO - [2023-05-19 17:30:10,160] {dag.py:2379} INFO - Sync 1 DAGs
[2023-05-19 17:30:10,182] {logging_mixin.py:115} INFO - [2023-05-19 17:30:10,182] {dag.py:2927} INFO - Setting next_dagrun for example_xcom to 2021-01-01T00:00:00+00:00, run_after=2021-01-01T00:00:00+00:00
[2023-05-19 17:30:10,398] {processor.py:161} INFO - Processing /Users/marianaoliveira/Downloads/alura1/venv/lib/python3.10/site-packages/airflow/example_dags/example_xcom.py took 3.032 seconds
[2023-05-19 17:32:32,772] {processor.py:153} INFO - Started process (PID=7798) to work on /Users/marianaoliveira/Downloads/alura1/venv/lib/python3.10/site-packages/airflow/example_dags/example_xcom.py
[2023-05-19 17:32:32,773] {processor.py:641} INFO - Processing file /Users/marianaoliveira/Downloads/alura1/venv/lib/python3.10/site-packages/airflow/example_dags/example_xcom.py for tasks to queue
[2023-05-19 17:32:32,775] {logging_mixin.py:115} INFO - [2023-05-19 17:32:32,775] {dagbag.py:507} INFO - Filling up the DagBag from /Users/marianaoliveira/Downloads/alura1/venv/lib/python3.10/site-packages/airflow/example_dags/example_xcom.py
[2023-05-19 17:32:32,926] {processor.py:651} INFO - DAG(s) dict_keys(['example_xcom']) retrieved from /Users/marianaoliveira/Downloads/alura1/venv/lib/python3.10/site-packages/airflow/example_dags/example_xcom.py
[2023-05-19 17:32:38,756] {logging_mixin.py:115} INFO - [2023-05-19 17:32:38,756] {dag.py:2379} INFO - Sync 1 DAGs
[2023-05-19 17:32:38,833] {logging_mixin.py:115} INFO - [2023-05-19 17:32:38,833] {dag.py:2927} INFO - Setting next_dagrun for example_xcom to 2021-01-01T00:00:00+00:00, run_after=2021-01-01T00:00:00+00:00
[2023-05-19 17:32:38,914] {processor.py:161} INFO - Processing /Users/marianaoliveira/Downloads/alura1/venv/lib/python3.10/site-packages/airflow/example_dags/example_xcom.py took 6.143 seconds
[2023-05-19 17:35:04,689] {processor.py:153} INFO - Started process (PID=7857) to work on /Users/marianaoliveira/Downloads/alura1/venv/lib/python3.10/site-packages/airflow/example_dags/example_xcom.py
[2023-05-19 17:35:04,691] {processor.py:641} INFO - Processing file /Users/marianaoliveira/Downloads/alura1/venv/lib/python3.10/site-packages/airflow/example_dags/example_xcom.py for tasks to queue
[2023-05-19 17:35:04,691] {logging_mixin.py:115} INFO - [2023-05-19 17:35:04,691] {dagbag.py:507} INFO - Filling up the DagBag from /Users/marianaoliveira/Downloads/alura1/venv/lib/python3.10/site-packages/airflow/example_dags/example_xcom.py
[2023-05-19 17:35:04,841] {processor.py:651} INFO - DAG(s) dict_keys(['example_xcom']) retrieved from /Users/marianaoliveira/Downloads/alura1/venv/lib/python3.10/site-packages/airflow/example_dags/example_xcom.py
[2023-05-19 17:35:08,886] {logging_mixin.py:115} INFO - [2023-05-19 17:35:08,885] {dag.py:2379} INFO - Sync 1 DAGs
[2023-05-19 17:35:09,117] {logging_mixin.py:115} INFO - [2023-05-19 17:35:09,116] {dag.py:2927} INFO - Setting next_dagrun for example_xcom to 2021-01-01T00:00:00+00:00, run_after=2021-01-01T00:00:00+00:00
[2023-05-19 17:35:09,175] {processor.py:161} INFO - Processing /Users/marianaoliveira/Downloads/alura1/venv/lib/python3.10/site-packages/airflow/example_dags/example_xcom.py took 4.488 seconds
[2023-05-19 17:37:24,015] {processor.py:153} INFO - Started process (PID=7911) to work on /Users/marianaoliveira/Downloads/alura1/venv/lib/python3.10/site-packages/airflow/example_dags/example_xcom.py
[2023-05-19 17:37:24,016] {processor.py:641} INFO - Processing file /Users/marianaoliveira/Downloads/alura1/venv/lib/python3.10/site-packages/airflow/example_dags/example_xcom.py for tasks to queue
[2023-05-19 17:37:24,017] {logging_mixin.py:115} INFO - [2023-05-19 17:37:24,017] {dagbag.py:507} INFO - Filling up the DagBag from /Users/marianaoliveira/Downloads/alura1/venv/lib/python3.10/site-packages/airflow/example_dags/example_xcom.py
[2023-05-19 17:37:24,083] {processor.py:651} INFO - DAG(s) dict_keys(['example_xcom']) retrieved from /Users/marianaoliveira/Downloads/alura1/venv/lib/python3.10/site-packages/airflow/example_dags/example_xcom.py
[2023-05-19 17:37:25,822] {logging_mixin.py:115} INFO - [2023-05-19 17:37:25,821] {dag.py:2379} INFO - Sync 1 DAGs
[2023-05-19 17:37:25,853] {logging_mixin.py:115} INFO - [2023-05-19 17:37:25,853] {dag.py:2927} INFO - Setting next_dagrun for example_xcom to 2021-01-01T00:00:00+00:00, run_after=2021-01-01T00:00:00+00:00
[2023-05-19 17:37:25,881] {processor.py:161} INFO - Processing /Users/marianaoliveira/Downloads/alura1/venv/lib/python3.10/site-packages/airflow/example_dags/example_xcom.py took 1.867 seconds
[2023-05-19 17:39:30,640] {processor.py:153} INFO - Started process (PID=7970) to work on /Users/marianaoliveira/Downloads/alura1/venv/lib/python3.10/site-packages/airflow/example_dags/example_xcom.py
[2023-05-19 17:39:30,642] {processor.py:641} INFO - Processing file /Users/marianaoliveira/Downloads/alura1/venv/lib/python3.10/site-packages/airflow/example_dags/example_xcom.py for tasks to queue
[2023-05-19 17:39:30,643] {logging_mixin.py:115} INFO - [2023-05-19 17:39:30,643] {dagbag.py:507} INFO - Filling up the DagBag from /Users/marianaoliveira/Downloads/alura1/venv/lib/python3.10/site-packages/airflow/example_dags/example_xcom.py
[2023-05-19 17:39:30,908] {processor.py:651} INFO - DAG(s) dict_keys(['example_xcom']) retrieved from /Users/marianaoliveira/Downloads/alura1/venv/lib/python3.10/site-packages/airflow/example_dags/example_xcom.py
[2023-05-19 17:39:35,431] {logging_mixin.py:115} INFO - [2023-05-19 17:39:35,430] {dag.py:2379} INFO - Sync 1 DAGs
[2023-05-19 17:39:35,549] {logging_mixin.py:115} INFO - [2023-05-19 17:39:35,547] {dag.py:2927} INFO - Setting next_dagrun for example_xcom to 2021-01-01T00:00:00+00:00, run_after=2021-01-01T00:00:00+00:00
[2023-05-19 17:39:35,595] {processor.py:161} INFO - Processing /Users/marianaoliveira/Downloads/alura1/venv/lib/python3.10/site-packages/airflow/example_dags/example_xcom.py took 4.983 seconds
[2023-05-19 17:44:01,670] {processor.py:153} INFO - Started process (PID=8069) to work on /Users/marianaoliveira/Downloads/alura1/venv/lib/python3.10/site-packages/airflow/example_dags/example_xcom.py
[2023-05-19 17:44:01,671] {processor.py:641} INFO - Processing file /Users/marianaoliveira/Downloads/alura1/venv/lib/python3.10/site-packages/airflow/example_dags/example_xcom.py for tasks to queue
[2023-05-19 17:44:01,672] {logging_mixin.py:115} INFO - [2023-05-19 17:44:01,672] {dagbag.py:507} INFO - Filling up the DagBag from /Users/marianaoliveira/Downloads/alura1/venv/lib/python3.10/site-packages/airflow/example_dags/example_xcom.py
[2023-05-19 17:44:01,830] {processor.py:651} INFO - DAG(s) dict_keys(['example_xcom']) retrieved from /Users/marianaoliveira/Downloads/alura1/venv/lib/python3.10/site-packages/airflow/example_dags/example_xcom.py
[2023-05-19 17:44:04,592] {logging_mixin.py:115} INFO - [2023-05-19 17:44:04,591] {dag.py:2379} INFO - Sync 1 DAGs
[2023-05-19 17:44:04,647] {logging_mixin.py:115} INFO - [2023-05-19 17:44:04,646] {dag.py:2927} INFO - Setting next_dagrun for example_xcom to 2021-01-01T00:00:00+00:00, run_after=2021-01-01T00:00:00+00:00
[2023-05-19 17:44:04,672] {processor.py:161} INFO - Processing /Users/marianaoliveira/Downloads/alura1/venv/lib/python3.10/site-packages/airflow/example_dags/example_xcom.py took 3.004 seconds
[2023-05-19 17:46:55,892] {processor.py:153} INFO - Started process (PID=8149) to work on /Users/marianaoliveira/Downloads/alura1/venv/lib/python3.10/site-packages/airflow/example_dags/example_xcom.py
[2023-05-19 17:46:55,894] {processor.py:641} INFO - Processing file /Users/marianaoliveira/Downloads/alura1/venv/lib/python3.10/site-packages/airflow/example_dags/example_xcom.py for tasks to queue
[2023-05-19 17:46:55,895] {logging_mixin.py:115} INFO - [2023-05-19 17:46:55,895] {dagbag.py:507} INFO - Filling up the DagBag from /Users/marianaoliveira/Downloads/alura1/venv/lib/python3.10/site-packages/airflow/example_dags/example_xcom.py
[2023-05-19 17:46:56,049] {processor.py:651} INFO - DAG(s) dict_keys(['example_xcom']) retrieved from /Users/marianaoliveira/Downloads/alura1/venv/lib/python3.10/site-packages/airflow/example_dags/example_xcom.py
[2023-05-19 17:47:01,141] {logging_mixin.py:115} INFO - [2023-05-19 17:47:01,141] {dag.py:2379} INFO - Sync 1 DAGs
[2023-05-19 17:47:01,236] {logging_mixin.py:115} INFO - [2023-05-19 17:47:01,236] {dag.py:2927} INFO - Setting next_dagrun for example_xcom to 2021-01-01T00:00:00+00:00, run_after=2021-01-01T00:00:00+00:00
[2023-05-19 17:47:01,270] {processor.py:161} INFO - Processing /Users/marianaoliveira/Downloads/alura1/venv/lib/python3.10/site-packages/airflow/example_dags/example_xcom.py took 5.380 seconds
[2023-05-19 17:48:39,427] {processor.py:153} INFO - Started process (PID=8191) to work on /Users/marianaoliveira/Downloads/alura1/venv/lib/python3.10/site-packages/airflow/example_dags/example_xcom.py
[2023-05-19 17:48:39,428] {processor.py:641} INFO - Processing file /Users/marianaoliveira/Downloads/alura1/venv/lib/python3.10/site-packages/airflow/example_dags/example_xcom.py for tasks to queue
[2023-05-19 17:48:39,428] {logging_mixin.py:115} INFO - [2023-05-19 17:48:39,428] {dagbag.py:507} INFO - Filling up the DagBag from /Users/marianaoliveira/Downloads/alura1/venv/lib/python3.10/site-packages/airflow/example_dags/example_xcom.py
[2023-05-19 17:48:39,517] {processor.py:651} INFO - DAG(s) dict_keys(['example_xcom']) retrieved from /Users/marianaoliveira/Downloads/alura1/venv/lib/python3.10/site-packages/airflow/example_dags/example_xcom.py
[2023-05-19 17:48:41,072] {logging_mixin.py:115} INFO - [2023-05-19 17:48:41,072] {dag.py:2379} INFO - Sync 1 DAGs
[2023-05-19 17:48:41,105] {logging_mixin.py:115} INFO - [2023-05-19 17:48:41,104] {dag.py:2927} INFO - Setting next_dagrun for example_xcom to 2021-01-01T00:00:00+00:00, run_after=2021-01-01T00:00:00+00:00
[2023-05-19 17:48:41,125] {processor.py:161} INFO - Processing /Users/marianaoliveira/Downloads/alura1/venv/lib/python3.10/site-packages/airflow/example_dags/example_xcom.py took 1.700 seconds
[2023-05-19 17:50:04,706] {processor.py:153} INFO - Started process (PID=8227) to work on /Users/marianaoliveira/Downloads/alura1/venv/lib/python3.10/site-packages/airflow/example_dags/example_xcom.py
[2023-05-19 17:50:04,733] {processor.py:641} INFO - Processing file /Users/marianaoliveira/Downloads/alura1/venv/lib/python3.10/site-packages/airflow/example_dags/example_xcom.py for tasks to queue
[2023-05-19 17:50:04,737] {logging_mixin.py:115} INFO - [2023-05-19 17:50:04,736] {dagbag.py:507} INFO - Filling up the DagBag from /Users/marianaoliveira/Downloads/alura1/venv/lib/python3.10/site-packages/airflow/example_dags/example_xcom.py
[2023-05-19 17:50:04,872] {processor.py:651} INFO - DAG(s) dict_keys(['example_xcom']) retrieved from /Users/marianaoliveira/Downloads/alura1/venv/lib/python3.10/site-packages/airflow/example_dags/example_xcom.py
[2023-05-19 17:50:07,947] {logging_mixin.py:115} INFO - [2023-05-19 17:50:07,947] {dag.py:2379} INFO - Sync 1 DAGs
[2023-05-19 17:50:07,977] {logging_mixin.py:115} INFO - [2023-05-19 17:50:07,976] {dag.py:2927} INFO - Setting next_dagrun for example_xcom to 2021-01-01T00:00:00+00:00, run_after=2021-01-01T00:00:00+00:00
[2023-05-19 17:50:07,998] {processor.py:161} INFO - Processing /Users/marianaoliveira/Downloads/alura1/venv/lib/python3.10/site-packages/airflow/example_dags/example_xcom.py took 3.293 seconds
[2023-05-19 17:51:53,483] {processor.py:153} INFO - Started process (PID=8304) to work on /Users/marianaoliveira/Downloads/alura1/venv/lib/python3.10/site-packages/airflow/example_dags/example_xcom.py
[2023-05-19 17:51:53,485] {processor.py:641} INFO - Processing file /Users/marianaoliveira/Downloads/alura1/venv/lib/python3.10/site-packages/airflow/example_dags/example_xcom.py for tasks to queue
[2023-05-19 17:51:53,486] {logging_mixin.py:115} INFO - [2023-05-19 17:51:53,486] {dagbag.py:507} INFO - Filling up the DagBag from /Users/marianaoliveira/Downloads/alura1/venv/lib/python3.10/site-packages/airflow/example_dags/example_xcom.py
[2023-05-19 17:51:53,550] {processor.py:651} INFO - DAG(s) dict_keys(['example_xcom']) retrieved from /Users/marianaoliveira/Downloads/alura1/venv/lib/python3.10/site-packages/airflow/example_dags/example_xcom.py
[2023-05-19 17:51:55,006] {logging_mixin.py:115} INFO - [2023-05-19 17:51:55,006] {dag.py:2379} INFO - Sync 1 DAGs
[2023-05-19 17:51:55,045] {logging_mixin.py:115} INFO - [2023-05-19 17:51:55,045] {dag.py:2927} INFO - Setting next_dagrun for example_xcom to 2021-01-01T00:00:00+00:00, run_after=2021-01-01T00:00:00+00:00
[2023-05-19 17:51:55,066] {processor.py:161} INFO - Processing /Users/marianaoliveira/Downloads/alura1/venv/lib/python3.10/site-packages/airflow/example_dags/example_xcom.py took 1.584 seconds
[2023-05-19 17:53:41,135] {processor.py:153} INFO - Started process (PID=8393) to work on /Users/marianaoliveira/Downloads/alura1/venv/lib/python3.10/site-packages/airflow/example_dags/example_xcom.py
[2023-05-19 17:53:41,136] {processor.py:641} INFO - Processing file /Users/marianaoliveira/Downloads/alura1/venv/lib/python3.10/site-packages/airflow/example_dags/example_xcom.py for tasks to queue
[2023-05-19 17:53:41,137] {logging_mixin.py:115} INFO - [2023-05-19 17:53:41,137] {dagbag.py:507} INFO - Filling up the DagBag from /Users/marianaoliveira/Downloads/alura1/venv/lib/python3.10/site-packages/airflow/example_dags/example_xcom.py
[2023-05-19 17:53:41,256] {processor.py:651} INFO - DAG(s) dict_keys(['example_xcom']) retrieved from /Users/marianaoliveira/Downloads/alura1/venv/lib/python3.10/site-packages/airflow/example_dags/example_xcom.py
[2023-05-19 17:53:42,802] {logging_mixin.py:115} INFO - [2023-05-19 17:53:42,802] {dag.py:2379} INFO - Sync 1 DAGs
[2023-05-19 17:53:42,825] {logging_mixin.py:115} INFO - [2023-05-19 17:53:42,825] {dag.py:2927} INFO - Setting next_dagrun for example_xcom to 2021-01-01T00:00:00+00:00, run_after=2021-01-01T00:00:00+00:00
[2023-05-19 17:53:42,845] {processor.py:161} INFO - Processing /Users/marianaoliveira/Downloads/alura1/venv/lib/python3.10/site-packages/airflow/example_dags/example_xcom.py took 1.712 seconds
[2023-05-19 17:55:24,186] {processor.py:153} INFO - Started process (PID=8484) to work on /Users/marianaoliveira/Downloads/alura1/venv/lib/python3.10/site-packages/airflow/example_dags/example_xcom.py
[2023-05-19 17:55:24,188] {processor.py:641} INFO - Processing file /Users/marianaoliveira/Downloads/alura1/venv/lib/python3.10/site-packages/airflow/example_dags/example_xcom.py for tasks to queue
[2023-05-19 17:55:24,188] {logging_mixin.py:115} INFO - [2023-05-19 17:55:24,188] {dagbag.py:507} INFO - Filling up the DagBag from /Users/marianaoliveira/Downloads/alura1/venv/lib/python3.10/site-packages/airflow/example_dags/example_xcom.py
[2023-05-19 17:55:24,272] {processor.py:651} INFO - DAG(s) dict_keys(['example_xcom']) retrieved from /Users/marianaoliveira/Downloads/alura1/venv/lib/python3.10/site-packages/airflow/example_dags/example_xcom.py
[2023-05-19 17:55:25,957] {logging_mixin.py:115} INFO - [2023-05-19 17:55:25,957] {dag.py:2379} INFO - Sync 1 DAGs
[2023-05-19 17:55:25,993] {logging_mixin.py:115} INFO - [2023-05-19 17:55:25,993] {dag.py:2927} INFO - Setting next_dagrun for example_xcom to 2021-01-01T00:00:00+00:00, run_after=2021-01-01T00:00:00+00:00
[2023-05-19 17:55:26,040] {processor.py:161} INFO - Processing /Users/marianaoliveira/Downloads/alura1/venv/lib/python3.10/site-packages/airflow/example_dags/example_xcom.py took 1.855 seconds
[2023-05-19 17:56:56,256] {processor.py:153} INFO - Started process (PID=8573) to work on /Users/marianaoliveira/Downloads/alura1/venv/lib/python3.10/site-packages/airflow/example_dags/example_xcom.py
[2023-05-19 17:56:56,257] {processor.py:641} INFO - Processing file /Users/marianaoliveira/Downloads/alura1/venv/lib/python3.10/site-packages/airflow/example_dags/example_xcom.py for tasks to queue
[2023-05-19 17:56:56,258] {logging_mixin.py:115} INFO - [2023-05-19 17:56:56,258] {dagbag.py:507} INFO - Filling up the DagBag from /Users/marianaoliveira/Downloads/alura1/venv/lib/python3.10/site-packages/airflow/example_dags/example_xcom.py
[2023-05-19 17:56:56,336] {processor.py:651} INFO - DAG(s) dict_keys(['example_xcom']) retrieved from /Users/marianaoliveira/Downloads/alura1/venv/lib/python3.10/site-packages/airflow/example_dags/example_xcom.py
[2023-05-19 17:56:57,580] {logging_mixin.py:115} INFO - [2023-05-19 17:56:57,580] {dag.py:2379} INFO - Sync 1 DAGs
[2023-05-19 17:56:57,603] {logging_mixin.py:115} INFO - [2023-05-19 17:56:57,603] {dag.py:2927} INFO - Setting next_dagrun for example_xcom to 2021-01-01T00:00:00+00:00, run_after=2021-01-01T00:00:00+00:00
[2023-05-19 17:56:57,620] {processor.py:161} INFO - Processing /Users/marianaoliveira/Downloads/alura1/venv/lib/python3.10/site-packages/airflow/example_dags/example_xcom.py took 1.372 seconds
[2023-05-19 17:58:30,981] {processor.py:153} INFO - Started process (PID=8619) to work on /Users/marianaoliveira/Downloads/alura1/venv/lib/python3.10/site-packages/airflow/example_dags/example_xcom.py
[2023-05-19 17:58:30,982] {processor.py:641} INFO - Processing file /Users/marianaoliveira/Downloads/alura1/venv/lib/python3.10/site-packages/airflow/example_dags/example_xcom.py for tasks to queue
[2023-05-19 17:58:30,983] {logging_mixin.py:115} INFO - [2023-05-19 17:58:30,983] {dagbag.py:507} INFO - Filling up the DagBag from /Users/marianaoliveira/Downloads/alura1/venv/lib/python3.10/site-packages/airflow/example_dags/example_xcom.py
[2023-05-19 17:58:31,061] {processor.py:651} INFO - DAG(s) dict_keys(['example_xcom']) retrieved from /Users/marianaoliveira/Downloads/alura1/venv/lib/python3.10/site-packages/airflow/example_dags/example_xcom.py
[2023-05-19 17:58:33,675] {logging_mixin.py:115} INFO - [2023-05-19 17:58:33,674] {dag.py:2379} INFO - Sync 1 DAGs
[2023-05-19 17:58:33,705] {logging_mixin.py:115} INFO - [2023-05-19 17:58:33,705] {dag.py:2927} INFO - Setting next_dagrun for example_xcom to 2021-01-01T00:00:00+00:00, run_after=2021-01-01T00:00:00+00:00
[2023-05-19 17:58:33,733] {processor.py:161} INFO - Processing /Users/marianaoliveira/Downloads/alura1/venv/lib/python3.10/site-packages/airflow/example_dags/example_xcom.py took 2.755 seconds
[2023-05-19 18:03:21,658] {processor.py:153} INFO - Started process (PID=8901) to work on /Users/marianaoliveira/Downloads/alura1/venv/lib/python3.10/site-packages/airflow/example_dags/example_xcom.py
[2023-05-19 18:03:21,660] {processor.py:641} INFO - Processing file /Users/marianaoliveira/Downloads/alura1/venv/lib/python3.10/site-packages/airflow/example_dags/example_xcom.py for tasks to queue
[2023-05-19 18:03:21,660] {logging_mixin.py:115} INFO - [2023-05-19 18:03:21,660] {dagbag.py:507} INFO - Filling up the DagBag from /Users/marianaoliveira/Downloads/alura1/venv/lib/python3.10/site-packages/airflow/example_dags/example_xcom.py
[2023-05-19 18:03:21,742] {processor.py:651} INFO - DAG(s) dict_keys(['example_xcom']) retrieved from /Users/marianaoliveira/Downloads/alura1/venv/lib/python3.10/site-packages/airflow/example_dags/example_xcom.py
[2023-05-19 18:03:25,046] {logging_mixin.py:115} INFO - [2023-05-19 18:03:25,040] {dag.py:2379} INFO - Sync 1 DAGs
[2023-05-19 18:03:25,291] {logging_mixin.py:115} INFO - [2023-05-19 18:03:25,291] {dag.py:2927} INFO - Setting next_dagrun for example_xcom to 2021-01-01T00:00:00+00:00, run_after=2021-01-01T00:00:00+00:00
[2023-05-19 18:03:25,324] {processor.py:161} INFO - Processing /Users/marianaoliveira/Downloads/alura1/venv/lib/python3.10/site-packages/airflow/example_dags/example_xcom.py took 3.668 seconds
[2023-05-19 18:14:02,529] {processor.py:153} INFO - Started process (PID=9167) to work on /Users/marianaoliveira/Downloads/alura1/venv/lib/python3.10/site-packages/airflow/example_dags/example_xcom.py
[2023-05-19 18:14:02,530] {processor.py:641} INFO - Processing file /Users/marianaoliveira/Downloads/alura1/venv/lib/python3.10/site-packages/airflow/example_dags/example_xcom.py for tasks to queue
[2023-05-19 18:14:02,531] {logging_mixin.py:115} INFO - [2023-05-19 18:14:02,530] {dagbag.py:507} INFO - Filling up the DagBag from /Users/marianaoliveira/Downloads/alura1/venv/lib/python3.10/site-packages/airflow/example_dags/example_xcom.py
[2023-05-19 18:14:02,588] {processor.py:651} INFO - DAG(s) dict_keys(['example_xcom']) retrieved from /Users/marianaoliveira/Downloads/alura1/venv/lib/python3.10/site-packages/airflow/example_dags/example_xcom.py
[2023-05-19 18:14:04,235] {logging_mixin.py:115} INFO - [2023-05-19 18:14:04,235] {dag.py:2379} INFO - Sync 1 DAGs
[2023-05-19 18:14:04,279] {logging_mixin.py:115} INFO - [2023-05-19 18:14:04,278] {dag.py:2927} INFO - Setting next_dagrun for example_xcom to 2021-01-01T00:00:00+00:00, run_after=2021-01-01T00:00:00+00:00
[2023-05-19 18:14:04,309] {processor.py:161} INFO - Processing /Users/marianaoliveira/Downloads/alura1/venv/lib/python3.10/site-packages/airflow/example_dags/example_xcom.py took 1.781 seconds
[2023-05-19 18:17:05,831] {processor.py:153} INFO - Started process (PID=9291) to work on /Users/marianaoliveira/Downloads/alura1/venv/lib/python3.10/site-packages/airflow/example_dags/example_xcom.py
[2023-05-19 18:17:05,833] {processor.py:641} INFO - Processing file /Users/marianaoliveira/Downloads/alura1/venv/lib/python3.10/site-packages/airflow/example_dags/example_xcom.py for tasks to queue
[2023-05-19 18:17:05,833] {logging_mixin.py:115} INFO - [2023-05-19 18:17:05,833] {dagbag.py:507} INFO - Filling up the DagBag from /Users/marianaoliveira/Downloads/alura1/venv/lib/python3.10/site-packages/airflow/example_dags/example_xcom.py
[2023-05-19 18:17:05,888] {processor.py:651} INFO - DAG(s) dict_keys(['example_xcom']) retrieved from /Users/marianaoliveira/Downloads/alura1/venv/lib/python3.10/site-packages/airflow/example_dags/example_xcom.py
[2023-05-19 18:17:07,156] {logging_mixin.py:115} INFO - [2023-05-19 18:17:07,155] {dag.py:2379} INFO - Sync 1 DAGs
[2023-05-19 18:17:07,182] {logging_mixin.py:115} INFO - [2023-05-19 18:17:07,182] {dag.py:2927} INFO - Setting next_dagrun for example_xcom to 2021-01-01T00:00:00+00:00, run_after=2021-01-01T00:00:00+00:00
[2023-05-19 18:17:07,216] {processor.py:161} INFO - Processing /Users/marianaoliveira/Downloads/alura1/venv/lib/python3.10/site-packages/airflow/example_dags/example_xcom.py took 1.387 seconds
[2023-05-19 18:27:05,652] {processor.py:153} INFO - Started process (PID=9945) to work on /Users/marianaoliveira/Downloads/alura1/venv/lib/python3.10/site-packages/airflow/example_dags/example_xcom.py
[2023-05-19 18:27:05,654] {processor.py:641} INFO - Processing file /Users/marianaoliveira/Downloads/alura1/venv/lib/python3.10/site-packages/airflow/example_dags/example_xcom.py for tasks to queue
[2023-05-19 18:27:05,655] {logging_mixin.py:115} INFO - [2023-05-19 18:27:05,655] {dagbag.py:507} INFO - Filling up the DagBag from /Users/marianaoliveira/Downloads/alura1/venv/lib/python3.10/site-packages/airflow/example_dags/example_xcom.py
[2023-05-19 18:27:05,717] {processor.py:651} INFO - DAG(s) dict_keys(['example_xcom']) retrieved from /Users/marianaoliveira/Downloads/alura1/venv/lib/python3.10/site-packages/airflow/example_dags/example_xcom.py
[2023-05-19 18:27:07,744] {logging_mixin.py:115} INFO - [2023-05-19 18:27:07,744] {dag.py:2379} INFO - Sync 1 DAGs
[2023-05-19 18:27:07,806] {logging_mixin.py:115} INFO - [2023-05-19 18:27:07,805] {dag.py:2927} INFO - Setting next_dagrun for example_xcom to 2021-01-01T00:00:00+00:00, run_after=2021-01-01T00:00:00+00:00
[2023-05-19 18:27:07,861] {processor.py:161} INFO - Processing /Users/marianaoliveira/Downloads/alura1/venv/lib/python3.10/site-packages/airflow/example_dags/example_xcom.py took 2.211 seconds
