[2023-05-19 15:12:29,896] {processor.py:153} INFO - Started process (PID=2820) to work on /Users/marianaoliveira/Downloads/alura1/venv/lib/python3.10/site-packages/airflow/example_dags/example_nested_branch_dag.py
[2023-05-19 15:12:29,896] {processor.py:641} INFO - Processing file /Users/marianaoliveira/Downloads/alura1/venv/lib/python3.10/site-packages/airflow/example_dags/example_nested_branch_dag.py for tasks to queue
[2023-05-19 15:12:29,896] {logging_mixin.py:115} INFO - [2023-05-19 15:12:29,896] {dagbag.py:507} INFO - Filling up the DagBag from /Users/marianaoliveira/Downloads/alura1/venv/lib/python3.10/site-packages/airflow/example_dags/example_nested_branch_dag.py
[2023-05-19 15:12:29,930] {processor.py:651} INFO - DAG(s) dict_keys(['example_nested_branch_dag']) retrieved from /Users/marianaoliveira/Downloads/alura1/venv/lib/python3.10/site-packages/airflow/example_dags/example_nested_branch_dag.py
[2023-05-19 15:12:30,943] {logging_mixin.py:115} INFO - [2023-05-19 15:12:30,943] {manager.py:508} INFO - Created Permission View: can read on DAG:example_nested_branch_dag
[2023-05-19 15:12:30,953] {logging_mixin.py:115} INFO - [2023-05-19 15:12:30,953] {manager.py:508} INFO - Created Permission View: can edit on DAG:example_nested_branch_dag
[2023-05-19 15:12:30,961] {logging_mixin.py:115} INFO - [2023-05-19 15:12:30,961] {manager.py:508} INFO - Created Permission View: can delete on DAG:example_nested_branch_dag
[2023-05-19 15:12:30,962] {logging_mixin.py:115} INFO - [2023-05-19 15:12:30,961] {dag.py:2379} INFO - Sync 1 DAGs
[2023-05-19 15:12:30,979] {logging_mixin.py:115} INFO - [2023-05-19 15:12:30,979] {dag.py:2398} INFO - Creating ORM DAG for example_nested_branch_dag
[2023-05-19 15:12:30,990] {logging_mixin.py:115} INFO - [2023-05-19 15:12:30,990] {dag.py:2927} INFO - Setting next_dagrun for example_nested_branch_dag to 2023-05-18T00:00:00+00:00, run_after=2023-05-19T00:00:00+00:00
[2023-05-19 15:12:31,004] {processor.py:161} INFO - Processing /Users/marianaoliveira/Downloads/alura1/venv/lib/python3.10/site-packages/airflow/example_dags/example_nested_branch_dag.py took 1.109 seconds
[2023-05-19 15:14:04,341] {processor.py:153} INFO - Started process (PID=2885) to work on /Users/marianaoliveira/Downloads/alura1/venv/lib/python3.10/site-packages/airflow/example_dags/example_nested_branch_dag.py
[2023-05-19 15:14:04,342] {processor.py:641} INFO - Processing file /Users/marianaoliveira/Downloads/alura1/venv/lib/python3.10/site-packages/airflow/example_dags/example_nested_branch_dag.py for tasks to queue
[2023-05-19 15:14:04,343] {logging_mixin.py:115} INFO - [2023-05-19 15:14:04,342] {dagbag.py:507} INFO - Filling up the DagBag from /Users/marianaoliveira/Downloads/alura1/venv/lib/python3.10/site-packages/airflow/example_dags/example_nested_branch_dag.py
[2023-05-19 15:14:04,375] {processor.py:651} INFO - DAG(s) dict_keys(['example_nested_branch_dag']) retrieved from /Users/marianaoliveira/Downloads/alura1/venv/lib/python3.10/site-packages/airflow/example_dags/example_nested_branch_dag.py
[2023-05-19 15:14:04,446] {logging_mixin.py:115} INFO - [2023-05-19 15:14:04,446] {dag.py:2379} INFO - Sync 1 DAGs
[2023-05-19 15:14:04,463] {logging_mixin.py:115} INFO - [2023-05-19 15:14:04,463] {dag.py:2927} INFO - Setting next_dagrun for example_nested_branch_dag to 2023-05-18T00:00:00+00:00, run_after=2023-05-19T00:00:00+00:00
[2023-05-19 15:14:04,474] {processor.py:161} INFO - Processing /Users/marianaoliveira/Downloads/alura1/venv/lib/python3.10/site-packages/airflow/example_dags/example_nested_branch_dag.py took 0.135 seconds
[2023-05-19 15:16:04,863] {processor.py:153} INFO - Started process (PID=2955) to work on /Users/marianaoliveira/Downloads/alura1/venv/lib/python3.10/site-packages/airflow/example_dags/example_nested_branch_dag.py
[2023-05-19 15:16:04,865] {processor.py:641} INFO - Processing file /Users/marianaoliveira/Downloads/alura1/venv/lib/python3.10/site-packages/airflow/example_dags/example_nested_branch_dag.py for tasks to queue
[2023-05-19 15:16:04,865] {logging_mixin.py:115} INFO - [2023-05-19 15:16:04,865] {dagbag.py:507} INFO - Filling up the DagBag from /Users/marianaoliveira/Downloads/alura1/venv/lib/python3.10/site-packages/airflow/example_dags/example_nested_branch_dag.py
[2023-05-19 15:16:04,907] {processor.py:651} INFO - DAG(s) dict_keys(['example_nested_branch_dag']) retrieved from /Users/marianaoliveira/Downloads/alura1/venv/lib/python3.10/site-packages/airflow/example_dags/example_nested_branch_dag.py
[2023-05-19 15:16:04,988] {logging_mixin.py:115} INFO - [2023-05-19 15:16:04,988] {dag.py:2379} INFO - Sync 1 DAGs
[2023-05-19 15:16:05,006] {logging_mixin.py:115} INFO - [2023-05-19 15:16:05,006] {dag.py:2927} INFO - Setting next_dagrun for example_nested_branch_dag to 2023-05-18T00:00:00+00:00, run_after=2023-05-19T00:00:00+00:00
[2023-05-19 15:16:05,019] {processor.py:161} INFO - Processing /Users/marianaoliveira/Downloads/alura1/venv/lib/python3.10/site-packages/airflow/example_dags/example_nested_branch_dag.py took 0.158 seconds
[2023-05-19 15:18:49,735] {processor.py:153} INFO - Started process (PID=3081) to work on /Users/marianaoliveira/Downloads/alura1/venv/lib/python3.10/site-packages/airflow/example_dags/example_nested_branch_dag.py
[2023-05-19 15:18:49,736] {processor.py:641} INFO - Processing file /Users/marianaoliveira/Downloads/alura1/venv/lib/python3.10/site-packages/airflow/example_dags/example_nested_branch_dag.py for tasks to queue
[2023-05-19 15:18:49,737] {logging_mixin.py:115} INFO - [2023-05-19 15:18:49,736] {dagbag.py:507} INFO - Filling up the DagBag from /Users/marianaoliveira/Downloads/alura1/venv/lib/python3.10/site-packages/airflow/example_dags/example_nested_branch_dag.py
[2023-05-19 15:18:49,786] {processor.py:651} INFO - DAG(s) dict_keys(['example_nested_branch_dag']) retrieved from /Users/marianaoliveira/Downloads/alura1/venv/lib/python3.10/site-packages/airflow/example_dags/example_nested_branch_dag.py
[2023-05-19 15:18:49,867] {logging_mixin.py:115} INFO - [2023-05-19 15:18:49,867] {dag.py:2379} INFO - Sync 1 DAGs
[2023-05-19 15:18:49,884] {logging_mixin.py:115} INFO - [2023-05-19 15:18:49,884] {dag.py:2927} INFO - Setting next_dagrun for example_nested_branch_dag to 2023-05-18T00:00:00+00:00, run_after=2023-05-19T00:00:00+00:00
[2023-05-19 15:18:49,896] {processor.py:161} INFO - Processing /Users/marianaoliveira/Downloads/alura1/venv/lib/python3.10/site-packages/airflow/example_dags/example_nested_branch_dag.py took 0.163 seconds
[2023-05-19 15:20:43,813] {processor.py:153} INFO - Started process (PID=3139) to work on /Users/marianaoliveira/Downloads/alura1/venv/lib/python3.10/site-packages/airflow/example_dags/example_nested_branch_dag.py
[2023-05-19 15:20:43,814] {processor.py:641} INFO - Processing file /Users/marianaoliveira/Downloads/alura1/venv/lib/python3.10/site-packages/airflow/example_dags/example_nested_branch_dag.py for tasks to queue
[2023-05-19 15:20:43,815] {logging_mixin.py:115} INFO - [2023-05-19 15:20:43,815] {dagbag.py:507} INFO - Filling up the DagBag from /Users/marianaoliveira/Downloads/alura1/venv/lib/python3.10/site-packages/airflow/example_dags/example_nested_branch_dag.py
[2023-05-19 15:20:43,862] {processor.py:651} INFO - DAG(s) dict_keys(['example_nested_branch_dag']) retrieved from /Users/marianaoliveira/Downloads/alura1/venv/lib/python3.10/site-packages/airflow/example_dags/example_nested_branch_dag.py
[2023-05-19 15:20:43,952] {logging_mixin.py:115} INFO - [2023-05-19 15:20:43,952] {dag.py:2379} INFO - Sync 1 DAGs
[2023-05-19 15:20:43,972] {logging_mixin.py:115} INFO - [2023-05-19 15:20:43,971] {dag.py:2927} INFO - Setting next_dagrun for example_nested_branch_dag to 2023-05-18T00:00:00+00:00, run_after=2023-05-19T00:00:00+00:00
[2023-05-19 15:20:43,985] {processor.py:161} INFO - Processing /Users/marianaoliveira/Downloads/alura1/venv/lib/python3.10/site-packages/airflow/example_dags/example_nested_branch_dag.py took 0.173 seconds
[2023-05-19 15:22:22,766] {processor.py:153} INFO - Started process (PID=3191) to work on /Users/marianaoliveira/Downloads/alura1/venv/lib/python3.10/site-packages/airflow/example_dags/example_nested_branch_dag.py
[2023-05-19 15:22:22,767] {processor.py:641} INFO - Processing file /Users/marianaoliveira/Downloads/alura1/venv/lib/python3.10/site-packages/airflow/example_dags/example_nested_branch_dag.py for tasks to queue
[2023-05-19 15:22:22,770] {logging_mixin.py:115} INFO - [2023-05-19 15:22:22,770] {dagbag.py:507} INFO - Filling up the DagBag from /Users/marianaoliveira/Downloads/alura1/venv/lib/python3.10/site-packages/airflow/example_dags/example_nested_branch_dag.py
[2023-05-19 15:22:22,814] {processor.py:651} INFO - DAG(s) dict_keys(['example_nested_branch_dag']) retrieved from /Users/marianaoliveira/Downloads/alura1/venv/lib/python3.10/site-packages/airflow/example_dags/example_nested_branch_dag.py
[2023-05-19 15:22:22,903] {logging_mixin.py:115} INFO - [2023-05-19 15:22:22,903] {dag.py:2379} INFO - Sync 1 DAGs
[2023-05-19 15:22:22,925] {logging_mixin.py:115} INFO - [2023-05-19 15:22:22,925] {dag.py:2927} INFO - Setting next_dagrun for example_nested_branch_dag to 2023-05-18T00:00:00+00:00, run_after=2023-05-19T00:00:00+00:00
[2023-05-19 15:22:22,940] {processor.py:161} INFO - Processing /Users/marianaoliveira/Downloads/alura1/venv/lib/python3.10/site-packages/airflow/example_dags/example_nested_branch_dag.py took 0.175 seconds
[2023-05-19 15:24:00,536] {processor.py:153} INFO - Started process (PID=3242) to work on /Users/marianaoliveira/Downloads/alura1/venv/lib/python3.10/site-packages/airflow/example_dags/example_nested_branch_dag.py
[2023-05-19 15:24:00,537] {processor.py:641} INFO - Processing file /Users/marianaoliveira/Downloads/alura1/venv/lib/python3.10/site-packages/airflow/example_dags/example_nested_branch_dag.py for tasks to queue
[2023-05-19 15:24:00,538] {logging_mixin.py:115} INFO - [2023-05-19 15:24:00,538] {dagbag.py:507} INFO - Filling up the DagBag from /Users/marianaoliveira/Downloads/alura1/venv/lib/python3.10/site-packages/airflow/example_dags/example_nested_branch_dag.py
[2023-05-19 15:24:00,582] {processor.py:651} INFO - DAG(s) dict_keys(['example_nested_branch_dag']) retrieved from /Users/marianaoliveira/Downloads/alura1/venv/lib/python3.10/site-packages/airflow/example_dags/example_nested_branch_dag.py
[2023-05-19 15:24:00,661] {logging_mixin.py:115} INFO - [2023-05-19 15:24:00,661] {dag.py:2379} INFO - Sync 1 DAGs
[2023-05-19 15:24:00,678] {logging_mixin.py:115} INFO - [2023-05-19 15:24:00,678] {dag.py:2927} INFO - Setting next_dagrun for example_nested_branch_dag to 2023-05-18T00:00:00+00:00, run_after=2023-05-19T00:00:00+00:00
[2023-05-19 15:24:00,690] {processor.py:161} INFO - Processing /Users/marianaoliveira/Downloads/alura1/venv/lib/python3.10/site-packages/airflow/example_dags/example_nested_branch_dag.py took 0.156 seconds
[2023-05-19 15:26:41,775] {processor.py:153} INFO - Started process (PID=3351) to work on /Users/marianaoliveira/Downloads/alura1/venv/lib/python3.10/site-packages/airflow/example_dags/example_nested_branch_dag.py
[2023-05-19 15:26:41,777] {processor.py:641} INFO - Processing file /Users/marianaoliveira/Downloads/alura1/venv/lib/python3.10/site-packages/airflow/example_dags/example_nested_branch_dag.py for tasks to queue
[2023-05-19 15:26:41,777] {logging_mixin.py:115} INFO - [2023-05-19 15:26:41,777] {dagbag.py:507} INFO - Filling up the DagBag from /Users/marianaoliveira/Downloads/alura1/venv/lib/python3.10/site-packages/airflow/example_dags/example_nested_branch_dag.py
[2023-05-19 15:26:41,847] {processor.py:651} INFO - DAG(s) dict_keys(['example_nested_branch_dag']) retrieved from /Users/marianaoliveira/Downloads/alura1/venv/lib/python3.10/site-packages/airflow/example_dags/example_nested_branch_dag.py
[2023-05-19 15:26:42,045] {logging_mixin.py:115} INFO - [2023-05-19 15:26:42,045] {dag.py:2379} INFO - Sync 1 DAGs
[2023-05-19 15:26:42,068] {logging_mixin.py:115} INFO - [2023-05-19 15:26:42,068] {dag.py:2927} INFO - Setting next_dagrun for example_nested_branch_dag to 2023-05-18T00:00:00+00:00, run_after=2023-05-19T00:00:00+00:00
[2023-05-19 15:26:42,083] {processor.py:161} INFO - Processing /Users/marianaoliveira/Downloads/alura1/venv/lib/python3.10/site-packages/airflow/example_dags/example_nested_branch_dag.py took 0.310 seconds
[2023-05-19 15:28:48,117] {processor.py:153} INFO - Started process (PID=3419) to work on /Users/marianaoliveira/Downloads/alura1/venv/lib/python3.10/site-packages/airflow/example_dags/example_nested_branch_dag.py
[2023-05-19 15:28:48,117] {processor.py:641} INFO - Processing file /Users/marianaoliveira/Downloads/alura1/venv/lib/python3.10/site-packages/airflow/example_dags/example_nested_branch_dag.py for tasks to queue
[2023-05-19 15:28:48,118] {logging_mixin.py:115} INFO - [2023-05-19 15:28:48,117] {dagbag.py:507} INFO - Filling up the DagBag from /Users/marianaoliveira/Downloads/alura1/venv/lib/python3.10/site-packages/airflow/example_dags/example_nested_branch_dag.py
[2023-05-19 15:28:48,150] {processor.py:651} INFO - DAG(s) dict_keys(['example_nested_branch_dag']) retrieved from /Users/marianaoliveira/Downloads/alura1/venv/lib/python3.10/site-packages/airflow/example_dags/example_nested_branch_dag.py
[2023-05-19 15:28:48,222] {logging_mixin.py:115} INFO - [2023-05-19 15:28:48,222] {dag.py:2379} INFO - Sync 1 DAGs
[2023-05-19 15:28:48,239] {logging_mixin.py:115} INFO - [2023-05-19 15:28:48,239] {dag.py:2927} INFO - Setting next_dagrun for example_nested_branch_dag to 2023-05-18T00:00:00+00:00, run_after=2023-05-19T00:00:00+00:00
[2023-05-19 15:28:48,250] {processor.py:161} INFO - Processing /Users/marianaoliveira/Downloads/alura1/venv/lib/python3.10/site-packages/airflow/example_dags/example_nested_branch_dag.py took 0.134 seconds
[2023-05-19 15:31:11,704] {processor.py:153} INFO - Started process (PID=3504) to work on /Users/marianaoliveira/Downloads/alura1/venv/lib/python3.10/site-packages/airflow/example_dags/example_nested_branch_dag.py
[2023-05-19 15:31:11,705] {processor.py:641} INFO - Processing file /Users/marianaoliveira/Downloads/alura1/venv/lib/python3.10/site-packages/airflow/example_dags/example_nested_branch_dag.py for tasks to queue
[2023-05-19 15:31:11,706] {logging_mixin.py:115} INFO - [2023-05-19 15:31:11,706] {dagbag.py:507} INFO - Filling up the DagBag from /Users/marianaoliveira/Downloads/alura1/venv/lib/python3.10/site-packages/airflow/example_dags/example_nested_branch_dag.py
[2023-05-19 15:31:11,747] {processor.py:651} INFO - DAG(s) dict_keys(['example_nested_branch_dag']) retrieved from /Users/marianaoliveira/Downloads/alura1/venv/lib/python3.10/site-packages/airflow/example_dags/example_nested_branch_dag.py
[2023-05-19 15:31:11,850] {logging_mixin.py:115} INFO - [2023-05-19 15:31:11,849] {dag.py:2379} INFO - Sync 1 DAGs
[2023-05-19 15:31:11,875] {logging_mixin.py:115} INFO - [2023-05-19 15:31:11,875] {dag.py:2927} INFO - Setting next_dagrun for example_nested_branch_dag to 2023-05-18T00:00:00+00:00, run_after=2023-05-19T00:00:00+00:00
[2023-05-19 15:31:11,893] {processor.py:161} INFO - Processing /Users/marianaoliveira/Downloads/alura1/venv/lib/python3.10/site-packages/airflow/example_dags/example_nested_branch_dag.py took 0.190 seconds
[2023-05-19 16:29:34,658] {processor.py:153} INFO - Started process (PID=6072) to work on /Users/marianaoliveira/Downloads/alura1/venv/lib/python3.10/site-packages/airflow/example_dags/example_nested_branch_dag.py
[2023-05-19 16:29:34,659] {processor.py:641} INFO - Processing file /Users/marianaoliveira/Downloads/alura1/venv/lib/python3.10/site-packages/airflow/example_dags/example_nested_branch_dag.py for tasks to queue
[2023-05-19 16:29:34,660] {logging_mixin.py:115} INFO - [2023-05-19 16:29:34,660] {dagbag.py:507} INFO - Filling up the DagBag from /Users/marianaoliveira/Downloads/alura1/venv/lib/python3.10/site-packages/airflow/example_dags/example_nested_branch_dag.py
[2023-05-19 16:29:34,718] {processor.py:651} INFO - DAG(s) dict_keys(['example_nested_branch_dag']) retrieved from /Users/marianaoliveira/Downloads/alura1/venv/lib/python3.10/site-packages/airflow/example_dags/example_nested_branch_dag.py
[2023-05-19 16:29:34,847] {logging_mixin.py:115} INFO - [2023-05-19 16:29:34,847] {dag.py:2379} INFO - Sync 1 DAGs
[2023-05-19 16:29:34,879] {logging_mixin.py:115} INFO - [2023-05-19 16:29:34,879] {dag.py:2927} INFO - Setting next_dagrun for example_nested_branch_dag to 2023-05-18T00:00:00+00:00, run_after=2023-05-19T00:00:00+00:00
[2023-05-19 16:29:34,893] {processor.py:161} INFO - Processing /Users/marianaoliveira/Downloads/alura1/venv/lib/python3.10/site-packages/airflow/example_dags/example_nested_branch_dag.py took 0.237 seconds
[2023-05-19 16:34:07,655] {processor.py:153} INFO - Started process (PID=6229) to work on /Users/marianaoliveira/Downloads/alura1/venv/lib/python3.10/site-packages/airflow/example_dags/example_nested_branch_dag.py
[2023-05-19 16:34:07,662] {processor.py:641} INFO - Processing file /Users/marianaoliveira/Downloads/alura1/venv/lib/python3.10/site-packages/airflow/example_dags/example_nested_branch_dag.py for tasks to queue
[2023-05-19 16:34:07,667] {logging_mixin.py:115} INFO - [2023-05-19 16:34:07,667] {dagbag.py:507} INFO - Filling up the DagBag from /Users/marianaoliveira/Downloads/alura1/venv/lib/python3.10/site-packages/airflow/example_dags/example_nested_branch_dag.py
[2023-05-19 16:34:07,877] {processor.py:651} INFO - DAG(s) dict_keys(['example_nested_branch_dag']) retrieved from /Users/marianaoliveira/Downloads/alura1/venv/lib/python3.10/site-packages/airflow/example_dags/example_nested_branch_dag.py
[2023-05-19 16:34:08,073] {logging_mixin.py:115} INFO - [2023-05-19 16:34:08,073] {dag.py:2379} INFO - Sync 1 DAGs
[2023-05-19 16:34:08,118] {logging_mixin.py:115} INFO - [2023-05-19 16:34:08,118] {dag.py:2927} INFO - Setting next_dagrun for example_nested_branch_dag to 2023-05-18T00:00:00+00:00, run_after=2023-05-19T00:00:00+00:00
[2023-05-19 16:34:08,148] {processor.py:161} INFO - Processing /Users/marianaoliveira/Downloads/alura1/venv/lib/python3.10/site-packages/airflow/example_dags/example_nested_branch_dag.py took 0.495 seconds
[2023-05-19 16:36:41,107] {processor.py:153} INFO - Started process (PID=6308) to work on /Users/marianaoliveira/Downloads/alura1/venv/lib/python3.10/site-packages/airflow/example_dags/example_nested_branch_dag.py
[2023-05-19 16:36:41,108] {processor.py:641} INFO - Processing file /Users/marianaoliveira/Downloads/alura1/venv/lib/python3.10/site-packages/airflow/example_dags/example_nested_branch_dag.py for tasks to queue
[2023-05-19 16:36:41,109] {logging_mixin.py:115} INFO - [2023-05-19 16:36:41,109] {dagbag.py:507} INFO - Filling up the DagBag from /Users/marianaoliveira/Downloads/alura1/venv/lib/python3.10/site-packages/airflow/example_dags/example_nested_branch_dag.py
[2023-05-19 16:36:41,161] {processor.py:651} INFO - DAG(s) dict_keys(['example_nested_branch_dag']) retrieved from /Users/marianaoliveira/Downloads/alura1/venv/lib/python3.10/site-packages/airflow/example_dags/example_nested_branch_dag.py
[2023-05-19 16:36:41,264] {logging_mixin.py:115} INFO - [2023-05-19 16:36:41,264] {dag.py:2379} INFO - Sync 1 DAGs
[2023-05-19 16:36:41,286] {logging_mixin.py:115} INFO - [2023-05-19 16:36:41,286] {dag.py:2927} INFO - Setting next_dagrun for example_nested_branch_dag to 2023-05-18T00:00:00+00:00, run_after=2023-05-19T00:00:00+00:00
[2023-05-19 16:36:41,300] {processor.py:161} INFO - Processing /Users/marianaoliveira/Downloads/alura1/venv/lib/python3.10/site-packages/airflow/example_dags/example_nested_branch_dag.py took 0.195 seconds
[2023-05-19 16:41:59,903] {processor.py:153} INFO - Started process (PID=6533) to work on /Users/marianaoliveira/Downloads/alura1/venv/lib/python3.10/site-packages/airflow/example_dags/example_nested_branch_dag.py
[2023-05-19 16:41:59,904] {processor.py:641} INFO - Processing file /Users/marianaoliveira/Downloads/alura1/venv/lib/python3.10/site-packages/airflow/example_dags/example_nested_branch_dag.py for tasks to queue
[2023-05-19 16:41:59,905] {logging_mixin.py:115} INFO - [2023-05-19 16:41:59,905] {dagbag.py:507} INFO - Filling up the DagBag from /Users/marianaoliveira/Downloads/alura1/venv/lib/python3.10/site-packages/airflow/example_dags/example_nested_branch_dag.py
[2023-05-19 16:42:00,224] {processor.py:651} INFO - DAG(s) dict_keys(['example_nested_branch_dag']) retrieved from /Users/marianaoliveira/Downloads/alura1/venv/lib/python3.10/site-packages/airflow/example_dags/example_nested_branch_dag.py
[2023-05-19 16:42:00,724] {logging_mixin.py:115} INFO - [2023-05-19 16:42:00,724] {dag.py:2379} INFO - Sync 1 DAGs
[2023-05-19 16:42:00,821] {logging_mixin.py:115} INFO - [2023-05-19 16:42:00,821] {dag.py:2927} INFO - Setting next_dagrun for example_nested_branch_dag to 2023-05-18T00:00:00+00:00, run_after=2023-05-19T00:00:00+00:00
[2023-05-19 16:51:48,631] {processor.py:153} INFO - Started process (PID=6732) to work on /Users/marianaoliveira/Downloads/alura1/venv/lib/python3.10/site-packages/airflow/example_dags/example_nested_branch_dag.py
[2023-05-19 16:51:48,633] {processor.py:641} INFO - Processing file /Users/marianaoliveira/Downloads/alura1/venv/lib/python3.10/site-packages/airflow/example_dags/example_nested_branch_dag.py for tasks to queue
[2023-05-19 16:51:48,633] {logging_mixin.py:115} INFO - [2023-05-19 16:51:48,633] {dagbag.py:507} INFO - Filling up the DagBag from /Users/marianaoliveira/Downloads/alura1/venv/lib/python3.10/site-packages/airflow/example_dags/example_nested_branch_dag.py
[2023-05-19 16:51:48,685] {processor.py:651} INFO - DAG(s) dict_keys(['example_nested_branch_dag']) retrieved from /Users/marianaoliveira/Downloads/alura1/venv/lib/python3.10/site-packages/airflow/example_dags/example_nested_branch_dag.py
[2023-05-19 16:51:48,834] {logging_mixin.py:115} INFO - [2023-05-19 16:51:48,834] {dag.py:2379} INFO - Sync 1 DAGs
[2023-05-19 16:51:48,874] {logging_mixin.py:115} INFO - [2023-05-19 16:51:48,874] {dag.py:2927} INFO - Setting next_dagrun for example_nested_branch_dag to 2023-05-18T00:00:00+00:00, run_after=2023-05-19T00:00:00+00:00
[2023-05-19 16:51:48,893] {processor.py:161} INFO - Processing /Users/marianaoliveira/Downloads/alura1/venv/lib/python3.10/site-packages/airflow/example_dags/example_nested_branch_dag.py took 0.263 seconds
[2023-05-19 16:55:30,638] {processor.py:153} INFO - Started process (PID=6959) to work on /Users/marianaoliveira/Downloads/alura1/venv/lib/python3.10/site-packages/airflow/example_dags/example_nested_branch_dag.py
[2023-05-19 16:55:30,640] {processor.py:641} INFO - Processing file /Users/marianaoliveira/Downloads/alura1/venv/lib/python3.10/site-packages/airflow/example_dags/example_nested_branch_dag.py for tasks to queue
[2023-05-19 16:55:30,640] {logging_mixin.py:115} INFO - [2023-05-19 16:55:30,640] {dagbag.py:507} INFO - Filling up the DagBag from /Users/marianaoliveira/Downloads/alura1/venv/lib/python3.10/site-packages/airflow/example_dags/example_nested_branch_dag.py
[2023-05-19 16:55:30,709] {processor.py:651} INFO - DAG(s) dict_keys(['example_nested_branch_dag']) retrieved from /Users/marianaoliveira/Downloads/alura1/venv/lib/python3.10/site-packages/airflow/example_dags/example_nested_branch_dag.py
[2023-05-19 16:55:30,892] {logging_mixin.py:115} INFO - [2023-05-19 16:55:30,892] {dag.py:2379} INFO - Sync 1 DAGs
[2023-05-19 16:55:30,924] {logging_mixin.py:115} INFO - [2023-05-19 16:55:30,924] {dag.py:2927} INFO - Setting next_dagrun for example_nested_branch_dag to 2023-05-18T00:00:00+00:00, run_after=2023-05-19T00:00:00+00:00
[2023-05-19 16:55:30,956] {processor.py:161} INFO - Processing /Users/marianaoliveira/Downloads/alura1/venv/lib/python3.10/site-packages/airflow/example_dags/example_nested_branch_dag.py took 0.319 seconds
[2023-05-19 16:58:39,144] {processor.py:153} INFO - Started process (PID=7072) to work on /Users/marianaoliveira/Downloads/alura1/venv/lib/python3.10/site-packages/airflow/example_dags/example_nested_branch_dag.py
[2023-05-19 16:58:39,144] {processor.py:641} INFO - Processing file /Users/marianaoliveira/Downloads/alura1/venv/lib/python3.10/site-packages/airflow/example_dags/example_nested_branch_dag.py for tasks to queue
[2023-05-19 16:58:39,145] {logging_mixin.py:115} INFO - [2023-05-19 16:58:39,145] {dagbag.py:507} INFO - Filling up the DagBag from /Users/marianaoliveira/Downloads/alura1/venv/lib/python3.10/site-packages/airflow/example_dags/example_nested_branch_dag.py
[2023-05-19 16:58:39,196] {processor.py:651} INFO - DAG(s) dict_keys(['example_nested_branch_dag']) retrieved from /Users/marianaoliveira/Downloads/alura1/venv/lib/python3.10/site-packages/airflow/example_dags/example_nested_branch_dag.py
[2023-05-19 16:58:39,347] {logging_mixin.py:115} INFO - [2023-05-19 16:58:39,346] {dag.py:2379} INFO - Sync 1 DAGs
[2023-05-19 16:58:39,382] {logging_mixin.py:115} INFO - [2023-05-19 16:58:39,381] {dag.py:2927} INFO - Setting next_dagrun for example_nested_branch_dag to 2023-05-18T00:00:00+00:00, run_after=2023-05-19T00:00:00+00:00
[2023-05-19 16:58:39,407] {processor.py:161} INFO - Processing /Users/marianaoliveira/Downloads/alura1/venv/lib/python3.10/site-packages/airflow/example_dags/example_nested_branch_dag.py took 0.267 seconds
[2023-05-19 17:01:39,484] {processor.py:153} INFO - Started process (PID=7158) to work on /Users/marianaoliveira/Downloads/alura1/venv/lib/python3.10/site-packages/airflow/example_dags/example_nested_branch_dag.py
[2023-05-19 17:01:39,486] {processor.py:641} INFO - Processing file /Users/marianaoliveira/Downloads/alura1/venv/lib/python3.10/site-packages/airflow/example_dags/example_nested_branch_dag.py for tasks to queue
[2023-05-19 17:01:39,486] {logging_mixin.py:115} INFO - [2023-05-19 17:01:39,486] {dagbag.py:507} INFO - Filling up the DagBag from /Users/marianaoliveira/Downloads/alura1/venv/lib/python3.10/site-packages/airflow/example_dags/example_nested_branch_dag.py
[2023-05-19 17:01:39,568] {processor.py:651} INFO - DAG(s) dict_keys(['example_nested_branch_dag']) retrieved from /Users/marianaoliveira/Downloads/alura1/venv/lib/python3.10/site-packages/airflow/example_dags/example_nested_branch_dag.py
[2023-05-19 17:01:39,718] {logging_mixin.py:115} INFO - [2023-05-19 17:01:39,718] {dag.py:2379} INFO - Sync 1 DAGs
[2023-05-19 17:01:39,754] {logging_mixin.py:115} INFO - [2023-05-19 17:01:39,754] {dag.py:2927} INFO - Setting next_dagrun for example_nested_branch_dag to 2023-05-18T00:00:00+00:00, run_after=2023-05-19T00:00:00+00:00
[2023-05-19 17:01:39,778] {processor.py:161} INFO - Processing /Users/marianaoliveira/Downloads/alura1/venv/lib/python3.10/site-packages/airflow/example_dags/example_nested_branch_dag.py took 0.297 seconds
[2023-05-19 17:30:51,553] {processor.py:153} INFO - Started process (PID=7755) to work on /Users/marianaoliveira/Downloads/alura1/venv/lib/python3.10/site-packages/airflow/example_dags/example_nested_branch_dag.py
[2023-05-19 17:30:51,554] {processor.py:641} INFO - Processing file /Users/marianaoliveira/Downloads/alura1/venv/lib/python3.10/site-packages/airflow/example_dags/example_nested_branch_dag.py for tasks to queue
[2023-05-19 17:30:51,555] {logging_mixin.py:115} INFO - [2023-05-19 17:30:51,555] {dagbag.py:507} INFO - Filling up the DagBag from /Users/marianaoliveira/Downloads/alura1/venv/lib/python3.10/site-packages/airflow/example_dags/example_nested_branch_dag.py
[2023-05-19 17:30:51,606] {processor.py:651} INFO - DAG(s) dict_keys(['example_nested_branch_dag']) retrieved from /Users/marianaoliveira/Downloads/alura1/venv/lib/python3.10/site-packages/airflow/example_dags/example_nested_branch_dag.py
[2023-05-19 17:30:51,714] {logging_mixin.py:115} INFO - [2023-05-19 17:30:51,714] {dag.py:2379} INFO - Sync 1 DAGs
[2023-05-19 17:30:51,740] {logging_mixin.py:115} INFO - [2023-05-19 17:30:51,739] {dag.py:2927} INFO - Setting next_dagrun for example_nested_branch_dag to 2023-05-18T00:00:00+00:00, run_after=2023-05-19T00:00:00+00:00
[2023-05-19 17:30:51,756] {processor.py:161} INFO - Processing /Users/marianaoliveira/Downloads/alura1/venv/lib/python3.10/site-packages/airflow/example_dags/example_nested_branch_dag.py took 0.204 seconds
[2023-05-19 17:33:44,847] {processor.py:153} INFO - Started process (PID=7825) to work on /Users/marianaoliveira/Downloads/alura1/venv/lib/python3.10/site-packages/airflow/example_dags/example_nested_branch_dag.py
[2023-05-19 17:33:44,849] {processor.py:641} INFO - Processing file /Users/marianaoliveira/Downloads/alura1/venv/lib/python3.10/site-packages/airflow/example_dags/example_nested_branch_dag.py for tasks to queue
[2023-05-19 17:33:44,849] {logging_mixin.py:115} INFO - [2023-05-19 17:33:44,849] {dagbag.py:507} INFO - Filling up the DagBag from /Users/marianaoliveira/Downloads/alura1/venv/lib/python3.10/site-packages/airflow/example_dags/example_nested_branch_dag.py
[2023-05-19 17:33:44,900] {processor.py:651} INFO - DAG(s) dict_keys(['example_nested_branch_dag']) retrieved from /Users/marianaoliveira/Downloads/alura1/venv/lib/python3.10/site-packages/airflow/example_dags/example_nested_branch_dag.py
[2023-05-19 17:33:45,033] {logging_mixin.py:115} INFO - [2023-05-19 17:33:45,032] {dag.py:2379} INFO - Sync 1 DAGs
[2023-05-19 17:33:45,069] {logging_mixin.py:115} INFO - [2023-05-19 17:33:45,069] {dag.py:2927} INFO - Setting next_dagrun for example_nested_branch_dag to 2023-05-18T00:00:00+00:00, run_after=2023-05-19T00:00:00+00:00
[2023-05-19 17:33:45,094] {processor.py:161} INFO - Processing /Users/marianaoliveira/Downloads/alura1/venv/lib/python3.10/site-packages/airflow/example_dags/example_nested_branch_dag.py took 0.248 seconds
[2023-05-19 17:36:19,110] {processor.py:153} INFO - Started process (PID=7880) to work on /Users/marianaoliveira/Downloads/alura1/venv/lib/python3.10/site-packages/airflow/example_dags/example_nested_branch_dag.py
[2023-05-19 17:36:19,112] {processor.py:641} INFO - Processing file /Users/marianaoliveira/Downloads/alura1/venv/lib/python3.10/site-packages/airflow/example_dags/example_nested_branch_dag.py for tasks to queue
[2023-05-19 17:36:19,126] {logging_mixin.py:115} INFO - [2023-05-19 17:36:19,124] {dagbag.py:507} INFO - Filling up the DagBag from /Users/marianaoliveira/Downloads/alura1/venv/lib/python3.10/site-packages/airflow/example_dags/example_nested_branch_dag.py
[2023-05-19 17:36:19,273] {processor.py:651} INFO - DAG(s) dict_keys(['example_nested_branch_dag']) retrieved from /Users/marianaoliveira/Downloads/alura1/venv/lib/python3.10/site-packages/airflow/example_dags/example_nested_branch_dag.py
[2023-05-19 17:36:19,585] {logging_mixin.py:115} INFO - [2023-05-19 17:36:19,585] {dag.py:2379} INFO - Sync 1 DAGs
[2023-05-19 17:36:19,656] {logging_mixin.py:115} INFO - [2023-05-19 17:36:19,656] {dag.py:2927} INFO - Setting next_dagrun for example_nested_branch_dag to 2023-05-18T00:00:00+00:00, run_after=2023-05-19T00:00:00+00:00
[2023-05-19 17:36:19,681] {processor.py:161} INFO - Processing /Users/marianaoliveira/Downloads/alura1/venv/lib/python3.10/site-packages/airflow/example_dags/example_nested_branch_dag.py took 0.573 seconds
[2023-05-19 17:38:07,703] {processor.py:153} INFO - Started process (PID=7927) to work on /Users/marianaoliveira/Downloads/alura1/venv/lib/python3.10/site-packages/airflow/example_dags/example_nested_branch_dag.py
[2023-05-19 17:38:07,704] {processor.py:641} INFO - Processing file /Users/marianaoliveira/Downloads/alura1/venv/lib/python3.10/site-packages/airflow/example_dags/example_nested_branch_dag.py for tasks to queue
[2023-05-19 17:38:07,705] {logging_mixin.py:115} INFO - [2023-05-19 17:38:07,705] {dagbag.py:507} INFO - Filling up the DagBag from /Users/marianaoliveira/Downloads/alura1/venv/lib/python3.10/site-packages/airflow/example_dags/example_nested_branch_dag.py
[2023-05-19 17:38:07,778] {processor.py:651} INFO - DAG(s) dict_keys(['example_nested_branch_dag']) retrieved from /Users/marianaoliveira/Downloads/alura1/venv/lib/python3.10/site-packages/airflow/example_dags/example_nested_branch_dag.py
[2023-05-19 17:38:07,935] {logging_mixin.py:115} INFO - [2023-05-19 17:38:07,935] {dag.py:2379} INFO - Sync 1 DAGs
[2023-05-19 17:38:07,977] {logging_mixin.py:115} INFO - [2023-05-19 17:38:07,977] {dag.py:2927} INFO - Setting next_dagrun for example_nested_branch_dag to 2023-05-18T00:00:00+00:00, run_after=2023-05-19T00:00:00+00:00
[2023-05-19 17:38:08,011] {processor.py:161} INFO - Processing /Users/marianaoliveira/Downloads/alura1/venv/lib/python3.10/site-packages/airflow/example_dags/example_nested_branch_dag.py took 0.311 seconds
[2023-05-19 17:45:27,027] {processor.py:153} INFO - Started process (PID=8107) to work on /Users/marianaoliveira/Downloads/alura1/venv/lib/python3.10/site-packages/airflow/example_dags/example_nested_branch_dag.py
[2023-05-19 17:45:27,028] {processor.py:641} INFO - Processing file /Users/marianaoliveira/Downloads/alura1/venv/lib/python3.10/site-packages/airflow/example_dags/example_nested_branch_dag.py for tasks to queue
[2023-05-19 17:45:27,031] {logging_mixin.py:115} INFO - [2023-05-19 17:45:27,030] {dagbag.py:507} INFO - Filling up the DagBag from /Users/marianaoliveira/Downloads/alura1/venv/lib/python3.10/site-packages/airflow/example_dags/example_nested_branch_dag.py
[2023-05-19 17:45:27,149] {processor.py:651} INFO - DAG(s) dict_keys(['example_nested_branch_dag']) retrieved from /Users/marianaoliveira/Downloads/alura1/venv/lib/python3.10/site-packages/airflow/example_dags/example_nested_branch_dag.py
[2023-05-19 17:45:27,338] {logging_mixin.py:115} INFO - [2023-05-19 17:45:27,337] {dag.py:2379} INFO - Sync 1 DAGs
[2023-05-19 17:45:27,424] {logging_mixin.py:115} INFO - [2023-05-19 17:45:27,424] {dag.py:2927} INFO - Setting next_dagrun for example_nested_branch_dag to 2023-05-18T00:00:00+00:00, run_after=2023-05-19T00:00:00+00:00
[2023-05-19 17:45:27,447] {processor.py:161} INFO - Processing /Users/marianaoliveira/Downloads/alura1/venv/lib/python3.10/site-packages/airflow/example_dags/example_nested_branch_dag.py took 0.425 seconds
[2023-05-19 17:47:48,447] {processor.py:153} INFO - Started process (PID=8170) to work on /Users/marianaoliveira/Downloads/alura1/venv/lib/python3.10/site-packages/airflow/example_dags/example_nested_branch_dag.py
[2023-05-19 17:47:48,448] {processor.py:641} INFO - Processing file /Users/marianaoliveira/Downloads/alura1/venv/lib/python3.10/site-packages/airflow/example_dags/example_nested_branch_dag.py for tasks to queue
[2023-05-19 17:47:48,449] {logging_mixin.py:115} INFO - [2023-05-19 17:47:48,448] {dagbag.py:507} INFO - Filling up the DagBag from /Users/marianaoliveira/Downloads/alura1/venv/lib/python3.10/site-packages/airflow/example_dags/example_nested_branch_dag.py
[2023-05-19 17:47:48,507] {processor.py:651} INFO - DAG(s) dict_keys(['example_nested_branch_dag']) retrieved from /Users/marianaoliveira/Downloads/alura1/venv/lib/python3.10/site-packages/airflow/example_dags/example_nested_branch_dag.py
[2023-05-19 17:47:48,613] {logging_mixin.py:115} INFO - [2023-05-19 17:47:48,613] {dag.py:2379} INFO - Sync 1 DAGs
[2023-05-19 17:47:48,651] {logging_mixin.py:115} INFO - [2023-05-19 17:47:48,651] {dag.py:2927} INFO - Setting next_dagrun for example_nested_branch_dag to 2023-05-18T00:00:00+00:00, run_after=2023-05-19T00:00:00+00:00
[2023-05-19 17:47:48,668] {processor.py:161} INFO - Processing /Users/marianaoliveira/Downloads/alura1/venv/lib/python3.10/site-packages/airflow/example_dags/example_nested_branch_dag.py took 0.222 seconds
[2023-05-19 17:50:57,775] {processor.py:153} INFO - Started process (PID=8264) to work on /Users/marianaoliveira/Downloads/alura1/venv/lib/python3.10/site-packages/airflow/example_dags/example_nested_branch_dag.py
[2023-05-19 17:50:57,777] {processor.py:641} INFO - Processing file /Users/marianaoliveira/Downloads/alura1/venv/lib/python3.10/site-packages/airflow/example_dags/example_nested_branch_dag.py for tasks to queue
[2023-05-19 17:50:57,777] {logging_mixin.py:115} INFO - [2023-05-19 17:50:57,777] {dagbag.py:507} INFO - Filling up the DagBag from /Users/marianaoliveira/Downloads/alura1/venv/lib/python3.10/site-packages/airflow/example_dags/example_nested_branch_dag.py
[2023-05-19 17:50:57,850] {processor.py:651} INFO - DAG(s) dict_keys(['example_nested_branch_dag']) retrieved from /Users/marianaoliveira/Downloads/alura1/venv/lib/python3.10/site-packages/airflow/example_dags/example_nested_branch_dag.py
[2023-05-19 17:50:58,106] {logging_mixin.py:115} INFO - [2023-05-19 17:50:58,105] {dag.py:2379} INFO - Sync 1 DAGs
[2023-05-19 17:50:58,151] {logging_mixin.py:115} INFO - [2023-05-19 17:50:58,151] {dag.py:2927} INFO - Setting next_dagrun for example_nested_branch_dag to 2023-05-18T00:00:00+00:00, run_after=2023-05-19T00:00:00+00:00
[2023-05-19 17:50:58,185] {processor.py:161} INFO - Processing /Users/marianaoliveira/Downloads/alura1/venv/lib/python3.10/site-packages/airflow/example_dags/example_nested_branch_dag.py took 0.412 seconds
[2023-05-19 17:54:32,491] {processor.py:153} INFO - Started process (PID=8442) to work on /Users/marianaoliveira/Downloads/alura1/venv/lib/python3.10/site-packages/airflow/example_dags/example_nested_branch_dag.py
[2023-05-19 17:54:32,493] {processor.py:641} INFO - Processing file /Users/marianaoliveira/Downloads/alura1/venv/lib/python3.10/site-packages/airflow/example_dags/example_nested_branch_dag.py for tasks to queue
[2023-05-19 17:54:32,493] {logging_mixin.py:115} INFO - [2023-05-19 17:54:32,493] {dagbag.py:507} INFO - Filling up the DagBag from /Users/marianaoliveira/Downloads/alura1/venv/lib/python3.10/site-packages/airflow/example_dags/example_nested_branch_dag.py
[2023-05-19 17:54:32,547] {processor.py:651} INFO - DAG(s) dict_keys(['example_nested_branch_dag']) retrieved from /Users/marianaoliveira/Downloads/alura1/venv/lib/python3.10/site-packages/airflow/example_dags/example_nested_branch_dag.py
[2023-05-19 17:54:32,655] {logging_mixin.py:115} INFO - [2023-05-19 17:54:32,655] {dag.py:2379} INFO - Sync 1 DAGs
[2023-05-19 17:54:32,686] {logging_mixin.py:115} INFO - [2023-05-19 17:54:32,686] {dag.py:2927} INFO - Setting next_dagrun for example_nested_branch_dag to 2023-05-18T00:00:00+00:00, run_after=2023-05-19T00:00:00+00:00
[2023-05-19 17:54:32,705] {processor.py:161} INFO - Processing /Users/marianaoliveira/Downloads/alura1/venv/lib/python3.10/site-packages/airflow/example_dags/example_nested_branch_dag.py took 0.215 seconds
[2023-05-19 17:57:31,060] {processor.py:153} INFO - Started process (PID=8597) to work on /Users/marianaoliveira/Downloads/alura1/venv/lib/python3.10/site-packages/airflow/example_dags/example_nested_branch_dag.py
[2023-05-19 17:57:31,061] {processor.py:641} INFO - Processing file /Users/marianaoliveira/Downloads/alura1/venv/lib/python3.10/site-packages/airflow/example_dags/example_nested_branch_dag.py for tasks to queue
[2023-05-19 17:57:31,064] {logging_mixin.py:115} INFO - [2023-05-19 17:57:31,063] {dagbag.py:507} INFO - Filling up the DagBag from /Users/marianaoliveira/Downloads/alura1/venv/lib/python3.10/site-packages/airflow/example_dags/example_nested_branch_dag.py
[2023-05-19 17:57:31,115] {processor.py:651} INFO - DAG(s) dict_keys(['example_nested_branch_dag']) retrieved from /Users/marianaoliveira/Downloads/alura1/venv/lib/python3.10/site-packages/airflow/example_dags/example_nested_branch_dag.py
[2023-05-19 17:57:31,256] {logging_mixin.py:115} INFO - [2023-05-19 17:57:31,256] {dag.py:2379} INFO - Sync 1 DAGs
[2023-05-19 17:57:31,285] {logging_mixin.py:115} INFO - [2023-05-19 17:57:31,285] {dag.py:2927} INFO - Setting next_dagrun for example_nested_branch_dag to 2023-05-18T00:00:00+00:00, run_after=2023-05-19T00:00:00+00:00
[2023-05-19 17:57:31,311] {processor.py:161} INFO - Processing /Users/marianaoliveira/Downloads/alura1/venv/lib/python3.10/site-packages/airflow/example_dags/example_nested_branch_dag.py took 0.252 seconds
[2023-05-19 18:15:16,125] {processor.py:153} INFO - Started process (PID=9218) to work on /Users/marianaoliveira/Downloads/alura1/venv/lib/python3.10/site-packages/airflow/example_dags/example_nested_branch_dag.py
[2023-05-19 18:15:16,127] {processor.py:641} INFO - Processing file /Users/marianaoliveira/Downloads/alura1/venv/lib/python3.10/site-packages/airflow/example_dags/example_nested_branch_dag.py for tasks to queue
[2023-05-19 18:15:16,128] {logging_mixin.py:115} INFO - [2023-05-19 18:15:16,128] {dagbag.py:507} INFO - Filling up the DagBag from /Users/marianaoliveira/Downloads/alura1/venv/lib/python3.10/site-packages/airflow/example_dags/example_nested_branch_dag.py
[2023-05-19 18:15:16,281] {processor.py:651} INFO - DAG(s) dict_keys(['example_nested_branch_dag']) retrieved from /Users/marianaoliveira/Downloads/alura1/venv/lib/python3.10/site-packages/airflow/example_dags/example_nested_branch_dag.py
[2023-05-19 18:15:16,674] {logging_mixin.py:115} INFO - [2023-05-19 18:15:16,673] {dag.py:2379} INFO - Sync 1 DAGs
[2023-05-19 18:15:16,760] {logging_mixin.py:115} INFO - [2023-05-19 18:15:16,760] {dag.py:2927} INFO - Setting next_dagrun for example_nested_branch_dag to 2023-05-18T00:00:00+00:00, run_after=2023-05-19T00:00:00+00:00
[2023-05-19 18:15:16,792] {processor.py:161} INFO - Processing /Users/marianaoliveira/Downloads/alura1/venv/lib/python3.10/site-packages/airflow/example_dags/example_nested_branch_dag.py took 0.681 seconds
