[2023-05-19 15:11:47,690] {processor.py:153} INFO - Started process (PID=2768) to work on /Users/marianaoliveira/Downloads/alura1/venv/lib/python3.10/site-packages/airflow/example_dags/example_trigger_controller_dag.py
[2023-05-19 15:11:47,691] {processor.py:641} INFO - Processing file /Users/marianaoliveira/Downloads/alura1/venv/lib/python3.10/site-packages/airflow/example_dags/example_trigger_controller_dag.py for tasks to queue
[2023-05-19 15:11:47,692] {logging_mixin.py:115} INFO - [2023-05-19 15:11:47,691] {dagbag.py:507} INFO - Filling up the DagBag from /Users/marianaoliveira/Downloads/alura1/venv/lib/python3.10/site-packages/airflow/example_dags/example_trigger_controller_dag.py
[2023-05-19 15:11:47,719] {processor.py:651} INFO - DAG(s) dict_keys(['example_trigger_controller_dag']) retrieved from /Users/marianaoliveira/Downloads/alura1/venv/lib/python3.10/site-packages/airflow/example_dags/example_trigger_controller_dag.py
[2023-05-19 15:11:49,183] {logging_mixin.py:115} INFO - [2023-05-19 15:11:49,183] {manager.py:508} INFO - Created Permission View: can delete on DAG:example_trigger_controller_dag
[2023-05-19 15:11:49,196] {logging_mixin.py:115} INFO - [2023-05-19 15:11:49,196] {manager.py:508} INFO - Created Permission View: can edit on DAG:example_trigger_controller_dag
[2023-05-19 15:11:49,206] {logging_mixin.py:115} INFO - [2023-05-19 15:11:49,206] {manager.py:508} INFO - Created Permission View: can read on DAG:example_trigger_controller_dag
[2023-05-19 15:11:49,207] {logging_mixin.py:115} INFO - [2023-05-19 15:11:49,206] {dag.py:2379} INFO - Sync 1 DAGs
[2023-05-19 15:11:49,215] {logging_mixin.py:115} INFO - [2023-05-19 15:11:49,215] {dag.py:2398} INFO - Creating ORM DAG for example_trigger_controller_dag
[2023-05-19 15:11:49,232] {logging_mixin.py:115} INFO - [2023-05-19 15:11:49,232] {dag.py:2927} INFO - Setting next_dagrun for example_trigger_controller_dag to 2021-01-01T00:00:00+00:00, run_after=2021-01-01T00:00:00+00:00
[2023-05-19 15:11:49,251] {processor.py:161} INFO - Processing /Users/marianaoliveira/Downloads/alura1/venv/lib/python3.10/site-packages/airflow/example_dags/example_trigger_controller_dag.py took 1.565 seconds
[2023-05-19 15:13:44,029] {processor.py:153} INFO - Started process (PID=2874) to work on /Users/marianaoliveira/Downloads/alura1/venv/lib/python3.10/site-packages/airflow/example_dags/example_trigger_controller_dag.py
[2023-05-19 15:13:44,030] {processor.py:641} INFO - Processing file /Users/marianaoliveira/Downloads/alura1/venv/lib/python3.10/site-packages/airflow/example_dags/example_trigger_controller_dag.py for tasks to queue
[2023-05-19 15:13:44,030] {logging_mixin.py:115} INFO - [2023-05-19 15:13:44,030] {dagbag.py:507} INFO - Filling up the DagBag from /Users/marianaoliveira/Downloads/alura1/venv/lib/python3.10/site-packages/airflow/example_dags/example_trigger_controller_dag.py
[2023-05-19 15:13:44,046] {processor.py:651} INFO - DAG(s) dict_keys(['example_trigger_controller_dag']) retrieved from /Users/marianaoliveira/Downloads/alura1/venv/lib/python3.10/site-packages/airflow/example_dags/example_trigger_controller_dag.py
[2023-05-19 15:13:44,121] {logging_mixin.py:115} INFO - [2023-05-19 15:13:44,121] {dag.py:2379} INFO - Sync 1 DAGs
[2023-05-19 15:13:44,137] {logging_mixin.py:115} INFO - [2023-05-19 15:13:44,137] {dag.py:2927} INFO - Setting next_dagrun for example_trigger_controller_dag to 2021-01-01T00:00:00+00:00, run_after=2021-01-01T00:00:00+00:00
[2023-05-19 15:13:44,148] {processor.py:161} INFO - Processing /Users/marianaoliveira/Downloads/alura1/venv/lib/python3.10/site-packages/airflow/example_dags/example_trigger_controller_dag.py took 0.121 seconds
[2023-05-19 15:14:40,093] {processor.py:153} INFO - Started process (PID=2909) to work on /Users/marianaoliveira/Downloads/alura1/venv/lib/python3.10/site-packages/airflow/example_dags/example_trigger_controller_dag.py
[2023-05-19 15:14:40,093] {processor.py:641} INFO - Processing file /Users/marianaoliveira/Downloads/alura1/venv/lib/python3.10/site-packages/airflow/example_dags/example_trigger_controller_dag.py for tasks to queue
[2023-05-19 15:14:40,093] {logging_mixin.py:115} INFO - [2023-05-19 15:14:40,093] {dagbag.py:507} INFO - Filling up the DagBag from /Users/marianaoliveira/Downloads/alura1/venv/lib/python3.10/site-packages/airflow/example_dags/example_trigger_controller_dag.py
[2023-05-19 15:14:40,106] {processor.py:651} INFO - DAG(s) dict_keys(['example_trigger_controller_dag']) retrieved from /Users/marianaoliveira/Downloads/alura1/venv/lib/python3.10/site-packages/airflow/example_dags/example_trigger_controller_dag.py
[2023-05-19 15:14:40,179] {logging_mixin.py:115} INFO - [2023-05-19 15:14:40,179] {dag.py:2379} INFO - Sync 1 DAGs
[2023-05-19 15:14:40,195] {logging_mixin.py:115} INFO - [2023-05-19 15:14:40,195] {dag.py:2927} INFO - Setting next_dagrun for example_trigger_controller_dag to 2021-01-01T00:00:00+00:00, run_after=2021-01-01T00:00:00+00:00
[2023-05-19 15:14:40,207] {processor.py:161} INFO - Processing /Users/marianaoliveira/Downloads/alura1/venv/lib/python3.10/site-packages/airflow/example_dags/example_trigger_controller_dag.py took 0.115 seconds
[2023-05-19 15:15:42,008] {processor.py:153} INFO - Started process (PID=2944) to work on /Users/marianaoliveira/Downloads/alura1/venv/lib/python3.10/site-packages/airflow/example_dags/example_trigger_controller_dag.py
[2023-05-19 15:15:42,009] {processor.py:641} INFO - Processing file /Users/marianaoliveira/Downloads/alura1/venv/lib/python3.10/site-packages/airflow/example_dags/example_trigger_controller_dag.py for tasks to queue
[2023-05-19 15:15:42,011] {logging_mixin.py:115} INFO - [2023-05-19 15:15:42,010] {dagbag.py:507} INFO - Filling up the DagBag from /Users/marianaoliveira/Downloads/alura1/venv/lib/python3.10/site-packages/airflow/example_dags/example_trigger_controller_dag.py
[2023-05-19 15:15:42,031] {processor.py:651} INFO - DAG(s) dict_keys(['example_trigger_controller_dag']) retrieved from /Users/marianaoliveira/Downloads/alura1/venv/lib/python3.10/site-packages/airflow/example_dags/example_trigger_controller_dag.py
[2023-05-19 15:15:42,115] {logging_mixin.py:115} INFO - [2023-05-19 15:15:42,115] {dag.py:2379} INFO - Sync 1 DAGs
[2023-05-19 15:15:42,142] {logging_mixin.py:115} INFO - [2023-05-19 15:15:42,142] {dag.py:2927} INFO - Setting next_dagrun for example_trigger_controller_dag to 2021-01-01T00:00:00+00:00, run_after=2021-01-01T00:00:00+00:00
[2023-05-19 15:15:42,156] {processor.py:161} INFO - Processing /Users/marianaoliveira/Downloads/alura1/venv/lib/python3.10/site-packages/airflow/example_dags/example_trigger_controller_dag.py took 0.151 seconds
[2023-05-19 15:17:00,520] {processor.py:153} INFO - Started process (PID=2993) to work on /Users/marianaoliveira/Downloads/alura1/venv/lib/python3.10/site-packages/airflow/example_dags/example_trigger_controller_dag.py
[2023-05-19 15:17:00,521] {processor.py:641} INFO - Processing file /Users/marianaoliveira/Downloads/alura1/venv/lib/python3.10/site-packages/airflow/example_dags/example_trigger_controller_dag.py for tasks to queue
[2023-05-19 15:17:00,522] {logging_mixin.py:115} INFO - [2023-05-19 15:17:00,521] {dagbag.py:507} INFO - Filling up the DagBag from /Users/marianaoliveira/Downloads/alura1/venv/lib/python3.10/site-packages/airflow/example_dags/example_trigger_controller_dag.py
[2023-05-19 15:17:00,541] {processor.py:651} INFO - DAG(s) dict_keys(['example_trigger_controller_dag']) retrieved from /Users/marianaoliveira/Downloads/alura1/venv/lib/python3.10/site-packages/airflow/example_dags/example_trigger_controller_dag.py
[2023-05-19 15:17:00,655] {logging_mixin.py:115} INFO - [2023-05-19 15:17:00,655] {dag.py:2379} INFO - Sync 1 DAGs
[2023-05-19 15:17:00,711] {logging_mixin.py:115} INFO - [2023-05-19 15:17:00,711] {dag.py:2927} INFO - Setting next_dagrun for example_trigger_controller_dag to 2021-01-01T00:00:00+00:00, run_after=2021-01-01T00:00:00+00:00
[2023-05-19 15:17:00,745] {processor.py:161} INFO - Processing /Users/marianaoliveira/Downloads/alura1/venv/lib/python3.10/site-packages/airflow/example_dags/example_trigger_controller_dag.py took 0.227 seconds
[2023-05-19 15:18:23,979] {processor.py:153} INFO - Started process (PID=3065) to work on /Users/marianaoliveira/Downloads/alura1/venv/lib/python3.10/site-packages/airflow/example_dags/example_trigger_controller_dag.py
[2023-05-19 15:18:23,981] {processor.py:641} INFO - Processing file /Users/marianaoliveira/Downloads/alura1/venv/lib/python3.10/site-packages/airflow/example_dags/example_trigger_controller_dag.py for tasks to queue
[2023-05-19 15:18:23,982] {logging_mixin.py:115} INFO - [2023-05-19 15:18:23,982] {dagbag.py:507} INFO - Filling up the DagBag from /Users/marianaoliveira/Downloads/alura1/venv/lib/python3.10/site-packages/airflow/example_dags/example_trigger_controller_dag.py
[2023-05-19 15:18:24,001] {processor.py:651} INFO - DAG(s) dict_keys(['example_trigger_controller_dag']) retrieved from /Users/marianaoliveira/Downloads/alura1/venv/lib/python3.10/site-packages/airflow/example_dags/example_trigger_controller_dag.py
[2023-05-19 15:18:24,087] {logging_mixin.py:115} INFO - [2023-05-19 15:18:24,087] {dag.py:2379} INFO - Sync 1 DAGs
[2023-05-19 15:18:24,105] {logging_mixin.py:115} INFO - [2023-05-19 15:18:24,105] {dag.py:2927} INFO - Setting next_dagrun for example_trigger_controller_dag to 2021-01-01T00:00:00+00:00, run_after=2021-01-01T00:00:00+00:00
[2023-05-19 15:18:24,118] {processor.py:161} INFO - Processing /Users/marianaoliveira/Downloads/alura1/venv/lib/python3.10/site-packages/airflow/example_dags/example_trigger_controller_dag.py took 0.140 seconds
[2023-05-19 15:19:28,075] {processor.py:153} INFO - Started process (PID=3101) to work on /Users/marianaoliveira/Downloads/alura1/venv/lib/python3.10/site-packages/airflow/example_dags/example_trigger_controller_dag.py
[2023-05-19 15:19:28,076] {processor.py:641} INFO - Processing file /Users/marianaoliveira/Downloads/alura1/venv/lib/python3.10/site-packages/airflow/example_dags/example_trigger_controller_dag.py for tasks to queue
[2023-05-19 15:19:28,079] {logging_mixin.py:115} INFO - [2023-05-19 15:19:28,079] {dagbag.py:507} INFO - Filling up the DagBag from /Users/marianaoliveira/Downloads/alura1/venv/lib/python3.10/site-packages/airflow/example_dags/example_trigger_controller_dag.py
[2023-05-19 15:19:28,096] {processor.py:651} INFO - DAG(s) dict_keys(['example_trigger_controller_dag']) retrieved from /Users/marianaoliveira/Downloads/alura1/venv/lib/python3.10/site-packages/airflow/example_dags/example_trigger_controller_dag.py
[2023-05-19 15:19:28,167] {logging_mixin.py:115} INFO - [2023-05-19 15:19:28,167] {dag.py:2379} INFO - Sync 1 DAGs
[2023-05-19 15:19:28,184] {logging_mixin.py:115} INFO - [2023-05-19 15:19:28,184] {dag.py:2927} INFO - Setting next_dagrun for example_trigger_controller_dag to 2021-01-01T00:00:00+00:00, run_after=2021-01-01T00:00:00+00:00
[2023-05-19 15:19:28,197] {processor.py:161} INFO - Processing /Users/marianaoliveira/Downloads/alura1/venv/lib/python3.10/site-packages/airflow/example_dags/example_trigger_controller_dag.py took 0.123 seconds
[2023-05-19 15:20:28,270] {processor.py:153} INFO - Started process (PID=3131) to work on /Users/marianaoliveira/Downloads/alura1/venv/lib/python3.10/site-packages/airflow/example_dags/example_trigger_controller_dag.py
[2023-05-19 15:20:28,271] {processor.py:641} INFO - Processing file /Users/marianaoliveira/Downloads/alura1/venv/lib/python3.10/site-packages/airflow/example_dags/example_trigger_controller_dag.py for tasks to queue
[2023-05-19 15:20:28,272] {logging_mixin.py:115} INFO - [2023-05-19 15:20:28,272] {dagbag.py:507} INFO - Filling up the DagBag from /Users/marianaoliveira/Downloads/alura1/venv/lib/python3.10/site-packages/airflow/example_dags/example_trigger_controller_dag.py
[2023-05-19 15:20:28,288] {processor.py:651} INFO - DAG(s) dict_keys(['example_trigger_controller_dag']) retrieved from /Users/marianaoliveira/Downloads/alura1/venv/lib/python3.10/site-packages/airflow/example_dags/example_trigger_controller_dag.py
[2023-05-19 15:20:28,358] {logging_mixin.py:115} INFO - [2023-05-19 15:20:28,358] {dag.py:2379} INFO - Sync 1 DAGs
[2023-05-19 15:20:28,375] {logging_mixin.py:115} INFO - [2023-05-19 15:20:28,375] {dag.py:2927} INFO - Setting next_dagrun for example_trigger_controller_dag to 2021-01-01T00:00:00+00:00, run_after=2021-01-01T00:00:00+00:00
[2023-05-19 15:20:28,387] {processor.py:161} INFO - Processing /Users/marianaoliveira/Downloads/alura1/venv/lib/python3.10/site-packages/airflow/example_dags/example_trigger_controller_dag.py took 0.117 seconds
[2023-05-19 15:21:22,594] {processor.py:153} INFO - Started process (PID=3159) to work on /Users/marianaoliveira/Downloads/alura1/venv/lib/python3.10/site-packages/airflow/example_dags/example_trigger_controller_dag.py
[2023-05-19 15:21:22,595] {processor.py:641} INFO - Processing file /Users/marianaoliveira/Downloads/alura1/venv/lib/python3.10/site-packages/airflow/example_dags/example_trigger_controller_dag.py for tasks to queue
[2023-05-19 15:21:22,596] {logging_mixin.py:115} INFO - [2023-05-19 15:21:22,596] {dagbag.py:507} INFO - Filling up the DagBag from /Users/marianaoliveira/Downloads/alura1/venv/lib/python3.10/site-packages/airflow/example_dags/example_trigger_controller_dag.py
[2023-05-19 15:21:22,609] {processor.py:651} INFO - DAG(s) dict_keys(['example_trigger_controller_dag']) retrieved from /Users/marianaoliveira/Downloads/alura1/venv/lib/python3.10/site-packages/airflow/example_dags/example_trigger_controller_dag.py
[2023-05-19 15:21:22,682] {logging_mixin.py:115} INFO - [2023-05-19 15:21:22,682] {dag.py:2379} INFO - Sync 1 DAGs
[2023-05-19 15:21:22,699] {logging_mixin.py:115} INFO - [2023-05-19 15:21:22,699] {dag.py:2927} INFO - Setting next_dagrun for example_trigger_controller_dag to 2021-01-01T00:00:00+00:00, run_after=2021-01-01T00:00:00+00:00
[2023-05-19 15:21:22,711] {processor.py:161} INFO - Processing /Users/marianaoliveira/Downloads/alura1/venv/lib/python3.10/site-packages/airflow/example_dags/example_trigger_controller_dag.py took 0.117 seconds
[2023-05-19 15:22:58,820] {processor.py:153} INFO - Started process (PID=3208) to work on /Users/marianaoliveira/Downloads/alura1/venv/lib/python3.10/site-packages/airflow/example_dags/example_trigger_controller_dag.py
[2023-05-19 15:22:58,822] {processor.py:641} INFO - Processing file /Users/marianaoliveira/Downloads/alura1/venv/lib/python3.10/site-packages/airflow/example_dags/example_trigger_controller_dag.py for tasks to queue
[2023-05-19 15:22:58,822] {logging_mixin.py:115} INFO - [2023-05-19 15:22:58,822] {dagbag.py:507} INFO - Filling up the DagBag from /Users/marianaoliveira/Downloads/alura1/venv/lib/python3.10/site-packages/airflow/example_dags/example_trigger_controller_dag.py
[2023-05-19 15:22:58,837] {processor.py:651} INFO - DAG(s) dict_keys(['example_trigger_controller_dag']) retrieved from /Users/marianaoliveira/Downloads/alura1/venv/lib/python3.10/site-packages/airflow/example_dags/example_trigger_controller_dag.py
[2023-05-19 15:22:58,907] {logging_mixin.py:115} INFO - [2023-05-19 15:22:58,907] {dag.py:2379} INFO - Sync 1 DAGs
[2023-05-19 15:22:58,924] {logging_mixin.py:115} INFO - [2023-05-19 15:22:58,924] {dag.py:2927} INFO - Setting next_dagrun for example_trigger_controller_dag to 2021-01-01T00:00:00+00:00, run_after=2021-01-01T00:00:00+00:00
[2023-05-19 15:22:58,937] {processor.py:161} INFO - Processing /Users/marianaoliveira/Downloads/alura1/venv/lib/python3.10/site-packages/airflow/example_dags/example_trigger_controller_dag.py took 0.118 seconds
[2023-05-19 15:24:47,206] {processor.py:153} INFO - Started process (PID=3267) to work on /Users/marianaoliveira/Downloads/alura1/venv/lib/python3.10/site-packages/airflow/example_dags/example_trigger_controller_dag.py
[2023-05-19 15:24:47,208] {processor.py:641} INFO - Processing file /Users/marianaoliveira/Downloads/alura1/venv/lib/python3.10/site-packages/airflow/example_dags/example_trigger_controller_dag.py for tasks to queue
[2023-05-19 15:24:47,208] {logging_mixin.py:115} INFO - [2023-05-19 15:24:47,208] {dagbag.py:507} INFO - Filling up the DagBag from /Users/marianaoliveira/Downloads/alura1/venv/lib/python3.10/site-packages/airflow/example_dags/example_trigger_controller_dag.py
[2023-05-19 15:24:47,234] {processor.py:651} INFO - DAG(s) dict_keys(['example_trigger_controller_dag']) retrieved from /Users/marianaoliveira/Downloads/alura1/venv/lib/python3.10/site-packages/airflow/example_dags/example_trigger_controller_dag.py
[2023-05-19 15:24:47,378] {logging_mixin.py:115} INFO - [2023-05-19 15:24:47,378] {dag.py:2379} INFO - Sync 1 DAGs
[2023-05-19 15:24:47,404] {logging_mixin.py:115} INFO - [2023-05-19 15:24:47,404] {dag.py:2927} INFO - Setting next_dagrun for example_trigger_controller_dag to 2021-01-01T00:00:00+00:00, run_after=2021-01-01T00:00:00+00:00
[2023-05-19 15:24:47,427] {processor.py:161} INFO - Processing /Users/marianaoliveira/Downloads/alura1/venv/lib/python3.10/site-packages/airflow/example_dags/example_trigger_controller_dag.py took 0.222 seconds
[2023-05-19 15:26:15,863] {processor.py:153} INFO - Started process (PID=3336) to work on /Users/marianaoliveira/Downloads/alura1/venv/lib/python3.10/site-packages/airflow/example_dags/example_trigger_controller_dag.py
[2023-05-19 15:26:15,863] {processor.py:641} INFO - Processing file /Users/marianaoliveira/Downloads/alura1/venv/lib/python3.10/site-packages/airflow/example_dags/example_trigger_controller_dag.py for tasks to queue
[2023-05-19 15:26:15,864] {logging_mixin.py:115} INFO - [2023-05-19 15:26:15,864] {dagbag.py:507} INFO - Filling up the DagBag from /Users/marianaoliveira/Downloads/alura1/venv/lib/python3.10/site-packages/airflow/example_dags/example_trigger_controller_dag.py
[2023-05-19 15:26:15,885] {processor.py:651} INFO - DAG(s) dict_keys(['example_trigger_controller_dag']) retrieved from /Users/marianaoliveira/Downloads/alura1/venv/lib/python3.10/site-packages/airflow/example_dags/example_trigger_controller_dag.py
[2023-05-19 15:26:15,962] {logging_mixin.py:115} INFO - [2023-05-19 15:26:15,961] {dag.py:2379} INFO - Sync 1 DAGs
[2023-05-19 15:26:15,980] {logging_mixin.py:115} INFO - [2023-05-19 15:26:15,980] {dag.py:2927} INFO - Setting next_dagrun for example_trigger_controller_dag to 2021-01-01T00:00:00+00:00, run_after=2021-01-01T00:00:00+00:00
[2023-05-19 15:26:15,993] {processor.py:161} INFO - Processing /Users/marianaoliveira/Downloads/alura1/venv/lib/python3.10/site-packages/airflow/example_dags/example_trigger_controller_dag.py took 0.131 seconds
[2023-05-19 15:27:29,373] {processor.py:153} INFO - Started process (PID=3375) to work on /Users/marianaoliveira/Downloads/alura1/venv/lib/python3.10/site-packages/airflow/example_dags/example_trigger_controller_dag.py
[2023-05-19 15:27:29,374] {processor.py:641} INFO - Processing file /Users/marianaoliveira/Downloads/alura1/venv/lib/python3.10/site-packages/airflow/example_dags/example_trigger_controller_dag.py for tasks to queue
[2023-05-19 15:27:29,374] {logging_mixin.py:115} INFO - [2023-05-19 15:27:29,374] {dagbag.py:507} INFO - Filling up the DagBag from /Users/marianaoliveira/Downloads/alura1/venv/lib/python3.10/site-packages/airflow/example_dags/example_trigger_controller_dag.py
[2023-05-19 15:27:29,387] {processor.py:651} INFO - DAG(s) dict_keys(['example_trigger_controller_dag']) retrieved from /Users/marianaoliveira/Downloads/alura1/venv/lib/python3.10/site-packages/airflow/example_dags/example_trigger_controller_dag.py
[2023-05-19 15:27:29,456] {logging_mixin.py:115} INFO - [2023-05-19 15:27:29,455] {dag.py:2379} INFO - Sync 1 DAGs
[2023-05-19 15:27:29,475] {logging_mixin.py:115} INFO - [2023-05-19 15:27:29,475] {dag.py:2927} INFO - Setting next_dagrun for example_trigger_controller_dag to 2021-01-01T00:00:00+00:00, run_after=2021-01-01T00:00:00+00:00
[2023-05-19 15:27:29,488] {processor.py:161} INFO - Processing /Users/marianaoliveira/Downloads/alura1/venv/lib/python3.10/site-packages/airflow/example_dags/example_trigger_controller_dag.py took 0.115 seconds
[2023-05-19 15:28:34,545] {processor.py:153} INFO - Started process (PID=3413) to work on /Users/marianaoliveira/Downloads/alura1/venv/lib/python3.10/site-packages/airflow/example_dags/example_trigger_controller_dag.py
[2023-05-19 15:28:34,546] {processor.py:641} INFO - Processing file /Users/marianaoliveira/Downloads/alura1/venv/lib/python3.10/site-packages/airflow/example_dags/example_trigger_controller_dag.py for tasks to queue
[2023-05-19 15:28:34,546] {logging_mixin.py:115} INFO - [2023-05-19 15:28:34,546] {dagbag.py:507} INFO - Filling up the DagBag from /Users/marianaoliveira/Downloads/alura1/venv/lib/python3.10/site-packages/airflow/example_dags/example_trigger_controller_dag.py
[2023-05-19 15:28:34,569] {processor.py:651} INFO - DAG(s) dict_keys(['example_trigger_controller_dag']) retrieved from /Users/marianaoliveira/Downloads/alura1/venv/lib/python3.10/site-packages/airflow/example_dags/example_trigger_controller_dag.py
[2023-05-19 15:28:34,664] {logging_mixin.py:115} INFO - [2023-05-19 15:28:34,664] {dag.py:2379} INFO - Sync 1 DAGs
[2023-05-19 15:28:34,686] {logging_mixin.py:115} INFO - [2023-05-19 15:28:34,686] {dag.py:2927} INFO - Setting next_dagrun for example_trigger_controller_dag to 2021-01-01T00:00:00+00:00, run_after=2021-01-01T00:00:00+00:00
[2023-05-19 15:28:34,701] {processor.py:161} INFO - Processing /Users/marianaoliveira/Downloads/alura1/venv/lib/python3.10/site-packages/airflow/example_dags/example_trigger_controller_dag.py took 0.157 seconds
[2023-05-19 15:29:45,600] {processor.py:153} INFO - Started process (PID=3460) to work on /Users/marianaoliveira/Downloads/alura1/venv/lib/python3.10/site-packages/airflow/example_dags/example_trigger_controller_dag.py
[2023-05-19 15:29:45,600] {processor.py:641} INFO - Processing file /Users/marianaoliveira/Downloads/alura1/venv/lib/python3.10/site-packages/airflow/example_dags/example_trigger_controller_dag.py for tasks to queue
[2023-05-19 15:29:45,601] {logging_mixin.py:115} INFO - [2023-05-19 15:29:45,601] {dagbag.py:507} INFO - Filling up the DagBag from /Users/marianaoliveira/Downloads/alura1/venv/lib/python3.10/site-packages/airflow/example_dags/example_trigger_controller_dag.py
[2023-05-19 15:29:45,614] {processor.py:651} INFO - DAG(s) dict_keys(['example_trigger_controller_dag']) retrieved from /Users/marianaoliveira/Downloads/alura1/venv/lib/python3.10/site-packages/airflow/example_dags/example_trigger_controller_dag.py
[2023-05-19 15:29:45,682] {logging_mixin.py:115} INFO - [2023-05-19 15:29:45,682] {dag.py:2379} INFO - Sync 1 DAGs
[2023-05-19 15:29:45,699] {logging_mixin.py:115} INFO - [2023-05-19 15:29:45,699] {dag.py:2927} INFO - Setting next_dagrun for example_trigger_controller_dag to 2021-01-01T00:00:00+00:00, run_after=2021-01-01T00:00:00+00:00
[2023-05-19 15:29:45,711] {processor.py:161} INFO - Processing /Users/marianaoliveira/Downloads/alura1/venv/lib/python3.10/site-packages/airflow/example_dags/example_trigger_controller_dag.py took 0.112 seconds
[2023-05-19 15:30:56,685] {processor.py:153} INFO - Started process (PID=3497) to work on /Users/marianaoliveira/Downloads/alura1/venv/lib/python3.10/site-packages/airflow/example_dags/example_trigger_controller_dag.py
[2023-05-19 15:30:56,687] {processor.py:641} INFO - Processing file /Users/marianaoliveira/Downloads/alura1/venv/lib/python3.10/site-packages/airflow/example_dags/example_trigger_controller_dag.py for tasks to queue
[2023-05-19 15:30:56,687] {logging_mixin.py:115} INFO - [2023-05-19 15:30:56,687] {dagbag.py:507} INFO - Filling up the DagBag from /Users/marianaoliveira/Downloads/alura1/venv/lib/python3.10/site-packages/airflow/example_dags/example_trigger_controller_dag.py
[2023-05-19 15:30:56,707] {processor.py:651} INFO - DAG(s) dict_keys(['example_trigger_controller_dag']) retrieved from /Users/marianaoliveira/Downloads/alura1/venv/lib/python3.10/site-packages/airflow/example_dags/example_trigger_controller_dag.py
[2023-05-19 15:30:56,820] {logging_mixin.py:115} INFO - [2023-05-19 15:30:56,820] {dag.py:2379} INFO - Sync 1 DAGs
[2023-05-19 15:30:56,850] {logging_mixin.py:115} INFO - [2023-05-19 15:30:56,850] {dag.py:2927} INFO - Setting next_dagrun for example_trigger_controller_dag to 2021-01-01T00:00:00+00:00, run_after=2021-01-01T00:00:00+00:00
[2023-05-19 15:30:56,865] {processor.py:161} INFO - Processing /Users/marianaoliveira/Downloads/alura1/venv/lib/python3.10/site-packages/airflow/example_dags/example_trigger_controller_dag.py took 0.181 seconds
[2023-05-19 16:29:05,958] {processor.py:153} INFO - Started process (PID=6053) to work on /Users/marianaoliveira/Downloads/alura1/venv/lib/python3.10/site-packages/airflow/example_dags/example_trigger_controller_dag.py
[2023-05-19 16:29:05,960] {processor.py:641} INFO - Processing file /Users/marianaoliveira/Downloads/alura1/venv/lib/python3.10/site-packages/airflow/example_dags/example_trigger_controller_dag.py for tasks to queue
[2023-05-19 16:29:05,960] {logging_mixin.py:115} INFO - [2023-05-19 16:29:05,960] {dagbag.py:507} INFO - Filling up the DagBag from /Users/marianaoliveira/Downloads/alura1/venv/lib/python3.10/site-packages/airflow/example_dags/example_trigger_controller_dag.py
[2023-05-19 16:29:05,985] {processor.py:651} INFO - DAG(s) dict_keys(['example_trigger_controller_dag']) retrieved from /Users/marianaoliveira/Downloads/alura1/venv/lib/python3.10/site-packages/airflow/example_dags/example_trigger_controller_dag.py
[2023-05-19 16:29:06,093] {logging_mixin.py:115} INFO - [2023-05-19 16:29:06,093] {dag.py:2379} INFO - Sync 1 DAGs
[2023-05-19 16:29:06,119] {logging_mixin.py:115} INFO - [2023-05-19 16:29:06,119] {dag.py:2927} INFO - Setting next_dagrun for example_trigger_controller_dag to 2021-01-01T00:00:00+00:00, run_after=2021-01-01T00:00:00+00:00
[2023-05-19 16:29:06,137] {processor.py:161} INFO - Processing /Users/marianaoliveira/Downloads/alura1/venv/lib/python3.10/site-packages/airflow/example_dags/example_trigger_controller_dag.py took 0.180 seconds
[2023-05-19 16:31:23,037] {processor.py:153} INFO - Started process (PID=6121) to work on /Users/marianaoliveira/Downloads/alura1/venv/lib/python3.10/site-packages/airflow/example_dags/example_trigger_controller_dag.py
[2023-05-19 16:31:23,039] {processor.py:641} INFO - Processing file /Users/marianaoliveira/Downloads/alura1/venv/lib/python3.10/site-packages/airflow/example_dags/example_trigger_controller_dag.py for tasks to queue
[2023-05-19 16:31:23,041] {logging_mixin.py:115} INFO - [2023-05-19 16:31:23,041] {dagbag.py:507} INFO - Filling up the DagBag from /Users/marianaoliveira/Downloads/alura1/venv/lib/python3.10/site-packages/airflow/example_dags/example_trigger_controller_dag.py
[2023-05-19 16:31:23,097] {processor.py:651} INFO - DAG(s) dict_keys(['example_trigger_controller_dag']) retrieved from /Users/marianaoliveira/Downloads/alura1/venv/lib/python3.10/site-packages/airflow/example_dags/example_trigger_controller_dag.py
[2023-05-19 16:31:23,274] {logging_mixin.py:115} INFO - [2023-05-19 16:31:23,274] {dag.py:2379} INFO - Sync 1 DAGs
[2023-05-19 16:31:23,327] {logging_mixin.py:115} INFO - [2023-05-19 16:31:23,327] {dag.py:2927} INFO - Setting next_dagrun for example_trigger_controller_dag to 2021-01-01T00:00:00+00:00, run_after=2021-01-01T00:00:00+00:00
[2023-05-19 16:31:23,404] {processor.py:161} INFO - Processing /Users/marianaoliveira/Downloads/alura1/venv/lib/python3.10/site-packages/airflow/example_dags/example_trigger_controller_dag.py took 0.372 seconds
[2023-05-19 16:33:22,947] {processor.py:153} INFO - Started process (PID=6202) to work on /Users/marianaoliveira/Downloads/alura1/venv/lib/python3.10/site-packages/airflow/example_dags/example_trigger_controller_dag.py
[2023-05-19 16:33:22,949] {processor.py:641} INFO - Processing file /Users/marianaoliveira/Downloads/alura1/venv/lib/python3.10/site-packages/airflow/example_dags/example_trigger_controller_dag.py for tasks to queue
[2023-05-19 16:33:22,949] {logging_mixin.py:115} INFO - [2023-05-19 16:33:22,949] {dagbag.py:507} INFO - Filling up the DagBag from /Users/marianaoliveira/Downloads/alura1/venv/lib/python3.10/site-packages/airflow/example_dags/example_trigger_controller_dag.py
[2023-05-19 16:33:23,004] {processor.py:651} INFO - DAG(s) dict_keys(['example_trigger_controller_dag']) retrieved from /Users/marianaoliveira/Downloads/alura1/venv/lib/python3.10/site-packages/airflow/example_dags/example_trigger_controller_dag.py
[2023-05-19 16:33:23,131] {logging_mixin.py:115} INFO - [2023-05-19 16:33:23,130] {dag.py:2379} INFO - Sync 1 DAGs
[2023-05-19 16:33:23,166] {logging_mixin.py:115} INFO - [2023-05-19 16:33:23,166] {dag.py:2927} INFO - Setting next_dagrun for example_trigger_controller_dag to 2021-01-01T00:00:00+00:00, run_after=2021-01-01T00:00:00+00:00
[2023-05-19 16:33:23,197] {processor.py:161} INFO - Processing /Users/marianaoliveira/Downloads/alura1/venv/lib/python3.10/site-packages/airflow/example_dags/example_trigger_controller_dag.py took 0.252 seconds
[2023-05-19 16:36:13,308] {processor.py:153} INFO - Started process (PID=6297) to work on /Users/marianaoliveira/Downloads/alura1/venv/lib/python3.10/site-packages/airflow/example_dags/example_trigger_controller_dag.py
[2023-05-19 16:36:13,309] {processor.py:641} INFO - Processing file /Users/marianaoliveira/Downloads/alura1/venv/lib/python3.10/site-packages/airflow/example_dags/example_trigger_controller_dag.py for tasks to queue
[2023-05-19 16:36:13,310] {logging_mixin.py:115} INFO - [2023-05-19 16:36:13,309] {dagbag.py:507} INFO - Filling up the DagBag from /Users/marianaoliveira/Downloads/alura1/venv/lib/python3.10/site-packages/airflow/example_dags/example_trigger_controller_dag.py
[2023-05-19 16:36:13,332] {processor.py:651} INFO - DAG(s) dict_keys(['example_trigger_controller_dag']) retrieved from /Users/marianaoliveira/Downloads/alura1/venv/lib/python3.10/site-packages/airflow/example_dags/example_trigger_controller_dag.py
[2023-05-19 16:36:13,440] {logging_mixin.py:115} INFO - [2023-05-19 16:36:13,440] {dag.py:2379} INFO - Sync 1 DAGs
[2023-05-19 16:36:13,471] {logging_mixin.py:115} INFO - [2023-05-19 16:36:13,471] {dag.py:2927} INFO - Setting next_dagrun for example_trigger_controller_dag to 2021-01-01T00:00:00+00:00, run_after=2021-01-01T00:00:00+00:00
[2023-05-19 16:36:13,486] {processor.py:161} INFO - Processing /Users/marianaoliveira/Downloads/alura1/venv/lib/python3.10/site-packages/airflow/example_dags/example_trigger_controller_dag.py took 0.179 seconds
[2023-05-19 16:37:55,760] {processor.py:153} INFO - Started process (PID=6340) to work on /Users/marianaoliveira/Downloads/alura1/venv/lib/python3.10/site-packages/airflow/example_dags/example_trigger_controller_dag.py
[2023-05-19 16:37:55,761] {processor.py:641} INFO - Processing file /Users/marianaoliveira/Downloads/alura1/venv/lib/python3.10/site-packages/airflow/example_dags/example_trigger_controller_dag.py for tasks to queue
[2023-05-19 16:37:55,761] {logging_mixin.py:115} INFO - [2023-05-19 16:37:55,761] {dagbag.py:507} INFO - Filling up the DagBag from /Users/marianaoliveira/Downloads/alura1/venv/lib/python3.10/site-packages/airflow/example_dags/example_trigger_controller_dag.py
[2023-05-19 16:37:55,798] {processor.py:651} INFO - DAG(s) dict_keys(['example_trigger_controller_dag']) retrieved from /Users/marianaoliveira/Downloads/alura1/venv/lib/python3.10/site-packages/airflow/example_dags/example_trigger_controller_dag.py
[2023-05-19 16:37:56,093] {logging_mixin.py:115} INFO - [2023-05-19 16:37:56,093] {dag.py:2379} INFO - Sync 1 DAGs
[2023-05-19 16:37:56,126] {logging_mixin.py:115} INFO - [2023-05-19 16:37:56,126] {dag.py:2927} INFO - Setting next_dagrun for example_trigger_controller_dag to 2021-01-01T00:00:00+00:00, run_after=2021-01-01T00:00:00+00:00
[2023-05-19 16:37:56,152] {processor.py:161} INFO - Processing /Users/marianaoliveira/Downloads/alura1/venv/lib/python3.10/site-packages/airflow/example_dags/example_trigger_controller_dag.py took 0.393 seconds
[2023-05-19 16:41:26,743] {processor.py:153} INFO - Started process (PID=6525) to work on /Users/marianaoliveira/Downloads/alura1/venv/lib/python3.10/site-packages/airflow/example_dags/example_trigger_controller_dag.py
[2023-05-19 16:41:26,744] {processor.py:641} INFO - Processing file /Users/marianaoliveira/Downloads/alura1/venv/lib/python3.10/site-packages/airflow/example_dags/example_trigger_controller_dag.py for tasks to queue
[2023-05-19 16:41:26,745] {logging_mixin.py:115} INFO - [2023-05-19 16:41:26,745] {dagbag.py:507} INFO - Filling up the DagBag from /Users/marianaoliveira/Downloads/alura1/venv/lib/python3.10/site-packages/airflow/example_dags/example_trigger_controller_dag.py
[2023-05-19 16:41:26,779] {processor.py:651} INFO - DAG(s) dict_keys(['example_trigger_controller_dag']) retrieved from /Users/marianaoliveira/Downloads/alura1/venv/lib/python3.10/site-packages/airflow/example_dags/example_trigger_controller_dag.py
[2023-05-19 16:41:26,993] {logging_mixin.py:115} INFO - [2023-05-19 16:41:26,990] {dag.py:2379} INFO - Sync 1 DAGs
[2023-05-19 16:41:27,049] {logging_mixin.py:115} INFO - [2023-05-19 16:41:27,048] {dag.py:2927} INFO - Setting next_dagrun for example_trigger_controller_dag to 2021-01-01T00:00:00+00:00, run_after=2021-01-01T00:00:00+00:00
[2023-05-19 16:41:27,072] {processor.py:161} INFO - Processing /Users/marianaoliveira/Downloads/alura1/venv/lib/python3.10/site-packages/airflow/example_dags/example_trigger_controller_dag.py took 0.332 seconds
[2023-05-19 16:50:59,314] {processor.py:153} INFO - Started process (PID=6698) to work on /Users/marianaoliveira/Downloads/alura1/venv/lib/python3.10/site-packages/airflow/example_dags/example_trigger_controller_dag.py
[2023-05-19 16:50:59,316] {processor.py:641} INFO - Processing file /Users/marianaoliveira/Downloads/alura1/venv/lib/python3.10/site-packages/airflow/example_dags/example_trigger_controller_dag.py for tasks to queue
[2023-05-19 16:50:59,320] {logging_mixin.py:115} INFO - [2023-05-19 16:50:59,320] {dagbag.py:507} INFO - Filling up the DagBag from /Users/marianaoliveira/Downloads/alura1/venv/lib/python3.10/site-packages/airflow/example_dags/example_trigger_controller_dag.py
[2023-05-19 16:50:59,393] {processor.py:651} INFO - DAG(s) dict_keys(['example_trigger_controller_dag']) retrieved from /Users/marianaoliveira/Downloads/alura1/venv/lib/python3.10/site-packages/airflow/example_dags/example_trigger_controller_dag.py
[2023-05-19 16:51:00,083] {logging_mixin.py:115} INFO - [2023-05-19 16:51:00,082] {dag.py:2379} INFO - Sync 1 DAGs
[2023-05-19 16:51:00,200] {logging_mixin.py:115} INFO - [2023-05-19 16:51:00,200] {dag.py:2927} INFO - Setting next_dagrun for example_trigger_controller_dag to 2021-01-01T00:00:00+00:00, run_after=2021-01-01T00:00:00+00:00
[2023-05-19 16:51:00,251] {processor.py:161} INFO - Processing /Users/marianaoliveira/Downloads/alura1/venv/lib/python3.10/site-packages/airflow/example_dags/example_trigger_controller_dag.py took 0.939 seconds
[2023-05-19 16:53:48,161] {processor.py:153} INFO - Started process (PID=6848) to work on /Users/marianaoliveira/Downloads/alura1/venv/lib/python3.10/site-packages/airflow/example_dags/example_trigger_controller_dag.py
[2023-05-19 16:53:48,162] {processor.py:641} INFO - Processing file /Users/marianaoliveira/Downloads/alura1/venv/lib/python3.10/site-packages/airflow/example_dags/example_trigger_controller_dag.py for tasks to queue
[2023-05-19 16:53:48,163] {logging_mixin.py:115} INFO - [2023-05-19 16:53:48,163] {dagbag.py:507} INFO - Filling up the DagBag from /Users/marianaoliveira/Downloads/alura1/venv/lib/python3.10/site-packages/airflow/example_dags/example_trigger_controller_dag.py
[2023-05-19 16:53:48,197] {processor.py:651} INFO - DAG(s) dict_keys(['example_trigger_controller_dag']) retrieved from /Users/marianaoliveira/Downloads/alura1/venv/lib/python3.10/site-packages/airflow/example_dags/example_trigger_controller_dag.py
[2023-05-19 16:53:48,355] {logging_mixin.py:115} INFO - [2023-05-19 16:53:48,354] {dag.py:2379} INFO - Sync 1 DAGs
[2023-05-19 16:53:48,398] {logging_mixin.py:115} INFO - [2023-05-19 16:53:48,398] {dag.py:2927} INFO - Setting next_dagrun for example_trigger_controller_dag to 2021-01-01T00:00:00+00:00, run_after=2021-01-01T00:00:00+00:00
[2023-05-19 16:53:48,426] {processor.py:161} INFO - Processing /Users/marianaoliveira/Downloads/alura1/venv/lib/python3.10/site-packages/airflow/example_dags/example_trigger_controller_dag.py took 0.266 seconds
[2023-05-19 16:56:34,728] {processor.py:153} INFO - Started process (PID=7016) to work on /Users/marianaoliveira/Downloads/alura1/venv/lib/python3.10/site-packages/airflow/example_dags/example_trigger_controller_dag.py
[2023-05-19 16:56:34,729] {processor.py:641} INFO - Processing file /Users/marianaoliveira/Downloads/alura1/venv/lib/python3.10/site-packages/airflow/example_dags/example_trigger_controller_dag.py for tasks to queue
[2023-05-19 16:56:34,730] {logging_mixin.py:115} INFO - [2023-05-19 16:56:34,730] {dagbag.py:507} INFO - Filling up the DagBag from /Users/marianaoliveira/Downloads/alura1/venv/lib/python3.10/site-packages/airflow/example_dags/example_trigger_controller_dag.py
[2023-05-19 16:56:34,751] {processor.py:651} INFO - DAG(s) dict_keys(['example_trigger_controller_dag']) retrieved from /Users/marianaoliveira/Downloads/alura1/venv/lib/python3.10/site-packages/airflow/example_dags/example_trigger_controller_dag.py
[2023-05-19 16:56:34,862] {logging_mixin.py:115} INFO - [2023-05-19 16:56:34,861] {dag.py:2379} INFO - Sync 1 DAGs
[2023-05-19 16:56:34,887] {logging_mixin.py:115} INFO - [2023-05-19 16:56:34,887] {dag.py:2927} INFO - Setting next_dagrun for example_trigger_controller_dag to 2021-01-01T00:00:00+00:00, run_after=2021-01-01T00:00:00+00:00
[2023-05-19 16:56:34,909] {processor.py:161} INFO - Processing /Users/marianaoliveira/Downloads/alura1/venv/lib/python3.10/site-packages/airflow/example_dags/example_trigger_controller_dag.py took 0.182 seconds
[2023-05-19 16:58:07,634] {processor.py:153} INFO - Started process (PID=7049) to work on /Users/marianaoliveira/Downloads/alura1/venv/lib/python3.10/site-packages/airflow/example_dags/example_trigger_controller_dag.py
[2023-05-19 16:58:07,647] {processor.py:641} INFO - Processing file /Users/marianaoliveira/Downloads/alura1/venv/lib/python3.10/site-packages/airflow/example_dags/example_trigger_controller_dag.py for tasks to queue
[2023-05-19 16:58:07,649] {logging_mixin.py:115} INFO - [2023-05-19 16:58:07,649] {dagbag.py:507} INFO - Filling up the DagBag from /Users/marianaoliveira/Downloads/alura1/venv/lib/python3.10/site-packages/airflow/example_dags/example_trigger_controller_dag.py
[2023-05-19 16:58:07,739] {processor.py:651} INFO - DAG(s) dict_keys(['example_trigger_controller_dag']) retrieved from /Users/marianaoliveira/Downloads/alura1/venv/lib/python3.10/site-packages/airflow/example_dags/example_trigger_controller_dag.py
[2023-05-19 16:58:08,010] {logging_mixin.py:115} INFO - [2023-05-19 16:58:08,010] {dag.py:2379} INFO - Sync 1 DAGs
[2023-05-19 16:58:08,054] {logging_mixin.py:115} INFO - [2023-05-19 16:58:08,053] {dag.py:2927} INFO - Setting next_dagrun for example_trigger_controller_dag to 2021-01-01T00:00:00+00:00, run_after=2021-01-01T00:00:00+00:00
[2023-05-19 16:58:08,078] {processor.py:161} INFO - Processing /Users/marianaoliveira/Downloads/alura1/venv/lib/python3.10/site-packages/airflow/example_dags/example_trigger_controller_dag.py took 0.450 seconds
[2023-05-19 16:59:40,297] {processor.py:153} INFO - Started process (PID=7093) to work on /Users/marianaoliveira/Downloads/alura1/venv/lib/python3.10/site-packages/airflow/example_dags/example_trigger_controller_dag.py
[2023-05-19 16:59:40,298] {processor.py:641} INFO - Processing file /Users/marianaoliveira/Downloads/alura1/venv/lib/python3.10/site-packages/airflow/example_dags/example_trigger_controller_dag.py for tasks to queue
[2023-05-19 16:59:40,302] {logging_mixin.py:115} INFO - [2023-05-19 16:59:40,302] {dagbag.py:507} INFO - Filling up the DagBag from /Users/marianaoliveira/Downloads/alura1/venv/lib/python3.10/site-packages/airflow/example_dags/example_trigger_controller_dag.py
[2023-05-19 16:59:40,335] {processor.py:651} INFO - DAG(s) dict_keys(['example_trigger_controller_dag']) retrieved from /Users/marianaoliveira/Downloads/alura1/venv/lib/python3.10/site-packages/airflow/example_dags/example_trigger_controller_dag.py
[2023-05-19 16:59:40,472] {logging_mixin.py:115} INFO - [2023-05-19 16:59:40,472] {dag.py:2379} INFO - Sync 1 DAGs
[2023-05-19 16:59:40,497] {logging_mixin.py:115} INFO - [2023-05-19 16:59:40,496] {dag.py:2927} INFO - Setting next_dagrun for example_trigger_controller_dag to 2021-01-01T00:00:00+00:00, run_after=2021-01-01T00:00:00+00:00
[2023-05-19 16:59:40,512] {processor.py:161} INFO - Processing /Users/marianaoliveira/Downloads/alura1/venv/lib/python3.10/site-packages/airflow/example_dags/example_trigger_controller_dag.py took 0.218 seconds
[2023-05-19 17:01:11,785] {processor.py:153} INFO - Started process (PID=7139) to work on /Users/marianaoliveira/Downloads/alura1/venv/lib/python3.10/site-packages/airflow/example_dags/example_trigger_controller_dag.py
[2023-05-19 17:01:11,786] {processor.py:641} INFO - Processing file /Users/marianaoliveira/Downloads/alura1/venv/lib/python3.10/site-packages/airflow/example_dags/example_trigger_controller_dag.py for tasks to queue
[2023-05-19 17:01:11,786] {logging_mixin.py:115} INFO - [2023-05-19 17:01:11,786] {dagbag.py:507} INFO - Filling up the DagBag from /Users/marianaoliveira/Downloads/alura1/venv/lib/python3.10/site-packages/airflow/example_dags/example_trigger_controller_dag.py
[2023-05-19 17:01:11,814] {processor.py:651} INFO - DAG(s) dict_keys(['example_trigger_controller_dag']) retrieved from /Users/marianaoliveira/Downloads/alura1/venv/lib/python3.10/site-packages/airflow/example_dags/example_trigger_controller_dag.py
[2023-05-19 17:01:11,948] {logging_mixin.py:115} INFO - [2023-05-19 17:01:11,947] {dag.py:2379} INFO - Sync 1 DAGs
[2023-05-19 17:01:11,978] {logging_mixin.py:115} INFO - [2023-05-19 17:01:11,977] {dag.py:2927} INFO - Setting next_dagrun for example_trigger_controller_dag to 2021-01-01T00:00:00+00:00, run_after=2021-01-01T00:00:00+00:00
[2023-05-19 17:01:11,994] {processor.py:161} INFO - Processing /Users/marianaoliveira/Downloads/alura1/venv/lib/python3.10/site-packages/airflow/example_dags/example_trigger_controller_dag.py took 0.211 seconds
[2023-05-19 17:03:30,797] {processor.py:153} INFO - Started process (PID=7265) to work on /Users/marianaoliveira/Downloads/alura1/venv/lib/python3.10/site-packages/airflow/example_dags/example_trigger_controller_dag.py
[2023-05-19 17:03:30,797] {processor.py:641} INFO - Processing file /Users/marianaoliveira/Downloads/alura1/venv/lib/python3.10/site-packages/airflow/example_dags/example_trigger_controller_dag.py for tasks to queue
[2023-05-19 17:03:30,799] {logging_mixin.py:115} INFO - [2023-05-19 17:03:30,799] {dagbag.py:507} INFO - Filling up the DagBag from /Users/marianaoliveira/Downloads/alura1/venv/lib/python3.10/site-packages/airflow/example_dags/example_trigger_controller_dag.py
[2023-05-19 17:03:30,866] {processor.py:651} INFO - DAG(s) dict_keys(['example_trigger_controller_dag']) retrieved from /Users/marianaoliveira/Downloads/alura1/venv/lib/python3.10/site-packages/airflow/example_dags/example_trigger_controller_dag.py
[2023-05-19 17:03:31,005] {logging_mixin.py:115} INFO - [2023-05-19 17:03:31,005] {dag.py:2379} INFO - Sync 1 DAGs
[2023-05-19 17:03:31,040] {logging_mixin.py:115} INFO - [2023-05-19 17:03:31,040] {dag.py:2927} INFO - Setting next_dagrun for example_trigger_controller_dag to 2021-01-01T00:00:00+00:00, run_after=2021-01-01T00:00:00+00:00
[2023-05-19 17:03:31,069] {processor.py:161} INFO - Processing /Users/marianaoliveira/Downloads/alura1/venv/lib/python3.10/site-packages/airflow/example_dags/example_trigger_controller_dag.py took 0.274 seconds
[2023-05-19 17:07:09,769] {processor.py:153} INFO - Started process (PID=7458) to work on /Users/marianaoliveira/Downloads/alura1/venv/lib/python3.10/site-packages/airflow/example_dags/example_trigger_controller_dag.py
[2023-05-19 17:07:09,769] {processor.py:641} INFO - Processing file /Users/marianaoliveira/Downloads/alura1/venv/lib/python3.10/site-packages/airflow/example_dags/example_trigger_controller_dag.py for tasks to queue
[2023-05-19 17:07:09,770] {logging_mixin.py:115} INFO - [2023-05-19 17:07:09,770] {dagbag.py:507} INFO - Filling up the DagBag from /Users/marianaoliveira/Downloads/alura1/venv/lib/python3.10/site-packages/airflow/example_dags/example_trigger_controller_dag.py
[2023-05-19 17:07:09,807] {processor.py:651} INFO - DAG(s) dict_keys(['example_trigger_controller_dag']) retrieved from /Users/marianaoliveira/Downloads/alura1/venv/lib/python3.10/site-packages/airflow/example_dags/example_trigger_controller_dag.py
[2023-05-19 17:07:09,969] {logging_mixin.py:115} INFO - [2023-05-19 17:07:09,969] {dag.py:2379} INFO - Sync 1 DAGs
[2023-05-19 17:07:10,062] {logging_mixin.py:115} INFO - [2023-05-19 17:07:10,062] {dag.py:2927} INFO - Setting next_dagrun for example_trigger_controller_dag to 2021-01-01T00:00:00+00:00, run_after=2021-01-01T00:00:00+00:00
[2023-05-19 17:07:10,105] {processor.py:161} INFO - Processing /Users/marianaoliveira/Downloads/alura1/venv/lib/python3.10/site-packages/airflow/example_dags/example_trigger_controller_dag.py took 0.338 seconds
[2023-05-19 17:30:18,838] {processor.py:153} INFO - Started process (PID=7740) to work on /Users/marianaoliveira/Downloads/alura1/venv/lib/python3.10/site-packages/airflow/example_dags/example_trigger_controller_dag.py
[2023-05-19 17:30:18,840] {processor.py:641} INFO - Processing file /Users/marianaoliveira/Downloads/alura1/venv/lib/python3.10/site-packages/airflow/example_dags/example_trigger_controller_dag.py for tasks to queue
[2023-05-19 17:30:18,840] {logging_mixin.py:115} INFO - [2023-05-19 17:30:18,840] {dagbag.py:507} INFO - Filling up the DagBag from /Users/marianaoliveira/Downloads/alura1/venv/lib/python3.10/site-packages/airflow/example_dags/example_trigger_controller_dag.py
[2023-05-19 17:30:18,869] {processor.py:651} INFO - DAG(s) dict_keys(['example_trigger_controller_dag']) retrieved from /Users/marianaoliveira/Downloads/alura1/venv/lib/python3.10/site-packages/airflow/example_dags/example_trigger_controller_dag.py
[2023-05-19 17:30:19,078] {logging_mixin.py:115} INFO - [2023-05-19 17:30:19,077] {dag.py:2379} INFO - Sync 1 DAGs
[2023-05-19 17:30:19,124] {logging_mixin.py:115} INFO - [2023-05-19 17:30:19,124] {dag.py:2927} INFO - Setting next_dagrun for example_trigger_controller_dag to 2021-01-01T00:00:00+00:00, run_after=2021-01-01T00:00:00+00:00
[2023-05-19 17:30:19,151] {processor.py:161} INFO - Processing /Users/marianaoliveira/Downloads/alura1/venv/lib/python3.10/site-packages/airflow/example_dags/example_trigger_controller_dag.py took 0.314 seconds
[2023-05-19 17:32:51,464] {processor.py:153} INFO - Started process (PID=7805) to work on /Users/marianaoliveira/Downloads/alura1/venv/lib/python3.10/site-packages/airflow/example_dags/example_trigger_controller_dag.py
[2023-05-19 17:32:51,465] {processor.py:641} INFO - Processing file /Users/marianaoliveira/Downloads/alura1/venv/lib/python3.10/site-packages/airflow/example_dags/example_trigger_controller_dag.py for tasks to queue
[2023-05-19 17:32:51,466] {logging_mixin.py:115} INFO - [2023-05-19 17:32:51,466] {dagbag.py:507} INFO - Filling up the DagBag from /Users/marianaoliveira/Downloads/alura1/venv/lib/python3.10/site-packages/airflow/example_dags/example_trigger_controller_dag.py
[2023-05-19 17:32:51,556] {processor.py:651} INFO - DAG(s) dict_keys(['example_trigger_controller_dag']) retrieved from /Users/marianaoliveira/Downloads/alura1/venv/lib/python3.10/site-packages/airflow/example_dags/example_trigger_controller_dag.py
[2023-05-19 17:32:51,992] {logging_mixin.py:115} INFO - [2023-05-19 17:32:51,991] {dag.py:2379} INFO - Sync 1 DAGs
[2023-05-19 17:32:52,084] {logging_mixin.py:115} INFO - [2023-05-19 17:32:52,084] {dag.py:2927} INFO - Setting next_dagrun for example_trigger_controller_dag to 2021-01-01T00:00:00+00:00, run_after=2021-01-01T00:00:00+00:00
[2023-05-19 17:32:52,140] {processor.py:161} INFO - Processing /Users/marianaoliveira/Downloads/alura1/venv/lib/python3.10/site-packages/airflow/example_dags/example_trigger_controller_dag.py took 0.674 seconds
[2023-05-19 17:35:20,476] {processor.py:153} INFO - Started process (PID=7862) to work on /Users/marianaoliveira/Downloads/alura1/venv/lib/python3.10/site-packages/airflow/example_dags/example_trigger_controller_dag.py
[2023-05-19 17:35:20,477] {processor.py:641} INFO - Processing file /Users/marianaoliveira/Downloads/alura1/venv/lib/python3.10/site-packages/airflow/example_dags/example_trigger_controller_dag.py for tasks to queue
[2023-05-19 17:35:20,478] {logging_mixin.py:115} INFO - [2023-05-19 17:35:20,478] {dagbag.py:507} INFO - Filling up the DagBag from /Users/marianaoliveira/Downloads/alura1/venv/lib/python3.10/site-packages/airflow/example_dags/example_trigger_controller_dag.py
[2023-05-19 17:35:20,529] {processor.py:651} INFO - DAG(s) dict_keys(['example_trigger_controller_dag']) retrieved from /Users/marianaoliveira/Downloads/alura1/venv/lib/python3.10/site-packages/airflow/example_dags/example_trigger_controller_dag.py
[2023-05-19 17:35:20,719] {logging_mixin.py:115} INFO - [2023-05-19 17:35:20,717] {dag.py:2379} INFO - Sync 1 DAGs
[2023-05-19 17:35:20,761] {logging_mixin.py:115} INFO - [2023-05-19 17:35:20,761] {dag.py:2927} INFO - Setting next_dagrun for example_trigger_controller_dag to 2021-01-01T00:00:00+00:00, run_after=2021-01-01T00:00:00+00:00
[2023-05-19 17:35:20,783] {processor.py:161} INFO - Processing /Users/marianaoliveira/Downloads/alura1/venv/lib/python3.10/site-packages/airflow/example_dags/example_trigger_controller_dag.py took 0.309 seconds
[2023-05-19 17:37:31,997] {processor.py:153} INFO - Started process (PID=7914) to work on /Users/marianaoliveira/Downloads/alura1/venv/lib/python3.10/site-packages/airflow/example_dags/example_trigger_controller_dag.py
[2023-05-19 17:37:31,997] {processor.py:641} INFO - Processing file /Users/marianaoliveira/Downloads/alura1/venv/lib/python3.10/site-packages/airflow/example_dags/example_trigger_controller_dag.py for tasks to queue
[2023-05-19 17:37:31,998] {logging_mixin.py:115} INFO - [2023-05-19 17:37:31,998] {dagbag.py:507} INFO - Filling up the DagBag from /Users/marianaoliveira/Downloads/alura1/venv/lib/python3.10/site-packages/airflow/example_dags/example_trigger_controller_dag.py
[2023-05-19 17:37:32,021] {processor.py:651} INFO - DAG(s) dict_keys(['example_trigger_controller_dag']) retrieved from /Users/marianaoliveira/Downloads/alura1/venv/lib/python3.10/site-packages/airflow/example_dags/example_trigger_controller_dag.py
[2023-05-19 17:37:32,144] {logging_mixin.py:115} INFO - [2023-05-19 17:37:32,144] {dag.py:2379} INFO - Sync 1 DAGs
[2023-05-19 17:37:32,178] {logging_mixin.py:115} INFO - [2023-05-19 17:37:32,176] {dag.py:2927} INFO - Setting next_dagrun for example_trigger_controller_dag to 2021-01-01T00:00:00+00:00, run_after=2021-01-01T00:00:00+00:00
[2023-05-19 17:37:32,208] {processor.py:161} INFO - Processing /Users/marianaoliveira/Downloads/alura1/venv/lib/python3.10/site-packages/airflow/example_dags/example_trigger_controller_dag.py took 0.213 seconds
[2023-05-19 17:44:16,395] {processor.py:153} INFO - Started process (PID=8076) to work on /Users/marianaoliveira/Downloads/alura1/venv/lib/python3.10/site-packages/airflow/example_dags/example_trigger_controller_dag.py
[2023-05-19 17:44:16,396] {processor.py:641} INFO - Processing file /Users/marianaoliveira/Downloads/alura1/venv/lib/python3.10/site-packages/airflow/example_dags/example_trigger_controller_dag.py for tasks to queue
[2023-05-19 17:44:16,411] {logging_mixin.py:115} INFO - [2023-05-19 17:44:16,411] {dagbag.py:507} INFO - Filling up the DagBag from /Users/marianaoliveira/Downloads/alura1/venv/lib/python3.10/site-packages/airflow/example_dags/example_trigger_controller_dag.py
[2023-05-19 17:44:16,479] {processor.py:651} INFO - DAG(s) dict_keys(['example_trigger_controller_dag']) retrieved from /Users/marianaoliveira/Downloads/alura1/venv/lib/python3.10/site-packages/airflow/example_dags/example_trigger_controller_dag.py
[2023-05-19 17:44:16,820] {logging_mixin.py:115} INFO - [2023-05-19 17:44:16,819] {dag.py:2379} INFO - Sync 1 DAGs
[2023-05-19 17:44:16,946] {logging_mixin.py:115} INFO - [2023-05-19 17:44:16,946] {dag.py:2927} INFO - Setting next_dagrun for example_trigger_controller_dag to 2021-01-01T00:00:00+00:00, run_after=2021-01-01T00:00:00+00:00
[2023-05-19 17:44:16,979] {processor.py:161} INFO - Processing /Users/marianaoliveira/Downloads/alura1/venv/lib/python3.10/site-packages/airflow/example_dags/example_trigger_controller_dag.py took 0.586 seconds
[2023-05-19 17:47:09,841] {processor.py:153} INFO - Started process (PID=8156) to work on /Users/marianaoliveira/Downloads/alura1/venv/lib/python3.10/site-packages/airflow/example_dags/example_trigger_controller_dag.py
[2023-05-19 17:47:09,843] {processor.py:641} INFO - Processing file /Users/marianaoliveira/Downloads/alura1/venv/lib/python3.10/site-packages/airflow/example_dags/example_trigger_controller_dag.py for tasks to queue
[2023-05-19 17:47:09,844] {logging_mixin.py:115} INFO - [2023-05-19 17:47:09,844] {dagbag.py:507} INFO - Filling up the DagBag from /Users/marianaoliveira/Downloads/alura1/venv/lib/python3.10/site-packages/airflow/example_dags/example_trigger_controller_dag.py
[2023-05-19 17:47:09,896] {processor.py:651} INFO - DAG(s) dict_keys(['example_trigger_controller_dag']) retrieved from /Users/marianaoliveira/Downloads/alura1/venv/lib/python3.10/site-packages/airflow/example_dags/example_trigger_controller_dag.py
[2023-05-19 17:47:10,594] {logging_mixin.py:115} INFO - [2023-05-19 17:47:10,594] {dag.py:2379} INFO - Sync 1 DAGs
[2023-05-19 17:47:10,675] {logging_mixin.py:115} INFO - [2023-05-19 17:47:10,674] {dag.py:2927} INFO - Setting next_dagrun for example_trigger_controller_dag to 2021-01-01T00:00:00+00:00, run_after=2021-01-01T00:00:00+00:00
[2023-05-19 17:47:10,740] {processor.py:161} INFO - Processing /Users/marianaoliveira/Downloads/alura1/venv/lib/python3.10/site-packages/airflow/example_dags/example_trigger_controller_dag.py took 0.923 seconds
[2023-05-19 17:48:47,002] {processor.py:153} INFO - Started process (PID=8194) to work on /Users/marianaoliveira/Downloads/alura1/venv/lib/python3.10/site-packages/airflow/example_dags/example_trigger_controller_dag.py
[2023-05-19 17:48:47,003] {processor.py:641} INFO - Processing file /Users/marianaoliveira/Downloads/alura1/venv/lib/python3.10/site-packages/airflow/example_dags/example_trigger_controller_dag.py for tasks to queue
[2023-05-19 17:48:47,004] {logging_mixin.py:115} INFO - [2023-05-19 17:48:47,004] {dagbag.py:507} INFO - Filling up the DagBag from /Users/marianaoliveira/Downloads/alura1/venv/lib/python3.10/site-packages/airflow/example_dags/example_trigger_controller_dag.py
[2023-05-19 17:48:47,025] {processor.py:651} INFO - DAG(s) dict_keys(['example_trigger_controller_dag']) retrieved from /Users/marianaoliveira/Downloads/alura1/venv/lib/python3.10/site-packages/airflow/example_dags/example_trigger_controller_dag.py
[2023-05-19 17:48:47,136] {logging_mixin.py:115} INFO - [2023-05-19 17:48:47,136] {dag.py:2379} INFO - Sync 1 DAGs
[2023-05-19 17:48:47,165] {logging_mixin.py:115} INFO - [2023-05-19 17:48:47,165] {dag.py:2927} INFO - Setting next_dagrun for example_trigger_controller_dag to 2021-01-01T00:00:00+00:00, run_after=2021-01-01T00:00:00+00:00
[2023-05-19 17:48:47,183] {processor.py:161} INFO - Processing /Users/marianaoliveira/Downloads/alura1/venv/lib/python3.10/site-packages/airflow/example_dags/example_trigger_controller_dag.py took 0.182 seconds
[2023-05-19 17:50:22,268] {processor.py:153} INFO - Started process (PID=8233) to work on /Users/marianaoliveira/Downloads/alura1/venv/lib/python3.10/site-packages/airflow/example_dags/example_trigger_controller_dag.py
[2023-05-19 17:50:22,269] {processor.py:641} INFO - Processing file /Users/marianaoliveira/Downloads/alura1/venv/lib/python3.10/site-packages/airflow/example_dags/example_trigger_controller_dag.py for tasks to queue
[2023-05-19 17:50:22,270] {logging_mixin.py:115} INFO - [2023-05-19 17:50:22,270] {dagbag.py:507} INFO - Filling up the DagBag from /Users/marianaoliveira/Downloads/alura1/venv/lib/python3.10/site-packages/airflow/example_dags/example_trigger_controller_dag.py
[2023-05-19 17:50:22,304] {processor.py:651} INFO - DAG(s) dict_keys(['example_trigger_controller_dag']) retrieved from /Users/marianaoliveira/Downloads/alura1/venv/lib/python3.10/site-packages/airflow/example_dags/example_trigger_controller_dag.py
[2023-05-19 17:50:22,626] {logging_mixin.py:115} INFO - [2023-05-19 17:50:22,626] {dag.py:2379} INFO - Sync 1 DAGs
[2023-05-19 17:50:22,703] {logging_mixin.py:115} INFO - [2023-05-19 17:50:22,703] {dag.py:2927} INFO - Setting next_dagrun for example_trigger_controller_dag to 2021-01-01T00:00:00+00:00, run_after=2021-01-01T00:00:00+00:00
[2023-05-19 17:50:22,824] {processor.py:161} INFO - Processing /Users/marianaoliveira/Downloads/alura1/venv/lib/python3.10/site-packages/airflow/example_dags/example_trigger_controller_dag.py took 0.558 seconds
[2023-05-19 17:52:00,677] {processor.py:153} INFO - Started process (PID=8308) to work on /Users/marianaoliveira/Downloads/alura1/venv/lib/python3.10/site-packages/airflow/example_dags/example_trigger_controller_dag.py
[2023-05-19 17:52:00,678] {processor.py:641} INFO - Processing file /Users/marianaoliveira/Downloads/alura1/venv/lib/python3.10/site-packages/airflow/example_dags/example_trigger_controller_dag.py for tasks to queue
[2023-05-19 17:52:00,678] {logging_mixin.py:115} INFO - [2023-05-19 17:52:00,678] {dagbag.py:507} INFO - Filling up the DagBag from /Users/marianaoliveira/Downloads/alura1/venv/lib/python3.10/site-packages/airflow/example_dags/example_trigger_controller_dag.py
[2023-05-19 17:52:00,701] {processor.py:651} INFO - DAG(s) dict_keys(['example_trigger_controller_dag']) retrieved from /Users/marianaoliveira/Downloads/alura1/venv/lib/python3.10/site-packages/airflow/example_dags/example_trigger_controller_dag.py
[2023-05-19 17:52:00,818] {logging_mixin.py:115} INFO - [2023-05-19 17:52:00,817] {dag.py:2379} INFO - Sync 1 DAGs
[2023-05-19 17:52:00,844] {logging_mixin.py:115} INFO - [2023-05-19 17:52:00,844] {dag.py:2927} INFO - Setting next_dagrun for example_trigger_controller_dag to 2021-01-01T00:00:00+00:00, run_after=2021-01-01T00:00:00+00:00
[2023-05-19 17:52:00,867] {processor.py:161} INFO - Processing /Users/marianaoliveira/Downloads/alura1/venv/lib/python3.10/site-packages/airflow/example_dags/example_trigger_controller_dag.py took 0.192 seconds
[2023-05-19 17:53:50,316] {processor.py:153} INFO - Started process (PID=8397) to work on /Users/marianaoliveira/Downloads/alura1/venv/lib/python3.10/site-packages/airflow/example_dags/example_trigger_controller_dag.py
[2023-05-19 17:53:50,318] {processor.py:641} INFO - Processing file /Users/marianaoliveira/Downloads/alura1/venv/lib/python3.10/site-packages/airflow/example_dags/example_trigger_controller_dag.py for tasks to queue
[2023-05-19 17:53:50,319] {logging_mixin.py:115} INFO - [2023-05-19 17:53:50,319] {dagbag.py:507} INFO - Filling up the DagBag from /Users/marianaoliveira/Downloads/alura1/venv/lib/python3.10/site-packages/airflow/example_dags/example_trigger_controller_dag.py
[2023-05-19 17:53:50,378] {processor.py:651} INFO - DAG(s) dict_keys(['example_trigger_controller_dag']) retrieved from /Users/marianaoliveira/Downloads/alura1/venv/lib/python3.10/site-packages/airflow/example_dags/example_trigger_controller_dag.py
[2023-05-19 17:53:50,532] {logging_mixin.py:115} INFO - [2023-05-19 17:53:50,531] {dag.py:2379} INFO - Sync 1 DAGs
[2023-05-19 17:53:50,564] {logging_mixin.py:115} INFO - [2023-05-19 17:53:50,564] {dag.py:2927} INFO - Setting next_dagrun for example_trigger_controller_dag to 2021-01-01T00:00:00+00:00, run_after=2021-01-01T00:00:00+00:00
[2023-05-19 17:53:50,592] {processor.py:161} INFO - Processing /Users/marianaoliveira/Downloads/alura1/venv/lib/python3.10/site-packages/airflow/example_dags/example_trigger_controller_dag.py took 0.278 seconds
[2023-05-19 17:55:31,574] {processor.py:153} INFO - Started process (PID=8493) to work on /Users/marianaoliveira/Downloads/alura1/venv/lib/python3.10/site-packages/airflow/example_dags/example_trigger_controller_dag.py
[2023-05-19 17:55:31,576] {processor.py:641} INFO - Processing file /Users/marianaoliveira/Downloads/alura1/venv/lib/python3.10/site-packages/airflow/example_dags/example_trigger_controller_dag.py for tasks to queue
[2023-05-19 17:55:31,576] {logging_mixin.py:115} INFO - [2023-05-19 17:55:31,576] {dagbag.py:507} INFO - Filling up the DagBag from /Users/marianaoliveira/Downloads/alura1/venv/lib/python3.10/site-packages/airflow/example_dags/example_trigger_controller_dag.py
[2023-05-19 17:55:31,599] {processor.py:651} INFO - DAG(s) dict_keys(['example_trigger_controller_dag']) retrieved from /Users/marianaoliveira/Downloads/alura1/venv/lib/python3.10/site-packages/airflow/example_dags/example_trigger_controller_dag.py
[2023-05-19 17:55:31,946] {logging_mixin.py:115} INFO - [2023-05-19 17:55:31,946] {dag.py:2379} INFO - Sync 1 DAGs
[2023-05-19 17:55:31,990] {logging_mixin.py:115} INFO - [2023-05-19 17:55:31,990] {dag.py:2927} INFO - Setting next_dagrun for example_trigger_controller_dag to 2021-01-01T00:00:00+00:00, run_after=2021-01-01T00:00:00+00:00
[2023-05-19 17:55:32,037] {processor.py:161} INFO - Processing /Users/marianaoliveira/Downloads/alura1/venv/lib/python3.10/site-packages/airflow/example_dags/example_trigger_controller_dag.py took 0.464 seconds
[2023-05-19 17:57:03,882] {processor.py:153} INFO - Started process (PID=8587) to work on /Users/marianaoliveira/Downloads/alura1/venv/lib/python3.10/site-packages/airflow/example_dags/example_trigger_controller_dag.py
[2023-05-19 17:57:03,882] {processor.py:641} INFO - Processing file /Users/marianaoliveira/Downloads/alura1/venv/lib/python3.10/site-packages/airflow/example_dags/example_trigger_controller_dag.py for tasks to queue
[2023-05-19 17:57:03,883] {logging_mixin.py:115} INFO - [2023-05-19 17:57:03,883] {dagbag.py:507} INFO - Filling up the DagBag from /Users/marianaoliveira/Downloads/alura1/venv/lib/python3.10/site-packages/airflow/example_dags/example_trigger_controller_dag.py
[2023-05-19 17:57:03,913] {processor.py:651} INFO - DAG(s) dict_keys(['example_trigger_controller_dag']) retrieved from /Users/marianaoliveira/Downloads/alura1/venv/lib/python3.10/site-packages/airflow/example_dags/example_trigger_controller_dag.py
[2023-05-19 17:57:04,045] {logging_mixin.py:115} INFO - [2023-05-19 17:57:04,045] {dag.py:2379} INFO - Sync 1 DAGs
[2023-05-19 17:57:04,083] {logging_mixin.py:115} INFO - [2023-05-19 17:57:04,083] {dag.py:2927} INFO - Setting next_dagrun for example_trigger_controller_dag to 2021-01-01T00:00:00+00:00, run_after=2021-01-01T00:00:00+00:00
[2023-05-19 17:57:04,099] {processor.py:161} INFO - Processing /Users/marianaoliveira/Downloads/alura1/venv/lib/python3.10/site-packages/airflow/example_dags/example_trigger_controller_dag.py took 0.218 seconds
[2023-05-19 17:58:43,296] {processor.py:153} INFO - Started process (PID=8621) to work on /Users/marianaoliveira/Downloads/alura1/venv/lib/python3.10/site-packages/airflow/example_dags/example_trigger_controller_dag.py
[2023-05-19 17:58:43,298] {processor.py:641} INFO - Processing file /Users/marianaoliveira/Downloads/alura1/venv/lib/python3.10/site-packages/airflow/example_dags/example_trigger_controller_dag.py for tasks to queue
[2023-05-19 17:58:43,301] {logging_mixin.py:115} INFO - [2023-05-19 17:58:43,301] {dagbag.py:507} INFO - Filling up the DagBag from /Users/marianaoliveira/Downloads/alura1/venv/lib/python3.10/site-packages/airflow/example_dags/example_trigger_controller_dag.py
[2023-05-19 17:58:43,335] {processor.py:651} INFO - DAG(s) dict_keys(['example_trigger_controller_dag']) retrieved from /Users/marianaoliveira/Downloads/alura1/venv/lib/python3.10/site-packages/airflow/example_dags/example_trigger_controller_dag.py
[2023-05-19 17:58:43,516] {logging_mixin.py:115} INFO - [2023-05-19 17:58:43,516] {dag.py:2379} INFO - Sync 1 DAGs
[2023-05-19 17:58:43,558] {logging_mixin.py:115} INFO - [2023-05-19 17:58:43,558] {dag.py:2927} INFO - Setting next_dagrun for example_trigger_controller_dag to 2021-01-01T00:00:00+00:00, run_after=2021-01-01T00:00:00+00:00
[2023-05-19 17:58:43,577] {processor.py:161} INFO - Processing /Users/marianaoliveira/Downloads/alura1/venv/lib/python3.10/site-packages/airflow/example_dags/example_trigger_controller_dag.py took 0.282 seconds
[2023-05-19 18:03:34,568] {processor.py:153} INFO - Started process (PID=8910) to work on /Users/marianaoliveira/Downloads/alura1/venv/lib/python3.10/site-packages/airflow/example_dags/example_trigger_controller_dag.py
[2023-05-19 18:03:34,570] {processor.py:641} INFO - Processing file /Users/marianaoliveira/Downloads/alura1/venv/lib/python3.10/site-packages/airflow/example_dags/example_trigger_controller_dag.py for tasks to queue
[2023-05-19 18:03:34,570] {logging_mixin.py:115} INFO - [2023-05-19 18:03:34,570] {dagbag.py:507} INFO - Filling up the DagBag from /Users/marianaoliveira/Downloads/alura1/venv/lib/python3.10/site-packages/airflow/example_dags/example_trigger_controller_dag.py
[2023-05-19 18:03:34,603] {processor.py:651} INFO - DAG(s) dict_keys(['example_trigger_controller_dag']) retrieved from /Users/marianaoliveira/Downloads/alura1/venv/lib/python3.10/site-packages/airflow/example_dags/example_trigger_controller_dag.py
[2023-05-19 18:03:34,763] {logging_mixin.py:115} INFO - [2023-05-19 18:03:34,763] {dag.py:2379} INFO - Sync 1 DAGs
[2023-05-19 18:03:34,800] {logging_mixin.py:115} INFO - [2023-05-19 18:03:34,799] {dag.py:2927} INFO - Setting next_dagrun for example_trigger_controller_dag to 2021-01-01T00:00:00+00:00, run_after=2021-01-01T00:00:00+00:00
[2023-05-19 18:03:34,817] {processor.py:161} INFO - Processing /Users/marianaoliveira/Downloads/alura1/venv/lib/python3.10/site-packages/airflow/example_dags/example_trigger_controller_dag.py took 0.249 seconds
[2023-05-19 18:14:16,167] {processor.py:153} INFO - Started process (PID=9172) to work on /Users/marianaoliveira/Downloads/alura1/venv/lib/python3.10/site-packages/airflow/example_dags/example_trigger_controller_dag.py
[2023-05-19 18:14:16,169] {processor.py:641} INFO - Processing file /Users/marianaoliveira/Downloads/alura1/venv/lib/python3.10/site-packages/airflow/example_dags/example_trigger_controller_dag.py for tasks to queue
[2023-05-19 18:14:16,171] {logging_mixin.py:115} INFO - [2023-05-19 18:14:16,171] {dagbag.py:507} INFO - Filling up the DagBag from /Users/marianaoliveira/Downloads/alura1/venv/lib/python3.10/site-packages/airflow/example_dags/example_trigger_controller_dag.py
[2023-05-19 18:14:16,244] {processor.py:651} INFO - DAG(s) dict_keys(['example_trigger_controller_dag']) retrieved from /Users/marianaoliveira/Downloads/alura1/venv/lib/python3.10/site-packages/airflow/example_dags/example_trigger_controller_dag.py
[2023-05-19 18:14:16,580] {logging_mixin.py:115} INFO - [2023-05-19 18:14:16,580] {dag.py:2379} INFO - Sync 1 DAGs
[2023-05-19 18:14:16,656] {logging_mixin.py:115} INFO - [2023-05-19 18:14:16,656] {dag.py:2927} INFO - Setting next_dagrun for example_trigger_controller_dag to 2021-01-01T00:00:00+00:00, run_after=2021-01-01T00:00:00+00:00
[2023-05-19 18:14:16,690] {processor.py:161} INFO - Processing /Users/marianaoliveira/Downloads/alura1/venv/lib/python3.10/site-packages/airflow/example_dags/example_trigger_controller_dag.py took 0.525 seconds
[2023-05-19 18:17:12,800] {processor.py:153} INFO - Started process (PID=9293) to work on /Users/marianaoliveira/Downloads/alura1/venv/lib/python3.10/site-packages/airflow/example_dags/example_trigger_controller_dag.py
[2023-05-19 18:17:12,802] {processor.py:641} INFO - Processing file /Users/marianaoliveira/Downloads/alura1/venv/lib/python3.10/site-packages/airflow/example_dags/example_trigger_controller_dag.py for tasks to queue
[2023-05-19 18:17:12,802] {logging_mixin.py:115} INFO - [2023-05-19 18:17:12,802] {dagbag.py:507} INFO - Filling up the DagBag from /Users/marianaoliveira/Downloads/alura1/venv/lib/python3.10/site-packages/airflow/example_dags/example_trigger_controller_dag.py
[2023-05-19 18:17:12,838] {processor.py:651} INFO - DAG(s) dict_keys(['example_trigger_controller_dag']) retrieved from /Users/marianaoliveira/Downloads/alura1/venv/lib/python3.10/site-packages/airflow/example_dags/example_trigger_controller_dag.py
[2023-05-19 18:17:13,019] {logging_mixin.py:115} INFO - [2023-05-19 18:17:13,019] {dag.py:2379} INFO - Sync 1 DAGs
[2023-05-19 18:17:13,060] {logging_mixin.py:115} INFO - [2023-05-19 18:17:13,060] {dag.py:2927} INFO - Setting next_dagrun for example_trigger_controller_dag to 2021-01-01T00:00:00+00:00, run_after=2021-01-01T00:00:00+00:00
[2023-05-19 18:17:13,096] {processor.py:161} INFO - Processing /Users/marianaoliveira/Downloads/alura1/venv/lib/python3.10/site-packages/airflow/example_dags/example_trigger_controller_dag.py took 0.297 seconds
[2023-05-19 18:27:14,977] {processor.py:153} INFO - Started process (PID=9947) to work on /Users/marianaoliveira/Downloads/alura1/venv/lib/python3.10/site-packages/airflow/example_dags/example_trigger_controller_dag.py
[2023-05-19 18:27:14,985] {processor.py:641} INFO - Processing file /Users/marianaoliveira/Downloads/alura1/venv/lib/python3.10/site-packages/airflow/example_dags/example_trigger_controller_dag.py for tasks to queue
[2023-05-19 18:27:14,986] {logging_mixin.py:115} INFO - [2023-05-19 18:27:14,986] {dagbag.py:507} INFO - Filling up the DagBag from /Users/marianaoliveira/Downloads/alura1/venv/lib/python3.10/site-packages/airflow/example_dags/example_trigger_controller_dag.py
[2023-05-19 18:27:15,010] {processor.py:651} INFO - DAG(s) dict_keys(['example_trigger_controller_dag']) retrieved from /Users/marianaoliveira/Downloads/alura1/venv/lib/python3.10/site-packages/airflow/example_dags/example_trigger_controller_dag.py
[2023-05-19 18:27:15,239] {logging_mixin.py:115} INFO - [2023-05-19 18:27:15,239] {dag.py:2379} INFO - Sync 1 DAGs
[2023-05-19 18:27:15,311] {logging_mixin.py:115} INFO - [2023-05-19 18:27:15,310] {dag.py:2927} INFO - Setting next_dagrun for example_trigger_controller_dag to 2021-01-01T00:00:00+00:00, run_after=2021-01-01T00:00:00+00:00
[2023-05-19 18:27:15,350] {processor.py:161} INFO - Processing /Users/marianaoliveira/Downloads/alura1/venv/lib/python3.10/site-packages/airflow/example_dags/example_trigger_controller_dag.py took 0.374 seconds
