[2023-05-19 15:11:56,242] {processor.py:153} INFO - Started process (PID=2775) to work on /Users/marianaoliveira/Downloads/alura1/venv/lib/python3.10/site-packages/airflow/example_dags/example_task_group_decorator.py
[2023-05-19 15:11:56,242] {processor.py:641} INFO - Processing file /Users/marianaoliveira/Downloads/alura1/venv/lib/python3.10/site-packages/airflow/example_dags/example_task_group_decorator.py for tasks to queue
[2023-05-19 15:11:56,242] {logging_mixin.py:115} INFO - [2023-05-19 15:11:56,242] {dagbag.py:507} INFO - Filling up the DagBag from /Users/marianaoliveira/Downloads/alura1/venv/lib/python3.10/site-packages/airflow/example_dags/example_task_group_decorator.py
[2023-05-19 15:11:56,301] {processor.py:651} INFO - DAG(s) dict_keys(['example_task_group_decorator']) retrieved from /Users/marianaoliveira/Downloads/alura1/venv/lib/python3.10/site-packages/airflow/example_dags/example_task_group_decorator.py
[2023-05-19 15:11:57,958] {logging_mixin.py:115} INFO - [2023-05-19 15:11:57,958] {manager.py:508} INFO - Created Permission View: can read on DAG:example_task_group_decorator
[2023-05-19 15:11:57,978] {logging_mixin.py:115} INFO - [2023-05-19 15:11:57,977] {manager.py:508} INFO - Created Permission View: can edit on DAG:example_task_group_decorator
[2023-05-19 15:11:57,989] {logging_mixin.py:115} INFO - [2023-05-19 15:11:57,989] {manager.py:508} INFO - Created Permission View: can delete on DAG:example_task_group_decorator
[2023-05-19 15:11:57,989] {logging_mixin.py:115} INFO - [2023-05-19 15:11:57,989] {dag.py:2379} INFO - Sync 1 DAGs
[2023-05-19 15:11:58,003] {logging_mixin.py:115} INFO - [2023-05-19 15:11:58,002] {dag.py:2398} INFO - Creating ORM DAG for example_task_group_decorator
[2023-05-19 15:11:58,022] {logging_mixin.py:115} INFO - [2023-05-19 15:11:58,022] {dag.py:2927} INFO - Setting next_dagrun for example_task_group_decorator to 2023-05-18T18:11:58.021949+00:00, run_after=2023-05-19T18:11:58.021949+00:00
[2023-05-19 15:11:58,044] {processor.py:161} INFO - Processing /Users/marianaoliveira/Downloads/alura1/venv/lib/python3.10/site-packages/airflow/example_dags/example_task_group_decorator.py took 1.804 seconds
[2023-05-19 15:13:48,130] {processor.py:153} INFO - Started process (PID=2877) to work on /Users/marianaoliveira/Downloads/alura1/venv/lib/python3.10/site-packages/airflow/example_dags/example_task_group_decorator.py
[2023-05-19 15:13:48,131] {processor.py:641} INFO - Processing file /Users/marianaoliveira/Downloads/alura1/venv/lib/python3.10/site-packages/airflow/example_dags/example_task_group_decorator.py for tasks to queue
[2023-05-19 15:13:48,131] {logging_mixin.py:115} INFO - [2023-05-19 15:13:48,131] {dagbag.py:507} INFO - Filling up the DagBag from /Users/marianaoliveira/Downloads/alura1/venv/lib/python3.10/site-packages/airflow/example_dags/example_task_group_decorator.py
[2023-05-19 15:13:48,183] {processor.py:651} INFO - DAG(s) dict_keys(['example_task_group_decorator']) retrieved from /Users/marianaoliveira/Downloads/alura1/venv/lib/python3.10/site-packages/airflow/example_dags/example_task_group_decorator.py
[2023-05-19 15:13:49,060] {logging_mixin.py:115} INFO - [2023-05-19 15:13:49,060] {dag.py:2379} INFO - Sync 1 DAGs
[2023-05-19 15:13:49,077] {logging_mixin.py:115} INFO - [2023-05-19 15:13:49,077] {dag.py:2927} INFO - Setting next_dagrun for example_task_group_decorator to 2023-05-18T18:13:49.077544+00:00, run_after=2023-05-19T18:13:49.077544+00:00
[2023-05-19 15:13:49,094] {processor.py:161} INFO - Processing /Users/marianaoliveira/Downloads/alura1/venv/lib/python3.10/site-packages/airflow/example_dags/example_task_group_decorator.py took 0.965 seconds
[2023-05-19 15:14:44,503] {processor.py:153} INFO - Started process (PID=2911) to work on /Users/marianaoliveira/Downloads/alura1/venv/lib/python3.10/site-packages/airflow/example_dags/example_task_group_decorator.py
[2023-05-19 15:14:44,503] {processor.py:641} INFO - Processing file /Users/marianaoliveira/Downloads/alura1/venv/lib/python3.10/site-packages/airflow/example_dags/example_task_group_decorator.py for tasks to queue
[2023-05-19 15:14:44,503] {logging_mixin.py:115} INFO - [2023-05-19 15:14:44,503] {dagbag.py:507} INFO - Filling up the DagBag from /Users/marianaoliveira/Downloads/alura1/venv/lib/python3.10/site-packages/airflow/example_dags/example_task_group_decorator.py
[2023-05-19 15:14:44,573] {processor.py:651} INFO - DAG(s) dict_keys(['example_task_group_decorator']) retrieved from /Users/marianaoliveira/Downloads/alura1/venv/lib/python3.10/site-packages/airflow/example_dags/example_task_group_decorator.py
[2023-05-19 15:14:45,736] {logging_mixin.py:115} INFO - [2023-05-19 15:14:45,736] {dag.py:2379} INFO - Sync 1 DAGs
[2023-05-19 15:14:45,766] {logging_mixin.py:115} INFO - [2023-05-19 15:14:45,766] {dag.py:2927} INFO - Setting next_dagrun for example_task_group_decorator to 2023-05-18T18:14:45.766407+00:00, run_after=2023-05-19T18:14:45.766407+00:00
[2023-05-19 15:14:45,788] {processor.py:161} INFO - Processing /Users/marianaoliveira/Downloads/alura1/venv/lib/python3.10/site-packages/airflow/example_dags/example_task_group_decorator.py took 1.286 seconds
[2023-05-19 15:17:06,338] {processor.py:153} INFO - Started process (PID=3007) to work on /Users/marianaoliveira/Downloads/alura1/venv/lib/python3.10/site-packages/airflow/example_dags/example_task_group_decorator.py
[2023-05-19 15:17:06,340] {processor.py:641} INFO - Processing file /Users/marianaoliveira/Downloads/alura1/venv/lib/python3.10/site-packages/airflow/example_dags/example_task_group_decorator.py for tasks to queue
[2023-05-19 15:17:06,340] {logging_mixin.py:115} INFO - [2023-05-19 15:17:06,340] {dagbag.py:507} INFO - Filling up the DagBag from /Users/marianaoliveira/Downloads/alura1/venv/lib/python3.10/site-packages/airflow/example_dags/example_task_group_decorator.py
[2023-05-19 15:17:06,406] {processor.py:651} INFO - DAG(s) dict_keys(['example_task_group_decorator']) retrieved from /Users/marianaoliveira/Downloads/alura1/venv/lib/python3.10/site-packages/airflow/example_dags/example_task_group_decorator.py
[2023-05-19 15:17:07,480] {logging_mixin.py:115} INFO - [2023-05-19 15:17:07,480] {dag.py:2379} INFO - Sync 1 DAGs
[2023-05-19 15:17:07,505] {logging_mixin.py:115} INFO - [2023-05-19 15:17:07,504] {dag.py:2927} INFO - Setting next_dagrun for example_task_group_decorator to 2023-05-18T18:17:07.504666+00:00, run_after=2023-05-19T18:17:07.504666+00:00
[2023-05-19 15:17:07,526] {processor.py:161} INFO - Processing /Users/marianaoliveira/Downloads/alura1/venv/lib/python3.10/site-packages/airflow/example_dags/example_task_group_decorator.py took 1.189 seconds
[2023-05-19 15:18:27,988] {processor.py:153} INFO - Started process (PID=3067) to work on /Users/marianaoliveira/Downloads/alura1/venv/lib/python3.10/site-packages/airflow/example_dags/example_task_group_decorator.py
[2023-05-19 15:18:27,990] {processor.py:641} INFO - Processing file /Users/marianaoliveira/Downloads/alura1/venv/lib/python3.10/site-packages/airflow/example_dags/example_task_group_decorator.py for tasks to queue
[2023-05-19 15:18:27,991] {logging_mixin.py:115} INFO - [2023-05-19 15:18:27,991] {dagbag.py:507} INFO - Filling up the DagBag from /Users/marianaoliveira/Downloads/alura1/venv/lib/python3.10/site-packages/airflow/example_dags/example_task_group_decorator.py
[2023-05-19 15:18:28,052] {processor.py:651} INFO - DAG(s) dict_keys(['example_task_group_decorator']) retrieved from /Users/marianaoliveira/Downloads/alura1/venv/lib/python3.10/site-packages/airflow/example_dags/example_task_group_decorator.py
[2023-05-19 15:18:28,826] {logging_mixin.py:115} INFO - [2023-05-19 15:18:28,825] {dag.py:2379} INFO - Sync 1 DAGs
[2023-05-19 15:18:28,844] {logging_mixin.py:115} INFO - [2023-05-19 15:18:28,844] {dag.py:2927} INFO - Setting next_dagrun for example_task_group_decorator to 2023-05-18T18:18:28.844050+00:00, run_after=2023-05-19T18:18:28.844050+00:00
[2023-05-19 15:18:28,859] {processor.py:161} INFO - Processing /Users/marianaoliveira/Downloads/alura1/venv/lib/python3.10/site-packages/airflow/example_dags/example_task_group_decorator.py took 0.872 seconds
[2023-05-19 15:19:32,707] {processor.py:153} INFO - Started process (PID=3103) to work on /Users/marianaoliveira/Downloads/alura1/venv/lib/python3.10/site-packages/airflow/example_dags/example_task_group_decorator.py
[2023-05-19 15:19:32,708] {processor.py:641} INFO - Processing file /Users/marianaoliveira/Downloads/alura1/venv/lib/python3.10/site-packages/airflow/example_dags/example_task_group_decorator.py for tasks to queue
[2023-05-19 15:19:32,711] {logging_mixin.py:115} INFO - [2023-05-19 15:19:32,711] {dagbag.py:507} INFO - Filling up the DagBag from /Users/marianaoliveira/Downloads/alura1/venv/lib/python3.10/site-packages/airflow/example_dags/example_task_group_decorator.py
[2023-05-19 15:19:32,764] {processor.py:651} INFO - DAG(s) dict_keys(['example_task_group_decorator']) retrieved from /Users/marianaoliveira/Downloads/alura1/venv/lib/python3.10/site-packages/airflow/example_dags/example_task_group_decorator.py
[2023-05-19 15:19:33,603] {logging_mixin.py:115} INFO - [2023-05-19 15:19:33,602] {dag.py:2379} INFO - Sync 1 DAGs
[2023-05-19 15:19:33,632] {logging_mixin.py:115} INFO - [2023-05-19 15:19:33,631] {dag.py:2927} INFO - Setting next_dagrun for example_task_group_decorator to 2023-05-18T18:19:33.631781+00:00, run_after=2023-05-19T18:19:33.631781+00:00
[2023-05-19 15:19:33,648] {processor.py:161} INFO - Processing /Users/marianaoliveira/Downloads/alura1/venv/lib/python3.10/site-packages/airflow/example_dags/example_task_group_decorator.py took 0.942 seconds
[2023-05-19 15:20:32,200] {processor.py:153} INFO - Started process (PID=3133) to work on /Users/marianaoliveira/Downloads/alura1/venv/lib/python3.10/site-packages/airflow/example_dags/example_task_group_decorator.py
[2023-05-19 15:20:32,201] {processor.py:641} INFO - Processing file /Users/marianaoliveira/Downloads/alura1/venv/lib/python3.10/site-packages/airflow/example_dags/example_task_group_decorator.py for tasks to queue
[2023-05-19 15:20:32,202] {logging_mixin.py:115} INFO - [2023-05-19 15:20:32,202] {dagbag.py:507} INFO - Filling up the DagBag from /Users/marianaoliveira/Downloads/alura1/venv/lib/python3.10/site-packages/airflow/example_dags/example_task_group_decorator.py
[2023-05-19 15:20:32,252] {processor.py:651} INFO - DAG(s) dict_keys(['example_task_group_decorator']) retrieved from /Users/marianaoliveira/Downloads/alura1/venv/lib/python3.10/site-packages/airflow/example_dags/example_task_group_decorator.py
[2023-05-19 15:20:32,995] {logging_mixin.py:115} INFO - [2023-05-19 15:20:32,995] {dag.py:2379} INFO - Sync 1 DAGs
[2023-05-19 15:20:33,013] {logging_mixin.py:115} INFO - [2023-05-19 15:20:33,013] {dag.py:2927} INFO - Setting next_dagrun for example_task_group_decorator to 2023-05-18T18:20:33.012843+00:00, run_after=2023-05-19T18:20:33.012843+00:00
[2023-05-19 15:20:33,026] {processor.py:161} INFO - Processing /Users/marianaoliveira/Downloads/alura1/venv/lib/python3.10/site-packages/airflow/example_dags/example_task_group_decorator.py took 0.827 seconds
[2023-05-19 15:22:10,423] {processor.py:153} INFO - Started process (PID=3185) to work on /Users/marianaoliveira/Downloads/alura1/venv/lib/python3.10/site-packages/airflow/example_dags/example_task_group_decorator.py
[2023-05-19 15:22:10,425] {processor.py:641} INFO - Processing file /Users/marianaoliveira/Downloads/alura1/venv/lib/python3.10/site-packages/airflow/example_dags/example_task_group_decorator.py for tasks to queue
[2023-05-19 15:22:10,425] {logging_mixin.py:115} INFO - [2023-05-19 15:22:10,425] {dagbag.py:507} INFO - Filling up the DagBag from /Users/marianaoliveira/Downloads/alura1/venv/lib/python3.10/site-packages/airflow/example_dags/example_task_group_decorator.py
[2023-05-19 15:22:10,471] {processor.py:651} INFO - DAG(s) dict_keys(['example_task_group_decorator']) retrieved from /Users/marianaoliveira/Downloads/alura1/venv/lib/python3.10/site-packages/airflow/example_dags/example_task_group_decorator.py
[2023-05-19 15:22:11,404] {logging_mixin.py:115} INFO - [2023-05-19 15:22:11,403] {dag.py:2379} INFO - Sync 1 DAGs
[2023-05-19 15:22:11,424] {logging_mixin.py:115} INFO - [2023-05-19 15:22:11,424] {dag.py:2927} INFO - Setting next_dagrun for example_task_group_decorator to 2023-05-18T18:22:11.424286+00:00, run_after=2023-05-19T18:22:11.424286+00:00
[2023-05-19 15:22:11,441] {processor.py:161} INFO - Processing /Users/marianaoliveira/Downloads/alura1/venv/lib/python3.10/site-packages/airflow/example_dags/example_task_group_decorator.py took 1.019 seconds
[2023-05-19 15:23:48,598] {processor.py:153} INFO - Started process (PID=3237) to work on /Users/marianaoliveira/Downloads/alura1/venv/lib/python3.10/site-packages/airflow/example_dags/example_task_group_decorator.py
[2023-05-19 15:23:48,599] {processor.py:641} INFO - Processing file /Users/marianaoliveira/Downloads/alura1/venv/lib/python3.10/site-packages/airflow/example_dags/example_task_group_decorator.py for tasks to queue
[2023-05-19 15:23:48,600] {logging_mixin.py:115} INFO - [2023-05-19 15:23:48,599] {dagbag.py:507} INFO - Filling up the DagBag from /Users/marianaoliveira/Downloads/alura1/venv/lib/python3.10/site-packages/airflow/example_dags/example_task_group_decorator.py
[2023-05-19 15:23:48,696] {processor.py:651} INFO - DAG(s) dict_keys(['example_task_group_decorator']) retrieved from /Users/marianaoliveira/Downloads/alura1/venv/lib/python3.10/site-packages/airflow/example_dags/example_task_group_decorator.py
[2023-05-19 15:23:49,790] {logging_mixin.py:115} INFO - [2023-05-19 15:23:49,790] {dag.py:2379} INFO - Sync 1 DAGs
[2023-05-19 15:23:49,807] {logging_mixin.py:115} INFO - [2023-05-19 15:23:49,807] {dag.py:2927} INFO - Setting next_dagrun for example_task_group_decorator to 2023-05-18T18:23:49.807555+00:00, run_after=2023-05-19T18:23:49.807555+00:00
[2023-05-19 15:23:49,821] {processor.py:161} INFO - Processing /Users/marianaoliveira/Downloads/alura1/venv/lib/python3.10/site-packages/airflow/example_dags/example_task_group_decorator.py took 1.225 seconds
[2023-05-19 15:26:20,688] {processor.py:153} INFO - Started process (PID=3339) to work on /Users/marianaoliveira/Downloads/alura1/venv/lib/python3.10/site-packages/airflow/example_dags/example_task_group_decorator.py
[2023-05-19 15:26:20,689] {processor.py:641} INFO - Processing file /Users/marianaoliveira/Downloads/alura1/venv/lib/python3.10/site-packages/airflow/example_dags/example_task_group_decorator.py for tasks to queue
[2023-05-19 15:26:20,689] {logging_mixin.py:115} INFO - [2023-05-19 15:26:20,689] {dagbag.py:507} INFO - Filling up the DagBag from /Users/marianaoliveira/Downloads/alura1/venv/lib/python3.10/site-packages/airflow/example_dags/example_task_group_decorator.py
[2023-05-19 15:26:20,737] {processor.py:651} INFO - DAG(s) dict_keys(['example_task_group_decorator']) retrieved from /Users/marianaoliveira/Downloads/alura1/venv/lib/python3.10/site-packages/airflow/example_dags/example_task_group_decorator.py
[2023-05-19 15:26:21,491] {logging_mixin.py:115} INFO - [2023-05-19 15:26:21,491] {dag.py:2379} INFO - Sync 1 DAGs
[2023-05-19 15:26:21,508] {logging_mixin.py:115} INFO - [2023-05-19 15:26:21,508] {dag.py:2927} INFO - Setting next_dagrun for example_task_group_decorator to 2023-05-18T18:26:21.508319+00:00, run_after=2023-05-19T18:26:21.508319+00:00
[2023-05-19 15:26:21,522] {processor.py:161} INFO - Processing /Users/marianaoliveira/Downloads/alura1/venv/lib/python3.10/site-packages/airflow/example_dags/example_task_group_decorator.py took 0.835 seconds
[2023-05-19 15:27:33,852] {processor.py:153} INFO - Started process (PID=3380) to work on /Users/marianaoliveira/Downloads/alura1/venv/lib/python3.10/site-packages/airflow/example_dags/example_task_group_decorator.py
[2023-05-19 15:27:33,852] {processor.py:641} INFO - Processing file /Users/marianaoliveira/Downloads/alura1/venv/lib/python3.10/site-packages/airflow/example_dags/example_task_group_decorator.py for tasks to queue
[2023-05-19 15:27:33,853] {logging_mixin.py:115} INFO - [2023-05-19 15:27:33,853] {dagbag.py:507} INFO - Filling up the DagBag from /Users/marianaoliveira/Downloads/alura1/venv/lib/python3.10/site-packages/airflow/example_dags/example_task_group_decorator.py
[2023-05-19 15:27:33,950] {processor.py:651} INFO - DAG(s) dict_keys(['example_task_group_decorator']) retrieved from /Users/marianaoliveira/Downloads/alura1/venv/lib/python3.10/site-packages/airflow/example_dags/example_task_group_decorator.py
[2023-05-19 15:27:34,956] {logging_mixin.py:115} INFO - [2023-05-19 15:27:34,956] {dag.py:2379} INFO - Sync 1 DAGs
[2023-05-19 15:27:34,973] {logging_mixin.py:115} INFO - [2023-05-19 15:27:34,973] {dag.py:2927} INFO - Setting next_dagrun for example_task_group_decorator to 2023-05-18T18:27:34.973346+00:00, run_after=2023-05-19T18:27:34.973346+00:00
[2023-05-19 15:27:34,987] {processor.py:161} INFO - Processing /Users/marianaoliveira/Downloads/alura1/venv/lib/python3.10/site-packages/airflow/example_dags/example_task_group_decorator.py took 1.139 seconds
[2023-05-19 15:29:50,967] {processor.py:153} INFO - Started process (PID=3465) to work on /Users/marianaoliveira/Downloads/alura1/venv/lib/python3.10/site-packages/airflow/example_dags/example_task_group_decorator.py
[2023-05-19 15:29:50,968] {processor.py:641} INFO - Processing file /Users/marianaoliveira/Downloads/alura1/venv/lib/python3.10/site-packages/airflow/example_dags/example_task_group_decorator.py for tasks to queue
[2023-05-19 15:29:50,968] {logging_mixin.py:115} INFO - [2023-05-19 15:29:50,968] {dagbag.py:507} INFO - Filling up the DagBag from /Users/marianaoliveira/Downloads/alura1/venv/lib/python3.10/site-packages/airflow/example_dags/example_task_group_decorator.py
[2023-05-19 15:29:51,024] {processor.py:651} INFO - DAG(s) dict_keys(['example_task_group_decorator']) retrieved from /Users/marianaoliveira/Downloads/alura1/venv/lib/python3.10/site-packages/airflow/example_dags/example_task_group_decorator.py
[2023-05-19 15:29:51,863] {logging_mixin.py:115} INFO - [2023-05-19 15:29:51,862] {dag.py:2379} INFO - Sync 1 DAGs
[2023-05-19 15:29:51,881] {logging_mixin.py:115} INFO - [2023-05-19 15:29:51,881] {dag.py:2927} INFO - Setting next_dagrun for example_task_group_decorator to 2023-05-18T18:29:51.881394+00:00, run_after=2023-05-19T18:29:51.881394+00:00
[2023-05-19 15:29:51,898] {processor.py:161} INFO - Processing /Users/marianaoliveira/Downloads/alura1/venv/lib/python3.10/site-packages/airflow/example_dags/example_task_group_decorator.py took 0.933 seconds
[2023-05-19 16:29:10,999] {processor.py:153} INFO - Started process (PID=6056) to work on /Users/marianaoliveira/Downloads/alura1/venv/lib/python3.10/site-packages/airflow/example_dags/example_task_group_decorator.py
[2023-05-19 16:29:11,000] {processor.py:641} INFO - Processing file /Users/marianaoliveira/Downloads/alura1/venv/lib/python3.10/site-packages/airflow/example_dags/example_task_group_decorator.py for tasks to queue
[2023-05-19 16:29:11,000] {logging_mixin.py:115} INFO - [2023-05-19 16:29:11,000] {dagbag.py:507} INFO - Filling up the DagBag from /Users/marianaoliveira/Downloads/alura1/venv/lib/python3.10/site-packages/airflow/example_dags/example_task_group_decorator.py
[2023-05-19 16:29:11,080] {processor.py:651} INFO - DAG(s) dict_keys(['example_task_group_decorator']) retrieved from /Users/marianaoliveira/Downloads/alura1/venv/lib/python3.10/site-packages/airflow/example_dags/example_task_group_decorator.py
[2023-05-19 16:29:12,953] {logging_mixin.py:115} INFO - [2023-05-19 16:29:12,952] {dag.py:2379} INFO - Sync 1 DAGs
[2023-05-19 16:29:12,977] {logging_mixin.py:115} INFO - [2023-05-19 16:29:12,977] {dag.py:2927} INFO - Setting next_dagrun for example_task_group_decorator to 2023-05-18T19:29:12.977112+00:00, run_after=2023-05-19T19:29:12.977112+00:00
[2023-05-19 16:29:12,997] {processor.py:161} INFO - Processing /Users/marianaoliveira/Downloads/alura1/venv/lib/python3.10/site-packages/airflow/example_dags/example_task_group_decorator.py took 1.999 seconds
[2023-05-19 16:31:29,798] {processor.py:153} INFO - Started process (PID=6126) to work on /Users/marianaoliveira/Downloads/alura1/venv/lib/python3.10/site-packages/airflow/example_dags/example_task_group_decorator.py
[2023-05-19 16:31:29,805] {processor.py:641} INFO - Processing file /Users/marianaoliveira/Downloads/alura1/venv/lib/python3.10/site-packages/airflow/example_dags/example_task_group_decorator.py for tasks to queue
[2023-05-19 16:31:29,806] {logging_mixin.py:115} INFO - [2023-05-19 16:31:29,806] {dagbag.py:507} INFO - Filling up the DagBag from /Users/marianaoliveira/Downloads/alura1/venv/lib/python3.10/site-packages/airflow/example_dags/example_task_group_decorator.py
[2023-05-19 16:31:30,196] {processor.py:651} INFO - DAG(s) dict_keys(['example_task_group_decorator']) retrieved from /Users/marianaoliveira/Downloads/alura1/venv/lib/python3.10/site-packages/airflow/example_dags/example_task_group_decorator.py
[2023-05-19 16:31:34,358] {logging_mixin.py:115} INFO - [2023-05-19 16:31:34,358] {dag.py:2379} INFO - Sync 1 DAGs
[2023-05-19 16:31:34,478] {logging_mixin.py:115} INFO - [2023-05-19 16:31:34,478] {dag.py:2927} INFO - Setting next_dagrun for example_task_group_decorator to 2023-05-18T19:31:34.477557+00:00, run_after=2023-05-19T19:31:34.477557+00:00
[2023-05-19 16:31:34,525] {processor.py:161} INFO - Processing /Users/marianaoliveira/Downloads/alura1/venv/lib/python3.10/site-packages/airflow/example_dags/example_task_group_decorator.py took 4.728 seconds
[2023-05-19 16:33:31,441] {processor.py:153} INFO - Started process (PID=6209) to work on /Users/marianaoliveira/Downloads/alura1/venv/lib/python3.10/site-packages/airflow/example_dags/example_task_group_decorator.py
[2023-05-19 16:33:31,443] {processor.py:641} INFO - Processing file /Users/marianaoliveira/Downloads/alura1/venv/lib/python3.10/site-packages/airflow/example_dags/example_task_group_decorator.py for tasks to queue
[2023-05-19 16:33:31,443] {logging_mixin.py:115} INFO - [2023-05-19 16:33:31,443] {dagbag.py:507} INFO - Filling up the DagBag from /Users/marianaoliveira/Downloads/alura1/venv/lib/python3.10/site-packages/airflow/example_dags/example_task_group_decorator.py
[2023-05-19 16:33:31,601] {processor.py:651} INFO - DAG(s) dict_keys(['example_task_group_decorator']) retrieved from /Users/marianaoliveira/Downloads/alura1/venv/lib/python3.10/site-packages/airflow/example_dags/example_task_group_decorator.py
[2023-05-19 16:33:34,006] {logging_mixin.py:115} INFO - [2023-05-19 16:33:34,005] {dag.py:2379} INFO - Sync 1 DAGs
[2023-05-19 16:33:34,031] {logging_mixin.py:115} INFO - [2023-05-19 16:33:34,031] {dag.py:2927} INFO - Setting next_dagrun for example_task_group_decorator to 2023-05-18T19:33:34.031136+00:00, run_after=2023-05-19T19:33:34.031136+00:00
[2023-05-19 16:33:34,057] {processor.py:161} INFO - Processing /Users/marianaoliveira/Downloads/alura1/venv/lib/python3.10/site-packages/airflow/example_dags/example_task_group_decorator.py took 2.617 seconds
[2023-05-19 16:36:18,925] {processor.py:153} INFO - Started process (PID=6299) to work on /Users/marianaoliveira/Downloads/alura1/venv/lib/python3.10/site-packages/airflow/example_dags/example_task_group_decorator.py
[2023-05-19 16:36:18,926] {processor.py:641} INFO - Processing file /Users/marianaoliveira/Downloads/alura1/venv/lib/python3.10/site-packages/airflow/example_dags/example_task_group_decorator.py for tasks to queue
[2023-05-19 16:36:18,926] {logging_mixin.py:115} INFO - [2023-05-19 16:36:18,926] {dagbag.py:507} INFO - Filling up the DagBag from /Users/marianaoliveira/Downloads/alura1/venv/lib/python3.10/site-packages/airflow/example_dags/example_task_group_decorator.py
[2023-05-19 16:36:18,991] {processor.py:651} INFO - DAG(s) dict_keys(['example_task_group_decorator']) retrieved from /Users/marianaoliveira/Downloads/alura1/venv/lib/python3.10/site-packages/airflow/example_dags/example_task_group_decorator.py
[2023-05-19 16:36:20,223] {logging_mixin.py:115} INFO - [2023-05-19 16:36:20,223] {dag.py:2379} INFO - Sync 1 DAGs
[2023-05-19 16:36:20,249] {logging_mixin.py:115} INFO - [2023-05-19 16:36:20,249] {dag.py:2927} INFO - Setting next_dagrun for example_task_group_decorator to 2023-05-18T19:36:20.249051+00:00, run_after=2023-05-19T19:36:20.249051+00:00
[2023-05-19 16:36:20,266] {processor.py:161} INFO - Processing /Users/marianaoliveira/Downloads/alura1/venv/lib/python3.10/site-packages/airflow/example_dags/example_task_group_decorator.py took 1.342 seconds
[2023-05-19 16:38:12,789] {processor.py:153} INFO - Started process (PID=6352) to work on /Users/marianaoliveira/Downloads/alura1/venv/lib/python3.10/site-packages/airflow/example_dags/example_task_group_decorator.py
[2023-05-19 16:38:12,790] {processor.py:641} INFO - Processing file /Users/marianaoliveira/Downloads/alura1/venv/lib/python3.10/site-packages/airflow/example_dags/example_task_group_decorator.py for tasks to queue
[2023-05-19 16:38:12,791] {logging_mixin.py:115} INFO - [2023-05-19 16:38:12,791] {dagbag.py:507} INFO - Filling up the DagBag from /Users/marianaoliveira/Downloads/alura1/venv/lib/python3.10/site-packages/airflow/example_dags/example_task_group_decorator.py
[2023-05-19 16:38:12,895] {processor.py:651} INFO - DAG(s) dict_keys(['example_task_group_decorator']) retrieved from /Users/marianaoliveira/Downloads/alura1/venv/lib/python3.10/site-packages/airflow/example_dags/example_task_group_decorator.py
[2023-05-19 16:38:16,201] {logging_mixin.py:115} INFO - [2023-05-19 16:38:16,200] {dag.py:2379} INFO - Sync 1 DAGs
[2023-05-19 16:38:16,250] {logging_mixin.py:115} INFO - [2023-05-19 16:38:16,250] {dag.py:2927} INFO - Setting next_dagrun for example_task_group_decorator to 2023-05-18T19:38:16.250100+00:00, run_after=2023-05-19T19:38:16.250100+00:00
[2023-05-19 16:38:16,281] {processor.py:161} INFO - Processing /Users/marianaoliveira/Downloads/alura1/venv/lib/python3.10/site-packages/airflow/example_dags/example_task_group_decorator.py took 3.493 seconds
[2023-05-19 16:41:34,366] {processor.py:153} INFO - Started process (PID=6527) to work on /Users/marianaoliveira/Downloads/alura1/venv/lib/python3.10/site-packages/airflow/example_dags/example_task_group_decorator.py
[2023-05-19 16:41:34,367] {processor.py:641} INFO - Processing file /Users/marianaoliveira/Downloads/alura1/venv/lib/python3.10/site-packages/airflow/example_dags/example_task_group_decorator.py for tasks to queue
[2023-05-19 16:41:34,368] {logging_mixin.py:115} INFO - [2023-05-19 16:41:34,368] {dagbag.py:507} INFO - Filling up the DagBag from /Users/marianaoliveira/Downloads/alura1/venv/lib/python3.10/site-packages/airflow/example_dags/example_task_group_decorator.py
[2023-05-19 16:41:34,523] {processor.py:651} INFO - DAG(s) dict_keys(['example_task_group_decorator']) retrieved from /Users/marianaoliveira/Downloads/alura1/venv/lib/python3.10/site-packages/airflow/example_dags/example_task_group_decorator.py
[2023-05-19 16:41:38,347] {logging_mixin.py:115} INFO - [2023-05-19 16:41:38,346] {dag.py:2379} INFO - Sync 1 DAGs
[2023-05-19 16:41:38,398] {logging_mixin.py:115} INFO - [2023-05-19 16:41:38,398] {dag.py:2927} INFO - Setting next_dagrun for example_task_group_decorator to 2023-05-18T19:41:38.397943+00:00, run_after=2023-05-19T19:41:38.397943+00:00
[2023-05-19 16:41:38,462] {processor.py:161} INFO - Processing /Users/marianaoliveira/Downloads/alura1/venv/lib/python3.10/site-packages/airflow/example_dags/example_task_group_decorator.py took 4.097 seconds
[2023-05-19 16:51:11,180] {processor.py:153} INFO - Started process (PID=6706) to work on /Users/marianaoliveira/Downloads/alura1/venv/lib/python3.10/site-packages/airflow/example_dags/example_task_group_decorator.py
[2023-05-19 16:51:11,182] {processor.py:641} INFO - Processing file /Users/marianaoliveira/Downloads/alura1/venv/lib/python3.10/site-packages/airflow/example_dags/example_task_group_decorator.py for tasks to queue
[2023-05-19 16:51:11,183] {logging_mixin.py:115} INFO - [2023-05-19 16:51:11,182] {dagbag.py:507} INFO - Filling up the DagBag from /Users/marianaoliveira/Downloads/alura1/venv/lib/python3.10/site-packages/airflow/example_dags/example_task_group_decorator.py
[2023-05-19 16:51:11,301] {processor.py:651} INFO - DAG(s) dict_keys(['example_task_group_decorator']) retrieved from /Users/marianaoliveira/Downloads/alura1/venv/lib/python3.10/site-packages/airflow/example_dags/example_task_group_decorator.py
[2023-05-19 16:51:13,497] {logging_mixin.py:115} INFO - [2023-05-19 16:51:13,497] {dag.py:2379} INFO - Sync 1 DAGs
[2023-05-19 16:51:13,520] {logging_mixin.py:115} INFO - [2023-05-19 16:51:13,519] {dag.py:2927} INFO - Setting next_dagrun for example_task_group_decorator to 2023-05-18T19:51:13.519726+00:00, run_after=2023-05-19T19:51:13.519726+00:00
[2023-05-19 16:51:13,540] {processor.py:161} INFO - Processing /Users/marianaoliveira/Downloads/alura1/venv/lib/python3.10/site-packages/airflow/example_dags/example_task_group_decorator.py took 2.361 seconds
[2023-05-19 16:53:56,350] {processor.py:153} INFO - Started process (PID=6853) to work on /Users/marianaoliveira/Downloads/alura1/venv/lib/python3.10/site-packages/airflow/example_dags/example_task_group_decorator.py
[2023-05-19 16:53:56,351] {processor.py:641} INFO - Processing file /Users/marianaoliveira/Downloads/alura1/venv/lib/python3.10/site-packages/airflow/example_dags/example_task_group_decorator.py for tasks to queue
[2023-05-19 16:53:56,352] {logging_mixin.py:115} INFO - [2023-05-19 16:53:56,352] {dagbag.py:507} INFO - Filling up the DagBag from /Users/marianaoliveira/Downloads/alura1/venv/lib/python3.10/site-packages/airflow/example_dags/example_task_group_decorator.py
[2023-05-19 16:53:56,510] {processor.py:651} INFO - DAG(s) dict_keys(['example_task_group_decorator']) retrieved from /Users/marianaoliveira/Downloads/alura1/venv/lib/python3.10/site-packages/airflow/example_dags/example_task_group_decorator.py
[2023-05-19 16:53:59,426] {logging_mixin.py:115} INFO - [2023-05-19 16:53:59,425] {dag.py:2379} INFO - Sync 1 DAGs
[2023-05-19 16:53:59,453] {logging_mixin.py:115} INFO - [2023-05-19 16:53:59,452] {dag.py:2927} INFO - Setting next_dagrun for example_task_group_decorator to 2023-05-18T19:53:59.451808+00:00, run_after=2023-05-19T19:53:59.451808+00:00
[2023-05-19 16:53:59,491] {processor.py:161} INFO - Processing /Users/marianaoliveira/Downloads/alura1/venv/lib/python3.10/site-packages/airflow/example_dags/example_task_group_decorator.py took 3.147 seconds
[2023-05-19 16:56:40,852] {processor.py:153} INFO - Started process (PID=7018) to work on /Users/marianaoliveira/Downloads/alura1/venv/lib/python3.10/site-packages/airflow/example_dags/example_task_group_decorator.py
[2023-05-19 16:56:40,853] {processor.py:641} INFO - Processing file /Users/marianaoliveira/Downloads/alura1/venv/lib/python3.10/site-packages/airflow/example_dags/example_task_group_decorator.py for tasks to queue
[2023-05-19 16:56:40,854] {logging_mixin.py:115} INFO - [2023-05-19 16:56:40,854] {dagbag.py:507} INFO - Filling up the DagBag from /Users/marianaoliveira/Downloads/alura1/venv/lib/python3.10/site-packages/airflow/example_dags/example_task_group_decorator.py
[2023-05-19 16:56:40,949] {processor.py:651} INFO - DAG(s) dict_keys(['example_task_group_decorator']) retrieved from /Users/marianaoliveira/Downloads/alura1/venv/lib/python3.10/site-packages/airflow/example_dags/example_task_group_decorator.py
[2023-05-19 16:56:42,469] {logging_mixin.py:115} INFO - [2023-05-19 16:56:42,468] {dag.py:2379} INFO - Sync 1 DAGs
[2023-05-19 16:56:42,504] {logging_mixin.py:115} INFO - [2023-05-19 16:56:42,504] {dag.py:2927} INFO - Setting next_dagrun for example_task_group_decorator to 2023-05-18T19:56:42.503958+00:00, run_after=2023-05-19T19:56:42.503958+00:00
[2023-05-19 16:56:42,523] {processor.py:161} INFO - Processing /Users/marianaoliveira/Downloads/alura1/venv/lib/python3.10/site-packages/airflow/example_dags/example_task_group_decorator.py took 1.673 seconds
[2023-05-19 16:58:21,414] {processor.py:153} INFO - Started process (PID=7059) to work on /Users/marianaoliveira/Downloads/alura1/venv/lib/python3.10/site-packages/airflow/example_dags/example_task_group_decorator.py
[2023-05-19 16:58:21,415] {processor.py:641} INFO - Processing file /Users/marianaoliveira/Downloads/alura1/venv/lib/python3.10/site-packages/airflow/example_dags/example_task_group_decorator.py for tasks to queue
[2023-05-19 16:58:21,416] {logging_mixin.py:115} INFO - [2023-05-19 16:58:21,416] {dagbag.py:507} INFO - Filling up the DagBag from /Users/marianaoliveira/Downloads/alura1/venv/lib/python3.10/site-packages/airflow/example_dags/example_task_group_decorator.py
[2023-05-19 16:58:21,518] {processor.py:651} INFO - DAG(s) dict_keys(['example_task_group_decorator']) retrieved from /Users/marianaoliveira/Downloads/alura1/venv/lib/python3.10/site-packages/airflow/example_dags/example_task_group_decorator.py
[2023-05-19 16:58:23,643] {logging_mixin.py:115} INFO - [2023-05-19 16:58:23,642] {dag.py:2379} INFO - Sync 1 DAGs
[2023-05-19 16:58:23,669] {logging_mixin.py:115} INFO - [2023-05-19 16:58:23,669] {dag.py:2927} INFO - Setting next_dagrun for example_task_group_decorator to 2023-05-18T19:58:23.669462+00:00, run_after=2023-05-19T19:58:23.669462+00:00
[2023-05-19 16:58:23,691] {processor.py:161} INFO - Processing /Users/marianaoliveira/Downloads/alura1/venv/lib/python3.10/site-packages/airflow/example_dags/example_task_group_decorator.py took 2.279 seconds
[2023-05-19 16:59:46,764] {processor.py:153} INFO - Started process (PID=7096) to work on /Users/marianaoliveira/Downloads/alura1/venv/lib/python3.10/site-packages/airflow/example_dags/example_task_group_decorator.py
[2023-05-19 16:59:46,766] {processor.py:641} INFO - Processing file /Users/marianaoliveira/Downloads/alura1/venv/lib/python3.10/site-packages/airflow/example_dags/example_task_group_decorator.py for tasks to queue
[2023-05-19 16:59:46,769] {logging_mixin.py:115} INFO - [2023-05-19 16:59:46,769] {dagbag.py:507} INFO - Filling up the DagBag from /Users/marianaoliveira/Downloads/alura1/venv/lib/python3.10/site-packages/airflow/example_dags/example_task_group_decorator.py
[2023-05-19 16:59:46,849] {processor.py:651} INFO - DAG(s) dict_keys(['example_task_group_decorator']) retrieved from /Users/marianaoliveira/Downloads/alura1/venv/lib/python3.10/site-packages/airflow/example_dags/example_task_group_decorator.py
[2023-05-19 16:59:48,193] {logging_mixin.py:115} INFO - [2023-05-19 16:59:48,193] {dag.py:2379} INFO - Sync 1 DAGs
[2023-05-19 16:59:48,224] {logging_mixin.py:115} INFO - [2023-05-19 16:59:48,224] {dag.py:2927} INFO - Setting next_dagrun for example_task_group_decorator to 2023-05-18T19:59:48.223851+00:00, run_after=2023-05-19T19:59:48.223851+00:00
[2023-05-19 16:59:48,268] {processor.py:161} INFO - Processing /Users/marianaoliveira/Downloads/alura1/venv/lib/python3.10/site-packages/airflow/example_dags/example_task_group_decorator.py took 1.505 seconds
[2023-05-19 17:01:18,401] {processor.py:153} INFO - Started process (PID=7141) to work on /Users/marianaoliveira/Downloads/alura1/venv/lib/python3.10/site-packages/airflow/example_dags/example_task_group_decorator.py
[2023-05-19 17:01:18,402] {processor.py:641} INFO - Processing file /Users/marianaoliveira/Downloads/alura1/venv/lib/python3.10/site-packages/airflow/example_dags/example_task_group_decorator.py for tasks to queue
[2023-05-19 17:01:18,403] {logging_mixin.py:115} INFO - [2023-05-19 17:01:18,402] {dagbag.py:507} INFO - Filling up the DagBag from /Users/marianaoliveira/Downloads/alura1/venv/lib/python3.10/site-packages/airflow/example_dags/example_task_group_decorator.py
[2023-05-19 17:01:18,491] {processor.py:651} INFO - DAG(s) dict_keys(['example_task_group_decorator']) retrieved from /Users/marianaoliveira/Downloads/alura1/venv/lib/python3.10/site-packages/airflow/example_dags/example_task_group_decorator.py
[2023-05-19 17:01:21,347] {logging_mixin.py:115} INFO - [2023-05-19 17:01:21,347] {dag.py:2379} INFO - Sync 1 DAGs
[2023-05-19 17:01:21,374] {logging_mixin.py:115} INFO - [2023-05-19 17:01:21,374] {dag.py:2927} INFO - Setting next_dagrun for example_task_group_decorator to 2023-05-18T20:01:21.374167+00:00, run_after=2023-05-19T20:01:21.374167+00:00
[2023-05-19 17:01:21,399] {processor.py:161} INFO - Processing /Users/marianaoliveira/Downloads/alura1/venv/lib/python3.10/site-packages/airflow/example_dags/example_task_group_decorator.py took 2.999 seconds
[2023-05-19 17:03:37,990] {processor.py:153} INFO - Started process (PID=7272) to work on /Users/marianaoliveira/Downloads/alura1/venv/lib/python3.10/site-packages/airflow/example_dags/example_task_group_decorator.py
[2023-05-19 17:03:37,992] {processor.py:641} INFO - Processing file /Users/marianaoliveira/Downloads/alura1/venv/lib/python3.10/site-packages/airflow/example_dags/example_task_group_decorator.py for tasks to queue
[2023-05-19 17:03:37,992] {logging_mixin.py:115} INFO - [2023-05-19 17:03:37,992] {dagbag.py:507} INFO - Filling up the DagBag from /Users/marianaoliveira/Downloads/alura1/venv/lib/python3.10/site-packages/airflow/example_dags/example_task_group_decorator.py
[2023-05-19 17:03:38,117] {processor.py:651} INFO - DAG(s) dict_keys(['example_task_group_decorator']) retrieved from /Users/marianaoliveira/Downloads/alura1/venv/lib/python3.10/site-packages/airflow/example_dags/example_task_group_decorator.py
[2023-05-19 17:03:40,458] {logging_mixin.py:115} INFO - [2023-05-19 17:03:40,457] {dag.py:2379} INFO - Sync 1 DAGs
[2023-05-19 17:03:40,492] {logging_mixin.py:115} INFO - [2023-05-19 17:03:40,492] {dag.py:2927} INFO - Setting next_dagrun for example_task_group_decorator to 2023-05-18T20:03:40.491907+00:00, run_after=2023-05-19T20:03:40.491907+00:00
[2023-05-19 17:03:40,515] {processor.py:161} INFO - Processing /Users/marianaoliveira/Downloads/alura1/venv/lib/python3.10/site-packages/airflow/example_dags/example_task_group_decorator.py took 2.528 seconds
[2023-05-19 17:07:17,511] {processor.py:153} INFO - Started process (PID=7462) to work on /Users/marianaoliveira/Downloads/alura1/venv/lib/python3.10/site-packages/airflow/example_dags/example_task_group_decorator.py
[2023-05-19 17:07:17,512] {processor.py:641} INFO - Processing file /Users/marianaoliveira/Downloads/alura1/venv/lib/python3.10/site-packages/airflow/example_dags/example_task_group_decorator.py for tasks to queue
[2023-05-19 17:07:17,512] {logging_mixin.py:115} INFO - [2023-05-19 17:07:17,512] {dagbag.py:507} INFO - Filling up the DagBag from /Users/marianaoliveira/Downloads/alura1/venv/lib/python3.10/site-packages/airflow/example_dags/example_task_group_decorator.py
[2023-05-19 17:07:17,596] {processor.py:651} INFO - DAG(s) dict_keys(['example_task_group_decorator']) retrieved from /Users/marianaoliveira/Downloads/alura1/venv/lib/python3.10/site-packages/airflow/example_dags/example_task_group_decorator.py
[2023-05-19 17:07:19,029] {logging_mixin.py:115} INFO - [2023-05-19 17:07:19,028] {dag.py:2379} INFO - Sync 1 DAGs
[2023-05-19 17:07:19,060] {logging_mixin.py:115} INFO - [2023-05-19 17:07:19,060] {dag.py:2927} INFO - Setting next_dagrun for example_task_group_decorator to 2023-05-18T20:07:19.060203+00:00, run_after=2023-05-19T20:07:19.060203+00:00
[2023-05-19 17:07:19,084] {processor.py:161} INFO - Processing /Users/marianaoliveira/Downloads/alura1/venv/lib/python3.10/site-packages/airflow/example_dags/example_task_group_decorator.py took 1.575 seconds
[2023-05-19 17:30:25,781] {processor.py:153} INFO - Started process (PID=7746) to work on /Users/marianaoliveira/Downloads/alura1/venv/lib/python3.10/site-packages/airflow/example_dags/example_task_group_decorator.py
[2023-05-19 17:30:25,783] {processor.py:641} INFO - Processing file /Users/marianaoliveira/Downloads/alura1/venv/lib/python3.10/site-packages/airflow/example_dags/example_task_group_decorator.py for tasks to queue
[2023-05-19 17:30:25,783] {logging_mixin.py:115} INFO - [2023-05-19 17:30:25,783] {dagbag.py:507} INFO - Filling up the DagBag from /Users/marianaoliveira/Downloads/alura1/venv/lib/python3.10/site-packages/airflow/example_dags/example_task_group_decorator.py
[2023-05-19 17:30:25,891] {processor.py:651} INFO - DAG(s) dict_keys(['example_task_group_decorator']) retrieved from /Users/marianaoliveira/Downloads/alura1/venv/lib/python3.10/site-packages/airflow/example_dags/example_task_group_decorator.py
[2023-05-19 17:30:28,333] {logging_mixin.py:115} INFO - [2023-05-19 17:30:28,333] {dag.py:2379} INFO - Sync 1 DAGs
[2023-05-19 17:30:28,385] {logging_mixin.py:115} INFO - [2023-05-19 17:30:28,385] {dag.py:2927} INFO - Setting next_dagrun for example_task_group_decorator to 2023-05-18T20:30:28.384858+00:00, run_after=2023-05-19T20:30:28.384858+00:00
[2023-05-19 17:30:28,410] {processor.py:161} INFO - Processing /Users/marianaoliveira/Downloads/alura1/venv/lib/python3.10/site-packages/airflow/example_dags/example_task_group_decorator.py took 2.630 seconds
[2023-05-19 17:33:04,330] {processor.py:153} INFO - Started process (PID=7807) to work on /Users/marianaoliveira/Downloads/alura1/venv/lib/python3.10/site-packages/airflow/example_dags/example_task_group_decorator.py
[2023-05-19 17:33:04,332] {processor.py:641} INFO - Processing file /Users/marianaoliveira/Downloads/alura1/venv/lib/python3.10/site-packages/airflow/example_dags/example_task_group_decorator.py for tasks to queue
[2023-05-19 17:33:04,333] {logging_mixin.py:115} INFO - [2023-05-19 17:33:04,333] {dagbag.py:507} INFO - Filling up the DagBag from /Users/marianaoliveira/Downloads/alura1/venv/lib/python3.10/site-packages/airflow/example_dags/example_task_group_decorator.py
[2023-05-19 17:33:04,486] {processor.py:651} INFO - DAG(s) dict_keys(['example_task_group_decorator']) retrieved from /Users/marianaoliveira/Downloads/alura1/venv/lib/python3.10/site-packages/airflow/example_dags/example_task_group_decorator.py
[2023-05-19 17:33:07,289] {logging_mixin.py:115} INFO - [2023-05-19 17:33:07,287] {dag.py:2379} INFO - Sync 1 DAGs
[2023-05-19 17:33:07,338] {logging_mixin.py:115} INFO - [2023-05-19 17:33:07,338] {dag.py:2927} INFO - Setting next_dagrun for example_task_group_decorator to 2023-05-18T20:33:07.338167+00:00, run_after=2023-05-19T20:33:07.338167+00:00
[2023-05-19 17:33:07,374] {processor.py:161} INFO - Processing /Users/marianaoliveira/Downloads/alura1/venv/lib/python3.10/site-packages/airflow/example_dags/example_task_group_decorator.py took 3.044 seconds
[2023-05-19 17:35:29,474] {processor.py:153} INFO - Started process (PID=7865) to work on /Users/marianaoliveira/Downloads/alura1/venv/lib/python3.10/site-packages/airflow/example_dags/example_task_group_decorator.py
[2023-05-19 17:35:29,474] {processor.py:641} INFO - Processing file /Users/marianaoliveira/Downloads/alura1/venv/lib/python3.10/site-packages/airflow/example_dags/example_task_group_decorator.py for tasks to queue
[2023-05-19 17:35:29,475] {logging_mixin.py:115} INFO - [2023-05-19 17:35:29,475] {dagbag.py:507} INFO - Filling up the DagBag from /Users/marianaoliveira/Downloads/alura1/venv/lib/python3.10/site-packages/airflow/example_dags/example_task_group_decorator.py
[2023-05-19 17:35:29,636] {processor.py:651} INFO - DAG(s) dict_keys(['example_task_group_decorator']) retrieved from /Users/marianaoliveira/Downloads/alura1/venv/lib/python3.10/site-packages/airflow/example_dags/example_task_group_decorator.py
[2023-05-19 17:35:33,293] {logging_mixin.py:115} INFO - [2023-05-19 17:35:33,292] {dag.py:2379} INFO - Sync 1 DAGs
[2023-05-19 17:35:33,374] {logging_mixin.py:115} INFO - [2023-05-19 17:35:33,374] {dag.py:2927} INFO - Setting next_dagrun for example_task_group_decorator to 2023-05-18T20:35:33.374379+00:00, run_after=2023-05-19T20:35:33.374379+00:00
[2023-05-19 17:35:33,437] {processor.py:161} INFO - Processing /Users/marianaoliveira/Downloads/alura1/venv/lib/python3.10/site-packages/airflow/example_dags/example_task_group_decorator.py took 3.969 seconds
[2023-05-19 17:37:38,531] {processor.py:153} INFO - Started process (PID=7918) to work on /Users/marianaoliveira/Downloads/alura1/venv/lib/python3.10/site-packages/airflow/example_dags/example_task_group_decorator.py
[2023-05-19 17:37:38,535] {processor.py:641} INFO - Processing file /Users/marianaoliveira/Downloads/alura1/venv/lib/python3.10/site-packages/airflow/example_dags/example_task_group_decorator.py for tasks to queue
[2023-05-19 17:37:38,536] {logging_mixin.py:115} INFO - [2023-05-19 17:37:38,535] {dagbag.py:507} INFO - Filling up the DagBag from /Users/marianaoliveira/Downloads/alura1/venv/lib/python3.10/site-packages/airflow/example_dags/example_task_group_decorator.py
[2023-05-19 17:37:38,684] {processor.py:651} INFO - DAG(s) dict_keys(['example_task_group_decorator']) retrieved from /Users/marianaoliveira/Downloads/alura1/venv/lib/python3.10/site-packages/airflow/example_dags/example_task_group_decorator.py
[2023-05-19 17:37:40,525] {logging_mixin.py:115} INFO - [2023-05-19 17:37:40,525] {dag.py:2379} INFO - Sync 1 DAGs
[2023-05-19 17:37:40,579] {logging_mixin.py:115} INFO - [2023-05-19 17:37:40,579] {dag.py:2927} INFO - Setting next_dagrun for example_task_group_decorator to 2023-05-18T20:37:40.578956+00:00, run_after=2023-05-19T20:37:40.578956+00:00
[2023-05-19 17:37:40,608] {processor.py:161} INFO - Processing /Users/marianaoliveira/Downloads/alura1/venv/lib/python3.10/site-packages/airflow/example_dags/example_task_group_decorator.py took 2.079 seconds
[2023-05-19 17:44:32,176] {processor.py:153} INFO - Started process (PID=8081) to work on /Users/marianaoliveira/Downloads/alura1/venv/lib/python3.10/site-packages/airflow/example_dags/example_task_group_decorator.py
[2023-05-19 17:44:32,185] {processor.py:641} INFO - Processing file /Users/marianaoliveira/Downloads/alura1/venv/lib/python3.10/site-packages/airflow/example_dags/example_task_group_decorator.py for tasks to queue
[2023-05-19 17:44:32,188] {logging_mixin.py:115} INFO - [2023-05-19 17:44:32,188] {dagbag.py:507} INFO - Filling up the DagBag from /Users/marianaoliveira/Downloads/alura1/venv/lib/python3.10/site-packages/airflow/example_dags/example_task_group_decorator.py
[2023-05-19 17:44:32,495] {processor.py:651} INFO - DAG(s) dict_keys(['example_task_group_decorator']) retrieved from /Users/marianaoliveira/Downloads/alura1/venv/lib/python3.10/site-packages/airflow/example_dags/example_task_group_decorator.py
[2023-05-19 17:44:37,589] {logging_mixin.py:115} INFO - [2023-05-19 17:44:37,587] {dag.py:2379} INFO - Sync 1 DAGs
[2023-05-19 17:44:37,691] {logging_mixin.py:115} INFO - [2023-05-19 17:44:37,690] {dag.py:2927} INFO - Setting next_dagrun for example_task_group_decorator to 2023-05-18T20:44:37.689972+00:00, run_after=2023-05-19T20:44:37.689972+00:00
[2023-05-19 17:44:37,937] {processor.py:161} INFO - Processing /Users/marianaoliveira/Downloads/alura1/venv/lib/python3.10/site-packages/airflow/example_dags/example_task_group_decorator.py took 5.762 seconds
[2023-05-19 17:47:21,038] {processor.py:153} INFO - Started process (PID=8160) to work on /Users/marianaoliveira/Downloads/alura1/venv/lib/python3.10/site-packages/airflow/example_dags/example_task_group_decorator.py
[2023-05-19 17:47:21,039] {processor.py:641} INFO - Processing file /Users/marianaoliveira/Downloads/alura1/venv/lib/python3.10/site-packages/airflow/example_dags/example_task_group_decorator.py for tasks to queue
[2023-05-19 17:47:21,040] {logging_mixin.py:115} INFO - [2023-05-19 17:47:21,040] {dagbag.py:507} INFO - Filling up the DagBag from /Users/marianaoliveira/Downloads/alura1/venv/lib/python3.10/site-packages/airflow/example_dags/example_task_group_decorator.py
[2023-05-19 17:47:21,156] {processor.py:651} INFO - DAG(s) dict_keys(['example_task_group_decorator']) retrieved from /Users/marianaoliveira/Downloads/alura1/venv/lib/python3.10/site-packages/airflow/example_dags/example_task_group_decorator.py
[2023-05-19 17:47:23,756] {logging_mixin.py:115} INFO - [2023-05-19 17:47:23,755] {dag.py:2379} INFO - Sync 1 DAGs
[2023-05-19 17:47:23,790] {logging_mixin.py:115} INFO - [2023-05-19 17:47:23,790] {dag.py:2927} INFO - Setting next_dagrun for example_task_group_decorator to 2023-05-18T20:47:23.790032+00:00, run_after=2023-05-19T20:47:23.790032+00:00
[2023-05-19 17:47:23,825] {processor.py:161} INFO - Processing /Users/marianaoliveira/Downloads/alura1/venv/lib/python3.10/site-packages/airflow/example_dags/example_task_group_decorator.py took 2.788 seconds
[2023-05-19 17:48:52,540] {processor.py:153} INFO - Started process (PID=8199) to work on /Users/marianaoliveira/Downloads/alura1/venv/lib/python3.10/site-packages/airflow/example_dags/example_task_group_decorator.py
[2023-05-19 17:48:52,542] {processor.py:641} INFO - Processing file /Users/marianaoliveira/Downloads/alura1/venv/lib/python3.10/site-packages/airflow/example_dags/example_task_group_decorator.py for tasks to queue
[2023-05-19 17:48:52,542] {logging_mixin.py:115} INFO - [2023-05-19 17:48:52,542] {dagbag.py:507} INFO - Filling up the DagBag from /Users/marianaoliveira/Downloads/alura1/venv/lib/python3.10/site-packages/airflow/example_dags/example_task_group_decorator.py
[2023-05-19 17:48:52,619] {processor.py:651} INFO - DAG(s) dict_keys(['example_task_group_decorator']) retrieved from /Users/marianaoliveira/Downloads/alura1/venv/lib/python3.10/site-packages/airflow/example_dags/example_task_group_decorator.py
[2023-05-19 17:48:53,787] {logging_mixin.py:115} INFO - [2023-05-19 17:48:53,785] {dag.py:2379} INFO - Sync 1 DAGs
[2023-05-19 17:48:53,808] {logging_mixin.py:115} INFO - [2023-05-19 17:48:53,808] {dag.py:2927} INFO - Setting next_dagrun for example_task_group_decorator to 2023-05-18T20:48:53.808431+00:00, run_after=2023-05-19T20:48:53.808431+00:00
[2023-05-19 17:48:53,829] {processor.py:161} INFO - Processing /Users/marianaoliveira/Downloads/alura1/venv/lib/python3.10/site-packages/airflow/example_dags/example_task_group_decorator.py took 1.290 seconds
[2023-05-19 17:50:30,627] {processor.py:153} INFO - Started process (PID=8238) to work on /Users/marianaoliveira/Downloads/alura1/venv/lib/python3.10/site-packages/airflow/example_dags/example_task_group_decorator.py
[2023-05-19 17:50:30,631] {processor.py:641} INFO - Processing file /Users/marianaoliveira/Downloads/alura1/venv/lib/python3.10/site-packages/airflow/example_dags/example_task_group_decorator.py for tasks to queue
[2023-05-19 17:50:30,632] {logging_mixin.py:115} INFO - [2023-05-19 17:50:30,632] {dagbag.py:507} INFO - Filling up the DagBag from /Users/marianaoliveira/Downloads/alura1/venv/lib/python3.10/site-packages/airflow/example_dags/example_task_group_decorator.py
[2023-05-19 17:50:30,766] {processor.py:651} INFO - DAG(s) dict_keys(['example_task_group_decorator']) retrieved from /Users/marianaoliveira/Downloads/alura1/venv/lib/python3.10/site-packages/airflow/example_dags/example_task_group_decorator.py
[2023-05-19 17:50:33,088] {logging_mixin.py:115} INFO - [2023-05-19 17:50:33,088] {dag.py:2379} INFO - Sync 1 DAGs
[2023-05-19 17:50:33,124] {logging_mixin.py:115} INFO - [2023-05-19 17:50:33,124] {dag.py:2927} INFO - Setting next_dagrun for example_task_group_decorator to 2023-05-18T20:50:33.123910+00:00, run_after=2023-05-19T20:50:33.123910+00:00
[2023-05-19 17:50:33,147] {processor.py:161} INFO - Processing /Users/marianaoliveira/Downloads/alura1/venv/lib/python3.10/site-packages/airflow/example_dags/example_task_group_decorator.py took 2.523 seconds
[2023-05-19 17:52:07,223] {processor.py:153} INFO - Started process (PID=8311) to work on /Users/marianaoliveira/Downloads/alura1/venv/lib/python3.10/site-packages/airflow/example_dags/example_task_group_decorator.py
[2023-05-19 17:52:07,225] {processor.py:641} INFO - Processing file /Users/marianaoliveira/Downloads/alura1/venv/lib/python3.10/site-packages/airflow/example_dags/example_task_group_decorator.py for tasks to queue
[2023-05-19 17:52:07,226] {logging_mixin.py:115} INFO - [2023-05-19 17:52:07,225] {dagbag.py:507} INFO - Filling up the DagBag from /Users/marianaoliveira/Downloads/alura1/venv/lib/python3.10/site-packages/airflow/example_dags/example_task_group_decorator.py
[2023-05-19 17:52:07,359] {processor.py:651} INFO - DAG(s) dict_keys(['example_task_group_decorator']) retrieved from /Users/marianaoliveira/Downloads/alura1/venv/lib/python3.10/site-packages/airflow/example_dags/example_task_group_decorator.py
[2023-05-19 17:52:08,693] {logging_mixin.py:115} INFO - [2023-05-19 17:52:08,693] {dag.py:2379} INFO - Sync 1 DAGs
[2023-05-19 17:52:08,723] {logging_mixin.py:115} INFO - [2023-05-19 17:52:08,723] {dag.py:2927} INFO - Setting next_dagrun for example_task_group_decorator to 2023-05-18T20:52:08.723025+00:00, run_after=2023-05-19T20:52:08.723025+00:00
[2023-05-19 17:52:08,751] {processor.py:161} INFO - Processing /Users/marianaoliveira/Downloads/alura1/venv/lib/python3.10/site-packages/airflow/example_dags/example_task_group_decorator.py took 1.530 seconds
[2023-05-19 17:53:57,880] {processor.py:153} INFO - Started process (PID=8401) to work on /Users/marianaoliveira/Downloads/alura1/venv/lib/python3.10/site-packages/airflow/example_dags/example_task_group_decorator.py
[2023-05-19 17:53:57,881] {processor.py:641} INFO - Processing file /Users/marianaoliveira/Downloads/alura1/venv/lib/python3.10/site-packages/airflow/example_dags/example_task_group_decorator.py for tasks to queue
[2023-05-19 17:53:57,882] {logging_mixin.py:115} INFO - [2023-05-19 17:53:57,882] {dagbag.py:507} INFO - Filling up the DagBag from /Users/marianaoliveira/Downloads/alura1/venv/lib/python3.10/site-packages/airflow/example_dags/example_task_group_decorator.py
[2023-05-19 17:53:58,016] {processor.py:651} INFO - DAG(s) dict_keys(['example_task_group_decorator']) retrieved from /Users/marianaoliveira/Downloads/alura1/venv/lib/python3.10/site-packages/airflow/example_dags/example_task_group_decorator.py
[2023-05-19 17:54:01,754] {logging_mixin.py:115} INFO - [2023-05-19 17:54:01,754] {dag.py:2379} INFO - Sync 1 DAGs
[2023-05-19 17:54:01,875] {logging_mixin.py:115} INFO - [2023-05-19 17:54:01,875] {dag.py:2927} INFO - Setting next_dagrun for example_task_group_decorator to 2023-05-18T20:54:01.875431+00:00, run_after=2023-05-19T20:54:01.875431+00:00
[2023-05-19 17:54:01,906] {processor.py:161} INFO - Processing /Users/marianaoliveira/Downloads/alura1/venv/lib/python3.10/site-packages/airflow/example_dags/example_task_group_decorator.py took 4.029 seconds
[2023-05-19 17:55:37,638] {processor.py:153} INFO - Started process (PID=8507) to work on /Users/marianaoliveira/Downloads/alura1/venv/lib/python3.10/site-packages/airflow/example_dags/example_task_group_decorator.py
[2023-05-19 17:55:37,639] {processor.py:641} INFO - Processing file /Users/marianaoliveira/Downloads/alura1/venv/lib/python3.10/site-packages/airflow/example_dags/example_task_group_decorator.py for tasks to queue
[2023-05-19 17:55:37,640] {logging_mixin.py:115} INFO - [2023-05-19 17:55:37,640] {dagbag.py:507} INFO - Filling up the DagBag from /Users/marianaoliveira/Downloads/alura1/venv/lib/python3.10/site-packages/airflow/example_dags/example_task_group_decorator.py
[2023-05-19 17:55:37,719] {processor.py:651} INFO - DAG(s) dict_keys(['example_task_group_decorator']) retrieved from /Users/marianaoliveira/Downloads/alura1/venv/lib/python3.10/site-packages/airflow/example_dags/example_task_group_decorator.py
[2023-05-19 17:55:38,927] {logging_mixin.py:115} INFO - [2023-05-19 17:55:38,926] {dag.py:2379} INFO - Sync 1 DAGs
[2023-05-19 17:55:38,970] {logging_mixin.py:115} INFO - [2023-05-19 17:55:38,970] {dag.py:2927} INFO - Setting next_dagrun for example_task_group_decorator to 2023-05-18T20:55:38.970236+00:00, run_after=2023-05-19T20:55:38.970236+00:00
[2023-05-19 17:55:38,991] {processor.py:161} INFO - Processing /Users/marianaoliveira/Downloads/alura1/venv/lib/python3.10/site-packages/airflow/example_dags/example_task_group_decorator.py took 1.355 seconds
[2023-05-19 17:57:10,196] {processor.py:153} INFO - Started process (PID=8589) to work on /Users/marianaoliveira/Downloads/alura1/venv/lib/python3.10/site-packages/airflow/example_dags/example_task_group_decorator.py
[2023-05-19 17:57:10,197] {processor.py:641} INFO - Processing file /Users/marianaoliveira/Downloads/alura1/venv/lib/python3.10/site-packages/airflow/example_dags/example_task_group_decorator.py for tasks to queue
[2023-05-19 17:57:10,198] {logging_mixin.py:115} INFO - [2023-05-19 17:57:10,198] {dagbag.py:507} INFO - Filling up the DagBag from /Users/marianaoliveira/Downloads/alura1/venv/lib/python3.10/site-packages/airflow/example_dags/example_task_group_decorator.py
[2023-05-19 17:57:10,326] {processor.py:651} INFO - DAG(s) dict_keys(['example_task_group_decorator']) retrieved from /Users/marianaoliveira/Downloads/alura1/venv/lib/python3.10/site-packages/airflow/example_dags/example_task_group_decorator.py
[2023-05-19 17:57:12,549] {logging_mixin.py:115} INFO - [2023-05-19 17:57:12,549] {dag.py:2379} INFO - Sync 1 DAGs
[2023-05-19 17:57:12,619] {logging_mixin.py:115} INFO - [2023-05-19 17:57:12,619] {dag.py:2927} INFO - Setting next_dagrun for example_task_group_decorator to 2023-05-18T20:57:12.619439+00:00, run_after=2023-05-19T20:57:12.619439+00:00
[2023-05-19 17:57:12,651] {processor.py:161} INFO - Processing /Users/marianaoliveira/Downloads/alura1/venv/lib/python3.10/site-packages/airflow/example_dags/example_task_group_decorator.py took 2.457 seconds
[2023-05-19 17:58:51,198] {processor.py:153} INFO - Started process (PID=8631) to work on /Users/marianaoliveira/Downloads/alura1/venv/lib/python3.10/site-packages/airflow/example_dags/example_task_group_decorator.py
[2023-05-19 17:58:51,200] {processor.py:641} INFO - Processing file /Users/marianaoliveira/Downloads/alura1/venv/lib/python3.10/site-packages/airflow/example_dags/example_task_group_decorator.py for tasks to queue
[2023-05-19 17:58:51,201] {logging_mixin.py:115} INFO - [2023-05-19 17:58:51,201] {dagbag.py:507} INFO - Filling up the DagBag from /Users/marianaoliveira/Downloads/alura1/venv/lib/python3.10/site-packages/airflow/example_dags/example_task_group_decorator.py
[2023-05-19 17:58:51,488] {processor.py:651} INFO - DAG(s) dict_keys(['example_task_group_decorator']) retrieved from /Users/marianaoliveira/Downloads/alura1/venv/lib/python3.10/site-packages/airflow/example_dags/example_task_group_decorator.py
[2023-05-19 17:58:55,437] {logging_mixin.py:115} INFO - [2023-05-19 17:58:55,436] {dag.py:2379} INFO - Sync 1 DAGs
[2023-05-19 17:58:55,508] {logging_mixin.py:115} INFO - [2023-05-19 17:58:55,507] {dag.py:2927} INFO - Setting next_dagrun for example_task_group_decorator to 2023-05-18T20:58:55.507686+00:00, run_after=2023-05-19T20:58:55.507686+00:00
[2023-05-19 17:58:55,534] {processor.py:161} INFO - Processing /Users/marianaoliveira/Downloads/alura1/venv/lib/python3.10/site-packages/airflow/example_dags/example_task_group_decorator.py took 4.339 seconds
[2023-05-19 18:03:41,328] {processor.py:153} INFO - Started process (PID=8912) to work on /Users/marianaoliveira/Downloads/alura1/venv/lib/python3.10/site-packages/airflow/example_dags/example_task_group_decorator.py
[2023-05-19 18:03:41,328] {processor.py:641} INFO - Processing file /Users/marianaoliveira/Downloads/alura1/venv/lib/python3.10/site-packages/airflow/example_dags/example_task_group_decorator.py for tasks to queue
[2023-05-19 18:03:41,329] {logging_mixin.py:115} INFO - [2023-05-19 18:03:41,329] {dagbag.py:507} INFO - Filling up the DagBag from /Users/marianaoliveira/Downloads/alura1/venv/lib/python3.10/site-packages/airflow/example_dags/example_task_group_decorator.py
[2023-05-19 18:03:41,413] {processor.py:651} INFO - DAG(s) dict_keys(['example_task_group_decorator']) retrieved from /Users/marianaoliveira/Downloads/alura1/venv/lib/python3.10/site-packages/airflow/example_dags/example_task_group_decorator.py
[2023-05-19 18:03:43,262] {logging_mixin.py:115} INFO - [2023-05-19 18:03:43,262] {dag.py:2379} INFO - Sync 1 DAGs
[2023-05-19 18:03:43,293] {logging_mixin.py:115} INFO - [2023-05-19 18:03:43,293] {dag.py:2927} INFO - Setting next_dagrun for example_task_group_decorator to 2023-05-18T21:03:43.293212+00:00, run_after=2023-05-19T21:03:43.293212+00:00
[2023-05-19 18:03:43,321] {processor.py:161} INFO - Processing /Users/marianaoliveira/Downloads/alura1/venv/lib/python3.10/site-packages/airflow/example_dags/example_task_group_decorator.py took 1.995 seconds
[2023-05-19 18:14:26,062] {processor.py:153} INFO - Started process (PID=9177) to work on /Users/marianaoliveira/Downloads/alura1/venv/lib/python3.10/site-packages/airflow/example_dags/example_task_group_decorator.py
[2023-05-19 18:14:26,063] {processor.py:641} INFO - Processing file /Users/marianaoliveira/Downloads/alura1/venv/lib/python3.10/site-packages/airflow/example_dags/example_task_group_decorator.py for tasks to queue
[2023-05-19 18:14:26,064] {logging_mixin.py:115} INFO - [2023-05-19 18:14:26,064] {dagbag.py:507} INFO - Filling up the DagBag from /Users/marianaoliveira/Downloads/alura1/venv/lib/python3.10/site-packages/airflow/example_dags/example_task_group_decorator.py
[2023-05-19 18:14:26,184] {processor.py:651} INFO - DAG(s) dict_keys(['example_task_group_decorator']) retrieved from /Users/marianaoliveira/Downloads/alura1/venv/lib/python3.10/site-packages/airflow/example_dags/example_task_group_decorator.py
[2023-05-19 18:14:29,875] {logging_mixin.py:115} INFO - [2023-05-19 18:14:29,874] {dag.py:2379} INFO - Sync 1 DAGs
[2023-05-19 18:14:29,896] {logging_mixin.py:115} INFO - [2023-05-19 18:14:29,896] {dag.py:2927} INFO - Setting next_dagrun for example_task_group_decorator to 2023-05-18T21:14:29.895914+00:00, run_after=2023-05-19T21:14:29.895914+00:00
[2023-05-19 18:14:29,938] {processor.py:161} INFO - Processing /Users/marianaoliveira/Downloads/alura1/venv/lib/python3.10/site-packages/airflow/example_dags/example_task_group_decorator.py took 3.878 seconds
[2023-05-19 18:17:24,930] {processor.py:153} INFO - Started process (PID=9302) to work on /Users/marianaoliveira/Downloads/alura1/venv/lib/python3.10/site-packages/airflow/example_dags/example_task_group_decorator.py
[2023-05-19 18:17:24,932] {processor.py:641} INFO - Processing file /Users/marianaoliveira/Downloads/alura1/venv/lib/python3.10/site-packages/airflow/example_dags/example_task_group_decorator.py for tasks to queue
[2023-05-19 18:17:24,933] {logging_mixin.py:115} INFO - [2023-05-19 18:17:24,933] {dagbag.py:507} INFO - Filling up the DagBag from /Users/marianaoliveira/Downloads/alura1/venv/lib/python3.10/site-packages/airflow/example_dags/example_task_group_decorator.py
[2023-05-19 18:17:25,028] {processor.py:651} INFO - DAG(s) dict_keys(['example_task_group_decorator']) retrieved from /Users/marianaoliveira/Downloads/alura1/venv/lib/python3.10/site-packages/airflow/example_dags/example_task_group_decorator.py
[2023-05-19 18:17:27,441] {logging_mixin.py:115} INFO - [2023-05-19 18:17:27,441] {dag.py:2379} INFO - Sync 1 DAGs
[2023-05-19 18:17:27,516] {logging_mixin.py:115} INFO - [2023-05-19 18:17:27,516] {dag.py:2927} INFO - Setting next_dagrun for example_task_group_decorator to 2023-05-18T21:17:27.516269+00:00, run_after=2023-05-19T21:17:27.516269+00:00
[2023-05-19 18:17:27,550] {processor.py:161} INFO - Processing /Users/marianaoliveira/Downloads/alura1/venv/lib/python3.10/site-packages/airflow/example_dags/example_task_group_decorator.py took 2.622 seconds
[2023-05-19 18:27:22,306] {processor.py:153} INFO - Started process (PID=9950) to work on /Users/marianaoliveira/Downloads/alura1/venv/lib/python3.10/site-packages/airflow/example_dags/example_task_group_decorator.py
[2023-05-19 18:27:22,307] {processor.py:641} INFO - Processing file /Users/marianaoliveira/Downloads/alura1/venv/lib/python3.10/site-packages/airflow/example_dags/example_task_group_decorator.py for tasks to queue
[2023-05-19 18:27:22,308] {logging_mixin.py:115} INFO - [2023-05-19 18:27:22,308] {dagbag.py:507} INFO - Filling up the DagBag from /Users/marianaoliveira/Downloads/alura1/venv/lib/python3.10/site-packages/airflow/example_dags/example_task_group_decorator.py
[2023-05-19 18:27:22,446] {processor.py:651} INFO - DAG(s) dict_keys(['example_task_group_decorator']) retrieved from /Users/marianaoliveira/Downloads/alura1/venv/lib/python3.10/site-packages/airflow/example_dags/example_task_group_decorator.py
[2023-05-19 18:27:24,452] {logging_mixin.py:115} INFO - [2023-05-19 18:27:24,451] {dag.py:2379} INFO - Sync 1 DAGs
[2023-05-19 18:27:24,470] {logging_mixin.py:115} INFO - [2023-05-19 18:27:24,470] {dag.py:2927} INFO - Setting next_dagrun for example_task_group_decorator to 2023-05-18T21:27:24.469838+00:00, run_after=2023-05-19T21:27:24.469838+00:00
[2023-05-19 18:27:24,491] {processor.py:161} INFO - Processing /Users/marianaoliveira/Downloads/alura1/venv/lib/python3.10/site-packages/airflow/example_dags/example_task_group_decorator.py took 2.187 seconds
