[2023-05-19 15:12:59,976] {processor.py:153} INFO - Started process (PID=2852) to work on /Users/marianaoliveira/Downloads/alura1/venv/lib/python3.10/site-packages/airflow/example_dags/example_branch_operator_decorator.py
[2023-05-19 15:12:59,977] {processor.py:641} INFO - Processing file /Users/marianaoliveira/Downloads/alura1/venv/lib/python3.10/site-packages/airflow/example_dags/example_branch_operator_decorator.py for tasks to queue
[2023-05-19 15:12:59,977] {logging_mixin.py:115} INFO - [2023-05-19 15:12:59,977] {dagbag.py:507} INFO - Filling up the DagBag from /Users/marianaoliveira/Downloads/alura1/venv/lib/python3.10/site-packages/airflow/example_dags/example_branch_operator_decorator.py
[2023-05-19 15:13:00,034] {processor.py:651} INFO - DAG(s) dict_keys(['example_branch_python_operator_decorator']) retrieved from /Users/marianaoliveira/Downloads/alura1/venv/lib/python3.10/site-packages/airflow/example_dags/example_branch_operator_decorator.py
[2023-05-19 15:13:01,019] {logging_mixin.py:115} INFO - [2023-05-19 15:13:01,019] {manager.py:508} INFO - Created Permission View: can edit on DAG:example_branch_python_operator_decorator
[2023-05-19 15:13:01,029] {logging_mixin.py:115} INFO - [2023-05-19 15:13:01,029] {manager.py:508} INFO - Created Permission View: can delete on DAG:example_branch_python_operator_decorator
[2023-05-19 15:13:01,036] {logging_mixin.py:115} INFO - [2023-05-19 15:13:01,036] {manager.py:508} INFO - Created Permission View: can read on DAG:example_branch_python_operator_decorator
[2023-05-19 15:13:01,037] {logging_mixin.py:115} INFO - [2023-05-19 15:13:01,036] {dag.py:2379} INFO - Sync 1 DAGs
[2023-05-19 15:13:01,047] {logging_mixin.py:115} INFO - [2023-05-19 15:13:01,047] {dag.py:2398} INFO - Creating ORM DAG for example_branch_python_operator_decorator
[2023-05-19 15:13:01,060] {logging_mixin.py:115} INFO - [2023-05-19 15:13:01,060] {dag.py:2927} INFO - Setting next_dagrun for example_branch_python_operator_decorator to 2023-05-18T00:00:00+00:00, run_after=2023-05-19T00:00:00+00:00
[2023-05-19 15:13:01,082] {processor.py:161} INFO - Processing /Users/marianaoliveira/Downloads/alura1/venv/lib/python3.10/site-packages/airflow/example_dags/example_branch_operator_decorator.py took 1.107 seconds
[2023-05-19 15:14:56,373] {processor.py:153} INFO - Started process (PID=2919) to work on /Users/marianaoliveira/Downloads/alura1/venv/lib/python3.10/site-packages/airflow/example_dags/example_branch_operator_decorator.py
[2023-05-19 15:14:56,374] {processor.py:641} INFO - Processing file /Users/marianaoliveira/Downloads/alura1/venv/lib/python3.10/site-packages/airflow/example_dags/example_branch_operator_decorator.py for tasks to queue
[2023-05-19 15:14:56,374] {logging_mixin.py:115} INFO - [2023-05-19 15:14:56,374] {dagbag.py:507} INFO - Filling up the DagBag from /Users/marianaoliveira/Downloads/alura1/venv/lib/python3.10/site-packages/airflow/example_dags/example_branch_operator_decorator.py
[2023-05-19 15:14:56,427] {processor.py:651} INFO - DAG(s) dict_keys(['example_branch_python_operator_decorator']) retrieved from /Users/marianaoliveira/Downloads/alura1/venv/lib/python3.10/site-packages/airflow/example_dags/example_branch_operator_decorator.py
[2023-05-19 15:14:56,525] {logging_mixin.py:115} INFO - [2023-05-19 15:14:56,525] {dag.py:2379} INFO - Sync 1 DAGs
[2023-05-19 15:14:56,547] {logging_mixin.py:115} INFO - [2023-05-19 15:14:56,547] {dag.py:2927} INFO - Setting next_dagrun for example_branch_python_operator_decorator to 2023-05-18T00:00:00+00:00, run_after=2023-05-19T00:00:00+00:00
[2023-05-19 15:14:56,568] {processor.py:161} INFO - Processing /Users/marianaoliveira/Downloads/alura1/venv/lib/python3.10/site-packages/airflow/example_dags/example_branch_operator_decorator.py took 0.196 seconds
[2023-05-19 15:17:31,367] {processor.py:153} INFO - Started process (PID=3027) to work on /Users/marianaoliveira/Downloads/alura1/venv/lib/python3.10/site-packages/airflow/example_dags/example_branch_operator_decorator.py
[2023-05-19 15:17:31,369] {processor.py:641} INFO - Processing file /Users/marianaoliveira/Downloads/alura1/venv/lib/python3.10/site-packages/airflow/example_dags/example_branch_operator_decorator.py for tasks to queue
[2023-05-19 15:17:31,369] {logging_mixin.py:115} INFO - [2023-05-19 15:17:31,369] {dagbag.py:507} INFO - Filling up the DagBag from /Users/marianaoliveira/Downloads/alura1/venv/lib/python3.10/site-packages/airflow/example_dags/example_branch_operator_decorator.py
[2023-05-19 15:17:31,419] {processor.py:651} INFO - DAG(s) dict_keys(['example_branch_python_operator_decorator']) retrieved from /Users/marianaoliveira/Downloads/alura1/venv/lib/python3.10/site-packages/airflow/example_dags/example_branch_operator_decorator.py
[2023-05-19 15:17:31,516] {logging_mixin.py:115} INFO - [2023-05-19 15:17:31,516] {dag.py:2379} INFO - Sync 1 DAGs
[2023-05-19 15:17:31,540] {logging_mixin.py:115} INFO - [2023-05-19 15:17:31,540] {dag.py:2927} INFO - Setting next_dagrun for example_branch_python_operator_decorator to 2023-05-18T00:00:00+00:00, run_after=2023-05-19T00:00:00+00:00
[2023-05-19 15:17:31,554] {processor.py:161} INFO - Processing /Users/marianaoliveira/Downloads/alura1/venv/lib/python3.10/site-packages/airflow/example_dags/example_branch_operator_decorator.py took 0.189 seconds
[2023-05-19 15:19:49,524] {processor.py:153} INFO - Started process (PID=3112) to work on /Users/marianaoliveira/Downloads/alura1/venv/lib/python3.10/site-packages/airflow/example_dags/example_branch_operator_decorator.py
[2023-05-19 15:19:49,526] {processor.py:641} INFO - Processing file /Users/marianaoliveira/Downloads/alura1/venv/lib/python3.10/site-packages/airflow/example_dags/example_branch_operator_decorator.py for tasks to queue
[2023-05-19 15:19:49,526] {logging_mixin.py:115} INFO - [2023-05-19 15:19:49,526] {dagbag.py:507} INFO - Filling up the DagBag from /Users/marianaoliveira/Downloads/alura1/venv/lib/python3.10/site-packages/airflow/example_dags/example_branch_operator_decorator.py
[2023-05-19 15:19:49,574] {processor.py:651} INFO - DAG(s) dict_keys(['example_branch_python_operator_decorator']) retrieved from /Users/marianaoliveira/Downloads/alura1/venv/lib/python3.10/site-packages/airflow/example_dags/example_branch_operator_decorator.py
[2023-05-19 15:19:49,680] {logging_mixin.py:115} INFO - [2023-05-19 15:19:49,680] {dag.py:2379} INFO - Sync 1 DAGs
[2023-05-19 15:19:49,707] {logging_mixin.py:115} INFO - [2023-05-19 15:19:49,707] {dag.py:2927} INFO - Setting next_dagrun for example_branch_python_operator_decorator to 2023-05-18T00:00:00+00:00, run_after=2023-05-19T00:00:00+00:00
[2023-05-19 15:19:49,725] {processor.py:161} INFO - Processing /Users/marianaoliveira/Downloads/alura1/venv/lib/python3.10/site-packages/airflow/example_dags/example_branch_operator_decorator.py took 0.201 seconds
[2023-05-19 15:21:34,910] {processor.py:153} INFO - Started process (PID=3165) to work on /Users/marianaoliveira/Downloads/alura1/venv/lib/python3.10/site-packages/airflow/example_dags/example_branch_operator_decorator.py
[2023-05-19 15:21:34,911] {processor.py:641} INFO - Processing file /Users/marianaoliveira/Downloads/alura1/venv/lib/python3.10/site-packages/airflow/example_dags/example_branch_operator_decorator.py for tasks to queue
[2023-05-19 15:21:34,911] {logging_mixin.py:115} INFO - [2023-05-19 15:21:34,911] {dagbag.py:507} INFO - Filling up the DagBag from /Users/marianaoliveira/Downloads/alura1/venv/lib/python3.10/site-packages/airflow/example_dags/example_branch_operator_decorator.py
[2023-05-19 15:21:34,952] {processor.py:651} INFO - DAG(s) dict_keys(['example_branch_python_operator_decorator']) retrieved from /Users/marianaoliveira/Downloads/alura1/venv/lib/python3.10/site-packages/airflow/example_dags/example_branch_operator_decorator.py
[2023-05-19 15:21:35,026] {logging_mixin.py:115} INFO - [2023-05-19 15:21:35,026] {dag.py:2379} INFO - Sync 1 DAGs
[2023-05-19 15:21:35,044] {logging_mixin.py:115} INFO - [2023-05-19 15:21:35,044] {dag.py:2927} INFO - Setting next_dagrun for example_branch_python_operator_decorator to 2023-05-18T00:00:00+00:00, run_after=2023-05-19T00:00:00+00:00
[2023-05-19 15:21:35,055] {processor.py:161} INFO - Processing /Users/marianaoliveira/Downloads/alura1/venv/lib/python3.10/site-packages/airflow/example_dags/example_branch_operator_decorator.py took 0.147 seconds
[2023-05-19 15:23:11,284] {processor.py:153} INFO - Started process (PID=3214) to work on /Users/marianaoliveira/Downloads/alura1/venv/lib/python3.10/site-packages/airflow/example_dags/example_branch_operator_decorator.py
[2023-05-19 15:23:11,285] {processor.py:641} INFO - Processing file /Users/marianaoliveira/Downloads/alura1/venv/lib/python3.10/site-packages/airflow/example_dags/example_branch_operator_decorator.py for tasks to queue
[2023-05-19 15:23:11,285] {logging_mixin.py:115} INFO - [2023-05-19 15:23:11,285] {dagbag.py:507} INFO - Filling up the DagBag from /Users/marianaoliveira/Downloads/alura1/venv/lib/python3.10/site-packages/airflow/example_dags/example_branch_operator_decorator.py
[2023-05-19 15:23:11,338] {processor.py:651} INFO - DAG(s) dict_keys(['example_branch_python_operator_decorator']) retrieved from /Users/marianaoliveira/Downloads/alura1/venv/lib/python3.10/site-packages/airflow/example_dags/example_branch_operator_decorator.py
[2023-05-19 15:23:11,423] {logging_mixin.py:115} INFO - [2023-05-19 15:23:11,423] {dag.py:2379} INFO - Sync 1 DAGs
[2023-05-19 15:23:11,448] {logging_mixin.py:115} INFO - [2023-05-19 15:23:11,448] {dag.py:2927} INFO - Setting next_dagrun for example_branch_python_operator_decorator to 2023-05-18T00:00:00+00:00, run_after=2023-05-19T00:00:00+00:00
[2023-05-19 15:23:11,463] {processor.py:161} INFO - Processing /Users/marianaoliveira/Downloads/alura1/venv/lib/python3.10/site-packages/airflow/example_dags/example_branch_operator_decorator.py took 0.180 seconds
[2023-05-19 15:25:09,604] {processor.py:153} INFO - Started process (PID=3275) to work on /Users/marianaoliveira/Downloads/alura1/venv/lib/python3.10/site-packages/airflow/example_dags/example_branch_operator_decorator.py
[2023-05-19 15:25:09,606] {processor.py:641} INFO - Processing file /Users/marianaoliveira/Downloads/alura1/venv/lib/python3.10/site-packages/airflow/example_dags/example_branch_operator_decorator.py for tasks to queue
[2023-05-19 15:25:09,610] {logging_mixin.py:115} INFO - [2023-05-19 15:25:09,610] {dagbag.py:507} INFO - Filling up the DagBag from /Users/marianaoliveira/Downloads/alura1/venv/lib/python3.10/site-packages/airflow/example_dags/example_branch_operator_decorator.py
[2023-05-19 15:25:09,865] {processor.py:651} INFO - DAG(s) dict_keys(['example_branch_python_operator_decorator']) retrieved from /Users/marianaoliveira/Downloads/alura1/venv/lib/python3.10/site-packages/airflow/example_dags/example_branch_operator_decorator.py
[2023-05-19 15:25:10,153] {logging_mixin.py:115} INFO - [2023-05-19 15:25:10,152] {dag.py:2379} INFO - Sync 1 DAGs
[2023-05-19 15:25:10,281] {logging_mixin.py:115} INFO - [2023-05-19 15:25:10,281] {dag.py:2927} INFO - Setting next_dagrun for example_branch_python_operator_decorator to 2023-05-18T00:00:00+00:00, run_after=2023-05-19T00:00:00+00:00
[2023-05-19 15:25:10,344] {processor.py:161} INFO - Processing /Users/marianaoliveira/Downloads/alura1/venv/lib/python3.10/site-packages/airflow/example_dags/example_branch_operator_decorator.py took 0.741 seconds
[2023-05-19 15:27:51,121] {processor.py:153} INFO - Started process (PID=3392) to work on /Users/marianaoliveira/Downloads/alura1/venv/lib/python3.10/site-packages/airflow/example_dags/example_branch_operator_decorator.py
[2023-05-19 15:27:51,121] {processor.py:641} INFO - Processing file /Users/marianaoliveira/Downloads/alura1/venv/lib/python3.10/site-packages/airflow/example_dags/example_branch_operator_decorator.py for tasks to queue
[2023-05-19 15:27:51,121] {logging_mixin.py:115} INFO - [2023-05-19 15:27:51,121] {dagbag.py:507} INFO - Filling up the DagBag from /Users/marianaoliveira/Downloads/alura1/venv/lib/python3.10/site-packages/airflow/example_dags/example_branch_operator_decorator.py
[2023-05-19 15:27:51,166] {processor.py:651} INFO - DAG(s) dict_keys(['example_branch_python_operator_decorator']) retrieved from /Users/marianaoliveira/Downloads/alura1/venv/lib/python3.10/site-packages/airflow/example_dags/example_branch_operator_decorator.py
[2023-05-19 15:27:51,241] {logging_mixin.py:115} INFO - [2023-05-19 15:27:51,240] {dag.py:2379} INFO - Sync 1 DAGs
[2023-05-19 15:27:51,260] {logging_mixin.py:115} INFO - [2023-05-19 15:27:51,259] {dag.py:2927} INFO - Setting next_dagrun for example_branch_python_operator_decorator to 2023-05-18T00:00:00+00:00, run_after=2023-05-19T00:00:00+00:00
[2023-05-19 15:27:51,272] {processor.py:161} INFO - Processing /Users/marianaoliveira/Downloads/alura1/venv/lib/python3.10/site-packages/airflow/example_dags/example_branch_operator_decorator.py took 0.153 seconds
[2023-05-19 15:30:04,953] {processor.py:153} INFO - Started process (PID=3474) to work on /Users/marianaoliveira/Downloads/alura1/venv/lib/python3.10/site-packages/airflow/example_dags/example_branch_operator_decorator.py
[2023-05-19 15:30:04,953] {processor.py:641} INFO - Processing file /Users/marianaoliveira/Downloads/alura1/venv/lib/python3.10/site-packages/airflow/example_dags/example_branch_operator_decorator.py for tasks to queue
[2023-05-19 15:30:04,953] {logging_mixin.py:115} INFO - [2023-05-19 15:30:04,953] {dagbag.py:507} INFO - Filling up the DagBag from /Users/marianaoliveira/Downloads/alura1/venv/lib/python3.10/site-packages/airflow/example_dags/example_branch_operator_decorator.py
[2023-05-19 15:30:05,024] {processor.py:651} INFO - DAG(s) dict_keys(['example_branch_python_operator_decorator']) retrieved from /Users/marianaoliveira/Downloads/alura1/venv/lib/python3.10/site-packages/airflow/example_dags/example_branch_operator_decorator.py
[2023-05-19 15:30:05,127] {logging_mixin.py:115} INFO - [2023-05-19 15:30:05,126] {dag.py:2379} INFO - Sync 1 DAGs
[2023-05-19 15:30:05,152] {logging_mixin.py:115} INFO - [2023-05-19 15:30:05,152] {dag.py:2927} INFO - Setting next_dagrun for example_branch_python_operator_decorator to 2023-05-18T00:00:00+00:00, run_after=2023-05-19T00:00:00+00:00
[2023-05-19 15:30:05,167] {processor.py:161} INFO - Processing /Users/marianaoliveira/Downloads/alura1/venv/lib/python3.10/site-packages/airflow/example_dags/example_branch_operator_decorator.py took 0.216 seconds
[2023-05-19 16:30:11,893] {processor.py:153} INFO - Started process (PID=6093) to work on /Users/marianaoliveira/Downloads/alura1/venv/lib/python3.10/site-packages/airflow/example_dags/example_branch_operator_decorator.py
[2023-05-19 16:30:11,894] {processor.py:641} INFO - Processing file /Users/marianaoliveira/Downloads/alura1/venv/lib/python3.10/site-packages/airflow/example_dags/example_branch_operator_decorator.py for tasks to queue
[2023-05-19 16:30:11,895] {logging_mixin.py:115} INFO - [2023-05-19 16:30:11,895] {dagbag.py:507} INFO - Filling up the DagBag from /Users/marianaoliveira/Downloads/alura1/venv/lib/python3.10/site-packages/airflow/example_dags/example_branch_operator_decorator.py
[2023-05-19 16:30:11,969] {processor.py:651} INFO - DAG(s) dict_keys(['example_branch_python_operator_decorator']) retrieved from /Users/marianaoliveira/Downloads/alura1/venv/lib/python3.10/site-packages/airflow/example_dags/example_branch_operator_decorator.py
[2023-05-19 16:30:12,095] {logging_mixin.py:115} INFO - [2023-05-19 16:30:12,095] {dag.py:2379} INFO - Sync 1 DAGs
[2023-05-19 16:30:12,120] {logging_mixin.py:115} INFO - [2023-05-19 16:30:12,120] {dag.py:2927} INFO - Setting next_dagrun for example_branch_python_operator_decorator to 2023-05-18T00:00:00+00:00, run_after=2023-05-19T00:00:00+00:00
[2023-05-19 16:30:12,136] {processor.py:161} INFO - Processing /Users/marianaoliveira/Downloads/alura1/venv/lib/python3.10/site-packages/airflow/example_dags/example_branch_operator_decorator.py took 0.246 seconds
[2023-05-19 16:35:04,466] {processor.py:153} INFO - Started process (PID=6265) to work on /Users/marianaoliveira/Downloads/alura1/venv/lib/python3.10/site-packages/airflow/example_dags/example_branch_operator_decorator.py
[2023-05-19 16:35:04,475] {processor.py:641} INFO - Processing file /Users/marianaoliveira/Downloads/alura1/venv/lib/python3.10/site-packages/airflow/example_dags/example_branch_operator_decorator.py for tasks to queue
[2023-05-19 16:35:04,477] {logging_mixin.py:115} INFO - [2023-05-19 16:35:04,477] {dagbag.py:507} INFO - Filling up the DagBag from /Users/marianaoliveira/Downloads/alura1/venv/lib/python3.10/site-packages/airflow/example_dags/example_branch_operator_decorator.py
[2023-05-19 16:35:04,660] {processor.py:651} INFO - DAG(s) dict_keys(['example_branch_python_operator_decorator']) retrieved from /Users/marianaoliveira/Downloads/alura1/venv/lib/python3.10/site-packages/airflow/example_dags/example_branch_operator_decorator.py
[2023-05-19 16:35:05,365] {logging_mixin.py:115} INFO - [2023-05-19 16:35:05,365] {dag.py:2379} INFO - Sync 1 DAGs
[2023-05-19 16:35:05,466] {logging_mixin.py:115} INFO - [2023-05-19 16:35:05,466] {dag.py:2927} INFO - Setting next_dagrun for example_branch_python_operator_decorator to 2023-05-18T00:00:00+00:00, run_after=2023-05-19T00:00:00+00:00
[2023-05-19 16:35:05,527] {processor.py:161} INFO - Processing /Users/marianaoliveira/Downloads/alura1/venv/lib/python3.10/site-packages/airflow/example_dags/example_branch_operator_decorator.py took 1.062 seconds
[2023-05-19 16:37:07,005] {processor.py:153} INFO - Started process (PID=6318) to work on /Users/marianaoliveira/Downloads/alura1/venv/lib/python3.10/site-packages/airflow/example_dags/example_branch_operator_decorator.py
[2023-05-19 16:37:07,007] {processor.py:641} INFO - Processing file /Users/marianaoliveira/Downloads/alura1/venv/lib/python3.10/site-packages/airflow/example_dags/example_branch_operator_decorator.py for tasks to queue
[2023-05-19 16:37:07,007] {logging_mixin.py:115} INFO - [2023-05-19 16:37:07,007] {dagbag.py:507} INFO - Filling up the DagBag from /Users/marianaoliveira/Downloads/alura1/venv/lib/python3.10/site-packages/airflow/example_dags/example_branch_operator_decorator.py
[2023-05-19 16:37:07,078] {processor.py:651} INFO - DAG(s) dict_keys(['example_branch_python_operator_decorator']) retrieved from /Users/marianaoliveira/Downloads/alura1/venv/lib/python3.10/site-packages/airflow/example_dags/example_branch_operator_decorator.py
[2023-05-19 16:37:07,198] {logging_mixin.py:115} INFO - [2023-05-19 16:37:07,198] {dag.py:2379} INFO - Sync 1 DAGs
[2023-05-19 16:37:07,221] {logging_mixin.py:115} INFO - [2023-05-19 16:37:07,221] {dag.py:2927} INFO - Setting next_dagrun for example_branch_python_operator_decorator to 2023-05-18T00:00:00+00:00, run_after=2023-05-19T00:00:00+00:00
[2023-05-19 16:37:07,236] {processor.py:161} INFO - Processing /Users/marianaoliveira/Downloads/alura1/venv/lib/python3.10/site-packages/airflow/example_dags/example_branch_operator_decorator.py took 0.232 seconds
[2023-05-19 16:52:36,187] {processor.py:153} INFO - Started process (PID=6788) to work on /Users/marianaoliveira/Downloads/alura1/venv/lib/python3.10/site-packages/airflow/example_dags/example_branch_operator_decorator.py
[2023-05-19 16:52:36,188] {processor.py:641} INFO - Processing file /Users/marianaoliveira/Downloads/alura1/venv/lib/python3.10/site-packages/airflow/example_dags/example_branch_operator_decorator.py for tasks to queue
[2023-05-19 16:52:36,189] {logging_mixin.py:115} INFO - [2023-05-19 16:52:36,189] {dagbag.py:507} INFO - Filling up the DagBag from /Users/marianaoliveira/Downloads/alura1/venv/lib/python3.10/site-packages/airflow/example_dags/example_branch_operator_decorator.py
[2023-05-19 16:52:36,361] {processor.py:651} INFO - DAG(s) dict_keys(['example_branch_python_operator_decorator']) retrieved from /Users/marianaoliveira/Downloads/alura1/venv/lib/python3.10/site-packages/airflow/example_dags/example_branch_operator_decorator.py
[2023-05-19 16:52:36,519] {logging_mixin.py:115} INFO - [2023-05-19 16:52:36,518] {dag.py:2379} INFO - Sync 1 DAGs
[2023-05-19 16:52:36,544] {logging_mixin.py:115} INFO - [2023-05-19 16:52:36,544] {dag.py:2927} INFO - Setting next_dagrun for example_branch_python_operator_decorator to 2023-05-18T00:00:00+00:00, run_after=2023-05-19T00:00:00+00:00
[2023-05-19 16:52:36,562] {processor.py:161} INFO - Processing /Users/marianaoliveira/Downloads/alura1/venv/lib/python3.10/site-packages/airflow/example_dags/example_branch_operator_decorator.py took 0.377 seconds
[2023-05-19 16:57:07,388] {processor.py:153} INFO - Started process (PID=7028) to work on /Users/marianaoliveira/Downloads/alura1/venv/lib/python3.10/site-packages/airflow/example_dags/example_branch_operator_decorator.py
[2023-05-19 16:57:07,389] {processor.py:641} INFO - Processing file /Users/marianaoliveira/Downloads/alura1/venv/lib/python3.10/site-packages/airflow/example_dags/example_branch_operator_decorator.py for tasks to queue
[2023-05-19 16:57:07,394] {logging_mixin.py:115} INFO - [2023-05-19 16:57:07,394] {dagbag.py:507} INFO - Filling up the DagBag from /Users/marianaoliveira/Downloads/alura1/venv/lib/python3.10/site-packages/airflow/example_dags/example_branch_operator_decorator.py
[2023-05-19 16:57:07,458] {processor.py:651} INFO - DAG(s) dict_keys(['example_branch_python_operator_decorator']) retrieved from /Users/marianaoliveira/Downloads/alura1/venv/lib/python3.10/site-packages/airflow/example_dags/example_branch_operator_decorator.py
[2023-05-19 16:57:07,566] {logging_mixin.py:115} INFO - [2023-05-19 16:57:07,566] {dag.py:2379} INFO - Sync 1 DAGs
[2023-05-19 16:57:07,592] {logging_mixin.py:115} INFO - [2023-05-19 16:57:07,592] {dag.py:2927} INFO - Setting next_dagrun for example_branch_python_operator_decorator to 2023-05-18T00:00:00+00:00, run_after=2023-05-19T00:00:00+00:00
[2023-05-19 16:57:07,607] {processor.py:161} INFO - Processing /Users/marianaoliveira/Downloads/alura1/venv/lib/python3.10/site-packages/airflow/example_dags/example_branch_operator_decorator.py took 0.221 seconds
[2023-05-19 17:00:14,195] {processor.py:153} INFO - Started process (PID=7114) to work on /Users/marianaoliveira/Downloads/alura1/venv/lib/python3.10/site-packages/airflow/example_dags/example_branch_operator_decorator.py
[2023-05-19 17:00:14,196] {processor.py:641} INFO - Processing file /Users/marianaoliveira/Downloads/alura1/venv/lib/python3.10/site-packages/airflow/example_dags/example_branch_operator_decorator.py for tasks to queue
[2023-05-19 17:00:14,197] {logging_mixin.py:115} INFO - [2023-05-19 17:00:14,197] {dagbag.py:507} INFO - Filling up the DagBag from /Users/marianaoliveira/Downloads/alura1/venv/lib/python3.10/site-packages/airflow/example_dags/example_branch_operator_decorator.py
[2023-05-19 17:00:14,284] {processor.py:651} INFO - DAG(s) dict_keys(['example_branch_python_operator_decorator']) retrieved from /Users/marianaoliveira/Downloads/alura1/venv/lib/python3.10/site-packages/airflow/example_dags/example_branch_operator_decorator.py
[2023-05-19 17:00:14,465] {logging_mixin.py:115} INFO - [2023-05-19 17:00:14,465] {dag.py:2379} INFO - Sync 1 DAGs
[2023-05-19 17:00:14,498] {logging_mixin.py:115} INFO - [2023-05-19 17:00:14,498] {dag.py:2927} INFO - Setting next_dagrun for example_branch_python_operator_decorator to 2023-05-18T00:00:00+00:00, run_after=2023-05-19T00:00:00+00:00
[2023-05-19 17:00:14,514] {processor.py:161} INFO - Processing /Users/marianaoliveira/Downloads/alura1/venv/lib/python3.10/site-packages/airflow/example_dags/example_branch_operator_decorator.py took 0.320 seconds
[2023-05-19 17:04:06,207] {processor.py:153} INFO - Started process (PID=7288) to work on /Users/marianaoliveira/Downloads/alura1/venv/lib/python3.10/site-packages/airflow/example_dags/example_branch_operator_decorator.py
[2023-05-19 17:04:06,211] {processor.py:641} INFO - Processing file /Users/marianaoliveira/Downloads/alura1/venv/lib/python3.10/site-packages/airflow/example_dags/example_branch_operator_decorator.py for tasks to queue
[2023-05-19 17:04:06,212] {logging_mixin.py:115} INFO - [2023-05-19 17:04:06,212] {dagbag.py:507} INFO - Filling up the DagBag from /Users/marianaoliveira/Downloads/alura1/venv/lib/python3.10/site-packages/airflow/example_dags/example_branch_operator_decorator.py
[2023-05-19 17:04:06,423] {processor.py:651} INFO - DAG(s) dict_keys(['example_branch_python_operator_decorator']) retrieved from /Users/marianaoliveira/Downloads/alura1/venv/lib/python3.10/site-packages/airflow/example_dags/example_branch_operator_decorator.py
[2023-05-19 17:04:06,784] {logging_mixin.py:115} INFO - [2023-05-19 17:04:06,783] {dag.py:2379} INFO - Sync 1 DAGs
[2023-05-19 17:04:06,991] {logging_mixin.py:115} INFO - [2023-05-19 17:04:06,991] {dag.py:2927} INFO - Setting next_dagrun for example_branch_python_operator_decorator to 2023-05-18T00:00:00+00:00, run_after=2023-05-19T00:00:00+00:00
[2023-05-19 17:04:07,103] {processor.py:161} INFO - Processing /Users/marianaoliveira/Downloads/alura1/venv/lib/python3.10/site-packages/airflow/example_dags/example_branch_operator_decorator.py took 0.895 seconds
[2023-05-19 17:31:21,381] {processor.py:153} INFO - Started process (PID=7769) to work on /Users/marianaoliveira/Downloads/alura1/venv/lib/python3.10/site-packages/airflow/example_dags/example_branch_operator_decorator.py
[2023-05-19 17:31:21,382] {processor.py:641} INFO - Processing file /Users/marianaoliveira/Downloads/alura1/venv/lib/python3.10/site-packages/airflow/example_dags/example_branch_operator_decorator.py for tasks to queue
[2023-05-19 17:31:21,383] {logging_mixin.py:115} INFO - [2023-05-19 17:31:21,383] {dagbag.py:507} INFO - Filling up the DagBag from /Users/marianaoliveira/Downloads/alura1/venv/lib/python3.10/site-packages/airflow/example_dags/example_branch_operator_decorator.py
[2023-05-19 17:31:21,517] {processor.py:651} INFO - DAG(s) dict_keys(['example_branch_python_operator_decorator']) retrieved from /Users/marianaoliveira/Downloads/alura1/venv/lib/python3.10/site-packages/airflow/example_dags/example_branch_operator_decorator.py
[2023-05-19 17:31:21,671] {logging_mixin.py:115} INFO - [2023-05-19 17:31:21,670] {dag.py:2379} INFO - Sync 1 DAGs
[2023-05-19 17:31:21,911] {logging_mixin.py:115} INFO - [2023-05-19 17:31:21,911] {dag.py:2927} INFO - Setting next_dagrun for example_branch_python_operator_decorator to 2023-05-18T00:00:00+00:00, run_after=2023-05-19T00:00:00+00:00
[2023-05-19 17:31:21,928] {processor.py:161} INFO - Processing /Users/marianaoliveira/Downloads/alura1/venv/lib/python3.10/site-packages/airflow/example_dags/example_branch_operator_decorator.py took 0.549 seconds
[2023-05-19 17:36:36,621] {processor.py:153} INFO - Started process (PID=7885) to work on /Users/marianaoliveira/Downloads/alura1/venv/lib/python3.10/site-packages/airflow/example_dags/example_branch_operator_decorator.py
[2023-05-19 17:36:36,623] {processor.py:641} INFO - Processing file /Users/marianaoliveira/Downloads/alura1/venv/lib/python3.10/site-packages/airflow/example_dags/example_branch_operator_decorator.py for tasks to queue
[2023-05-19 17:36:36,623] {logging_mixin.py:115} INFO - [2023-05-19 17:36:36,623] {dagbag.py:507} INFO - Filling up the DagBag from /Users/marianaoliveira/Downloads/alura1/venv/lib/python3.10/site-packages/airflow/example_dags/example_branch_operator_decorator.py
[2023-05-19 17:36:36,718] {processor.py:651} INFO - DAG(s) dict_keys(['example_branch_python_operator_decorator']) retrieved from /Users/marianaoliveira/Downloads/alura1/venv/lib/python3.10/site-packages/airflow/example_dags/example_branch_operator_decorator.py
[2023-05-19 17:36:36,838] {logging_mixin.py:115} INFO - [2023-05-19 17:36:36,837] {dag.py:2379} INFO - Sync 1 DAGs
[2023-05-19 17:36:36,873] {logging_mixin.py:115} INFO - [2023-05-19 17:36:36,873] {dag.py:2927} INFO - Setting next_dagrun for example_branch_python_operator_decorator to 2023-05-18T00:00:00+00:00, run_after=2023-05-19T00:00:00+00:00
[2023-05-19 17:36:36,895] {processor.py:161} INFO - Processing /Users/marianaoliveira/Downloads/alura1/venv/lib/python3.10/site-packages/airflow/example_dags/example_branch_operator_decorator.py took 0.278 seconds
[2023-05-19 17:45:59,221] {processor.py:153} INFO - Started process (PID=8125) to work on /Users/marianaoliveira/Downloads/alura1/venv/lib/python3.10/site-packages/airflow/example_dags/example_branch_operator_decorator.py
[2023-05-19 17:45:59,222] {processor.py:641} INFO - Processing file /Users/marianaoliveira/Downloads/alura1/venv/lib/python3.10/site-packages/airflow/example_dags/example_branch_operator_decorator.py for tasks to queue
[2023-05-19 17:45:59,223] {logging_mixin.py:115} INFO - [2023-05-19 17:45:59,223] {dagbag.py:507} INFO - Filling up the DagBag from /Users/marianaoliveira/Downloads/alura1/venv/lib/python3.10/site-packages/airflow/example_dags/example_branch_operator_decorator.py
[2023-05-19 17:45:59,287] {processor.py:651} INFO - DAG(s) dict_keys(['example_branch_python_operator_decorator']) retrieved from /Users/marianaoliveira/Downloads/alura1/venv/lib/python3.10/site-packages/airflow/example_dags/example_branch_operator_decorator.py
[2023-05-19 17:45:59,432] {logging_mixin.py:115} INFO - [2023-05-19 17:45:59,432] {dag.py:2379} INFO - Sync 1 DAGs
[2023-05-19 17:45:59,455] {logging_mixin.py:115} INFO - [2023-05-19 17:45:59,455] {dag.py:2927} INFO - Setting next_dagrun for example_branch_python_operator_decorator to 2023-05-18T00:00:00+00:00, run_after=2023-05-19T00:00:00+00:00
[2023-05-19 17:45:59,473] {processor.py:161} INFO - Processing /Users/marianaoliveira/Downloads/alura1/venv/lib/python3.10/site-packages/airflow/example_dags/example_branch_operator_decorator.py took 0.254 seconds
[2023-05-19 17:49:18,553] {processor.py:153} INFO - Started process (PID=8209) to work on /Users/marianaoliveira/Downloads/alura1/venv/lib/python3.10/site-packages/airflow/example_dags/example_branch_operator_decorator.py
[2023-05-19 17:49:18,554] {processor.py:641} INFO - Processing file /Users/marianaoliveira/Downloads/alura1/venv/lib/python3.10/site-packages/airflow/example_dags/example_branch_operator_decorator.py for tasks to queue
[2023-05-19 17:49:18,555] {logging_mixin.py:115} INFO - [2023-05-19 17:49:18,554] {dagbag.py:507} INFO - Filling up the DagBag from /Users/marianaoliveira/Downloads/alura1/venv/lib/python3.10/site-packages/airflow/example_dags/example_branch_operator_decorator.py
[2023-05-19 17:49:18,622] {processor.py:651} INFO - DAG(s) dict_keys(['example_branch_python_operator_decorator']) retrieved from /Users/marianaoliveira/Downloads/alura1/venv/lib/python3.10/site-packages/airflow/example_dags/example_branch_operator_decorator.py
[2023-05-19 17:49:18,726] {logging_mixin.py:115} INFO - [2023-05-19 17:49:18,726] {dag.py:2379} INFO - Sync 1 DAGs
[2023-05-19 17:49:18,749] {logging_mixin.py:115} INFO - [2023-05-19 17:49:18,749] {dag.py:2927} INFO - Setting next_dagrun for example_branch_python_operator_decorator to 2023-05-18T00:00:00+00:00, run_after=2023-05-19T00:00:00+00:00
[2023-05-19 17:49:18,768] {processor.py:161} INFO - Processing /Users/marianaoliveira/Downloads/alura1/venv/lib/python3.10/site-packages/airflow/example_dags/example_branch_operator_decorator.py took 0.217 seconds
[2023-05-19 17:52:35,964] {processor.py:153} INFO - Started process (PID=8327) to work on /Users/marianaoliveira/Downloads/alura1/venv/lib/python3.10/site-packages/airflow/example_dags/example_branch_operator_decorator.py
[2023-05-19 17:52:35,969] {processor.py:641} INFO - Processing file /Users/marianaoliveira/Downloads/alura1/venv/lib/python3.10/site-packages/airflow/example_dags/example_branch_operator_decorator.py for tasks to queue
[2023-05-19 17:52:35,973] {logging_mixin.py:115} INFO - [2023-05-19 17:52:35,973] {dagbag.py:507} INFO - Filling up the DagBag from /Users/marianaoliveira/Downloads/alura1/venv/lib/python3.10/site-packages/airflow/example_dags/example_branch_operator_decorator.py
[2023-05-19 17:52:36,128] {processor.py:651} INFO - DAG(s) dict_keys(['example_branch_python_operator_decorator']) retrieved from /Users/marianaoliveira/Downloads/alura1/venv/lib/python3.10/site-packages/airflow/example_dags/example_branch_operator_decorator.py
[2023-05-19 17:52:36,401] {logging_mixin.py:115} INFO - [2023-05-19 17:52:36,400] {dag.py:2379} INFO - Sync 1 DAGs
[2023-05-19 17:52:36,487] {logging_mixin.py:115} INFO - [2023-05-19 17:52:36,486] {dag.py:2927} INFO - Setting next_dagrun for example_branch_python_operator_decorator to 2023-05-18T00:00:00+00:00, run_after=2023-05-19T00:00:00+00:00
[2023-05-19 17:52:36,513] {processor.py:161} INFO - Processing /Users/marianaoliveira/Downloads/alura1/venv/lib/python3.10/site-packages/airflow/example_dags/example_branch_operator_decorator.py took 0.550 seconds
[2023-05-19 17:56:10,441] {processor.py:153} INFO - Started process (PID=8532) to work on /Users/marianaoliveira/Downloads/alura1/venv/lib/python3.10/site-packages/airflow/example_dags/example_branch_operator_decorator.py
[2023-05-19 17:56:10,443] {processor.py:641} INFO - Processing file /Users/marianaoliveira/Downloads/alura1/venv/lib/python3.10/site-packages/airflow/example_dags/example_branch_operator_decorator.py for tasks to queue
[2023-05-19 17:56:10,443] {logging_mixin.py:115} INFO - [2023-05-19 17:56:10,443] {dagbag.py:507} INFO - Filling up the DagBag from /Users/marianaoliveira/Downloads/alura1/venv/lib/python3.10/site-packages/airflow/example_dags/example_branch_operator_decorator.py
[2023-05-19 17:56:10,521] {processor.py:651} INFO - DAG(s) dict_keys(['example_branch_python_operator_decorator']) retrieved from /Users/marianaoliveira/Downloads/alura1/venv/lib/python3.10/site-packages/airflow/example_dags/example_branch_operator_decorator.py
[2023-05-19 17:56:10,688] {logging_mixin.py:115} INFO - [2023-05-19 17:56:10,688] {dag.py:2379} INFO - Sync 1 DAGs
[2023-05-19 17:56:10,724] {logging_mixin.py:115} INFO - [2023-05-19 17:56:10,724] {dag.py:2927} INFO - Setting next_dagrun for example_branch_python_operator_decorator to 2023-05-18T00:00:00+00:00, run_after=2023-05-19T00:00:00+00:00
[2023-05-19 17:56:10,744] {processor.py:161} INFO - Processing /Users/marianaoliveira/Downloads/alura1/venv/lib/python3.10/site-packages/airflow/example_dags/example_branch_operator_decorator.py took 0.305 seconds
[2023-05-19 17:59:21,647] {processor.py:153} INFO - Started process (PID=8640) to work on /Users/marianaoliveira/Downloads/alura1/venv/lib/python3.10/site-packages/airflow/example_dags/example_branch_operator_decorator.py
[2023-05-19 17:59:21,649] {processor.py:641} INFO - Processing file /Users/marianaoliveira/Downloads/alura1/venv/lib/python3.10/site-packages/airflow/example_dags/example_branch_operator_decorator.py for tasks to queue
[2023-05-19 17:59:21,649] {logging_mixin.py:115} INFO - [2023-05-19 17:59:21,649] {dagbag.py:507} INFO - Filling up the DagBag from /Users/marianaoliveira/Downloads/alura1/venv/lib/python3.10/site-packages/airflow/example_dags/example_branch_operator_decorator.py
[2023-05-19 17:59:21,765] {processor.py:651} INFO - DAG(s) dict_keys(['example_branch_python_operator_decorator']) retrieved from /Users/marianaoliveira/Downloads/alura1/venv/lib/python3.10/site-packages/airflow/example_dags/example_branch_operator_decorator.py
[2023-05-19 17:59:22,191] {logging_mixin.py:115} INFO - [2023-05-19 17:59:22,190] {dag.py:2379} INFO - Sync 1 DAGs
[2023-05-19 17:59:22,240] {logging_mixin.py:115} INFO - [2023-05-19 17:59:22,240] {dag.py:2927} INFO - Setting next_dagrun for example_branch_python_operator_decorator to 2023-05-18T00:00:00+00:00, run_after=2023-05-19T00:00:00+00:00
[2023-05-19 17:59:22,270] {processor.py:161} INFO - Processing /Users/marianaoliveira/Downloads/alura1/venv/lib/python3.10/site-packages/airflow/example_dags/example_branch_operator_decorator.py took 0.624 seconds
[2023-05-19 18:15:56,268] {processor.py:153} INFO - Started process (PID=9249) to work on /Users/marianaoliveira/Downloads/alura1/venv/lib/python3.10/site-packages/airflow/example_dags/example_branch_operator_decorator.py
[2023-05-19 18:15:56,269] {processor.py:641} INFO - Processing file /Users/marianaoliveira/Downloads/alura1/venv/lib/python3.10/site-packages/airflow/example_dags/example_branch_operator_decorator.py for tasks to queue
[2023-05-19 18:15:56,270] {logging_mixin.py:115} INFO - [2023-05-19 18:15:56,270] {dagbag.py:507} INFO - Filling up the DagBag from /Users/marianaoliveira/Downloads/alura1/venv/lib/python3.10/site-packages/airflow/example_dags/example_branch_operator_decorator.py
[2023-05-19 18:15:56,339] {processor.py:651} INFO - DAG(s) dict_keys(['example_branch_python_operator_decorator']) retrieved from /Users/marianaoliveira/Downloads/alura1/venv/lib/python3.10/site-packages/airflow/example_dags/example_branch_operator_decorator.py
[2023-05-19 18:15:56,457] {logging_mixin.py:115} INFO - [2023-05-19 18:15:56,456] {dag.py:2379} INFO - Sync 1 DAGs
[2023-05-19 18:15:56,491] {logging_mixin.py:115} INFO - [2023-05-19 18:15:56,490] {dag.py:2927} INFO - Setting next_dagrun for example_branch_python_operator_decorator to 2023-05-18T00:00:00+00:00, run_after=2023-05-19T00:00:00+00:00
[2023-05-19 18:15:56,520] {processor.py:161} INFO - Processing /Users/marianaoliveira/Downloads/alura1/venv/lib/python3.10/site-packages/airflow/example_dags/example_branch_operator_decorator.py took 0.254 seconds
