[2023-05-19 15:12:23,331] {processor.py:153} INFO - Started process (PID=2815) to work on /Users/marianaoliveira/Downloads/alura1/venv/lib/python3.10/site-packages/airflow/example_dags/example_python_operator.py
[2023-05-19 15:12:23,331] {processor.py:641} INFO - Processing file /Users/marianaoliveira/Downloads/alura1/venv/lib/python3.10/site-packages/airflow/example_dags/example_python_operator.py for tasks to queue
[2023-05-19 15:12:23,332] {logging_mixin.py:115} INFO - [2023-05-19 15:12:23,332] {dagbag.py:507} INFO - Filling up the DagBag from /Users/marianaoliveira/Downloads/alura1/venv/lib/python3.10/site-packages/airflow/example_dags/example_python_operator.py
[2023-05-19 15:12:23,364] {logging_mixin.py:115} INFO - [2023-05-19 15:12:23,364] {example_python_operator.py:68} WARNING - The virtalenv_python example task requires virtualenv, please install it.
[2023-05-19 15:12:23,378] {processor.py:651} INFO - DAG(s) dict_keys(['example_python_operator']) retrieved from /Users/marianaoliveira/Downloads/alura1/venv/lib/python3.10/site-packages/airflow/example_dags/example_python_operator.py
[2023-05-19 15:12:24,446] {logging_mixin.py:115} INFO - [2023-05-19 15:12:24,446] {manager.py:508} INFO - Created Permission View: can delete on DAG:example_python_operator
[2023-05-19 15:12:24,455] {logging_mixin.py:115} INFO - [2023-05-19 15:12:24,455] {manager.py:508} INFO - Created Permission View: can edit on DAG:example_python_operator
[2023-05-19 15:12:24,465] {logging_mixin.py:115} INFO - [2023-05-19 15:12:24,464] {manager.py:508} INFO - Created Permission View: can read on DAG:example_python_operator
[2023-05-19 15:12:24,465] {logging_mixin.py:115} INFO - [2023-05-19 15:12:24,465] {dag.py:2379} INFO - Sync 1 DAGs
[2023-05-19 15:12:24,479] {logging_mixin.py:115} INFO - [2023-05-19 15:12:24,479] {dag.py:2398} INFO - Creating ORM DAG for example_python_operator
[2023-05-19 15:12:24,487] {logging_mixin.py:115} INFO - [2023-05-19 15:12:24,487] {dag.py:2927} INFO - Setting next_dagrun for example_python_operator to None, run_after=None
[2023-05-19 15:12:24,501] {processor.py:161} INFO - Processing /Users/marianaoliveira/Downloads/alura1/venv/lib/python3.10/site-packages/airflow/example_dags/example_python_operator.py took 1.171 seconds
[2023-05-19 15:14:00,201] {processor.py:153} INFO - Started process (PID=2883) to work on /Users/marianaoliveira/Downloads/alura1/venv/lib/python3.10/site-packages/airflow/example_dags/example_python_operator.py
[2023-05-19 15:14:00,202] {processor.py:641} INFO - Processing file /Users/marianaoliveira/Downloads/alura1/venv/lib/python3.10/site-packages/airflow/example_dags/example_python_operator.py for tasks to queue
[2023-05-19 15:14:00,202] {logging_mixin.py:115} INFO - [2023-05-19 15:14:00,202] {dagbag.py:507} INFO - Filling up the DagBag from /Users/marianaoliveira/Downloads/alura1/venv/lib/python3.10/site-packages/airflow/example_dags/example_python_operator.py
[2023-05-19 15:14:00,233] {logging_mixin.py:115} INFO - [2023-05-19 15:14:00,233] {example_python_operator.py:68} WARNING - The virtalenv_python example task requires virtualenv, please install it.
[2023-05-19 15:14:00,243] {processor.py:651} INFO - DAG(s) dict_keys(['example_python_operator']) retrieved from /Users/marianaoliveira/Downloads/alura1/venv/lib/python3.10/site-packages/airflow/example_dags/example_python_operator.py
[2023-05-19 15:14:00,316] {logging_mixin.py:115} INFO - [2023-05-19 15:14:00,316] {dag.py:2379} INFO - Sync 1 DAGs
[2023-05-19 15:14:00,330] {logging_mixin.py:115} INFO - [2023-05-19 15:14:00,330] {dag.py:2927} INFO - Setting next_dagrun for example_python_operator to None, run_after=None
[2023-05-19 15:14:00,342] {processor.py:161} INFO - Processing /Users/marianaoliveira/Downloads/alura1/venv/lib/python3.10/site-packages/airflow/example_dags/example_python_operator.py took 0.142 seconds
[2023-05-19 15:15:58,713] {processor.py:153} INFO - Started process (PID=2950) to work on /Users/marianaoliveira/Downloads/alura1/venv/lib/python3.10/site-packages/airflow/example_dags/example_python_operator.py
[2023-05-19 15:15:58,714] {processor.py:641} INFO - Processing file /Users/marianaoliveira/Downloads/alura1/venv/lib/python3.10/site-packages/airflow/example_dags/example_python_operator.py for tasks to queue
[2023-05-19 15:15:58,718] {logging_mixin.py:115} INFO - [2023-05-19 15:15:58,718] {dagbag.py:507} INFO - Filling up the DagBag from /Users/marianaoliveira/Downloads/alura1/venv/lib/python3.10/site-packages/airflow/example_dags/example_python_operator.py
[2023-05-19 15:15:58,762] {logging_mixin.py:115} INFO - [2023-05-19 15:15:58,762] {example_python_operator.py:68} WARNING - The virtalenv_python example task requires virtualenv, please install it.
[2023-05-19 15:15:58,776] {processor.py:651} INFO - DAG(s) dict_keys(['example_python_operator']) retrieved from /Users/marianaoliveira/Downloads/alura1/venv/lib/python3.10/site-packages/airflow/example_dags/example_python_operator.py
[2023-05-19 15:15:58,885] {logging_mixin.py:115} INFO - [2023-05-19 15:15:58,885] {dag.py:2379} INFO - Sync 1 DAGs
[2023-05-19 15:15:58,904] {logging_mixin.py:115} INFO - [2023-05-19 15:15:58,904] {dag.py:2927} INFO - Setting next_dagrun for example_python_operator to None, run_after=None
[2023-05-19 15:15:58,922] {processor.py:161} INFO - Processing /Users/marianaoliveira/Downloads/alura1/venv/lib/python3.10/site-packages/airflow/example_dags/example_python_operator.py took 0.209 seconds
[2023-05-19 15:18:44,644] {processor.py:153} INFO - Started process (PID=3073) to work on /Users/marianaoliveira/Downloads/alura1/venv/lib/python3.10/site-packages/airflow/example_dags/example_python_operator.py
[2023-05-19 15:18:44,645] {processor.py:641} INFO - Processing file /Users/marianaoliveira/Downloads/alura1/venv/lib/python3.10/site-packages/airflow/example_dags/example_python_operator.py for tasks to queue
[2023-05-19 15:18:44,645] {logging_mixin.py:115} INFO - [2023-05-19 15:18:44,645] {dagbag.py:507} INFO - Filling up the DagBag from /Users/marianaoliveira/Downloads/alura1/venv/lib/python3.10/site-packages/airflow/example_dags/example_python_operator.py
[2023-05-19 15:18:44,681] {logging_mixin.py:115} INFO - [2023-05-19 15:18:44,681] {example_python_operator.py:68} WARNING - The virtalenv_python example task requires virtualenv, please install it.
[2023-05-19 15:18:44,703] {processor.py:651} INFO - DAG(s) dict_keys(['example_python_operator']) retrieved from /Users/marianaoliveira/Downloads/alura1/venv/lib/python3.10/site-packages/airflow/example_dags/example_python_operator.py
[2023-05-19 15:18:44,889] {logging_mixin.py:115} INFO - [2023-05-19 15:18:44,889] {dag.py:2379} INFO - Sync 1 DAGs
[2023-05-19 15:18:44,915] {logging_mixin.py:115} INFO - [2023-05-19 15:18:44,915] {dag.py:2927} INFO - Setting next_dagrun for example_python_operator to None, run_after=None
[2023-05-19 15:18:44,929] {processor.py:161} INFO - Processing /Users/marianaoliveira/Downloads/alura1/venv/lib/python3.10/site-packages/airflow/example_dags/example_python_operator.py took 0.287 seconds
[2023-05-19 15:20:39,206] {processor.py:153} INFO - Started process (PID=3137) to work on /Users/marianaoliveira/Downloads/alura1/venv/lib/python3.10/site-packages/airflow/example_dags/example_python_operator.py
[2023-05-19 15:20:39,207] {processor.py:641} INFO - Processing file /Users/marianaoliveira/Downloads/alura1/venv/lib/python3.10/site-packages/airflow/example_dags/example_python_operator.py for tasks to queue
[2023-05-19 15:20:39,213] {logging_mixin.py:115} INFO - [2023-05-19 15:20:39,213] {dagbag.py:507} INFO - Filling up the DagBag from /Users/marianaoliveira/Downloads/alura1/venv/lib/python3.10/site-packages/airflow/example_dags/example_python_operator.py
[2023-05-19 15:20:39,245] {logging_mixin.py:115} INFO - [2023-05-19 15:20:39,245] {example_python_operator.py:68} WARNING - The virtalenv_python example task requires virtualenv, please install it.
[2023-05-19 15:20:39,255] {processor.py:651} INFO - DAG(s) dict_keys(['example_python_operator']) retrieved from /Users/marianaoliveira/Downloads/alura1/venv/lib/python3.10/site-packages/airflow/example_dags/example_python_operator.py
[2023-05-19 15:20:39,328] {logging_mixin.py:115} INFO - [2023-05-19 15:20:39,328] {dag.py:2379} INFO - Sync 1 DAGs
[2023-05-19 15:20:39,345] {logging_mixin.py:115} INFO - [2023-05-19 15:20:39,345] {dag.py:2927} INFO - Setting next_dagrun for example_python_operator to None, run_after=None
[2023-05-19 15:20:39,357] {processor.py:161} INFO - Processing /Users/marianaoliveira/Downloads/alura1/venv/lib/python3.10/site-packages/airflow/example_dags/example_python_operator.py took 0.152 seconds
[2023-05-19 15:22:18,086] {processor.py:153} INFO - Started process (PID=3188) to work on /Users/marianaoliveira/Downloads/alura1/venv/lib/python3.10/site-packages/airflow/example_dags/example_python_operator.py
[2023-05-19 15:22:18,087] {processor.py:641} INFO - Processing file /Users/marianaoliveira/Downloads/alura1/venv/lib/python3.10/site-packages/airflow/example_dags/example_python_operator.py for tasks to queue
[2023-05-19 15:22:18,088] {logging_mixin.py:115} INFO - [2023-05-19 15:22:18,087] {dagbag.py:507} INFO - Filling up the DagBag from /Users/marianaoliveira/Downloads/alura1/venv/lib/python3.10/site-packages/airflow/example_dags/example_python_operator.py
[2023-05-19 15:22:18,123] {logging_mixin.py:115} INFO - [2023-05-19 15:22:18,123] {example_python_operator.py:68} WARNING - The virtalenv_python example task requires virtualenv, please install it.
[2023-05-19 15:22:18,133] {processor.py:651} INFO - DAG(s) dict_keys(['example_python_operator']) retrieved from /Users/marianaoliveira/Downloads/alura1/venv/lib/python3.10/site-packages/airflow/example_dags/example_python_operator.py
[2023-05-19 15:22:18,208] {logging_mixin.py:115} INFO - [2023-05-19 15:22:18,208] {dag.py:2379} INFO - Sync 1 DAGs
[2023-05-19 15:22:18,223] {logging_mixin.py:115} INFO - [2023-05-19 15:22:18,223] {dag.py:2927} INFO - Setting next_dagrun for example_python_operator to None, run_after=None
[2023-05-19 15:22:18,237] {processor.py:161} INFO - Processing /Users/marianaoliveira/Downloads/alura1/venv/lib/python3.10/site-packages/airflow/example_dags/example_python_operator.py took 0.153 seconds
[2023-05-19 15:23:56,952] {processor.py:153} INFO - Started process (PID=3240) to work on /Users/marianaoliveira/Downloads/alura1/venv/lib/python3.10/site-packages/airflow/example_dags/example_python_operator.py
[2023-05-19 15:23:56,953] {processor.py:641} INFO - Processing file /Users/marianaoliveira/Downloads/alura1/venv/lib/python3.10/site-packages/airflow/example_dags/example_python_operator.py for tasks to queue
[2023-05-19 15:23:56,955] {logging_mixin.py:115} INFO - [2023-05-19 15:23:56,955] {dagbag.py:507} INFO - Filling up the DagBag from /Users/marianaoliveira/Downloads/alura1/venv/lib/python3.10/site-packages/airflow/example_dags/example_python_operator.py
[2023-05-19 15:23:56,988] {logging_mixin.py:115} INFO - [2023-05-19 15:23:56,988] {example_python_operator.py:68} WARNING - The virtalenv_python example task requires virtualenv, please install it.
[2023-05-19 15:23:56,998] {processor.py:651} INFO - DAG(s) dict_keys(['example_python_operator']) retrieved from /Users/marianaoliveira/Downloads/alura1/venv/lib/python3.10/site-packages/airflow/example_dags/example_python_operator.py
[2023-05-19 15:23:57,078] {logging_mixin.py:115} INFO - [2023-05-19 15:23:57,078] {dag.py:2379} INFO - Sync 1 DAGs
[2023-05-19 15:23:57,094] {logging_mixin.py:115} INFO - [2023-05-19 15:23:57,094] {dag.py:2927} INFO - Setting next_dagrun for example_python_operator to None, run_after=None
[2023-05-19 15:23:57,107] {processor.py:161} INFO - Processing /Users/marianaoliveira/Downloads/alura1/venv/lib/python3.10/site-packages/airflow/example_dags/example_python_operator.py took 0.155 seconds
[2023-05-19 15:26:35,337] {processor.py:153} INFO - Started process (PID=3347) to work on /Users/marianaoliveira/Downloads/alura1/venv/lib/python3.10/site-packages/airflow/example_dags/example_python_operator.py
[2023-05-19 15:26:35,344] {processor.py:641} INFO - Processing file /Users/marianaoliveira/Downloads/alura1/venv/lib/python3.10/site-packages/airflow/example_dags/example_python_operator.py for tasks to queue
[2023-05-19 15:26:35,345] {logging_mixin.py:115} INFO - [2023-05-19 15:26:35,345] {dagbag.py:507} INFO - Filling up the DagBag from /Users/marianaoliveira/Downloads/alura1/venv/lib/python3.10/site-packages/airflow/example_dags/example_python_operator.py
[2023-05-19 15:26:35,400] {logging_mixin.py:115} INFO - [2023-05-19 15:26:35,400] {example_python_operator.py:68} WARNING - The virtalenv_python example task requires virtualenv, please install it.
[2023-05-19 15:26:35,420] {processor.py:651} INFO - DAG(s) dict_keys(['example_python_operator']) retrieved from /Users/marianaoliveira/Downloads/alura1/venv/lib/python3.10/site-packages/airflow/example_dags/example_python_operator.py
[2023-05-19 15:26:35,737] {logging_mixin.py:115} INFO - [2023-05-19 15:26:35,737] {dag.py:2379} INFO - Sync 1 DAGs
[2023-05-19 15:26:35,763] {logging_mixin.py:115} INFO - [2023-05-19 15:26:35,763] {dag.py:2927} INFO - Setting next_dagrun for example_python_operator to None, run_after=None
[2023-05-19 15:26:35,782] {processor.py:161} INFO - Processing /Users/marianaoliveira/Downloads/alura1/venv/lib/python3.10/site-packages/airflow/example_dags/example_python_operator.py took 0.447 seconds
[2023-05-19 15:28:43,395] {processor.py:153} INFO - Started process (PID=3416) to work on /Users/marianaoliveira/Downloads/alura1/venv/lib/python3.10/site-packages/airflow/example_dags/example_python_operator.py
[2023-05-19 15:28:43,395] {processor.py:641} INFO - Processing file /Users/marianaoliveira/Downloads/alura1/venv/lib/python3.10/site-packages/airflow/example_dags/example_python_operator.py for tasks to queue
[2023-05-19 15:28:43,396] {logging_mixin.py:115} INFO - [2023-05-19 15:28:43,396] {dagbag.py:507} INFO - Filling up the DagBag from /Users/marianaoliveira/Downloads/alura1/venv/lib/python3.10/site-packages/airflow/example_dags/example_python_operator.py
[2023-05-19 15:28:43,424] {logging_mixin.py:115} INFO - [2023-05-19 15:28:43,424] {example_python_operator.py:68} WARNING - The virtalenv_python example task requires virtualenv, please install it.
[2023-05-19 15:28:43,435] {processor.py:651} INFO - DAG(s) dict_keys(['example_python_operator']) retrieved from /Users/marianaoliveira/Downloads/alura1/venv/lib/python3.10/site-packages/airflow/example_dags/example_python_operator.py
[2023-05-19 15:28:43,505] {logging_mixin.py:115} INFO - [2023-05-19 15:28:43,505] {dag.py:2379} INFO - Sync 1 DAGs
[2023-05-19 15:28:43,520] {logging_mixin.py:115} INFO - [2023-05-19 15:28:43,520] {dag.py:2927} INFO - Setting next_dagrun for example_python_operator to None, run_after=None
[2023-05-19 15:28:43,532] {processor.py:161} INFO - Processing /Users/marianaoliveira/Downloads/alura1/venv/lib/python3.10/site-packages/airflow/example_dags/example_python_operator.py took 0.138 seconds
[2023-05-19 15:31:05,783] {processor.py:153} INFO - Started process (PID=3502) to work on /Users/marianaoliveira/Downloads/alura1/venv/lib/python3.10/site-packages/airflow/example_dags/example_python_operator.py
[2023-05-19 15:31:05,785] {processor.py:641} INFO - Processing file /Users/marianaoliveira/Downloads/alura1/venv/lib/python3.10/site-packages/airflow/example_dags/example_python_operator.py for tasks to queue
[2023-05-19 15:31:05,786] {logging_mixin.py:115} INFO - [2023-05-19 15:31:05,785] {dagbag.py:507} INFO - Filling up the DagBag from /Users/marianaoliveira/Downloads/alura1/venv/lib/python3.10/site-packages/airflow/example_dags/example_python_operator.py
[2023-05-19 15:31:05,825] {logging_mixin.py:115} INFO - [2023-05-19 15:31:05,825] {example_python_operator.py:68} WARNING - The virtalenv_python example task requires virtualenv, please install it.
[2023-05-19 15:31:05,840] {processor.py:651} INFO - DAG(s) dict_keys(['example_python_operator']) retrieved from /Users/marianaoliveira/Downloads/alura1/venv/lib/python3.10/site-packages/airflow/example_dags/example_python_operator.py
[2023-05-19 15:31:05,956] {logging_mixin.py:115} INFO - [2023-05-19 15:31:05,956] {dag.py:2379} INFO - Sync 1 DAGs
[2023-05-19 15:31:05,976] {logging_mixin.py:115} INFO - [2023-05-19 15:31:05,976] {dag.py:2927} INFO - Setting next_dagrun for example_python_operator to None, run_after=None
[2023-05-19 15:31:05,995] {processor.py:161} INFO - Processing /Users/marianaoliveira/Downloads/alura1/venv/lib/python3.10/site-packages/airflow/example_dags/example_python_operator.py took 0.214 seconds
[2023-05-19 16:29:29,726] {processor.py:153} INFO - Started process (PID=6069) to work on /Users/marianaoliveira/Downloads/alura1/venv/lib/python3.10/site-packages/airflow/example_dags/example_python_operator.py
[2023-05-19 16:29:29,728] {processor.py:641} INFO - Processing file /Users/marianaoliveira/Downloads/alura1/venv/lib/python3.10/site-packages/airflow/example_dags/example_python_operator.py for tasks to queue
[2023-05-19 16:29:29,729] {logging_mixin.py:115} INFO - [2023-05-19 16:29:29,728] {dagbag.py:507} INFO - Filling up the DagBag from /Users/marianaoliveira/Downloads/alura1/venv/lib/python3.10/site-packages/airflow/example_dags/example_python_operator.py
[2023-05-19 16:29:29,774] {logging_mixin.py:115} INFO - [2023-05-19 16:29:29,774] {example_python_operator.py:68} WARNING - The virtalenv_python example task requires virtualenv, please install it.
[2023-05-19 16:29:29,790] {processor.py:651} INFO - DAG(s) dict_keys(['example_python_operator']) retrieved from /Users/marianaoliveira/Downloads/alura1/venv/lib/python3.10/site-packages/airflow/example_dags/example_python_operator.py
[2023-05-19 16:29:29,905] {logging_mixin.py:115} INFO - [2023-05-19 16:29:29,905] {dag.py:2379} INFO - Sync 1 DAGs
[2023-05-19 16:29:29,929] {logging_mixin.py:115} INFO - [2023-05-19 16:29:29,929] {dag.py:2927} INFO - Setting next_dagrun for example_python_operator to None, run_after=None
[2023-05-19 16:29:29,944] {processor.py:161} INFO - Processing /Users/marianaoliveira/Downloads/alura1/venv/lib/python3.10/site-packages/airflow/example_dags/example_python_operator.py took 0.220 seconds
[2023-05-19 16:33:58,599] {processor.py:153} INFO - Started process (PID=6225) to work on /Users/marianaoliveira/Downloads/alura1/venv/lib/python3.10/site-packages/airflow/example_dags/example_python_operator.py
[2023-05-19 16:33:58,601] {processor.py:641} INFO - Processing file /Users/marianaoliveira/Downloads/alura1/venv/lib/python3.10/site-packages/airflow/example_dags/example_python_operator.py for tasks to queue
[2023-05-19 16:33:58,602] {logging_mixin.py:115} INFO - [2023-05-19 16:33:58,602] {dagbag.py:507} INFO - Filling up the DagBag from /Users/marianaoliveira/Downloads/alura1/venv/lib/python3.10/site-packages/airflow/example_dags/example_python_operator.py
[2023-05-19 16:33:58,708] {logging_mixin.py:115} INFO - [2023-05-19 16:33:58,708] {example_python_operator.py:68} WARNING - The virtalenv_python example task requires virtualenv, please install it.
[2023-05-19 16:33:58,794] {processor.py:651} INFO - DAG(s) dict_keys(['example_python_operator']) retrieved from /Users/marianaoliveira/Downloads/alura1/venv/lib/python3.10/site-packages/airflow/example_dags/example_python_operator.py
[2023-05-19 16:33:59,037] {logging_mixin.py:115} INFO - [2023-05-19 16:33:59,037] {dag.py:2379} INFO - Sync 1 DAGs
[2023-05-19 16:33:59,109] {logging_mixin.py:115} INFO - [2023-05-19 16:33:59,109] {dag.py:2927} INFO - Setting next_dagrun for example_python_operator to None, run_after=None
[2023-05-19 16:33:59,137] {processor.py:161} INFO - Processing /Users/marianaoliveira/Downloads/alura1/venv/lib/python3.10/site-packages/airflow/example_dags/example_python_operator.py took 0.539 seconds
[2023-05-19 16:36:35,445] {processor.py:153} INFO - Started process (PID=6306) to work on /Users/marianaoliveira/Downloads/alura1/venv/lib/python3.10/site-packages/airflow/example_dags/example_python_operator.py
[2023-05-19 16:36:35,447] {processor.py:641} INFO - Processing file /Users/marianaoliveira/Downloads/alura1/venv/lib/python3.10/site-packages/airflow/example_dags/example_python_operator.py for tasks to queue
[2023-05-19 16:36:35,448] {logging_mixin.py:115} INFO - [2023-05-19 16:36:35,448] {dagbag.py:507} INFO - Filling up the DagBag from /Users/marianaoliveira/Downloads/alura1/venv/lib/python3.10/site-packages/airflow/example_dags/example_python_operator.py
[2023-05-19 16:36:35,523] {logging_mixin.py:115} INFO - [2023-05-19 16:36:35,522] {example_python_operator.py:68} WARNING - The virtalenv_python example task requires virtualenv, please install it.
[2023-05-19 16:36:35,542] {processor.py:651} INFO - DAG(s) dict_keys(['example_python_operator']) retrieved from /Users/marianaoliveira/Downloads/alura1/venv/lib/python3.10/site-packages/airflow/example_dags/example_python_operator.py
[2023-05-19 16:36:35,744] {logging_mixin.py:115} INFO - [2023-05-19 16:36:35,744] {dag.py:2379} INFO - Sync 1 DAGs
[2023-05-19 16:36:35,782] {logging_mixin.py:115} INFO - [2023-05-19 16:36:35,782] {dag.py:2927} INFO - Setting next_dagrun for example_python_operator to None, run_after=None
[2023-05-19 16:36:35,800] {processor.py:161} INFO - Processing /Users/marianaoliveira/Downloads/alura1/venv/lib/python3.10/site-packages/airflow/example_dags/example_python_operator.py took 0.356 seconds
[2023-05-19 16:40:00,498] {processor.py:153} INFO - Started process (PID=6484) to work on /Users/marianaoliveira/Downloads/alura1/venv/lib/python3.10/site-packages/airflow/example_dags/example_python_operator.py
[2023-05-19 16:40:00,498] {processor.py:641} INFO - Processing file /Users/marianaoliveira/Downloads/alura1/venv/lib/python3.10/site-packages/airflow/example_dags/example_python_operator.py for tasks to queue
[2023-05-19 16:40:00,499] {logging_mixin.py:115} INFO - [2023-05-19 16:40:00,499] {dagbag.py:507} INFO - Filling up the DagBag from /Users/marianaoliveira/Downloads/alura1/venv/lib/python3.10/site-packages/airflow/example_dags/example_python_operator.py
[2023-05-19 16:40:00,601] {logging_mixin.py:115} INFO - [2023-05-19 16:40:00,600] {example_python_operator.py:68} WARNING - The virtalenv_python example task requires virtualenv, please install it.
[2023-05-19 16:40:00,626] {processor.py:651} INFO - DAG(s) dict_keys(['example_python_operator']) retrieved from /Users/marianaoliveira/Downloads/alura1/venv/lib/python3.10/site-packages/airflow/example_dags/example_python_operator.py
[2023-05-19 16:40:00,799] {logging_mixin.py:115} INFO - [2023-05-19 16:40:00,799] {dag.py:2379} INFO - Sync 1 DAGs
[2023-05-19 16:40:00,836] {logging_mixin.py:115} INFO - [2023-05-19 16:40:00,835] {dag.py:2927} INFO - Setting next_dagrun for example_python_operator to None, run_after=None
[2023-05-19 16:40:00,869] {processor.py:161} INFO - Processing /Users/marianaoliveira/Downloads/alura1/venv/lib/python3.10/site-packages/airflow/example_dags/example_python_operator.py took 0.373 seconds
[2023-05-19 16:51:38,880] {processor.py:153} INFO - Started process (PID=6725) to work on /Users/marianaoliveira/Downloads/alura1/venv/lib/python3.10/site-packages/airflow/example_dags/example_python_operator.py
[2023-05-19 16:51:38,883] {processor.py:641} INFO - Processing file /Users/marianaoliveira/Downloads/alura1/venv/lib/python3.10/site-packages/airflow/example_dags/example_python_operator.py for tasks to queue
[2023-05-19 16:51:38,895] {logging_mixin.py:115} INFO - [2023-05-19 16:51:38,892] {dagbag.py:507} INFO - Filling up the DagBag from /Users/marianaoliveira/Downloads/alura1/venv/lib/python3.10/site-packages/airflow/example_dags/example_python_operator.py
[2023-05-19 16:51:38,980] {logging_mixin.py:115} INFO - [2023-05-19 16:51:38,980] {example_python_operator.py:68} WARNING - The virtalenv_python example task requires virtualenv, please install it.
[2023-05-19 16:51:39,002] {processor.py:651} INFO - DAG(s) dict_keys(['example_python_operator']) retrieved from /Users/marianaoliveira/Downloads/alura1/venv/lib/python3.10/site-packages/airflow/example_dags/example_python_operator.py
[2023-05-19 16:51:39,202] {logging_mixin.py:115} INFO - [2023-05-19 16:51:39,201] {dag.py:2379} INFO - Sync 1 DAGs
[2023-05-19 16:51:39,282] {logging_mixin.py:115} INFO - [2023-05-19 16:51:39,280] {dag.py:2927} INFO - Setting next_dagrun for example_python_operator to None, run_after=None
[2023-05-19 16:51:39,332] {processor.py:161} INFO - Processing /Users/marianaoliveira/Downloads/alura1/venv/lib/python3.10/site-packages/airflow/example_dags/example_python_operator.py took 0.453 seconds
[2023-05-19 16:55:22,957] {processor.py:153} INFO - Started process (PID=6955) to work on /Users/marianaoliveira/Downloads/alura1/venv/lib/python3.10/site-packages/airflow/example_dags/example_python_operator.py
[2023-05-19 16:55:22,959] {processor.py:641} INFO - Processing file /Users/marianaoliveira/Downloads/alura1/venv/lib/python3.10/site-packages/airflow/example_dags/example_python_operator.py for tasks to queue
[2023-05-19 16:55:22,960] {logging_mixin.py:115} INFO - [2023-05-19 16:55:22,960] {dagbag.py:507} INFO - Filling up the DagBag from /Users/marianaoliveira/Downloads/alura1/venv/lib/python3.10/site-packages/airflow/example_dags/example_python_operator.py
[2023-05-19 16:55:23,008] {logging_mixin.py:115} INFO - [2023-05-19 16:55:23,008] {example_python_operator.py:68} WARNING - The virtalenv_python example task requires virtualenv, please install it.
[2023-05-19 16:55:23,023] {processor.py:651} INFO - DAG(s) dict_keys(['example_python_operator']) retrieved from /Users/marianaoliveira/Downloads/alura1/venv/lib/python3.10/site-packages/airflow/example_dags/example_python_operator.py
[2023-05-19 16:55:23,162] {logging_mixin.py:115} INFO - [2023-05-19 16:55:23,162] {dag.py:2379} INFO - Sync 1 DAGs
[2023-05-19 16:55:23,341] {logging_mixin.py:115} INFO - [2023-05-19 16:55:23,341] {dag.py:2927} INFO - Setting next_dagrun for example_python_operator to None, run_after=None
[2023-05-19 16:55:23,362] {processor.py:161} INFO - Processing /Users/marianaoliveira/Downloads/alura1/venv/lib/python3.10/site-packages/airflow/example_dags/example_python_operator.py took 0.406 seconds
[2023-05-19 16:57:02,152] {processor.py:153} INFO - Started process (PID=7026) to work on /Users/marianaoliveira/Downloads/alura1/venv/lib/python3.10/site-packages/airflow/example_dags/example_python_operator.py
[2023-05-19 16:57:02,152] {processor.py:641} INFO - Processing file /Users/marianaoliveira/Downloads/alura1/venv/lib/python3.10/site-packages/airflow/example_dags/example_python_operator.py for tasks to queue
[2023-05-19 16:57:02,153] {logging_mixin.py:115} INFO - [2023-05-19 16:57:02,153] {dagbag.py:507} INFO - Filling up the DagBag from /Users/marianaoliveira/Downloads/alura1/venv/lib/python3.10/site-packages/airflow/example_dags/example_python_operator.py
[2023-05-19 16:57:02,200] {logging_mixin.py:115} INFO - [2023-05-19 16:57:02,200] {example_python_operator.py:68} WARNING - The virtalenv_python example task requires virtualenv, please install it.
[2023-05-19 16:57:02,215] {processor.py:651} INFO - DAG(s) dict_keys(['example_python_operator']) retrieved from /Users/marianaoliveira/Downloads/alura1/venv/lib/python3.10/site-packages/airflow/example_dags/example_python_operator.py
[2023-05-19 16:57:02,307] {logging_mixin.py:115} INFO - [2023-05-19 16:57:02,307] {dag.py:2379} INFO - Sync 1 DAGs
[2023-05-19 16:57:02,335] {logging_mixin.py:115} INFO - [2023-05-19 16:57:02,335] {dag.py:2927} INFO - Setting next_dagrun for example_python_operator to None, run_after=None
[2023-05-19 16:57:02,353] {processor.py:161} INFO - Processing /Users/marianaoliveira/Downloads/alura1/venv/lib/python3.10/site-packages/airflow/example_dags/example_python_operator.py took 0.203 seconds
[2023-05-19 17:00:06,357] {processor.py:153} INFO - Started process (PID=7106) to work on /Users/marianaoliveira/Downloads/alura1/venv/lib/python3.10/site-packages/airflow/example_dags/example_python_operator.py
[2023-05-19 17:00:06,359] {processor.py:641} INFO - Processing file /Users/marianaoliveira/Downloads/alura1/venv/lib/python3.10/site-packages/airflow/example_dags/example_python_operator.py for tasks to queue
[2023-05-19 17:00:06,360] {logging_mixin.py:115} INFO - [2023-05-19 17:00:06,360] {dagbag.py:507} INFO - Filling up the DagBag from /Users/marianaoliveira/Downloads/alura1/venv/lib/python3.10/site-packages/airflow/example_dags/example_python_operator.py
[2023-05-19 17:00:06,495] {logging_mixin.py:115} INFO - [2023-05-19 17:00:06,495] {example_python_operator.py:68} WARNING - The virtalenv_python example task requires virtualenv, please install it.
[2023-05-19 17:00:06,538] {processor.py:651} INFO - DAG(s) dict_keys(['example_python_operator']) retrieved from /Users/marianaoliveira/Downloads/alura1/venv/lib/python3.10/site-packages/airflow/example_dags/example_python_operator.py
[2023-05-19 17:00:06,692] {logging_mixin.py:115} INFO - [2023-05-19 17:00:06,691] {dag.py:2379} INFO - Sync 1 DAGs
[2023-05-19 17:00:06,721] {logging_mixin.py:115} INFO - [2023-05-19 17:00:06,721] {dag.py:2927} INFO - Setting next_dagrun for example_python_operator to None, run_after=None
[2023-05-19 17:00:06,749] {processor.py:161} INFO - Processing /Users/marianaoliveira/Downloads/alura1/venv/lib/python3.10/site-packages/airflow/example_dags/example_python_operator.py took 0.394 seconds
[2023-05-19 17:03:56,815] {processor.py:153} INFO - Started process (PID=7284) to work on /Users/marianaoliveira/Downloads/alura1/venv/lib/python3.10/site-packages/airflow/example_dags/example_python_operator.py
[2023-05-19 17:03:56,817] {processor.py:641} INFO - Processing file /Users/marianaoliveira/Downloads/alura1/venv/lib/python3.10/site-packages/airflow/example_dags/example_python_operator.py for tasks to queue
[2023-05-19 17:03:56,817] {logging_mixin.py:115} INFO - [2023-05-19 17:03:56,817] {dagbag.py:507} INFO - Filling up the DagBag from /Users/marianaoliveira/Downloads/alura1/venv/lib/python3.10/site-packages/airflow/example_dags/example_python_operator.py
[2023-05-19 17:03:56,873] {logging_mixin.py:115} INFO - [2023-05-19 17:03:56,873] {example_python_operator.py:68} WARNING - The virtalenv_python example task requires virtualenv, please install it.
[2023-05-19 17:03:56,891] {processor.py:651} INFO - DAG(s) dict_keys(['example_python_operator']) retrieved from /Users/marianaoliveira/Downloads/alura1/venv/lib/python3.10/site-packages/airflow/example_dags/example_python_operator.py
[2023-05-19 17:03:57,033] {logging_mixin.py:115} INFO - [2023-05-19 17:03:57,033] {dag.py:2379} INFO - Sync 1 DAGs
[2023-05-19 17:03:57,093] {logging_mixin.py:115} INFO - [2023-05-19 17:03:57,093] {dag.py:2927} INFO - Setting next_dagrun for example_python_operator to None, run_after=None
[2023-05-19 17:03:57,196] {processor.py:161} INFO - Processing /Users/marianaoliveira/Downloads/alura1/venv/lib/python3.10/site-packages/airflow/example_dags/example_python_operator.py took 0.382 seconds
[2023-05-19 17:30:46,425] {processor.py:153} INFO - Started process (PID=7753) to work on /Users/marianaoliveira/Downloads/alura1/venv/lib/python3.10/site-packages/airflow/example_dags/example_python_operator.py
[2023-05-19 17:30:46,437] {processor.py:641} INFO - Processing file /Users/marianaoliveira/Downloads/alura1/venv/lib/python3.10/site-packages/airflow/example_dags/example_python_operator.py for tasks to queue
[2023-05-19 17:30:46,438] {logging_mixin.py:115} INFO - [2023-05-19 17:30:46,437] {dagbag.py:507} INFO - Filling up the DagBag from /Users/marianaoliveira/Downloads/alura1/venv/lib/python3.10/site-packages/airflow/example_dags/example_python_operator.py
[2023-05-19 17:30:46,513] {logging_mixin.py:115} INFO - [2023-05-19 17:30:46,513] {example_python_operator.py:68} WARNING - The virtalenv_python example task requires virtualenv, please install it.
[2023-05-19 17:30:46,540] {processor.py:651} INFO - DAG(s) dict_keys(['example_python_operator']) retrieved from /Users/marianaoliveira/Downloads/alura1/venv/lib/python3.10/site-packages/airflow/example_dags/example_python_operator.py
[2023-05-19 17:30:46,736] {logging_mixin.py:115} INFO - [2023-05-19 17:30:46,736] {dag.py:2379} INFO - Sync 1 DAGs
[2023-05-19 17:30:46,783] {logging_mixin.py:115} INFO - [2023-05-19 17:30:46,783] {dag.py:2927} INFO - Setting next_dagrun for example_python_operator to None, run_after=None
[2023-05-19 17:30:46,807] {processor.py:161} INFO - Processing /Users/marianaoliveira/Downloads/alura1/venv/lib/python3.10/site-packages/airflow/example_dags/example_python_operator.py took 0.384 seconds
[2023-05-19 17:33:36,690] {processor.py:153} INFO - Started process (PID=7819) to work on /Users/marianaoliveira/Downloads/alura1/venv/lib/python3.10/site-packages/airflow/example_dags/example_python_operator.py
[2023-05-19 17:33:36,692] {processor.py:641} INFO - Processing file /Users/marianaoliveira/Downloads/alura1/venv/lib/python3.10/site-packages/airflow/example_dags/example_python_operator.py for tasks to queue
[2023-05-19 17:33:36,692] {logging_mixin.py:115} INFO - [2023-05-19 17:33:36,692] {dagbag.py:507} INFO - Filling up the DagBag from /Users/marianaoliveira/Downloads/alura1/venv/lib/python3.10/site-packages/airflow/example_dags/example_python_operator.py
[2023-05-19 17:33:36,821] {logging_mixin.py:115} INFO - [2023-05-19 17:33:36,821] {example_python_operator.py:68} WARNING - The virtalenv_python example task requires virtualenv, please install it.
[2023-05-19 17:33:36,880] {processor.py:651} INFO - DAG(s) dict_keys(['example_python_operator']) retrieved from /Users/marianaoliveira/Downloads/alura1/venv/lib/python3.10/site-packages/airflow/example_dags/example_python_operator.py
[2023-05-19 17:33:37,079] {logging_mixin.py:115} INFO - [2023-05-19 17:33:37,079] {dag.py:2379} INFO - Sync 1 DAGs
[2023-05-19 17:33:37,105] {logging_mixin.py:115} INFO - [2023-05-19 17:33:37,105] {dag.py:2927} INFO - Setting next_dagrun for example_python_operator to None, run_after=None
[2023-05-19 17:33:37,134] {processor.py:161} INFO - Processing /Users/marianaoliveira/Downloads/alura1/venv/lib/python3.10/site-packages/airflow/example_dags/example_python_operator.py took 0.445 seconds
[2023-05-19 17:36:08,538] {processor.py:153} INFO - Started process (PID=7876) to work on /Users/marianaoliveira/Downloads/alura1/venv/lib/python3.10/site-packages/airflow/example_dags/example_python_operator.py
[2023-05-19 17:36:08,540] {processor.py:641} INFO - Processing file /Users/marianaoliveira/Downloads/alura1/venv/lib/python3.10/site-packages/airflow/example_dags/example_python_operator.py for tasks to queue
[2023-05-19 17:36:08,545] {logging_mixin.py:115} INFO - [2023-05-19 17:36:08,544] {dagbag.py:507} INFO - Filling up the DagBag from /Users/marianaoliveira/Downloads/alura1/venv/lib/python3.10/site-packages/airflow/example_dags/example_python_operator.py
[2023-05-19 17:36:08,626] {logging_mixin.py:115} INFO - [2023-05-19 17:36:08,625] {example_python_operator.py:68} WARNING - The virtalenv_python example task requires virtualenv, please install it.
[2023-05-19 17:36:08,663] {processor.py:651} INFO - DAG(s) dict_keys(['example_python_operator']) retrieved from /Users/marianaoliveira/Downloads/alura1/venv/lib/python3.10/site-packages/airflow/example_dags/example_python_operator.py
[2023-05-19 17:36:08,896] {logging_mixin.py:115} INFO - [2023-05-19 17:36:08,896] {dag.py:2379} INFO - Sync 1 DAGs
[2023-05-19 17:36:08,923] {logging_mixin.py:115} INFO - [2023-05-19 17:36:08,923] {dag.py:2927} INFO - Setting next_dagrun for example_python_operator to None, run_after=None
[2023-05-19 17:36:08,949] {processor.py:161} INFO - Processing /Users/marianaoliveira/Downloads/alura1/venv/lib/python3.10/site-packages/airflow/example_dags/example_python_operator.py took 0.412 seconds
[2023-05-19 17:38:01,516] {processor.py:153} INFO - Started process (PID=7925) to work on /Users/marianaoliveira/Downloads/alura1/venv/lib/python3.10/site-packages/airflow/example_dags/example_python_operator.py
[2023-05-19 17:38:01,517] {processor.py:641} INFO - Processing file /Users/marianaoliveira/Downloads/alura1/venv/lib/python3.10/site-packages/airflow/example_dags/example_python_operator.py for tasks to queue
[2023-05-19 17:38:01,518] {logging_mixin.py:115} INFO - [2023-05-19 17:38:01,518] {dagbag.py:507} INFO - Filling up the DagBag from /Users/marianaoliveira/Downloads/alura1/venv/lib/python3.10/site-packages/airflow/example_dags/example_python_operator.py
[2023-05-19 17:38:01,565] {logging_mixin.py:115} INFO - [2023-05-19 17:38:01,565] {example_python_operator.py:68} WARNING - The virtalenv_python example task requires virtualenv, please install it.
[2023-05-19 17:38:01,579] {processor.py:651} INFO - DAG(s) dict_keys(['example_python_operator']) retrieved from /Users/marianaoliveira/Downloads/alura1/venv/lib/python3.10/site-packages/airflow/example_dags/example_python_operator.py
[2023-05-19 17:38:01,686] {logging_mixin.py:115} INFO - [2023-05-19 17:38:01,686] {dag.py:2379} INFO - Sync 1 DAGs
[2023-05-19 17:38:01,711] {logging_mixin.py:115} INFO - [2023-05-19 17:38:01,711] {dag.py:2927} INFO - Setting next_dagrun for example_python_operator to None, run_after=None
[2023-05-19 17:38:01,738] {processor.py:161} INFO - Processing /Users/marianaoliveira/Downloads/alura1/venv/lib/python3.10/site-packages/airflow/example_dags/example_python_operator.py took 0.224 seconds
[2023-05-19 17:45:17,823] {processor.py:153} INFO - Started process (PID=8105) to work on /Users/marianaoliveira/Downloads/alura1/venv/lib/python3.10/site-packages/airflow/example_dags/example_python_operator.py
[2023-05-19 17:45:17,824] {processor.py:641} INFO - Processing file /Users/marianaoliveira/Downloads/alura1/venv/lib/python3.10/site-packages/airflow/example_dags/example_python_operator.py for tasks to queue
[2023-05-19 17:45:17,824] {logging_mixin.py:115} INFO - [2023-05-19 17:45:17,824] {dagbag.py:507} INFO - Filling up the DagBag from /Users/marianaoliveira/Downloads/alura1/venv/lib/python3.10/site-packages/airflow/example_dags/example_python_operator.py
[2023-05-19 17:45:17,966] {logging_mixin.py:115} INFO - [2023-05-19 17:45:17,966] {example_python_operator.py:68} WARNING - The virtalenv_python example task requires virtualenv, please install it.
[2023-05-19 17:45:18,079] {processor.py:651} INFO - DAG(s) dict_keys(['example_python_operator']) retrieved from /Users/marianaoliveira/Downloads/alura1/venv/lib/python3.10/site-packages/airflow/example_dags/example_python_operator.py
[2023-05-19 17:45:18,332] {logging_mixin.py:115} INFO - [2023-05-19 17:45:18,331] {dag.py:2379} INFO - Sync 1 DAGs
[2023-05-19 17:45:18,378] {logging_mixin.py:115} INFO - [2023-05-19 17:45:18,378] {dag.py:2927} INFO - Setting next_dagrun for example_python_operator to None, run_after=None
[2023-05-19 17:45:18,397] {processor.py:161} INFO - Processing /Users/marianaoliveira/Downloads/alura1/venv/lib/python3.10/site-packages/airflow/example_dags/example_python_operator.py took 0.576 seconds
[2023-05-19 17:47:42,835] {processor.py:153} INFO - Started process (PID=8168) to work on /Users/marianaoliveira/Downloads/alura1/venv/lib/python3.10/site-packages/airflow/example_dags/example_python_operator.py
[2023-05-19 17:47:42,837] {processor.py:641} INFO - Processing file /Users/marianaoliveira/Downloads/alura1/venv/lib/python3.10/site-packages/airflow/example_dags/example_python_operator.py for tasks to queue
[2023-05-19 17:47:42,838] {logging_mixin.py:115} INFO - [2023-05-19 17:47:42,837] {dagbag.py:507} INFO - Filling up the DagBag from /Users/marianaoliveira/Downloads/alura1/venv/lib/python3.10/site-packages/airflow/example_dags/example_python_operator.py
[2023-05-19 17:47:42,878] {logging_mixin.py:115} INFO - [2023-05-19 17:47:42,878] {example_python_operator.py:68} WARNING - The virtalenv_python example task requires virtualenv, please install it.
[2023-05-19 17:47:42,891] {processor.py:651} INFO - DAG(s) dict_keys(['example_python_operator']) retrieved from /Users/marianaoliveira/Downloads/alura1/venv/lib/python3.10/site-packages/airflow/example_dags/example_python_operator.py
[2023-05-19 17:47:43,014] {logging_mixin.py:115} INFO - [2023-05-19 17:47:43,014] {dag.py:2379} INFO - Sync 1 DAGs
[2023-05-19 17:47:43,038] {logging_mixin.py:115} INFO - [2023-05-19 17:47:43,038] {dag.py:2927} INFO - Setting next_dagrun for example_python_operator to None, run_after=None
[2023-05-19 17:47:43,053] {processor.py:161} INFO - Processing /Users/marianaoliveira/Downloads/alura1/venv/lib/python3.10/site-packages/airflow/example_dags/example_python_operator.py took 0.219 seconds
[2023-05-19 17:50:51,229] {processor.py:153} INFO - Started process (PID=8253) to work on /Users/marianaoliveira/Downloads/alura1/venv/lib/python3.10/site-packages/airflow/example_dags/example_python_operator.py
[2023-05-19 17:50:51,230] {processor.py:641} INFO - Processing file /Users/marianaoliveira/Downloads/alura1/venv/lib/python3.10/site-packages/airflow/example_dags/example_python_operator.py for tasks to queue
[2023-05-19 17:50:51,232] {logging_mixin.py:115} INFO - [2023-05-19 17:50:51,232] {dagbag.py:507} INFO - Filling up the DagBag from /Users/marianaoliveira/Downloads/alura1/venv/lib/python3.10/site-packages/airflow/example_dags/example_python_operator.py
[2023-05-19 17:50:51,322] {logging_mixin.py:115} INFO - [2023-05-19 17:50:51,322] {example_python_operator.py:68} WARNING - The virtalenv_python example task requires virtualenv, please install it.
[2023-05-19 17:50:51,343] {processor.py:651} INFO - DAG(s) dict_keys(['example_python_operator']) retrieved from /Users/marianaoliveira/Downloads/alura1/venv/lib/python3.10/site-packages/airflow/example_dags/example_python_operator.py
[2023-05-19 17:50:51,524] {logging_mixin.py:115} INFO - [2023-05-19 17:50:51,524] {dag.py:2379} INFO - Sync 1 DAGs
[2023-05-19 17:50:51,574] {logging_mixin.py:115} INFO - [2023-05-19 17:50:51,574] {dag.py:2927} INFO - Setting next_dagrun for example_python_operator to None, run_after=None
[2023-05-19 17:50:51,592] {processor.py:161} INFO - Processing /Users/marianaoliveira/Downloads/alura1/venv/lib/python3.10/site-packages/airflow/example_dags/example_python_operator.py took 0.365 seconds
[2023-05-19 17:54:26,520] {processor.py:153} INFO - Started process (PID=8437) to work on /Users/marianaoliveira/Downloads/alura1/venv/lib/python3.10/site-packages/airflow/example_dags/example_python_operator.py
[2023-05-19 17:54:26,522] {processor.py:641} INFO - Processing file /Users/marianaoliveira/Downloads/alura1/venv/lib/python3.10/site-packages/airflow/example_dags/example_python_operator.py for tasks to queue
[2023-05-19 17:54:26,522] {logging_mixin.py:115} INFO - [2023-05-19 17:54:26,522] {dagbag.py:507} INFO - Filling up the DagBag from /Users/marianaoliveira/Downloads/alura1/venv/lib/python3.10/site-packages/airflow/example_dags/example_python_operator.py
[2023-05-19 17:54:26,575] {logging_mixin.py:115} INFO - [2023-05-19 17:54:26,575] {example_python_operator.py:68} WARNING - The virtalenv_python example task requires virtualenv, please install it.
[2023-05-19 17:54:26,590] {processor.py:651} INFO - DAG(s) dict_keys(['example_python_operator']) retrieved from /Users/marianaoliveira/Downloads/alura1/venv/lib/python3.10/site-packages/airflow/example_dags/example_python_operator.py
[2023-05-19 17:54:26,711] {logging_mixin.py:115} INFO - [2023-05-19 17:54:26,711] {dag.py:2379} INFO - Sync 1 DAGs
[2023-05-19 17:54:26,742] {logging_mixin.py:115} INFO - [2023-05-19 17:54:26,742] {dag.py:2927} INFO - Setting next_dagrun for example_python_operator to None, run_after=None
[2023-05-19 17:54:26,764] {processor.py:161} INFO - Processing /Users/marianaoliveira/Downloads/alura1/venv/lib/python3.10/site-packages/airflow/example_dags/example_python_operator.py took 0.246 seconds
[2023-05-19 17:56:06,870] {processor.py:153} INFO - Started process (PID=8525) to work on /Users/marianaoliveira/Downloads/alura1/venv/lib/python3.10/site-packages/airflow/example_dags/example_python_operator.py
[2023-05-19 17:56:06,871] {processor.py:641} INFO - Processing file /Users/marianaoliveira/Downloads/alura1/venv/lib/python3.10/site-packages/airflow/example_dags/example_python_operator.py for tasks to queue
[2023-05-19 17:56:06,872] {logging_mixin.py:115} INFO - [2023-05-19 17:56:06,872] {dagbag.py:507} INFO - Filling up the DagBag from /Users/marianaoliveira/Downloads/alura1/venv/lib/python3.10/site-packages/airflow/example_dags/example_python_operator.py
[2023-05-19 17:56:06,957] {logging_mixin.py:115} INFO - [2023-05-19 17:56:06,957] {example_python_operator.py:68} WARNING - The virtalenv_python example task requires virtualenv, please install it.
[2023-05-19 17:56:06,984] {processor.py:651} INFO - DAG(s) dict_keys(['example_python_operator']) retrieved from /Users/marianaoliveira/Downloads/alura1/venv/lib/python3.10/site-packages/airflow/example_dags/example_python_operator.py
[2023-05-19 17:56:07,127] {logging_mixin.py:115} INFO - [2023-05-19 17:56:07,126] {dag.py:2379} INFO - Sync 1 DAGs
[2023-05-19 17:56:07,167] {logging_mixin.py:115} INFO - [2023-05-19 17:56:07,167] {dag.py:2927} INFO - Setting next_dagrun for example_python_operator to None, run_after=None
[2023-05-19 17:56:07,199] {processor.py:161} INFO - Processing /Users/marianaoliveira/Downloads/alura1/venv/lib/python3.10/site-packages/airflow/example_dags/example_python_operator.py took 0.331 seconds
[2023-05-19 17:59:14,193] {processor.py:153} INFO - Started process (PID=8637) to work on /Users/marianaoliveira/Downloads/alura1/venv/lib/python3.10/site-packages/airflow/example_dags/example_python_operator.py
[2023-05-19 17:59:14,195] {processor.py:641} INFO - Processing file /Users/marianaoliveira/Downloads/alura1/venv/lib/python3.10/site-packages/airflow/example_dags/example_python_operator.py for tasks to queue
[2023-05-19 17:59:14,196] {logging_mixin.py:115} INFO - [2023-05-19 17:59:14,196] {dagbag.py:507} INFO - Filling up the DagBag from /Users/marianaoliveira/Downloads/alura1/venv/lib/python3.10/site-packages/airflow/example_dags/example_python_operator.py
[2023-05-19 17:59:14,298] {logging_mixin.py:115} INFO - [2023-05-19 17:59:14,298] {example_python_operator.py:68} WARNING - The virtalenv_python example task requires virtualenv, please install it.
[2023-05-19 17:59:14,322] {processor.py:651} INFO - DAG(s) dict_keys(['example_python_operator']) retrieved from /Users/marianaoliveira/Downloads/alura1/venv/lib/python3.10/site-packages/airflow/example_dags/example_python_operator.py
[2023-05-19 17:59:14,487] {logging_mixin.py:115} INFO - [2023-05-19 17:59:14,487] {dag.py:2379} INFO - Sync 1 DAGs
[2023-05-19 17:59:14,544] {logging_mixin.py:115} INFO - [2023-05-19 17:59:14,544] {dag.py:2927} INFO - Setting next_dagrun for example_python_operator to None, run_after=None
[2023-05-19 17:59:14,568] {processor.py:161} INFO - Processing /Users/marianaoliveira/Downloads/alura1/venv/lib/python3.10/site-packages/airflow/example_dags/example_python_operator.py took 0.378 seconds
[2023-05-19 18:15:04,171] {processor.py:153} INFO - Started process (PID=9197) to work on /Users/marianaoliveira/Downloads/alura1/venv/lib/python3.10/site-packages/airflow/example_dags/example_python_operator.py
[2023-05-19 18:15:04,174] {processor.py:641} INFO - Processing file /Users/marianaoliveira/Downloads/alura1/venv/lib/python3.10/site-packages/airflow/example_dags/example_python_operator.py for tasks to queue
[2023-05-19 18:15:04,175] {logging_mixin.py:115} INFO - [2023-05-19 18:15:04,174] {dagbag.py:507} INFO - Filling up the DagBag from /Users/marianaoliveira/Downloads/alura1/venv/lib/python3.10/site-packages/airflow/example_dags/example_python_operator.py
[2023-05-19 18:15:04,258] {logging_mixin.py:115} INFO - [2023-05-19 18:15:04,257] {example_python_operator.py:68} WARNING - The virtalenv_python example task requires virtualenv, please install it.
[2023-05-19 18:15:04,289] {processor.py:651} INFO - DAG(s) dict_keys(['example_python_operator']) retrieved from /Users/marianaoliveira/Downloads/alura1/venv/lib/python3.10/site-packages/airflow/example_dags/example_python_operator.py
[2023-05-19 18:15:04,434] {logging_mixin.py:115} INFO - [2023-05-19 18:15:04,433] {dag.py:2379} INFO - Sync 1 DAGs
[2023-05-19 18:15:04,477] {logging_mixin.py:115} INFO - [2023-05-19 18:15:04,476] {dag.py:2927} INFO - Setting next_dagrun for example_python_operator to None, run_after=None
[2023-05-19 18:15:04,497] {processor.py:161} INFO - Processing /Users/marianaoliveira/Downloads/alura1/venv/lib/python3.10/site-packages/airflow/example_dags/example_python_operator.py took 0.331 seconds
