[2023-05-19 15:12:44,135] {processor.py:153} INFO - Started process (PID=2835) to work on /Users/marianaoliveira/Downloads/alura1/venv/lib/python3.10/site-packages/airflow/example_dags/example_kubernetes_executor.py
[2023-05-19 15:12:44,138] {processor.py:641} INFO - Processing file /Users/marianaoliveira/Downloads/alura1/venv/lib/python3.10/site-packages/airflow/example_dags/example_kubernetes_executor.py for tasks to queue
[2023-05-19 15:12:44,138] {logging_mixin.py:115} INFO - [2023-05-19 15:12:44,138] {dagbag.py:507} INFO - Filling up the DagBag from /Users/marianaoliveira/Downloads/alura1/venv/lib/python3.10/site-packages/airflow/example_dags/example_kubernetes_executor.py
[2023-05-19 15:12:44,173] {logging_mixin.py:115} INFO - [2023-05-19 15:12:44,173] {example_kubernetes_executor.py:39} WARNING - The example_kubernetes_executor example DAG requires the kubernetes provider. Please install it with: pip install apache-airflow[cncf.kubernetes]
[2023-05-19 15:12:44,174] {processor.py:653} WARNING - No viable dags retrieved from /Users/marianaoliveira/Downloads/alura1/venv/lib/python3.10/site-packages/airflow/example_dags/example_kubernetes_executor.py
[2023-05-19 15:12:44,223] {processor.py:161} INFO - Processing /Users/marianaoliveira/Downloads/alura1/venv/lib/python3.10/site-packages/airflow/example_dags/example_kubernetes_executor.py took 0.089 seconds
[2023-05-19 15:14:15,314] {processor.py:153} INFO - Started process (PID=2894) to work on /Users/marianaoliveira/Downloads/alura1/venv/lib/python3.10/site-packages/airflow/example_dags/example_kubernetes_executor.py
[2023-05-19 15:14:15,315] {processor.py:641} INFO - Processing file /Users/marianaoliveira/Downloads/alura1/venv/lib/python3.10/site-packages/airflow/example_dags/example_kubernetes_executor.py for tasks to queue
[2023-05-19 15:14:15,315] {logging_mixin.py:115} INFO - [2023-05-19 15:14:15,315] {dagbag.py:507} INFO - Filling up the DagBag from /Users/marianaoliveira/Downloads/alura1/venv/lib/python3.10/site-packages/airflow/example_dags/example_kubernetes_executor.py
[2023-05-19 15:14:15,344] {logging_mixin.py:115} INFO - [2023-05-19 15:14:15,344] {example_kubernetes_executor.py:39} WARNING - The example_kubernetes_executor example DAG requires the kubernetes provider. Please install it with: pip install apache-airflow[cncf.kubernetes]
[2023-05-19 15:14:15,344] {processor.py:653} WARNING - No viable dags retrieved from /Users/marianaoliveira/Downloads/alura1/venv/lib/python3.10/site-packages/airflow/example_dags/example_kubernetes_executor.py
[2023-05-19 15:14:15,400] {processor.py:161} INFO - Processing /Users/marianaoliveira/Downloads/alura1/venv/lib/python3.10/site-packages/airflow/example_dags/example_kubernetes_executor.py took 0.087 seconds
[2023-05-19 15:16:15,551] {processor.py:153} INFO - Started process (PID=2959) to work on /Users/marianaoliveira/Downloads/alura1/venv/lib/python3.10/site-packages/airflow/example_dags/example_kubernetes_executor.py
[2023-05-19 15:16:15,553] {processor.py:641} INFO - Processing file /Users/marianaoliveira/Downloads/alura1/venv/lib/python3.10/site-packages/airflow/example_dags/example_kubernetes_executor.py for tasks to queue
[2023-05-19 15:16:15,554] {logging_mixin.py:115} INFO - [2023-05-19 15:16:15,554] {dagbag.py:507} INFO - Filling up the DagBag from /Users/marianaoliveira/Downloads/alura1/venv/lib/python3.10/site-packages/airflow/example_dags/example_kubernetes_executor.py
[2023-05-19 15:16:15,586] {logging_mixin.py:115} INFO - [2023-05-19 15:16:15,586] {example_kubernetes_executor.py:39} WARNING - The example_kubernetes_executor example DAG requires the kubernetes provider. Please install it with: pip install apache-airflow[cncf.kubernetes]
[2023-05-19 15:16:15,586] {processor.py:653} WARNING - No viable dags retrieved from /Users/marianaoliveira/Downloads/alura1/venv/lib/python3.10/site-packages/airflow/example_dags/example_kubernetes_executor.py
[2023-05-19 15:16:15,634] {processor.py:161} INFO - Processing /Users/marianaoliveira/Downloads/alura1/venv/lib/python3.10/site-packages/airflow/example_dags/example_kubernetes_executor.py took 0.084 seconds
[2023-05-19 15:18:58,207] {processor.py:153} INFO - Started process (PID=3087) to work on /Users/marianaoliveira/Downloads/alura1/venv/lib/python3.10/site-packages/airflow/example_dags/example_kubernetes_executor.py
[2023-05-19 15:18:58,209] {processor.py:641} INFO - Processing file /Users/marianaoliveira/Downloads/alura1/venv/lib/python3.10/site-packages/airflow/example_dags/example_kubernetes_executor.py for tasks to queue
[2023-05-19 15:18:58,209] {logging_mixin.py:115} INFO - [2023-05-19 15:18:58,209] {dagbag.py:507} INFO - Filling up the DagBag from /Users/marianaoliveira/Downloads/alura1/venv/lib/python3.10/site-packages/airflow/example_dags/example_kubernetes_executor.py
[2023-05-19 15:18:58,238] {logging_mixin.py:115} INFO - [2023-05-19 15:18:58,238] {example_kubernetes_executor.py:39} WARNING - The example_kubernetes_executor example DAG requires the kubernetes provider. Please install it with: pip install apache-airflow[cncf.kubernetes]
[2023-05-19 15:18:58,239] {processor.py:653} WARNING - No viable dags retrieved from /Users/marianaoliveira/Downloads/alura1/venv/lib/python3.10/site-packages/airflow/example_dags/example_kubernetes_executor.py
[2023-05-19 15:18:58,283] {processor.py:161} INFO - Processing /Users/marianaoliveira/Downloads/alura1/venv/lib/python3.10/site-packages/airflow/example_dags/example_kubernetes_executor.py took 0.077 seconds
[2023-05-19 15:20:51,952] {processor.py:153} INFO - Started process (PID=3144) to work on /Users/marianaoliveira/Downloads/alura1/venv/lib/python3.10/site-packages/airflow/example_dags/example_kubernetes_executor.py
[2023-05-19 15:20:51,953] {processor.py:641} INFO - Processing file /Users/marianaoliveira/Downloads/alura1/venv/lib/python3.10/site-packages/airflow/example_dags/example_kubernetes_executor.py for tasks to queue
[2023-05-19 15:20:51,953] {logging_mixin.py:115} INFO - [2023-05-19 15:20:51,953] {dagbag.py:507} INFO - Filling up the DagBag from /Users/marianaoliveira/Downloads/alura1/venv/lib/python3.10/site-packages/airflow/example_dags/example_kubernetes_executor.py
[2023-05-19 15:20:51,986] {logging_mixin.py:115} INFO - [2023-05-19 15:20:51,986] {example_kubernetes_executor.py:39} WARNING - The example_kubernetes_executor example DAG requires the kubernetes provider. Please install it with: pip install apache-airflow[cncf.kubernetes]
[2023-05-19 15:20:51,986] {processor.py:653} WARNING - No viable dags retrieved from /Users/marianaoliveira/Downloads/alura1/venv/lib/python3.10/site-packages/airflow/example_dags/example_kubernetes_executor.py
[2023-05-19 15:20:52,031] {processor.py:161} INFO - Processing /Users/marianaoliveira/Downloads/alura1/venv/lib/python3.10/site-packages/airflow/example_dags/example_kubernetes_executor.py took 0.081 seconds
[2023-05-19 15:22:30,567] {processor.py:153} INFO - Started process (PID=3195) to work on /Users/marianaoliveira/Downloads/alura1/venv/lib/python3.10/site-packages/airflow/example_dags/example_kubernetes_executor.py
[2023-05-19 15:22:30,567] {processor.py:641} INFO - Processing file /Users/marianaoliveira/Downloads/alura1/venv/lib/python3.10/site-packages/airflow/example_dags/example_kubernetes_executor.py for tasks to queue
[2023-05-19 15:22:30,567] {logging_mixin.py:115} INFO - [2023-05-19 15:22:30,567] {dagbag.py:507} INFO - Filling up the DagBag from /Users/marianaoliveira/Downloads/alura1/venv/lib/python3.10/site-packages/airflow/example_dags/example_kubernetes_executor.py
[2023-05-19 15:22:30,594] {logging_mixin.py:115} INFO - [2023-05-19 15:22:30,594] {example_kubernetes_executor.py:39} WARNING - The example_kubernetes_executor example DAG requires the kubernetes provider. Please install it with: pip install apache-airflow[cncf.kubernetes]
[2023-05-19 15:22:30,594] {processor.py:653} WARNING - No viable dags retrieved from /Users/marianaoliveira/Downloads/alura1/venv/lib/python3.10/site-packages/airflow/example_dags/example_kubernetes_executor.py
[2023-05-19 15:22:30,638] {processor.py:161} INFO - Processing /Users/marianaoliveira/Downloads/alura1/venv/lib/python3.10/site-packages/airflow/example_dags/example_kubernetes_executor.py took 0.073 seconds
[2023-05-19 15:24:09,748] {processor.py:153} INFO - Started process (PID=3246) to work on /Users/marianaoliveira/Downloads/alura1/venv/lib/python3.10/site-packages/airflow/example_dags/example_kubernetes_executor.py
[2023-05-19 15:24:09,749] {processor.py:641} INFO - Processing file /Users/marianaoliveira/Downloads/alura1/venv/lib/python3.10/site-packages/airflow/example_dags/example_kubernetes_executor.py for tasks to queue
[2023-05-19 15:24:09,749] {logging_mixin.py:115} INFO - [2023-05-19 15:24:09,749] {dagbag.py:507} INFO - Filling up the DagBag from /Users/marianaoliveira/Downloads/alura1/venv/lib/python3.10/site-packages/airflow/example_dags/example_kubernetes_executor.py
[2023-05-19 15:24:09,802] {logging_mixin.py:115} INFO - [2023-05-19 15:24:09,801] {example_kubernetes_executor.py:39} WARNING - The example_kubernetes_executor example DAG requires the kubernetes provider. Please install it with: pip install apache-airflow[cncf.kubernetes]
[2023-05-19 15:24:09,802] {processor.py:653} WARNING - No viable dags retrieved from /Users/marianaoliveira/Downloads/alura1/venv/lib/python3.10/site-packages/airflow/example_dags/example_kubernetes_executor.py
[2023-05-19 15:24:09,873] {processor.py:161} INFO - Processing /Users/marianaoliveira/Downloads/alura1/venv/lib/python3.10/site-packages/airflow/example_dags/example_kubernetes_executor.py took 0.127 seconds
[2023-05-19 15:26:52,128] {processor.py:153} INFO - Started process (PID=3356) to work on /Users/marianaoliveira/Downloads/alura1/venv/lib/python3.10/site-packages/airflow/example_dags/example_kubernetes_executor.py
[2023-05-19 15:26:52,129] {processor.py:641} INFO - Processing file /Users/marianaoliveira/Downloads/alura1/venv/lib/python3.10/site-packages/airflow/example_dags/example_kubernetes_executor.py for tasks to queue
[2023-05-19 15:26:52,129] {logging_mixin.py:115} INFO - [2023-05-19 15:26:52,129] {dagbag.py:507} INFO - Filling up the DagBag from /Users/marianaoliveira/Downloads/alura1/venv/lib/python3.10/site-packages/airflow/example_dags/example_kubernetes_executor.py
[2023-05-19 15:26:52,158] {logging_mixin.py:115} INFO - [2023-05-19 15:26:52,158] {example_kubernetes_executor.py:39} WARNING - The example_kubernetes_executor example DAG requires the kubernetes provider. Please install it with: pip install apache-airflow[cncf.kubernetes]
[2023-05-19 15:26:52,158] {processor.py:653} WARNING - No viable dags retrieved from /Users/marianaoliveira/Downloads/alura1/venv/lib/python3.10/site-packages/airflow/example_dags/example_kubernetes_executor.py
[2023-05-19 15:26:52,204] {processor.py:161} INFO - Processing /Users/marianaoliveira/Downloads/alura1/venv/lib/python3.10/site-packages/airflow/example_dags/example_kubernetes_executor.py took 0.076 seconds
[2023-05-19 15:28:56,001] {processor.py:153} INFO - Started process (PID=3424) to work on /Users/marianaoliveira/Downloads/alura1/venv/lib/python3.10/site-packages/airflow/example_dags/example_kubernetes_executor.py
[2023-05-19 15:28:56,001] {processor.py:641} INFO - Processing file /Users/marianaoliveira/Downloads/alura1/venv/lib/python3.10/site-packages/airflow/example_dags/example_kubernetes_executor.py for tasks to queue
[2023-05-19 15:28:56,002] {logging_mixin.py:115} INFO - [2023-05-19 15:28:56,002] {dagbag.py:507} INFO - Filling up the DagBag from /Users/marianaoliveira/Downloads/alura1/venv/lib/python3.10/site-packages/airflow/example_dags/example_kubernetes_executor.py
[2023-05-19 15:28:56,034] {logging_mixin.py:115} INFO - [2023-05-19 15:28:56,034] {example_kubernetes_executor.py:39} WARNING - The example_kubernetes_executor example DAG requires the kubernetes provider. Please install it with: pip install apache-airflow[cncf.kubernetes]
[2023-05-19 15:28:56,035] {processor.py:653} WARNING - No viable dags retrieved from /Users/marianaoliveira/Downloads/alura1/venv/lib/python3.10/site-packages/airflow/example_dags/example_kubernetes_executor.py
[2023-05-19 15:28:56,089] {processor.py:161} INFO - Processing /Users/marianaoliveira/Downloads/alura1/venv/lib/python3.10/site-packages/airflow/example_dags/example_kubernetes_executor.py took 0.089 seconds
[2023-05-19 16:29:47,319] {processor.py:153} INFO - Started process (PID=6076) to work on /Users/marianaoliveira/Downloads/alura1/venv/lib/python3.10/site-packages/airflow/example_dags/example_kubernetes_executor.py
[2023-05-19 16:29:47,321] {processor.py:641} INFO - Processing file /Users/marianaoliveira/Downloads/alura1/venv/lib/python3.10/site-packages/airflow/example_dags/example_kubernetes_executor.py for tasks to queue
[2023-05-19 16:29:47,325] {logging_mixin.py:115} INFO - [2023-05-19 16:29:47,325] {dagbag.py:507} INFO - Filling up the DagBag from /Users/marianaoliveira/Downloads/alura1/venv/lib/python3.10/site-packages/airflow/example_dags/example_kubernetes_executor.py
[2023-05-19 16:29:47,470] {logging_mixin.py:115} INFO - [2023-05-19 16:29:47,469] {example_kubernetes_executor.py:39} WARNING - The example_kubernetes_executor example DAG requires the kubernetes provider. Please install it with: pip install apache-airflow[cncf.kubernetes]
[2023-05-19 16:29:47,470] {processor.py:653} WARNING - No viable dags retrieved from /Users/marianaoliveira/Downloads/alura1/venv/lib/python3.10/site-packages/airflow/example_dags/example_kubernetes_executor.py
[2023-05-19 16:29:47,672] {processor.py:161} INFO - Processing /Users/marianaoliveira/Downloads/alura1/venv/lib/python3.10/site-packages/airflow/example_dags/example_kubernetes_executor.py took 0.355 seconds
[2023-05-19 16:34:28,049] {processor.py:153} INFO - Started process (PID=6240) to work on /Users/marianaoliveira/Downloads/alura1/venv/lib/python3.10/site-packages/airflow/example_dags/example_kubernetes_executor.py
[2023-05-19 16:34:28,050] {processor.py:641} INFO - Processing file /Users/marianaoliveira/Downloads/alura1/venv/lib/python3.10/site-packages/airflow/example_dags/example_kubernetes_executor.py for tasks to queue
[2023-05-19 16:34:28,062] {logging_mixin.py:115} INFO - [2023-05-19 16:34:28,062] {dagbag.py:507} INFO - Filling up the DagBag from /Users/marianaoliveira/Downloads/alura1/venv/lib/python3.10/site-packages/airflow/example_dags/example_kubernetes_executor.py
[2023-05-19 16:34:28,159] {logging_mixin.py:115} INFO - [2023-05-19 16:34:28,158] {example_kubernetes_executor.py:39} WARNING - The example_kubernetes_executor example DAG requires the kubernetes provider. Please install it with: pip install apache-airflow[cncf.kubernetes]
[2023-05-19 16:34:28,159] {processor.py:653} WARNING - No viable dags retrieved from /Users/marianaoliveira/Downloads/alura1/venv/lib/python3.10/site-packages/airflow/example_dags/example_kubernetes_executor.py
[2023-05-19 16:34:28,749] {processor.py:161} INFO - Processing /Users/marianaoliveira/Downloads/alura1/venv/lib/python3.10/site-packages/airflow/example_dags/example_kubernetes_executor.py took 0.702 seconds
[2023-05-19 16:36:52,634] {processor.py:153} INFO - Started process (PID=6312) to work on /Users/marianaoliveira/Downloads/alura1/venv/lib/python3.10/site-packages/airflow/example_dags/example_kubernetes_executor.py
[2023-05-19 16:36:52,638] {processor.py:641} INFO - Processing file /Users/marianaoliveira/Downloads/alura1/venv/lib/python3.10/site-packages/airflow/example_dags/example_kubernetes_executor.py for tasks to queue
[2023-05-19 16:36:52,639] {logging_mixin.py:115} INFO - [2023-05-19 16:36:52,639] {dagbag.py:507} INFO - Filling up the DagBag from /Users/marianaoliveira/Downloads/alura1/venv/lib/python3.10/site-packages/airflow/example_dags/example_kubernetes_executor.py
[2023-05-19 16:36:52,679] {logging_mixin.py:115} INFO - [2023-05-19 16:36:52,679] {example_kubernetes_executor.py:39} WARNING - The example_kubernetes_executor example DAG requires the kubernetes provider. Please install it with: pip install apache-airflow[cncf.kubernetes]
[2023-05-19 16:36:52,680] {processor.py:653} WARNING - No viable dags retrieved from /Users/marianaoliveira/Downloads/alura1/venv/lib/python3.10/site-packages/airflow/example_dags/example_kubernetes_executor.py
[2023-05-19 16:36:52,754] {processor.py:161} INFO - Processing /Users/marianaoliveira/Downloads/alura1/venv/lib/python3.10/site-packages/airflow/example_dags/example_kubernetes_executor.py took 0.121 seconds
[2023-05-19 16:52:05,528] {processor.py:153} INFO - Started process (PID=6759) to work on /Users/marianaoliveira/Downloads/alura1/venv/lib/python3.10/site-packages/airflow/example_dags/example_kubernetes_executor.py
[2023-05-19 16:52:05,530] {processor.py:641} INFO - Processing file /Users/marianaoliveira/Downloads/alura1/venv/lib/python3.10/site-packages/airflow/example_dags/example_kubernetes_executor.py for tasks to queue
[2023-05-19 16:52:05,535] {logging_mixin.py:115} INFO - [2023-05-19 16:52:05,535] {dagbag.py:507} INFO - Filling up the DagBag from /Users/marianaoliveira/Downloads/alura1/venv/lib/python3.10/site-packages/airflow/example_dags/example_kubernetes_executor.py
[2023-05-19 16:52:05,635] {logging_mixin.py:115} INFO - [2023-05-19 16:52:05,635] {example_kubernetes_executor.py:39} WARNING - The example_kubernetes_executor example DAG requires the kubernetes provider. Please install it with: pip install apache-airflow[cncf.kubernetes]
[2023-05-19 16:52:05,636] {processor.py:653} WARNING - No viable dags retrieved from /Users/marianaoliveira/Downloads/alura1/venv/lib/python3.10/site-packages/airflow/example_dags/example_kubernetes_executor.py
[2023-05-19 16:52:05,738] {processor.py:161} INFO - Processing /Users/marianaoliveira/Downloads/alura1/venv/lib/python3.10/site-packages/airflow/example_dags/example_kubernetes_executor.py took 0.211 seconds
[2023-05-19 16:55:44,341] {processor.py:153} INFO - Started process (PID=6996) to work on /Users/marianaoliveira/Downloads/alura1/venv/lib/python3.10/site-packages/airflow/example_dags/example_kubernetes_executor.py
[2023-05-19 16:55:44,342] {processor.py:641} INFO - Processing file /Users/marianaoliveira/Downloads/alura1/venv/lib/python3.10/site-packages/airflow/example_dags/example_kubernetes_executor.py for tasks to queue
[2023-05-19 16:55:44,343] {logging_mixin.py:115} INFO - [2023-05-19 16:55:44,343] {dagbag.py:507} INFO - Filling up the DagBag from /Users/marianaoliveira/Downloads/alura1/venv/lib/python3.10/site-packages/airflow/example_dags/example_kubernetes_executor.py
[2023-05-19 16:55:44,393] {logging_mixin.py:115} INFO - [2023-05-19 16:55:44,393] {example_kubernetes_executor.py:39} WARNING - The example_kubernetes_executor example DAG requires the kubernetes provider. Please install it with: pip install apache-airflow[cncf.kubernetes]
[2023-05-19 16:55:44,393] {processor.py:653} WARNING - No viable dags retrieved from /Users/marianaoliveira/Downloads/alura1/venv/lib/python3.10/site-packages/airflow/example_dags/example_kubernetes_executor.py
[2023-05-19 16:55:44,485] {processor.py:161} INFO - Processing /Users/marianaoliveira/Downloads/alura1/venv/lib/python3.10/site-packages/airflow/example_dags/example_kubernetes_executor.py took 0.147 seconds
[2023-05-19 16:58:48,118] {processor.py:153} INFO - Started process (PID=7077) to work on /Users/marianaoliveira/Downloads/alura1/venv/lib/python3.10/site-packages/airflow/example_dags/example_kubernetes_executor.py
[2023-05-19 16:58:48,120] {processor.py:641} INFO - Processing file /Users/marianaoliveira/Downloads/alura1/venv/lib/python3.10/site-packages/airflow/example_dags/example_kubernetes_executor.py for tasks to queue
[2023-05-19 16:58:48,121] {logging_mixin.py:115} INFO - [2023-05-19 16:58:48,121] {dagbag.py:507} INFO - Filling up the DagBag from /Users/marianaoliveira/Downloads/alura1/venv/lib/python3.10/site-packages/airflow/example_dags/example_kubernetes_executor.py
[2023-05-19 16:58:48,175] {logging_mixin.py:115} INFO - [2023-05-19 16:58:48,175] {example_kubernetes_executor.py:39} WARNING - The example_kubernetes_executor example DAG requires the kubernetes provider. Please install it with: pip install apache-airflow[cncf.kubernetes]
[2023-05-19 16:58:48,175] {processor.py:653} WARNING - No viable dags retrieved from /Users/marianaoliveira/Downloads/alura1/venv/lib/python3.10/site-packages/airflow/example_dags/example_kubernetes_executor.py
[2023-05-19 16:58:48,285] {processor.py:161} INFO - Processing /Users/marianaoliveira/Downloads/alura1/venv/lib/python3.10/site-packages/airflow/example_dags/example_kubernetes_executor.py took 0.168 seconds
[2023-05-19 17:01:51,270] {processor.py:153} INFO - Started process (PID=7163) to work on /Users/marianaoliveira/Downloads/alura1/venv/lib/python3.10/site-packages/airflow/example_dags/example_kubernetes_executor.py
[2023-05-19 17:01:51,271] {processor.py:641} INFO - Processing file /Users/marianaoliveira/Downloads/alura1/venv/lib/python3.10/site-packages/airflow/example_dags/example_kubernetes_executor.py for tasks to queue
[2023-05-19 17:01:51,272] {logging_mixin.py:115} INFO - [2023-05-19 17:01:51,272] {dagbag.py:507} INFO - Filling up the DagBag from /Users/marianaoliveira/Downloads/alura1/venv/lib/python3.10/site-packages/airflow/example_dags/example_kubernetes_executor.py
[2023-05-19 17:01:51,317] {logging_mixin.py:115} INFO - [2023-05-19 17:01:51,317] {example_kubernetes_executor.py:39} WARNING - The example_kubernetes_executor example DAG requires the kubernetes provider. Please install it with: pip install apache-airflow[cncf.kubernetes]
[2023-05-19 17:01:51,317] {processor.py:653} WARNING - No viable dags retrieved from /Users/marianaoliveira/Downloads/alura1/venv/lib/python3.10/site-packages/airflow/example_dags/example_kubernetes_executor.py
[2023-05-19 17:01:51,389] {processor.py:161} INFO - Processing /Users/marianaoliveira/Downloads/alura1/venv/lib/python3.10/site-packages/airflow/example_dags/example_kubernetes_executor.py took 0.120 seconds
[2023-05-19 17:31:03,088] {processor.py:153} INFO - Started process (PID=7759) to work on /Users/marianaoliveira/Downloads/alura1/venv/lib/python3.10/site-packages/airflow/example_dags/example_kubernetes_executor.py
[2023-05-19 17:31:03,089] {processor.py:641} INFO - Processing file /Users/marianaoliveira/Downloads/alura1/venv/lib/python3.10/site-packages/airflow/example_dags/example_kubernetes_executor.py for tasks to queue
[2023-05-19 17:31:03,089] {logging_mixin.py:115} INFO - [2023-05-19 17:31:03,089] {dagbag.py:507} INFO - Filling up the DagBag from /Users/marianaoliveira/Downloads/alura1/venv/lib/python3.10/site-packages/airflow/example_dags/example_kubernetes_executor.py
[2023-05-19 17:31:03,187] {logging_mixin.py:115} INFO - [2023-05-19 17:31:03,187] {example_kubernetes_executor.py:39} WARNING - The example_kubernetes_executor example DAG requires the kubernetes provider. Please install it with: pip install apache-airflow[cncf.kubernetes]
[2023-05-19 17:31:03,187] {processor.py:653} WARNING - No viable dags retrieved from /Users/marianaoliveira/Downloads/alura1/venv/lib/python3.10/site-packages/airflow/example_dags/example_kubernetes_executor.py
[2023-05-19 17:31:03,288] {processor.py:161} INFO - Processing /Users/marianaoliveira/Downloads/alura1/venv/lib/python3.10/site-packages/airflow/example_dags/example_kubernetes_executor.py took 0.201 seconds
[2023-05-19 17:34:06,866] {processor.py:153} INFO - Started process (PID=7836) to work on /Users/marianaoliveira/Downloads/alura1/venv/lib/python3.10/site-packages/airflow/example_dags/example_kubernetes_executor.py
[2023-05-19 17:34:06,867] {processor.py:641} INFO - Processing file /Users/marianaoliveira/Downloads/alura1/venv/lib/python3.10/site-packages/airflow/example_dags/example_kubernetes_executor.py for tasks to queue
[2023-05-19 17:34:06,877] {logging_mixin.py:115} INFO - [2023-05-19 17:34:06,876] {dagbag.py:507} INFO - Filling up the DagBag from /Users/marianaoliveira/Downloads/alura1/venv/lib/python3.10/site-packages/airflow/example_dags/example_kubernetes_executor.py
[2023-05-19 17:34:07,129] {logging_mixin.py:115} INFO - [2023-05-19 17:34:07,128] {example_kubernetes_executor.py:39} WARNING - The example_kubernetes_executor example DAG requires the kubernetes provider. Please install it with: pip install apache-airflow[cncf.kubernetes]
[2023-05-19 17:34:07,130] {processor.py:653} WARNING - No viable dags retrieved from /Users/marianaoliveira/Downloads/alura1/venv/lib/python3.10/site-packages/airflow/example_dags/example_kubernetes_executor.py
[2023-05-19 17:34:07,439] {processor.py:161} INFO - Processing /Users/marianaoliveira/Downloads/alura1/venv/lib/python3.10/site-packages/airflow/example_dags/example_kubernetes_executor.py took 0.574 seconds
[2023-05-19 17:38:31,114] {processor.py:153} INFO - Started process (PID=7945) to work on /Users/marianaoliveira/Downloads/alura1/venv/lib/python3.10/site-packages/airflow/example_dags/example_kubernetes_executor.py
[2023-05-19 17:38:31,116] {processor.py:641} INFO - Processing file /Users/marianaoliveira/Downloads/alura1/venv/lib/python3.10/site-packages/airflow/example_dags/example_kubernetes_executor.py for tasks to queue
[2023-05-19 17:38:31,117] {logging_mixin.py:115} INFO - [2023-05-19 17:38:31,117] {dagbag.py:507} INFO - Filling up the DagBag from /Users/marianaoliveira/Downloads/alura1/venv/lib/python3.10/site-packages/airflow/example_dags/example_kubernetes_executor.py
[2023-05-19 17:38:31,211] {logging_mixin.py:115} INFO - [2023-05-19 17:38:31,211] {example_kubernetes_executor.py:39} WARNING - The example_kubernetes_executor example DAG requires the kubernetes provider. Please install it with: pip install apache-airflow[cncf.kubernetes]
[2023-05-19 17:38:31,212] {processor.py:653} WARNING - No viable dags retrieved from /Users/marianaoliveira/Downloads/alura1/venv/lib/python3.10/site-packages/airflow/example_dags/example_kubernetes_executor.py
[2023-05-19 17:38:31,301] {processor.py:161} INFO - Processing /Users/marianaoliveira/Downloads/alura1/venv/lib/python3.10/site-packages/airflow/example_dags/example_kubernetes_executor.py took 0.190 seconds
[2023-05-19 17:45:41,015] {processor.py:153} INFO - Started process (PID=8113) to work on /Users/marianaoliveira/Downloads/alura1/venv/lib/python3.10/site-packages/airflow/example_dags/example_kubernetes_executor.py
[2023-05-19 17:45:41,017] {processor.py:641} INFO - Processing file /Users/marianaoliveira/Downloads/alura1/venv/lib/python3.10/site-packages/airflow/example_dags/example_kubernetes_executor.py for tasks to queue
[2023-05-19 17:45:41,017] {logging_mixin.py:115} INFO - [2023-05-19 17:45:41,017] {dagbag.py:507} INFO - Filling up the DagBag from /Users/marianaoliveira/Downloads/alura1/venv/lib/python3.10/site-packages/airflow/example_dags/example_kubernetes_executor.py
[2023-05-19 17:45:41,065] {logging_mixin.py:115} INFO - [2023-05-19 17:45:41,064] {example_kubernetes_executor.py:39} WARNING - The example_kubernetes_executor example DAG requires the kubernetes provider. Please install it with: pip install apache-airflow[cncf.kubernetes]
[2023-05-19 17:45:41,065] {processor.py:653} WARNING - No viable dags retrieved from /Users/marianaoliveira/Downloads/alura1/venv/lib/python3.10/site-packages/airflow/example_dags/example_kubernetes_executor.py
[2023-05-19 17:45:41,140] {processor.py:161} INFO - Processing /Users/marianaoliveira/Downloads/alura1/venv/lib/python3.10/site-packages/airflow/example_dags/example_kubernetes_executor.py took 0.126 seconds
[2023-05-19 17:48:07,103] {processor.py:153} INFO - Started process (PID=8174) to work on /Users/marianaoliveira/Downloads/alura1/venv/lib/python3.10/site-packages/airflow/example_dags/example_kubernetes_executor.py
[2023-05-19 17:48:07,104] {processor.py:641} INFO - Processing file /Users/marianaoliveira/Downloads/alura1/venv/lib/python3.10/site-packages/airflow/example_dags/example_kubernetes_executor.py for tasks to queue
[2023-05-19 17:48:07,105] {logging_mixin.py:115} INFO - [2023-05-19 17:48:07,105] {dagbag.py:507} INFO - Filling up the DagBag from /Users/marianaoliveira/Downloads/alura1/venv/lib/python3.10/site-packages/airflow/example_dags/example_kubernetes_executor.py
[2023-05-19 17:48:07,248] {logging_mixin.py:115} INFO - [2023-05-19 17:48:07,248] {example_kubernetes_executor.py:39} WARNING - The example_kubernetes_executor example DAG requires the kubernetes provider. Please install it with: pip install apache-airflow[cncf.kubernetes]
[2023-05-19 17:48:07,248] {processor.py:653} WARNING - No viable dags retrieved from /Users/marianaoliveira/Downloads/alura1/venv/lib/python3.10/site-packages/airflow/example_dags/example_kubernetes_executor.py
[2023-05-19 17:48:07,489] {processor.py:161} INFO - Processing /Users/marianaoliveira/Downloads/alura1/venv/lib/python3.10/site-packages/airflow/example_dags/example_kubernetes_executor.py took 0.387 seconds
[2023-05-19 17:51:11,243] {processor.py:153} INFO - Started process (PID=8274) to work on /Users/marianaoliveira/Downloads/alura1/venv/lib/python3.10/site-packages/airflow/example_dags/example_kubernetes_executor.py
[2023-05-19 17:51:11,244] {processor.py:641} INFO - Processing file /Users/marianaoliveira/Downloads/alura1/venv/lib/python3.10/site-packages/airflow/example_dags/example_kubernetes_executor.py for tasks to queue
[2023-05-19 17:51:11,245] {logging_mixin.py:115} INFO - [2023-05-19 17:51:11,245] {dagbag.py:507} INFO - Filling up the DagBag from /Users/marianaoliveira/Downloads/alura1/venv/lib/python3.10/site-packages/airflow/example_dags/example_kubernetes_executor.py
[2023-05-19 17:51:11,311] {logging_mixin.py:115} INFO - [2023-05-19 17:51:11,310] {example_kubernetes_executor.py:39} WARNING - The example_kubernetes_executor example DAG requires the kubernetes provider. Please install it with: pip install apache-airflow[cncf.kubernetes]
[2023-05-19 17:51:11,311] {processor.py:653} WARNING - No viable dags retrieved from /Users/marianaoliveira/Downloads/alura1/venv/lib/python3.10/site-packages/airflow/example_dags/example_kubernetes_executor.py
[2023-05-19 17:51:11,440] {processor.py:161} INFO - Processing /Users/marianaoliveira/Downloads/alura1/venv/lib/python3.10/site-packages/airflow/example_dags/example_kubernetes_executor.py took 0.199 seconds
[2023-05-19 17:54:42,779] {processor.py:153} INFO - Started process (PID=8447) to work on /Users/marianaoliveira/Downloads/alura1/venv/lib/python3.10/site-packages/airflow/example_dags/example_kubernetes_executor.py
[2023-05-19 17:54:42,781] {processor.py:641} INFO - Processing file /Users/marianaoliveira/Downloads/alura1/venv/lib/python3.10/site-packages/airflow/example_dags/example_kubernetes_executor.py for tasks to queue
[2023-05-19 17:54:42,782] {logging_mixin.py:115} INFO - [2023-05-19 17:54:42,781] {dagbag.py:507} INFO - Filling up the DagBag from /Users/marianaoliveira/Downloads/alura1/venv/lib/python3.10/site-packages/airflow/example_dags/example_kubernetes_executor.py
[2023-05-19 17:54:42,827] {logging_mixin.py:115} INFO - [2023-05-19 17:54:42,827] {example_kubernetes_executor.py:39} WARNING - The example_kubernetes_executor example DAG requires the kubernetes provider. Please install it with: pip install apache-airflow[cncf.kubernetes]
[2023-05-19 17:54:42,828] {processor.py:653} WARNING - No viable dags retrieved from /Users/marianaoliveira/Downloads/alura1/venv/lib/python3.10/site-packages/airflow/example_dags/example_kubernetes_executor.py
[2023-05-19 17:54:42,895] {processor.py:161} INFO - Processing /Users/marianaoliveira/Downloads/alura1/venv/lib/python3.10/site-packages/airflow/example_dags/example_kubernetes_executor.py took 0.116 seconds
[2023-05-19 17:57:42,613] {processor.py:153} INFO - Started process (PID=8601) to work on /Users/marianaoliveira/Downloads/alura1/venv/lib/python3.10/site-packages/airflow/example_dags/example_kubernetes_executor.py
[2023-05-19 17:57:42,615] {processor.py:641} INFO - Processing file /Users/marianaoliveira/Downloads/alura1/venv/lib/python3.10/site-packages/airflow/example_dags/example_kubernetes_executor.py for tasks to queue
[2023-05-19 17:57:42,615] {logging_mixin.py:115} INFO - [2023-05-19 17:57:42,615] {dagbag.py:507} INFO - Filling up the DagBag from /Users/marianaoliveira/Downloads/alura1/venv/lib/python3.10/site-packages/airflow/example_dags/example_kubernetes_executor.py
[2023-05-19 17:57:42,661] {logging_mixin.py:115} INFO - [2023-05-19 17:57:42,661] {example_kubernetes_executor.py:39} WARNING - The example_kubernetes_executor example DAG requires the kubernetes provider. Please install it with: pip install apache-airflow[cncf.kubernetes]
[2023-05-19 17:57:42,661] {processor.py:653} WARNING - No viable dags retrieved from /Users/marianaoliveira/Downloads/alura1/venv/lib/python3.10/site-packages/airflow/example_dags/example_kubernetes_executor.py
[2023-05-19 17:57:42,729] {processor.py:161} INFO - Processing /Users/marianaoliveira/Downloads/alura1/venv/lib/python3.10/site-packages/airflow/example_dags/example_kubernetes_executor.py took 0.117 seconds
[2023-05-19 18:15:33,559] {processor.py:153} INFO - Started process (PID=9229) to work on /Users/marianaoliveira/Downloads/alura1/venv/lib/python3.10/site-packages/airflow/example_dags/example_kubernetes_executor.py
[2023-05-19 18:15:33,562] {processor.py:641} INFO - Processing file /Users/marianaoliveira/Downloads/alura1/venv/lib/python3.10/site-packages/airflow/example_dags/example_kubernetes_executor.py for tasks to queue
[2023-05-19 18:15:33,563] {logging_mixin.py:115} INFO - [2023-05-19 18:15:33,563] {dagbag.py:507} INFO - Filling up the DagBag from /Users/marianaoliveira/Downloads/alura1/venv/lib/python3.10/site-packages/airflow/example_dags/example_kubernetes_executor.py
[2023-05-19 18:15:33,685] {logging_mixin.py:115} INFO - [2023-05-19 18:15:33,684] {example_kubernetes_executor.py:39} WARNING - The example_kubernetes_executor example DAG requires the kubernetes provider. Please install it with: pip install apache-airflow[cncf.kubernetes]
[2023-05-19 18:15:33,685] {processor.py:653} WARNING - No viable dags retrieved from /Users/marianaoliveira/Downloads/alura1/venv/lib/python3.10/site-packages/airflow/example_dags/example_kubernetes_executor.py
[2023-05-19 18:15:33,874] {processor.py:161} INFO - Processing /Users/marianaoliveira/Downloads/alura1/venv/lib/python3.10/site-packages/airflow/example_dags/example_kubernetes_executor.py took 0.338 seconds
