[2023-05-19 15:11:52,152] {processor.py:153} INFO - Started process (PID=2770) to work on /Users/marianaoliveira/Downloads/alura1/venv/lib/python3.10/site-packages/airflow/example_dags/example_time_delta_sensor_async.py
[2023-05-19 15:11:52,154] {processor.py:641} INFO - Processing file /Users/marianaoliveira/Downloads/alura1/venv/lib/python3.10/site-packages/airflow/example_dags/example_time_delta_sensor_async.py for tasks to queue
[2023-05-19 15:11:52,155] {logging_mixin.py:115} INFO - [2023-05-19 15:11:52,155] {dagbag.py:507} INFO - Filling up the DagBag from /Users/marianaoliveira/Downloads/alura1/venv/lib/python3.10/site-packages/airflow/example_dags/example_time_delta_sensor_async.py
[2023-05-19 15:11:52,180] {processor.py:651} INFO - DAG(s) dict_keys(['example_time_delta_sensor_async']) retrieved from /Users/marianaoliveira/Downloads/alura1/venv/lib/python3.10/site-packages/airflow/example_dags/example_time_delta_sensor_async.py
[2023-05-19 15:11:53,496] {logging_mixin.py:115} INFO - [2023-05-19 15:11:53,496] {manager.py:508} INFO - Created Permission View: can read on DAG:example_time_delta_sensor_async
[2023-05-19 15:11:53,513] {logging_mixin.py:115} INFO - [2023-05-19 15:11:53,513] {manager.py:508} INFO - Created Permission View: can delete on DAG:example_time_delta_sensor_async
[2023-05-19 15:11:53,526] {logging_mixin.py:115} INFO - [2023-05-19 15:11:53,526] {manager.py:508} INFO - Created Permission View: can edit on DAG:example_time_delta_sensor_async
[2023-05-19 15:11:53,527] {logging_mixin.py:115} INFO - [2023-05-19 15:11:53,526] {dag.py:2379} INFO - Sync 1 DAGs
[2023-05-19 15:11:53,535] {logging_mixin.py:115} INFO - [2023-05-19 15:11:53,535] {dag.py:2398} INFO - Creating ORM DAG for example_time_delta_sensor_async
[2023-05-19 15:11:53,548] {logging_mixin.py:115} INFO - [2023-05-19 15:11:53,547] {dag.py:2927} INFO - Setting next_dagrun for example_time_delta_sensor_async to None, run_after=None
[2023-05-19 15:11:53,566] {processor.py:161} INFO - Processing /Users/marianaoliveira/Downloads/alura1/venv/lib/python3.10/site-packages/airflow/example_dags/example_time_delta_sensor_async.py took 1.415 seconds
[2023-05-19 15:13:45,899] {processor.py:153} INFO - Started process (PID=2875) to work on /Users/marianaoliveira/Downloads/alura1/venv/lib/python3.10/site-packages/airflow/example_dags/example_time_delta_sensor_async.py
[2023-05-19 15:13:45,901] {processor.py:641} INFO - Processing file /Users/marianaoliveira/Downloads/alura1/venv/lib/python3.10/site-packages/airflow/example_dags/example_time_delta_sensor_async.py for tasks to queue
[2023-05-19 15:13:45,901] {logging_mixin.py:115} INFO - [2023-05-19 15:13:45,901] {dagbag.py:507} INFO - Filling up the DagBag from /Users/marianaoliveira/Downloads/alura1/venv/lib/python3.10/site-packages/airflow/example_dags/example_time_delta_sensor_async.py
[2023-05-19 15:13:45,923] {processor.py:651} INFO - DAG(s) dict_keys(['example_time_delta_sensor_async']) retrieved from /Users/marianaoliveira/Downloads/alura1/venv/lib/python3.10/site-packages/airflow/example_dags/example_time_delta_sensor_async.py
[2023-05-19 15:13:46,003] {logging_mixin.py:115} INFO - [2023-05-19 15:13:46,003] {dag.py:2379} INFO - Sync 1 DAGs
[2023-05-19 15:13:46,021] {logging_mixin.py:115} INFO - [2023-05-19 15:13:46,021] {dag.py:2927} INFO - Setting next_dagrun for example_time_delta_sensor_async to None, run_after=None
[2023-05-19 15:13:46,034] {processor.py:161} INFO - Processing /Users/marianaoliveira/Downloads/alura1/venv/lib/python3.10/site-packages/airflow/example_dags/example_time_delta_sensor_async.py took 0.136 seconds
[2023-05-19 15:14:42,206] {processor.py:153} INFO - Started process (PID=2910) to work on /Users/marianaoliveira/Downloads/alura1/venv/lib/python3.10/site-packages/airflow/example_dags/example_time_delta_sensor_async.py
[2023-05-19 15:14:42,206] {processor.py:641} INFO - Processing file /Users/marianaoliveira/Downloads/alura1/venv/lib/python3.10/site-packages/airflow/example_dags/example_time_delta_sensor_async.py for tasks to queue
[2023-05-19 15:14:42,206] {logging_mixin.py:115} INFO - [2023-05-19 15:14:42,206] {dagbag.py:507} INFO - Filling up the DagBag from /Users/marianaoliveira/Downloads/alura1/venv/lib/python3.10/site-packages/airflow/example_dags/example_time_delta_sensor_async.py
[2023-05-19 15:14:42,221] {processor.py:651} INFO - DAG(s) dict_keys(['example_time_delta_sensor_async']) retrieved from /Users/marianaoliveira/Downloads/alura1/venv/lib/python3.10/site-packages/airflow/example_dags/example_time_delta_sensor_async.py
[2023-05-19 15:14:42,310] {logging_mixin.py:115} INFO - [2023-05-19 15:14:42,310] {dag.py:2379} INFO - Sync 1 DAGs
[2023-05-19 15:14:42,328] {logging_mixin.py:115} INFO - [2023-05-19 15:14:42,328] {dag.py:2927} INFO - Setting next_dagrun for example_time_delta_sensor_async to None, run_after=None
[2023-05-19 15:14:42,340] {processor.py:161} INFO - Processing /Users/marianaoliveira/Downloads/alura1/venv/lib/python3.10/site-packages/airflow/example_dags/example_time_delta_sensor_async.py took 0.135 seconds
[2023-05-19 15:17:03,605] {processor.py:153} INFO - Started process (PID=2994) to work on /Users/marianaoliveira/Downloads/alura1/venv/lib/python3.10/site-packages/airflow/example_dags/example_time_delta_sensor_async.py
[2023-05-19 15:17:03,606] {processor.py:641} INFO - Processing file /Users/marianaoliveira/Downloads/alura1/venv/lib/python3.10/site-packages/airflow/example_dags/example_time_delta_sensor_async.py for tasks to queue
[2023-05-19 15:17:03,607] {logging_mixin.py:115} INFO - [2023-05-19 15:17:03,607] {dagbag.py:507} INFO - Filling up the DagBag from /Users/marianaoliveira/Downloads/alura1/venv/lib/python3.10/site-packages/airflow/example_dags/example_time_delta_sensor_async.py
[2023-05-19 15:17:03,628] {processor.py:651} INFO - DAG(s) dict_keys(['example_time_delta_sensor_async']) retrieved from /Users/marianaoliveira/Downloads/alura1/venv/lib/python3.10/site-packages/airflow/example_dags/example_time_delta_sensor_async.py
[2023-05-19 15:17:03,808] {logging_mixin.py:115} INFO - [2023-05-19 15:17:03,808] {dag.py:2379} INFO - Sync 1 DAGs
[2023-05-19 15:17:03,850] {logging_mixin.py:115} INFO - [2023-05-19 15:17:03,850] {dag.py:2927} INFO - Setting next_dagrun for example_time_delta_sensor_async to None, run_after=None
[2023-05-19 15:17:03,883] {processor.py:161} INFO - Processing /Users/marianaoliveira/Downloads/alura1/venv/lib/python3.10/site-packages/airflow/example_dags/example_time_delta_sensor_async.py took 0.279 seconds
[2023-05-19 15:18:26,188] {processor.py:153} INFO - Started process (PID=3066) to work on /Users/marianaoliveira/Downloads/alura1/venv/lib/python3.10/site-packages/airflow/example_dags/example_time_delta_sensor_async.py
[2023-05-19 15:18:26,189] {processor.py:641} INFO - Processing file /Users/marianaoliveira/Downloads/alura1/venv/lib/python3.10/site-packages/airflow/example_dags/example_time_delta_sensor_async.py for tasks to queue
[2023-05-19 15:18:26,189] {logging_mixin.py:115} INFO - [2023-05-19 15:18:26,189] {dagbag.py:507} INFO - Filling up the DagBag from /Users/marianaoliveira/Downloads/alura1/venv/lib/python3.10/site-packages/airflow/example_dags/example_time_delta_sensor_async.py
[2023-05-19 15:18:26,209] {processor.py:651} INFO - DAG(s) dict_keys(['example_time_delta_sensor_async']) retrieved from /Users/marianaoliveira/Downloads/alura1/venv/lib/python3.10/site-packages/airflow/example_dags/example_time_delta_sensor_async.py
[2023-05-19 15:18:26,334] {logging_mixin.py:115} INFO - [2023-05-19 15:18:26,334] {dag.py:2379} INFO - Sync 1 DAGs
[2023-05-19 15:18:26,351] {logging_mixin.py:115} INFO - [2023-05-19 15:18:26,351] {dag.py:2927} INFO - Setting next_dagrun for example_time_delta_sensor_async to None, run_after=None
[2023-05-19 15:18:26,362] {processor.py:161} INFO - Processing /Users/marianaoliveira/Downloads/alura1/venv/lib/python3.10/site-packages/airflow/example_dags/example_time_delta_sensor_async.py took 0.175 seconds
[2023-05-19 15:19:30,477] {processor.py:153} INFO - Started process (PID=3102) to work on /Users/marianaoliveira/Downloads/alura1/venv/lib/python3.10/site-packages/airflow/example_dags/example_time_delta_sensor_async.py
[2023-05-19 15:19:30,479] {processor.py:641} INFO - Processing file /Users/marianaoliveira/Downloads/alura1/venv/lib/python3.10/site-packages/airflow/example_dags/example_time_delta_sensor_async.py for tasks to queue
[2023-05-19 15:19:30,479] {logging_mixin.py:115} INFO - [2023-05-19 15:19:30,479] {dagbag.py:507} INFO - Filling up the DagBag from /Users/marianaoliveira/Downloads/alura1/venv/lib/python3.10/site-packages/airflow/example_dags/example_time_delta_sensor_async.py
[2023-05-19 15:19:30,504] {processor.py:651} INFO - DAG(s) dict_keys(['example_time_delta_sensor_async']) retrieved from /Users/marianaoliveira/Downloads/alura1/venv/lib/python3.10/site-packages/airflow/example_dags/example_time_delta_sensor_async.py
[2023-05-19 15:19:30,604] {logging_mixin.py:115} INFO - [2023-05-19 15:19:30,604] {dag.py:2379} INFO - Sync 1 DAGs
[2023-05-19 15:19:30,623] {logging_mixin.py:115} INFO - [2023-05-19 15:19:30,622] {dag.py:2927} INFO - Setting next_dagrun for example_time_delta_sensor_async to None, run_after=None
[2023-05-19 15:19:30,636] {processor.py:161} INFO - Processing /Users/marianaoliveira/Downloads/alura1/venv/lib/python3.10/site-packages/airflow/example_dags/example_time_delta_sensor_async.py took 0.161 seconds
[2023-05-19 15:20:30,382] {processor.py:153} INFO - Started process (PID=3132) to work on /Users/marianaoliveira/Downloads/alura1/venv/lib/python3.10/site-packages/airflow/example_dags/example_time_delta_sensor_async.py
[2023-05-19 15:20:30,383] {processor.py:641} INFO - Processing file /Users/marianaoliveira/Downloads/alura1/venv/lib/python3.10/site-packages/airflow/example_dags/example_time_delta_sensor_async.py for tasks to queue
[2023-05-19 15:20:30,383] {logging_mixin.py:115} INFO - [2023-05-19 15:20:30,383] {dagbag.py:507} INFO - Filling up the DagBag from /Users/marianaoliveira/Downloads/alura1/venv/lib/python3.10/site-packages/airflow/example_dags/example_time_delta_sensor_async.py
[2023-05-19 15:20:30,402] {processor.py:651} INFO - DAG(s) dict_keys(['example_time_delta_sensor_async']) retrieved from /Users/marianaoliveira/Downloads/alura1/venv/lib/python3.10/site-packages/airflow/example_dags/example_time_delta_sensor_async.py
[2023-05-19 15:20:30,479] {logging_mixin.py:115} INFO - [2023-05-19 15:20:30,479] {dag.py:2379} INFO - Sync 1 DAGs
[2023-05-19 15:20:30,496] {logging_mixin.py:115} INFO - [2023-05-19 15:20:30,496] {dag.py:2927} INFO - Setting next_dagrun for example_time_delta_sensor_async to None, run_after=None
[2023-05-19 15:20:30,508] {processor.py:161} INFO - Processing /Users/marianaoliveira/Downloads/alura1/venv/lib/python3.10/site-packages/airflow/example_dags/example_time_delta_sensor_async.py took 0.127 seconds
[2023-05-19 15:22:09,211] {processor.py:153} INFO - Started process (PID=3184) to work on /Users/marianaoliveira/Downloads/alura1/venv/lib/python3.10/site-packages/airflow/example_dags/example_time_delta_sensor_async.py
[2023-05-19 15:22:09,213] {processor.py:641} INFO - Processing file /Users/marianaoliveira/Downloads/alura1/venv/lib/python3.10/site-packages/airflow/example_dags/example_time_delta_sensor_async.py for tasks to queue
[2023-05-19 15:22:09,213] {logging_mixin.py:115} INFO - [2023-05-19 15:22:09,213] {dagbag.py:507} INFO - Filling up the DagBag from /Users/marianaoliveira/Downloads/alura1/venv/lib/python3.10/site-packages/airflow/example_dags/example_time_delta_sensor_async.py
[2023-05-19 15:22:09,230] {processor.py:651} INFO - DAG(s) dict_keys(['example_time_delta_sensor_async']) retrieved from /Users/marianaoliveira/Downloads/alura1/venv/lib/python3.10/site-packages/airflow/example_dags/example_time_delta_sensor_async.py
[2023-05-19 15:22:09,306] {logging_mixin.py:115} INFO - [2023-05-19 15:22:09,306] {dag.py:2379} INFO - Sync 1 DAGs
[2023-05-19 15:22:09,322] {logging_mixin.py:115} INFO - [2023-05-19 15:22:09,322] {dag.py:2927} INFO - Setting next_dagrun for example_time_delta_sensor_async to None, run_after=None
[2023-05-19 15:22:09,334] {processor.py:161} INFO - Processing /Users/marianaoliveira/Downloads/alura1/venv/lib/python3.10/site-packages/airflow/example_dags/example_time_delta_sensor_async.py took 0.123 seconds
[2023-05-19 15:23:46,260] {processor.py:153} INFO - Started process (PID=3235) to work on /Users/marianaoliveira/Downloads/alura1/venv/lib/python3.10/site-packages/airflow/example_dags/example_time_delta_sensor_async.py
[2023-05-19 15:23:46,261] {processor.py:641} INFO - Processing file /Users/marianaoliveira/Downloads/alura1/venv/lib/python3.10/site-packages/airflow/example_dags/example_time_delta_sensor_async.py for tasks to queue
[2023-05-19 15:23:46,262] {logging_mixin.py:115} INFO - [2023-05-19 15:23:46,262] {dagbag.py:507} INFO - Filling up the DagBag from /Users/marianaoliveira/Downloads/alura1/venv/lib/python3.10/site-packages/airflow/example_dags/example_time_delta_sensor_async.py
[2023-05-19 15:23:46,282] {processor.py:651} INFO - DAG(s) dict_keys(['example_time_delta_sensor_async']) retrieved from /Users/marianaoliveira/Downloads/alura1/venv/lib/python3.10/site-packages/airflow/example_dags/example_time_delta_sensor_async.py
[2023-05-19 15:23:46,377] {logging_mixin.py:115} INFO - [2023-05-19 15:23:46,377] {dag.py:2379} INFO - Sync 1 DAGs
[2023-05-19 15:23:46,394] {logging_mixin.py:115} INFO - [2023-05-19 15:23:46,394] {dag.py:2927} INFO - Setting next_dagrun for example_time_delta_sensor_async to None, run_after=None
[2023-05-19 15:23:46,407] {processor.py:161} INFO - Processing /Users/marianaoliveira/Downloads/alura1/venv/lib/python3.10/site-packages/airflow/example_dags/example_time_delta_sensor_async.py took 0.148 seconds
[2023-05-19 15:24:50,268] {processor.py:153} INFO - Started process (PID=3269) to work on /Users/marianaoliveira/Downloads/alura1/venv/lib/python3.10/site-packages/airflow/example_dags/example_time_delta_sensor_async.py
[2023-05-19 15:24:50,269] {processor.py:641} INFO - Processing file /Users/marianaoliveira/Downloads/alura1/venv/lib/python3.10/site-packages/airflow/example_dags/example_time_delta_sensor_async.py for tasks to queue
[2023-05-19 15:24:50,271] {logging_mixin.py:115} INFO - [2023-05-19 15:24:50,270] {dagbag.py:507} INFO - Filling up the DagBag from /Users/marianaoliveira/Downloads/alura1/venv/lib/python3.10/site-packages/airflow/example_dags/example_time_delta_sensor_async.py
[2023-05-19 15:24:50,306] {processor.py:651} INFO - DAG(s) dict_keys(['example_time_delta_sensor_async']) retrieved from /Users/marianaoliveira/Downloads/alura1/venv/lib/python3.10/site-packages/airflow/example_dags/example_time_delta_sensor_async.py
[2023-05-19 15:24:50,498] {logging_mixin.py:115} INFO - [2023-05-19 15:24:50,498] {dag.py:2379} INFO - Sync 1 DAGs
[2023-05-19 15:24:50,549] {logging_mixin.py:115} INFO - [2023-05-19 15:24:50,549] {dag.py:2927} INFO - Setting next_dagrun for example_time_delta_sensor_async to None, run_after=None
[2023-05-19 15:24:50,567] {processor.py:161} INFO - Processing /Users/marianaoliveira/Downloads/alura1/venv/lib/python3.10/site-packages/airflow/example_dags/example_time_delta_sensor_async.py took 0.301 seconds
[2023-05-19 15:26:18,322] {processor.py:153} INFO - Started process (PID=3338) to work on /Users/marianaoliveira/Downloads/alura1/venv/lib/python3.10/site-packages/airflow/example_dags/example_time_delta_sensor_async.py
[2023-05-19 15:26:18,322] {processor.py:641} INFO - Processing file /Users/marianaoliveira/Downloads/alura1/venv/lib/python3.10/site-packages/airflow/example_dags/example_time_delta_sensor_async.py for tasks to queue
[2023-05-19 15:26:18,323] {logging_mixin.py:115} INFO - [2023-05-19 15:26:18,323] {dagbag.py:507} INFO - Filling up the DagBag from /Users/marianaoliveira/Downloads/alura1/venv/lib/python3.10/site-packages/airflow/example_dags/example_time_delta_sensor_async.py
[2023-05-19 15:26:18,347] {processor.py:651} INFO - DAG(s) dict_keys(['example_time_delta_sensor_async']) retrieved from /Users/marianaoliveira/Downloads/alura1/venv/lib/python3.10/site-packages/airflow/example_dags/example_time_delta_sensor_async.py
[2023-05-19 15:26:18,444] {logging_mixin.py:115} INFO - [2023-05-19 15:26:18,444] {dag.py:2379} INFO - Sync 1 DAGs
[2023-05-19 15:26:18,466] {logging_mixin.py:115} INFO - [2023-05-19 15:26:18,466] {dag.py:2927} INFO - Setting next_dagrun for example_time_delta_sensor_async to None, run_after=None
[2023-05-19 15:26:18,480] {processor.py:161} INFO - Processing /Users/marianaoliveira/Downloads/alura1/venv/lib/python3.10/site-packages/airflow/example_dags/example_time_delta_sensor_async.py took 0.158 seconds
[2023-05-19 15:27:31,289] {processor.py:153} INFO - Started process (PID=3379) to work on /Users/marianaoliveira/Downloads/alura1/venv/lib/python3.10/site-packages/airflow/example_dags/example_time_delta_sensor_async.py
[2023-05-19 15:27:31,289] {processor.py:641} INFO - Processing file /Users/marianaoliveira/Downloads/alura1/venv/lib/python3.10/site-packages/airflow/example_dags/example_time_delta_sensor_async.py for tasks to queue
[2023-05-19 15:27:31,290] {logging_mixin.py:115} INFO - [2023-05-19 15:27:31,290] {dagbag.py:507} INFO - Filling up the DagBag from /Users/marianaoliveira/Downloads/alura1/venv/lib/python3.10/site-packages/airflow/example_dags/example_time_delta_sensor_async.py
[2023-05-19 15:27:31,303] {processor.py:651} INFO - DAG(s) dict_keys(['example_time_delta_sensor_async']) retrieved from /Users/marianaoliveira/Downloads/alura1/venv/lib/python3.10/site-packages/airflow/example_dags/example_time_delta_sensor_async.py
[2023-05-19 15:27:31,380] {logging_mixin.py:115} INFO - [2023-05-19 15:27:31,380] {dag.py:2379} INFO - Sync 1 DAGs
[2023-05-19 15:27:31,396] {logging_mixin.py:115} INFO - [2023-05-19 15:27:31,396] {dag.py:2927} INFO - Setting next_dagrun for example_time_delta_sensor_async to None, run_after=None
[2023-05-19 15:27:31,408] {processor.py:161} INFO - Processing /Users/marianaoliveira/Downloads/alura1/venv/lib/python3.10/site-packages/airflow/example_dags/example_time_delta_sensor_async.py took 0.121 seconds
[2023-05-19 15:28:37,194] {processor.py:153} INFO - Started process (PID=3414) to work on /Users/marianaoliveira/Downloads/alura1/venv/lib/python3.10/site-packages/airflow/example_dags/example_time_delta_sensor_async.py
[2023-05-19 15:28:37,195] {processor.py:641} INFO - Processing file /Users/marianaoliveira/Downloads/alura1/venv/lib/python3.10/site-packages/airflow/example_dags/example_time_delta_sensor_async.py for tasks to queue
[2023-05-19 15:28:37,195] {logging_mixin.py:115} INFO - [2023-05-19 15:28:37,195] {dagbag.py:507} INFO - Filling up the DagBag from /Users/marianaoliveira/Downloads/alura1/venv/lib/python3.10/site-packages/airflow/example_dags/example_time_delta_sensor_async.py
[2023-05-19 15:28:37,219] {processor.py:651} INFO - DAG(s) dict_keys(['example_time_delta_sensor_async']) retrieved from /Users/marianaoliveira/Downloads/alura1/venv/lib/python3.10/site-packages/airflow/example_dags/example_time_delta_sensor_async.py
[2023-05-19 15:28:37,427] {logging_mixin.py:115} INFO - [2023-05-19 15:28:37,403] {dag.py:2379} INFO - Sync 1 DAGs
[2023-05-19 15:28:37,497] {logging_mixin.py:115} INFO - [2023-05-19 15:28:37,497] {dag.py:2927} INFO - Setting next_dagrun for example_time_delta_sensor_async to None, run_after=None
[2023-05-19 15:28:37,514] {processor.py:161} INFO - Processing /Users/marianaoliveira/Downloads/alura1/venv/lib/python3.10/site-packages/airflow/example_dags/example_time_delta_sensor_async.py took 0.321 seconds
[2023-05-19 15:29:48,035] {processor.py:153} INFO - Started process (PID=3461) to work on /Users/marianaoliveira/Downloads/alura1/venv/lib/python3.10/site-packages/airflow/example_dags/example_time_delta_sensor_async.py
[2023-05-19 15:29:48,035] {processor.py:641} INFO - Processing file /Users/marianaoliveira/Downloads/alura1/venv/lib/python3.10/site-packages/airflow/example_dags/example_time_delta_sensor_async.py for tasks to queue
[2023-05-19 15:29:48,035] {logging_mixin.py:115} INFO - [2023-05-19 15:29:48,035] {dagbag.py:507} INFO - Filling up the DagBag from /Users/marianaoliveira/Downloads/alura1/venv/lib/python3.10/site-packages/airflow/example_dags/example_time_delta_sensor_async.py
[2023-05-19 15:29:48,050] {processor.py:651} INFO - DAG(s) dict_keys(['example_time_delta_sensor_async']) retrieved from /Users/marianaoliveira/Downloads/alura1/venv/lib/python3.10/site-packages/airflow/example_dags/example_time_delta_sensor_async.py
[2023-05-19 15:29:48,129] {logging_mixin.py:115} INFO - [2023-05-19 15:29:48,129] {dag.py:2379} INFO - Sync 1 DAGs
[2023-05-19 15:29:48,145] {logging_mixin.py:115} INFO - [2023-05-19 15:29:48,145] {dag.py:2927} INFO - Setting next_dagrun for example_time_delta_sensor_async to None, run_after=None
[2023-05-19 15:29:48,157] {processor.py:161} INFO - Processing /Users/marianaoliveira/Downloads/alura1/venv/lib/python3.10/site-packages/airflow/example_dags/example_time_delta_sensor_async.py took 0.124 seconds
[2023-05-19 15:30:59,660] {processor.py:153} INFO - Started process (PID=3498) to work on /Users/marianaoliveira/Downloads/alura1/venv/lib/python3.10/site-packages/airflow/example_dags/example_time_delta_sensor_async.py
[2023-05-19 15:30:59,661] {processor.py:641} INFO - Processing file /Users/marianaoliveira/Downloads/alura1/venv/lib/python3.10/site-packages/airflow/example_dags/example_time_delta_sensor_async.py for tasks to queue
[2023-05-19 15:30:59,662] {logging_mixin.py:115} INFO - [2023-05-19 15:30:59,662] {dagbag.py:507} INFO - Filling up the DagBag from /Users/marianaoliveira/Downloads/alura1/venv/lib/python3.10/site-packages/airflow/example_dags/example_time_delta_sensor_async.py
[2023-05-19 15:30:59,693] {processor.py:651} INFO - DAG(s) dict_keys(['example_time_delta_sensor_async']) retrieved from /Users/marianaoliveira/Downloads/alura1/venv/lib/python3.10/site-packages/airflow/example_dags/example_time_delta_sensor_async.py
[2023-05-19 15:30:59,840] {logging_mixin.py:115} INFO - [2023-05-19 15:30:59,839] {dag.py:2379} INFO - Sync 1 DAGs
[2023-05-19 15:30:59,864] {logging_mixin.py:115} INFO - [2023-05-19 15:30:59,864] {dag.py:2927} INFO - Setting next_dagrun for example_time_delta_sensor_async to None, run_after=None
[2023-05-19 15:30:59,894] {processor.py:161} INFO - Processing /Users/marianaoliveira/Downloads/alura1/venv/lib/python3.10/site-packages/airflow/example_dags/example_time_delta_sensor_async.py took 0.234 seconds
[2023-05-19 16:29:08,208] {processor.py:153} INFO - Started process (PID=6054) to work on /Users/marianaoliveira/Downloads/alura1/venv/lib/python3.10/site-packages/airflow/example_dags/example_time_delta_sensor_async.py
[2023-05-19 16:29:08,209] {processor.py:641} INFO - Processing file /Users/marianaoliveira/Downloads/alura1/venv/lib/python3.10/site-packages/airflow/example_dags/example_time_delta_sensor_async.py for tasks to queue
[2023-05-19 16:29:08,210] {logging_mixin.py:115} INFO - [2023-05-19 16:29:08,210] {dagbag.py:507} INFO - Filling up the DagBag from /Users/marianaoliveira/Downloads/alura1/venv/lib/python3.10/site-packages/airflow/example_dags/example_time_delta_sensor_async.py
[2023-05-19 16:29:08,240] {processor.py:651} INFO - DAG(s) dict_keys(['example_time_delta_sensor_async']) retrieved from /Users/marianaoliveira/Downloads/alura1/venv/lib/python3.10/site-packages/airflow/example_dags/example_time_delta_sensor_async.py
[2023-05-19 16:29:08,390] {logging_mixin.py:115} INFO - [2023-05-19 16:29:08,390] {dag.py:2379} INFO - Sync 1 DAGs
[2023-05-19 16:29:08,416] {logging_mixin.py:115} INFO - [2023-05-19 16:29:08,416] {dag.py:2927} INFO - Setting next_dagrun for example_time_delta_sensor_async to None, run_after=None
[2023-05-19 16:29:08,437] {processor.py:161} INFO - Processing /Users/marianaoliveira/Downloads/alura1/venv/lib/python3.10/site-packages/airflow/example_dags/example_time_delta_sensor_async.py took 0.231 seconds
[2023-05-19 16:31:26,292] {processor.py:153} INFO - Started process (PID=6125) to work on /Users/marianaoliveira/Downloads/alura1/venv/lib/python3.10/site-packages/airflow/example_dags/example_time_delta_sensor_async.py
[2023-05-19 16:31:26,294] {processor.py:641} INFO - Processing file /Users/marianaoliveira/Downloads/alura1/venv/lib/python3.10/site-packages/airflow/example_dags/example_time_delta_sensor_async.py for tasks to queue
[2023-05-19 16:31:26,294] {logging_mixin.py:115} INFO - [2023-05-19 16:31:26,294] {dagbag.py:507} INFO - Filling up the DagBag from /Users/marianaoliveira/Downloads/alura1/venv/lib/python3.10/site-packages/airflow/example_dags/example_time_delta_sensor_async.py
[2023-05-19 16:31:26,325] {processor.py:651} INFO - DAG(s) dict_keys(['example_time_delta_sensor_async']) retrieved from /Users/marianaoliveira/Downloads/alura1/venv/lib/python3.10/site-packages/airflow/example_dags/example_time_delta_sensor_async.py
[2023-05-19 16:31:26,491] {logging_mixin.py:115} INFO - [2023-05-19 16:31:26,491] {dag.py:2379} INFO - Sync 1 DAGs
[2023-05-19 16:31:26,522] {logging_mixin.py:115} INFO - [2023-05-19 16:31:26,522] {dag.py:2927} INFO - Setting next_dagrun for example_time_delta_sensor_async to None, run_after=None
[2023-05-19 16:31:26,542] {processor.py:161} INFO - Processing /Users/marianaoliveira/Downloads/alura1/venv/lib/python3.10/site-packages/airflow/example_dags/example_time_delta_sensor_async.py took 0.253 seconds
[2023-05-19 16:33:27,644] {processor.py:153} INFO - Started process (PID=6206) to work on /Users/marianaoliveira/Downloads/alura1/venv/lib/python3.10/site-packages/airflow/example_dags/example_time_delta_sensor_async.py
[2023-05-19 16:33:27,646] {processor.py:641} INFO - Processing file /Users/marianaoliveira/Downloads/alura1/venv/lib/python3.10/site-packages/airflow/example_dags/example_time_delta_sensor_async.py for tasks to queue
[2023-05-19 16:33:27,646] {logging_mixin.py:115} INFO - [2023-05-19 16:33:27,646] {dagbag.py:507} INFO - Filling up the DagBag from /Users/marianaoliveira/Downloads/alura1/venv/lib/python3.10/site-packages/airflow/example_dags/example_time_delta_sensor_async.py
[2023-05-19 16:33:27,758] {processor.py:651} INFO - DAG(s) dict_keys(['example_time_delta_sensor_async']) retrieved from /Users/marianaoliveira/Downloads/alura1/venv/lib/python3.10/site-packages/airflow/example_dags/example_time_delta_sensor_async.py
[2023-05-19 16:33:28,072] {logging_mixin.py:115} INFO - [2023-05-19 16:33:28,072] {dag.py:2379} INFO - Sync 1 DAGs
[2023-05-19 16:33:28,111] {logging_mixin.py:115} INFO - [2023-05-19 16:33:28,111] {dag.py:2927} INFO - Setting next_dagrun for example_time_delta_sensor_async to None, run_after=None
[2023-05-19 16:33:28,133] {processor.py:161} INFO - Processing /Users/marianaoliveira/Downloads/alura1/venv/lib/python3.10/site-packages/airflow/example_dags/example_time_delta_sensor_async.py took 0.492 seconds
[2023-05-19 16:36:16,033] {processor.py:153} INFO - Started process (PID=6298) to work on /Users/marianaoliveira/Downloads/alura1/venv/lib/python3.10/site-packages/airflow/example_dags/example_time_delta_sensor_async.py
[2023-05-19 16:36:16,034] {processor.py:641} INFO - Processing file /Users/marianaoliveira/Downloads/alura1/venv/lib/python3.10/site-packages/airflow/example_dags/example_time_delta_sensor_async.py for tasks to queue
[2023-05-19 16:36:16,038] {logging_mixin.py:115} INFO - [2023-05-19 16:36:16,038] {dagbag.py:507} INFO - Filling up the DagBag from /Users/marianaoliveira/Downloads/alura1/venv/lib/python3.10/site-packages/airflow/example_dags/example_time_delta_sensor_async.py
[2023-05-19 16:36:16,066] {processor.py:651} INFO - DAG(s) dict_keys(['example_time_delta_sensor_async']) retrieved from /Users/marianaoliveira/Downloads/alura1/venv/lib/python3.10/site-packages/airflow/example_dags/example_time_delta_sensor_async.py
[2023-05-19 16:36:16,225] {logging_mixin.py:115} INFO - [2023-05-19 16:36:16,225] {dag.py:2379} INFO - Sync 1 DAGs
[2023-05-19 16:36:16,252] {logging_mixin.py:115} INFO - [2023-05-19 16:36:16,252] {dag.py:2927} INFO - Setting next_dagrun for example_time_delta_sensor_async to None, run_after=None
[2023-05-19 16:36:16,269] {processor.py:161} INFO - Processing /Users/marianaoliveira/Downloads/alura1/venv/lib/python3.10/site-packages/airflow/example_dags/example_time_delta_sensor_async.py took 0.238 seconds
[2023-05-19 16:38:00,390] {processor.py:153} INFO - Started process (PID=6342) to work on /Users/marianaoliveira/Downloads/alura1/venv/lib/python3.10/site-packages/airflow/example_dags/example_time_delta_sensor_async.py
[2023-05-19 16:38:00,392] {processor.py:641} INFO - Processing file /Users/marianaoliveira/Downloads/alura1/venv/lib/python3.10/site-packages/airflow/example_dags/example_time_delta_sensor_async.py for tasks to queue
[2023-05-19 16:38:00,393] {logging_mixin.py:115} INFO - [2023-05-19 16:38:00,393] {dagbag.py:507} INFO - Filling up the DagBag from /Users/marianaoliveira/Downloads/alura1/venv/lib/python3.10/site-packages/airflow/example_dags/example_time_delta_sensor_async.py
[2023-05-19 16:38:00,452] {processor.py:651} INFO - DAG(s) dict_keys(['example_time_delta_sensor_async']) retrieved from /Users/marianaoliveira/Downloads/alura1/venv/lib/python3.10/site-packages/airflow/example_dags/example_time_delta_sensor_async.py
[2023-05-19 16:38:00,927] {logging_mixin.py:115} INFO - [2023-05-19 16:38:00,927] {dag.py:2379} INFO - Sync 1 DAGs
[2023-05-19 16:38:00,965] {logging_mixin.py:115} INFO - [2023-05-19 16:38:00,965] {dag.py:2927} INFO - Setting next_dagrun for example_time_delta_sensor_async to None, run_after=None
[2023-05-19 16:38:01,008] {processor.py:161} INFO - Processing /Users/marianaoliveira/Downloads/alura1/venv/lib/python3.10/site-packages/airflow/example_dags/example_time_delta_sensor_async.py took 0.620 seconds
[2023-05-19 16:41:30,369] {processor.py:153} INFO - Started process (PID=6526) to work on /Users/marianaoliveira/Downloads/alura1/venv/lib/python3.10/site-packages/airflow/example_dags/example_time_delta_sensor_async.py
[2023-05-19 16:41:30,371] {processor.py:641} INFO - Processing file /Users/marianaoliveira/Downloads/alura1/venv/lib/python3.10/site-packages/airflow/example_dags/example_time_delta_sensor_async.py for tasks to queue
[2023-05-19 16:41:30,372] {logging_mixin.py:115} INFO - [2023-05-19 16:41:30,372] {dagbag.py:507} INFO - Filling up the DagBag from /Users/marianaoliveira/Downloads/alura1/venv/lib/python3.10/site-packages/airflow/example_dags/example_time_delta_sensor_async.py
[2023-05-19 16:41:30,407] {processor.py:651} INFO - DAG(s) dict_keys(['example_time_delta_sensor_async']) retrieved from /Users/marianaoliveira/Downloads/alura1/venv/lib/python3.10/site-packages/airflow/example_dags/example_time_delta_sensor_async.py
[2023-05-19 16:41:30,663] {logging_mixin.py:115} INFO - [2023-05-19 16:41:30,662] {dag.py:2379} INFO - Sync 1 DAGs
[2023-05-19 16:41:30,702] {logging_mixin.py:115} INFO - [2023-05-19 16:41:30,702] {dag.py:2927} INFO - Setting next_dagrun for example_time_delta_sensor_async to None, run_after=None
[2023-05-19 16:41:30,725] {processor.py:161} INFO - Processing /Users/marianaoliveira/Downloads/alura1/venv/lib/python3.10/site-packages/airflow/example_dags/example_time_delta_sensor_async.py took 0.358 seconds
[2023-05-19 16:51:05,979] {processor.py:153} INFO - Started process (PID=6702) to work on /Users/marianaoliveira/Downloads/alura1/venv/lib/python3.10/site-packages/airflow/example_dags/example_time_delta_sensor_async.py
[2023-05-19 16:51:05,984] {processor.py:641} INFO - Processing file /Users/marianaoliveira/Downloads/alura1/venv/lib/python3.10/site-packages/airflow/example_dags/example_time_delta_sensor_async.py for tasks to queue
[2023-05-19 16:51:05,985] {logging_mixin.py:115} INFO - [2023-05-19 16:51:05,984] {dagbag.py:507} INFO - Filling up the DagBag from /Users/marianaoliveira/Downloads/alura1/venv/lib/python3.10/site-packages/airflow/example_dags/example_time_delta_sensor_async.py
[2023-05-19 16:51:06,033] {processor.py:651} INFO - DAG(s) dict_keys(['example_time_delta_sensor_async']) retrieved from /Users/marianaoliveira/Downloads/alura1/venv/lib/python3.10/site-packages/airflow/example_dags/example_time_delta_sensor_async.py
[2023-05-19 16:51:06,501] {logging_mixin.py:115} INFO - [2023-05-19 16:51:06,501] {dag.py:2379} INFO - Sync 1 DAGs
[2023-05-19 16:51:06,597] {logging_mixin.py:115} INFO - [2023-05-19 16:51:06,597] {dag.py:2927} INFO - Setting next_dagrun for example_time_delta_sensor_async to None, run_after=None
[2023-05-19 16:51:06,663] {processor.py:161} INFO - Processing /Users/marianaoliveira/Downloads/alura1/venv/lib/python3.10/site-packages/airflow/example_dags/example_time_delta_sensor_async.py took 0.685 seconds
[2023-05-19 16:53:52,546] {processor.py:153} INFO - Started process (PID=6850) to work on /Users/marianaoliveira/Downloads/alura1/venv/lib/python3.10/site-packages/airflow/example_dags/example_time_delta_sensor_async.py
[2023-05-19 16:53:52,547] {processor.py:641} INFO - Processing file /Users/marianaoliveira/Downloads/alura1/venv/lib/python3.10/site-packages/airflow/example_dags/example_time_delta_sensor_async.py for tasks to queue
[2023-05-19 16:53:52,550] {logging_mixin.py:115} INFO - [2023-05-19 16:53:52,550] {dagbag.py:507} INFO - Filling up the DagBag from /Users/marianaoliveira/Downloads/alura1/venv/lib/python3.10/site-packages/airflow/example_dags/example_time_delta_sensor_async.py
[2023-05-19 16:53:52,588] {processor.py:651} INFO - DAG(s) dict_keys(['example_time_delta_sensor_async']) retrieved from /Users/marianaoliveira/Downloads/alura1/venv/lib/python3.10/site-packages/airflow/example_dags/example_time_delta_sensor_async.py
[2023-05-19 16:53:53,002] {logging_mixin.py:115} INFO - [2023-05-19 16:53:53,002] {dag.py:2379} INFO - Sync 1 DAGs
[2023-05-19 16:53:53,066] {logging_mixin.py:115} INFO - [2023-05-19 16:53:53,066] {dag.py:2927} INFO - Setting next_dagrun for example_time_delta_sensor_async to None, run_after=None
[2023-05-19 16:53:53,117] {processor.py:161} INFO - Processing /Users/marianaoliveira/Downloads/alura1/venv/lib/python3.10/site-packages/airflow/example_dags/example_time_delta_sensor_async.py took 0.573 seconds
[2023-05-19 16:56:37,495] {processor.py:153} INFO - Started process (PID=7017) to work on /Users/marianaoliveira/Downloads/alura1/venv/lib/python3.10/site-packages/airflow/example_dags/example_time_delta_sensor_async.py
[2023-05-19 16:56:37,496] {processor.py:641} INFO - Processing file /Users/marianaoliveira/Downloads/alura1/venv/lib/python3.10/site-packages/airflow/example_dags/example_time_delta_sensor_async.py for tasks to queue
[2023-05-19 16:56:37,497] {logging_mixin.py:115} INFO - [2023-05-19 16:56:37,497] {dagbag.py:507} INFO - Filling up the DagBag from /Users/marianaoliveira/Downloads/alura1/venv/lib/python3.10/site-packages/airflow/example_dags/example_time_delta_sensor_async.py
[2023-05-19 16:56:37,525] {processor.py:651} INFO - DAG(s) dict_keys(['example_time_delta_sensor_async']) retrieved from /Users/marianaoliveira/Downloads/alura1/venv/lib/python3.10/site-packages/airflow/example_dags/example_time_delta_sensor_async.py
[2023-05-19 16:56:37,660] {logging_mixin.py:115} INFO - [2023-05-19 16:56:37,660] {dag.py:2379} INFO - Sync 1 DAGs
[2023-05-19 16:56:37,683] {logging_mixin.py:115} INFO - [2023-05-19 16:56:37,682] {dag.py:2927} INFO - Setting next_dagrun for example_time_delta_sensor_async to None, run_after=None
[2023-05-19 16:56:37,696] {processor.py:161} INFO - Processing /Users/marianaoliveira/Downloads/alura1/venv/lib/python3.10/site-packages/airflow/example_dags/example_time_delta_sensor_async.py took 0.204 seconds
[2023-05-19 16:58:16,571] {processor.py:153} INFO - Started process (PID=7053) to work on /Users/marianaoliveira/Downloads/alura1/venv/lib/python3.10/site-packages/airflow/example_dags/example_time_delta_sensor_async.py
[2023-05-19 16:58:16,573] {processor.py:641} INFO - Processing file /Users/marianaoliveira/Downloads/alura1/venv/lib/python3.10/site-packages/airflow/example_dags/example_time_delta_sensor_async.py for tasks to queue
[2023-05-19 16:58:16,573] {logging_mixin.py:115} INFO - [2023-05-19 16:58:16,573] {dagbag.py:507} INFO - Filling up the DagBag from /Users/marianaoliveira/Downloads/alura1/venv/lib/python3.10/site-packages/airflow/example_dags/example_time_delta_sensor_async.py
[2023-05-19 16:58:16,627] {processor.py:651} INFO - DAG(s) dict_keys(['example_time_delta_sensor_async']) retrieved from /Users/marianaoliveira/Downloads/alura1/venv/lib/python3.10/site-packages/airflow/example_dags/example_time_delta_sensor_async.py
[2023-05-19 16:58:17,427] {logging_mixin.py:115} INFO - [2023-05-19 16:58:17,427] {dag.py:2379} INFO - Sync 1 DAGs
[2023-05-19 16:58:17,533] {logging_mixin.py:115} INFO - [2023-05-19 16:58:17,533] {dag.py:2927} INFO - Setting next_dagrun for example_time_delta_sensor_async to None, run_after=None
[2023-05-19 16:58:17,591] {processor.py:161} INFO - Processing /Users/marianaoliveira/Downloads/alura1/venv/lib/python3.10/site-packages/airflow/example_dags/example_time_delta_sensor_async.py took 1.023 seconds
[2023-05-19 16:59:43,468] {processor.py:153} INFO - Started process (PID=7095) to work on /Users/marianaoliveira/Downloads/alura1/venv/lib/python3.10/site-packages/airflow/example_dags/example_time_delta_sensor_async.py
[2023-05-19 16:59:43,478] {processor.py:641} INFO - Processing file /Users/marianaoliveira/Downloads/alura1/venv/lib/python3.10/site-packages/airflow/example_dags/example_time_delta_sensor_async.py for tasks to queue
[2023-05-19 16:59:43,478] {logging_mixin.py:115} INFO - [2023-05-19 16:59:43,478] {dagbag.py:507} INFO - Filling up the DagBag from /Users/marianaoliveira/Downloads/alura1/venv/lib/python3.10/site-packages/airflow/example_dags/example_time_delta_sensor_async.py
[2023-05-19 16:59:43,508] {processor.py:651} INFO - DAG(s) dict_keys(['example_time_delta_sensor_async']) retrieved from /Users/marianaoliveira/Downloads/alura1/venv/lib/python3.10/site-packages/airflow/example_dags/example_time_delta_sensor_async.py
[2023-05-19 16:59:43,742] {logging_mixin.py:115} INFO - [2023-05-19 16:59:43,742] {dag.py:2379} INFO - Sync 1 DAGs
[2023-05-19 16:59:43,804] {logging_mixin.py:115} INFO - [2023-05-19 16:59:43,804] {dag.py:2927} INFO - Setting next_dagrun for example_time_delta_sensor_async to None, run_after=None
[2023-05-19 16:59:43,827] {processor.py:161} INFO - Processing /Users/marianaoliveira/Downloads/alura1/venv/lib/python3.10/site-packages/airflow/example_dags/example_time_delta_sensor_async.py took 0.360 seconds
[2023-05-19 17:01:14,543] {processor.py:153} INFO - Started process (PID=7140) to work on /Users/marianaoliveira/Downloads/alura1/venv/lib/python3.10/site-packages/airflow/example_dags/example_time_delta_sensor_async.py
[2023-05-19 17:01:14,543] {processor.py:641} INFO - Processing file /Users/marianaoliveira/Downloads/alura1/venv/lib/python3.10/site-packages/airflow/example_dags/example_time_delta_sensor_async.py for tasks to queue
[2023-05-19 17:01:14,544] {logging_mixin.py:115} INFO - [2023-05-19 17:01:14,544] {dagbag.py:507} INFO - Filling up the DagBag from /Users/marianaoliveira/Downloads/alura1/venv/lib/python3.10/site-packages/airflow/example_dags/example_time_delta_sensor_async.py
[2023-05-19 17:01:14,565] {processor.py:651} INFO - DAG(s) dict_keys(['example_time_delta_sensor_async']) retrieved from /Users/marianaoliveira/Downloads/alura1/venv/lib/python3.10/site-packages/airflow/example_dags/example_time_delta_sensor_async.py
[2023-05-19 17:01:14,741] {logging_mixin.py:115} INFO - [2023-05-19 17:01:14,741] {dag.py:2379} INFO - Sync 1 DAGs
[2023-05-19 17:01:14,769] {logging_mixin.py:115} INFO - [2023-05-19 17:01:14,769] {dag.py:2927} INFO - Setting next_dagrun for example_time_delta_sensor_async to None, run_after=None
[2023-05-19 17:01:14,785] {processor.py:161} INFO - Processing /Users/marianaoliveira/Downloads/alura1/venv/lib/python3.10/site-packages/airflow/example_dags/example_time_delta_sensor_async.py took 0.243 seconds
[2023-05-19 17:03:34,530] {processor.py:153} INFO - Started process (PID=7266) to work on /Users/marianaoliveira/Downloads/alura1/venv/lib/python3.10/site-packages/airflow/example_dags/example_time_delta_sensor_async.py
[2023-05-19 17:03:34,531] {processor.py:641} INFO - Processing file /Users/marianaoliveira/Downloads/alura1/venv/lib/python3.10/site-packages/airflow/example_dags/example_time_delta_sensor_async.py for tasks to queue
[2023-05-19 17:03:34,532] {logging_mixin.py:115} INFO - [2023-05-19 17:03:34,532] {dagbag.py:507} INFO - Filling up the DagBag from /Users/marianaoliveira/Downloads/alura1/venv/lib/python3.10/site-packages/airflow/example_dags/example_time_delta_sensor_async.py
[2023-05-19 17:03:34,556] {processor.py:651} INFO - DAG(s) dict_keys(['example_time_delta_sensor_async']) retrieved from /Users/marianaoliveira/Downloads/alura1/venv/lib/python3.10/site-packages/airflow/example_dags/example_time_delta_sensor_async.py
[2023-05-19 17:03:34,712] {logging_mixin.py:115} INFO - [2023-05-19 17:03:34,712] {dag.py:2379} INFO - Sync 1 DAGs
[2023-05-19 17:03:34,740] {logging_mixin.py:115} INFO - [2023-05-19 17:03:34,740] {dag.py:2927} INFO - Setting next_dagrun for example_time_delta_sensor_async to None, run_after=None
[2023-05-19 17:03:34,760] {processor.py:161} INFO - Processing /Users/marianaoliveira/Downloads/alura1/venv/lib/python3.10/site-packages/airflow/example_dags/example_time_delta_sensor_async.py took 0.231 seconds
[2023-05-19 17:07:14,384] {processor.py:153} INFO - Started process (PID=7460) to work on /Users/marianaoliveira/Downloads/alura1/venv/lib/python3.10/site-packages/airflow/example_dags/example_time_delta_sensor_async.py
[2023-05-19 17:07:14,386] {processor.py:641} INFO - Processing file /Users/marianaoliveira/Downloads/alura1/venv/lib/python3.10/site-packages/airflow/example_dags/example_time_delta_sensor_async.py for tasks to queue
[2023-05-19 17:07:14,388] {logging_mixin.py:115} INFO - [2023-05-19 17:07:14,388] {dagbag.py:507} INFO - Filling up the DagBag from /Users/marianaoliveira/Downloads/alura1/venv/lib/python3.10/site-packages/airflow/example_dags/example_time_delta_sensor_async.py
[2023-05-19 17:07:14,435] {processor.py:651} INFO - DAG(s) dict_keys(['example_time_delta_sensor_async']) retrieved from /Users/marianaoliveira/Downloads/alura1/venv/lib/python3.10/site-packages/airflow/example_dags/example_time_delta_sensor_async.py
[2023-05-19 17:07:15,288] {logging_mixin.py:115} INFO - [2023-05-19 17:07:15,285] {dag.py:2379} INFO - Sync 1 DAGs
[2023-05-19 17:07:15,415] {logging_mixin.py:115} INFO - [2023-05-19 17:07:15,415] {dag.py:2927} INFO - Setting next_dagrun for example_time_delta_sensor_async to None, run_after=None
[2023-05-19 17:07:15,468] {processor.py:161} INFO - Processing /Users/marianaoliveira/Downloads/alura1/venv/lib/python3.10/site-packages/airflow/example_dags/example_time_delta_sensor_async.py took 1.086 seconds
[2023-05-19 17:30:22,133] {processor.py:153} INFO - Started process (PID=7743) to work on /Users/marianaoliveira/Downloads/alura1/venv/lib/python3.10/site-packages/airflow/example_dags/example_time_delta_sensor_async.py
[2023-05-19 17:30:22,135] {processor.py:641} INFO - Processing file /Users/marianaoliveira/Downloads/alura1/venv/lib/python3.10/site-packages/airflow/example_dags/example_time_delta_sensor_async.py for tasks to queue
[2023-05-19 17:30:22,136] {logging_mixin.py:115} INFO - [2023-05-19 17:30:22,135] {dagbag.py:507} INFO - Filling up the DagBag from /Users/marianaoliveira/Downloads/alura1/venv/lib/python3.10/site-packages/airflow/example_dags/example_time_delta_sensor_async.py
[2023-05-19 17:30:22,159] {processor.py:651} INFO - DAG(s) dict_keys(['example_time_delta_sensor_async']) retrieved from /Users/marianaoliveira/Downloads/alura1/venv/lib/python3.10/site-packages/airflow/example_dags/example_time_delta_sensor_async.py
[2023-05-19 17:30:22,388] {logging_mixin.py:115} INFO - [2023-05-19 17:30:22,388] {dag.py:2379} INFO - Sync 1 DAGs
[2023-05-19 17:30:22,418] {logging_mixin.py:115} INFO - [2023-05-19 17:30:22,418] {dag.py:2927} INFO - Setting next_dagrun for example_time_delta_sensor_async to None, run_after=None
[2023-05-19 17:30:22,432] {processor.py:161} INFO - Processing /Users/marianaoliveira/Downloads/alura1/venv/lib/python3.10/site-packages/airflow/example_dags/example_time_delta_sensor_async.py took 0.300 seconds
[2023-05-19 17:32:58,234] {processor.py:153} INFO - Started process (PID=7806) to work on /Users/marianaoliveira/Downloads/alura1/venv/lib/python3.10/site-packages/airflow/example_dags/example_time_delta_sensor_async.py
[2023-05-19 17:32:58,235] {processor.py:641} INFO - Processing file /Users/marianaoliveira/Downloads/alura1/venv/lib/python3.10/site-packages/airflow/example_dags/example_time_delta_sensor_async.py for tasks to queue
[2023-05-19 17:32:58,236] {logging_mixin.py:115} INFO - [2023-05-19 17:32:58,236] {dagbag.py:507} INFO - Filling up the DagBag from /Users/marianaoliveira/Downloads/alura1/venv/lib/python3.10/site-packages/airflow/example_dags/example_time_delta_sensor_async.py
[2023-05-19 17:32:58,352] {processor.py:651} INFO - DAG(s) dict_keys(['example_time_delta_sensor_async']) retrieved from /Users/marianaoliveira/Downloads/alura1/venv/lib/python3.10/site-packages/airflow/example_dags/example_time_delta_sensor_async.py
[2023-05-19 17:32:58,820] {logging_mixin.py:115} INFO - [2023-05-19 17:32:58,820] {dag.py:2379} INFO - Sync 1 DAGs
[2023-05-19 17:32:58,912] {logging_mixin.py:115} INFO - [2023-05-19 17:32:58,911] {dag.py:2927} INFO - Setting next_dagrun for example_time_delta_sensor_async to None, run_after=None
[2023-05-19 17:32:58,946] {processor.py:161} INFO - Processing /Users/marianaoliveira/Downloads/alura1/venv/lib/python3.10/site-packages/airflow/example_dags/example_time_delta_sensor_async.py took 0.714 seconds
[2023-05-19 17:35:24,588] {processor.py:153} INFO - Started process (PID=7864) to work on /Users/marianaoliveira/Downloads/alura1/venv/lib/python3.10/site-packages/airflow/example_dags/example_time_delta_sensor_async.py
[2023-05-19 17:35:24,589] {processor.py:641} INFO - Processing file /Users/marianaoliveira/Downloads/alura1/venv/lib/python3.10/site-packages/airflow/example_dags/example_time_delta_sensor_async.py for tasks to queue
[2023-05-19 17:35:24,591] {logging_mixin.py:115} INFO - [2023-05-19 17:35:24,590] {dagbag.py:507} INFO - Filling up the DagBag from /Users/marianaoliveira/Downloads/alura1/venv/lib/python3.10/site-packages/airflow/example_dags/example_time_delta_sensor_async.py
[2023-05-19 17:35:24,646] {processor.py:651} INFO - DAG(s) dict_keys(['example_time_delta_sensor_async']) retrieved from /Users/marianaoliveira/Downloads/alura1/venv/lib/python3.10/site-packages/airflow/example_dags/example_time_delta_sensor_async.py
[2023-05-19 17:35:24,919] {logging_mixin.py:115} INFO - [2023-05-19 17:35:24,919] {dag.py:2379} INFO - Sync 1 DAGs
[2023-05-19 17:35:24,944] {logging_mixin.py:115} INFO - [2023-05-19 17:35:24,944] {dag.py:2927} INFO - Setting next_dagrun for example_time_delta_sensor_async to None, run_after=None
[2023-05-19 17:35:24,961] {processor.py:161} INFO - Processing /Users/marianaoliveira/Downloads/alura1/venv/lib/python3.10/site-packages/airflow/example_dags/example_time_delta_sensor_async.py took 0.376 seconds
[2023-05-19 17:37:35,012] {processor.py:153} INFO - Started process (PID=7916) to work on /Users/marianaoliveira/Downloads/alura1/venv/lib/python3.10/site-packages/airflow/example_dags/example_time_delta_sensor_async.py
[2023-05-19 17:37:35,013] {processor.py:641} INFO - Processing file /Users/marianaoliveira/Downloads/alura1/venv/lib/python3.10/site-packages/airflow/example_dags/example_time_delta_sensor_async.py for tasks to queue
[2023-05-19 17:37:35,013] {logging_mixin.py:115} INFO - [2023-05-19 17:37:35,013] {dagbag.py:507} INFO - Filling up the DagBag from /Users/marianaoliveira/Downloads/alura1/venv/lib/python3.10/site-packages/airflow/example_dags/example_time_delta_sensor_async.py
[2023-05-19 17:37:35,043] {processor.py:651} INFO - DAG(s) dict_keys(['example_time_delta_sensor_async']) retrieved from /Users/marianaoliveira/Downloads/alura1/venv/lib/python3.10/site-packages/airflow/example_dags/example_time_delta_sensor_async.py
[2023-05-19 17:37:35,246] {logging_mixin.py:115} INFO - [2023-05-19 17:37:35,246] {dag.py:2379} INFO - Sync 1 DAGs
[2023-05-19 17:37:35,280] {logging_mixin.py:115} INFO - [2023-05-19 17:37:35,280] {dag.py:2927} INFO - Setting next_dagrun for example_time_delta_sensor_async to None, run_after=None
[2023-05-19 17:37:35,302] {processor.py:161} INFO - Processing /Users/marianaoliveira/Downloads/alura1/venv/lib/python3.10/site-packages/airflow/example_dags/example_time_delta_sensor_async.py took 0.290 seconds
[2023-05-19 17:44:22,683] {processor.py:153} INFO - Started process (PID=8079) to work on /Users/marianaoliveira/Downloads/alura1/venv/lib/python3.10/site-packages/airflow/example_dags/example_time_delta_sensor_async.py
[2023-05-19 17:44:22,684] {processor.py:641} INFO - Processing file /Users/marianaoliveira/Downloads/alura1/venv/lib/python3.10/site-packages/airflow/example_dags/example_time_delta_sensor_async.py for tasks to queue
[2023-05-19 17:44:22,687] {logging_mixin.py:115} INFO - [2023-05-19 17:44:22,686] {dagbag.py:507} INFO - Filling up the DagBag from /Users/marianaoliveira/Downloads/alura1/venv/lib/python3.10/site-packages/airflow/example_dags/example_time_delta_sensor_async.py
[2023-05-19 17:44:22,784] {processor.py:651} INFO - DAG(s) dict_keys(['example_time_delta_sensor_async']) retrieved from /Users/marianaoliveira/Downloads/alura1/venv/lib/python3.10/site-packages/airflow/example_dags/example_time_delta_sensor_async.py
[2023-05-19 17:44:23,173] {logging_mixin.py:115} INFO - [2023-05-19 17:44:23,172] {dag.py:2379} INFO - Sync 1 DAGs
[2023-05-19 17:44:23,216] {logging_mixin.py:115} INFO - [2023-05-19 17:44:23,216] {dag.py:2927} INFO - Setting next_dagrun for example_time_delta_sensor_async to None, run_after=None
[2023-05-19 17:44:23,314] {processor.py:161} INFO - Processing /Users/marianaoliveira/Downloads/alura1/venv/lib/python3.10/site-packages/airflow/example_dags/example_time_delta_sensor_async.py took 0.633 seconds
[2023-05-19 17:47:16,699] {processor.py:153} INFO - Started process (PID=8159) to work on /Users/marianaoliveira/Downloads/alura1/venv/lib/python3.10/site-packages/airflow/example_dags/example_time_delta_sensor_async.py
[2023-05-19 17:47:16,700] {processor.py:641} INFO - Processing file /Users/marianaoliveira/Downloads/alura1/venv/lib/python3.10/site-packages/airflow/example_dags/example_time_delta_sensor_async.py for tasks to queue
[2023-05-19 17:47:16,701] {logging_mixin.py:115} INFO - [2023-05-19 17:47:16,700] {dagbag.py:507} INFO - Filling up the DagBag from /Users/marianaoliveira/Downloads/alura1/venv/lib/python3.10/site-packages/airflow/example_dags/example_time_delta_sensor_async.py
[2023-05-19 17:47:16,764] {processor.py:651} INFO - DAG(s) dict_keys(['example_time_delta_sensor_async']) retrieved from /Users/marianaoliveira/Downloads/alura1/venv/lib/python3.10/site-packages/airflow/example_dags/example_time_delta_sensor_async.py
[2023-05-19 17:47:17,167] {logging_mixin.py:115} INFO - [2023-05-19 17:47:17,167] {dag.py:2379} INFO - Sync 1 DAGs
[2023-05-19 17:47:17,196] {logging_mixin.py:115} INFO - [2023-05-19 17:47:17,196] {dag.py:2927} INFO - Setting next_dagrun for example_time_delta_sensor_async to None, run_after=None
[2023-05-19 17:47:17,222] {processor.py:161} INFO - Processing /Users/marianaoliveira/Downloads/alura1/venv/lib/python3.10/site-packages/airflow/example_dags/example_time_delta_sensor_async.py took 0.524 seconds
[2023-05-19 17:48:49,774] {processor.py:153} INFO - Started process (PID=8197) to work on /Users/marianaoliveira/Downloads/alura1/venv/lib/python3.10/site-packages/airflow/example_dags/example_time_delta_sensor_async.py
[2023-05-19 17:48:49,776] {processor.py:641} INFO - Processing file /Users/marianaoliveira/Downloads/alura1/venv/lib/python3.10/site-packages/airflow/example_dags/example_time_delta_sensor_async.py for tasks to queue
[2023-05-19 17:48:49,776] {logging_mixin.py:115} INFO - [2023-05-19 17:48:49,776] {dagbag.py:507} INFO - Filling up the DagBag from /Users/marianaoliveira/Downloads/alura1/venv/lib/python3.10/site-packages/airflow/example_dags/example_time_delta_sensor_async.py
[2023-05-19 17:48:49,808] {processor.py:651} INFO - DAG(s) dict_keys(['example_time_delta_sensor_async']) retrieved from /Users/marianaoliveira/Downloads/alura1/venv/lib/python3.10/site-packages/airflow/example_dags/example_time_delta_sensor_async.py
[2023-05-19 17:48:49,966] {logging_mixin.py:115} INFO - [2023-05-19 17:48:49,966] {dag.py:2379} INFO - Sync 1 DAGs
[2023-05-19 17:48:49,987] {logging_mixin.py:115} INFO - [2023-05-19 17:48:49,987] {dag.py:2927} INFO - Setting next_dagrun for example_time_delta_sensor_async to None, run_after=None
[2023-05-19 17:48:50,004] {processor.py:161} INFO - Processing /Users/marianaoliveira/Downloads/alura1/venv/lib/python3.10/site-packages/airflow/example_dags/example_time_delta_sensor_async.py took 0.232 seconds
[2023-05-19 17:50:27,012] {processor.py:153} INFO - Started process (PID=8235) to work on /Users/marianaoliveira/Downloads/alura1/venv/lib/python3.10/site-packages/airflow/example_dags/example_time_delta_sensor_async.py
[2023-05-19 17:50:27,013] {processor.py:641} INFO - Processing file /Users/marianaoliveira/Downloads/alura1/venv/lib/python3.10/site-packages/airflow/example_dags/example_time_delta_sensor_async.py for tasks to queue
[2023-05-19 17:50:27,014] {logging_mixin.py:115} INFO - [2023-05-19 17:50:27,013] {dagbag.py:507} INFO - Filling up the DagBag from /Users/marianaoliveira/Downloads/alura1/venv/lib/python3.10/site-packages/airflow/example_dags/example_time_delta_sensor_async.py
[2023-05-19 17:50:27,038] {processor.py:651} INFO - DAG(s) dict_keys(['example_time_delta_sensor_async']) retrieved from /Users/marianaoliveira/Downloads/alura1/venv/lib/python3.10/site-packages/airflow/example_dags/example_time_delta_sensor_async.py
[2023-05-19 17:50:27,228] {logging_mixin.py:115} INFO - [2023-05-19 17:50:27,228] {dag.py:2379} INFO - Sync 1 DAGs
[2023-05-19 17:50:27,255] {logging_mixin.py:115} INFO - [2023-05-19 17:50:27,255] {dag.py:2927} INFO - Setting next_dagrun for example_time_delta_sensor_async to None, run_after=None
[2023-05-19 17:50:27,279] {processor.py:161} INFO - Processing /Users/marianaoliveira/Downloads/alura1/venv/lib/python3.10/site-packages/airflow/example_dags/example_time_delta_sensor_async.py took 0.269 seconds
[2023-05-19 17:52:03,933] {processor.py:153} INFO - Started process (PID=8309) to work on /Users/marianaoliveira/Downloads/alura1/venv/lib/python3.10/site-packages/airflow/example_dags/example_time_delta_sensor_async.py
[2023-05-19 17:52:03,934] {processor.py:641} INFO - Processing file /Users/marianaoliveira/Downloads/alura1/venv/lib/python3.10/site-packages/airflow/example_dags/example_time_delta_sensor_async.py for tasks to queue
[2023-05-19 17:52:03,940] {logging_mixin.py:115} INFO - [2023-05-19 17:52:03,939] {dagbag.py:507} INFO - Filling up the DagBag from /Users/marianaoliveira/Downloads/alura1/venv/lib/python3.10/site-packages/airflow/example_dags/example_time_delta_sensor_async.py
[2023-05-19 17:52:03,972] {processor.py:651} INFO - DAG(s) dict_keys(['example_time_delta_sensor_async']) retrieved from /Users/marianaoliveira/Downloads/alura1/venv/lib/python3.10/site-packages/airflow/example_dags/example_time_delta_sensor_async.py
[2023-05-19 17:52:04,083] {logging_mixin.py:115} INFO - [2023-05-19 17:52:04,083] {dag.py:2379} INFO - Sync 1 DAGs
[2023-05-19 17:52:04,103] {logging_mixin.py:115} INFO - [2023-05-19 17:52:04,103] {dag.py:2927} INFO - Setting next_dagrun for example_time_delta_sensor_async to None, run_after=None
[2023-05-19 17:52:04,116] {processor.py:161} INFO - Processing /Users/marianaoliveira/Downloads/alura1/venv/lib/python3.10/site-packages/airflow/example_dags/example_time_delta_sensor_async.py took 0.185 seconds
[2023-05-19 17:53:53,994] {processor.py:153} INFO - Started process (PID=8400) to work on /Users/marianaoliveira/Downloads/alura1/venv/lib/python3.10/site-packages/airflow/example_dags/example_time_delta_sensor_async.py
[2023-05-19 17:53:53,997] {processor.py:641} INFO - Processing file /Users/marianaoliveira/Downloads/alura1/venv/lib/python3.10/site-packages/airflow/example_dags/example_time_delta_sensor_async.py for tasks to queue
[2023-05-19 17:53:53,998] {logging_mixin.py:115} INFO - [2023-05-19 17:53:53,997] {dagbag.py:507} INFO - Filling up the DagBag from /Users/marianaoliveira/Downloads/alura1/venv/lib/python3.10/site-packages/airflow/example_dags/example_time_delta_sensor_async.py
[2023-05-19 17:53:54,052] {processor.py:651} INFO - DAG(s) dict_keys(['example_time_delta_sensor_async']) retrieved from /Users/marianaoliveira/Downloads/alura1/venv/lib/python3.10/site-packages/airflow/example_dags/example_time_delta_sensor_async.py
[2023-05-19 17:53:54,332] {logging_mixin.py:115} INFO - [2023-05-19 17:53:54,332] {dag.py:2379} INFO - Sync 1 DAGs
[2023-05-19 17:53:54,368] {logging_mixin.py:115} INFO - [2023-05-19 17:53:54,368] {dag.py:2927} INFO - Setting next_dagrun for example_time_delta_sensor_async to None, run_after=None
[2023-05-19 17:53:54,390] {processor.py:161} INFO - Processing /Users/marianaoliveira/Downloads/alura1/venv/lib/python3.10/site-packages/airflow/example_dags/example_time_delta_sensor_async.py took 0.397 seconds
[2023-05-19 17:55:34,850] {processor.py:153} INFO - Started process (PID=8505) to work on /Users/marianaoliveira/Downloads/alura1/venv/lib/python3.10/site-packages/airflow/example_dags/example_time_delta_sensor_async.py
[2023-05-19 17:55:34,851] {processor.py:641} INFO - Processing file /Users/marianaoliveira/Downloads/alura1/venv/lib/python3.10/site-packages/airflow/example_dags/example_time_delta_sensor_async.py for tasks to queue
[2023-05-19 17:55:34,852] {logging_mixin.py:115} INFO - [2023-05-19 17:55:34,852] {dagbag.py:507} INFO - Filling up the DagBag from /Users/marianaoliveira/Downloads/alura1/venv/lib/python3.10/site-packages/airflow/example_dags/example_time_delta_sensor_async.py
[2023-05-19 17:55:34,877] {processor.py:651} INFO - DAG(s) dict_keys(['example_time_delta_sensor_async']) retrieved from /Users/marianaoliveira/Downloads/alura1/venv/lib/python3.10/site-packages/airflow/example_dags/example_time_delta_sensor_async.py
[2023-05-19 17:55:35,039] {logging_mixin.py:115} INFO - [2023-05-19 17:55:35,038] {dag.py:2379} INFO - Sync 1 DAGs
[2023-05-19 17:55:35,061] {logging_mixin.py:115} INFO - [2023-05-19 17:55:35,061] {dag.py:2927} INFO - Setting next_dagrun for example_time_delta_sensor_async to None, run_after=None
[2023-05-19 17:55:35,080] {processor.py:161} INFO - Processing /Users/marianaoliveira/Downloads/alura1/venv/lib/python3.10/site-packages/airflow/example_dags/example_time_delta_sensor_async.py took 0.231 seconds
[2023-05-19 17:57:06,994] {processor.py:153} INFO - Started process (PID=8588) to work on /Users/marianaoliveira/Downloads/alura1/venv/lib/python3.10/site-packages/airflow/example_dags/example_time_delta_sensor_async.py
[2023-05-19 17:57:06,995] {processor.py:641} INFO - Processing file /Users/marianaoliveira/Downloads/alura1/venv/lib/python3.10/site-packages/airflow/example_dags/example_time_delta_sensor_async.py for tasks to queue
[2023-05-19 17:57:06,996] {logging_mixin.py:115} INFO - [2023-05-19 17:57:06,996] {dagbag.py:507} INFO - Filling up the DagBag from /Users/marianaoliveira/Downloads/alura1/venv/lib/python3.10/site-packages/airflow/example_dags/example_time_delta_sensor_async.py
[2023-05-19 17:57:07,026] {processor.py:651} INFO - DAG(s) dict_keys(['example_time_delta_sensor_async']) retrieved from /Users/marianaoliveira/Downloads/alura1/venv/lib/python3.10/site-packages/airflow/example_dags/example_time_delta_sensor_async.py
[2023-05-19 17:57:07,205] {logging_mixin.py:115} INFO - [2023-05-19 17:57:07,205] {dag.py:2379} INFO - Sync 1 DAGs
[2023-05-19 17:57:07,231] {logging_mixin.py:115} INFO - [2023-05-19 17:57:07,231] {dag.py:2927} INFO - Setting next_dagrun for example_time_delta_sensor_async to None, run_after=None
[2023-05-19 17:57:07,250] {processor.py:161} INFO - Processing /Users/marianaoliveira/Downloads/alura1/venv/lib/python3.10/site-packages/airflow/example_dags/example_time_delta_sensor_async.py took 0.257 seconds
[2023-05-19 17:58:47,445] {processor.py:153} INFO - Started process (PID=8627) to work on /Users/marianaoliveira/Downloads/alura1/venv/lib/python3.10/site-packages/airflow/example_dags/example_time_delta_sensor_async.py
[2023-05-19 17:58:47,449] {processor.py:641} INFO - Processing file /Users/marianaoliveira/Downloads/alura1/venv/lib/python3.10/site-packages/airflow/example_dags/example_time_delta_sensor_async.py for tasks to queue
[2023-05-19 17:58:47,455] {logging_mixin.py:115} INFO - [2023-05-19 17:58:47,455] {dagbag.py:507} INFO - Filling up the DagBag from /Users/marianaoliveira/Downloads/alura1/venv/lib/python3.10/site-packages/airflow/example_dags/example_time_delta_sensor_async.py
[2023-05-19 17:58:47,505] {processor.py:651} INFO - DAG(s) dict_keys(['example_time_delta_sensor_async']) retrieved from /Users/marianaoliveira/Downloads/alura1/venv/lib/python3.10/site-packages/airflow/example_dags/example_time_delta_sensor_async.py
[2023-05-19 17:58:47,824] {logging_mixin.py:115} INFO - [2023-05-19 17:58:47,824] {dag.py:2379} INFO - Sync 1 DAGs
[2023-05-19 17:58:47,857] {logging_mixin.py:115} INFO - [2023-05-19 17:58:47,857] {dag.py:2927} INFO - Setting next_dagrun for example_time_delta_sensor_async to None, run_after=None
[2023-05-19 17:58:47,886] {processor.py:161} INFO - Processing /Users/marianaoliveira/Downloads/alura1/venv/lib/python3.10/site-packages/airflow/example_dags/example_time_delta_sensor_async.py took 0.444 seconds
[2023-05-19 18:03:37,798] {processor.py:153} INFO - Started process (PID=8911) to work on /Users/marianaoliveira/Downloads/alura1/venv/lib/python3.10/site-packages/airflow/example_dags/example_time_delta_sensor_async.py
[2023-05-19 18:03:37,799] {processor.py:641} INFO - Processing file /Users/marianaoliveira/Downloads/alura1/venv/lib/python3.10/site-packages/airflow/example_dags/example_time_delta_sensor_async.py for tasks to queue
[2023-05-19 18:03:37,799] {logging_mixin.py:115} INFO - [2023-05-19 18:03:37,799] {dagbag.py:507} INFO - Filling up the DagBag from /Users/marianaoliveira/Downloads/alura1/venv/lib/python3.10/site-packages/airflow/example_dags/example_time_delta_sensor_async.py
[2023-05-19 18:03:37,825] {processor.py:651} INFO - DAG(s) dict_keys(['example_time_delta_sensor_async']) retrieved from /Users/marianaoliveira/Downloads/alura1/venv/lib/python3.10/site-packages/airflow/example_dags/example_time_delta_sensor_async.py
[2023-05-19 18:03:38,135] {logging_mixin.py:115} INFO - [2023-05-19 18:03:38,135] {dag.py:2379} INFO - Sync 1 DAGs
[2023-05-19 18:03:38,173] {logging_mixin.py:115} INFO - [2023-05-19 18:03:38,173] {dag.py:2927} INFO - Setting next_dagrun for example_time_delta_sensor_async to None, run_after=None
[2023-05-19 18:03:38,198] {processor.py:161} INFO - Processing /Users/marianaoliveira/Downloads/alura1/venv/lib/python3.10/site-packages/airflow/example_dags/example_time_delta_sensor_async.py took 0.401 seconds
[2023-05-19 18:14:20,461] {processor.py:153} INFO - Started process (PID=9176) to work on /Users/marianaoliveira/Downloads/alura1/venv/lib/python3.10/site-packages/airflow/example_dags/example_time_delta_sensor_async.py
[2023-05-19 18:14:20,462] {processor.py:641} INFO - Processing file /Users/marianaoliveira/Downloads/alura1/venv/lib/python3.10/site-packages/airflow/example_dags/example_time_delta_sensor_async.py for tasks to queue
[2023-05-19 18:14:20,466] {logging_mixin.py:115} INFO - [2023-05-19 18:14:20,466] {dagbag.py:507} INFO - Filling up the DagBag from /Users/marianaoliveira/Downloads/alura1/venv/lib/python3.10/site-packages/airflow/example_dags/example_time_delta_sensor_async.py
[2023-05-19 18:14:20,522] {processor.py:651} INFO - DAG(s) dict_keys(['example_time_delta_sensor_async']) retrieved from /Users/marianaoliveira/Downloads/alura1/venv/lib/python3.10/site-packages/airflow/example_dags/example_time_delta_sensor_async.py
[2023-05-19 18:14:20,748] {logging_mixin.py:115} INFO - [2023-05-19 18:14:20,747] {dag.py:2379} INFO - Sync 1 DAGs
[2023-05-19 18:14:20,776] {logging_mixin.py:115} INFO - [2023-05-19 18:14:20,775] {dag.py:2927} INFO - Setting next_dagrun for example_time_delta_sensor_async to None, run_after=None
[2023-05-19 18:14:20,794] {processor.py:161} INFO - Processing /Users/marianaoliveira/Downloads/alura1/venv/lib/python3.10/site-packages/airflow/example_dags/example_time_delta_sensor_async.py took 0.334 seconds
[2023-05-19 18:17:16,070] {processor.py:153} INFO - Started process (PID=9294) to work on /Users/marianaoliveira/Downloads/alura1/venv/lib/python3.10/site-packages/airflow/example_dags/example_time_delta_sensor_async.py
[2023-05-19 18:17:16,071] {processor.py:641} INFO - Processing file /Users/marianaoliveira/Downloads/alura1/venv/lib/python3.10/site-packages/airflow/example_dags/example_time_delta_sensor_async.py for tasks to queue
[2023-05-19 18:17:16,072] {logging_mixin.py:115} INFO - [2023-05-19 18:17:16,072] {dagbag.py:507} INFO - Filling up the DagBag from /Users/marianaoliveira/Downloads/alura1/venv/lib/python3.10/site-packages/airflow/example_dags/example_time_delta_sensor_async.py
[2023-05-19 18:17:16,113] {processor.py:651} INFO - DAG(s) dict_keys(['example_time_delta_sensor_async']) retrieved from /Users/marianaoliveira/Downloads/alura1/venv/lib/python3.10/site-packages/airflow/example_dags/example_time_delta_sensor_async.py
[2023-05-19 18:17:16,381] {logging_mixin.py:115} INFO - [2023-05-19 18:17:16,381] {dag.py:2379} INFO - Sync 1 DAGs
[2023-05-19 18:17:16,413] {logging_mixin.py:115} INFO - [2023-05-19 18:17:16,413] {dag.py:2927} INFO - Setting next_dagrun for example_time_delta_sensor_async to None, run_after=None
[2023-05-19 18:17:16,456] {processor.py:161} INFO - Processing /Users/marianaoliveira/Downloads/alura1/venv/lib/python3.10/site-packages/airflow/example_dags/example_time_delta_sensor_async.py took 0.387 seconds
[2023-05-19 18:27:18,421] {processor.py:153} INFO - Started process (PID=9949) to work on /Users/marianaoliveira/Downloads/alura1/venv/lib/python3.10/site-packages/airflow/example_dags/example_time_delta_sensor_async.py
[2023-05-19 18:27:18,422] {processor.py:641} INFO - Processing file /Users/marianaoliveira/Downloads/alura1/venv/lib/python3.10/site-packages/airflow/example_dags/example_time_delta_sensor_async.py for tasks to queue
[2023-05-19 18:27:18,423] {logging_mixin.py:115} INFO - [2023-05-19 18:27:18,423] {dagbag.py:507} INFO - Filling up the DagBag from /Users/marianaoliveira/Downloads/alura1/venv/lib/python3.10/site-packages/airflow/example_dags/example_time_delta_sensor_async.py
[2023-05-19 18:27:18,451] {processor.py:651} INFO - DAG(s) dict_keys(['example_time_delta_sensor_async']) retrieved from /Users/marianaoliveira/Downloads/alura1/venv/lib/python3.10/site-packages/airflow/example_dags/example_time_delta_sensor_async.py
[2023-05-19 18:27:18,657] {logging_mixin.py:115} INFO - [2023-05-19 18:27:18,657] {dag.py:2379} INFO - Sync 1 DAGs
[2023-05-19 18:27:18,704] {logging_mixin.py:115} INFO - [2023-05-19 18:27:18,704] {dag.py:2927} INFO - Setting next_dagrun for example_time_delta_sensor_async to None, run_after=None
[2023-05-19 18:27:18,734] {processor.py:161} INFO - Processing /Users/marianaoliveira/Downloads/alura1/venv/lib/python3.10/site-packages/airflow/example_dags/example_time_delta_sensor_async.py took 0.315 seconds
