[2023-05-19 15:13:17,400] {processor.py:153} INFO - Started process (PID=2859) to work on /Users/marianaoliveira/Downloads/alura1/venv/lib/python3.10/site-packages/airflow/example_dags/example_bash_operator.py
[2023-05-19 15:13:17,400] {processor.py:641} INFO - Processing file /Users/marianaoliveira/Downloads/alura1/venv/lib/python3.10/site-packages/airflow/example_dags/example_bash_operator.py for tasks to queue
[2023-05-19 15:13:17,401] {logging_mixin.py:115} INFO - [2023-05-19 15:13:17,400] {dagbag.py:507} INFO - Filling up the DagBag from /Users/marianaoliveira/Downloads/alura1/venv/lib/python3.10/site-packages/airflow/example_dags/example_bash_operator.py
[2023-05-19 15:13:17,431] {processor.py:651} INFO - DAG(s) dict_keys(['example_bash_operator']) retrieved from /Users/marianaoliveira/Downloads/alura1/venv/lib/python3.10/site-packages/airflow/example_dags/example_bash_operator.py
[2023-05-19 15:13:18,431] {logging_mixin.py:115} INFO - [2023-05-19 15:13:18,431] {manager.py:508} INFO - Created Permission View: can delete on DAG:example_bash_operator
[2023-05-19 15:13:18,441] {logging_mixin.py:115} INFO - [2023-05-19 15:13:18,441] {manager.py:508} INFO - Created Permission View: can edit on DAG:example_bash_operator
[2023-05-19 15:13:18,449] {logging_mixin.py:115} INFO - [2023-05-19 15:13:18,449] {manager.py:508} INFO - Created Permission View: can read on DAG:example_bash_operator
[2023-05-19 15:13:18,450] {logging_mixin.py:115} INFO - [2023-05-19 15:13:18,449] {dag.py:2379} INFO - Sync 1 DAGs
[2023-05-19 15:13:18,465] {logging_mixin.py:115} INFO - [2023-05-19 15:13:18,464] {dag.py:2398} INFO - Creating ORM DAG for example_bash_operator
[2023-05-19 15:13:18,476] {logging_mixin.py:115} INFO - [2023-05-19 15:13:18,475] {dag.py:2927} INFO - Setting next_dagrun for example_bash_operator to 2023-05-18T00:00:00+00:00, run_after=2023-05-19T00:00:00+00:00
[2023-05-19 15:13:18,490] {processor.py:161} INFO - Processing /Users/marianaoliveira/Downloads/alura1/venv/lib/python3.10/site-packages/airflow/example_dags/example_bash_operator.py took 1.091 seconds
[2023-05-19 15:15:07,759] {processor.py:153} INFO - Started process (PID=2927) to work on /Users/marianaoliveira/Downloads/alura1/venv/lib/python3.10/site-packages/airflow/example_dags/example_bash_operator.py
[2023-05-19 15:15:07,759] {processor.py:641} INFO - Processing file /Users/marianaoliveira/Downloads/alura1/venv/lib/python3.10/site-packages/airflow/example_dags/example_bash_operator.py for tasks to queue
[2023-05-19 15:15:07,759] {logging_mixin.py:115} INFO - [2023-05-19 15:15:07,759] {dagbag.py:507} INFO - Filling up the DagBag from /Users/marianaoliveira/Downloads/alura1/venv/lib/python3.10/site-packages/airflow/example_dags/example_bash_operator.py
[2023-05-19 15:15:07,778] {processor.py:651} INFO - DAG(s) dict_keys(['example_bash_operator']) retrieved from /Users/marianaoliveira/Downloads/alura1/venv/lib/python3.10/site-packages/airflow/example_dags/example_bash_operator.py
[2023-05-19 15:15:07,862] {logging_mixin.py:115} INFO - [2023-05-19 15:15:07,861] {dag.py:2379} INFO - Sync 1 DAGs
[2023-05-19 15:15:07,881] {logging_mixin.py:115} INFO - [2023-05-19 15:15:07,881] {dag.py:2927} INFO - Setting next_dagrun for example_bash_operator to 2023-05-18T00:00:00+00:00, run_after=2023-05-19T00:00:00+00:00
[2023-05-19 15:15:07,897] {processor.py:161} INFO - Processing /Users/marianaoliveira/Downloads/alura1/venv/lib/python3.10/site-packages/airflow/example_dags/example_bash_operator.py took 0.139 seconds
[2023-05-19 15:17:48,300] {processor.py:153} INFO - Started process (PID=3038) to work on /Users/marianaoliveira/Downloads/alura1/venv/lib/python3.10/site-packages/airflow/example_dags/example_bash_operator.py
[2023-05-19 15:17:48,302] {processor.py:641} INFO - Processing file /Users/marianaoliveira/Downloads/alura1/venv/lib/python3.10/site-packages/airflow/example_dags/example_bash_operator.py for tasks to queue
[2023-05-19 15:17:48,302] {logging_mixin.py:115} INFO - [2023-05-19 15:17:48,302] {dagbag.py:507} INFO - Filling up the DagBag from /Users/marianaoliveira/Downloads/alura1/venv/lib/python3.10/site-packages/airflow/example_dags/example_bash_operator.py
[2023-05-19 15:17:48,348] {processor.py:651} INFO - DAG(s) dict_keys(['example_bash_operator']) retrieved from /Users/marianaoliveira/Downloads/alura1/venv/lib/python3.10/site-packages/airflow/example_dags/example_bash_operator.py
[2023-05-19 15:17:48,480] {logging_mixin.py:115} INFO - [2023-05-19 15:17:48,479] {dag.py:2379} INFO - Sync 1 DAGs
[2023-05-19 15:17:48,509] {logging_mixin.py:115} INFO - [2023-05-19 15:17:48,509] {dag.py:2927} INFO - Setting next_dagrun for example_bash_operator to 2023-05-18T00:00:00+00:00, run_after=2023-05-19T00:00:00+00:00
[2023-05-19 15:17:48,532] {processor.py:161} INFO - Processing /Users/marianaoliveira/Downloads/alura1/venv/lib/python3.10/site-packages/airflow/example_dags/example_bash_operator.py took 0.235 seconds
[2023-05-19 15:20:01,666] {processor.py:153} INFO - Started process (PID=3117) to work on /Users/marianaoliveira/Downloads/alura1/venv/lib/python3.10/site-packages/airflow/example_dags/example_bash_operator.py
[2023-05-19 15:20:01,667] {processor.py:641} INFO - Processing file /Users/marianaoliveira/Downloads/alura1/venv/lib/python3.10/site-packages/airflow/example_dags/example_bash_operator.py for tasks to queue
[2023-05-19 15:20:01,668] {logging_mixin.py:115} INFO - [2023-05-19 15:20:01,668] {dagbag.py:507} INFO - Filling up the DagBag from /Users/marianaoliveira/Downloads/alura1/venv/lib/python3.10/site-packages/airflow/example_dags/example_bash_operator.py
[2023-05-19 15:20:01,692] {processor.py:651} INFO - DAG(s) dict_keys(['example_bash_operator']) retrieved from /Users/marianaoliveira/Downloads/alura1/venv/lib/python3.10/site-packages/airflow/example_dags/example_bash_operator.py
[2023-05-19 15:20:01,787] {logging_mixin.py:115} INFO - [2023-05-19 15:20:01,787] {dag.py:2379} INFO - Sync 1 DAGs
[2023-05-19 15:20:01,811] {logging_mixin.py:115} INFO - [2023-05-19 15:20:01,811] {dag.py:2927} INFO - Setting next_dagrun for example_bash_operator to 2023-05-18T00:00:00+00:00, run_after=2023-05-19T00:00:00+00:00
[2023-05-19 15:20:01,826] {processor.py:161} INFO - Processing /Users/marianaoliveira/Downloads/alura1/venv/lib/python3.10/site-packages/airflow/example_dags/example_bash_operator.py took 0.165 seconds
[2023-05-19 15:21:46,246] {processor.py:153} INFO - Started process (PID=3170) to work on /Users/marianaoliveira/Downloads/alura1/venv/lib/python3.10/site-packages/airflow/example_dags/example_bash_operator.py
[2023-05-19 15:21:46,247] {processor.py:641} INFO - Processing file /Users/marianaoliveira/Downloads/alura1/venv/lib/python3.10/site-packages/airflow/example_dags/example_bash_operator.py for tasks to queue
[2023-05-19 15:21:46,250] {logging_mixin.py:115} INFO - [2023-05-19 15:21:46,250] {dagbag.py:507} INFO - Filling up the DagBag from /Users/marianaoliveira/Downloads/alura1/venv/lib/python3.10/site-packages/airflow/example_dags/example_bash_operator.py
[2023-05-19 15:21:46,270] {processor.py:651} INFO - DAG(s) dict_keys(['example_bash_operator']) retrieved from /Users/marianaoliveira/Downloads/alura1/venv/lib/python3.10/site-packages/airflow/example_dags/example_bash_operator.py
[2023-05-19 15:21:46,344] {logging_mixin.py:115} INFO - [2023-05-19 15:21:46,344] {dag.py:2379} INFO - Sync 1 DAGs
[2023-05-19 15:21:46,363] {logging_mixin.py:115} INFO - [2023-05-19 15:21:46,363] {dag.py:2927} INFO - Setting next_dagrun for example_bash_operator to 2023-05-18T00:00:00+00:00, run_after=2023-05-19T00:00:00+00:00
[2023-05-19 15:21:46,375] {processor.py:161} INFO - Processing /Users/marianaoliveira/Downloads/alura1/venv/lib/python3.10/site-packages/airflow/example_dags/example_bash_operator.py took 0.129 seconds
[2023-05-19 15:23:22,029] {processor.py:153} INFO - Started process (PID=3223) to work on /Users/marianaoliveira/Downloads/alura1/venv/lib/python3.10/site-packages/airflow/example_dags/example_bash_operator.py
[2023-05-19 15:23:22,030] {processor.py:641} INFO - Processing file /Users/marianaoliveira/Downloads/alura1/venv/lib/python3.10/site-packages/airflow/example_dags/example_bash_operator.py for tasks to queue
[2023-05-19 15:23:22,030] {logging_mixin.py:115} INFO - [2023-05-19 15:23:22,030] {dagbag.py:507} INFO - Filling up the DagBag from /Users/marianaoliveira/Downloads/alura1/venv/lib/python3.10/site-packages/airflow/example_dags/example_bash_operator.py
[2023-05-19 15:23:22,051] {processor.py:651} INFO - DAG(s) dict_keys(['example_bash_operator']) retrieved from /Users/marianaoliveira/Downloads/alura1/venv/lib/python3.10/site-packages/airflow/example_dags/example_bash_operator.py
[2023-05-19 15:23:22,128] {logging_mixin.py:115} INFO - [2023-05-19 15:23:22,128] {dag.py:2379} INFO - Sync 1 DAGs
[2023-05-19 15:23:22,147] {logging_mixin.py:115} INFO - [2023-05-19 15:23:22,147] {dag.py:2927} INFO - Setting next_dagrun for example_bash_operator to 2023-05-18T00:00:00+00:00, run_after=2023-05-19T00:00:00+00:00
[2023-05-19 15:23:22,159] {processor.py:161} INFO - Processing /Users/marianaoliveira/Downloads/alura1/venv/lib/python3.10/site-packages/airflow/example_dags/example_bash_operator.py took 0.131 seconds
[2023-05-19 15:25:26,769] {processor.py:153} INFO - Started process (PID=3289) to work on /Users/marianaoliveira/Downloads/alura1/venv/lib/python3.10/site-packages/airflow/example_dags/example_bash_operator.py
[2023-05-19 15:25:26,771] {processor.py:641} INFO - Processing file /Users/marianaoliveira/Downloads/alura1/venv/lib/python3.10/site-packages/airflow/example_dags/example_bash_operator.py for tasks to queue
[2023-05-19 15:25:26,773] {logging_mixin.py:115} INFO - [2023-05-19 15:25:26,772] {dagbag.py:507} INFO - Filling up the DagBag from /Users/marianaoliveira/Downloads/alura1/venv/lib/python3.10/site-packages/airflow/example_dags/example_bash_operator.py
[2023-05-19 15:25:26,809] {processor.py:651} INFO - DAG(s) dict_keys(['example_bash_operator']) retrieved from /Users/marianaoliveira/Downloads/alura1/venv/lib/python3.10/site-packages/airflow/example_dags/example_bash_operator.py
[2023-05-19 15:25:26,920] {logging_mixin.py:115} INFO - [2023-05-19 15:25:26,920] {dag.py:2379} INFO - Sync 1 DAGs
[2023-05-19 15:25:26,949] {logging_mixin.py:115} INFO - [2023-05-19 15:25:26,948] {dag.py:2927} INFO - Setting next_dagrun for example_bash_operator to 2023-05-18T00:00:00+00:00, run_after=2023-05-19T00:00:00+00:00
[2023-05-19 15:25:26,965] {processor.py:161} INFO - Processing /Users/marianaoliveira/Downloads/alura1/venv/lib/python3.10/site-packages/airflow/example_dags/example_bash_operator.py took 0.197 seconds
[2023-05-19 15:28:01,757] {processor.py:153} INFO - Started process (PID=3401) to work on /Users/marianaoliveira/Downloads/alura1/venv/lib/python3.10/site-packages/airflow/example_dags/example_bash_operator.py
[2023-05-19 15:28:01,758] {processor.py:641} INFO - Processing file /Users/marianaoliveira/Downloads/alura1/venv/lib/python3.10/site-packages/airflow/example_dags/example_bash_operator.py for tasks to queue
[2023-05-19 15:28:01,758] {logging_mixin.py:115} INFO - [2023-05-19 15:28:01,758] {dagbag.py:507} INFO - Filling up the DagBag from /Users/marianaoliveira/Downloads/alura1/venv/lib/python3.10/site-packages/airflow/example_dags/example_bash_operator.py
[2023-05-19 15:28:01,777] {processor.py:651} INFO - DAG(s) dict_keys(['example_bash_operator']) retrieved from /Users/marianaoliveira/Downloads/alura1/venv/lib/python3.10/site-packages/airflow/example_dags/example_bash_operator.py
[2023-05-19 15:28:01,849] {logging_mixin.py:115} INFO - [2023-05-19 15:28:01,849] {dag.py:2379} INFO - Sync 1 DAGs
[2023-05-19 15:28:01,867] {logging_mixin.py:115} INFO - [2023-05-19 15:28:01,867] {dag.py:2927} INFO - Setting next_dagrun for example_bash_operator to 2023-05-18T00:00:00+00:00, run_after=2023-05-19T00:00:00+00:00
[2023-05-19 15:28:01,879] {processor.py:161} INFO - Processing /Users/marianaoliveira/Downloads/alura1/venv/lib/python3.10/site-packages/airflow/example_dags/example_bash_operator.py took 0.123 seconds
[2023-05-19 15:30:19,444] {processor.py:153} INFO - Started process (PID=3482) to work on /Users/marianaoliveira/Downloads/alura1/venv/lib/python3.10/site-packages/airflow/example_dags/example_bash_operator.py
[2023-05-19 15:30:19,444] {processor.py:641} INFO - Processing file /Users/marianaoliveira/Downloads/alura1/venv/lib/python3.10/site-packages/airflow/example_dags/example_bash_operator.py for tasks to queue
[2023-05-19 15:30:19,445] {logging_mixin.py:115} INFO - [2023-05-19 15:30:19,445] {dagbag.py:507} INFO - Filling up the DagBag from /Users/marianaoliveira/Downloads/alura1/venv/lib/python3.10/site-packages/airflow/example_dags/example_bash_operator.py
[2023-05-19 15:30:19,472] {processor.py:651} INFO - DAG(s) dict_keys(['example_bash_operator']) retrieved from /Users/marianaoliveira/Downloads/alura1/venv/lib/python3.10/site-packages/airflow/example_dags/example_bash_operator.py
[2023-05-19 15:30:19,566] {logging_mixin.py:115} INFO - [2023-05-19 15:30:19,565] {dag.py:2379} INFO - Sync 1 DAGs
[2023-05-19 15:30:19,592] {logging_mixin.py:115} INFO - [2023-05-19 15:30:19,592] {dag.py:2927} INFO - Setting next_dagrun for example_bash_operator to 2023-05-18T00:00:00+00:00, run_after=2023-05-19T00:00:00+00:00
[2023-05-19 15:30:19,607] {processor.py:161} INFO - Processing /Users/marianaoliveira/Downloads/alura1/venv/lib/python3.10/site-packages/airflow/example_dags/example_bash_operator.py took 0.166 seconds
[2023-05-19 16:30:29,550] {processor.py:153} INFO - Started process (PID=6099) to work on /Users/marianaoliveira/Downloads/alura1/venv/lib/python3.10/site-packages/airflow/example_dags/example_bash_operator.py
[2023-05-19 16:30:29,552] {processor.py:641} INFO - Processing file /Users/marianaoliveira/Downloads/alura1/venv/lib/python3.10/site-packages/airflow/example_dags/example_bash_operator.py for tasks to queue
[2023-05-19 16:30:29,553] {logging_mixin.py:115} INFO - [2023-05-19 16:30:29,553] {dagbag.py:507} INFO - Filling up the DagBag from /Users/marianaoliveira/Downloads/alura1/venv/lib/python3.10/site-packages/airflow/example_dags/example_bash_operator.py
[2023-05-19 16:30:29,596] {processor.py:651} INFO - DAG(s) dict_keys(['example_bash_operator']) retrieved from /Users/marianaoliveira/Downloads/alura1/venv/lib/python3.10/site-packages/airflow/example_dags/example_bash_operator.py
[2023-05-19 16:30:29,764] {logging_mixin.py:115} INFO - [2023-05-19 16:30:29,763] {dag.py:2379} INFO - Sync 1 DAGs
[2023-05-19 16:30:29,796] {logging_mixin.py:115} INFO - [2023-05-19 16:30:29,796] {dag.py:2927} INFO - Setting next_dagrun for example_bash_operator to 2023-05-18T00:00:00+00:00, run_after=2023-05-19T00:00:00+00:00
[2023-05-19 16:30:29,812] {processor.py:161} INFO - Processing /Users/marianaoliveira/Downloads/alura1/venv/lib/python3.10/site-packages/airflow/example_dags/example_bash_operator.py took 0.263 seconds
[2023-05-19 16:35:35,902] {processor.py:153} INFO - Started process (PID=6281) to work on /Users/marianaoliveira/Downloads/alura1/venv/lib/python3.10/site-packages/airflow/example_dags/example_bash_operator.py
[2023-05-19 16:35:35,904] {processor.py:641} INFO - Processing file /Users/marianaoliveira/Downloads/alura1/venv/lib/python3.10/site-packages/airflow/example_dags/example_bash_operator.py for tasks to queue
[2023-05-19 16:35:35,904] {logging_mixin.py:115} INFO - [2023-05-19 16:35:35,904] {dagbag.py:507} INFO - Filling up the DagBag from /Users/marianaoliveira/Downloads/alura1/venv/lib/python3.10/site-packages/airflow/example_dags/example_bash_operator.py
[2023-05-19 16:35:36,001] {processor.py:651} INFO - DAG(s) dict_keys(['example_bash_operator']) retrieved from /Users/marianaoliveira/Downloads/alura1/venv/lib/python3.10/site-packages/airflow/example_dags/example_bash_operator.py
[2023-05-19 16:35:36,368] {logging_mixin.py:115} INFO - [2023-05-19 16:35:36,368] {dag.py:2379} INFO - Sync 1 DAGs
[2023-05-19 16:35:36,430] {logging_mixin.py:115} INFO - [2023-05-19 16:35:36,429] {dag.py:2927} INFO - Setting next_dagrun for example_bash_operator to 2023-05-18T00:00:00+00:00, run_after=2023-05-19T00:00:00+00:00
[2023-05-19 16:35:36,495] {processor.py:161} INFO - Processing /Users/marianaoliveira/Downloads/alura1/venv/lib/python3.10/site-packages/airflow/example_dags/example_bash_operator.py took 0.600 seconds
[2023-05-19 16:40:20,606] {processor.py:153} INFO - Started process (PID=6489) to work on /Users/marianaoliveira/Downloads/alura1/venv/lib/python3.10/site-packages/airflow/example_dags/example_bash_operator.py
[2023-05-19 16:40:20,608] {processor.py:641} INFO - Processing file /Users/marianaoliveira/Downloads/alura1/venv/lib/python3.10/site-packages/airflow/example_dags/example_bash_operator.py for tasks to queue
[2023-05-19 16:40:20,610] {logging_mixin.py:115} INFO - [2023-05-19 16:40:20,609] {dagbag.py:507} INFO - Filling up the DagBag from /Users/marianaoliveira/Downloads/alura1/venv/lib/python3.10/site-packages/airflow/example_dags/example_bash_operator.py
[2023-05-19 16:40:20,671] {processor.py:651} INFO - DAG(s) dict_keys(['example_bash_operator']) retrieved from /Users/marianaoliveira/Downloads/alura1/venv/lib/python3.10/site-packages/airflow/example_dags/example_bash_operator.py
[2023-05-19 16:40:20,866] {logging_mixin.py:115} INFO - [2023-05-19 16:40:20,866] {dag.py:2379} INFO - Sync 1 DAGs
[2023-05-19 16:40:20,916] {logging_mixin.py:115} INFO - [2023-05-19 16:40:20,914] {dag.py:2927} INFO - Setting next_dagrun for example_bash_operator to 2023-05-18T00:00:00+00:00, run_after=2023-05-19T00:00:00+00:00
[2023-05-19 16:40:20,946] {processor.py:161} INFO - Processing /Users/marianaoliveira/Downloads/alura1/venv/lib/python3.10/site-packages/airflow/example_dags/example_bash_operator.py took 0.341 seconds
[2023-05-19 16:52:55,408] {processor.py:153} INFO - Started process (PID=6796) to work on /Users/marianaoliveira/Downloads/alura1/venv/lib/python3.10/site-packages/airflow/example_dags/example_bash_operator.py
[2023-05-19 16:52:55,417] {processor.py:641} INFO - Processing file /Users/marianaoliveira/Downloads/alura1/venv/lib/python3.10/site-packages/airflow/example_dags/example_bash_operator.py for tasks to queue
[2023-05-19 16:52:55,423] {logging_mixin.py:115} INFO - [2023-05-19 16:52:55,423] {dagbag.py:507} INFO - Filling up the DagBag from /Users/marianaoliveira/Downloads/alura1/venv/lib/python3.10/site-packages/airflow/example_dags/example_bash_operator.py
[2023-05-19 16:52:55,532] {processor.py:651} INFO - DAG(s) dict_keys(['example_bash_operator']) retrieved from /Users/marianaoliveira/Downloads/alura1/venv/lib/python3.10/site-packages/airflow/example_dags/example_bash_operator.py
[2023-05-19 16:52:55,906] {logging_mixin.py:115} INFO - [2023-05-19 16:52:55,906] {dag.py:2379} INFO - Sync 1 DAGs
[2023-05-19 16:52:56,013] {logging_mixin.py:115} INFO - [2023-05-19 16:52:56,013] {dag.py:2927} INFO - Setting next_dagrun for example_bash_operator to 2023-05-18T00:00:00+00:00, run_after=2023-05-19T00:00:00+00:00
[2023-05-19 16:52:56,039] {processor.py:161} INFO - Processing /Users/marianaoliveira/Downloads/alura1/venv/lib/python3.10/site-packages/airflow/example_dags/example_bash_operator.py took 0.632 seconds
[2023-05-19 16:57:22,702] {processor.py:153} INFO - Started process (PID=7034) to work on /Users/marianaoliveira/Downloads/alura1/venv/lib/python3.10/site-packages/airflow/example_dags/example_bash_operator.py
[2023-05-19 16:57:22,704] {processor.py:641} INFO - Processing file /Users/marianaoliveira/Downloads/alura1/venv/lib/python3.10/site-packages/airflow/example_dags/example_bash_operator.py for tasks to queue
[2023-05-19 16:57:22,704] {logging_mixin.py:115} INFO - [2023-05-19 16:57:22,704] {dagbag.py:507} INFO - Filling up the DagBag from /Users/marianaoliveira/Downloads/alura1/venv/lib/python3.10/site-packages/airflow/example_dags/example_bash_operator.py
[2023-05-19 16:57:22,744] {processor.py:651} INFO - DAG(s) dict_keys(['example_bash_operator']) retrieved from /Users/marianaoliveira/Downloads/alura1/venv/lib/python3.10/site-packages/airflow/example_dags/example_bash_operator.py
[2023-05-19 16:57:22,987] {logging_mixin.py:115} INFO - [2023-05-19 16:57:22,987] {dag.py:2379} INFO - Sync 1 DAGs
[2023-05-19 16:57:23,015] {logging_mixin.py:115} INFO - [2023-05-19 16:57:23,014] {dag.py:2927} INFO - Setting next_dagrun for example_bash_operator to 2023-05-18T00:00:00+00:00, run_after=2023-05-19T00:00:00+00:00
[2023-05-19 16:57:23,037] {processor.py:161} INFO - Processing /Users/marianaoliveira/Downloads/alura1/venv/lib/python3.10/site-packages/airflow/example_dags/example_bash_operator.py took 0.336 seconds
[2023-05-19 17:00:30,614] {processor.py:153} INFO - Started process (PID=7125) to work on /Users/marianaoliveira/Downloads/alura1/venv/lib/python3.10/site-packages/airflow/example_dags/example_bash_operator.py
[2023-05-19 17:00:30,615] {processor.py:641} INFO - Processing file /Users/marianaoliveira/Downloads/alura1/venv/lib/python3.10/site-packages/airflow/example_dags/example_bash_operator.py for tasks to queue
[2023-05-19 17:00:30,616] {logging_mixin.py:115} INFO - [2023-05-19 17:00:30,616] {dagbag.py:507} INFO - Filling up the DagBag from /Users/marianaoliveira/Downloads/alura1/venv/lib/python3.10/site-packages/airflow/example_dags/example_bash_operator.py
[2023-05-19 17:00:30,650] {processor.py:651} INFO - DAG(s) dict_keys(['example_bash_operator']) retrieved from /Users/marianaoliveira/Downloads/alura1/venv/lib/python3.10/site-packages/airflow/example_dags/example_bash_operator.py
[2023-05-19 17:00:30,762] {logging_mixin.py:115} INFO - [2023-05-19 17:00:30,762] {dag.py:2379} INFO - Sync 1 DAGs
[2023-05-19 17:00:30,795] {logging_mixin.py:115} INFO - [2023-05-19 17:00:30,795] {dag.py:2927} INFO - Setting next_dagrun for example_bash_operator to 2023-05-18T00:00:00+00:00, run_after=2023-05-19T00:00:00+00:00
[2023-05-19 17:00:30,819] {processor.py:161} INFO - Processing /Users/marianaoliveira/Downloads/alura1/venv/lib/python3.10/site-packages/airflow/example_dags/example_bash_operator.py took 0.207 seconds
[2023-05-19 17:04:27,465] {processor.py:153} INFO - Started process (PID=7298) to work on /Users/marianaoliveira/Downloads/alura1/venv/lib/python3.10/site-packages/airflow/example_dags/example_bash_operator.py
[2023-05-19 17:04:27,472] {processor.py:641} INFO - Processing file /Users/marianaoliveira/Downloads/alura1/venv/lib/python3.10/site-packages/airflow/example_dags/example_bash_operator.py for tasks to queue
[2023-05-19 17:04:27,474] {logging_mixin.py:115} INFO - [2023-05-19 17:04:27,474] {dagbag.py:507} INFO - Filling up the DagBag from /Users/marianaoliveira/Downloads/alura1/venv/lib/python3.10/site-packages/airflow/example_dags/example_bash_operator.py
[2023-05-19 17:04:27,539] {processor.py:651} INFO - DAG(s) dict_keys(['example_bash_operator']) retrieved from /Users/marianaoliveira/Downloads/alura1/venv/lib/python3.10/site-packages/airflow/example_dags/example_bash_operator.py
[2023-05-19 17:04:27,757] {logging_mixin.py:115} INFO - [2023-05-19 17:04:27,757] {dag.py:2379} INFO - Sync 1 DAGs
[2023-05-19 17:04:27,802] {logging_mixin.py:115} INFO - [2023-05-19 17:04:27,802] {dag.py:2927} INFO - Setting next_dagrun for example_bash_operator to 2023-05-18T00:00:00+00:00, run_after=2023-05-19T00:00:00+00:00
[2023-05-19 17:04:27,838] {processor.py:161} INFO - Processing /Users/marianaoliveira/Downloads/alura1/venv/lib/python3.10/site-packages/airflow/example_dags/example_bash_operator.py took 0.374 seconds
[2023-05-19 17:31:39,208] {processor.py:153} INFO - Started process (PID=7774) to work on /Users/marianaoliveira/Downloads/alura1/venv/lib/python3.10/site-packages/airflow/example_dags/example_bash_operator.py
[2023-05-19 17:31:39,211] {processor.py:641} INFO - Processing file /Users/marianaoliveira/Downloads/alura1/venv/lib/python3.10/site-packages/airflow/example_dags/example_bash_operator.py for tasks to queue
[2023-05-19 17:31:39,211] {logging_mixin.py:115} INFO - [2023-05-19 17:31:39,211] {dagbag.py:507} INFO - Filling up the DagBag from /Users/marianaoliveira/Downloads/alura1/venv/lib/python3.10/site-packages/airflow/example_dags/example_bash_operator.py
[2023-05-19 17:31:39,253] {processor.py:651} INFO - DAG(s) dict_keys(['example_bash_operator']) retrieved from /Users/marianaoliveira/Downloads/alura1/venv/lib/python3.10/site-packages/airflow/example_dags/example_bash_operator.py
[2023-05-19 17:31:39,590] {logging_mixin.py:115} INFO - [2023-05-19 17:31:39,590] {dag.py:2379} INFO - Sync 1 DAGs
[2023-05-19 17:31:39,658] {logging_mixin.py:115} INFO - [2023-05-19 17:31:39,658] {dag.py:2927} INFO - Setting next_dagrun for example_bash_operator to 2023-05-18T00:00:00+00:00, run_after=2023-05-19T00:00:00+00:00
[2023-05-19 17:31:39,678] {processor.py:161} INFO - Processing /Users/marianaoliveira/Downloads/alura1/venv/lib/python3.10/site-packages/airflow/example_dags/example_bash_operator.py took 0.473 seconds
[2023-05-19 17:36:51,327] {processor.py:153} INFO - Started process (PID=7893) to work on /Users/marianaoliveira/Downloads/alura1/venv/lib/python3.10/site-packages/airflow/example_dags/example_bash_operator.py
[2023-05-19 17:36:51,327] {processor.py:641} INFO - Processing file /Users/marianaoliveira/Downloads/alura1/venv/lib/python3.10/site-packages/airflow/example_dags/example_bash_operator.py for tasks to queue
[2023-05-19 17:36:51,328] {logging_mixin.py:115} INFO - [2023-05-19 17:36:51,328] {dagbag.py:507} INFO - Filling up the DagBag from /Users/marianaoliveira/Downloads/alura1/venv/lib/python3.10/site-packages/airflow/example_dags/example_bash_operator.py
[2023-05-19 17:36:51,369] {processor.py:651} INFO - DAG(s) dict_keys(['example_bash_operator']) retrieved from /Users/marianaoliveira/Downloads/alura1/venv/lib/python3.10/site-packages/airflow/example_dags/example_bash_operator.py
[2023-05-19 17:36:51,487] {logging_mixin.py:115} INFO - [2023-05-19 17:36:51,486] {dag.py:2379} INFO - Sync 1 DAGs
[2023-05-19 17:36:51,515] {logging_mixin.py:115} INFO - [2023-05-19 17:36:51,514] {dag.py:2927} INFO - Setting next_dagrun for example_bash_operator to 2023-05-18T00:00:00+00:00, run_after=2023-05-19T00:00:00+00:00
[2023-05-19 17:36:51,534] {processor.py:161} INFO - Processing /Users/marianaoliveira/Downloads/alura1/venv/lib/python3.10/site-packages/airflow/example_dags/example_bash_operator.py took 0.209 seconds
[2023-05-19 17:46:14,176] {processor.py:153} INFO - Started process (PID=8132) to work on /Users/marianaoliveira/Downloads/alura1/venv/lib/python3.10/site-packages/airflow/example_dags/example_bash_operator.py
[2023-05-19 17:46:14,178] {processor.py:641} INFO - Processing file /Users/marianaoliveira/Downloads/alura1/venv/lib/python3.10/site-packages/airflow/example_dags/example_bash_operator.py for tasks to queue
[2023-05-19 17:46:14,178] {logging_mixin.py:115} INFO - [2023-05-19 17:46:14,178] {dagbag.py:507} INFO - Filling up the DagBag from /Users/marianaoliveira/Downloads/alura1/venv/lib/python3.10/site-packages/airflow/example_dags/example_bash_operator.py
[2023-05-19 17:46:14,217] {processor.py:651} INFO - DAG(s) dict_keys(['example_bash_operator']) retrieved from /Users/marianaoliveira/Downloads/alura1/venv/lib/python3.10/site-packages/airflow/example_dags/example_bash_operator.py
[2023-05-19 17:46:14,369] {logging_mixin.py:115} INFO - [2023-05-19 17:46:14,369] {dag.py:2379} INFO - Sync 1 DAGs
[2023-05-19 17:46:14,410] {logging_mixin.py:115} INFO - [2023-05-19 17:46:14,409] {dag.py:2927} INFO - Setting next_dagrun for example_bash_operator to 2023-05-18T00:00:00+00:00, run_after=2023-05-19T00:00:00+00:00
[2023-05-19 17:46:14,430] {processor.py:161} INFO - Processing /Users/marianaoliveira/Downloads/alura1/venv/lib/python3.10/site-packages/airflow/example_dags/example_bash_operator.py took 0.256 seconds
[2023-05-19 17:49:33,188] {processor.py:153} INFO - Started process (PID=8216) to work on /Users/marianaoliveira/Downloads/alura1/venv/lib/python3.10/site-packages/airflow/example_dags/example_bash_operator.py
[2023-05-19 17:49:33,189] {processor.py:641} INFO - Processing file /Users/marianaoliveira/Downloads/alura1/venv/lib/python3.10/site-packages/airflow/example_dags/example_bash_operator.py for tasks to queue
[2023-05-19 17:49:33,189] {logging_mixin.py:115} INFO - [2023-05-19 17:49:33,189] {dagbag.py:507} INFO - Filling up the DagBag from /Users/marianaoliveira/Downloads/alura1/venv/lib/python3.10/site-packages/airflow/example_dags/example_bash_operator.py
[2023-05-19 17:49:33,225] {processor.py:651} INFO - DAG(s) dict_keys(['example_bash_operator']) retrieved from /Users/marianaoliveira/Downloads/alura1/venv/lib/python3.10/site-packages/airflow/example_dags/example_bash_operator.py
[2023-05-19 17:49:33,344] {logging_mixin.py:115} INFO - [2023-05-19 17:49:33,343] {dag.py:2379} INFO - Sync 1 DAGs
[2023-05-19 17:49:33,373] {logging_mixin.py:115} INFO - [2023-05-19 17:49:33,372] {dag.py:2927} INFO - Setting next_dagrun for example_bash_operator to 2023-05-18T00:00:00+00:00, run_after=2023-05-19T00:00:00+00:00
[2023-05-19 17:49:33,386] {processor.py:161} INFO - Processing /Users/marianaoliveira/Downloads/alura1/venv/lib/python3.10/site-packages/airflow/example_dags/example_bash_operator.py took 0.199 seconds
[2023-05-19 17:53:03,396] {processor.py:153} INFO - Started process (PID=8359) to work on /Users/marianaoliveira/Downloads/alura1/venv/lib/python3.10/site-packages/airflow/example_dags/example_bash_operator.py
[2023-05-19 17:53:03,398] {processor.py:641} INFO - Processing file /Users/marianaoliveira/Downloads/alura1/venv/lib/python3.10/site-packages/airflow/example_dags/example_bash_operator.py for tasks to queue
[2023-05-19 17:53:03,398] {logging_mixin.py:115} INFO - [2023-05-19 17:53:03,398] {dagbag.py:507} INFO - Filling up the DagBag from /Users/marianaoliveira/Downloads/alura1/venv/lib/python3.10/site-packages/airflow/example_dags/example_bash_operator.py
[2023-05-19 17:53:03,444] {processor.py:651} INFO - DAG(s) dict_keys(['example_bash_operator']) retrieved from /Users/marianaoliveira/Downloads/alura1/venv/lib/python3.10/site-packages/airflow/example_dags/example_bash_operator.py
[2023-05-19 17:53:03,598] {logging_mixin.py:115} INFO - [2023-05-19 17:53:03,598] {dag.py:2379} INFO - Sync 1 DAGs
[2023-05-19 17:53:03,657] {logging_mixin.py:115} INFO - [2023-05-19 17:53:03,657] {dag.py:2927} INFO - Setting next_dagrun for example_bash_operator to 2023-05-18T00:00:00+00:00, run_after=2023-05-19T00:00:00+00:00
[2023-05-19 17:53:03,738] {processor.py:161} INFO - Processing /Users/marianaoliveira/Downloads/alura1/venv/lib/python3.10/site-packages/airflow/example_dags/example_bash_operator.py took 0.343 seconds
[2023-05-19 17:56:25,961] {processor.py:153} INFO - Started process (PID=8556) to work on /Users/marianaoliveira/Downloads/alura1/venv/lib/python3.10/site-packages/airflow/example_dags/example_bash_operator.py
[2023-05-19 17:56:25,964] {processor.py:641} INFO - Processing file /Users/marianaoliveira/Downloads/alura1/venv/lib/python3.10/site-packages/airflow/example_dags/example_bash_operator.py for tasks to queue
[2023-05-19 17:56:25,967] {logging_mixin.py:115} INFO - [2023-05-19 17:56:25,967] {dagbag.py:507} INFO - Filling up the DagBag from /Users/marianaoliveira/Downloads/alura1/venv/lib/python3.10/site-packages/airflow/example_dags/example_bash_operator.py
[2023-05-19 17:56:26,002] {processor.py:651} INFO - DAG(s) dict_keys(['example_bash_operator']) retrieved from /Users/marianaoliveira/Downloads/alura1/venv/lib/python3.10/site-packages/airflow/example_dags/example_bash_operator.py
[2023-05-19 17:56:26,119] {logging_mixin.py:115} INFO - [2023-05-19 17:56:26,119] {dag.py:2379} INFO - Sync 1 DAGs
[2023-05-19 17:56:26,159] {logging_mixin.py:115} INFO - [2023-05-19 17:56:26,158] {dag.py:2927} INFO - Setting next_dagrun for example_bash_operator to 2023-05-18T00:00:00+00:00, run_after=2023-05-19T00:00:00+00:00
[2023-05-19 17:56:26,206] {processor.py:161} INFO - Processing /Users/marianaoliveira/Downloads/alura1/venv/lib/python3.10/site-packages/airflow/example_dags/example_bash_operator.py took 0.248 seconds
[2023-05-19 17:59:37,644] {processor.py:153} INFO - Started process (PID=8645) to work on /Users/marianaoliveira/Downloads/alura1/venv/lib/python3.10/site-packages/airflow/example_dags/example_bash_operator.py
[2023-05-19 17:59:37,645] {processor.py:641} INFO - Processing file /Users/marianaoliveira/Downloads/alura1/venv/lib/python3.10/site-packages/airflow/example_dags/example_bash_operator.py for tasks to queue
[2023-05-19 17:59:37,646] {logging_mixin.py:115} INFO - [2023-05-19 17:59:37,646] {dagbag.py:507} INFO - Filling up the DagBag from /Users/marianaoliveira/Downloads/alura1/venv/lib/python3.10/site-packages/airflow/example_dags/example_bash_operator.py
[2023-05-19 17:59:37,685] {processor.py:651} INFO - DAG(s) dict_keys(['example_bash_operator']) retrieved from /Users/marianaoliveira/Downloads/alura1/venv/lib/python3.10/site-packages/airflow/example_dags/example_bash_operator.py
[2023-05-19 17:59:37,955] {logging_mixin.py:115} INFO - [2023-05-19 17:59:37,954] {dag.py:2379} INFO - Sync 1 DAGs
[2023-05-19 17:59:38,003] {logging_mixin.py:115} INFO - [2023-05-19 17:59:38,003] {dag.py:2927} INFO - Setting next_dagrun for example_bash_operator to 2023-05-18T00:00:00+00:00, run_after=2023-05-19T00:00:00+00:00
[2023-05-19 17:59:38,034] {processor.py:161} INFO - Processing /Users/marianaoliveira/Downloads/alura1/venv/lib/python3.10/site-packages/airflow/example_dags/example_bash_operator.py took 0.391 seconds
[2023-05-19 18:16:21,486] {processor.py:153} INFO - Started process (PID=9260) to work on /Users/marianaoliveira/Downloads/alura1/venv/lib/python3.10/site-packages/airflow/example_dags/example_bash_operator.py
[2023-05-19 18:16:21,487] {processor.py:641} INFO - Processing file /Users/marianaoliveira/Downloads/alura1/venv/lib/python3.10/site-packages/airflow/example_dags/example_bash_operator.py for tasks to queue
[2023-05-19 18:16:21,488] {logging_mixin.py:115} INFO - [2023-05-19 18:16:21,488] {dagbag.py:507} INFO - Filling up the DagBag from /Users/marianaoliveira/Downloads/alura1/venv/lib/python3.10/site-packages/airflow/example_dags/example_bash_operator.py
[2023-05-19 18:16:21,590] {processor.py:651} INFO - DAG(s) dict_keys(['example_bash_operator']) retrieved from /Users/marianaoliveira/Downloads/alura1/venv/lib/python3.10/site-packages/airflow/example_dags/example_bash_operator.py
[2023-05-19 18:16:22,023] {logging_mixin.py:115} INFO - [2023-05-19 18:16:22,023] {dag.py:2379} INFO - Sync 1 DAGs
[2023-05-19 18:16:22,110] {logging_mixin.py:115} INFO - [2023-05-19 18:16:22,110] {dag.py:2927} INFO - Setting next_dagrun for example_bash_operator to 2023-05-18T00:00:00+00:00, run_after=2023-05-19T00:00:00+00:00
[2023-05-19 18:16:22,207] {processor.py:161} INFO - Processing /Users/marianaoliveira/Downloads/alura1/venv/lib/python3.10/site-packages/airflow/example_dags/example_bash_operator.py took 0.763 seconds
