[2023-05-19 15:11:34,198] {processor.py:153} INFO - Started process (PID=2763) to work on /Users/marianaoliveira/Downloads/alura1/venv/lib/python3.10/site-packages/airflow/example_dags/example_xcomargs.py
[2023-05-19 15:11:34,198] {processor.py:641} INFO - Processing file /Users/marianaoliveira/Downloads/alura1/venv/lib/python3.10/site-packages/airflow/example_dags/example_xcomargs.py for tasks to queue
[2023-05-19 15:11:34,198] {logging_mixin.py:115} INFO - [2023-05-19 15:11:34,198] {dagbag.py:507} INFO - Filling up the DagBag from /Users/marianaoliveira/Downloads/alura1/venv/lib/python3.10/site-packages/airflow/example_dags/example_xcomargs.py
[2023-05-19 15:11:34,263] {processor.py:651} INFO - DAG(s) dict_keys(['example_xcom_args', 'example_xcom_args_with_operators']) retrieved from /Users/marianaoliveira/Downloads/alura1/venv/lib/python3.10/site-packages/airflow/example_dags/example_xcomargs.py
[2023-05-19 15:11:36,053] {logging_mixin.py:115} INFO - [2023-05-19 15:11:36,053] {manager.py:508} INFO - Created Permission View: can edit on DAG:example_xcom_args
[2023-05-19 15:11:36,068] {logging_mixin.py:115} INFO - [2023-05-19 15:11:36,068] {manager.py:508} INFO - Created Permission View: can read on DAG:example_xcom_args
[2023-05-19 15:11:36,080] {logging_mixin.py:115} INFO - [2023-05-19 15:11:36,080] {manager.py:508} INFO - Created Permission View: can delete on DAG:example_xcom_args
[2023-05-19 15:11:36,102] {logging_mixin.py:115} INFO - [2023-05-19 15:11:36,102] {manager.py:508} INFO - Created Permission View: can edit on DAG:example_xcom_args_with_operators
[2023-05-19 15:11:36,118] {logging_mixin.py:115} INFO - [2023-05-19 15:11:36,118] {manager.py:508} INFO - Created Permission View: can read on DAG:example_xcom_args_with_operators
[2023-05-19 15:11:36,131] {logging_mixin.py:115} INFO - [2023-05-19 15:11:36,131] {manager.py:508} INFO - Created Permission View: can delete on DAG:example_xcom_args_with_operators
[2023-05-19 15:11:36,131] {logging_mixin.py:115} INFO - [2023-05-19 15:11:36,131] {dag.py:2379} INFO - Sync 2 DAGs
[2023-05-19 15:11:36,144] {logging_mixin.py:115} INFO - [2023-05-19 15:11:36,143] {dag.py:2398} INFO - Creating ORM DAG for example_xcom_args
[2023-05-19 15:11:36,145] {logging_mixin.py:115} INFO - [2023-05-19 15:11:36,145] {dag.py:2398} INFO - Creating ORM DAG for example_xcom_args_with_operators
[2023-05-19 15:11:36,164] {logging_mixin.py:115} INFO - [2023-05-19 15:11:36,163] {dag.py:2927} INFO - Setting next_dagrun for example_xcom_args to None, run_after=None
[2023-05-19 15:11:36,165] {logging_mixin.py:115} INFO - [2023-05-19 15:11:36,164] {dag.py:2927} INFO - Setting next_dagrun for example_xcom_args_with_operators to None, run_after=None
[2023-05-19 15:11:36,194] {processor.py:161} INFO - Processing /Users/marianaoliveira/Downloads/alura1/venv/lib/python3.10/site-packages/airflow/example_dags/example_xcomargs.py took 1.997 seconds
[2023-05-19 15:13:36,763] {processor.py:153} INFO - Started process (PID=2871) to work on /Users/marianaoliveira/Downloads/alura1/venv/lib/python3.10/site-packages/airflow/example_dags/example_xcomargs.py
[2023-05-19 15:13:36,764] {processor.py:641} INFO - Processing file /Users/marianaoliveira/Downloads/alura1/venv/lib/python3.10/site-packages/airflow/example_dags/example_xcomargs.py for tasks to queue
[2023-05-19 15:13:36,765] {logging_mixin.py:115} INFO - [2023-05-19 15:13:36,765] {dagbag.py:507} INFO - Filling up the DagBag from /Users/marianaoliveira/Downloads/alura1/venv/lib/python3.10/site-packages/airflow/example_dags/example_xcomargs.py
[2023-05-19 15:13:36,806] {processor.py:651} INFO - DAG(s) dict_keys(['example_xcom_args', 'example_xcom_args_with_operators']) retrieved from /Users/marianaoliveira/Downloads/alura1/venv/lib/python3.10/site-packages/airflow/example_dags/example_xcomargs.py
[2023-05-19 15:13:37,531] {logging_mixin.py:115} INFO - [2023-05-19 15:13:37,531] {dag.py:2379} INFO - Sync 2 DAGs
[2023-05-19 15:13:37,548] {logging_mixin.py:115} INFO - [2023-05-19 15:13:37,548] {dag.py:2927} INFO - Setting next_dagrun for example_xcom_args to None, run_after=None
[2023-05-19 15:13:37,548] {logging_mixin.py:115} INFO - [2023-05-19 15:13:37,548] {dag.py:2927} INFO - Setting next_dagrun for example_xcom_args_with_operators to None, run_after=None
[2023-05-19 15:13:37,561] {processor.py:161} INFO - Processing /Users/marianaoliveira/Downloads/alura1/venv/lib/python3.10/site-packages/airflow/example_dags/example_xcomargs.py took 0.799 seconds
[2023-05-19 15:14:33,053] {processor.py:153} INFO - Started process (PID=2906) to work on /Users/marianaoliveira/Downloads/alura1/venv/lib/python3.10/site-packages/airflow/example_dags/example_xcomargs.py
[2023-05-19 15:14:33,054] {processor.py:641} INFO - Processing file /Users/marianaoliveira/Downloads/alura1/venv/lib/python3.10/site-packages/airflow/example_dags/example_xcomargs.py for tasks to queue
[2023-05-19 15:14:33,054] {logging_mixin.py:115} INFO - [2023-05-19 15:14:33,054] {dagbag.py:507} INFO - Filling up the DagBag from /Users/marianaoliveira/Downloads/alura1/venv/lib/python3.10/site-packages/airflow/example_dags/example_xcomargs.py
[2023-05-19 15:14:33,094] {processor.py:651} INFO - DAG(s) dict_keys(['example_xcom_args', 'example_xcom_args_with_operators']) retrieved from /Users/marianaoliveira/Downloads/alura1/venv/lib/python3.10/site-packages/airflow/example_dags/example_xcomargs.py
[2023-05-19 15:14:33,826] {logging_mixin.py:115} INFO - [2023-05-19 15:14:33,826] {dag.py:2379} INFO - Sync 2 DAGs
[2023-05-19 15:14:33,845] {logging_mixin.py:115} INFO - [2023-05-19 15:14:33,845] {dag.py:2927} INFO - Setting next_dagrun for example_xcom_args to None, run_after=None
[2023-05-19 15:14:33,846] {logging_mixin.py:115} INFO - [2023-05-19 15:14:33,845] {dag.py:2927} INFO - Setting next_dagrun for example_xcom_args_with_operators to None, run_after=None
[2023-05-19 15:14:33,858] {processor.py:161} INFO - Processing /Users/marianaoliveira/Downloads/alura1/venv/lib/python3.10/site-packages/airflow/example_dags/example_xcomargs.py took 0.806 seconds
[2023-05-19 15:15:31,342] {processor.py:153} INFO - Started process (PID=2941) to work on /Users/marianaoliveira/Downloads/alura1/venv/lib/python3.10/site-packages/airflow/example_dags/example_xcomargs.py
[2023-05-19 15:15:31,344] {processor.py:641} INFO - Processing file /Users/marianaoliveira/Downloads/alura1/venv/lib/python3.10/site-packages/airflow/example_dags/example_xcomargs.py for tasks to queue
[2023-05-19 15:15:31,345] {logging_mixin.py:115} INFO - [2023-05-19 15:15:31,345] {dagbag.py:507} INFO - Filling up the DagBag from /Users/marianaoliveira/Downloads/alura1/venv/lib/python3.10/site-packages/airflow/example_dags/example_xcomargs.py
[2023-05-19 15:15:31,420] {processor.py:651} INFO - DAG(s) dict_keys(['example_xcom_args', 'example_xcom_args_with_operators']) retrieved from /Users/marianaoliveira/Downloads/alura1/venv/lib/python3.10/site-packages/airflow/example_dags/example_xcomargs.py
[2023-05-19 15:15:33,200] {logging_mixin.py:115} INFO - [2023-05-19 15:15:33,199] {dag.py:2379} INFO - Sync 2 DAGs
[2023-05-19 15:15:33,227] {logging_mixin.py:115} INFO - [2023-05-19 15:15:33,227] {dag.py:2927} INFO - Setting next_dagrun for example_xcom_args to None, run_after=None
[2023-05-19 15:15:33,227] {logging_mixin.py:115} INFO - [2023-05-19 15:15:33,227] {dag.py:2927} INFO - Setting next_dagrun for example_xcom_args_with_operators to None, run_after=None
[2023-05-19 15:15:33,252] {processor.py:161} INFO - Processing /Users/marianaoliveira/Downloads/alura1/venv/lib/python3.10/site-packages/airflow/example_dags/example_xcomargs.py took 1.911 seconds
[2023-05-19 15:16:50,412] {processor.py:153} INFO - Started process (PID=2980) to work on /Users/marianaoliveira/Downloads/alura1/venv/lib/python3.10/site-packages/airflow/example_dags/example_xcomargs.py
[2023-05-19 15:16:50,413] {processor.py:641} INFO - Processing file /Users/marianaoliveira/Downloads/alura1/venv/lib/python3.10/site-packages/airflow/example_dags/example_xcomargs.py for tasks to queue
[2023-05-19 15:16:50,414] {logging_mixin.py:115} INFO - [2023-05-19 15:16:50,414] {dagbag.py:507} INFO - Filling up the DagBag from /Users/marianaoliveira/Downloads/alura1/venv/lib/python3.10/site-packages/airflow/example_dags/example_xcomargs.py
[2023-05-19 15:16:50,492] {processor.py:651} INFO - DAG(s) dict_keys(['example_xcom_args', 'example_xcom_args_with_operators']) retrieved from /Users/marianaoliveira/Downloads/alura1/venv/lib/python3.10/site-packages/airflow/example_dags/example_xcomargs.py
[2023-05-19 15:16:51,639] {logging_mixin.py:115} INFO - [2023-05-19 15:16:51,639] {dag.py:2379} INFO - Sync 2 DAGs
[2023-05-19 15:16:51,665] {logging_mixin.py:115} INFO - [2023-05-19 15:16:51,665] {dag.py:2927} INFO - Setting next_dagrun for example_xcom_args to None, run_after=None
[2023-05-19 15:16:51,665] {logging_mixin.py:115} INFO - [2023-05-19 15:16:51,665] {dag.py:2927} INFO - Setting next_dagrun for example_xcom_args_with_operators to None, run_after=None
[2023-05-19 15:16:51,686] {processor.py:161} INFO - Processing /Users/marianaoliveira/Downloads/alura1/venv/lib/python3.10/site-packages/airflow/example_dags/example_xcomargs.py took 1.276 seconds
[2023-05-19 15:18:14,684] {processor.py:153} INFO - Started process (PID=3061) to work on /Users/marianaoliveira/Downloads/alura1/venv/lib/python3.10/site-packages/airflow/example_dags/example_xcomargs.py
[2023-05-19 15:18:14,686] {processor.py:641} INFO - Processing file /Users/marianaoliveira/Downloads/alura1/venv/lib/python3.10/site-packages/airflow/example_dags/example_xcomargs.py for tasks to queue
[2023-05-19 15:18:14,687] {logging_mixin.py:115} INFO - [2023-05-19 15:18:14,686] {dagbag.py:507} INFO - Filling up the DagBag from /Users/marianaoliveira/Downloads/alura1/venv/lib/python3.10/site-packages/airflow/example_dags/example_xcomargs.py
[2023-05-19 15:18:14,741] {processor.py:651} INFO - DAG(s) dict_keys(['example_xcom_args', 'example_xcom_args_with_operators']) retrieved from /Users/marianaoliveira/Downloads/alura1/venv/lib/python3.10/site-packages/airflow/example_dags/example_xcomargs.py
[2023-05-19 15:18:15,524] {logging_mixin.py:115} INFO - [2023-05-19 15:18:15,524] {dag.py:2379} INFO - Sync 2 DAGs
[2023-05-19 15:18:15,541] {logging_mixin.py:115} INFO - [2023-05-19 15:18:15,541] {dag.py:2927} INFO - Setting next_dagrun for example_xcom_args to None, run_after=None
[2023-05-19 15:18:15,542] {logging_mixin.py:115} INFO - [2023-05-19 15:18:15,542] {dag.py:2927} INFO - Setting next_dagrun for example_xcom_args_with_operators to None, run_after=None
[2023-05-19 15:18:15,555] {processor.py:161} INFO - Processing /Users/marianaoliveira/Downloads/alura1/venv/lib/python3.10/site-packages/airflow/example_dags/example_xcomargs.py took 0.873 seconds
[2023-05-19 15:19:18,983] {processor.py:153} INFO - Started process (PID=3098) to work on /Users/marianaoliveira/Downloads/alura1/venv/lib/python3.10/site-packages/airflow/example_dags/example_xcomargs.py
[2023-05-19 15:19:18,984] {processor.py:641} INFO - Processing file /Users/marianaoliveira/Downloads/alura1/venv/lib/python3.10/site-packages/airflow/example_dags/example_xcomargs.py for tasks to queue
[2023-05-19 15:19:18,985] {logging_mixin.py:115} INFO - [2023-05-19 15:19:18,985] {dagbag.py:507} INFO - Filling up the DagBag from /Users/marianaoliveira/Downloads/alura1/venv/lib/python3.10/site-packages/airflow/example_dags/example_xcomargs.py
[2023-05-19 15:19:19,046] {processor.py:651} INFO - DAG(s) dict_keys(['example_xcom_args', 'example_xcom_args_with_operators']) retrieved from /Users/marianaoliveira/Downloads/alura1/venv/lib/python3.10/site-packages/airflow/example_dags/example_xcomargs.py
[2023-05-19 15:19:19,799] {logging_mixin.py:115} INFO - [2023-05-19 15:19:19,799] {dag.py:2379} INFO - Sync 2 DAGs
[2023-05-19 15:19:19,816] {logging_mixin.py:115} INFO - [2023-05-19 15:19:19,816] {dag.py:2927} INFO - Setting next_dagrun for example_xcom_args to None, run_after=None
[2023-05-19 15:19:19,816] {logging_mixin.py:115} INFO - [2023-05-19 15:19:19,816] {dag.py:2927} INFO - Setting next_dagrun for example_xcom_args_with_operators to None, run_after=None
[2023-05-19 15:19:19,829] {processor.py:161} INFO - Processing /Users/marianaoliveira/Downloads/alura1/venv/lib/python3.10/site-packages/airflow/example_dags/example_xcomargs.py took 0.848 seconds
[2023-05-19 15:20:20,167] {processor.py:153} INFO - Started process (PID=3126) to work on /Users/marianaoliveira/Downloads/alura1/venv/lib/python3.10/site-packages/airflow/example_dags/example_xcomargs.py
[2023-05-19 15:20:20,168] {processor.py:641} INFO - Processing file /Users/marianaoliveira/Downloads/alura1/venv/lib/python3.10/site-packages/airflow/example_dags/example_xcomargs.py for tasks to queue
[2023-05-19 15:20:20,169] {logging_mixin.py:115} INFO - [2023-05-19 15:20:20,169] {dagbag.py:507} INFO - Filling up the DagBag from /Users/marianaoliveira/Downloads/alura1/venv/lib/python3.10/site-packages/airflow/example_dags/example_xcomargs.py
[2023-05-19 15:20:20,209] {processor.py:651} INFO - DAG(s) dict_keys(['example_xcom_args', 'example_xcom_args_with_operators']) retrieved from /Users/marianaoliveira/Downloads/alura1/venv/lib/python3.10/site-packages/airflow/example_dags/example_xcomargs.py
[2023-05-19 15:20:20,974] {logging_mixin.py:115} INFO - [2023-05-19 15:20:20,973] {dag.py:2379} INFO - Sync 2 DAGs
[2023-05-19 15:20:20,990] {logging_mixin.py:115} INFO - [2023-05-19 15:20:20,990] {dag.py:2927} INFO - Setting next_dagrun for example_xcom_args to None, run_after=None
[2023-05-19 15:20:20,990] {logging_mixin.py:115} INFO - [2023-05-19 15:20:20,990] {dag.py:2927} INFO - Setting next_dagrun for example_xcom_args_with_operators to None, run_after=None
[2023-05-19 15:20:21,003] {processor.py:161} INFO - Processing /Users/marianaoliveira/Downloads/alura1/venv/lib/python3.10/site-packages/airflow/example_dags/example_xcomargs.py took 0.837 seconds
[2023-05-19 15:21:14,123] {processor.py:153} INFO - Started process (PID=3155) to work on /Users/marianaoliveira/Downloads/alura1/venv/lib/python3.10/site-packages/airflow/example_dags/example_xcomargs.py
[2023-05-19 15:21:14,125] {processor.py:641} INFO - Processing file /Users/marianaoliveira/Downloads/alura1/venv/lib/python3.10/site-packages/airflow/example_dags/example_xcomargs.py for tasks to queue
[2023-05-19 15:21:14,125] {logging_mixin.py:115} INFO - [2023-05-19 15:21:14,125] {dagbag.py:507} INFO - Filling up the DagBag from /Users/marianaoliveira/Downloads/alura1/venv/lib/python3.10/site-packages/airflow/example_dags/example_xcomargs.py
[2023-05-19 15:21:14,166] {processor.py:651} INFO - DAG(s) dict_keys(['example_xcom_args', 'example_xcom_args_with_operators']) retrieved from /Users/marianaoliveira/Downloads/alura1/venv/lib/python3.10/site-packages/airflow/example_dags/example_xcomargs.py
[2023-05-19 15:21:14,931] {logging_mixin.py:115} INFO - [2023-05-19 15:21:14,931] {dag.py:2379} INFO - Sync 2 DAGs
[2023-05-19 15:21:14,948] {logging_mixin.py:115} INFO - [2023-05-19 15:21:14,948] {dag.py:2927} INFO - Setting next_dagrun for example_xcom_args to None, run_after=None
[2023-05-19 15:21:14,949] {logging_mixin.py:115} INFO - [2023-05-19 15:21:14,949] {dag.py:2927} INFO - Setting next_dagrun for example_xcom_args_with_operators to None, run_after=None
[2023-05-19 15:21:14,963] {processor.py:161} INFO - Processing /Users/marianaoliveira/Downloads/alura1/venv/lib/python3.10/site-packages/airflow/example_dags/example_xcomargs.py took 0.840 seconds
[2023-05-19 15:22:03,386] {processor.py:153} INFO - Started process (PID=3181) to work on /Users/marianaoliveira/Downloads/alura1/venv/lib/python3.10/site-packages/airflow/example_dags/example_xcomargs.py
[2023-05-19 15:22:03,387] {processor.py:641} INFO - Processing file /Users/marianaoliveira/Downloads/alura1/venv/lib/python3.10/site-packages/airflow/example_dags/example_xcomargs.py for tasks to queue
[2023-05-19 15:22:03,387] {logging_mixin.py:115} INFO - [2023-05-19 15:22:03,387] {dagbag.py:507} INFO - Filling up the DagBag from /Users/marianaoliveira/Downloads/alura1/venv/lib/python3.10/site-packages/airflow/example_dags/example_xcomargs.py
[2023-05-19 15:22:03,426] {processor.py:651} INFO - DAG(s) dict_keys(['example_xcom_args', 'example_xcom_args_with_operators']) retrieved from /Users/marianaoliveira/Downloads/alura1/venv/lib/python3.10/site-packages/airflow/example_dags/example_xcomargs.py
[2023-05-19 15:22:04,286] {logging_mixin.py:115} INFO - [2023-05-19 15:22:04,286] {dag.py:2379} INFO - Sync 2 DAGs
[2023-05-19 15:22:04,306] {logging_mixin.py:115} INFO - [2023-05-19 15:22:04,306] {dag.py:2927} INFO - Setting next_dagrun for example_xcom_args to None, run_after=None
[2023-05-19 15:22:04,306] {logging_mixin.py:115} INFO - [2023-05-19 15:22:04,306] {dag.py:2927} INFO - Setting next_dagrun for example_xcom_args_with_operators to None, run_after=None
[2023-05-19 15:22:04,322] {processor.py:161} INFO - Processing /Users/marianaoliveira/Downloads/alura1/venv/lib/python3.10/site-packages/airflow/example_dags/example_xcomargs.py took 0.937 seconds
[2023-05-19 15:22:53,045] {processor.py:153} INFO - Started process (PID=3205) to work on /Users/marianaoliveira/Downloads/alura1/venv/lib/python3.10/site-packages/airflow/example_dags/example_xcomargs.py
[2023-05-19 15:22:53,045] {processor.py:641} INFO - Processing file /Users/marianaoliveira/Downloads/alura1/venv/lib/python3.10/site-packages/airflow/example_dags/example_xcomargs.py for tasks to queue
[2023-05-19 15:22:53,045] {logging_mixin.py:115} INFO - [2023-05-19 15:22:53,045] {dagbag.py:507} INFO - Filling up the DagBag from /Users/marianaoliveira/Downloads/alura1/venv/lib/python3.10/site-packages/airflow/example_dags/example_xcomargs.py
[2023-05-19 15:22:53,094] {processor.py:651} INFO - DAG(s) dict_keys(['example_xcom_args', 'example_xcom_args_with_operators']) retrieved from /Users/marianaoliveira/Downloads/alura1/venv/lib/python3.10/site-packages/airflow/example_dags/example_xcomargs.py
[2023-05-19 15:22:54,292] {logging_mixin.py:115} INFO - [2023-05-19 15:22:54,292] {dag.py:2379} INFO - Sync 2 DAGs
[2023-05-19 15:22:54,314] {logging_mixin.py:115} INFO - [2023-05-19 15:22:54,314] {dag.py:2927} INFO - Setting next_dagrun for example_xcom_args to None, run_after=None
[2023-05-19 15:22:54,315] {logging_mixin.py:115} INFO - [2023-05-19 15:22:54,315] {dag.py:2927} INFO - Setting next_dagrun for example_xcom_args_with_operators to None, run_after=None
[2023-05-19 15:22:54,331] {processor.py:161} INFO - Processing /Users/marianaoliveira/Downloads/alura1/venv/lib/python3.10/site-packages/airflow/example_dags/example_xcomargs.py took 1.287 seconds
[2023-05-19 15:23:39,611] {processor.py:153} INFO - Started process (PID=3233) to work on /Users/marianaoliveira/Downloads/alura1/venv/lib/python3.10/site-packages/airflow/example_dags/example_xcomargs.py
[2023-05-19 15:23:39,611] {processor.py:641} INFO - Processing file /Users/marianaoliveira/Downloads/alura1/venv/lib/python3.10/site-packages/airflow/example_dags/example_xcomargs.py for tasks to queue
[2023-05-19 15:23:39,611] {logging_mixin.py:115} INFO - [2023-05-19 15:23:39,611] {dagbag.py:507} INFO - Filling up the DagBag from /Users/marianaoliveira/Downloads/alura1/venv/lib/python3.10/site-packages/airflow/example_dags/example_xcomargs.py
[2023-05-19 15:23:39,664] {processor.py:651} INFO - DAG(s) dict_keys(['example_xcom_args', 'example_xcom_args_with_operators']) retrieved from /Users/marianaoliveira/Downloads/alura1/venv/lib/python3.10/site-packages/airflow/example_dags/example_xcomargs.py
[2023-05-19 15:23:40,572] {logging_mixin.py:115} INFO - [2023-05-19 15:23:40,571] {dag.py:2379} INFO - Sync 2 DAGs
[2023-05-19 15:23:40,590] {logging_mixin.py:115} INFO - [2023-05-19 15:23:40,590] {dag.py:2927} INFO - Setting next_dagrun for example_xcom_args to None, run_after=None
[2023-05-19 15:23:40,590] {logging_mixin.py:115} INFO - [2023-05-19 15:23:40,590] {dag.py:2927} INFO - Setting next_dagrun for example_xcom_args_with_operators to None, run_after=None
[2023-05-19 15:23:40,604] {processor.py:161} INFO - Processing /Users/marianaoliveira/Downloads/alura1/venv/lib/python3.10/site-packages/airflow/example_dags/example_xcomargs.py took 0.994 seconds
[2023-05-19 15:24:35,645] {processor.py:153} INFO - Started process (PID=3262) to work on /Users/marianaoliveira/Downloads/alura1/venv/lib/python3.10/site-packages/airflow/example_dags/example_xcomargs.py
[2023-05-19 15:24:35,646] {processor.py:641} INFO - Processing file /Users/marianaoliveira/Downloads/alura1/venv/lib/python3.10/site-packages/airflow/example_dags/example_xcomargs.py for tasks to queue
[2023-05-19 15:24:35,647] {logging_mixin.py:115} INFO - [2023-05-19 15:24:35,647] {dagbag.py:507} INFO - Filling up the DagBag from /Users/marianaoliveira/Downloads/alura1/venv/lib/python3.10/site-packages/airflow/example_dags/example_xcomargs.py
[2023-05-19 15:24:35,707] {processor.py:651} INFO - DAG(s) dict_keys(['example_xcom_args', 'example_xcom_args_with_operators']) retrieved from /Users/marianaoliveira/Downloads/alura1/venv/lib/python3.10/site-packages/airflow/example_dags/example_xcomargs.py
[2023-05-19 15:24:36,932] {logging_mixin.py:115} INFO - [2023-05-19 15:24:36,931] {dag.py:2379} INFO - Sync 2 DAGs
[2023-05-19 15:24:36,965] {logging_mixin.py:115} INFO - [2023-05-19 15:24:36,965] {dag.py:2927} INFO - Setting next_dagrun for example_xcom_args to None, run_after=None
[2023-05-19 15:24:36,965] {logging_mixin.py:115} INFO - [2023-05-19 15:24:36,965] {dag.py:2927} INFO - Setting next_dagrun for example_xcom_args_with_operators to None, run_after=None
[2023-05-19 15:24:36,997] {processor.py:161} INFO - Processing /Users/marianaoliveira/Downloads/alura1/venv/lib/python3.10/site-packages/airflow/example_dags/example_xcomargs.py took 1.353 seconds
[2023-05-19 15:26:03,693] {processor.py:153} INFO - Started process (PID=3328) to work on /Users/marianaoliveira/Downloads/alura1/venv/lib/python3.10/site-packages/airflow/example_dags/example_xcomargs.py
[2023-05-19 15:26:03,693] {processor.py:641} INFO - Processing file /Users/marianaoliveira/Downloads/alura1/venv/lib/python3.10/site-packages/airflow/example_dags/example_xcomargs.py for tasks to queue
[2023-05-19 15:26:03,694] {logging_mixin.py:115} INFO - [2023-05-19 15:26:03,694] {dagbag.py:507} INFO - Filling up the DagBag from /Users/marianaoliveira/Downloads/alura1/venv/lib/python3.10/site-packages/airflow/example_dags/example_xcomargs.py
[2023-05-19 15:26:03,739] {processor.py:651} INFO - DAG(s) dict_keys(['example_xcom_args', 'example_xcom_args_with_operators']) retrieved from /Users/marianaoliveira/Downloads/alura1/venv/lib/python3.10/site-packages/airflow/example_dags/example_xcomargs.py
[2023-05-19 15:26:04,951] {logging_mixin.py:115} INFO - [2023-05-19 15:26:04,950] {dag.py:2379} INFO - Sync 2 DAGs
[2023-05-19 15:26:05,042] {logging_mixin.py:115} INFO - [2023-05-19 15:26:05,042] {dag.py:2927} INFO - Setting next_dagrun for example_xcom_args to None, run_after=None
[2023-05-19 15:26:05,042] {logging_mixin.py:115} INFO - [2023-05-19 15:26:05,042] {dag.py:2927} INFO - Setting next_dagrun for example_xcom_args_with_operators to None, run_after=None
[2023-05-19 15:26:05,107] {processor.py:161} INFO - Processing /Users/marianaoliveira/Downloads/alura1/venv/lib/python3.10/site-packages/airflow/example_dags/example_xcomargs.py took 1.415 seconds
[2023-05-19 15:27:20,005] {processor.py:153} INFO - Started process (PID=3370) to work on /Users/marianaoliveira/Downloads/alura1/venv/lib/python3.10/site-packages/airflow/example_dags/example_xcomargs.py
[2023-05-19 15:27:20,006] {processor.py:641} INFO - Processing file /Users/marianaoliveira/Downloads/alura1/venv/lib/python3.10/site-packages/airflow/example_dags/example_xcomargs.py for tasks to queue
[2023-05-19 15:27:20,006] {logging_mixin.py:115} INFO - [2023-05-19 15:27:20,006] {dagbag.py:507} INFO - Filling up the DagBag from /Users/marianaoliveira/Downloads/alura1/venv/lib/python3.10/site-packages/airflow/example_dags/example_xcomargs.py
[2023-05-19 15:27:20,066] {processor.py:651} INFO - DAG(s) dict_keys(['example_xcom_args', 'example_xcom_args_with_operators']) retrieved from /Users/marianaoliveira/Downloads/alura1/venv/lib/python3.10/site-packages/airflow/example_dags/example_xcomargs.py
[2023-05-19 15:27:21,105] {logging_mixin.py:115} INFO - [2023-05-19 15:27:21,105] {dag.py:2379} INFO - Sync 2 DAGs
[2023-05-19 15:27:21,125] {logging_mixin.py:115} INFO - [2023-05-19 15:27:21,125] {dag.py:2927} INFO - Setting next_dagrun for example_xcom_args to None, run_after=None
[2023-05-19 15:27:21,126] {logging_mixin.py:115} INFO - [2023-05-19 15:27:21,126] {dag.py:2927} INFO - Setting next_dagrun for example_xcom_args_with_operators to None, run_after=None
[2023-05-19 15:27:21,140] {processor.py:161} INFO - Processing /Users/marianaoliveira/Downloads/alura1/venv/lib/python3.10/site-packages/airflow/example_dags/example_xcomargs.py took 1.135 seconds
[2023-05-19 15:28:24,184] {processor.py:153} INFO - Started process (PID=3410) to work on /Users/marianaoliveira/Downloads/alura1/venv/lib/python3.10/site-packages/airflow/example_dags/example_xcomargs.py
[2023-05-19 15:28:24,185] {processor.py:641} INFO - Processing file /Users/marianaoliveira/Downloads/alura1/venv/lib/python3.10/site-packages/airflow/example_dags/example_xcomargs.py for tasks to queue
[2023-05-19 15:28:24,186] {logging_mixin.py:115} INFO - [2023-05-19 15:28:24,186] {dagbag.py:507} INFO - Filling up the DagBag from /Users/marianaoliveira/Downloads/alura1/venv/lib/python3.10/site-packages/airflow/example_dags/example_xcomargs.py
[2023-05-19 15:28:24,253] {processor.py:651} INFO - DAG(s) dict_keys(['example_xcom_args', 'example_xcom_args_with_operators']) retrieved from /Users/marianaoliveira/Downloads/alura1/venv/lib/python3.10/site-packages/airflow/example_dags/example_xcomargs.py
[2023-05-19 15:28:25,420] {logging_mixin.py:115} INFO - [2023-05-19 15:28:25,420] {dag.py:2379} INFO - Sync 2 DAGs
[2023-05-19 15:28:25,442] {logging_mixin.py:115} INFO - [2023-05-19 15:28:25,442] {dag.py:2927} INFO - Setting next_dagrun for example_xcom_args to None, run_after=None
[2023-05-19 15:28:25,442] {logging_mixin.py:115} INFO - [2023-05-19 15:28:25,442] {dag.py:2927} INFO - Setting next_dagrun for example_xcom_args_with_operators to None, run_after=None
[2023-05-19 15:28:25,455] {processor.py:161} INFO - Processing /Users/marianaoliveira/Downloads/alura1/venv/lib/python3.10/site-packages/airflow/example_dags/example_xcomargs.py took 1.275 seconds
[2023-05-19 15:29:32,606] {processor.py:153} INFO - Started process (PID=3447) to work on /Users/marianaoliveira/Downloads/alura1/venv/lib/python3.10/site-packages/airflow/example_dags/example_xcomargs.py
[2023-05-19 15:29:32,606] {processor.py:641} INFO - Processing file /Users/marianaoliveira/Downloads/alura1/venv/lib/python3.10/site-packages/airflow/example_dags/example_xcomargs.py for tasks to queue
[2023-05-19 15:29:32,606] {logging_mixin.py:115} INFO - [2023-05-19 15:29:32,606] {dagbag.py:507} INFO - Filling up the DagBag from /Users/marianaoliveira/Downloads/alura1/venv/lib/python3.10/site-packages/airflow/example_dags/example_xcomargs.py
[2023-05-19 15:29:32,662] {processor.py:651} INFO - DAG(s) dict_keys(['example_xcom_args', 'example_xcom_args_with_operators']) retrieved from /Users/marianaoliveira/Downloads/alura1/venv/lib/python3.10/site-packages/airflow/example_dags/example_xcomargs.py
[2023-05-19 15:29:33,491] {logging_mixin.py:115} INFO - [2023-05-19 15:29:33,491] {dag.py:2379} INFO - Sync 2 DAGs
[2023-05-19 15:29:33,510] {logging_mixin.py:115} INFO - [2023-05-19 15:29:33,510] {dag.py:2927} INFO - Setting next_dagrun for example_xcom_args to None, run_after=None
[2023-05-19 15:29:33,510] {logging_mixin.py:115} INFO - [2023-05-19 15:29:33,510] {dag.py:2927} INFO - Setting next_dagrun for example_xcom_args_with_operators to None, run_after=None
[2023-05-19 15:29:33,525] {processor.py:161} INFO - Processing /Users/marianaoliveira/Downloads/alura1/venv/lib/python3.10/site-packages/airflow/example_dags/example_xcomargs.py took 0.920 seconds
[2023-05-19 15:30:42,869] {processor.py:153} INFO - Started process (PID=3493) to work on /Users/marianaoliveira/Downloads/alura1/venv/lib/python3.10/site-packages/airflow/example_dags/example_xcomargs.py
[2023-05-19 15:30:42,871] {processor.py:641} INFO - Processing file /Users/marianaoliveira/Downloads/alura1/venv/lib/python3.10/site-packages/airflow/example_dags/example_xcomargs.py for tasks to queue
[2023-05-19 15:30:42,872] {logging_mixin.py:115} INFO - [2023-05-19 15:30:42,871] {dagbag.py:507} INFO - Filling up the DagBag from /Users/marianaoliveira/Downloads/alura1/venv/lib/python3.10/site-packages/airflow/example_dags/example_xcomargs.py
[2023-05-19 15:30:42,935] {processor.py:651} INFO - DAG(s) dict_keys(['example_xcom_args', 'example_xcom_args_with_operators']) retrieved from /Users/marianaoliveira/Downloads/alura1/venv/lib/python3.10/site-packages/airflow/example_dags/example_xcomargs.py
[2023-05-19 15:30:44,672] {logging_mixin.py:115} INFO - [2023-05-19 15:30:44,672] {dag.py:2379} INFO - Sync 2 DAGs
[2023-05-19 15:30:44,717] {logging_mixin.py:115} INFO - [2023-05-19 15:30:44,717] {dag.py:2927} INFO - Setting next_dagrun for example_xcom_args to None, run_after=None
[2023-05-19 15:30:44,717] {logging_mixin.py:115} INFO - [2023-05-19 15:30:44,717] {dag.py:2927} INFO - Setting next_dagrun for example_xcom_args_with_operators to None, run_after=None
[2023-05-19 15:30:44,745] {processor.py:161} INFO - Processing /Users/marianaoliveira/Downloads/alura1/venv/lib/python3.10/site-packages/airflow/example_dags/example_xcomargs.py took 1.876 seconds
[2023-05-19 16:28:54,288] {processor.py:153} INFO - Started process (PID=6049) to work on /Users/marianaoliveira/Downloads/alura1/venv/lib/python3.10/site-packages/airflow/example_dags/example_xcomargs.py
[2023-05-19 16:28:54,289] {processor.py:641} INFO - Processing file /Users/marianaoliveira/Downloads/alura1/venv/lib/python3.10/site-packages/airflow/example_dags/example_xcomargs.py for tasks to queue
[2023-05-19 16:28:54,291] {logging_mixin.py:115} INFO - [2023-05-19 16:28:54,291] {dagbag.py:507} INFO - Filling up the DagBag from /Users/marianaoliveira/Downloads/alura1/venv/lib/python3.10/site-packages/airflow/example_dags/example_xcomargs.py
[2023-05-19 16:28:54,408] {processor.py:651} INFO - DAG(s) dict_keys(['example_xcom_args', 'example_xcom_args_with_operators']) retrieved from /Users/marianaoliveira/Downloads/alura1/venv/lib/python3.10/site-packages/airflow/example_dags/example_xcomargs.py
[2023-05-19 16:28:56,465] {logging_mixin.py:115} INFO - [2023-05-19 16:28:56,464] {dag.py:2379} INFO - Sync 2 DAGs
[2023-05-19 16:28:56,492] {logging_mixin.py:115} INFO - [2023-05-19 16:28:56,492] {dag.py:2927} INFO - Setting next_dagrun for example_xcom_args to None, run_after=None
[2023-05-19 16:28:56,493] {logging_mixin.py:115} INFO - [2023-05-19 16:28:56,492] {dag.py:2927} INFO - Setting next_dagrun for example_xcom_args_with_operators to None, run_after=None
[2023-05-19 16:28:56,514] {processor.py:161} INFO - Processing /Users/marianaoliveira/Downloads/alura1/venv/lib/python3.10/site-packages/airflow/example_dags/example_xcomargs.py took 2.227 seconds
[2023-05-19 16:31:00,135] {processor.py:153} INFO - Started process (PID=6111) to work on /Users/marianaoliveira/Downloads/alura1/venv/lib/python3.10/site-packages/airflow/example_dags/example_xcomargs.py
[2023-05-19 16:31:00,136] {processor.py:641} INFO - Processing file /Users/marianaoliveira/Downloads/alura1/venv/lib/python3.10/site-packages/airflow/example_dags/example_xcomargs.py for tasks to queue
[2023-05-19 16:31:00,139] {logging_mixin.py:115} INFO - [2023-05-19 16:31:00,139] {dagbag.py:507} INFO - Filling up the DagBag from /Users/marianaoliveira/Downloads/alura1/venv/lib/python3.10/site-packages/airflow/example_dags/example_xcomargs.py
[2023-05-19 16:31:00,352] {processor.py:651} INFO - DAG(s) dict_keys(['example_xcom_args', 'example_xcom_args_with_operators']) retrieved from /Users/marianaoliveira/Downloads/alura1/venv/lib/python3.10/site-packages/airflow/example_dags/example_xcomargs.py
[2023-05-19 16:31:03,895] {logging_mixin.py:115} INFO - [2023-05-19 16:31:03,894] {dag.py:2379} INFO - Sync 2 DAGs
[2023-05-19 16:31:04,003] {logging_mixin.py:115} INFO - [2023-05-19 16:31:04,002] {dag.py:2927} INFO - Setting next_dagrun for example_xcom_args to None, run_after=None
[2023-05-19 16:31:04,003] {logging_mixin.py:115} INFO - [2023-05-19 16:31:04,003] {dag.py:2927} INFO - Setting next_dagrun for example_xcom_args_with_operators to None, run_after=None
[2023-05-19 16:31:04,046] {processor.py:161} INFO - Processing /Users/marianaoliveira/Downloads/alura1/venv/lib/python3.10/site-packages/airflow/example_dags/example_xcomargs.py took 3.914 seconds
[2023-05-19 16:33:04,279] {processor.py:153} INFO - Started process (PID=6197) to work on /Users/marianaoliveira/Downloads/alura1/venv/lib/python3.10/site-packages/airflow/example_dags/example_xcomargs.py
[2023-05-19 16:33:04,281] {processor.py:641} INFO - Processing file /Users/marianaoliveira/Downloads/alura1/venv/lib/python3.10/site-packages/airflow/example_dags/example_xcomargs.py for tasks to queue
[2023-05-19 16:33:04,282] {logging_mixin.py:115} INFO - [2023-05-19 16:33:04,282] {dagbag.py:507} INFO - Filling up the DagBag from /Users/marianaoliveira/Downloads/alura1/venv/lib/python3.10/site-packages/airflow/example_dags/example_xcomargs.py
[2023-05-19 16:33:04,403] {processor.py:651} INFO - DAG(s) dict_keys(['example_xcom_args', 'example_xcom_args_with_operators']) retrieved from /Users/marianaoliveira/Downloads/alura1/venv/lib/python3.10/site-packages/airflow/example_dags/example_xcomargs.py
[2023-05-19 16:33:06,721] {logging_mixin.py:115} INFO - [2023-05-19 16:33:06,721] {dag.py:2379} INFO - Sync 2 DAGs
[2023-05-19 16:33:06,743] {logging_mixin.py:115} INFO - [2023-05-19 16:33:06,743] {dag.py:2927} INFO - Setting next_dagrun for example_xcom_args to None, run_after=None
[2023-05-19 16:33:06,743] {logging_mixin.py:115} INFO - [2023-05-19 16:33:06,743] {dag.py:2927} INFO - Setting next_dagrun for example_xcom_args_with_operators to None, run_after=None
[2023-05-19 16:33:06,772] {processor.py:161} INFO - Processing /Users/marianaoliveira/Downloads/alura1/venv/lib/python3.10/site-packages/airflow/example_dags/example_xcomargs.py took 2.494 seconds
[2023-05-19 16:36:02,708] {processor.py:153} INFO - Started process (PID=6294) to work on /Users/marianaoliveira/Downloads/alura1/venv/lib/python3.10/site-packages/airflow/example_dags/example_xcomargs.py
[2023-05-19 16:36:02,709] {processor.py:641} INFO - Processing file /Users/marianaoliveira/Downloads/alura1/venv/lib/python3.10/site-packages/airflow/example_dags/example_xcomargs.py for tasks to queue
[2023-05-19 16:36:02,710] {logging_mixin.py:115} INFO - [2023-05-19 16:36:02,710] {dagbag.py:507} INFO - Filling up the DagBag from /Users/marianaoliveira/Downloads/alura1/venv/lib/python3.10/site-packages/airflow/example_dags/example_xcomargs.py
[2023-05-19 16:36:02,776] {processor.py:651} INFO - DAG(s) dict_keys(['example_xcom_args', 'example_xcom_args_with_operators']) retrieved from /Users/marianaoliveira/Downloads/alura1/venv/lib/python3.10/site-packages/airflow/example_dags/example_xcomargs.py
[2023-05-19 16:36:03,937] {logging_mixin.py:115} INFO - [2023-05-19 16:36:03,937] {dag.py:2379} INFO - Sync 2 DAGs
[2023-05-19 16:36:03,963] {logging_mixin.py:115} INFO - [2023-05-19 16:36:03,963] {dag.py:2927} INFO - Setting next_dagrun for example_xcom_args to None, run_after=None
[2023-05-19 16:36:03,964] {logging_mixin.py:115} INFO - [2023-05-19 16:36:03,964] {dag.py:2927} INFO - Setting next_dagrun for example_xcom_args_with_operators to None, run_after=None
[2023-05-19 16:36:03,984] {processor.py:161} INFO - Processing /Users/marianaoliveira/Downloads/alura1/venv/lib/python3.10/site-packages/airflow/example_dags/example_xcomargs.py took 1.278 seconds
[2023-05-19 16:37:41,675] {processor.py:153} INFO - Started process (PID=6337) to work on /Users/marianaoliveira/Downloads/alura1/venv/lib/python3.10/site-packages/airflow/example_dags/example_xcomargs.py
[2023-05-19 16:37:41,677] {processor.py:641} INFO - Processing file /Users/marianaoliveira/Downloads/alura1/venv/lib/python3.10/site-packages/airflow/example_dags/example_xcomargs.py for tasks to queue
[2023-05-19 16:37:41,677] {logging_mixin.py:115} INFO - [2023-05-19 16:37:41,677] {dagbag.py:507} INFO - Filling up the DagBag from /Users/marianaoliveira/Downloads/alura1/venv/lib/python3.10/site-packages/airflow/example_dags/example_xcomargs.py
[2023-05-19 16:37:41,803] {processor.py:651} INFO - DAG(s) dict_keys(['example_xcom_args', 'example_xcom_args_with_operators']) retrieved from /Users/marianaoliveira/Downloads/alura1/venv/lib/python3.10/site-packages/airflow/example_dags/example_xcomargs.py
[2023-05-19 16:37:44,073] {logging_mixin.py:115} INFO - [2023-05-19 16:37:44,073] {dag.py:2379} INFO - Sync 2 DAGs
[2023-05-19 16:37:44,104] {logging_mixin.py:115} INFO - [2023-05-19 16:37:44,104] {dag.py:2927} INFO - Setting next_dagrun for example_xcom_args to None, run_after=None
[2023-05-19 16:37:44,104] {logging_mixin.py:115} INFO - [2023-05-19 16:37:44,104] {dag.py:2927} INFO - Setting next_dagrun for example_xcom_args_with_operators to None, run_after=None
[2023-05-19 16:37:44,123] {processor.py:161} INFO - Processing /Users/marianaoliveira/Downloads/alura1/venv/lib/python3.10/site-packages/airflow/example_dags/example_xcomargs.py took 2.449 seconds
[2023-05-19 16:41:04,040] {processor.py:153} INFO - Started process (PID=6503) to work on /Users/marianaoliveira/Downloads/alura1/venv/lib/python3.10/site-packages/airflow/example_dags/example_xcomargs.py
[2023-05-19 16:41:04,042] {processor.py:641} INFO - Processing file /Users/marianaoliveira/Downloads/alura1/venv/lib/python3.10/site-packages/airflow/example_dags/example_xcomargs.py for tasks to queue
[2023-05-19 16:41:04,042] {logging_mixin.py:115} INFO - [2023-05-19 16:41:04,042] {dagbag.py:507} INFO - Filling up the DagBag from /Users/marianaoliveira/Downloads/alura1/venv/lib/python3.10/site-packages/airflow/example_dags/example_xcomargs.py
[2023-05-19 16:41:04,130] {processor.py:651} INFO - DAG(s) dict_keys(['example_xcom_args', 'example_xcom_args_with_operators']) retrieved from /Users/marianaoliveira/Downloads/alura1/venv/lib/python3.10/site-packages/airflow/example_dags/example_xcomargs.py
[2023-05-19 16:41:06,994] {logging_mixin.py:115} INFO - [2023-05-19 16:41:06,994] {dag.py:2379} INFO - Sync 2 DAGs
[2023-05-19 16:41:07,025] {logging_mixin.py:115} INFO - [2023-05-19 16:41:07,024] {dag.py:2927} INFO - Setting next_dagrun for example_xcom_args to None, run_after=None
[2023-05-19 16:41:07,025] {logging_mixin.py:115} INFO - [2023-05-19 16:41:07,025] {dag.py:2927} INFO - Setting next_dagrun for example_xcom_args_with_operators to None, run_after=None
[2023-05-19 16:41:07,049] {processor.py:161} INFO - Processing /Users/marianaoliveira/Downloads/alura1/venv/lib/python3.10/site-packages/airflow/example_dags/example_xcomargs.py took 3.011 seconds
[2023-05-19 16:50:35,512] {processor.py:153} INFO - Started process (PID=6686) to work on /Users/marianaoliveira/Downloads/alura1/venv/lib/python3.10/site-packages/airflow/example_dags/example_xcomargs.py
[2023-05-19 16:50:35,513] {processor.py:641} INFO - Processing file /Users/marianaoliveira/Downloads/alura1/venv/lib/python3.10/site-packages/airflow/example_dags/example_xcomargs.py for tasks to queue
[2023-05-19 16:50:35,514] {logging_mixin.py:115} INFO - [2023-05-19 16:50:35,514] {dagbag.py:507} INFO - Filling up the DagBag from /Users/marianaoliveira/Downloads/alura1/venv/lib/python3.10/site-packages/airflow/example_dags/example_xcomargs.py
[2023-05-19 16:50:35,631] {processor.py:651} INFO - DAG(s) dict_keys(['example_xcom_args', 'example_xcom_args_with_operators']) retrieved from /Users/marianaoliveira/Downloads/alura1/venv/lib/python3.10/site-packages/airflow/example_dags/example_xcomargs.py
[2023-05-19 16:50:38,769] {logging_mixin.py:115} INFO - [2023-05-19 16:50:38,769] {dag.py:2379} INFO - Sync 2 DAGs
[2023-05-19 16:50:38,807] {logging_mixin.py:115} INFO - [2023-05-19 16:50:38,807] {dag.py:2927} INFO - Setting next_dagrun for example_xcom_args to None, run_after=None
[2023-05-19 16:50:38,807] {logging_mixin.py:115} INFO - [2023-05-19 16:50:38,807] {dag.py:2927} INFO - Setting next_dagrun for example_xcom_args_with_operators to None, run_after=None
[2023-05-19 16:50:38,849] {processor.py:161} INFO - Processing /Users/marianaoliveira/Downloads/alura1/venv/lib/python3.10/site-packages/airflow/example_dags/example_xcomargs.py took 3.339 seconds
[2023-05-19 16:53:30,773] {processor.py:153} INFO - Started process (PID=6838) to work on /Users/marianaoliveira/Downloads/alura1/venv/lib/python3.10/site-packages/airflow/example_dags/example_xcomargs.py
[2023-05-19 16:53:30,774] {processor.py:641} INFO - Processing file /Users/marianaoliveira/Downloads/alura1/venv/lib/python3.10/site-packages/airflow/example_dags/example_xcomargs.py for tasks to queue
[2023-05-19 16:53:30,774] {logging_mixin.py:115} INFO - [2023-05-19 16:53:30,774] {dagbag.py:507} INFO - Filling up the DagBag from /Users/marianaoliveira/Downloads/alura1/venv/lib/python3.10/site-packages/airflow/example_dags/example_xcomargs.py
[2023-05-19 16:53:30,881] {processor.py:651} INFO - DAG(s) dict_keys(['example_xcom_args', 'example_xcom_args_with_operators']) retrieved from /Users/marianaoliveira/Downloads/alura1/venv/lib/python3.10/site-packages/airflow/example_dags/example_xcomargs.py
[2023-05-19 16:53:33,646] {logging_mixin.py:115} INFO - [2023-05-19 16:53:33,646] {dag.py:2379} INFO - Sync 2 DAGs
[2023-05-19 16:53:33,685] {logging_mixin.py:115} INFO - [2023-05-19 16:53:33,685] {dag.py:2927} INFO - Setting next_dagrun for example_xcom_args to None, run_after=None
[2023-05-19 16:53:33,686] {logging_mixin.py:115} INFO - [2023-05-19 16:53:33,685] {dag.py:2927} INFO - Setting next_dagrun for example_xcom_args_with_operators to None, run_after=None
[2023-05-19 16:53:33,703] {processor.py:161} INFO - Processing /Users/marianaoliveira/Downloads/alura1/venv/lib/python3.10/site-packages/airflow/example_dags/example_xcomargs.py took 2.931 seconds
[2023-05-19 16:56:23,295] {processor.py:153} INFO - Started process (PID=7013) to work on /Users/marianaoliveira/Downloads/alura1/venv/lib/python3.10/site-packages/airflow/example_dags/example_xcomargs.py
[2023-05-19 16:56:23,296] {processor.py:641} INFO - Processing file /Users/marianaoliveira/Downloads/alura1/venv/lib/python3.10/site-packages/airflow/example_dags/example_xcomargs.py for tasks to queue
[2023-05-19 16:56:23,297] {logging_mixin.py:115} INFO - [2023-05-19 16:56:23,297] {dagbag.py:507} INFO - Filling up the DagBag from /Users/marianaoliveira/Downloads/alura1/venv/lib/python3.10/site-packages/airflow/example_dags/example_xcomargs.py
[2023-05-19 16:56:23,395] {processor.py:651} INFO - DAG(s) dict_keys(['example_xcom_args', 'example_xcom_args_with_operators']) retrieved from /Users/marianaoliveira/Downloads/alura1/venv/lib/python3.10/site-packages/airflow/example_dags/example_xcomargs.py
[2023-05-19 16:56:24,722] {logging_mixin.py:115} INFO - [2023-05-19 16:56:24,722] {dag.py:2379} INFO - Sync 2 DAGs
[2023-05-19 16:56:24,772] {logging_mixin.py:115} INFO - [2023-05-19 16:56:24,772] {dag.py:2927} INFO - Setting next_dagrun for example_xcom_args to None, run_after=None
[2023-05-19 16:56:24,772] {logging_mixin.py:115} INFO - [2023-05-19 16:56:24,772] {dag.py:2927} INFO - Setting next_dagrun for example_xcom_args_with_operators to None, run_after=None
[2023-05-19 16:56:24,802] {processor.py:161} INFO - Processing /Users/marianaoliveira/Downloads/alura1/venv/lib/python3.10/site-packages/airflow/example_dags/example_xcomargs.py took 1.510 seconds
[2023-05-19 16:57:50,938] {processor.py:153} INFO - Started process (PID=7044) to work on /Users/marianaoliveira/Downloads/alura1/venv/lib/python3.10/site-packages/airflow/example_dags/example_xcomargs.py
[2023-05-19 16:57:50,939] {processor.py:641} INFO - Processing file /Users/marianaoliveira/Downloads/alura1/venv/lib/python3.10/site-packages/airflow/example_dags/example_xcomargs.py for tasks to queue
[2023-05-19 16:57:50,939] {logging_mixin.py:115} INFO - [2023-05-19 16:57:50,939] {dagbag.py:507} INFO - Filling up the DagBag from /Users/marianaoliveira/Downloads/alura1/venv/lib/python3.10/site-packages/airflow/example_dags/example_xcomargs.py
[2023-05-19 16:57:51,022] {processor.py:651} INFO - DAG(s) dict_keys(['example_xcom_args', 'example_xcom_args_with_operators']) retrieved from /Users/marianaoliveira/Downloads/alura1/venv/lib/python3.10/site-packages/airflow/example_dags/example_xcomargs.py
[2023-05-19 16:57:53,088] {logging_mixin.py:115} INFO - [2023-05-19 16:57:53,088] {dag.py:2379} INFO - Sync 2 DAGs
[2023-05-19 16:57:53,117] {logging_mixin.py:115} INFO - [2023-05-19 16:57:53,117] {dag.py:2927} INFO - Setting next_dagrun for example_xcom_args to None, run_after=None
[2023-05-19 16:57:53,117] {logging_mixin.py:115} INFO - [2023-05-19 16:57:53,117] {dag.py:2927} INFO - Setting next_dagrun for example_xcom_args_with_operators to None, run_after=None
[2023-05-19 16:57:53,140] {processor.py:161} INFO - Processing /Users/marianaoliveira/Downloads/alura1/venv/lib/python3.10/site-packages/airflow/example_dags/example_xcomargs.py took 2.203 seconds
[2023-05-19 16:59:28,216] {processor.py:153} INFO - Started process (PID=7090) to work on /Users/marianaoliveira/Downloads/alura1/venv/lib/python3.10/site-packages/airflow/example_dags/example_xcomargs.py
[2023-05-19 16:59:28,216] {processor.py:641} INFO - Processing file /Users/marianaoliveira/Downloads/alura1/venv/lib/python3.10/site-packages/airflow/example_dags/example_xcomargs.py for tasks to queue
[2023-05-19 16:59:28,218] {logging_mixin.py:115} INFO - [2023-05-19 16:59:28,218] {dagbag.py:507} INFO - Filling up the DagBag from /Users/marianaoliveira/Downloads/alura1/venv/lib/python3.10/site-packages/airflow/example_dags/example_xcomargs.py
[2023-05-19 16:59:28,301] {processor.py:651} INFO - DAG(s) dict_keys(['example_xcom_args', 'example_xcom_args_with_operators']) retrieved from /Users/marianaoliveira/Downloads/alura1/venv/lib/python3.10/site-packages/airflow/example_dags/example_xcomargs.py
[2023-05-19 16:59:30,500] {logging_mixin.py:115} INFO - [2023-05-19 16:59:30,500] {dag.py:2379} INFO - Sync 2 DAGs
[2023-05-19 16:59:30,529] {logging_mixin.py:115} INFO - [2023-05-19 16:59:30,529] {dag.py:2927} INFO - Setting next_dagrun for example_xcom_args to None, run_after=None
[2023-05-19 16:59:30,529] {logging_mixin.py:115} INFO - [2023-05-19 16:59:30,529] {dag.py:2927} INFO - Setting next_dagrun for example_xcom_args_with_operators to None, run_after=None
[2023-05-19 16:59:30,549] {processor.py:161} INFO - Processing /Users/marianaoliveira/Downloads/alura1/venv/lib/python3.10/site-packages/airflow/example_dags/example_xcomargs.py took 2.335 seconds
[2023-05-19 17:00:59,429] {processor.py:153} INFO - Started process (PID=7134) to work on /Users/marianaoliveira/Downloads/alura1/venv/lib/python3.10/site-packages/airflow/example_dags/example_xcomargs.py
[2023-05-19 17:00:59,430] {processor.py:641} INFO - Processing file /Users/marianaoliveira/Downloads/alura1/venv/lib/python3.10/site-packages/airflow/example_dags/example_xcomargs.py for tasks to queue
[2023-05-19 17:00:59,431] {logging_mixin.py:115} INFO - [2023-05-19 17:00:59,431] {dagbag.py:507} INFO - Filling up the DagBag from /Users/marianaoliveira/Downloads/alura1/venv/lib/python3.10/site-packages/airflow/example_dags/example_xcomargs.py
[2023-05-19 17:00:59,502] {processor.py:651} INFO - DAG(s) dict_keys(['example_xcom_args', 'example_xcom_args_with_operators']) retrieved from /Users/marianaoliveira/Downloads/alura1/venv/lib/python3.10/site-packages/airflow/example_dags/example_xcomargs.py
[2023-05-19 17:01:01,560] {logging_mixin.py:115} INFO - [2023-05-19 17:01:01,559] {dag.py:2379} INFO - Sync 2 DAGs
[2023-05-19 17:01:01,607] {logging_mixin.py:115} INFO - [2023-05-19 17:01:01,607] {dag.py:2927} INFO - Setting next_dagrun for example_xcom_args to None, run_after=None
[2023-05-19 17:01:01,607] {logging_mixin.py:115} INFO - [2023-05-19 17:01:01,607] {dag.py:2927} INFO - Setting next_dagrun for example_xcom_args_with_operators to None, run_after=None
[2023-05-19 17:01:01,636] {processor.py:161} INFO - Processing /Users/marianaoliveira/Downloads/alura1/venv/lib/python3.10/site-packages/airflow/example_dags/example_xcomargs.py took 2.209 seconds
[2023-05-19 17:02:31,819] {processor.py:153} INFO - Started process (PID=7186) to work on /Users/marianaoliveira/Downloads/alura1/venv/lib/python3.10/site-packages/airflow/example_dags/example_xcomargs.py
[2023-05-19 17:02:31,819] {processor.py:641} INFO - Processing file /Users/marianaoliveira/Downloads/alura1/venv/lib/python3.10/site-packages/airflow/example_dags/example_xcomargs.py for tasks to queue
[2023-05-19 17:02:31,820] {logging_mixin.py:115} INFO - [2023-05-19 17:02:31,820] {dagbag.py:507} INFO - Filling up the DagBag from /Users/marianaoliveira/Downloads/alura1/venv/lib/python3.10/site-packages/airflow/example_dags/example_xcomargs.py
[2023-05-19 17:02:31,884] {processor.py:651} INFO - DAG(s) dict_keys(['example_xcom_args', 'example_xcom_args_with_operators']) retrieved from /Users/marianaoliveira/Downloads/alura1/venv/lib/python3.10/site-packages/airflow/example_dags/example_xcomargs.py
[2023-05-19 17:02:33,340] {logging_mixin.py:115} INFO - [2023-05-19 17:02:33,340] {dag.py:2379} INFO - Sync 2 DAGs
[2023-05-19 17:02:33,366] {logging_mixin.py:115} INFO - [2023-05-19 17:02:33,366] {dag.py:2927} INFO - Setting next_dagrun for example_xcom_args to None, run_after=None
[2023-05-19 17:02:33,367] {logging_mixin.py:115} INFO - [2023-05-19 17:02:33,367] {dag.py:2927} INFO - Setting next_dagrun for example_xcom_args_with_operators to None, run_after=None
[2023-05-19 17:02:33,381] {processor.py:161} INFO - Processing /Users/marianaoliveira/Downloads/alura1/venv/lib/python3.10/site-packages/airflow/example_dags/example_xcomargs.py took 1.563 seconds
[2023-05-19 17:06:50,769] {processor.py:153} INFO - Started process (PID=7443) to work on /Users/marianaoliveira/Downloads/alura1/venv/lib/python3.10/site-packages/airflow/example_dags/example_xcomargs.py
[2023-05-19 17:06:50,779] {processor.py:641} INFO - Processing file /Users/marianaoliveira/Downloads/alura1/venv/lib/python3.10/site-packages/airflow/example_dags/example_xcomargs.py for tasks to queue
[2023-05-19 17:06:50,782] {logging_mixin.py:115} INFO - [2023-05-19 17:06:50,782] {dagbag.py:507} INFO - Filling up the DagBag from /Users/marianaoliveira/Downloads/alura1/venv/lib/python3.10/site-packages/airflow/example_dags/example_xcomargs.py
[2023-05-19 17:06:50,949] {processor.py:651} INFO - DAG(s) dict_keys(['example_xcom_args', 'example_xcom_args_with_operators']) retrieved from /Users/marianaoliveira/Downloads/alura1/venv/lib/python3.10/site-packages/airflow/example_dags/example_xcomargs.py
[2023-05-19 17:06:54,111] {logging_mixin.py:115} INFO - [2023-05-19 17:06:54,111] {dag.py:2379} INFO - Sync 2 DAGs
[2023-05-19 17:06:54,156] {logging_mixin.py:115} INFO - [2023-05-19 17:06:54,156] {dag.py:2927} INFO - Setting next_dagrun for example_xcom_args to None, run_after=None
[2023-05-19 17:06:54,157] {logging_mixin.py:115} INFO - [2023-05-19 17:06:54,156] {dag.py:2927} INFO - Setting next_dagrun for example_xcom_args_with_operators to None, run_after=None
[2023-05-19 17:06:54,191] {processor.py:161} INFO - Processing /Users/marianaoliveira/Downloads/alura1/venv/lib/python3.10/site-packages/airflow/example_dags/example_xcomargs.py took 3.423 seconds
[2023-05-19 17:29:59,034] {processor.py:153} INFO - Started process (PID=7732) to work on /Users/marianaoliveira/Downloads/alura1/venv/lib/python3.10/site-packages/airflow/example_dags/example_xcomargs.py
[2023-05-19 17:29:59,036] {processor.py:641} INFO - Processing file /Users/marianaoliveira/Downloads/alura1/venv/lib/python3.10/site-packages/airflow/example_dags/example_xcomargs.py for tasks to queue
[2023-05-19 17:29:59,039] {logging_mixin.py:115} INFO - [2023-05-19 17:29:59,037] {dagbag.py:507} INFO - Filling up the DagBag from /Users/marianaoliveira/Downloads/alura1/venv/lib/python3.10/site-packages/airflow/example_dags/example_xcomargs.py
[2023-05-19 17:29:59,315] {processor.py:651} INFO - DAG(s) dict_keys(['example_xcom_args', 'example_xcom_args_with_operators']) retrieved from /Users/marianaoliveira/Downloads/alura1/venv/lib/python3.10/site-packages/airflow/example_dags/example_xcomargs.py
[2023-05-19 17:30:03,102] {logging_mixin.py:115} INFO - [2023-05-19 17:30:03,102] {dag.py:2379} INFO - Sync 2 DAGs
[2023-05-19 17:30:03,160] {logging_mixin.py:115} INFO - [2023-05-19 17:30:03,160] {dag.py:2927} INFO - Setting next_dagrun for example_xcom_args to None, run_after=None
[2023-05-19 17:30:03,161] {logging_mixin.py:115} INFO - [2023-05-19 17:30:03,161] {dag.py:2927} INFO - Setting next_dagrun for example_xcom_args_with_operators to None, run_after=None
[2023-05-19 17:30:03,185] {processor.py:161} INFO - Processing /Users/marianaoliveira/Downloads/alura1/venv/lib/python3.10/site-packages/airflow/example_dags/example_xcomargs.py took 4.152 seconds
[2023-05-19 17:32:19,193] {processor.py:153} INFO - Started process (PID=7793) to work on /Users/marianaoliveira/Downloads/alura1/venv/lib/python3.10/site-packages/airflow/example_dags/example_xcomargs.py
[2023-05-19 17:32:19,194] {processor.py:641} INFO - Processing file /Users/marianaoliveira/Downloads/alura1/venv/lib/python3.10/site-packages/airflow/example_dags/example_xcomargs.py for tasks to queue
[2023-05-19 17:32:19,195] {logging_mixin.py:115} INFO - [2023-05-19 17:32:19,195] {dagbag.py:507} INFO - Filling up the DagBag from /Users/marianaoliveira/Downloads/alura1/venv/lib/python3.10/site-packages/airflow/example_dags/example_xcomargs.py
[2023-05-19 17:32:19,519] {processor.py:651} INFO - DAG(s) dict_keys(['example_xcom_args', 'example_xcom_args_with_operators']) retrieved from /Users/marianaoliveira/Downloads/alura1/venv/lib/python3.10/site-packages/airflow/example_dags/example_xcomargs.py
[2023-05-19 17:32:25,176] {logging_mixin.py:115} INFO - [2023-05-19 17:32:25,174] {dag.py:2379} INFO - Sync 2 DAGs
[2023-05-19 17:32:25,493] {logging_mixin.py:115} INFO - [2023-05-19 17:32:25,493] {dag.py:2927} INFO - Setting next_dagrun for example_xcom_args to None, run_after=None
[2023-05-19 17:32:25,495] {logging_mixin.py:115} INFO - [2023-05-19 17:32:25,494] {dag.py:2927} INFO - Setting next_dagrun for example_xcom_args_with_operators to None, run_after=None
[2023-05-19 17:32:25,536] {processor.py:161} INFO - Processing /Users/marianaoliveira/Downloads/alura1/venv/lib/python3.10/site-packages/airflow/example_dags/example_xcomargs.py took 6.359 seconds
[2023-05-19 17:34:56,366] {processor.py:153} INFO - Started process (PID=7856) to work on /Users/marianaoliveira/Downloads/alura1/venv/lib/python3.10/site-packages/airflow/example_dags/example_xcomargs.py
[2023-05-19 17:34:56,368] {processor.py:641} INFO - Processing file /Users/marianaoliveira/Downloads/alura1/venv/lib/python3.10/site-packages/airflow/example_dags/example_xcomargs.py for tasks to queue
[2023-05-19 17:34:56,368] {logging_mixin.py:115} INFO - [2023-05-19 17:34:56,368] {dagbag.py:507} INFO - Filling up the DagBag from /Users/marianaoliveira/Downloads/alura1/venv/lib/python3.10/site-packages/airflow/example_dags/example_xcomargs.py
[2023-05-19 17:34:56,607] {processor.py:651} INFO - DAG(s) dict_keys(['example_xcom_args', 'example_xcom_args_with_operators']) retrieved from /Users/marianaoliveira/Downloads/alura1/venv/lib/python3.10/site-packages/airflow/example_dags/example_xcomargs.py
[2023-05-19 17:34:59,724] {logging_mixin.py:115} INFO - [2023-05-19 17:34:59,724] {dag.py:2379} INFO - Sync 2 DAGs
[2023-05-19 17:34:59,765] {logging_mixin.py:115} INFO - [2023-05-19 17:34:59,765] {dag.py:2927} INFO - Setting next_dagrun for example_xcom_args to None, run_after=None
[2023-05-19 17:34:59,765] {logging_mixin.py:115} INFO - [2023-05-19 17:34:59,765] {dag.py:2927} INFO - Setting next_dagrun for example_xcom_args_with_operators to None, run_after=None
[2023-05-19 17:34:59,796] {processor.py:161} INFO - Processing /Users/marianaoliveira/Downloads/alura1/venv/lib/python3.10/site-packages/airflow/example_dags/example_xcomargs.py took 3.431 seconds
[2023-05-19 17:37:18,126] {processor.py:153} INFO - Started process (PID=7909) to work on /Users/marianaoliveira/Downloads/alura1/venv/lib/python3.10/site-packages/airflow/example_dags/example_xcomargs.py
[2023-05-19 17:37:18,127] {processor.py:641} INFO - Processing file /Users/marianaoliveira/Downloads/alura1/venv/lib/python3.10/site-packages/airflow/example_dags/example_xcomargs.py for tasks to queue
[2023-05-19 17:37:18,128] {logging_mixin.py:115} INFO - [2023-05-19 17:37:18,128] {dagbag.py:507} INFO - Filling up the DagBag from /Users/marianaoliveira/Downloads/alura1/venv/lib/python3.10/site-packages/airflow/example_dags/example_xcomargs.py
[2023-05-19 17:37:18,240] {processor.py:651} INFO - DAG(s) dict_keys(['example_xcom_args', 'example_xcom_args_with_operators']) retrieved from /Users/marianaoliveira/Downloads/alura1/venv/lib/python3.10/site-packages/airflow/example_dags/example_xcomargs.py
[2023-05-19 17:37:20,530] {logging_mixin.py:115} INFO - [2023-05-19 17:37:20,530] {dag.py:2379} INFO - Sync 2 DAGs
[2023-05-19 17:37:20,564] {logging_mixin.py:115} INFO - [2023-05-19 17:37:20,564] {dag.py:2927} INFO - Setting next_dagrun for example_xcom_args to None, run_after=None
[2023-05-19 17:37:20,565] {logging_mixin.py:115} INFO - [2023-05-19 17:37:20,564] {dag.py:2927} INFO - Setting next_dagrun for example_xcom_args_with_operators to None, run_after=None
[2023-05-19 17:37:20,590] {processor.py:161} INFO - Processing /Users/marianaoliveira/Downloads/alura1/venv/lib/python3.10/site-packages/airflow/example_dags/example_xcomargs.py took 2.466 seconds
[2023-05-19 17:39:21,430] {processor.py:153} INFO - Started process (PID=7969) to work on /Users/marianaoliveira/Downloads/alura1/venv/lib/python3.10/site-packages/airflow/example_dags/example_xcomargs.py
[2023-05-19 17:39:21,434] {processor.py:641} INFO - Processing file /Users/marianaoliveira/Downloads/alura1/venv/lib/python3.10/site-packages/airflow/example_dags/example_xcomargs.py for tasks to queue
[2023-05-19 17:39:21,435] {logging_mixin.py:115} INFO - [2023-05-19 17:39:21,435] {dagbag.py:507} INFO - Filling up the DagBag from /Users/marianaoliveira/Downloads/alura1/venv/lib/python3.10/site-packages/airflow/example_dags/example_xcomargs.py
[2023-05-19 17:39:21,545] {processor.py:651} INFO - DAG(s) dict_keys(['example_xcom_args', 'example_xcom_args_with_operators']) retrieved from /Users/marianaoliveira/Downloads/alura1/venv/lib/python3.10/site-packages/airflow/example_dags/example_xcomargs.py
[2023-05-19 17:39:24,205] {logging_mixin.py:115} INFO - [2023-05-19 17:39:24,205] {dag.py:2379} INFO - Sync 2 DAGs
[2023-05-19 17:39:24,274] {logging_mixin.py:115} INFO - [2023-05-19 17:39:24,254] {dag.py:2927} INFO - Setting next_dagrun for example_xcom_args to None, run_after=None
[2023-05-19 17:39:24,275] {logging_mixin.py:115} INFO - [2023-05-19 17:39:24,275] {dag.py:2927} INFO - Setting next_dagrun for example_xcom_args_with_operators to None, run_after=None
[2023-05-19 17:39:24,359] {processor.py:161} INFO - Processing /Users/marianaoliveira/Downloads/alura1/venv/lib/python3.10/site-packages/airflow/example_dags/example_xcomargs.py took 2.932 seconds
[2023-05-19 17:43:54,575] {processor.py:153} INFO - Started process (PID=8068) to work on /Users/marianaoliveira/Downloads/alura1/venv/lib/python3.10/site-packages/airflow/example_dags/example_xcomargs.py
[2023-05-19 17:43:54,576] {processor.py:641} INFO - Processing file /Users/marianaoliveira/Downloads/alura1/venv/lib/python3.10/site-packages/airflow/example_dags/example_xcomargs.py for tasks to queue
[2023-05-19 17:43:54,577] {logging_mixin.py:115} INFO - [2023-05-19 17:43:54,577] {dagbag.py:507} INFO - Filling up the DagBag from /Users/marianaoliveira/Downloads/alura1/venv/lib/python3.10/site-packages/airflow/example_dags/example_xcomargs.py
[2023-05-19 17:43:54,666] {processor.py:651} INFO - DAG(s) dict_keys(['example_xcom_args', 'example_xcom_args_with_operators']) retrieved from /Users/marianaoliveira/Downloads/alura1/venv/lib/python3.10/site-packages/airflow/example_dags/example_xcomargs.py
[2023-05-19 17:43:57,297] {logging_mixin.py:115} INFO - [2023-05-19 17:43:57,297] {dag.py:2379} INFO - Sync 2 DAGs
[2023-05-19 17:43:57,324] {logging_mixin.py:115} INFO - [2023-05-19 17:43:57,323] {dag.py:2927} INFO - Setting next_dagrun for example_xcom_args to None, run_after=None
[2023-05-19 17:43:57,324] {logging_mixin.py:115} INFO - [2023-05-19 17:43:57,324] {dag.py:2927} INFO - Setting next_dagrun for example_xcom_args_with_operators to None, run_after=None
[2023-05-19 17:43:57,349] {processor.py:161} INFO - Processing /Users/marianaoliveira/Downloads/alura1/venv/lib/python3.10/site-packages/airflow/example_dags/example_xcomargs.py took 2.775 seconds
[2023-05-19 17:46:44,467] {processor.py:153} INFO - Started process (PID=8146) to work on /Users/marianaoliveira/Downloads/alura1/venv/lib/python3.10/site-packages/airflow/example_dags/example_xcomargs.py
[2023-05-19 17:46:44,473] {processor.py:641} INFO - Processing file /Users/marianaoliveira/Downloads/alura1/venv/lib/python3.10/site-packages/airflow/example_dags/example_xcomargs.py for tasks to queue
[2023-05-19 17:46:44,476] {logging_mixin.py:115} INFO - [2023-05-19 17:46:44,475] {dagbag.py:507} INFO - Filling up the DagBag from /Users/marianaoliveira/Downloads/alura1/venv/lib/python3.10/site-packages/airflow/example_dags/example_xcomargs.py
[2023-05-19 17:46:44,594] {processor.py:651} INFO - DAG(s) dict_keys(['example_xcom_args', 'example_xcom_args_with_operators']) retrieved from /Users/marianaoliveira/Downloads/alura1/venv/lib/python3.10/site-packages/airflow/example_dags/example_xcomargs.py
[2023-05-19 17:46:48,430] {logging_mixin.py:115} INFO - [2023-05-19 17:46:48,429] {dag.py:2379} INFO - Sync 2 DAGs
[2023-05-19 17:46:48,545] {logging_mixin.py:115} INFO - [2023-05-19 17:46:48,545] {dag.py:2927} INFO - Setting next_dagrun for example_xcom_args to None, run_after=None
[2023-05-19 17:46:48,556] {logging_mixin.py:115} INFO - [2023-05-19 17:46:48,556] {dag.py:2927} INFO - Setting next_dagrun for example_xcom_args_with_operators to None, run_after=None
[2023-05-19 17:46:48,594] {processor.py:161} INFO - Processing /Users/marianaoliveira/Downloads/alura1/venv/lib/python3.10/site-packages/airflow/example_dags/example_xcomargs.py took 4.129 seconds
[2023-05-19 17:48:33,201] {processor.py:153} INFO - Started process (PID=8190) to work on /Users/marianaoliveira/Downloads/alura1/venv/lib/python3.10/site-packages/airflow/example_dags/example_xcomargs.py
[2023-05-19 17:48:33,202] {processor.py:641} INFO - Processing file /Users/marianaoliveira/Downloads/alura1/venv/lib/python3.10/site-packages/airflow/example_dags/example_xcomargs.py for tasks to queue
[2023-05-19 17:48:33,203] {logging_mixin.py:115} INFO - [2023-05-19 17:48:33,203] {dagbag.py:507} INFO - Filling up the DagBag from /Users/marianaoliveira/Downloads/alura1/venv/lib/python3.10/site-packages/airflow/example_dags/example_xcomargs.py
[2023-05-19 17:48:33,267] {processor.py:651} INFO - DAG(s) dict_keys(['example_xcom_args', 'example_xcom_args_with_operators']) retrieved from /Users/marianaoliveira/Downloads/alura1/venv/lib/python3.10/site-packages/airflow/example_dags/example_xcomargs.py
[2023-05-19 17:48:35,178] {logging_mixin.py:115} INFO - [2023-05-19 17:48:35,177] {dag.py:2379} INFO - Sync 2 DAGs
[2023-05-19 17:48:35,237] {logging_mixin.py:115} INFO - [2023-05-19 17:48:35,237] {dag.py:2927} INFO - Setting next_dagrun for example_xcom_args to None, run_after=None
[2023-05-19 17:48:35,238] {logging_mixin.py:115} INFO - [2023-05-19 17:48:35,237] {dag.py:2927} INFO - Setting next_dagrun for example_xcom_args_with_operators to None, run_after=None
[2023-05-19 17:48:35,326] {processor.py:161} INFO - Processing /Users/marianaoliveira/Downloads/alura1/venv/lib/python3.10/site-packages/airflow/example_dags/example_xcomargs.py took 2.127 seconds
[2023-05-19 17:49:56,923] {processor.py:153} INFO - Started process (PID=8226) to work on /Users/marianaoliveira/Downloads/alura1/venv/lib/python3.10/site-packages/airflow/example_dags/example_xcomargs.py
[2023-05-19 17:49:56,924] {processor.py:641} INFO - Processing file /Users/marianaoliveira/Downloads/alura1/venv/lib/python3.10/site-packages/airflow/example_dags/example_xcomargs.py for tasks to queue
[2023-05-19 17:49:56,925] {logging_mixin.py:115} INFO - [2023-05-19 17:49:56,925] {dagbag.py:507} INFO - Filling up the DagBag from /Users/marianaoliveira/Downloads/alura1/venv/lib/python3.10/site-packages/airflow/example_dags/example_xcomargs.py
[2023-05-19 17:49:57,027] {processor.py:651} INFO - DAG(s) dict_keys(['example_xcom_args', 'example_xcom_args_with_operators']) retrieved from /Users/marianaoliveira/Downloads/alura1/venv/lib/python3.10/site-packages/airflow/example_dags/example_xcomargs.py
[2023-05-19 17:50:00,286] {logging_mixin.py:115} INFO - [2023-05-19 17:50:00,284] {dag.py:2379} INFO - Sync 2 DAGs
[2023-05-19 17:50:00,375] {logging_mixin.py:115} INFO - [2023-05-19 17:50:00,375] {dag.py:2927} INFO - Setting next_dagrun for example_xcom_args to None, run_after=None
[2023-05-19 17:50:00,376] {logging_mixin.py:115} INFO - [2023-05-19 17:50:00,376] {dag.py:2927} INFO - Setting next_dagrun for example_xcom_args_with_operators to None, run_after=None
[2023-05-19 17:50:00,422] {processor.py:161} INFO - Processing /Users/marianaoliveira/Downloads/alura1/venv/lib/python3.10/site-packages/airflow/example_dags/example_xcomargs.py took 3.501 seconds
[2023-05-19 17:51:50,357] {processor.py:153} INFO - Started process (PID=8302) to work on /Users/marianaoliveira/Downloads/alura1/venv/lib/python3.10/site-packages/airflow/example_dags/example_xcomargs.py
[2023-05-19 17:51:50,358] {processor.py:641} INFO - Processing file /Users/marianaoliveira/Downloads/alura1/venv/lib/python3.10/site-packages/airflow/example_dags/example_xcomargs.py for tasks to queue
[2023-05-19 17:51:50,358] {logging_mixin.py:115} INFO - [2023-05-19 17:51:50,358] {dagbag.py:507} INFO - Filling up the DagBag from /Users/marianaoliveira/Downloads/alura1/venv/lib/python3.10/site-packages/airflow/example_dags/example_xcomargs.py
[2023-05-19 17:51:50,419] {processor.py:651} INFO - DAG(s) dict_keys(['example_xcom_args', 'example_xcom_args_with_operators']) retrieved from /Users/marianaoliveira/Downloads/alura1/venv/lib/python3.10/site-packages/airflow/example_dags/example_xcomargs.py
[2023-05-19 17:51:51,615] {logging_mixin.py:115} INFO - [2023-05-19 17:51:51,615] {dag.py:2379} INFO - Sync 2 DAGs
[2023-05-19 17:51:51,639] {logging_mixin.py:115} INFO - [2023-05-19 17:51:51,639] {dag.py:2927} INFO - Setting next_dagrun for example_xcom_args to None, run_after=None
[2023-05-19 17:51:51,639] {logging_mixin.py:115} INFO - [2023-05-19 17:51:51,639] {dag.py:2927} INFO - Setting next_dagrun for example_xcom_args_with_operators to None, run_after=None
[2023-05-19 17:51:51,662] {processor.py:161} INFO - Processing /Users/marianaoliveira/Downloads/alura1/venv/lib/python3.10/site-packages/airflow/example_dags/example_xcomargs.py took 1.306 seconds
[2023-05-19 17:53:35,146] {processor.py:153} INFO - Started process (PID=8391) to work on /Users/marianaoliveira/Downloads/alura1/venv/lib/python3.10/site-packages/airflow/example_dags/example_xcomargs.py
[2023-05-19 17:53:35,148] {processor.py:641} INFO - Processing file /Users/marianaoliveira/Downloads/alura1/venv/lib/python3.10/site-packages/airflow/example_dags/example_xcomargs.py for tasks to queue
[2023-05-19 17:53:35,148] {logging_mixin.py:115} INFO - [2023-05-19 17:53:35,148] {dagbag.py:507} INFO - Filling up the DagBag from /Users/marianaoliveira/Downloads/alura1/venv/lib/python3.10/site-packages/airflow/example_dags/example_xcomargs.py
[2023-05-19 17:53:35,224] {processor.py:651} INFO - DAG(s) dict_keys(['example_xcom_args', 'example_xcom_args_with_operators']) retrieved from /Users/marianaoliveira/Downloads/alura1/venv/lib/python3.10/site-packages/airflow/example_dags/example_xcomargs.py
[2023-05-19 17:53:37,611] {logging_mixin.py:115} INFO - [2023-05-19 17:53:37,610] {dag.py:2379} INFO - Sync 2 DAGs
[2023-05-19 17:53:37,643] {logging_mixin.py:115} INFO - [2023-05-19 17:53:37,642] {dag.py:2927} INFO - Setting next_dagrun for example_xcom_args to None, run_after=None
[2023-05-19 17:53:37,643] {logging_mixin.py:115} INFO - [2023-05-19 17:53:37,643] {dag.py:2927} INFO - Setting next_dagrun for example_xcom_args_with_operators to None, run_after=None
[2023-05-19 17:53:37,662] {processor.py:161} INFO - Processing /Users/marianaoliveira/Downloads/alura1/venv/lib/python3.10/site-packages/airflow/example_dags/example_xcomargs.py took 2.518 seconds
[2023-05-19 17:55:20,159] {processor.py:153} INFO - Started process (PID=8483) to work on /Users/marianaoliveira/Downloads/alura1/venv/lib/python3.10/site-packages/airflow/example_dags/example_xcomargs.py
[2023-05-19 17:55:20,160] {processor.py:641} INFO - Processing file /Users/marianaoliveira/Downloads/alura1/venv/lib/python3.10/site-packages/airflow/example_dags/example_xcomargs.py for tasks to queue
[2023-05-19 17:55:20,161] {logging_mixin.py:115} INFO - [2023-05-19 17:55:20,161] {dagbag.py:507} INFO - Filling up the DagBag from /Users/marianaoliveira/Downloads/alura1/venv/lib/python3.10/site-packages/airflow/example_dags/example_xcomargs.py
[2023-05-19 17:55:20,225] {processor.py:651} INFO - DAG(s) dict_keys(['example_xcom_args', 'example_xcom_args_with_operators']) retrieved from /Users/marianaoliveira/Downloads/alura1/venv/lib/python3.10/site-packages/airflow/example_dags/example_xcomargs.py
[2023-05-19 17:55:21,396] {logging_mixin.py:115} INFO - [2023-05-19 17:55:21,396] {dag.py:2379} INFO - Sync 2 DAGs
[2023-05-19 17:55:21,423] {logging_mixin.py:115} INFO - [2023-05-19 17:55:21,422] {dag.py:2927} INFO - Setting next_dagrun for example_xcom_args to None, run_after=None
[2023-05-19 17:55:21,423] {logging_mixin.py:115} INFO - [2023-05-19 17:55:21,423] {dag.py:2927} INFO - Setting next_dagrun for example_xcom_args_with_operators to None, run_after=None
[2023-05-19 17:55:21,444] {processor.py:161} INFO - Processing /Users/marianaoliveira/Downloads/alura1/venv/lib/python3.10/site-packages/airflow/example_dags/example_xcomargs.py took 1.286 seconds
[2023-05-19 17:56:52,203] {processor.py:153} INFO - Started process (PID=8571) to work on /Users/marianaoliveira/Downloads/alura1/venv/lib/python3.10/site-packages/airflow/example_dags/example_xcomargs.py
[2023-05-19 17:56:52,204] {processor.py:641} INFO - Processing file /Users/marianaoliveira/Downloads/alura1/venv/lib/python3.10/site-packages/airflow/example_dags/example_xcomargs.py for tasks to queue
[2023-05-19 17:56:52,205] {logging_mixin.py:115} INFO - [2023-05-19 17:56:52,204] {dagbag.py:507} INFO - Filling up the DagBag from /Users/marianaoliveira/Downloads/alura1/venv/lib/python3.10/site-packages/airflow/example_dags/example_xcomargs.py
[2023-05-19 17:56:52,267] {processor.py:651} INFO - DAG(s) dict_keys(['example_xcom_args', 'example_xcom_args_with_operators']) retrieved from /Users/marianaoliveira/Downloads/alura1/venv/lib/python3.10/site-packages/airflow/example_dags/example_xcomargs.py
[2023-05-19 17:56:54,345] {logging_mixin.py:115} INFO - [2023-05-19 17:56:54,344] {dag.py:2379} INFO - Sync 2 DAGs
[2023-05-19 17:56:54,367] {logging_mixin.py:115} INFO - [2023-05-19 17:56:54,367] {dag.py:2927} INFO - Setting next_dagrun for example_xcom_args to None, run_after=None
[2023-05-19 17:56:54,367] {logging_mixin.py:115} INFO - [2023-05-19 17:56:54,367] {dag.py:2927} INFO - Setting next_dagrun for example_xcom_args_with_operators to None, run_after=None
[2023-05-19 17:56:54,388] {processor.py:161} INFO - Processing /Users/marianaoliveira/Downloads/alura1/venv/lib/python3.10/site-packages/airflow/example_dags/example_xcomargs.py took 2.186 seconds
[2023-05-19 17:58:25,096] {processor.py:153} INFO - Started process (PID=8617) to work on /Users/marianaoliveira/Downloads/alura1/venv/lib/python3.10/site-packages/airflow/example_dags/example_xcomargs.py
[2023-05-19 17:58:25,098] {processor.py:641} INFO - Processing file /Users/marianaoliveira/Downloads/alura1/venv/lib/python3.10/site-packages/airflow/example_dags/example_xcomargs.py for tasks to queue
[2023-05-19 17:58:25,098] {logging_mixin.py:115} INFO - [2023-05-19 17:58:25,098] {dagbag.py:507} INFO - Filling up the DagBag from /Users/marianaoliveira/Downloads/alura1/venv/lib/python3.10/site-packages/airflow/example_dags/example_xcomargs.py
[2023-05-19 17:58:25,177] {processor.py:651} INFO - DAG(s) dict_keys(['example_xcom_args', 'example_xcom_args_with_operators']) retrieved from /Users/marianaoliveira/Downloads/alura1/venv/lib/python3.10/site-packages/airflow/example_dags/example_xcomargs.py
[2023-05-19 17:58:27,472] {logging_mixin.py:115} INFO - [2023-05-19 17:58:27,472] {dag.py:2379} INFO - Sync 2 DAGs
[2023-05-19 17:58:27,502] {logging_mixin.py:115} INFO - [2023-05-19 17:58:27,501] {dag.py:2927} INFO - Setting next_dagrun for example_xcom_args to None, run_after=None
[2023-05-19 17:58:27,502] {logging_mixin.py:115} INFO - [2023-05-19 17:58:27,502] {dag.py:2927} INFO - Setting next_dagrun for example_xcom_args_with_operators to None, run_after=None
[2023-05-19 17:58:27,521] {processor.py:161} INFO - Processing /Users/marianaoliveira/Downloads/alura1/venv/lib/python3.10/site-packages/airflow/example_dags/example_xcomargs.py took 2.428 seconds
[2023-05-19 18:03:15,420] {processor.py:153} INFO - Started process (PID=8892) to work on /Users/marianaoliveira/Downloads/alura1/venv/lib/python3.10/site-packages/airflow/example_dags/example_xcomargs.py
[2023-05-19 18:03:15,422] {processor.py:641} INFO - Processing file /Users/marianaoliveira/Downloads/alura1/venv/lib/python3.10/site-packages/airflow/example_dags/example_xcomargs.py for tasks to queue
[2023-05-19 18:03:15,425] {logging_mixin.py:115} INFO - [2023-05-19 18:03:15,425] {dagbag.py:507} INFO - Filling up the DagBag from /Users/marianaoliveira/Downloads/alura1/venv/lib/python3.10/site-packages/airflow/example_dags/example_xcomargs.py
[2023-05-19 18:03:15,539] {processor.py:651} INFO - DAG(s) dict_keys(['example_xcom_args', 'example_xcom_args_with_operators']) retrieved from /Users/marianaoliveira/Downloads/alura1/venv/lib/python3.10/site-packages/airflow/example_dags/example_xcomargs.py
[2023-05-19 18:03:18,035] {logging_mixin.py:115} INFO - [2023-05-19 18:03:18,035] {dag.py:2379} INFO - Sync 2 DAGs
[2023-05-19 18:03:18,136] {logging_mixin.py:115} INFO - [2023-05-19 18:03:18,136] {dag.py:2927} INFO - Setting next_dagrun for example_xcom_args to None, run_after=None
[2023-05-19 18:03:18,141] {logging_mixin.py:115} INFO - [2023-05-19 18:03:18,137] {dag.py:2927} INFO - Setting next_dagrun for example_xcom_args_with_operators to None, run_after=None
[2023-05-19 18:03:18,171] {processor.py:161} INFO - Processing /Users/marianaoliveira/Downloads/alura1/venv/lib/python3.10/site-packages/airflow/example_dags/example_xcomargs.py took 2.753 seconds
[2023-05-19 18:13:56,947] {processor.py:153} INFO - Started process (PID=9165) to work on /Users/marianaoliveira/Downloads/alura1/venv/lib/python3.10/site-packages/airflow/example_dags/example_xcomargs.py
[2023-05-19 18:13:56,949] {processor.py:641} INFO - Processing file /Users/marianaoliveira/Downloads/alura1/venv/lib/python3.10/site-packages/airflow/example_dags/example_xcomargs.py for tasks to queue
[2023-05-19 18:13:56,955] {logging_mixin.py:115} INFO - [2023-05-19 18:13:56,955] {dagbag.py:507} INFO - Filling up the DagBag from /Users/marianaoliveira/Downloads/alura1/venv/lib/python3.10/site-packages/airflow/example_dags/example_xcomargs.py
[2023-05-19 18:13:57,020] {processor.py:651} INFO - DAG(s) dict_keys(['example_xcom_args', 'example_xcom_args_with_operators']) retrieved from /Users/marianaoliveira/Downloads/alura1/venv/lib/python3.10/site-packages/airflow/example_dags/example_xcomargs.py
[2023-05-19 18:13:59,396] {logging_mixin.py:115} INFO - [2023-05-19 18:13:59,396] {dag.py:2379} INFO - Sync 2 DAGs
[2023-05-19 18:13:59,451] {logging_mixin.py:115} INFO - [2023-05-19 18:13:59,451] {dag.py:2927} INFO - Setting next_dagrun for example_xcom_args to None, run_after=None
[2023-05-19 18:13:59,452] {logging_mixin.py:115} INFO - [2023-05-19 18:13:59,452] {dag.py:2927} INFO - Setting next_dagrun for example_xcom_args_with_operators to None, run_after=None
[2023-05-19 18:13:59,485] {processor.py:161} INFO - Processing /Users/marianaoliveira/Downloads/alura1/venv/lib/python3.10/site-packages/airflow/example_dags/example_xcomargs.py took 2.539 seconds
[2023-05-19 18:17:01,737] {processor.py:153} INFO - Started process (PID=9290) to work on /Users/marianaoliveira/Downloads/alura1/venv/lib/python3.10/site-packages/airflow/example_dags/example_xcomargs.py
[2023-05-19 18:17:01,738] {processor.py:641} INFO - Processing file /Users/marianaoliveira/Downloads/alura1/venv/lib/python3.10/site-packages/airflow/example_dags/example_xcomargs.py for tasks to queue
[2023-05-19 18:17:01,739] {logging_mixin.py:115} INFO - [2023-05-19 18:17:01,739] {dagbag.py:507} INFO - Filling up the DagBag from /Users/marianaoliveira/Downloads/alura1/venv/lib/python3.10/site-packages/airflow/example_dags/example_xcomargs.py
[2023-05-19 18:17:01,803] {processor.py:651} INFO - DAG(s) dict_keys(['example_xcom_args', 'example_xcom_args_with_operators']) retrieved from /Users/marianaoliveira/Downloads/alura1/venv/lib/python3.10/site-packages/airflow/example_dags/example_xcomargs.py
[2023-05-19 18:17:03,828] {logging_mixin.py:115} INFO - [2023-05-19 18:17:03,828] {dag.py:2379} INFO - Sync 2 DAGs
[2023-05-19 18:17:03,851] {logging_mixin.py:115} INFO - [2023-05-19 18:17:03,851] {dag.py:2927} INFO - Setting next_dagrun for example_xcom_args to None, run_after=None
[2023-05-19 18:17:03,852] {logging_mixin.py:115} INFO - [2023-05-19 18:17:03,852] {dag.py:2927} INFO - Setting next_dagrun for example_xcom_args_with_operators to None, run_after=None
[2023-05-19 18:17:03,868] {processor.py:161} INFO - Processing /Users/marianaoliveira/Downloads/alura1/venv/lib/python3.10/site-packages/airflow/example_dags/example_xcomargs.py took 2.133 seconds
[2023-05-19 18:27:00,730] {processor.py:153} INFO - Started process (PID=9944) to work on /Users/marianaoliveira/Downloads/alura1/venv/lib/python3.10/site-packages/airflow/example_dags/example_xcomargs.py
[2023-05-19 18:27:00,734] {processor.py:641} INFO - Processing file /Users/marianaoliveira/Downloads/alura1/venv/lib/python3.10/site-packages/airflow/example_dags/example_xcomargs.py for tasks to queue
[2023-05-19 18:27:00,734] {logging_mixin.py:115} INFO - [2023-05-19 18:27:00,734] {dagbag.py:507} INFO - Filling up the DagBag from /Users/marianaoliveira/Downloads/alura1/venv/lib/python3.10/site-packages/airflow/example_dags/example_xcomargs.py
[2023-05-19 18:27:00,815] {processor.py:651} INFO - DAG(s) dict_keys(['example_xcom_args', 'example_xcom_args_with_operators']) retrieved from /Users/marianaoliveira/Downloads/alura1/venv/lib/python3.10/site-packages/airflow/example_dags/example_xcomargs.py
[2023-05-19 18:27:03,250] {logging_mixin.py:115} INFO - [2023-05-19 18:27:03,248] {dag.py:2379} INFO - Sync 2 DAGs
[2023-05-19 18:27:03,292] {logging_mixin.py:115} INFO - [2023-05-19 18:27:03,292] {dag.py:2927} INFO - Setting next_dagrun for example_xcom_args to None, run_after=None
[2023-05-19 18:27:03,293] {logging_mixin.py:115} INFO - [2023-05-19 18:27:03,293] {dag.py:2927} INFO - Setting next_dagrun for example_xcom_args_with_operators to None, run_after=None
[2023-05-19 18:27:03,327] {processor.py:161} INFO - Processing /Users/marianaoliveira/Downloads/alura1/venv/lib/python3.10/site-packages/airflow/example_dags/example_xcomargs.py took 2.603 seconds
