[2023-05-19 15:12:16,103] {processor.py:153} INFO - Started process (PID=2805) to work on /Users/marianaoliveira/Downloads/alura1/venv/lib/python3.10/site-packages/airflow/example_dags/example_skip_dag.py
[2023-05-19 15:12:16,104] {processor.py:641} INFO - Processing file /Users/marianaoliveira/Downloads/alura1/venv/lib/python3.10/site-packages/airflow/example_dags/example_skip_dag.py for tasks to queue
[2023-05-19 15:12:16,104] {logging_mixin.py:115} INFO - [2023-05-19 15:12:16,104] {dagbag.py:507} INFO - Filling up the DagBag from /Users/marianaoliveira/Downloads/alura1/venv/lib/python3.10/site-packages/airflow/example_dags/example_skip_dag.py
[2023-05-19 15:12:16,121] {processor.py:651} INFO - DAG(s) dict_keys(['example_skip_dag']) retrieved from /Users/marianaoliveira/Downloads/alura1/venv/lib/python3.10/site-packages/airflow/example_dags/example_skip_dag.py
[2023-05-19 15:12:17,203] {logging_mixin.py:115} INFO - [2023-05-19 15:12:17,203] {manager.py:508} INFO - Created Permission View: can edit on DAG:example_skip_dag
[2023-05-19 15:12:17,214] {logging_mixin.py:115} INFO - [2023-05-19 15:12:17,214] {manager.py:508} INFO - Created Permission View: can delete on DAG:example_skip_dag
[2023-05-19 15:12:17,227] {logging_mixin.py:115} INFO - [2023-05-19 15:12:17,227] {manager.py:508} INFO - Created Permission View: can read on DAG:example_skip_dag
[2023-05-19 15:12:17,228] {logging_mixin.py:115} INFO - [2023-05-19 15:12:17,227] {dag.py:2379} INFO - Sync 1 DAGs
[2023-05-19 15:12:17,240] {logging_mixin.py:115} INFO - [2023-05-19 15:12:17,240] {dag.py:2398} INFO - Creating ORM DAG for example_skip_dag
[2023-05-19 15:12:17,259] {logging_mixin.py:115} INFO - [2023-05-19 15:12:17,259] {dag.py:2927} INFO - Setting next_dagrun for example_skip_dag to 2023-05-18T18:12:17.258883+00:00, run_after=2023-05-19T18:12:17.258883+00:00
[2023-05-19 15:12:17,279] {processor.py:161} INFO - Processing /Users/marianaoliveira/Downloads/alura1/venv/lib/python3.10/site-packages/airflow/example_dags/example_skip_dag.py took 1.177 seconds
[2023-05-19 15:13:56,420] {processor.py:153} INFO - Started process (PID=2881) to work on /Users/marianaoliveira/Downloads/alura1/venv/lib/python3.10/site-packages/airflow/example_dags/example_skip_dag.py
[2023-05-19 15:13:56,421] {processor.py:641} INFO - Processing file /Users/marianaoliveira/Downloads/alura1/venv/lib/python3.10/site-packages/airflow/example_dags/example_skip_dag.py for tasks to queue
[2023-05-19 15:13:56,422] {logging_mixin.py:115} INFO - [2023-05-19 15:13:56,422] {dagbag.py:507} INFO - Filling up the DagBag from /Users/marianaoliveira/Downloads/alura1/venv/lib/python3.10/site-packages/airflow/example_dags/example_skip_dag.py
[2023-05-19 15:13:56,438] {processor.py:651} INFO - DAG(s) dict_keys(['example_skip_dag']) retrieved from /Users/marianaoliveira/Downloads/alura1/venv/lib/python3.10/site-packages/airflow/example_dags/example_skip_dag.py
[2023-05-19 15:13:56,508] {logging_mixin.py:115} INFO - [2023-05-19 15:13:56,508] {dag.py:2379} INFO - Sync 1 DAGs
[2023-05-19 15:13:56,524] {logging_mixin.py:115} INFO - [2023-05-19 15:13:56,524] {dag.py:2927} INFO - Setting next_dagrun for example_skip_dag to 2023-05-18T18:13:56.524502+00:00, run_after=2023-05-19T18:13:56.524502+00:00
[2023-05-19 15:13:56,537] {processor.py:161} INFO - Processing /Users/marianaoliveira/Downloads/alura1/venv/lib/python3.10/site-packages/airflow/example_dags/example_skip_dag.py took 0.117 seconds
[2023-05-19 15:15:53,894] {processor.py:153} INFO - Started process (PID=2948) to work on /Users/marianaoliveira/Downloads/alura1/venv/lib/python3.10/site-packages/airflow/example_dags/example_skip_dag.py
[2023-05-19 15:15:53,895] {processor.py:641} INFO - Processing file /Users/marianaoliveira/Downloads/alura1/venv/lib/python3.10/site-packages/airflow/example_dags/example_skip_dag.py for tasks to queue
[2023-05-19 15:15:53,896] {logging_mixin.py:115} INFO - [2023-05-19 15:15:53,896] {dagbag.py:507} INFO - Filling up the DagBag from /Users/marianaoliveira/Downloads/alura1/venv/lib/python3.10/site-packages/airflow/example_dags/example_skip_dag.py
[2023-05-19 15:15:53,928] {processor.py:651} INFO - DAG(s) dict_keys(['example_skip_dag']) retrieved from /Users/marianaoliveira/Downloads/alura1/venv/lib/python3.10/site-packages/airflow/example_dags/example_skip_dag.py
[2023-05-19 15:15:54,063] {logging_mixin.py:115} INFO - [2023-05-19 15:15:54,063] {dag.py:2379} INFO - Sync 1 DAGs
[2023-05-19 15:15:54,095] {logging_mixin.py:115} INFO - [2023-05-19 15:15:54,095] {dag.py:2927} INFO - Setting next_dagrun for example_skip_dag to 2023-05-18T18:15:54.094909+00:00, run_after=2023-05-19T18:15:54.094909+00:00
[2023-05-19 15:15:54,118] {processor.py:161} INFO - Processing /Users/marianaoliveira/Downloads/alura1/venv/lib/python3.10/site-packages/airflow/example_dags/example_skip_dag.py took 0.225 seconds
[2023-05-19 15:17:21,633] {processor.py:153} INFO - Started process (PID=3018) to work on /Users/marianaoliveira/Downloads/alura1/venv/lib/python3.10/site-packages/airflow/example_dags/example_skip_dag.py
[2023-05-19 15:17:21,635] {processor.py:641} INFO - Processing file /Users/marianaoliveira/Downloads/alura1/venv/lib/python3.10/site-packages/airflow/example_dags/example_skip_dag.py for tasks to queue
[2023-05-19 15:17:21,635] {logging_mixin.py:115} INFO - [2023-05-19 15:17:21,635] {dagbag.py:507} INFO - Filling up the DagBag from /Users/marianaoliveira/Downloads/alura1/venv/lib/python3.10/site-packages/airflow/example_dags/example_skip_dag.py
[2023-05-19 15:17:21,669] {processor.py:651} INFO - DAG(s) dict_keys(['example_skip_dag']) retrieved from /Users/marianaoliveira/Downloads/alura1/venv/lib/python3.10/site-packages/airflow/example_dags/example_skip_dag.py
[2023-05-19 15:17:21,778] {logging_mixin.py:115} INFO - [2023-05-19 15:17:21,778] {dag.py:2379} INFO - Sync 1 DAGs
[2023-05-19 15:17:21,802] {logging_mixin.py:115} INFO - [2023-05-19 15:17:21,802] {dag.py:2927} INFO - Setting next_dagrun for example_skip_dag to 2023-05-18T18:17:21.801970+00:00, run_after=2023-05-19T18:17:21.801970+00:00
[2023-05-19 15:17:21,819] {processor.py:161} INFO - Processing /Users/marianaoliveira/Downloads/alura1/venv/lib/python3.10/site-packages/airflow/example_dags/example_skip_dag.py took 0.187 seconds
[2023-05-19 15:18:37,515] {processor.py:153} INFO - Started process (PID=3071) to work on /Users/marianaoliveira/Downloads/alura1/venv/lib/python3.10/site-packages/airflow/example_dags/example_skip_dag.py
[2023-05-19 15:18:37,518] {processor.py:641} INFO - Processing file /Users/marianaoliveira/Downloads/alura1/venv/lib/python3.10/site-packages/airflow/example_dags/example_skip_dag.py for tasks to queue
[2023-05-19 15:18:37,519] {logging_mixin.py:115} INFO - [2023-05-19 15:18:37,519] {dagbag.py:507} INFO - Filling up the DagBag from /Users/marianaoliveira/Downloads/alura1/venv/lib/python3.10/site-packages/airflow/example_dags/example_skip_dag.py
[2023-05-19 15:18:37,541] {processor.py:651} INFO - DAG(s) dict_keys(['example_skip_dag']) retrieved from /Users/marianaoliveira/Downloads/alura1/venv/lib/python3.10/site-packages/airflow/example_dags/example_skip_dag.py
[2023-05-19 15:18:37,630] {logging_mixin.py:115} INFO - [2023-05-19 15:18:37,630] {dag.py:2379} INFO - Sync 1 DAGs
[2023-05-19 15:18:37,649] {logging_mixin.py:115} INFO - [2023-05-19 15:18:37,649] {dag.py:2927} INFO - Setting next_dagrun for example_skip_dag to 2023-05-18T18:18:37.649632+00:00, run_after=2023-05-19T18:18:37.649632+00:00
[2023-05-19 15:18:37,666] {processor.py:161} INFO - Processing /Users/marianaoliveira/Downloads/alura1/venv/lib/python3.10/site-packages/airflow/example_dags/example_skip_dag.py took 0.152 seconds
[2023-05-19 15:20:35,281] {processor.py:153} INFO - Started process (PID=3134) to work on /Users/marianaoliveira/Downloads/alura1/venv/lib/python3.10/site-packages/airflow/example_dags/example_skip_dag.py
[2023-05-19 15:20:35,282] {processor.py:641} INFO - Processing file /Users/marianaoliveira/Downloads/alura1/venv/lib/python3.10/site-packages/airflow/example_dags/example_skip_dag.py for tasks to queue
[2023-05-19 15:20:35,283] {logging_mixin.py:115} INFO - [2023-05-19 15:20:35,283] {dagbag.py:507} INFO - Filling up the DagBag from /Users/marianaoliveira/Downloads/alura1/venv/lib/python3.10/site-packages/airflow/example_dags/example_skip_dag.py
[2023-05-19 15:20:35,304] {processor.py:651} INFO - DAG(s) dict_keys(['example_skip_dag']) retrieved from /Users/marianaoliveira/Downloads/alura1/venv/lib/python3.10/site-packages/airflow/example_dags/example_skip_dag.py
[2023-05-19 15:20:35,397] {logging_mixin.py:115} INFO - [2023-05-19 15:20:35,397] {dag.py:2379} INFO - Sync 1 DAGs
[2023-05-19 15:20:35,420] {logging_mixin.py:115} INFO - [2023-05-19 15:20:35,419] {dag.py:2927} INFO - Setting next_dagrun for example_skip_dag to 2023-05-18T18:20:35.418890+00:00, run_after=2023-05-19T18:20:35.418890+00:00
[2023-05-19 15:20:35,434] {processor.py:161} INFO - Processing /Users/marianaoliveira/Downloads/alura1/venv/lib/python3.10/site-packages/airflow/example_dags/example_skip_dag.py took 0.154 seconds
[2023-05-19 15:22:13,678] {processor.py:153} INFO - Started process (PID=3186) to work on /Users/marianaoliveira/Downloads/alura1/venv/lib/python3.10/site-packages/airflow/example_dags/example_skip_dag.py
[2023-05-19 15:22:13,680] {processor.py:641} INFO - Processing file /Users/marianaoliveira/Downloads/alura1/venv/lib/python3.10/site-packages/airflow/example_dags/example_skip_dag.py for tasks to queue
[2023-05-19 15:22:13,680] {logging_mixin.py:115} INFO - [2023-05-19 15:22:13,680] {dagbag.py:507} INFO - Filling up the DagBag from /Users/marianaoliveira/Downloads/alura1/venv/lib/python3.10/site-packages/airflow/example_dags/example_skip_dag.py
[2023-05-19 15:22:13,696] {processor.py:651} INFO - DAG(s) dict_keys(['example_skip_dag']) retrieved from /Users/marianaoliveira/Downloads/alura1/venv/lib/python3.10/site-packages/airflow/example_dags/example_skip_dag.py
[2023-05-19 15:22:13,767] {logging_mixin.py:115} INFO - [2023-05-19 15:22:13,767] {dag.py:2379} INFO - Sync 1 DAGs
[2023-05-19 15:22:13,784] {logging_mixin.py:115} INFO - [2023-05-19 15:22:13,784] {dag.py:2927} INFO - Setting next_dagrun for example_skip_dag to 2023-05-18T18:22:13.783788+00:00, run_after=2023-05-19T18:22:13.783788+00:00
[2023-05-19 15:22:13,795] {processor.py:161} INFO - Processing /Users/marianaoliveira/Downloads/alura1/venv/lib/python3.10/site-packages/airflow/example_dags/example_skip_dag.py took 0.118 seconds
[2023-05-19 15:23:52,092] {processor.py:153} INFO - Started process (PID=3238) to work on /Users/marianaoliveira/Downloads/alura1/venv/lib/python3.10/site-packages/airflow/example_dags/example_skip_dag.py
[2023-05-19 15:23:52,093] {processor.py:641} INFO - Processing file /Users/marianaoliveira/Downloads/alura1/venv/lib/python3.10/site-packages/airflow/example_dags/example_skip_dag.py for tasks to queue
[2023-05-19 15:23:52,094] {logging_mixin.py:115} INFO - [2023-05-19 15:23:52,094] {dagbag.py:507} INFO - Filling up the DagBag from /Users/marianaoliveira/Downloads/alura1/venv/lib/python3.10/site-packages/airflow/example_dags/example_skip_dag.py
[2023-05-19 15:23:52,123] {processor.py:651} INFO - DAG(s) dict_keys(['example_skip_dag']) retrieved from /Users/marianaoliveira/Downloads/alura1/venv/lib/python3.10/site-packages/airflow/example_dags/example_skip_dag.py
[2023-05-19 15:23:52,203] {logging_mixin.py:115} INFO - [2023-05-19 15:23:52,203] {dag.py:2379} INFO - Sync 1 DAGs
[2023-05-19 15:23:52,219] {logging_mixin.py:115} INFO - [2023-05-19 15:23:52,219] {dag.py:2927} INFO - Setting next_dagrun for example_skip_dag to 2023-05-18T18:23:52.219188+00:00, run_after=2023-05-19T18:23:52.219188+00:00
[2023-05-19 15:23:52,231] {processor.py:161} INFO - Processing /Users/marianaoliveira/Downloads/alura1/venv/lib/python3.10/site-packages/airflow/example_dags/example_skip_dag.py took 0.141 seconds
[2023-05-19 15:26:31,091] {processor.py:153} INFO - Started process (PID=3345) to work on /Users/marianaoliveira/Downloads/alura1/venv/lib/python3.10/site-packages/airflow/example_dags/example_skip_dag.py
[2023-05-19 15:26:31,093] {processor.py:641} INFO - Processing file /Users/marianaoliveira/Downloads/alura1/venv/lib/python3.10/site-packages/airflow/example_dags/example_skip_dag.py for tasks to queue
[2023-05-19 15:26:31,094] {logging_mixin.py:115} INFO - [2023-05-19 15:26:31,094] {dagbag.py:507} INFO - Filling up the DagBag from /Users/marianaoliveira/Downloads/alura1/venv/lib/python3.10/site-packages/airflow/example_dags/example_skip_dag.py
[2023-05-19 15:26:31,121] {processor.py:651} INFO - DAG(s) dict_keys(['example_skip_dag']) retrieved from /Users/marianaoliveira/Downloads/alura1/venv/lib/python3.10/site-packages/airflow/example_dags/example_skip_dag.py
[2023-05-19 15:26:31,238] {logging_mixin.py:115} INFO - [2023-05-19 15:26:31,237] {dag.py:2379} INFO - Sync 1 DAGs
[2023-05-19 15:26:31,264] {logging_mixin.py:115} INFO - [2023-05-19 15:26:31,264] {dag.py:2927} INFO - Setting next_dagrun for example_skip_dag to 2023-05-18T18:26:31.263982+00:00, run_after=2023-05-19T18:26:31.263982+00:00
[2023-05-19 15:26:31,283] {processor.py:161} INFO - Processing /Users/marianaoliveira/Downloads/alura1/venv/lib/python3.10/site-packages/airflow/example_dags/example_skip_dag.py took 0.192 seconds
[2023-05-19 15:27:48,581] {processor.py:153} INFO - Started process (PID=3389) to work on /Users/marianaoliveira/Downloads/alura1/venv/lib/python3.10/site-packages/airflow/example_dags/example_skip_dag.py
[2023-05-19 15:27:48,582] {processor.py:641} INFO - Processing file /Users/marianaoliveira/Downloads/alura1/venv/lib/python3.10/site-packages/airflow/example_dags/example_skip_dag.py for tasks to queue
[2023-05-19 15:27:48,582] {logging_mixin.py:115} INFO - [2023-05-19 15:27:48,582] {dagbag.py:507} INFO - Filling up the DagBag from /Users/marianaoliveira/Downloads/alura1/venv/lib/python3.10/site-packages/airflow/example_dags/example_skip_dag.py
[2023-05-19 15:27:48,599] {processor.py:651} INFO - DAG(s) dict_keys(['example_skip_dag']) retrieved from /Users/marianaoliveira/Downloads/alura1/venv/lib/python3.10/site-packages/airflow/example_dags/example_skip_dag.py
[2023-05-19 15:27:48,706] {logging_mixin.py:115} INFO - [2023-05-19 15:27:48,706] {dag.py:2379} INFO - Sync 1 DAGs
[2023-05-19 15:27:48,723] {logging_mixin.py:115} INFO - [2023-05-19 15:27:48,723] {dag.py:2927} INFO - Setting next_dagrun for example_skip_dag to 2023-05-18T18:27:48.723668+00:00, run_after=2023-05-19T18:27:48.723668+00:00
[2023-05-19 15:27:48,800] {processor.py:161} INFO - Processing /Users/marianaoliveira/Downloads/alura1/venv/lib/python3.10/site-packages/airflow/example_dags/example_skip_dag.py took 0.220 seconds
[2023-05-19 15:30:02,399] {processor.py:153} INFO - Started process (PID=3473) to work on /Users/marianaoliveira/Downloads/alura1/venv/lib/python3.10/site-packages/airflow/example_dags/example_skip_dag.py
[2023-05-19 15:30:02,400] {processor.py:641} INFO - Processing file /Users/marianaoliveira/Downloads/alura1/venv/lib/python3.10/site-packages/airflow/example_dags/example_skip_dag.py for tasks to queue
[2023-05-19 15:30:02,400] {logging_mixin.py:115} INFO - [2023-05-19 15:30:02,400] {dagbag.py:507} INFO - Filling up the DagBag from /Users/marianaoliveira/Downloads/alura1/venv/lib/python3.10/site-packages/airflow/example_dags/example_skip_dag.py
[2023-05-19 15:30:02,420] {processor.py:651} INFO - DAG(s) dict_keys(['example_skip_dag']) retrieved from /Users/marianaoliveira/Downloads/alura1/venv/lib/python3.10/site-packages/airflow/example_dags/example_skip_dag.py
[2023-05-19 15:30:02,516] {logging_mixin.py:115} INFO - [2023-05-19 15:30:02,516] {dag.py:2379} INFO - Sync 1 DAGs
[2023-05-19 15:30:02,539] {logging_mixin.py:115} INFO - [2023-05-19 15:30:02,538] {dag.py:2927} INFO - Setting next_dagrun for example_skip_dag to 2023-05-18T18:30:02.538827+00:00, run_after=2023-05-19T18:30:02.538827+00:00
[2023-05-19 15:30:02,558] {processor.py:161} INFO - Processing /Users/marianaoliveira/Downloads/alura1/venv/lib/python3.10/site-packages/airflow/example_dags/example_skip_dag.py took 0.162 seconds
[2023-05-19 16:29:24,954] {processor.py:153} INFO - Started process (PID=6067) to work on /Users/marianaoliveira/Downloads/alura1/venv/lib/python3.10/site-packages/airflow/example_dags/example_skip_dag.py
[2023-05-19 16:29:24,956] {processor.py:641} INFO - Processing file /Users/marianaoliveira/Downloads/alura1/venv/lib/python3.10/site-packages/airflow/example_dags/example_skip_dag.py for tasks to queue
[2023-05-19 16:29:24,957] {logging_mixin.py:115} INFO - [2023-05-19 16:29:24,957] {dagbag.py:507} INFO - Filling up the DagBag from /Users/marianaoliveira/Downloads/alura1/venv/lib/python3.10/site-packages/airflow/example_dags/example_skip_dag.py
[2023-05-19 16:29:24,985] {processor.py:651} INFO - DAG(s) dict_keys(['example_skip_dag']) retrieved from /Users/marianaoliveira/Downloads/alura1/venv/lib/python3.10/site-packages/airflow/example_dags/example_skip_dag.py
[2023-05-19 16:29:25,100] {logging_mixin.py:115} INFO - [2023-05-19 16:29:25,099] {dag.py:2379} INFO - Sync 1 DAGs
[2023-05-19 16:29:25,127] {logging_mixin.py:115} INFO - [2023-05-19 16:29:25,127] {dag.py:2927} INFO - Setting next_dagrun for example_skip_dag to 2023-05-18T19:29:25.127457+00:00, run_after=2023-05-19T19:29:25.127457+00:00
[2023-05-19 16:29:25,142] {processor.py:161} INFO - Processing /Users/marianaoliveira/Downloads/alura1/venv/lib/python3.10/site-packages/airflow/example_dags/example_skip_dag.py took 0.190 seconds
[2023-05-19 16:31:48,071] {processor.py:153} INFO - Started process (PID=6134) to work on /Users/marianaoliveira/Downloads/alura1/venv/lib/python3.10/site-packages/airflow/example_dags/example_skip_dag.py
[2023-05-19 16:31:48,082] {processor.py:641} INFO - Processing file /Users/marianaoliveira/Downloads/alura1/venv/lib/python3.10/site-packages/airflow/example_dags/example_skip_dag.py for tasks to queue
[2023-05-19 16:31:48,088] {logging_mixin.py:115} INFO - [2023-05-19 16:31:48,088] {dagbag.py:507} INFO - Filling up the DagBag from /Users/marianaoliveira/Downloads/alura1/venv/lib/python3.10/site-packages/airflow/example_dags/example_skip_dag.py
[2023-05-19 16:31:48,134] {processor.py:651} INFO - DAG(s) dict_keys(['example_skip_dag']) retrieved from /Users/marianaoliveira/Downloads/alura1/venv/lib/python3.10/site-packages/airflow/example_dags/example_skip_dag.py
[2023-05-19 16:31:48,331] {logging_mixin.py:115} INFO - [2023-05-19 16:31:48,331] {dag.py:2379} INFO - Sync 1 DAGs
[2023-05-19 16:31:48,385] {logging_mixin.py:115} INFO - [2023-05-19 16:31:48,385] {dag.py:2927} INFO - Setting next_dagrun for example_skip_dag to 2023-05-18T19:31:48.385282+00:00, run_after=2023-05-19T19:31:48.385282+00:00
[2023-05-19 16:31:48,419] {processor.py:161} INFO - Processing /Users/marianaoliveira/Downloads/alura1/venv/lib/python3.10/site-packages/airflow/example_dags/example_skip_dag.py took 0.353 seconds
[2023-05-19 16:33:48,299] {processor.py:153} INFO - Started process (PID=6220) to work on /Users/marianaoliveira/Downloads/alura1/venv/lib/python3.10/site-packages/airflow/example_dags/example_skip_dag.py
[2023-05-19 16:33:48,300] {processor.py:641} INFO - Processing file /Users/marianaoliveira/Downloads/alura1/venv/lib/python3.10/site-packages/airflow/example_dags/example_skip_dag.py for tasks to queue
[2023-05-19 16:33:48,301] {logging_mixin.py:115} INFO - [2023-05-19 16:33:48,301] {dagbag.py:507} INFO - Filling up the DagBag from /Users/marianaoliveira/Downloads/alura1/venv/lib/python3.10/site-packages/airflow/example_dags/example_skip_dag.py
[2023-05-19 16:33:48,330] {processor.py:651} INFO - DAG(s) dict_keys(['example_skip_dag']) retrieved from /Users/marianaoliveira/Downloads/alura1/venv/lib/python3.10/site-packages/airflow/example_dags/example_skip_dag.py
[2023-05-19 16:33:48,467] {logging_mixin.py:115} INFO - [2023-05-19 16:33:48,465] {dag.py:2379} INFO - Sync 1 DAGs
[2023-05-19 16:33:48,493] {logging_mixin.py:115} INFO - [2023-05-19 16:33:48,493] {dag.py:2927} INFO - Setting next_dagrun for example_skip_dag to 2023-05-18T19:33:48.493632+00:00, run_after=2023-05-19T19:33:48.493632+00:00
[2023-05-19 16:33:48,511] {processor.py:161} INFO - Processing /Users/marianaoliveira/Downloads/alura1/venv/lib/python3.10/site-packages/airflow/example_dags/example_skip_dag.py took 0.227 seconds
[2023-05-19 16:36:30,920] {processor.py:153} INFO - Started process (PID=6304) to work on /Users/marianaoliveira/Downloads/alura1/venv/lib/python3.10/site-packages/airflow/example_dags/example_skip_dag.py
[2023-05-19 16:36:30,921] {processor.py:641} INFO - Processing file /Users/marianaoliveira/Downloads/alura1/venv/lib/python3.10/site-packages/airflow/example_dags/example_skip_dag.py for tasks to queue
[2023-05-19 16:36:30,921] {logging_mixin.py:115} INFO - [2023-05-19 16:36:30,921] {dagbag.py:507} INFO - Filling up the DagBag from /Users/marianaoliveira/Downloads/alura1/venv/lib/python3.10/site-packages/airflow/example_dags/example_skip_dag.py
[2023-05-19 16:36:30,947] {processor.py:651} INFO - DAG(s) dict_keys(['example_skip_dag']) retrieved from /Users/marianaoliveira/Downloads/alura1/venv/lib/python3.10/site-packages/airflow/example_dags/example_skip_dag.py
[2023-05-19 16:36:31,063] {logging_mixin.py:115} INFO - [2023-05-19 16:36:31,062] {dag.py:2379} INFO - Sync 1 DAGs
[2023-05-19 16:36:31,089] {logging_mixin.py:115} INFO - [2023-05-19 16:36:31,088] {dag.py:2927} INFO - Setting next_dagrun for example_skip_dag to 2023-05-18T19:36:31.088738+00:00, run_after=2023-05-19T19:36:31.088738+00:00
[2023-05-19 16:36:31,106] {processor.py:161} INFO - Processing /Users/marianaoliveira/Downloads/alura1/venv/lib/python3.10/site-packages/airflow/example_dags/example_skip_dag.py took 0.188 seconds
[2023-05-19 16:39:51,987] {processor.py:153} INFO - Started process (PID=6477) to work on /Users/marianaoliveira/Downloads/alura1/venv/lib/python3.10/site-packages/airflow/example_dags/example_skip_dag.py
[2023-05-19 16:39:51,988] {processor.py:641} INFO - Processing file /Users/marianaoliveira/Downloads/alura1/venv/lib/python3.10/site-packages/airflow/example_dags/example_skip_dag.py for tasks to queue
[2023-05-19 16:39:51,989] {logging_mixin.py:115} INFO - [2023-05-19 16:39:51,989] {dagbag.py:507} INFO - Filling up the DagBag from /Users/marianaoliveira/Downloads/alura1/venv/lib/python3.10/site-packages/airflow/example_dags/example_skip_dag.py
[2023-05-19 16:39:52,019] {processor.py:651} INFO - DAG(s) dict_keys(['example_skip_dag']) retrieved from /Users/marianaoliveira/Downloads/alura1/venv/lib/python3.10/site-packages/airflow/example_dags/example_skip_dag.py
[2023-05-19 16:39:52,187] {logging_mixin.py:115} INFO - [2023-05-19 16:39:52,186] {dag.py:2379} INFO - Sync 1 DAGs
[2023-05-19 16:39:52,209] {logging_mixin.py:115} INFO - [2023-05-19 16:39:52,209] {dag.py:2927} INFO - Setting next_dagrun for example_skip_dag to 2023-05-18T19:39:52.209708+00:00, run_after=2023-05-19T19:39:52.209708+00:00
[2023-05-19 16:39:52,226] {processor.py:161} INFO - Processing /Users/marianaoliveira/Downloads/alura1/venv/lib/python3.10/site-packages/airflow/example_dags/example_skip_dag.py took 0.240 seconds
[2023-05-19 16:51:32,084] {processor.py:153} INFO - Started process (PID=6720) to work on /Users/marianaoliveira/Downloads/alura1/venv/lib/python3.10/site-packages/airflow/example_dags/example_skip_dag.py
[2023-05-19 16:51:32,086] {processor.py:641} INFO - Processing file /Users/marianaoliveira/Downloads/alura1/venv/lib/python3.10/site-packages/airflow/example_dags/example_skip_dag.py for tasks to queue
[2023-05-19 16:51:32,086] {logging_mixin.py:115} INFO - [2023-05-19 16:51:32,086] {dagbag.py:507} INFO - Filling up the DagBag from /Users/marianaoliveira/Downloads/alura1/venv/lib/python3.10/site-packages/airflow/example_dags/example_skip_dag.py
[2023-05-19 16:51:32,115] {processor.py:651} INFO - DAG(s) dict_keys(['example_skip_dag']) retrieved from /Users/marianaoliveira/Downloads/alura1/venv/lib/python3.10/site-packages/airflow/example_dags/example_skip_dag.py
[2023-05-19 16:51:32,226] {logging_mixin.py:115} INFO - [2023-05-19 16:51:32,225] {dag.py:2379} INFO - Sync 1 DAGs
[2023-05-19 16:51:32,267] {logging_mixin.py:115} INFO - [2023-05-19 16:51:32,266] {dag.py:2927} INFO - Setting next_dagrun for example_skip_dag to 2023-05-18T19:51:32.266613+00:00, run_after=2023-05-19T19:51:32.266613+00:00
[2023-05-19 16:51:32,284] {processor.py:161} INFO - Processing /Users/marianaoliveira/Downloads/alura1/venv/lib/python3.10/site-packages/airflow/example_dags/example_skip_dag.py took 0.201 seconds
[2023-05-19 16:55:16,889] {processor.py:153} INFO - Started process (PID=6951) to work on /Users/marianaoliveira/Downloads/alura1/venv/lib/python3.10/site-packages/airflow/example_dags/example_skip_dag.py
[2023-05-19 16:55:16,890] {processor.py:641} INFO - Processing file /Users/marianaoliveira/Downloads/alura1/venv/lib/python3.10/site-packages/airflow/example_dags/example_skip_dag.py for tasks to queue
[2023-05-19 16:55:16,891] {logging_mixin.py:115} INFO - [2023-05-19 16:55:16,891] {dagbag.py:507} INFO - Filling up the DagBag from /Users/marianaoliveira/Downloads/alura1/venv/lib/python3.10/site-packages/airflow/example_dags/example_skip_dag.py
[2023-05-19 16:55:16,918] {processor.py:651} INFO - DAG(s) dict_keys(['example_skip_dag']) retrieved from /Users/marianaoliveira/Downloads/alura1/venv/lib/python3.10/site-packages/airflow/example_dags/example_skip_dag.py
[2023-05-19 16:55:17,072] {logging_mixin.py:115} INFO - [2023-05-19 16:55:17,072] {dag.py:2379} INFO - Sync 1 DAGs
[2023-05-19 16:55:17,106] {logging_mixin.py:115} INFO - [2023-05-19 16:55:17,106] {dag.py:2927} INFO - Setting next_dagrun for example_skip_dag to 2023-05-18T19:55:17.106277+00:00, run_after=2023-05-19T19:55:17.106277+00:00
[2023-05-19 16:55:17,126] {processor.py:161} INFO - Processing /Users/marianaoliveira/Downloads/alura1/venv/lib/python3.10/site-packages/airflow/example_dags/example_skip_dag.py took 0.239 seconds
[2023-05-19 16:56:55,921] {processor.py:153} INFO - Started process (PID=7023) to work on /Users/marianaoliveira/Downloads/alura1/venv/lib/python3.10/site-packages/airflow/example_dags/example_skip_dag.py
[2023-05-19 16:56:55,921] {processor.py:641} INFO - Processing file /Users/marianaoliveira/Downloads/alura1/venv/lib/python3.10/site-packages/airflow/example_dags/example_skip_dag.py for tasks to queue
[2023-05-19 16:56:55,921] {logging_mixin.py:115} INFO - [2023-05-19 16:56:55,921] {dagbag.py:507} INFO - Filling up the DagBag from /Users/marianaoliveira/Downloads/alura1/venv/lib/python3.10/site-packages/airflow/example_dags/example_skip_dag.py
[2023-05-19 16:56:55,949] {processor.py:651} INFO - DAG(s) dict_keys(['example_skip_dag']) retrieved from /Users/marianaoliveira/Downloads/alura1/venv/lib/python3.10/site-packages/airflow/example_dags/example_skip_dag.py
[2023-05-19 16:56:56,091] {logging_mixin.py:115} INFO - [2023-05-19 16:56:56,091] {dag.py:2379} INFO - Sync 1 DAGs
[2023-05-19 16:56:56,123] {logging_mixin.py:115} INFO - [2023-05-19 16:56:56,123] {dag.py:2927} INFO - Setting next_dagrun for example_skip_dag to 2023-05-18T19:56:56.122972+00:00, run_after=2023-05-19T19:56:56.122972+00:00
[2023-05-19 16:56:56,155] {processor.py:161} INFO - Processing /Users/marianaoliveira/Downloads/alura1/venv/lib/python3.10/site-packages/airflow/example_dags/example_skip_dag.py took 0.235 seconds
[2023-05-19 16:59:59,185] {processor.py:153} INFO - Started process (PID=7101) to work on /Users/marianaoliveira/Downloads/alura1/venv/lib/python3.10/site-packages/airflow/example_dags/example_skip_dag.py
[2023-05-19 16:59:59,191] {processor.py:641} INFO - Processing file /Users/marianaoliveira/Downloads/alura1/venv/lib/python3.10/site-packages/airflow/example_dags/example_skip_dag.py for tasks to queue
[2023-05-19 16:59:59,192] {logging_mixin.py:115} INFO - [2023-05-19 16:59:59,192] {dagbag.py:507} INFO - Filling up the DagBag from /Users/marianaoliveira/Downloads/alura1/venv/lib/python3.10/site-packages/airflow/example_dags/example_skip_dag.py
[2023-05-19 16:59:59,249] {processor.py:651} INFO - DAG(s) dict_keys(['example_skip_dag']) retrieved from /Users/marianaoliveira/Downloads/alura1/venv/lib/python3.10/site-packages/airflow/example_dags/example_skip_dag.py
[2023-05-19 16:59:59,394] {logging_mixin.py:115} INFO - [2023-05-19 16:59:59,394] {dag.py:2379} INFO - Sync 1 DAGs
[2023-05-19 16:59:59,417] {logging_mixin.py:115} INFO - [2023-05-19 16:59:59,417] {dag.py:2927} INFO - Setting next_dagrun for example_skip_dag to 2023-05-18T19:59:59.417488+00:00, run_after=2023-05-19T19:59:59.417488+00:00
[2023-05-19 16:59:59,444] {processor.py:161} INFO - Processing /Users/marianaoliveira/Downloads/alura1/venv/lib/python3.10/site-packages/airflow/example_dags/example_skip_dag.py took 0.260 seconds
[2023-05-19 17:01:33,433] {processor.py:153} INFO - Started process (PID=7156) to work on /Users/marianaoliveira/Downloads/alura1/venv/lib/python3.10/site-packages/airflow/example_dags/example_skip_dag.py
[2023-05-19 17:01:33,439] {processor.py:641} INFO - Processing file /Users/marianaoliveira/Downloads/alura1/venv/lib/python3.10/site-packages/airflow/example_dags/example_skip_dag.py for tasks to queue
[2023-05-19 17:01:33,439] {logging_mixin.py:115} INFO - [2023-05-19 17:01:33,439] {dagbag.py:507} INFO - Filling up the DagBag from /Users/marianaoliveira/Downloads/alura1/venv/lib/python3.10/site-packages/airflow/example_dags/example_skip_dag.py
[2023-05-19 17:01:33,478] {processor.py:651} INFO - DAG(s) dict_keys(['example_skip_dag']) retrieved from /Users/marianaoliveira/Downloads/alura1/venv/lib/python3.10/site-packages/airflow/example_dags/example_skip_dag.py
[2023-05-19 17:01:33,668] {logging_mixin.py:115} INFO - [2023-05-19 17:01:33,668] {dag.py:2379} INFO - Sync 1 DAGs
[2023-05-19 17:01:33,698] {logging_mixin.py:115} INFO - [2023-05-19 17:01:33,697] {dag.py:2927} INFO - Setting next_dagrun for example_skip_dag to 2023-05-18T20:01:33.697729+00:00, run_after=2023-05-19T20:01:33.697729+00:00
[2023-05-19 17:01:33,727] {processor.py:161} INFO - Processing /Users/marianaoliveira/Downloads/alura1/venv/lib/python3.10/site-packages/airflow/example_dags/example_skip_dag.py took 0.296 seconds
[2023-05-19 17:30:40,497] {processor.py:153} INFO - Started process (PID=7750) to work on /Users/marianaoliveira/Downloads/alura1/venv/lib/python3.10/site-packages/airflow/example_dags/example_skip_dag.py
[2023-05-19 17:30:40,499] {processor.py:641} INFO - Processing file /Users/marianaoliveira/Downloads/alura1/venv/lib/python3.10/site-packages/airflow/example_dags/example_skip_dag.py for tasks to queue
[2023-05-19 17:30:40,505] {logging_mixin.py:115} INFO - [2023-05-19 17:30:40,505] {dagbag.py:507} INFO - Filling up the DagBag from /Users/marianaoliveira/Downloads/alura1/venv/lib/python3.10/site-packages/airflow/example_dags/example_skip_dag.py
[2023-05-19 17:30:40,531] {processor.py:651} INFO - DAG(s) dict_keys(['example_skip_dag']) retrieved from /Users/marianaoliveira/Downloads/alura1/venv/lib/python3.10/site-packages/airflow/example_dags/example_skip_dag.py
[2023-05-19 17:30:40,646] {logging_mixin.py:115} INFO - [2023-05-19 17:30:40,646] {dag.py:2379} INFO - Sync 1 DAGs
[2023-05-19 17:30:40,669] {logging_mixin.py:115} INFO - [2023-05-19 17:30:40,669] {dag.py:2927} INFO - Setting next_dagrun for example_skip_dag to 2023-05-18T20:30:40.668786+00:00, run_after=2023-05-19T20:30:40.668786+00:00
[2023-05-19 17:30:40,691] {processor.py:161} INFO - Processing /Users/marianaoliveira/Downloads/alura1/venv/lib/python3.10/site-packages/airflow/example_dags/example_skip_dag.py took 0.196 seconds
[2023-05-19 17:33:26,409] {processor.py:153} INFO - Started process (PID=7812) to work on /Users/marianaoliveira/Downloads/alura1/venv/lib/python3.10/site-packages/airflow/example_dags/example_skip_dag.py
[2023-05-19 17:33:26,410] {processor.py:641} INFO - Processing file /Users/marianaoliveira/Downloads/alura1/venv/lib/python3.10/site-packages/airflow/example_dags/example_skip_dag.py for tasks to queue
[2023-05-19 17:33:26,411] {logging_mixin.py:115} INFO - [2023-05-19 17:33:26,411] {dagbag.py:507} INFO - Filling up the DagBag from /Users/marianaoliveira/Downloads/alura1/venv/lib/python3.10/site-packages/airflow/example_dags/example_skip_dag.py
[2023-05-19 17:33:26,449] {processor.py:651} INFO - DAG(s) dict_keys(['example_skip_dag']) retrieved from /Users/marianaoliveira/Downloads/alura1/venv/lib/python3.10/site-packages/airflow/example_dags/example_skip_dag.py
[2023-05-19 17:33:26,789] {logging_mixin.py:115} INFO - [2023-05-19 17:33:26,789] {dag.py:2379} INFO - Sync 1 DAGs
[2023-05-19 17:33:26,843] {logging_mixin.py:115} INFO - [2023-05-19 17:33:26,843] {dag.py:2927} INFO - Setting next_dagrun for example_skip_dag to 2023-05-18T20:33:26.843512+00:00, run_after=2023-05-19T20:33:26.843512+00:00
[2023-05-19 17:33:26,900] {processor.py:161} INFO - Processing /Users/marianaoliveira/Downloads/alura1/venv/lib/python3.10/site-packages/airflow/example_dags/example_skip_dag.py took 0.492 seconds
[2023-05-19 17:35:56,035] {processor.py:153} INFO - Started process (PID=7870) to work on /Users/marianaoliveira/Downloads/alura1/venv/lib/python3.10/site-packages/airflow/example_dags/example_skip_dag.py
[2023-05-19 17:35:56,037] {processor.py:641} INFO - Processing file /Users/marianaoliveira/Downloads/alura1/venv/lib/python3.10/site-packages/airflow/example_dags/example_skip_dag.py for tasks to queue
[2023-05-19 17:35:56,038] {logging_mixin.py:115} INFO - [2023-05-19 17:35:56,038] {dagbag.py:507} INFO - Filling up the DagBag from /Users/marianaoliveira/Downloads/alura1/venv/lib/python3.10/site-packages/airflow/example_dags/example_skip_dag.py
[2023-05-19 17:35:56,080] {processor.py:651} INFO - DAG(s) dict_keys(['example_skip_dag']) retrieved from /Users/marianaoliveira/Downloads/alura1/venv/lib/python3.10/site-packages/airflow/example_dags/example_skip_dag.py
[2023-05-19 17:35:56,496] {logging_mixin.py:115} INFO - [2023-05-19 17:35:56,496] {dag.py:2379} INFO - Sync 1 DAGs
[2023-05-19 17:35:56,637] {logging_mixin.py:115} INFO - [2023-05-19 17:35:56,636] {dag.py:2927} INFO - Setting next_dagrun for example_skip_dag to 2023-05-18T20:35:56.636304+00:00, run_after=2023-05-19T20:35:56.636304+00:00
[2023-05-19 17:35:56,682] {processor.py:161} INFO - Processing /Users/marianaoliveira/Downloads/alura1/venv/lib/python3.10/site-packages/airflow/example_dags/example_skip_dag.py took 0.648 seconds
[2023-05-19 17:37:54,872] {processor.py:153} INFO - Started process (PID=7923) to work on /Users/marianaoliveira/Downloads/alura1/venv/lib/python3.10/site-packages/airflow/example_dags/example_skip_dag.py
[2023-05-19 17:37:54,873] {processor.py:641} INFO - Processing file /Users/marianaoliveira/Downloads/alura1/venv/lib/python3.10/site-packages/airflow/example_dags/example_skip_dag.py for tasks to queue
[2023-05-19 17:37:54,874] {logging_mixin.py:115} INFO - [2023-05-19 17:37:54,874] {dagbag.py:507} INFO - Filling up the DagBag from /Users/marianaoliveira/Downloads/alura1/venv/lib/python3.10/site-packages/airflow/example_dags/example_skip_dag.py
[2023-05-19 17:37:54,899] {processor.py:651} INFO - DAG(s) dict_keys(['example_skip_dag']) retrieved from /Users/marianaoliveira/Downloads/alura1/venv/lib/python3.10/site-packages/airflow/example_dags/example_skip_dag.py
[2023-05-19 17:37:55,027] {logging_mixin.py:115} INFO - [2023-05-19 17:37:55,027] {dag.py:2379} INFO - Sync 1 DAGs
[2023-05-19 17:37:55,054] {logging_mixin.py:115} INFO - [2023-05-19 17:37:55,054] {dag.py:2927} INFO - Setting next_dagrun for example_skip_dag to 2023-05-18T20:37:55.054292+00:00, run_after=2023-05-19T20:37:55.054292+00:00
[2023-05-19 17:37:55,082] {processor.py:161} INFO - Processing /Users/marianaoliveira/Downloads/alura1/venv/lib/python3.10/site-packages/airflow/example_dags/example_skip_dag.py took 0.212 seconds
[2023-05-19 17:45:06,228] {processor.py:153} INFO - Started process (PID=8102) to work on /Users/marianaoliveira/Downloads/alura1/venv/lib/python3.10/site-packages/airflow/example_dags/example_skip_dag.py
[2023-05-19 17:45:06,230] {processor.py:641} INFO - Processing file /Users/marianaoliveira/Downloads/alura1/venv/lib/python3.10/site-packages/airflow/example_dags/example_skip_dag.py for tasks to queue
[2023-05-19 17:45:06,230] {logging_mixin.py:115} INFO - [2023-05-19 17:45:06,230] {dagbag.py:507} INFO - Filling up the DagBag from /Users/marianaoliveira/Downloads/alura1/venv/lib/python3.10/site-packages/airflow/example_dags/example_skip_dag.py
[2023-05-19 17:45:06,331] {processor.py:651} INFO - DAG(s) dict_keys(['example_skip_dag']) retrieved from /Users/marianaoliveira/Downloads/alura1/venv/lib/python3.10/site-packages/airflow/example_dags/example_skip_dag.py
[2023-05-19 17:45:06,681] {logging_mixin.py:115} INFO - [2023-05-19 17:45:06,681] {dag.py:2379} INFO - Sync 1 DAGs
[2023-05-19 17:45:06,733] {logging_mixin.py:115} INFO - [2023-05-19 17:45:06,733] {dag.py:2927} INFO - Setting next_dagrun for example_skip_dag to 2023-05-18T20:45:06.732959+00:00, run_after=2023-05-19T20:45:06.732959+00:00
[2023-05-19 17:45:06,772] {processor.py:161} INFO - Processing /Users/marianaoliveira/Downloads/alura1/venv/lib/python3.10/site-packages/airflow/example_dags/example_skip_dag.py took 0.555 seconds
[2023-05-19 17:47:36,883] {processor.py:153} INFO - Started process (PID=8165) to work on /Users/marianaoliveira/Downloads/alura1/venv/lib/python3.10/site-packages/airflow/example_dags/example_skip_dag.py
[2023-05-19 17:47:36,885] {processor.py:641} INFO - Processing file /Users/marianaoliveira/Downloads/alura1/venv/lib/python3.10/site-packages/airflow/example_dags/example_skip_dag.py for tasks to queue
[2023-05-19 17:47:36,886] {logging_mixin.py:115} INFO - [2023-05-19 17:47:36,886] {dagbag.py:507} INFO - Filling up the DagBag from /Users/marianaoliveira/Downloads/alura1/venv/lib/python3.10/site-packages/airflow/example_dags/example_skip_dag.py
[2023-05-19 17:47:36,908] {processor.py:651} INFO - DAG(s) dict_keys(['example_skip_dag']) retrieved from /Users/marianaoliveira/Downloads/alura1/venv/lib/python3.10/site-packages/airflow/example_dags/example_skip_dag.py
[2023-05-19 17:47:37,022] {logging_mixin.py:115} INFO - [2023-05-19 17:47:37,022] {dag.py:2379} INFO - Sync 1 DAGs
[2023-05-19 17:47:37,047] {logging_mixin.py:115} INFO - [2023-05-19 17:47:37,046] {dag.py:2927} INFO - Setting next_dagrun for example_skip_dag to 2023-05-18T20:47:37.046610+00:00, run_after=2023-05-19T20:47:37.046610+00:00
[2023-05-19 17:47:37,063] {processor.py:161} INFO - Processing /Users/marianaoliveira/Downloads/alura1/venv/lib/python3.10/site-packages/airflow/example_dags/example_skip_dag.py took 0.181 seconds
[2023-05-19 17:49:04,052] {processor.py:153} INFO - Started process (PID=8203) to work on /Users/marianaoliveira/Downloads/alura1/venv/lib/python3.10/site-packages/airflow/example_dags/example_skip_dag.py
[2023-05-19 17:49:04,054] {processor.py:641} INFO - Processing file /Users/marianaoliveira/Downloads/alura1/venv/lib/python3.10/site-packages/airflow/example_dags/example_skip_dag.py for tasks to queue
[2023-05-19 17:49:04,054] {logging_mixin.py:115} INFO - [2023-05-19 17:49:04,054] {dagbag.py:507} INFO - Filling up the DagBag from /Users/marianaoliveira/Downloads/alura1/venv/lib/python3.10/site-packages/airflow/example_dags/example_skip_dag.py
[2023-05-19 17:49:04,076] {processor.py:651} INFO - DAG(s) dict_keys(['example_skip_dag']) retrieved from /Users/marianaoliveira/Downloads/alura1/venv/lib/python3.10/site-packages/airflow/example_dags/example_skip_dag.py
[2023-05-19 17:49:04,193] {logging_mixin.py:115} INFO - [2023-05-19 17:49:04,193] {dag.py:2379} INFO - Sync 1 DAGs
[2023-05-19 17:49:04,213] {logging_mixin.py:115} INFO - [2023-05-19 17:49:04,212] {dag.py:2927} INFO - Setting next_dagrun for example_skip_dag to 2023-05-18T20:49:04.212650+00:00, run_after=2023-05-19T20:49:04.212650+00:00
[2023-05-19 17:49:04,231] {processor.py:161} INFO - Processing /Users/marianaoliveira/Downloads/alura1/venv/lib/python3.10/site-packages/airflow/example_dags/example_skip_dag.py took 0.180 seconds
[2023-05-19 17:50:47,330] {processor.py:153} INFO - Started process (PID=8249) to work on /Users/marianaoliveira/Downloads/alura1/venv/lib/python3.10/site-packages/airflow/example_dags/example_skip_dag.py
[2023-05-19 17:50:47,332] {processor.py:641} INFO - Processing file /Users/marianaoliveira/Downloads/alura1/venv/lib/python3.10/site-packages/airflow/example_dags/example_skip_dag.py for tasks to queue
[2023-05-19 17:50:47,335] {logging_mixin.py:115} INFO - [2023-05-19 17:50:47,335] {dagbag.py:507} INFO - Filling up the DagBag from /Users/marianaoliveira/Downloads/alura1/venv/lib/python3.10/site-packages/airflow/example_dags/example_skip_dag.py
[2023-05-19 17:50:47,401] {processor.py:651} INFO - DAG(s) dict_keys(['example_skip_dag']) retrieved from /Users/marianaoliveira/Downloads/alura1/venv/lib/python3.10/site-packages/airflow/example_dags/example_skip_dag.py
[2023-05-19 17:50:47,588] {logging_mixin.py:115} INFO - [2023-05-19 17:50:47,588] {dag.py:2379} INFO - Sync 1 DAGs
[2023-05-19 17:50:47,643] {logging_mixin.py:115} INFO - [2023-05-19 17:50:47,643] {dag.py:2927} INFO - Setting next_dagrun for example_skip_dag to 2023-05-18T20:50:47.642679+00:00, run_after=2023-05-19T20:50:47.642679+00:00
[2023-05-19 17:50:47,678] {processor.py:161} INFO - Processing /Users/marianaoliveira/Downloads/alura1/venv/lib/python3.10/site-packages/airflow/example_dags/example_skip_dag.py took 0.350 seconds
[2023-05-19 17:54:20,765] {processor.py:153} INFO - Started process (PID=8433) to work on /Users/marianaoliveira/Downloads/alura1/venv/lib/python3.10/site-packages/airflow/example_dags/example_skip_dag.py
[2023-05-19 17:54:20,765] {processor.py:641} INFO - Processing file /Users/marianaoliveira/Downloads/alura1/venv/lib/python3.10/site-packages/airflow/example_dags/example_skip_dag.py for tasks to queue
[2023-05-19 17:54:20,766] {logging_mixin.py:115} INFO - [2023-05-19 17:54:20,766] {dagbag.py:507} INFO - Filling up the DagBag from /Users/marianaoliveira/Downloads/alura1/venv/lib/python3.10/site-packages/airflow/example_dags/example_skip_dag.py
[2023-05-19 17:54:20,805] {processor.py:651} INFO - DAG(s) dict_keys(['example_skip_dag']) retrieved from /Users/marianaoliveira/Downloads/alura1/venv/lib/python3.10/site-packages/airflow/example_dags/example_skip_dag.py
[2023-05-19 17:54:20,923] {logging_mixin.py:115} INFO - [2023-05-19 17:54:20,923] {dag.py:2379} INFO - Sync 1 DAGs
[2023-05-19 17:54:20,949] {logging_mixin.py:115} INFO - [2023-05-19 17:54:20,949] {dag.py:2927} INFO - Setting next_dagrun for example_skip_dag to 2023-05-18T20:54:20.949567+00:00, run_after=2023-05-19T20:54:20.949567+00:00
[2023-05-19 17:54:20,966] {processor.py:161} INFO - Processing /Users/marianaoliveira/Downloads/alura1/venv/lib/python3.10/site-packages/airflow/example_dags/example_skip_dag.py took 0.203 seconds
[2023-05-19 17:55:58,741] {processor.py:153} INFO - Started process (PID=8517) to work on /Users/marianaoliveira/Downloads/alura1/venv/lib/python3.10/site-packages/airflow/example_dags/example_skip_dag.py
[2023-05-19 17:55:58,742] {processor.py:641} INFO - Processing file /Users/marianaoliveira/Downloads/alura1/venv/lib/python3.10/site-packages/airflow/example_dags/example_skip_dag.py for tasks to queue
[2023-05-19 17:55:58,743] {logging_mixin.py:115} INFO - [2023-05-19 17:55:58,742] {dagbag.py:507} INFO - Filling up the DagBag from /Users/marianaoliveira/Downloads/alura1/venv/lib/python3.10/site-packages/airflow/example_dags/example_skip_dag.py
[2023-05-19 17:55:58,779] {processor.py:651} INFO - DAG(s) dict_keys(['example_skip_dag']) retrieved from /Users/marianaoliveira/Downloads/alura1/venv/lib/python3.10/site-packages/airflow/example_dags/example_skip_dag.py
[2023-05-19 17:55:59,325] {logging_mixin.py:115} INFO - [2023-05-19 17:55:59,324] {dag.py:2379} INFO - Sync 1 DAGs
[2023-05-19 17:55:59,392] {logging_mixin.py:115} INFO - [2023-05-19 17:55:59,392] {dag.py:2927} INFO - Setting next_dagrun for example_skip_dag to 2023-05-18T20:55:59.392332+00:00, run_after=2023-05-19T20:55:59.392332+00:00
[2023-05-19 17:55:59,409] {processor.py:161} INFO - Processing /Users/marianaoliveira/Downloads/alura1/venv/lib/python3.10/site-packages/airflow/example_dags/example_skip_dag.py took 0.670 seconds
[2023-05-19 17:59:07,729] {processor.py:153} INFO - Started process (PID=8635) to work on /Users/marianaoliveira/Downloads/alura1/venv/lib/python3.10/site-packages/airflow/example_dags/example_skip_dag.py
[2023-05-19 17:59:07,731] {processor.py:641} INFO - Processing file /Users/marianaoliveira/Downloads/alura1/venv/lib/python3.10/site-packages/airflow/example_dags/example_skip_dag.py for tasks to queue
[2023-05-19 17:59:07,732] {logging_mixin.py:115} INFO - [2023-05-19 17:59:07,732] {dagbag.py:507} INFO - Filling up the DagBag from /Users/marianaoliveira/Downloads/alura1/venv/lib/python3.10/site-packages/airflow/example_dags/example_skip_dag.py
[2023-05-19 17:59:07,757] {processor.py:651} INFO - DAG(s) dict_keys(['example_skip_dag']) retrieved from /Users/marianaoliveira/Downloads/alura1/venv/lib/python3.10/site-packages/airflow/example_dags/example_skip_dag.py
[2023-05-19 17:59:07,892] {logging_mixin.py:115} INFO - [2023-05-19 17:59:07,892] {dag.py:2379} INFO - Sync 1 DAGs
[2023-05-19 17:59:07,919] {logging_mixin.py:115} INFO - [2023-05-19 17:59:07,919] {dag.py:2927} INFO - Setting next_dagrun for example_skip_dag to 2023-05-18T20:59:07.918873+00:00, run_after=2023-05-19T20:59:07.918873+00:00
[2023-05-19 17:59:07,955] {processor.py:161} INFO - Processing /Users/marianaoliveira/Downloads/alura1/venv/lib/python3.10/site-packages/airflow/example_dags/example_skip_dag.py took 0.227 seconds
[2023-05-19 18:04:00,315] {processor.py:153} INFO - Started process (PID=8917) to work on /Users/marianaoliveira/Downloads/alura1/venv/lib/python3.10/site-packages/airflow/example_dags/example_skip_dag.py
[2023-05-19 18:04:00,321] {processor.py:641} INFO - Processing file /Users/marianaoliveira/Downloads/alura1/venv/lib/python3.10/site-packages/airflow/example_dags/example_skip_dag.py for tasks to queue
[2023-05-19 18:04:00,324] {logging_mixin.py:115} INFO - [2023-05-19 18:04:00,324] {dagbag.py:507} INFO - Filling up the DagBag from /Users/marianaoliveira/Downloads/alura1/venv/lib/python3.10/site-packages/airflow/example_dags/example_skip_dag.py
[2023-05-19 18:04:00,377] {processor.py:651} INFO - DAG(s) dict_keys(['example_skip_dag']) retrieved from /Users/marianaoliveira/Downloads/alura1/venv/lib/python3.10/site-packages/airflow/example_dags/example_skip_dag.py
[2023-05-19 18:04:00,626] {logging_mixin.py:115} INFO - [2023-05-19 18:04:00,626] {dag.py:2379} INFO - Sync 1 DAGs
[2023-05-19 18:04:00,666] {logging_mixin.py:115} INFO - [2023-05-19 18:04:00,666] {dag.py:2927} INFO - Setting next_dagrun for example_skip_dag to 2023-05-18T21:04:00.665961+00:00, run_after=2023-05-19T21:04:00.665961+00:00
[2023-05-19 18:04:00,696] {processor.py:161} INFO - Processing /Users/marianaoliveira/Downloads/alura1/venv/lib/python3.10/site-packages/airflow/example_dags/example_skip_dag.py took 0.384 seconds
[2023-05-19 18:14:52,517] {processor.py:153} INFO - Started process (PID=9190) to work on /Users/marianaoliveira/Downloads/alura1/venv/lib/python3.10/site-packages/airflow/example_dags/example_skip_dag.py
[2023-05-19 18:14:52,518] {processor.py:641} INFO - Processing file /Users/marianaoliveira/Downloads/alura1/venv/lib/python3.10/site-packages/airflow/example_dags/example_skip_dag.py for tasks to queue
[2023-05-19 18:14:52,519] {logging_mixin.py:115} INFO - [2023-05-19 18:14:52,519] {dagbag.py:507} INFO - Filling up the DagBag from /Users/marianaoliveira/Downloads/alura1/venv/lib/python3.10/site-packages/airflow/example_dags/example_skip_dag.py
[2023-05-19 18:14:52,572] {processor.py:651} INFO - DAG(s) dict_keys(['example_skip_dag']) retrieved from /Users/marianaoliveira/Downloads/alura1/venv/lib/python3.10/site-packages/airflow/example_dags/example_skip_dag.py
[2023-05-19 18:14:52,735] {logging_mixin.py:115} INFO - [2023-05-19 18:14:52,735] {dag.py:2379} INFO - Sync 1 DAGs
[2023-05-19 18:14:52,778] {logging_mixin.py:115} INFO - [2023-05-19 18:14:52,778] {dag.py:2927} INFO - Setting next_dagrun for example_skip_dag to 2023-05-18T21:14:52.777973+00:00, run_after=2023-05-19T21:14:52.777973+00:00
[2023-05-19 18:14:52,804] {processor.py:161} INFO - Processing /Users/marianaoliveira/Downloads/alura1/venv/lib/python3.10/site-packages/airflow/example_dags/example_skip_dag.py took 0.289 seconds
[2023-05-19 18:27:38,508] {processor.py:153} INFO - Started process (PID=9958) to work on /Users/marianaoliveira/Downloads/alura1/venv/lib/python3.10/site-packages/airflow/example_dags/example_skip_dag.py
[2023-05-19 18:27:38,509] {processor.py:641} INFO - Processing file /Users/marianaoliveira/Downloads/alura1/venv/lib/python3.10/site-packages/airflow/example_dags/example_skip_dag.py for tasks to queue
[2023-05-19 18:27:38,510] {logging_mixin.py:115} INFO - [2023-05-19 18:27:38,510] {dagbag.py:507} INFO - Filling up the DagBag from /Users/marianaoliveira/Downloads/alura1/venv/lib/python3.10/site-packages/airflow/example_dags/example_skip_dag.py
[2023-05-19 18:27:38,533] {processor.py:651} INFO - DAG(s) dict_keys(['example_skip_dag']) retrieved from /Users/marianaoliveira/Downloads/alura1/venv/lib/python3.10/site-packages/airflow/example_dags/example_skip_dag.py
[2023-05-19 18:27:38,653] {logging_mixin.py:115} INFO - [2023-05-19 18:27:38,653] {dag.py:2379} INFO - Sync 1 DAGs
[2023-05-19 18:27:38,678] {logging_mixin.py:115} INFO - [2023-05-19 18:27:38,678] {dag.py:2927} INFO - Setting next_dagrun for example_skip_dag to 2023-05-18T21:27:38.678535+00:00, run_after=2023-05-19T21:27:38.678535+00:00
[2023-05-19 18:27:38,696] {processor.py:161} INFO - Processing /Users/marianaoliveira/Downloads/alura1/venv/lib/python3.10/site-packages/airflow/example_dags/example_skip_dag.py took 0.190 seconds
