[2023-05-19 15:13:11,232] {processor.py:153} INFO - Started process (PID=2855) to work on /Users/marianaoliveira/Downloads/alura1/venv/lib/python3.10/site-packages/airflow/example_dags/example_branch_day_of_week_operator.py
[2023-05-19 15:13:11,232] {processor.py:641} INFO - Processing file /Users/marianaoliveira/Downloads/alura1/venv/lib/python3.10/site-packages/airflow/example_dags/example_branch_day_of_week_operator.py for tasks to queue
[2023-05-19 15:13:11,232] {logging_mixin.py:115} INFO - [2023-05-19 15:13:11,232] {dagbag.py:507} INFO - Filling up the DagBag from /Users/marianaoliveira/Downloads/alura1/venv/lib/python3.10/site-packages/airflow/example_dags/example_branch_day_of_week_operator.py
[2023-05-19 15:13:11,253] {processor.py:651} INFO - DAG(s) dict_keys(['example_weekday_branch_operator']) retrieved from /Users/marianaoliveira/Downloads/alura1/venv/lib/python3.10/site-packages/airflow/example_dags/example_branch_day_of_week_operator.py
[2023-05-19 15:13:12,235] {logging_mixin.py:115} INFO - [2023-05-19 15:13:12,235] {manager.py:508} INFO - Created Permission View: can edit on DAG:example_weekday_branch_operator
[2023-05-19 15:13:12,244] {logging_mixin.py:115} INFO - [2023-05-19 15:13:12,244] {manager.py:508} INFO - Created Permission View: can delete on DAG:example_weekday_branch_operator
[2023-05-19 15:13:12,252] {logging_mixin.py:115} INFO - [2023-05-19 15:13:12,252] {manager.py:508} INFO - Created Permission View: can read on DAG:example_weekday_branch_operator
[2023-05-19 15:13:12,252] {logging_mixin.py:115} INFO - [2023-05-19 15:13:12,252] {dag.py:2379} INFO - Sync 1 DAGs
[2023-05-19 15:13:12,261] {logging_mixin.py:115} INFO - [2023-05-19 15:13:12,261] {dag.py:2398} INFO - Creating ORM DAG for example_weekday_branch_operator
[2023-05-19 15:13:12,279] {logging_mixin.py:115} INFO - [2023-05-19 15:13:12,279] {dag.py:2927} INFO - Setting next_dagrun for example_weekday_branch_operator to 2023-05-18T00:00:00+00:00, run_after=2023-05-19T00:00:00+00:00
[2023-05-19 15:13:12,293] {processor.py:161} INFO - Processing /Users/marianaoliveira/Downloads/alura1/venv/lib/python3.10/site-packages/airflow/example_dags/example_branch_day_of_week_operator.py took 1.062 seconds
[2023-05-19 15:15:02,881] {processor.py:153} INFO - Started process (PID=2922) to work on /Users/marianaoliveira/Downloads/alura1/venv/lib/python3.10/site-packages/airflow/example_dags/example_branch_day_of_week_operator.py
[2023-05-19 15:15:02,881] {processor.py:641} INFO - Processing file /Users/marianaoliveira/Downloads/alura1/venv/lib/python3.10/site-packages/airflow/example_dags/example_branch_day_of_week_operator.py for tasks to queue
[2023-05-19 15:15:02,883] {logging_mixin.py:115} INFO - [2023-05-19 15:15:02,883] {dagbag.py:507} INFO - Filling up the DagBag from /Users/marianaoliveira/Downloads/alura1/venv/lib/python3.10/site-packages/airflow/example_dags/example_branch_day_of_week_operator.py
[2023-05-19 15:15:02,912] {processor.py:651} INFO - DAG(s) dict_keys(['example_weekday_branch_operator']) retrieved from /Users/marianaoliveira/Downloads/alura1/venv/lib/python3.10/site-packages/airflow/example_dags/example_branch_day_of_week_operator.py
[2023-05-19 15:15:03,071] {logging_mixin.py:115} INFO - [2023-05-19 15:15:03,071] {dag.py:2379} INFO - Sync 1 DAGs
[2023-05-19 15:15:03,096] {logging_mixin.py:115} INFO - [2023-05-19 15:15:03,095] {dag.py:2927} INFO - Setting next_dagrun for example_weekday_branch_operator to 2023-05-18T00:00:00+00:00, run_after=2023-05-19T00:00:00+00:00
[2023-05-19 15:15:03,111] {processor.py:161} INFO - Processing /Users/marianaoliveira/Downloads/alura1/venv/lib/python3.10/site-packages/airflow/example_dags/example_branch_day_of_week_operator.py took 0.239 seconds
[2023-05-19 15:17:40,453] {processor.py:153} INFO - Started process (PID=3031) to work on /Users/marianaoliveira/Downloads/alura1/venv/lib/python3.10/site-packages/airflow/example_dags/example_branch_day_of_week_operator.py
[2023-05-19 15:17:40,454] {processor.py:641} INFO - Processing file /Users/marianaoliveira/Downloads/alura1/venv/lib/python3.10/site-packages/airflow/example_dags/example_branch_day_of_week_operator.py for tasks to queue
[2023-05-19 15:17:40,454] {logging_mixin.py:115} INFO - [2023-05-19 15:17:40,454] {dagbag.py:507} INFO - Filling up the DagBag from /Users/marianaoliveira/Downloads/alura1/venv/lib/python3.10/site-packages/airflow/example_dags/example_branch_day_of_week_operator.py
[2023-05-19 15:17:40,483] {processor.py:651} INFO - DAG(s) dict_keys(['example_weekday_branch_operator']) retrieved from /Users/marianaoliveira/Downloads/alura1/venv/lib/python3.10/site-packages/airflow/example_dags/example_branch_day_of_week_operator.py
[2023-05-19 15:17:40,575] {logging_mixin.py:115} INFO - [2023-05-19 15:17:40,575] {dag.py:2379} INFO - Sync 1 DAGs
[2023-05-19 15:17:40,611] {logging_mixin.py:115} INFO - [2023-05-19 15:17:40,611] {dag.py:2927} INFO - Setting next_dagrun for example_weekday_branch_operator to 2023-05-18T00:00:00+00:00, run_after=2023-05-19T00:00:00+00:00
[2023-05-19 15:17:40,642] {processor.py:161} INFO - Processing /Users/marianaoliveira/Downloads/alura1/venv/lib/python3.10/site-packages/airflow/example_dags/example_branch_day_of_week_operator.py took 0.191 seconds
[2023-05-19 15:19:56,519] {processor.py:153} INFO - Started process (PID=3115) to work on /Users/marianaoliveira/Downloads/alura1/venv/lib/python3.10/site-packages/airflow/example_dags/example_branch_day_of_week_operator.py
[2023-05-19 15:19:56,521] {processor.py:641} INFO - Processing file /Users/marianaoliveira/Downloads/alura1/venv/lib/python3.10/site-packages/airflow/example_dags/example_branch_day_of_week_operator.py for tasks to queue
[2023-05-19 15:19:56,522] {logging_mixin.py:115} INFO - [2023-05-19 15:19:56,522] {dagbag.py:507} INFO - Filling up the DagBag from /Users/marianaoliveira/Downloads/alura1/venv/lib/python3.10/site-packages/airflow/example_dags/example_branch_day_of_week_operator.py
[2023-05-19 15:19:56,564] {processor.py:651} INFO - DAG(s) dict_keys(['example_weekday_branch_operator']) retrieved from /Users/marianaoliveira/Downloads/alura1/venv/lib/python3.10/site-packages/airflow/example_dags/example_branch_day_of_week_operator.py
[2023-05-19 15:19:56,691] {logging_mixin.py:115} INFO - [2023-05-19 15:19:56,691] {dag.py:2379} INFO - Sync 1 DAGs
[2023-05-19 15:19:56,743] {logging_mixin.py:115} INFO - [2023-05-19 15:19:56,742] {dag.py:2927} INFO - Setting next_dagrun for example_weekday_branch_operator to 2023-05-18T00:00:00+00:00, run_after=2023-05-19T00:00:00+00:00
[2023-05-19 15:19:56,780] {processor.py:161} INFO - Processing /Users/marianaoliveira/Downloads/alura1/venv/lib/python3.10/site-packages/airflow/example_dags/example_branch_day_of_week_operator.py took 0.264 seconds
[2023-05-19 15:21:42,667] {processor.py:153} INFO - Started process (PID=3168) to work on /Users/marianaoliveira/Downloads/alura1/venv/lib/python3.10/site-packages/airflow/example_dags/example_branch_day_of_week_operator.py
[2023-05-19 15:21:42,668] {processor.py:641} INFO - Processing file /Users/marianaoliveira/Downloads/alura1/venv/lib/python3.10/site-packages/airflow/example_dags/example_branch_day_of_week_operator.py for tasks to queue
[2023-05-19 15:21:42,671] {logging_mixin.py:115} INFO - [2023-05-19 15:21:42,670] {dagbag.py:507} INFO - Filling up the DagBag from /Users/marianaoliveira/Downloads/alura1/venv/lib/python3.10/site-packages/airflow/example_dags/example_branch_day_of_week_operator.py
[2023-05-19 15:21:42,689] {processor.py:651} INFO - DAG(s) dict_keys(['example_weekday_branch_operator']) retrieved from /Users/marianaoliveira/Downloads/alura1/venv/lib/python3.10/site-packages/airflow/example_dags/example_branch_day_of_week_operator.py
[2023-05-19 15:21:42,758] {logging_mixin.py:115} INFO - [2023-05-19 15:21:42,758] {dag.py:2379} INFO - Sync 1 DAGs
[2023-05-19 15:21:42,777] {logging_mixin.py:115} INFO - [2023-05-19 15:21:42,777] {dag.py:2927} INFO - Setting next_dagrun for example_weekday_branch_operator to 2023-05-18T00:00:00+00:00, run_after=2023-05-19T00:00:00+00:00
[2023-05-19 15:21:42,789] {processor.py:161} INFO - Processing /Users/marianaoliveira/Downloads/alura1/venv/lib/python3.10/site-packages/airflow/example_dags/example_branch_day_of_week_operator.py took 0.124 seconds
[2023-05-19 15:23:17,208] {processor.py:153} INFO - Started process (PID=3217) to work on /Users/marianaoliveira/Downloads/alura1/venv/lib/python3.10/site-packages/airflow/example_dags/example_branch_day_of_week_operator.py
[2023-05-19 15:23:17,210] {processor.py:641} INFO - Processing file /Users/marianaoliveira/Downloads/alura1/venv/lib/python3.10/site-packages/airflow/example_dags/example_branch_day_of_week_operator.py for tasks to queue
[2023-05-19 15:23:17,212] {logging_mixin.py:115} INFO - [2023-05-19 15:23:17,211] {dagbag.py:507} INFO - Filling up the DagBag from /Users/marianaoliveira/Downloads/alura1/venv/lib/python3.10/site-packages/airflow/example_dags/example_branch_day_of_week_operator.py
[2023-05-19 15:23:17,244] {processor.py:651} INFO - DAG(s) dict_keys(['example_weekday_branch_operator']) retrieved from /Users/marianaoliveira/Downloads/alura1/venv/lib/python3.10/site-packages/airflow/example_dags/example_branch_day_of_week_operator.py
[2023-05-19 15:23:17,371] {logging_mixin.py:115} INFO - [2023-05-19 15:23:17,371] {dag.py:2379} INFO - Sync 1 DAGs
[2023-05-19 15:23:17,400] {logging_mixin.py:115} INFO - [2023-05-19 15:23:17,400] {dag.py:2927} INFO - Setting next_dagrun for example_weekday_branch_operator to 2023-05-18T00:00:00+00:00, run_after=2023-05-19T00:00:00+00:00
[2023-05-19 15:23:17,416] {processor.py:161} INFO - Processing /Users/marianaoliveira/Downloads/alura1/venv/lib/python3.10/site-packages/airflow/example_dags/example_branch_day_of_week_operator.py took 0.210 seconds
[2023-05-19 15:25:20,584] {processor.py:153} INFO - Started process (PID=3285) to work on /Users/marianaoliveira/Downloads/alura1/venv/lib/python3.10/site-packages/airflow/example_dags/example_branch_day_of_week_operator.py
[2023-05-19 15:25:20,589] {processor.py:641} INFO - Processing file /Users/marianaoliveira/Downloads/alura1/venv/lib/python3.10/site-packages/airflow/example_dags/example_branch_day_of_week_operator.py for tasks to queue
[2023-05-19 15:25:20,590] {logging_mixin.py:115} INFO - [2023-05-19 15:25:20,590] {dagbag.py:507} INFO - Filling up the DagBag from /Users/marianaoliveira/Downloads/alura1/venv/lib/python3.10/site-packages/airflow/example_dags/example_branch_day_of_week_operator.py
[2023-05-19 15:25:20,632] {processor.py:651} INFO - DAG(s) dict_keys(['example_weekday_branch_operator']) retrieved from /Users/marianaoliveira/Downloads/alura1/venv/lib/python3.10/site-packages/airflow/example_dags/example_branch_day_of_week_operator.py
[2023-05-19 15:25:20,777] {logging_mixin.py:115} INFO - [2023-05-19 15:25:20,776] {dag.py:2379} INFO - Sync 1 DAGs
[2023-05-19 15:25:20,798] {logging_mixin.py:115} INFO - [2023-05-19 15:25:20,798] {dag.py:2927} INFO - Setting next_dagrun for example_weekday_branch_operator to 2023-05-18T00:00:00+00:00, run_after=2023-05-19T00:00:00+00:00
[2023-05-19 15:25:20,812] {processor.py:161} INFO - Processing /Users/marianaoliveira/Downloads/alura1/venv/lib/python3.10/site-packages/airflow/example_dags/example_branch_day_of_week_operator.py took 0.229 seconds
[2023-05-19 15:27:57,852] {processor.py:153} INFO - Started process (PID=3397) to work on /Users/marianaoliveira/Downloads/alura1/venv/lib/python3.10/site-packages/airflow/example_dags/example_branch_day_of_week_operator.py
[2023-05-19 15:27:57,853] {processor.py:641} INFO - Processing file /Users/marianaoliveira/Downloads/alura1/venv/lib/python3.10/site-packages/airflow/example_dags/example_branch_day_of_week_operator.py for tasks to queue
[2023-05-19 15:27:57,853] {logging_mixin.py:115} INFO - [2023-05-19 15:27:57,853] {dagbag.py:507} INFO - Filling up the DagBag from /Users/marianaoliveira/Downloads/alura1/venv/lib/python3.10/site-packages/airflow/example_dags/example_branch_day_of_week_operator.py
[2023-05-19 15:27:57,870] {processor.py:651} INFO - DAG(s) dict_keys(['example_weekday_branch_operator']) retrieved from /Users/marianaoliveira/Downloads/alura1/venv/lib/python3.10/site-packages/airflow/example_dags/example_branch_day_of_week_operator.py
[2023-05-19 15:27:57,939] {logging_mixin.py:115} INFO - [2023-05-19 15:27:57,938] {dag.py:2379} INFO - Sync 1 DAGs
[2023-05-19 15:27:57,957] {logging_mixin.py:115} INFO - [2023-05-19 15:27:57,957] {dag.py:2927} INFO - Setting next_dagrun for example_weekday_branch_operator to 2023-05-18T00:00:00+00:00, run_after=2023-05-19T00:00:00+00:00
[2023-05-19 15:27:57,969] {processor.py:161} INFO - Processing /Users/marianaoliveira/Downloads/alura1/venv/lib/python3.10/site-packages/airflow/example_dags/example_branch_day_of_week_operator.py took 0.117 seconds
[2023-05-19 15:30:12,846] {processor.py:153} INFO - Started process (PID=3477) to work on /Users/marianaoliveira/Downloads/alura1/venv/lib/python3.10/site-packages/airflow/example_dags/example_branch_day_of_week_operator.py
[2023-05-19 15:30:12,846] {processor.py:641} INFO - Processing file /Users/marianaoliveira/Downloads/alura1/venv/lib/python3.10/site-packages/airflow/example_dags/example_branch_day_of_week_operator.py for tasks to queue
[2023-05-19 15:30:12,847] {logging_mixin.py:115} INFO - [2023-05-19 15:30:12,847] {dagbag.py:507} INFO - Filling up the DagBag from /Users/marianaoliveira/Downloads/alura1/venv/lib/python3.10/site-packages/airflow/example_dags/example_branch_day_of_week_operator.py
[2023-05-19 15:30:12,871] {processor.py:651} INFO - DAG(s) dict_keys(['example_weekday_branch_operator']) retrieved from /Users/marianaoliveira/Downloads/alura1/venv/lib/python3.10/site-packages/airflow/example_dags/example_branch_day_of_week_operator.py
[2023-05-19 15:30:13,005] {logging_mixin.py:115} INFO - [2023-05-19 15:30:13,005] {dag.py:2379} INFO - Sync 1 DAGs
[2023-05-19 15:30:13,040] {logging_mixin.py:115} INFO - [2023-05-19 15:30:13,039] {dag.py:2927} INFO - Setting next_dagrun for example_weekday_branch_operator to 2023-05-18T00:00:00+00:00, run_after=2023-05-19T00:00:00+00:00
[2023-05-19 15:30:13,058] {processor.py:161} INFO - Processing /Users/marianaoliveira/Downloads/alura1/venv/lib/python3.10/site-packages/airflow/example_dags/example_branch_day_of_week_operator.py took 0.213 seconds
[2023-05-19 16:30:22,150] {processor.py:153} INFO - Started process (PID=6096) to work on /Users/marianaoliveira/Downloads/alura1/venv/lib/python3.10/site-packages/airflow/example_dags/example_branch_day_of_week_operator.py
[2023-05-19 16:30:22,153] {processor.py:641} INFO - Processing file /Users/marianaoliveira/Downloads/alura1/venv/lib/python3.10/site-packages/airflow/example_dags/example_branch_day_of_week_operator.py for tasks to queue
[2023-05-19 16:30:22,154] {logging_mixin.py:115} INFO - [2023-05-19 16:30:22,154] {dagbag.py:507} INFO - Filling up the DagBag from /Users/marianaoliveira/Downloads/alura1/venv/lib/python3.10/site-packages/airflow/example_dags/example_branch_day_of_week_operator.py
[2023-05-19 16:30:22,217] {processor.py:651} INFO - DAG(s) dict_keys(['example_weekday_branch_operator']) retrieved from /Users/marianaoliveira/Downloads/alura1/venv/lib/python3.10/site-packages/airflow/example_dags/example_branch_day_of_week_operator.py
[2023-05-19 16:30:22,451] {logging_mixin.py:115} INFO - [2023-05-19 16:30:22,451] {dag.py:2379} INFO - Sync 1 DAGs
[2023-05-19 16:30:22,487] {logging_mixin.py:115} INFO - [2023-05-19 16:30:22,487] {dag.py:2927} INFO - Setting next_dagrun for example_weekday_branch_operator to 2023-05-18T00:00:00+00:00, run_after=2023-05-19T00:00:00+00:00
[2023-05-19 16:30:22,500] {processor.py:161} INFO - Processing /Users/marianaoliveira/Downloads/alura1/venv/lib/python3.10/site-packages/airflow/example_dags/example_branch_day_of_week_operator.py took 0.352 seconds
[2023-05-19 16:35:24,910] {processor.py:153} INFO - Started process (PID=6276) to work on /Users/marianaoliveira/Downloads/alura1/venv/lib/python3.10/site-packages/airflow/example_dags/example_branch_day_of_week_operator.py
[2023-05-19 16:35:24,918] {processor.py:641} INFO - Processing file /Users/marianaoliveira/Downloads/alura1/venv/lib/python3.10/site-packages/airflow/example_dags/example_branch_day_of_week_operator.py for tasks to queue
[2023-05-19 16:35:24,918] {logging_mixin.py:115} INFO - [2023-05-19 16:35:24,918] {dagbag.py:507} INFO - Filling up the DagBag from /Users/marianaoliveira/Downloads/alura1/venv/lib/python3.10/site-packages/airflow/example_dags/example_branch_day_of_week_operator.py
[2023-05-19 16:35:25,015] {processor.py:651} INFO - DAG(s) dict_keys(['example_weekday_branch_operator']) retrieved from /Users/marianaoliveira/Downloads/alura1/venv/lib/python3.10/site-packages/airflow/example_dags/example_branch_day_of_week_operator.py
[2023-05-19 16:35:25,325] {logging_mixin.py:115} INFO - [2023-05-19 16:35:25,324] {dag.py:2379} INFO - Sync 1 DAGs
[2023-05-19 16:35:25,371] {logging_mixin.py:115} INFO - [2023-05-19 16:35:25,371] {dag.py:2927} INFO - Setting next_dagrun for example_weekday_branch_operator to 2023-05-18T00:00:00+00:00, run_after=2023-05-19T00:00:00+00:00
[2023-05-19 16:35:25,415] {processor.py:161} INFO - Processing /Users/marianaoliveira/Downloads/alura1/venv/lib/python3.10/site-packages/airflow/example_dags/example_branch_day_of_week_operator.py took 0.522 seconds
[2023-05-19 16:40:12,528] {processor.py:153} INFO - Started process (PID=6487) to work on /Users/marianaoliveira/Downloads/alura1/venv/lib/python3.10/site-packages/airflow/example_dags/example_branch_day_of_week_operator.py
[2023-05-19 16:40:12,529] {processor.py:641} INFO - Processing file /Users/marianaoliveira/Downloads/alura1/venv/lib/python3.10/site-packages/airflow/example_dags/example_branch_day_of_week_operator.py for tasks to queue
[2023-05-19 16:40:12,533] {logging_mixin.py:115} INFO - [2023-05-19 16:40:12,533] {dagbag.py:507} INFO - Filling up the DagBag from /Users/marianaoliveira/Downloads/alura1/venv/lib/python3.10/site-packages/airflow/example_dags/example_branch_day_of_week_operator.py
[2023-05-19 16:40:12,585] {processor.py:651} INFO - DAG(s) dict_keys(['example_weekday_branch_operator']) retrieved from /Users/marianaoliveira/Downloads/alura1/venv/lib/python3.10/site-packages/airflow/example_dags/example_branch_day_of_week_operator.py
[2023-05-19 16:40:12,769] {logging_mixin.py:115} INFO - [2023-05-19 16:40:12,769] {dag.py:2379} INFO - Sync 1 DAGs
[2023-05-19 16:40:12,810] {logging_mixin.py:115} INFO - [2023-05-19 16:40:12,810] {dag.py:2927} INFO - Setting next_dagrun for example_weekday_branch_operator to 2023-05-18T00:00:00+00:00, run_after=2023-05-19T00:00:00+00:00
[2023-05-19 16:40:12,840] {processor.py:161} INFO - Processing /Users/marianaoliveira/Downloads/alura1/venv/lib/python3.10/site-packages/airflow/example_dags/example_branch_day_of_week_operator.py took 0.312 seconds
[2023-05-19 16:52:46,929] {processor.py:153} INFO - Started process (PID=6794) to work on /Users/marianaoliveira/Downloads/alura1/venv/lib/python3.10/site-packages/airflow/example_dags/example_branch_day_of_week_operator.py
[2023-05-19 16:52:46,931] {processor.py:641} INFO - Processing file /Users/marianaoliveira/Downloads/alura1/venv/lib/python3.10/site-packages/airflow/example_dags/example_branch_day_of_week_operator.py for tasks to queue
[2023-05-19 16:52:46,931] {logging_mixin.py:115} INFO - [2023-05-19 16:52:46,931] {dagbag.py:507} INFO - Filling up the DagBag from /Users/marianaoliveira/Downloads/alura1/venv/lib/python3.10/site-packages/airflow/example_dags/example_branch_day_of_week_operator.py
[2023-05-19 16:52:46,963] {processor.py:651} INFO - DAG(s) dict_keys(['example_weekday_branch_operator']) retrieved from /Users/marianaoliveira/Downloads/alura1/venv/lib/python3.10/site-packages/airflow/example_dags/example_branch_day_of_week_operator.py
[2023-05-19 16:52:47,089] {logging_mixin.py:115} INFO - [2023-05-19 16:52:47,089] {dag.py:2379} INFO - Sync 1 DAGs
[2023-05-19 16:52:47,122] {logging_mixin.py:115} INFO - [2023-05-19 16:52:47,122] {dag.py:2927} INFO - Setting next_dagrun for example_weekday_branch_operator to 2023-05-18T00:00:00+00:00, run_after=2023-05-19T00:00:00+00:00
[2023-05-19 16:52:47,139] {processor.py:161} INFO - Processing /Users/marianaoliveira/Downloads/alura1/venv/lib/python3.10/site-packages/airflow/example_dags/example_branch_day_of_week_operator.py took 0.211 seconds
[2023-05-19 16:57:16,393] {processor.py:153} INFO - Started process (PID=7032) to work on /Users/marianaoliveira/Downloads/alura1/venv/lib/python3.10/site-packages/airflow/example_dags/example_branch_day_of_week_operator.py
[2023-05-19 16:57:16,394] {processor.py:641} INFO - Processing file /Users/marianaoliveira/Downloads/alura1/venv/lib/python3.10/site-packages/airflow/example_dags/example_branch_day_of_week_operator.py for tasks to queue
[2023-05-19 16:57:16,400] {logging_mixin.py:115} INFO - [2023-05-19 16:57:16,400] {dagbag.py:507} INFO - Filling up the DagBag from /Users/marianaoliveira/Downloads/alura1/venv/lib/python3.10/site-packages/airflow/example_dags/example_branch_day_of_week_operator.py
[2023-05-19 16:57:16,434] {processor.py:651} INFO - DAG(s) dict_keys(['example_weekday_branch_operator']) retrieved from /Users/marianaoliveira/Downloads/alura1/venv/lib/python3.10/site-packages/airflow/example_dags/example_branch_day_of_week_operator.py
[2023-05-19 16:57:16,571] {logging_mixin.py:115} INFO - [2023-05-19 16:57:16,570] {dag.py:2379} INFO - Sync 1 DAGs
[2023-05-19 16:57:16,622] {logging_mixin.py:115} INFO - [2023-05-19 16:57:16,621] {dag.py:2927} INFO - Setting next_dagrun for example_weekday_branch_operator to 2023-05-18T00:00:00+00:00, run_after=2023-05-19T00:00:00+00:00
[2023-05-19 16:57:16,644] {processor.py:161} INFO - Processing /Users/marianaoliveira/Downloads/alura1/venv/lib/python3.10/site-packages/airflow/example_dags/example_branch_day_of_week_operator.py took 0.252 seconds
[2023-05-19 17:00:23,486] {processor.py:153} INFO - Started process (PID=7120) to work on /Users/marianaoliveira/Downloads/alura1/venv/lib/python3.10/site-packages/airflow/example_dags/example_branch_day_of_week_operator.py
[2023-05-19 17:00:23,488] {processor.py:641} INFO - Processing file /Users/marianaoliveira/Downloads/alura1/venv/lib/python3.10/site-packages/airflow/example_dags/example_branch_day_of_week_operator.py for tasks to queue
[2023-05-19 17:00:23,488] {logging_mixin.py:115} INFO - [2023-05-19 17:00:23,488] {dagbag.py:507} INFO - Filling up the DagBag from /Users/marianaoliveira/Downloads/alura1/venv/lib/python3.10/site-packages/airflow/example_dags/example_branch_day_of_week_operator.py
[2023-05-19 17:00:23,519] {processor.py:651} INFO - DAG(s) dict_keys(['example_weekday_branch_operator']) retrieved from /Users/marianaoliveira/Downloads/alura1/venv/lib/python3.10/site-packages/airflow/example_dags/example_branch_day_of_week_operator.py
[2023-05-19 17:00:23,634] {logging_mixin.py:115} INFO - [2023-05-19 17:00:23,634] {dag.py:2379} INFO - Sync 1 DAGs
[2023-05-19 17:00:23,663] {logging_mixin.py:115} INFO - [2023-05-19 17:00:23,663] {dag.py:2927} INFO - Setting next_dagrun for example_weekday_branch_operator to 2023-05-18T00:00:00+00:00, run_after=2023-05-19T00:00:00+00:00
[2023-05-19 17:00:23,683] {processor.py:161} INFO - Processing /Users/marianaoliveira/Downloads/alura1/venv/lib/python3.10/site-packages/airflow/example_dags/example_branch_day_of_week_operator.py took 0.199 seconds
[2023-05-19 17:04:18,601] {processor.py:153} INFO - Started process (PID=7294) to work on /Users/marianaoliveira/Downloads/alura1/venv/lib/python3.10/site-packages/airflow/example_dags/example_branch_day_of_week_operator.py
[2023-05-19 17:04:18,602] {processor.py:641} INFO - Processing file /Users/marianaoliveira/Downloads/alura1/venv/lib/python3.10/site-packages/airflow/example_dags/example_branch_day_of_week_operator.py for tasks to queue
[2023-05-19 17:04:18,603] {logging_mixin.py:115} INFO - [2023-05-19 17:04:18,602] {dagbag.py:507} INFO - Filling up the DagBag from /Users/marianaoliveira/Downloads/alura1/venv/lib/python3.10/site-packages/airflow/example_dags/example_branch_day_of_week_operator.py
[2023-05-19 17:04:18,652] {processor.py:651} INFO - DAG(s) dict_keys(['example_weekday_branch_operator']) retrieved from /Users/marianaoliveira/Downloads/alura1/venv/lib/python3.10/site-packages/airflow/example_dags/example_branch_day_of_week_operator.py
[2023-05-19 17:04:18,841] {logging_mixin.py:115} INFO - [2023-05-19 17:04:18,841] {dag.py:2379} INFO - Sync 1 DAGs
[2023-05-19 17:04:18,881] {logging_mixin.py:115} INFO - [2023-05-19 17:04:18,881] {dag.py:2927} INFO - Setting next_dagrun for example_weekday_branch_operator to 2023-05-18T00:00:00+00:00, run_after=2023-05-19T00:00:00+00:00
[2023-05-19 17:04:18,904] {processor.py:161} INFO - Processing /Users/marianaoliveira/Downloads/alura1/venv/lib/python3.10/site-packages/airflow/example_dags/example_branch_day_of_week_operator.py took 0.305 seconds
[2023-05-19 17:31:31,424] {processor.py:153} INFO - Started process (PID=7772) to work on /Users/marianaoliveira/Downloads/alura1/venv/lib/python3.10/site-packages/airflow/example_dags/example_branch_day_of_week_operator.py
[2023-05-19 17:31:31,425] {processor.py:641} INFO - Processing file /Users/marianaoliveira/Downloads/alura1/venv/lib/python3.10/site-packages/airflow/example_dags/example_branch_day_of_week_operator.py for tasks to queue
[2023-05-19 17:31:31,426] {logging_mixin.py:115} INFO - [2023-05-19 17:31:31,426] {dagbag.py:507} INFO - Filling up the DagBag from /Users/marianaoliveira/Downloads/alura1/venv/lib/python3.10/site-packages/airflow/example_dags/example_branch_day_of_week_operator.py
[2023-05-19 17:31:31,464] {processor.py:651} INFO - DAG(s) dict_keys(['example_weekday_branch_operator']) retrieved from /Users/marianaoliveira/Downloads/alura1/venv/lib/python3.10/site-packages/airflow/example_dags/example_branch_day_of_week_operator.py
[2023-05-19 17:31:31,752] {logging_mixin.py:115} INFO - [2023-05-19 17:31:31,751] {dag.py:2379} INFO - Sync 1 DAGs
[2023-05-19 17:31:31,837] {logging_mixin.py:115} INFO - [2023-05-19 17:31:31,837] {dag.py:2927} INFO - Setting next_dagrun for example_weekday_branch_operator to 2023-05-18T00:00:00+00:00, run_after=2023-05-19T00:00:00+00:00
[2023-05-19 17:31:31,872] {processor.py:161} INFO - Processing /Users/marianaoliveira/Downloads/alura1/venv/lib/python3.10/site-packages/airflow/example_dags/example_branch_day_of_week_operator.py took 0.450 seconds
[2023-05-19 17:36:45,762] {processor.py:153} INFO - Started process (PID=7889) to work on /Users/marianaoliveira/Downloads/alura1/venv/lib/python3.10/site-packages/airflow/example_dags/example_branch_day_of_week_operator.py
[2023-05-19 17:36:45,763] {processor.py:641} INFO - Processing file /Users/marianaoliveira/Downloads/alura1/venv/lib/python3.10/site-packages/airflow/example_dags/example_branch_day_of_week_operator.py for tasks to queue
[2023-05-19 17:36:45,767] {logging_mixin.py:115} INFO - [2023-05-19 17:36:45,766] {dagbag.py:507} INFO - Filling up the DagBag from /Users/marianaoliveira/Downloads/alura1/venv/lib/python3.10/site-packages/airflow/example_dags/example_branch_day_of_week_operator.py
[2023-05-19 17:36:45,797] {processor.py:651} INFO - DAG(s) dict_keys(['example_weekday_branch_operator']) retrieved from /Users/marianaoliveira/Downloads/alura1/venv/lib/python3.10/site-packages/airflow/example_dags/example_branch_day_of_week_operator.py
[2023-05-19 17:36:45,906] {logging_mixin.py:115} INFO - [2023-05-19 17:36:45,906] {dag.py:2379} INFO - Sync 1 DAGs
[2023-05-19 17:36:45,941] {logging_mixin.py:115} INFO - [2023-05-19 17:36:45,941] {dag.py:2927} INFO - Setting next_dagrun for example_weekday_branch_operator to 2023-05-18T00:00:00+00:00, run_after=2023-05-19T00:00:00+00:00
[2023-05-19 17:36:45,958] {processor.py:161} INFO - Processing /Users/marianaoliveira/Downloads/alura1/venv/lib/python3.10/site-packages/airflow/example_dags/example_branch_day_of_week_operator.py took 0.198 seconds
[2023-05-19 17:46:07,452] {processor.py:153} INFO - Started process (PID=8128) to work on /Users/marianaoliveira/Downloads/alura1/venv/lib/python3.10/site-packages/airflow/example_dags/example_branch_day_of_week_operator.py
[2023-05-19 17:46:07,454] {processor.py:641} INFO - Processing file /Users/marianaoliveira/Downloads/alura1/venv/lib/python3.10/site-packages/airflow/example_dags/example_branch_day_of_week_operator.py for tasks to queue
[2023-05-19 17:46:07,455] {logging_mixin.py:115} INFO - [2023-05-19 17:46:07,455] {dagbag.py:507} INFO - Filling up the DagBag from /Users/marianaoliveira/Downloads/alura1/venv/lib/python3.10/site-packages/airflow/example_dags/example_branch_day_of_week_operator.py
[2023-05-19 17:46:07,488] {processor.py:651} INFO - DAG(s) dict_keys(['example_weekday_branch_operator']) retrieved from /Users/marianaoliveira/Downloads/alura1/venv/lib/python3.10/site-packages/airflow/example_dags/example_branch_day_of_week_operator.py
[2023-05-19 17:46:07,598] {logging_mixin.py:115} INFO - [2023-05-19 17:46:07,598] {dag.py:2379} INFO - Sync 1 DAGs
[2023-05-19 17:46:07,628] {logging_mixin.py:115} INFO - [2023-05-19 17:46:07,627] {dag.py:2927} INFO - Setting next_dagrun for example_weekday_branch_operator to 2023-05-18T00:00:00+00:00, run_after=2023-05-19T00:00:00+00:00
[2023-05-19 17:46:07,646] {processor.py:161} INFO - Processing /Users/marianaoliveira/Downloads/alura1/venv/lib/python3.10/site-packages/airflow/example_dags/example_branch_day_of_week_operator.py took 0.196 seconds
[2023-05-19 17:49:27,486] {processor.py:153} INFO - Started process (PID=8212) to work on /Users/marianaoliveira/Downloads/alura1/venv/lib/python3.10/site-packages/airflow/example_dags/example_branch_day_of_week_operator.py
[2023-05-19 17:49:27,487] {processor.py:641} INFO - Processing file /Users/marianaoliveira/Downloads/alura1/venv/lib/python3.10/site-packages/airflow/example_dags/example_branch_day_of_week_operator.py for tasks to queue
[2023-05-19 17:49:27,488] {logging_mixin.py:115} INFO - [2023-05-19 17:49:27,487] {dagbag.py:507} INFO - Filling up the DagBag from /Users/marianaoliveira/Downloads/alura1/venv/lib/python3.10/site-packages/airflow/example_dags/example_branch_day_of_week_operator.py
[2023-05-19 17:49:27,519] {processor.py:651} INFO - DAG(s) dict_keys(['example_weekday_branch_operator']) retrieved from /Users/marianaoliveira/Downloads/alura1/venv/lib/python3.10/site-packages/airflow/example_dags/example_branch_day_of_week_operator.py
[2023-05-19 17:49:27,653] {logging_mixin.py:115} INFO - [2023-05-19 17:49:27,653] {dag.py:2379} INFO - Sync 1 DAGs
[2023-05-19 17:49:27,691] {logging_mixin.py:115} INFO - [2023-05-19 17:49:27,691] {dag.py:2927} INFO - Setting next_dagrun for example_weekday_branch_operator to 2023-05-18T00:00:00+00:00, run_after=2023-05-19T00:00:00+00:00
[2023-05-19 17:49:27,715] {processor.py:161} INFO - Processing /Users/marianaoliveira/Downloads/alura1/venv/lib/python3.10/site-packages/airflow/example_dags/example_branch_day_of_week_operator.py took 0.230 seconds
[2023-05-19 17:52:55,484] {processor.py:153} INFO - Started process (PID=8354) to work on /Users/marianaoliveira/Downloads/alura1/venv/lib/python3.10/site-packages/airflow/example_dags/example_branch_day_of_week_operator.py
[2023-05-19 17:52:55,486] {processor.py:641} INFO - Processing file /Users/marianaoliveira/Downloads/alura1/venv/lib/python3.10/site-packages/airflow/example_dags/example_branch_day_of_week_operator.py for tasks to queue
[2023-05-19 17:52:55,486] {logging_mixin.py:115} INFO - [2023-05-19 17:52:55,486] {dagbag.py:507} INFO - Filling up the DagBag from /Users/marianaoliveira/Downloads/alura1/venv/lib/python3.10/site-packages/airflow/example_dags/example_branch_day_of_week_operator.py
[2023-05-19 17:52:55,517] {processor.py:651} INFO - DAG(s) dict_keys(['example_weekday_branch_operator']) retrieved from /Users/marianaoliveira/Downloads/alura1/venv/lib/python3.10/site-packages/airflow/example_dags/example_branch_day_of_week_operator.py
[2023-05-19 17:52:55,624] {logging_mixin.py:115} INFO - [2023-05-19 17:52:55,623] {dag.py:2379} INFO - Sync 1 DAGs
[2023-05-19 17:52:55,654] {logging_mixin.py:115} INFO - [2023-05-19 17:52:55,654] {dag.py:2927} INFO - Setting next_dagrun for example_weekday_branch_operator to 2023-05-18T00:00:00+00:00, run_after=2023-05-19T00:00:00+00:00
[2023-05-19 17:52:55,668] {processor.py:161} INFO - Processing /Users/marianaoliveira/Downloads/alura1/venv/lib/python3.10/site-packages/airflow/example_dags/example_branch_day_of_week_operator.py took 0.185 seconds
[2023-05-19 17:56:20,162] {processor.py:153} INFO - Started process (PID=8548) to work on /Users/marianaoliveira/Downloads/alura1/venv/lib/python3.10/site-packages/airflow/example_dags/example_branch_day_of_week_operator.py
[2023-05-19 17:56:20,163] {processor.py:641} INFO - Processing file /Users/marianaoliveira/Downloads/alura1/venv/lib/python3.10/site-packages/airflow/example_dags/example_branch_day_of_week_operator.py for tasks to queue
[2023-05-19 17:56:20,163] {logging_mixin.py:115} INFO - [2023-05-19 17:56:20,163] {dagbag.py:507} INFO - Filling up the DagBag from /Users/marianaoliveira/Downloads/alura1/venv/lib/python3.10/site-packages/airflow/example_dags/example_branch_day_of_week_operator.py
[2023-05-19 17:56:20,213] {processor.py:651} INFO - DAG(s) dict_keys(['example_weekday_branch_operator']) retrieved from /Users/marianaoliveira/Downloads/alura1/venv/lib/python3.10/site-packages/airflow/example_dags/example_branch_day_of_week_operator.py
[2023-05-19 17:56:20,359] {logging_mixin.py:115} INFO - [2023-05-19 17:56:20,358] {dag.py:2379} INFO - Sync 1 DAGs
[2023-05-19 17:56:20,394] {logging_mixin.py:115} INFO - [2023-05-19 17:56:20,393] {dag.py:2927} INFO - Setting next_dagrun for example_weekday_branch_operator to 2023-05-18T00:00:00+00:00, run_after=2023-05-19T00:00:00+00:00
[2023-05-19 17:56:20,421] {processor.py:161} INFO - Processing /Users/marianaoliveira/Downloads/alura1/venv/lib/python3.10/site-packages/airflow/example_dags/example_branch_day_of_week_operator.py took 0.261 seconds
[2023-05-19 17:59:31,183] {processor.py:153} INFO - Started process (PID=8643) to work on /Users/marianaoliveira/Downloads/alura1/venv/lib/python3.10/site-packages/airflow/example_dags/example_branch_day_of_week_operator.py
[2023-05-19 17:59:31,183] {processor.py:641} INFO - Processing file /Users/marianaoliveira/Downloads/alura1/venv/lib/python3.10/site-packages/airflow/example_dags/example_branch_day_of_week_operator.py for tasks to queue
[2023-05-19 17:59:31,184] {logging_mixin.py:115} INFO - [2023-05-19 17:59:31,184] {dagbag.py:507} INFO - Filling up the DagBag from /Users/marianaoliveira/Downloads/alura1/venv/lib/python3.10/site-packages/airflow/example_dags/example_branch_day_of_week_operator.py
[2023-05-19 17:59:31,214] {processor.py:651} INFO - DAG(s) dict_keys(['example_weekday_branch_operator']) retrieved from /Users/marianaoliveira/Downloads/alura1/venv/lib/python3.10/site-packages/airflow/example_dags/example_branch_day_of_week_operator.py
[2023-05-19 17:59:31,373] {logging_mixin.py:115} INFO - [2023-05-19 17:59:31,373] {dag.py:2379} INFO - Sync 1 DAGs
[2023-05-19 17:59:31,407] {logging_mixin.py:115} INFO - [2023-05-19 17:59:31,407] {dag.py:2927} INFO - Setting next_dagrun for example_weekday_branch_operator to 2023-05-18T00:00:00+00:00, run_after=2023-05-19T00:00:00+00:00
[2023-05-19 17:59:31,436] {processor.py:161} INFO - Processing /Users/marianaoliveira/Downloads/alura1/venv/lib/python3.10/site-packages/airflow/example_dags/example_branch_day_of_week_operator.py took 0.255 seconds
[2023-05-19 18:16:07,522] {processor.py:153} INFO - Started process (PID=9254) to work on /Users/marianaoliveira/Downloads/alura1/venv/lib/python3.10/site-packages/airflow/example_dags/example_branch_day_of_week_operator.py
[2023-05-19 18:16:07,523] {processor.py:641} INFO - Processing file /Users/marianaoliveira/Downloads/alura1/venv/lib/python3.10/site-packages/airflow/example_dags/example_branch_day_of_week_operator.py for tasks to queue
[2023-05-19 18:16:07,524] {logging_mixin.py:115} INFO - [2023-05-19 18:16:07,524] {dagbag.py:507} INFO - Filling up the DagBag from /Users/marianaoliveira/Downloads/alura1/venv/lib/python3.10/site-packages/airflow/example_dags/example_branch_day_of_week_operator.py
[2023-05-19 18:16:07,595] {processor.py:651} INFO - DAG(s) dict_keys(['example_weekday_branch_operator']) retrieved from /Users/marianaoliveira/Downloads/alura1/venv/lib/python3.10/site-packages/airflow/example_dags/example_branch_day_of_week_operator.py
[2023-05-19 18:16:07,920] {logging_mixin.py:115} INFO - [2023-05-19 18:16:07,919] {dag.py:2379} INFO - Sync 1 DAGs
[2023-05-19 18:16:07,988] {logging_mixin.py:115} INFO - [2023-05-19 18:16:07,988] {dag.py:2927} INFO - Setting next_dagrun for example_weekday_branch_operator to 2023-05-18T00:00:00+00:00, run_after=2023-05-19T00:00:00+00:00
[2023-05-19 18:16:08,023] {processor.py:161} INFO - Processing /Users/marianaoliveira/Downloads/alura1/venv/lib/python3.10/site-packages/airflow/example_dags/example_branch_day_of_week_operator.py took 0.514 seconds
