[2023-05-19 15:12:35,716] {processor.py:153} INFO - Started process (PID=2822) to work on /Users/marianaoliveira/Downloads/alura1/venv/lib/python3.10/site-packages/airflow/example_dags/example_latest_only_with_trigger.py
[2023-05-19 15:12:35,717] {processor.py:641} INFO - Processing file /Users/marianaoliveira/Downloads/alura1/venv/lib/python3.10/site-packages/airflow/example_dags/example_latest_only_with_trigger.py for tasks to queue
[2023-05-19 15:12:35,718] {logging_mixin.py:115} INFO - [2023-05-19 15:12:35,718] {dagbag.py:507} INFO - Filling up the DagBag from /Users/marianaoliveira/Downloads/alura1/venv/lib/python3.10/site-packages/airflow/example_dags/example_latest_only_with_trigger.py
[2023-05-19 15:12:35,740] {processor.py:651} INFO - DAG(s) dict_keys(['latest_only_with_trigger']) retrieved from /Users/marianaoliveira/Downloads/alura1/venv/lib/python3.10/site-packages/airflow/example_dags/example_latest_only_with_trigger.py
[2023-05-19 15:12:37,033] {logging_mixin.py:115} INFO - [2023-05-19 15:12:37,033] {manager.py:508} INFO - Created Permission View: can read on DAG:latest_only_with_trigger
[2023-05-19 15:12:37,047] {logging_mixin.py:115} INFO - [2023-05-19 15:12:37,047] {manager.py:508} INFO - Created Permission View: can edit on DAG:latest_only_with_trigger
[2023-05-19 15:12:37,057] {logging_mixin.py:115} INFO - [2023-05-19 15:12:37,056] {manager.py:508} INFO - Created Permission View: can delete on DAG:latest_only_with_trigger
[2023-05-19 15:12:37,058] {logging_mixin.py:115} INFO - [2023-05-19 15:12:37,057] {dag.py:2379} INFO - Sync 1 DAGs
[2023-05-19 15:12:37,075] {logging_mixin.py:115} INFO - [2023-05-19 15:12:37,074] {dag.py:2398} INFO - Creating ORM DAG for latest_only_with_trigger
[2023-05-19 15:12:37,088] {logging_mixin.py:115} INFO - [2023-05-19 15:12:37,087] {dag.py:2927} INFO - Setting next_dagrun for latest_only_with_trigger to 2023-05-19T14:12:37.087631+00:00, run_after=2023-05-19T18:12:37.087631+00:00
[2023-05-19 15:12:37,110] {processor.py:161} INFO - Processing /Users/marianaoliveira/Downloads/alura1/venv/lib/python3.10/site-packages/airflow/example_dags/example_latest_only_with_trigger.py took 1.396 seconds
[2023-05-19 15:14:10,251] {processor.py:153} INFO - Started process (PID=2887) to work on /Users/marianaoliveira/Downloads/alura1/venv/lib/python3.10/site-packages/airflow/example_dags/example_latest_only_with_trigger.py
[2023-05-19 15:14:10,252] {processor.py:641} INFO - Processing file /Users/marianaoliveira/Downloads/alura1/venv/lib/python3.10/site-packages/airflow/example_dags/example_latest_only_with_trigger.py for tasks to queue
[2023-05-19 15:14:10,256] {logging_mixin.py:115} INFO - [2023-05-19 15:14:10,256] {dagbag.py:507} INFO - Filling up the DagBag from /Users/marianaoliveira/Downloads/alura1/venv/lib/python3.10/site-packages/airflow/example_dags/example_latest_only_with_trigger.py
[2023-05-19 15:14:10,295] {processor.py:651} INFO - DAG(s) dict_keys(['latest_only_with_trigger']) retrieved from /Users/marianaoliveira/Downloads/alura1/venv/lib/python3.10/site-packages/airflow/example_dags/example_latest_only_with_trigger.py
[2023-05-19 15:14:10,462] {logging_mixin.py:115} INFO - [2023-05-19 15:14:10,462] {dag.py:2379} INFO - Sync 1 DAGs
[2023-05-19 15:14:10,498] {logging_mixin.py:115} INFO - [2023-05-19 15:14:10,498] {dag.py:2927} INFO - Setting next_dagrun for latest_only_with_trigger to 2023-05-19T14:14:10.498150+00:00, run_after=2023-05-19T18:14:10.498150+00:00
[2023-05-19 15:14:10,534] {processor.py:161} INFO - Processing /Users/marianaoliveira/Downloads/alura1/venv/lib/python3.10/site-packages/airflow/example_dags/example_latest_only_with_trigger.py took 0.285 seconds
[2023-05-19 15:16:09,787] {processor.py:153} INFO - Started process (PID=2957) to work on /Users/marianaoliveira/Downloads/alura1/venv/lib/python3.10/site-packages/airflow/example_dags/example_latest_only_with_trigger.py
[2023-05-19 15:16:09,788] {processor.py:641} INFO - Processing file /Users/marianaoliveira/Downloads/alura1/venv/lib/python3.10/site-packages/airflow/example_dags/example_latest_only_with_trigger.py for tasks to queue
[2023-05-19 15:16:09,789] {logging_mixin.py:115} INFO - [2023-05-19 15:16:09,789] {dagbag.py:507} INFO - Filling up the DagBag from /Users/marianaoliveira/Downloads/alura1/venv/lib/python3.10/site-packages/airflow/example_dags/example_latest_only_with_trigger.py
[2023-05-19 15:16:09,818] {processor.py:651} INFO - DAG(s) dict_keys(['latest_only_with_trigger']) retrieved from /Users/marianaoliveira/Downloads/alura1/venv/lib/python3.10/site-packages/airflow/example_dags/example_latest_only_with_trigger.py
[2023-05-19 15:16:10,010] {logging_mixin.py:115} INFO - [2023-05-19 15:16:10,010] {dag.py:2379} INFO - Sync 1 DAGs
[2023-05-19 15:16:10,055] {logging_mixin.py:115} INFO - [2023-05-19 15:16:10,055] {dag.py:2927} INFO - Setting next_dagrun for latest_only_with_trigger to 2023-05-19T14:16:10.055092+00:00, run_after=2023-05-19T18:16:10.055092+00:00
[2023-05-19 15:16:10,084] {processor.py:161} INFO - Processing /Users/marianaoliveira/Downloads/alura1/venv/lib/python3.10/site-packages/airflow/example_dags/example_latest_only_with_trigger.py took 0.298 seconds
[2023-05-19 15:18:54,409] {processor.py:153} INFO - Started process (PID=3084) to work on /Users/marianaoliveira/Downloads/alura1/venv/lib/python3.10/site-packages/airflow/example_dags/example_latest_only_with_trigger.py
[2023-05-19 15:18:54,410] {processor.py:641} INFO - Processing file /Users/marianaoliveira/Downloads/alura1/venv/lib/python3.10/site-packages/airflow/example_dags/example_latest_only_with_trigger.py for tasks to queue
[2023-05-19 15:18:54,411] {logging_mixin.py:115} INFO - [2023-05-19 15:18:54,411] {dagbag.py:507} INFO - Filling up the DagBag from /Users/marianaoliveira/Downloads/alura1/venv/lib/python3.10/site-packages/airflow/example_dags/example_latest_only_with_trigger.py
[2023-05-19 15:18:54,431] {processor.py:651} INFO - DAG(s) dict_keys(['latest_only_with_trigger']) retrieved from /Users/marianaoliveira/Downloads/alura1/venv/lib/python3.10/site-packages/airflow/example_dags/example_latest_only_with_trigger.py
[2023-05-19 15:18:54,507] {logging_mixin.py:115} INFO - [2023-05-19 15:18:54,506] {dag.py:2379} INFO - Sync 1 DAGs
[2023-05-19 15:18:54,525] {logging_mixin.py:115} INFO - [2023-05-19 15:18:54,525] {dag.py:2927} INFO - Setting next_dagrun for latest_only_with_trigger to 2023-05-19T14:18:54.524801+00:00, run_after=2023-05-19T18:18:54.524801+00:00
[2023-05-19 15:18:54,538] {processor.py:161} INFO - Processing /Users/marianaoliveira/Downloads/alura1/venv/lib/python3.10/site-packages/airflow/example_dags/example_latest_only_with_trigger.py took 0.130 seconds
[2023-05-19 15:20:48,148] {processor.py:153} INFO - Started process (PID=3141) to work on /Users/marianaoliveira/Downloads/alura1/venv/lib/python3.10/site-packages/airflow/example_dags/example_latest_only_with_trigger.py
[2023-05-19 15:20:48,149] {processor.py:641} INFO - Processing file /Users/marianaoliveira/Downloads/alura1/venv/lib/python3.10/site-packages/airflow/example_dags/example_latest_only_with_trigger.py for tasks to queue
[2023-05-19 15:20:48,150] {logging_mixin.py:115} INFO - [2023-05-19 15:20:48,150] {dagbag.py:507} INFO - Filling up the DagBag from /Users/marianaoliveira/Downloads/alura1/venv/lib/python3.10/site-packages/airflow/example_dags/example_latest_only_with_trigger.py
[2023-05-19 15:20:48,168] {processor.py:651} INFO - DAG(s) dict_keys(['latest_only_with_trigger']) retrieved from /Users/marianaoliveira/Downloads/alura1/venv/lib/python3.10/site-packages/airflow/example_dags/example_latest_only_with_trigger.py
[2023-05-19 15:20:48,246] {logging_mixin.py:115} INFO - [2023-05-19 15:20:48,246] {dag.py:2379} INFO - Sync 1 DAGs
[2023-05-19 15:20:48,267] {logging_mixin.py:115} INFO - [2023-05-19 15:20:48,267] {dag.py:2927} INFO - Setting next_dagrun for latest_only_with_trigger to 2023-05-19T14:20:48.267176+00:00, run_after=2023-05-19T18:20:48.267176+00:00
[2023-05-19 15:20:48,283] {processor.py:161} INFO - Processing /Users/marianaoliveira/Downloads/alura1/venv/lib/python3.10/site-packages/airflow/example_dags/example_latest_only_with_trigger.py took 0.136 seconds
[2023-05-19 15:22:26,594] {processor.py:153} INFO - Started process (PID=3193) to work on /Users/marianaoliveira/Downloads/alura1/venv/lib/python3.10/site-packages/airflow/example_dags/example_latest_only_with_trigger.py
[2023-05-19 15:22:26,594] {processor.py:641} INFO - Processing file /Users/marianaoliveira/Downloads/alura1/venv/lib/python3.10/site-packages/airflow/example_dags/example_latest_only_with_trigger.py for tasks to queue
[2023-05-19 15:22:26,595] {logging_mixin.py:115} INFO - [2023-05-19 15:22:26,594] {dagbag.py:507} INFO - Filling up the DagBag from /Users/marianaoliveira/Downloads/alura1/venv/lib/python3.10/site-packages/airflow/example_dags/example_latest_only_with_trigger.py
[2023-05-19 15:22:26,610] {processor.py:651} INFO - DAG(s) dict_keys(['latest_only_with_trigger']) retrieved from /Users/marianaoliveira/Downloads/alura1/venv/lib/python3.10/site-packages/airflow/example_dags/example_latest_only_with_trigger.py
[2023-05-19 15:22:26,679] {logging_mixin.py:115} INFO - [2023-05-19 15:22:26,679] {dag.py:2379} INFO - Sync 1 DAGs
[2023-05-19 15:22:26,705] {logging_mixin.py:115} INFO - [2023-05-19 15:22:26,704] {dag.py:2927} INFO - Setting next_dagrun for latest_only_with_trigger to 2023-05-19T14:22:26.704744+00:00, run_after=2023-05-19T18:22:26.704744+00:00
[2023-05-19 15:22:26,717] {processor.py:161} INFO - Processing /Users/marianaoliveira/Downloads/alura1/venv/lib/python3.10/site-packages/airflow/example_dags/example_latest_only_with_trigger.py took 0.124 seconds
[2023-05-19 15:24:04,961] {processor.py:153} INFO - Started process (PID=3244) to work on /Users/marianaoliveira/Downloads/alura1/venv/lib/python3.10/site-packages/airflow/example_dags/example_latest_only_with_trigger.py
[2023-05-19 15:24:04,962] {processor.py:641} INFO - Processing file /Users/marianaoliveira/Downloads/alura1/venv/lib/python3.10/site-packages/airflow/example_dags/example_latest_only_with_trigger.py for tasks to queue
[2023-05-19 15:24:04,963] {logging_mixin.py:115} INFO - [2023-05-19 15:24:04,963] {dagbag.py:507} INFO - Filling up the DagBag from /Users/marianaoliveira/Downloads/alura1/venv/lib/python3.10/site-packages/airflow/example_dags/example_latest_only_with_trigger.py
[2023-05-19 15:24:04,984] {processor.py:651} INFO - DAG(s) dict_keys(['latest_only_with_trigger']) retrieved from /Users/marianaoliveira/Downloads/alura1/venv/lib/python3.10/site-packages/airflow/example_dags/example_latest_only_with_trigger.py
[2023-05-19 15:24:05,058] {logging_mixin.py:115} INFO - [2023-05-19 15:24:05,058] {dag.py:2379} INFO - Sync 1 DAGs
[2023-05-19 15:24:05,080] {logging_mixin.py:115} INFO - [2023-05-19 15:24:05,079] {dag.py:2927} INFO - Setting next_dagrun for latest_only_with_trigger to 2023-05-19T14:24:05.079738+00:00, run_after=2023-05-19T18:24:05.079738+00:00
[2023-05-19 15:24:05,094] {processor.py:161} INFO - Processing /Users/marianaoliveira/Downloads/alura1/venv/lib/python3.10/site-packages/airflow/example_dags/example_latest_only_with_trigger.py took 0.134 seconds
[2023-05-19 15:26:47,189] {processor.py:153} INFO - Started process (PID=3353) to work on /Users/marianaoliveira/Downloads/alura1/venv/lib/python3.10/site-packages/airflow/example_dags/example_latest_only_with_trigger.py
[2023-05-19 15:26:47,190] {processor.py:641} INFO - Processing file /Users/marianaoliveira/Downloads/alura1/venv/lib/python3.10/site-packages/airflow/example_dags/example_latest_only_with_trigger.py for tasks to queue
[2023-05-19 15:26:47,191] {logging_mixin.py:115} INFO - [2023-05-19 15:26:47,191] {dagbag.py:507} INFO - Filling up the DagBag from /Users/marianaoliveira/Downloads/alura1/venv/lib/python3.10/site-packages/airflow/example_dags/example_latest_only_with_trigger.py
[2023-05-19 15:26:47,207] {processor.py:651} INFO - DAG(s) dict_keys(['latest_only_with_trigger']) retrieved from /Users/marianaoliveira/Downloads/alura1/venv/lib/python3.10/site-packages/airflow/example_dags/example_latest_only_with_trigger.py
[2023-05-19 15:26:47,296] {logging_mixin.py:115} INFO - [2023-05-19 15:26:47,296] {dag.py:2379} INFO - Sync 1 DAGs
[2023-05-19 15:26:47,317] {logging_mixin.py:115} INFO - [2023-05-19 15:26:47,317] {dag.py:2927} INFO - Setting next_dagrun for latest_only_with_trigger to 2023-05-19T14:26:47.317287+00:00, run_after=2023-05-19T18:26:47.317287+00:00
[2023-05-19 15:26:47,333] {processor.py:161} INFO - Processing /Users/marianaoliveira/Downloads/alura1/venv/lib/python3.10/site-packages/airflow/example_dags/example_latest_only_with_trigger.py took 0.144 seconds
[2023-05-19 15:28:51,878] {processor.py:153} INFO - Started process (PID=3421) to work on /Users/marianaoliveira/Downloads/alura1/venv/lib/python3.10/site-packages/airflow/example_dags/example_latest_only_with_trigger.py
[2023-05-19 15:28:51,878] {processor.py:641} INFO - Processing file /Users/marianaoliveira/Downloads/alura1/venv/lib/python3.10/site-packages/airflow/example_dags/example_latest_only_with_trigger.py for tasks to queue
[2023-05-19 15:28:51,878] {logging_mixin.py:115} INFO - [2023-05-19 15:28:51,878] {dagbag.py:507} INFO - Filling up the DagBag from /Users/marianaoliveira/Downloads/alura1/venv/lib/python3.10/site-packages/airflow/example_dags/example_latest_only_with_trigger.py
[2023-05-19 15:28:51,896] {processor.py:651} INFO - DAG(s) dict_keys(['latest_only_with_trigger']) retrieved from /Users/marianaoliveira/Downloads/alura1/venv/lib/python3.10/site-packages/airflow/example_dags/example_latest_only_with_trigger.py
[2023-05-19 15:28:51,974] {logging_mixin.py:115} INFO - [2023-05-19 15:28:51,974] {dag.py:2379} INFO - Sync 1 DAGs
[2023-05-19 15:28:51,994] {logging_mixin.py:115} INFO - [2023-05-19 15:28:51,994] {dag.py:2927} INFO - Setting next_dagrun for latest_only_with_trigger to 2023-05-19T14:28:51.994103+00:00, run_after=2023-05-19T18:28:51.994103+00:00
[2023-05-19 15:28:52,012] {processor.py:161} INFO - Processing /Users/marianaoliveira/Downloads/alura1/venv/lib/python3.10/site-packages/airflow/example_dags/example_latest_only_with_trigger.py took 0.136 seconds
[2023-05-19 16:29:40,368] {processor.py:153} INFO - Started process (PID=6074) to work on /Users/marianaoliveira/Downloads/alura1/venv/lib/python3.10/site-packages/airflow/example_dags/example_latest_only_with_trigger.py
[2023-05-19 16:29:40,370] {processor.py:641} INFO - Processing file /Users/marianaoliveira/Downloads/alura1/venv/lib/python3.10/site-packages/airflow/example_dags/example_latest_only_with_trigger.py for tasks to queue
[2023-05-19 16:29:40,370] {logging_mixin.py:115} INFO - [2023-05-19 16:29:40,370] {dagbag.py:507} INFO - Filling up the DagBag from /Users/marianaoliveira/Downloads/alura1/venv/lib/python3.10/site-packages/airflow/example_dags/example_latest_only_with_trigger.py
[2023-05-19 16:29:40,399] {processor.py:651} INFO - DAG(s) dict_keys(['latest_only_with_trigger']) retrieved from /Users/marianaoliveira/Downloads/alura1/venv/lib/python3.10/site-packages/airflow/example_dags/example_latest_only_with_trigger.py
[2023-05-19 16:29:40,508] {logging_mixin.py:115} INFO - [2023-05-19 16:29:40,508] {dag.py:2379} INFO - Sync 1 DAGs
[2023-05-19 16:29:40,532] {logging_mixin.py:115} INFO - [2023-05-19 16:29:40,532] {dag.py:2927} INFO - Setting next_dagrun for latest_only_with_trigger to 2023-05-19T15:29:40.531903+00:00, run_after=2023-05-19T19:29:40.531903+00:00
[2023-05-19 16:29:40,549] {processor.py:161} INFO - Processing /Users/marianaoliveira/Downloads/alura1/venv/lib/python3.10/site-packages/airflow/example_dags/example_latest_only_with_trigger.py took 0.181 seconds
[2023-05-19 16:34:16,243] {processor.py:153} INFO - Started process (PID=6231) to work on /Users/marianaoliveira/Downloads/alura1/venv/lib/python3.10/site-packages/airflow/example_dags/example_latest_only_with_trigger.py
[2023-05-19 16:34:16,246] {processor.py:641} INFO - Processing file /Users/marianaoliveira/Downloads/alura1/venv/lib/python3.10/site-packages/airflow/example_dags/example_latest_only_with_trigger.py for tasks to queue
[2023-05-19 16:34:16,248] {logging_mixin.py:115} INFO - [2023-05-19 16:34:16,247] {dagbag.py:507} INFO - Filling up the DagBag from /Users/marianaoliveira/Downloads/alura1/venv/lib/python3.10/site-packages/airflow/example_dags/example_latest_only_with_trigger.py
[2023-05-19 16:34:16,305] {processor.py:651} INFO - DAG(s) dict_keys(['latest_only_with_trigger']) retrieved from /Users/marianaoliveira/Downloads/alura1/venv/lib/python3.10/site-packages/airflow/example_dags/example_latest_only_with_trigger.py
[2023-05-19 16:34:16,924] {logging_mixin.py:115} INFO - [2023-05-19 16:34:16,923] {dag.py:2379} INFO - Sync 1 DAGs
[2023-05-19 16:34:17,001] {logging_mixin.py:115} INFO - [2023-05-19 16:34:17,000] {dag.py:2927} INFO - Setting next_dagrun for latest_only_with_trigger to 2023-05-19T15:34:17.000545+00:00, run_after=2023-05-19T19:34:17.000545+00:00
[2023-05-19 16:34:17,126] {processor.py:161} INFO - Processing /Users/marianaoliveira/Downloads/alura1/venv/lib/python3.10/site-packages/airflow/example_dags/example_latest_only_with_trigger.py took 0.885 seconds
[2023-05-19 16:36:46,525] {processor.py:153} INFO - Started process (PID=6310) to work on /Users/marianaoliveira/Downloads/alura1/venv/lib/python3.10/site-packages/airflow/example_dags/example_latest_only_with_trigger.py
[2023-05-19 16:36:46,526] {processor.py:641} INFO - Processing file /Users/marianaoliveira/Downloads/alura1/venv/lib/python3.10/site-packages/airflow/example_dags/example_latest_only_with_trigger.py for tasks to queue
[2023-05-19 16:36:46,527] {logging_mixin.py:115} INFO - [2023-05-19 16:36:46,527] {dagbag.py:507} INFO - Filling up the DagBag from /Users/marianaoliveira/Downloads/alura1/venv/lib/python3.10/site-packages/airflow/example_dags/example_latest_only_with_trigger.py
[2023-05-19 16:36:46,548] {processor.py:651} INFO - DAG(s) dict_keys(['latest_only_with_trigger']) retrieved from /Users/marianaoliveira/Downloads/alura1/venv/lib/python3.10/site-packages/airflow/example_dags/example_latest_only_with_trigger.py
[2023-05-19 16:36:46,668] {logging_mixin.py:115} INFO - [2023-05-19 16:36:46,668] {dag.py:2379} INFO - Sync 1 DAGs
[2023-05-19 16:36:46,697] {logging_mixin.py:115} INFO - [2023-05-19 16:36:46,697] {dag.py:2927} INFO - Setting next_dagrun for latest_only_with_trigger to 2023-05-19T15:36:46.697056+00:00, run_after=2023-05-19T19:36:46.697056+00:00
[2023-05-19 16:36:46,715] {processor.py:161} INFO - Processing /Users/marianaoliveira/Downloads/alura1/venv/lib/python3.10/site-packages/airflow/example_dags/example_latest_only_with_trigger.py took 0.192 seconds
[2023-05-19 16:51:55,442] {processor.py:153} INFO - Started process (PID=6741) to work on /Users/marianaoliveira/Downloads/alura1/venv/lib/python3.10/site-packages/airflow/example_dags/example_latest_only_with_trigger.py
[2023-05-19 16:51:55,443] {processor.py:641} INFO - Processing file /Users/marianaoliveira/Downloads/alura1/venv/lib/python3.10/site-packages/airflow/example_dags/example_latest_only_with_trigger.py for tasks to queue
[2023-05-19 16:51:55,445] {logging_mixin.py:115} INFO - [2023-05-19 16:51:55,444] {dagbag.py:507} INFO - Filling up the DagBag from /Users/marianaoliveira/Downloads/alura1/venv/lib/python3.10/site-packages/airflow/example_dags/example_latest_only_with_trigger.py
[2023-05-19 16:51:55,480] {processor.py:651} INFO - DAG(s) dict_keys(['latest_only_with_trigger']) retrieved from /Users/marianaoliveira/Downloads/alura1/venv/lib/python3.10/site-packages/airflow/example_dags/example_latest_only_with_trigger.py
[2023-05-19 16:51:56,062] {logging_mixin.py:115} INFO - [2023-05-19 16:51:56,061] {dag.py:2379} INFO - Sync 1 DAGs
[2023-05-19 16:51:56,109] {logging_mixin.py:115} INFO - [2023-05-19 16:51:56,109] {dag.py:2927} INFO - Setting next_dagrun for latest_only_with_trigger to 2023-05-19T15:51:56.109516+00:00, run_after=2023-05-19T19:51:56.109516+00:00
[2023-05-19 16:51:56,148] {processor.py:161} INFO - Processing /Users/marianaoliveira/Downloads/alura1/venv/lib/python3.10/site-packages/airflow/example_dags/example_latest_only_with_trigger.py took 0.708 seconds
[2023-05-19 16:55:37,047] {processor.py:153} INFO - Started process (PID=6979) to work on /Users/marianaoliveira/Downloads/alura1/venv/lib/python3.10/site-packages/airflow/example_dags/example_latest_only_with_trigger.py
[2023-05-19 16:55:37,048] {processor.py:641} INFO - Processing file /Users/marianaoliveira/Downloads/alura1/venv/lib/python3.10/site-packages/airflow/example_dags/example_latest_only_with_trigger.py for tasks to queue
[2023-05-19 16:55:37,048] {logging_mixin.py:115} INFO - [2023-05-19 16:55:37,048] {dagbag.py:507} INFO - Filling up the DagBag from /Users/marianaoliveira/Downloads/alura1/venv/lib/python3.10/site-packages/airflow/example_dags/example_latest_only_with_trigger.py
[2023-05-19 16:55:37,074] {processor.py:651} INFO - DAG(s) dict_keys(['latest_only_with_trigger']) retrieved from /Users/marianaoliveira/Downloads/alura1/venv/lib/python3.10/site-packages/airflow/example_dags/example_latest_only_with_trigger.py
[2023-05-19 16:55:37,223] {logging_mixin.py:115} INFO - [2023-05-19 16:55:37,222] {dag.py:2379} INFO - Sync 1 DAGs
[2023-05-19 16:55:37,260] {logging_mixin.py:115} INFO - [2023-05-19 16:55:37,260] {dag.py:2927} INFO - Setting next_dagrun for latest_only_with_trigger to 2023-05-19T15:55:37.260020+00:00, run_after=2023-05-19T19:55:37.260020+00:00
[2023-05-19 16:55:37,285] {processor.py:161} INFO - Processing /Users/marianaoliveira/Downloads/alura1/venv/lib/python3.10/site-packages/airflow/example_dags/example_latest_only_with_trigger.py took 0.239 seconds
[2023-05-19 16:58:43,274] {processor.py:153} INFO - Started process (PID=7075) to work on /Users/marianaoliveira/Downloads/alura1/venv/lib/python3.10/site-packages/airflow/example_dags/example_latest_only_with_trigger.py
[2023-05-19 16:58:43,275] {processor.py:641} INFO - Processing file /Users/marianaoliveira/Downloads/alura1/venv/lib/python3.10/site-packages/airflow/example_dags/example_latest_only_with_trigger.py for tasks to queue
[2023-05-19 16:58:43,276] {logging_mixin.py:115} INFO - [2023-05-19 16:58:43,276] {dagbag.py:507} INFO - Filling up the DagBag from /Users/marianaoliveira/Downloads/alura1/venv/lib/python3.10/site-packages/airflow/example_dags/example_latest_only_with_trigger.py
[2023-05-19 16:58:43,310] {processor.py:651} INFO - DAG(s) dict_keys(['latest_only_with_trigger']) retrieved from /Users/marianaoliveira/Downloads/alura1/venv/lib/python3.10/site-packages/airflow/example_dags/example_latest_only_with_trigger.py
[2023-05-19 16:58:43,478] {logging_mixin.py:115} INFO - [2023-05-19 16:58:43,478] {dag.py:2379} INFO - Sync 1 DAGs
[2023-05-19 16:58:43,510] {logging_mixin.py:115} INFO - [2023-05-19 16:58:43,510] {dag.py:2927} INFO - Setting next_dagrun for latest_only_with_trigger to 2023-05-19T15:58:43.510051+00:00, run_after=2023-05-19T19:58:43.510051+00:00
[2023-05-19 16:58:43,535] {processor.py:161} INFO - Processing /Users/marianaoliveira/Downloads/alura1/venv/lib/python3.10/site-packages/airflow/example_dags/example_latest_only_with_trigger.py took 0.262 seconds
[2023-05-19 17:01:45,486] {processor.py:153} INFO - Started process (PID=7161) to work on /Users/marianaoliveira/Downloads/alura1/venv/lib/python3.10/site-packages/airflow/example_dags/example_latest_only_with_trigger.py
[2023-05-19 17:01:45,488] {processor.py:641} INFO - Processing file /Users/marianaoliveira/Downloads/alura1/venv/lib/python3.10/site-packages/airflow/example_dags/example_latest_only_with_trigger.py for tasks to queue
[2023-05-19 17:01:45,488] {logging_mixin.py:115} INFO - [2023-05-19 17:01:45,488] {dagbag.py:507} INFO - Filling up the DagBag from /Users/marianaoliveira/Downloads/alura1/venv/lib/python3.10/site-packages/airflow/example_dags/example_latest_only_with_trigger.py
[2023-05-19 17:01:45,513] {processor.py:651} INFO - DAG(s) dict_keys(['latest_only_with_trigger']) retrieved from /Users/marianaoliveira/Downloads/alura1/venv/lib/python3.10/site-packages/airflow/example_dags/example_latest_only_with_trigger.py
[2023-05-19 17:01:45,636] {logging_mixin.py:115} INFO - [2023-05-19 17:01:45,636] {dag.py:2379} INFO - Sync 1 DAGs
[2023-05-19 17:01:45,673] {logging_mixin.py:115} INFO - [2023-05-19 17:01:45,673] {dag.py:2927} INFO - Setting next_dagrun for latest_only_with_trigger to 2023-05-19T16:01:45.673205+00:00, run_after=2023-05-19T20:01:45.673205+00:00
[2023-05-19 17:01:45,705] {processor.py:161} INFO - Processing /Users/marianaoliveira/Downloads/alura1/venv/lib/python3.10/site-packages/airflow/example_dags/example_latest_only_with_trigger.py took 0.219 seconds
[2023-05-19 17:30:56,279] {processor.py:153} INFO - Started process (PID=7757) to work on /Users/marianaoliveira/Downloads/alura1/venv/lib/python3.10/site-packages/airflow/example_dags/example_latest_only_with_trigger.py
[2023-05-19 17:30:56,280] {processor.py:641} INFO - Processing file /Users/marianaoliveira/Downloads/alura1/venv/lib/python3.10/site-packages/airflow/example_dags/example_latest_only_with_trigger.py for tasks to queue
[2023-05-19 17:30:56,281] {logging_mixin.py:115} INFO - [2023-05-19 17:30:56,281] {dagbag.py:507} INFO - Filling up the DagBag from /Users/marianaoliveira/Downloads/alura1/venv/lib/python3.10/site-packages/airflow/example_dags/example_latest_only_with_trigger.py
[2023-05-19 17:30:56,307] {processor.py:651} INFO - DAG(s) dict_keys(['latest_only_with_trigger']) retrieved from /Users/marianaoliveira/Downloads/alura1/venv/lib/python3.10/site-packages/airflow/example_dags/example_latest_only_with_trigger.py
[2023-05-19 17:30:56,476] {logging_mixin.py:115} INFO - [2023-05-19 17:30:56,476] {dag.py:2379} INFO - Sync 1 DAGs
[2023-05-19 17:30:56,509] {logging_mixin.py:115} INFO - [2023-05-19 17:30:56,509] {dag.py:2927} INFO - Setting next_dagrun for latest_only_with_trigger to 2023-05-19T16:30:56.509558+00:00, run_after=2023-05-19T20:30:56.509558+00:00
[2023-05-19 17:30:56,532] {processor.py:161} INFO - Processing /Users/marianaoliveira/Downloads/alura1/venv/lib/python3.10/site-packages/airflow/example_dags/example_latest_only_with_trigger.py took 0.255 seconds
[2023-05-19 17:33:52,495] {processor.py:153} INFO - Started process (PID=7827) to work on /Users/marianaoliveira/Downloads/alura1/venv/lib/python3.10/site-packages/airflow/example_dags/example_latest_only_with_trigger.py
[2023-05-19 17:33:52,497] {processor.py:641} INFO - Processing file /Users/marianaoliveira/Downloads/alura1/venv/lib/python3.10/site-packages/airflow/example_dags/example_latest_only_with_trigger.py for tasks to queue
[2023-05-19 17:33:52,497] {logging_mixin.py:115} INFO - [2023-05-19 17:33:52,497] {dagbag.py:507} INFO - Filling up the DagBag from /Users/marianaoliveira/Downloads/alura1/venv/lib/python3.10/site-packages/airflow/example_dags/example_latest_only_with_trigger.py
[2023-05-19 17:33:52,537] {processor.py:651} INFO - DAG(s) dict_keys(['latest_only_with_trigger']) retrieved from /Users/marianaoliveira/Downloads/alura1/venv/lib/python3.10/site-packages/airflow/example_dags/example_latest_only_with_trigger.py
[2023-05-19 17:33:53,025] {logging_mixin.py:115} INFO - [2023-05-19 17:33:53,025] {dag.py:2379} INFO - Sync 1 DAGs
[2023-05-19 17:33:53,143] {logging_mixin.py:115} INFO - [2023-05-19 17:33:53,143] {dag.py:2927} INFO - Setting next_dagrun for latest_only_with_trigger to 2023-05-19T16:33:53.142890+00:00, run_after=2023-05-19T20:33:53.142890+00:00
[2023-05-19 17:33:53,216] {processor.py:161} INFO - Processing /Users/marianaoliveira/Downloads/alura1/venv/lib/python3.10/site-packages/airflow/example_dags/example_latest_only_with_trigger.py took 0.729 seconds
[2023-05-19 17:38:20,887] {processor.py:153} INFO - Started process (PID=7935) to work on /Users/marianaoliveira/Downloads/alura1/venv/lib/python3.10/site-packages/airflow/example_dags/example_latest_only_with_trigger.py
[2023-05-19 17:38:20,888] {processor.py:641} INFO - Processing file /Users/marianaoliveira/Downloads/alura1/venv/lib/python3.10/site-packages/airflow/example_dags/example_latest_only_with_trigger.py for tasks to queue
[2023-05-19 17:38:20,889] {logging_mixin.py:115} INFO - [2023-05-19 17:38:20,888] {dagbag.py:507} INFO - Filling up the DagBag from /Users/marianaoliveira/Downloads/alura1/venv/lib/python3.10/site-packages/airflow/example_dags/example_latest_only_with_trigger.py
[2023-05-19 17:38:20,986] {processor.py:651} INFO - DAG(s) dict_keys(['latest_only_with_trigger']) retrieved from /Users/marianaoliveira/Downloads/alura1/venv/lib/python3.10/site-packages/airflow/example_dags/example_latest_only_with_trigger.py
[2023-05-19 17:38:21,319] {logging_mixin.py:115} INFO - [2023-05-19 17:38:21,318] {dag.py:2379} INFO - Sync 1 DAGs
[2023-05-19 17:38:21,368] {logging_mixin.py:115} INFO - [2023-05-19 17:38:21,368] {dag.py:2927} INFO - Setting next_dagrun for latest_only_with_trigger to 2023-05-19T16:38:21.367989+00:00, run_after=2023-05-19T20:38:21.367989+00:00
[2023-05-19 17:38:21,400] {processor.py:161} INFO - Processing /Users/marianaoliveira/Downloads/alura1/venv/lib/python3.10/site-packages/airflow/example_dags/example_latest_only_with_trigger.py took 0.514 seconds
[2023-05-19 17:45:35,147] {processor.py:153} INFO - Started process (PID=8109) to work on /Users/marianaoliveira/Downloads/alura1/venv/lib/python3.10/site-packages/airflow/example_dags/example_latest_only_with_trigger.py
[2023-05-19 17:45:35,148] {processor.py:641} INFO - Processing file /Users/marianaoliveira/Downloads/alura1/venv/lib/python3.10/site-packages/airflow/example_dags/example_latest_only_with_trigger.py for tasks to queue
[2023-05-19 17:45:35,151] {logging_mixin.py:115} INFO - [2023-05-19 17:45:35,150] {dagbag.py:507} INFO - Filling up the DagBag from /Users/marianaoliveira/Downloads/alura1/venv/lib/python3.10/site-packages/airflow/example_dags/example_latest_only_with_trigger.py
[2023-05-19 17:45:35,192] {processor.py:651} INFO - DAG(s) dict_keys(['latest_only_with_trigger']) retrieved from /Users/marianaoliveira/Downloads/alura1/venv/lib/python3.10/site-packages/airflow/example_dags/example_latest_only_with_trigger.py
[2023-05-19 17:45:35,331] {logging_mixin.py:115} INFO - [2023-05-19 17:45:35,331] {dag.py:2379} INFO - Sync 1 DAGs
[2023-05-19 17:45:35,363] {logging_mixin.py:115} INFO - [2023-05-19 17:45:35,363] {dag.py:2927} INFO - Setting next_dagrun for latest_only_with_trigger to 2023-05-19T16:45:35.363645+00:00, run_after=2023-05-19T20:45:35.363645+00:00
[2023-05-19 17:45:35,382] {processor.py:161} INFO - Processing /Users/marianaoliveira/Downloads/alura1/venv/lib/python3.10/site-packages/airflow/example_dags/example_latest_only_with_trigger.py took 0.236 seconds
[2023-05-19 17:47:55,953] {processor.py:153} INFO - Started process (PID=8172) to work on /Users/marianaoliveira/Downloads/alura1/venv/lib/python3.10/site-packages/airflow/example_dags/example_latest_only_with_trigger.py
[2023-05-19 17:47:55,955] {processor.py:641} INFO - Processing file /Users/marianaoliveira/Downloads/alura1/venv/lib/python3.10/site-packages/airflow/example_dags/example_latest_only_with_trigger.py for tasks to queue
[2023-05-19 17:47:55,956] {logging_mixin.py:115} INFO - [2023-05-19 17:47:55,955] {dagbag.py:507} INFO - Filling up the DagBag from /Users/marianaoliveira/Downloads/alura1/venv/lib/python3.10/site-packages/airflow/example_dags/example_latest_only_with_trigger.py
[2023-05-19 17:47:55,984] {processor.py:651} INFO - DAG(s) dict_keys(['latest_only_with_trigger']) retrieved from /Users/marianaoliveira/Downloads/alura1/venv/lib/python3.10/site-packages/airflow/example_dags/example_latest_only_with_trigger.py
[2023-05-19 17:47:56,174] {logging_mixin.py:115} INFO - [2023-05-19 17:47:56,174] {dag.py:2379} INFO - Sync 1 DAGs
[2023-05-19 17:47:56,203] {logging_mixin.py:115} INFO - [2023-05-19 17:47:56,203] {dag.py:2927} INFO - Setting next_dagrun for latest_only_with_trigger to 2023-05-19T16:47:56.203483+00:00, run_after=2023-05-19T20:47:56.203483+00:00
[2023-05-19 17:47:56,222] {processor.py:161} INFO - Processing /Users/marianaoliveira/Downloads/alura1/venv/lib/python3.10/site-packages/airflow/example_dags/example_latest_only_with_trigger.py took 0.270 seconds
[2023-05-19 17:51:04,566] {processor.py:153} INFO - Started process (PID=8270) to work on /Users/marianaoliveira/Downloads/alura1/venv/lib/python3.10/site-packages/airflow/example_dags/example_latest_only_with_trigger.py
[2023-05-19 17:51:04,567] {processor.py:641} INFO - Processing file /Users/marianaoliveira/Downloads/alura1/venv/lib/python3.10/site-packages/airflow/example_dags/example_latest_only_with_trigger.py for tasks to queue
[2023-05-19 17:51:04,567] {logging_mixin.py:115} INFO - [2023-05-19 17:51:04,567] {dagbag.py:507} INFO - Filling up the DagBag from /Users/marianaoliveira/Downloads/alura1/venv/lib/python3.10/site-packages/airflow/example_dags/example_latest_only_with_trigger.py
[2023-05-19 17:51:04,597] {processor.py:651} INFO - DAG(s) dict_keys(['latest_only_with_trigger']) retrieved from /Users/marianaoliveira/Downloads/alura1/venv/lib/python3.10/site-packages/airflow/example_dags/example_latest_only_with_trigger.py
[2023-05-19 17:51:04,763] {logging_mixin.py:115} INFO - [2023-05-19 17:51:04,763] {dag.py:2379} INFO - Sync 1 DAGs
[2023-05-19 17:51:04,792] {logging_mixin.py:115} INFO - [2023-05-19 17:51:04,792] {dag.py:2927} INFO - Setting next_dagrun for latest_only_with_trigger to 2023-05-19T16:51:04.791777+00:00, run_after=2023-05-19T20:51:04.791777+00:00
[2023-05-19 17:51:04,814] {processor.py:161} INFO - Processing /Users/marianaoliveira/Downloads/alura1/venv/lib/python3.10/site-packages/airflow/example_dags/example_latest_only_with_trigger.py took 0.250 seconds
[2023-05-19 17:54:37,213] {processor.py:153} INFO - Started process (PID=8445) to work on /Users/marianaoliveira/Downloads/alura1/venv/lib/python3.10/site-packages/airflow/example_dags/example_latest_only_with_trigger.py
[2023-05-19 17:54:37,213] {processor.py:641} INFO - Processing file /Users/marianaoliveira/Downloads/alura1/venv/lib/python3.10/site-packages/airflow/example_dags/example_latest_only_with_trigger.py for tasks to queue
[2023-05-19 17:54:37,214] {logging_mixin.py:115} INFO - [2023-05-19 17:54:37,214] {dagbag.py:507} INFO - Filling up the DagBag from /Users/marianaoliveira/Downloads/alura1/venv/lib/python3.10/site-packages/airflow/example_dags/example_latest_only_with_trigger.py
[2023-05-19 17:54:37,249] {processor.py:651} INFO - DAG(s) dict_keys(['latest_only_with_trigger']) retrieved from /Users/marianaoliveira/Downloads/alura1/venv/lib/python3.10/site-packages/airflow/example_dags/example_latest_only_with_trigger.py
[2023-05-19 17:54:37,362] {logging_mixin.py:115} INFO - [2023-05-19 17:54:37,361] {dag.py:2379} INFO - Sync 1 DAGs
[2023-05-19 17:54:37,394] {logging_mixin.py:115} INFO - [2023-05-19 17:54:37,394] {dag.py:2927} INFO - Setting next_dagrun for latest_only_with_trigger to 2023-05-19T16:54:37.394031+00:00, run_after=2023-05-19T20:54:37.394031+00:00
[2023-05-19 17:54:37,410] {processor.py:161} INFO - Processing /Users/marianaoliveira/Downloads/alura1/venv/lib/python3.10/site-packages/airflow/example_dags/example_latest_only_with_trigger.py took 0.199 seconds
[2023-05-19 17:57:36,391] {processor.py:153} INFO - Started process (PID=8599) to work on /Users/marianaoliveira/Downloads/alura1/venv/lib/python3.10/site-packages/airflow/example_dags/example_latest_only_with_trigger.py
[2023-05-19 17:57:36,393] {processor.py:641} INFO - Processing file /Users/marianaoliveira/Downloads/alura1/venv/lib/python3.10/site-packages/airflow/example_dags/example_latest_only_with_trigger.py for tasks to queue
[2023-05-19 17:57:36,393] {logging_mixin.py:115} INFO - [2023-05-19 17:57:36,393] {dagbag.py:507} INFO - Filling up the DagBag from /Users/marianaoliveira/Downloads/alura1/venv/lib/python3.10/site-packages/airflow/example_dags/example_latest_only_with_trigger.py
[2023-05-19 17:57:36,413] {processor.py:651} INFO - DAG(s) dict_keys(['latest_only_with_trigger']) retrieved from /Users/marianaoliveira/Downloads/alura1/venv/lib/python3.10/site-packages/airflow/example_dags/example_latest_only_with_trigger.py
[2023-05-19 17:57:36,551] {logging_mixin.py:115} INFO - [2023-05-19 17:57:36,551] {dag.py:2379} INFO - Sync 1 DAGs
[2023-05-19 17:57:36,580] {logging_mixin.py:115} INFO - [2023-05-19 17:57:36,580] {dag.py:2927} INFO - Setting next_dagrun for latest_only_with_trigger to 2023-05-19T16:57:36.579785+00:00, run_after=2023-05-19T20:57:36.579785+00:00
[2023-05-19 17:57:36,615] {processor.py:161} INFO - Processing /Users/marianaoliveira/Downloads/alura1/venv/lib/python3.10/site-packages/airflow/example_dags/example_latest_only_with_trigger.py took 0.225 seconds
[2023-05-19 18:15:25,550] {processor.py:153} INFO - Started process (PID=9227) to work on /Users/marianaoliveira/Downloads/alura1/venv/lib/python3.10/site-packages/airflow/example_dags/example_latest_only_with_trigger.py
[2023-05-19 18:15:25,552] {processor.py:641} INFO - Processing file /Users/marianaoliveira/Downloads/alura1/venv/lib/python3.10/site-packages/airflow/example_dags/example_latest_only_with_trigger.py for tasks to queue
[2023-05-19 18:15:25,552] {logging_mixin.py:115} INFO - [2023-05-19 18:15:25,552] {dagbag.py:507} INFO - Filling up the DagBag from /Users/marianaoliveira/Downloads/alura1/venv/lib/python3.10/site-packages/airflow/example_dags/example_latest_only_with_trigger.py
[2023-05-19 18:15:25,576] {processor.py:651} INFO - DAG(s) dict_keys(['latest_only_with_trigger']) retrieved from /Users/marianaoliveira/Downloads/alura1/venv/lib/python3.10/site-packages/airflow/example_dags/example_latest_only_with_trigger.py
[2023-05-19 18:15:25,711] {logging_mixin.py:115} INFO - [2023-05-19 18:15:25,711] {dag.py:2379} INFO - Sync 1 DAGs
[2023-05-19 18:15:25,738] {logging_mixin.py:115} INFO - [2023-05-19 18:15:25,738] {dag.py:2927} INFO - Setting next_dagrun for latest_only_with_trigger to 2023-05-19T17:15:25.738080+00:00, run_after=2023-05-19T21:15:25.738080+00:00
[2023-05-19 18:15:25,756] {processor.py:161} INFO - Processing /Users/marianaoliveira/Downloads/alura1/venv/lib/python3.10/site-packages/airflow/example_dags/example_latest_only_with_trigger.py took 0.212 seconds
