[2023-05-19 15:13:14,410] {processor.py:153} INFO - Started process (PID=2856) to work on /Users/marianaoliveira/Downloads/alura1/venv/lib/python3.10/site-packages/airflow/example_dags/example_branch_datetime_operator.py
[2023-05-19 15:13:14,411] {processor.py:641} INFO - Processing file /Users/marianaoliveira/Downloads/alura1/venv/lib/python3.10/site-packages/airflow/example_dags/example_branch_datetime_operator.py for tasks to queue
[2023-05-19 15:13:14,411] {logging_mixin.py:115} INFO - [2023-05-19 15:13:14,411] {dagbag.py:507} INFO - Filling up the DagBag from /Users/marianaoliveira/Downloads/alura1/venv/lib/python3.10/site-packages/airflow/example_dags/example_branch_datetime_operator.py
[2023-05-19 15:13:14,431] {processor.py:651} INFO - DAG(s) dict_keys(['example_branch_datetime_operator_2']) retrieved from /Users/marianaoliveira/Downloads/alura1/venv/lib/python3.10/site-packages/airflow/example_dags/example_branch_datetime_operator.py
[2023-05-19 15:13:15,359] {logging_mixin.py:115} INFO - [2023-05-19 15:13:15,359] {manager.py:508} INFO - Created Permission View: can delete on DAG:example_branch_datetime_operator_2
[2023-05-19 15:13:15,370] {logging_mixin.py:115} INFO - [2023-05-19 15:13:15,370] {manager.py:508} INFO - Created Permission View: can read on DAG:example_branch_datetime_operator_2
[2023-05-19 15:13:15,378] {logging_mixin.py:115} INFO - [2023-05-19 15:13:15,378] {manager.py:508} INFO - Created Permission View: can edit on DAG:example_branch_datetime_operator_2
[2023-05-19 15:13:15,378] {logging_mixin.py:115} INFO - [2023-05-19 15:13:15,378] {dag.py:2379} INFO - Sync 1 DAGs
[2023-05-19 15:13:15,386] {logging_mixin.py:115} INFO - [2023-05-19 15:13:15,386] {dag.py:2398} INFO - Creating ORM DAG for example_branch_datetime_operator_2
[2023-05-19 15:13:15,403] {logging_mixin.py:115} INFO - [2023-05-19 15:13:15,403] {dag.py:2927} INFO - Setting next_dagrun for example_branch_datetime_operator_2 to 2023-05-18T00:00:00+00:00, run_after=2023-05-19T00:00:00+00:00
[2023-05-19 15:13:15,417] {processor.py:161} INFO - Processing /Users/marianaoliveira/Downloads/alura1/venv/lib/python3.10/site-packages/airflow/example_dags/example_branch_datetime_operator.py took 1.008 seconds
[2023-05-19 15:15:05,958] {processor.py:153} INFO - Started process (PID=2924) to work on /Users/marianaoliveira/Downloads/alura1/venv/lib/python3.10/site-packages/airflow/example_dags/example_branch_datetime_operator.py
[2023-05-19 15:15:05,958] {processor.py:641} INFO - Processing file /Users/marianaoliveira/Downloads/alura1/venv/lib/python3.10/site-packages/airflow/example_dags/example_branch_datetime_operator.py for tasks to queue
[2023-05-19 15:15:05,959] {logging_mixin.py:115} INFO - [2023-05-19 15:15:05,959] {dagbag.py:507} INFO - Filling up the DagBag from /Users/marianaoliveira/Downloads/alura1/venv/lib/python3.10/site-packages/airflow/example_dags/example_branch_datetime_operator.py
[2023-05-19 15:15:05,977] {processor.py:651} INFO - DAG(s) dict_keys(['example_branch_datetime_operator_2']) retrieved from /Users/marianaoliveira/Downloads/alura1/venv/lib/python3.10/site-packages/airflow/example_dags/example_branch_datetime_operator.py
[2023-05-19 15:15:06,048] {logging_mixin.py:115} INFO - [2023-05-19 15:15:06,048] {dag.py:2379} INFO - Sync 1 DAGs
[2023-05-19 15:15:06,070] {logging_mixin.py:115} INFO - [2023-05-19 15:15:06,070] {dag.py:2927} INFO - Setting next_dagrun for example_branch_datetime_operator_2 to 2023-05-18T00:00:00+00:00, run_after=2023-05-19T00:00:00+00:00
[2023-05-19 15:15:06,088] {processor.py:161} INFO - Processing /Users/marianaoliveira/Downloads/alura1/venv/lib/python3.10/site-packages/airflow/example_dags/example_branch_datetime_operator.py took 0.131 seconds
[2023-05-19 15:17:43,708] {processor.py:153} INFO - Started process (PID=3033) to work on /Users/marianaoliveira/Downloads/alura1/venv/lib/python3.10/site-packages/airflow/example_dags/example_branch_datetime_operator.py
[2023-05-19 15:17:43,710] {processor.py:641} INFO - Processing file /Users/marianaoliveira/Downloads/alura1/venv/lib/python3.10/site-packages/airflow/example_dags/example_branch_datetime_operator.py for tasks to queue
[2023-05-19 15:17:43,710] {logging_mixin.py:115} INFO - [2023-05-19 15:17:43,710] {dagbag.py:507} INFO - Filling up the DagBag from /Users/marianaoliveira/Downloads/alura1/venv/lib/python3.10/site-packages/airflow/example_dags/example_branch_datetime_operator.py
[2023-05-19 15:17:43,752] {processor.py:651} INFO - DAG(s) dict_keys(['example_branch_datetime_operator_2']) retrieved from /Users/marianaoliveira/Downloads/alura1/venv/lib/python3.10/site-packages/airflow/example_dags/example_branch_datetime_operator.py
[2023-05-19 15:17:43,941] {logging_mixin.py:115} INFO - [2023-05-19 15:17:43,941] {dag.py:2379} INFO - Sync 1 DAGs
[2023-05-19 15:17:43,991] {logging_mixin.py:115} INFO - [2023-05-19 15:17:43,991] {dag.py:2927} INFO - Setting next_dagrun for example_branch_datetime_operator_2 to 2023-05-18T00:00:00+00:00, run_after=2023-05-19T00:00:00+00:00
[2023-05-19 15:17:44,015] {processor.py:161} INFO - Processing /Users/marianaoliveira/Downloads/alura1/venv/lib/python3.10/site-packages/airflow/example_dags/example_branch_datetime_operator.py took 0.309 seconds
[2023-05-19 15:19:59,382] {processor.py:153} INFO - Started process (PID=3116) to work on /Users/marianaoliveira/Downloads/alura1/venv/lib/python3.10/site-packages/airflow/example_dags/example_branch_datetime_operator.py
[2023-05-19 15:19:59,384] {processor.py:641} INFO - Processing file /Users/marianaoliveira/Downloads/alura1/venv/lib/python3.10/site-packages/airflow/example_dags/example_branch_datetime_operator.py for tasks to queue
[2023-05-19 15:19:59,387] {logging_mixin.py:115} INFO - [2023-05-19 15:19:59,387] {dagbag.py:507} INFO - Filling up the DagBag from /Users/marianaoliveira/Downloads/alura1/venv/lib/python3.10/site-packages/airflow/example_dags/example_branch_datetime_operator.py
[2023-05-19 15:19:59,406] {processor.py:651} INFO - DAG(s) dict_keys(['example_branch_datetime_operator_2']) retrieved from /Users/marianaoliveira/Downloads/alura1/venv/lib/python3.10/site-packages/airflow/example_dags/example_branch_datetime_operator.py
[2023-05-19 15:19:59,478] {logging_mixin.py:115} INFO - [2023-05-19 15:19:59,477] {dag.py:2379} INFO - Sync 1 DAGs
[2023-05-19 15:19:59,496] {logging_mixin.py:115} INFO - [2023-05-19 15:19:59,496] {dag.py:2927} INFO - Setting next_dagrun for example_branch_datetime_operator_2 to 2023-05-18T00:00:00+00:00, run_after=2023-05-19T00:00:00+00:00
[2023-05-19 15:19:59,507] {processor.py:161} INFO - Processing /Users/marianaoliveira/Downloads/alura1/venv/lib/python3.10/site-packages/airflow/example_dags/example_branch_datetime_operator.py took 0.126 seconds
[2023-05-19 15:21:44,029] {processor.py:153} INFO - Started process (PID=3169) to work on /Users/marianaoliveira/Downloads/alura1/venv/lib/python3.10/site-packages/airflow/example_dags/example_branch_datetime_operator.py
[2023-05-19 15:21:44,030] {processor.py:641} INFO - Processing file /Users/marianaoliveira/Downloads/alura1/venv/lib/python3.10/site-packages/airflow/example_dags/example_branch_datetime_operator.py for tasks to queue
[2023-05-19 15:21:44,031] {logging_mixin.py:115} INFO - [2023-05-19 15:21:44,031] {dagbag.py:507} INFO - Filling up the DagBag from /Users/marianaoliveira/Downloads/alura1/venv/lib/python3.10/site-packages/airflow/example_dags/example_branch_datetime_operator.py
[2023-05-19 15:21:44,052] {processor.py:651} INFO - DAG(s) dict_keys(['example_branch_datetime_operator_2']) retrieved from /Users/marianaoliveira/Downloads/alura1/venv/lib/python3.10/site-packages/airflow/example_dags/example_branch_datetime_operator.py
[2023-05-19 15:21:44,152] {logging_mixin.py:115} INFO - [2023-05-19 15:21:44,152] {dag.py:2379} INFO - Sync 1 DAGs
[2023-05-19 15:21:44,181] {logging_mixin.py:115} INFO - [2023-05-19 15:21:44,181] {dag.py:2927} INFO - Setting next_dagrun for example_branch_datetime_operator_2 to 2023-05-18T00:00:00+00:00, run_after=2023-05-19T00:00:00+00:00
[2023-05-19 15:21:44,197] {processor.py:161} INFO - Processing /Users/marianaoliveira/Downloads/alura1/venv/lib/python3.10/site-packages/airflow/example_dags/example_branch_datetime_operator.py took 0.169 seconds
[2023-05-19 15:23:19,608] {processor.py:153} INFO - Started process (PID=3220) to work on /Users/marianaoliveira/Downloads/alura1/venv/lib/python3.10/site-packages/airflow/example_dags/example_branch_datetime_operator.py
[2023-05-19 15:23:19,610] {processor.py:641} INFO - Processing file /Users/marianaoliveira/Downloads/alura1/venv/lib/python3.10/site-packages/airflow/example_dags/example_branch_datetime_operator.py for tasks to queue
[2023-05-19 15:23:19,610] {logging_mixin.py:115} INFO - [2023-05-19 15:23:19,610] {dagbag.py:507} INFO - Filling up the DagBag from /Users/marianaoliveira/Downloads/alura1/venv/lib/python3.10/site-packages/airflow/example_dags/example_branch_datetime_operator.py
[2023-05-19 15:23:19,635] {processor.py:651} INFO - DAG(s) dict_keys(['example_branch_datetime_operator_2']) retrieved from /Users/marianaoliveira/Downloads/alura1/venv/lib/python3.10/site-packages/airflow/example_dags/example_branch_datetime_operator.py
[2023-05-19 15:23:19,721] {logging_mixin.py:115} INFO - [2023-05-19 15:23:19,721] {dag.py:2379} INFO - Sync 1 DAGs
[2023-05-19 15:23:19,744] {logging_mixin.py:115} INFO - [2023-05-19 15:23:19,744] {dag.py:2927} INFO - Setting next_dagrun for example_branch_datetime_operator_2 to 2023-05-18T00:00:00+00:00, run_after=2023-05-19T00:00:00+00:00
[2023-05-19 15:23:19,759] {processor.py:161} INFO - Processing /Users/marianaoliveira/Downloads/alura1/venv/lib/python3.10/site-packages/airflow/example_dags/example_branch_datetime_operator.py took 0.151 seconds
[2023-05-19 15:25:23,250] {processor.py:153} INFO - Started process (PID=3288) to work on /Users/marianaoliveira/Downloads/alura1/venv/lib/python3.10/site-packages/airflow/example_dags/example_branch_datetime_operator.py
[2023-05-19 15:25:23,252] {processor.py:641} INFO - Processing file /Users/marianaoliveira/Downloads/alura1/venv/lib/python3.10/site-packages/airflow/example_dags/example_branch_datetime_operator.py for tasks to queue
[2023-05-19 15:25:23,252] {logging_mixin.py:115} INFO - [2023-05-19 15:25:23,252] {dagbag.py:507} INFO - Filling up the DagBag from /Users/marianaoliveira/Downloads/alura1/venv/lib/python3.10/site-packages/airflow/example_dags/example_branch_datetime_operator.py
[2023-05-19 15:25:23,292] {processor.py:651} INFO - DAG(s) dict_keys(['example_branch_datetime_operator_2']) retrieved from /Users/marianaoliveira/Downloads/alura1/venv/lib/python3.10/site-packages/airflow/example_dags/example_branch_datetime_operator.py
[2023-05-19 15:25:23,392] {logging_mixin.py:115} INFO - [2023-05-19 15:25:23,392] {dag.py:2379} INFO - Sync 1 DAGs
[2023-05-19 15:25:23,419] {logging_mixin.py:115} INFO - [2023-05-19 15:25:23,418] {dag.py:2927} INFO - Setting next_dagrun for example_branch_datetime_operator_2 to 2023-05-18T00:00:00+00:00, run_after=2023-05-19T00:00:00+00:00
[2023-05-19 15:25:23,435] {processor.py:161} INFO - Processing /Users/marianaoliveira/Downloads/alura1/venv/lib/python3.10/site-packages/airflow/example_dags/example_branch_datetime_operator.py took 0.186 seconds
[2023-05-19 15:27:59,452] {processor.py:153} INFO - Started process (PID=3400) to work on /Users/marianaoliveira/Downloads/alura1/venv/lib/python3.10/site-packages/airflow/example_dags/example_branch_datetime_operator.py
[2023-05-19 15:27:59,453] {processor.py:641} INFO - Processing file /Users/marianaoliveira/Downloads/alura1/venv/lib/python3.10/site-packages/airflow/example_dags/example_branch_datetime_operator.py for tasks to queue
[2023-05-19 15:27:59,453] {logging_mixin.py:115} INFO - [2023-05-19 15:27:59,453] {dagbag.py:507} INFO - Filling up the DagBag from /Users/marianaoliveira/Downloads/alura1/venv/lib/python3.10/site-packages/airflow/example_dags/example_branch_datetime_operator.py
[2023-05-19 15:27:59,472] {processor.py:651} INFO - DAG(s) dict_keys(['example_branch_datetime_operator_2']) retrieved from /Users/marianaoliveira/Downloads/alura1/venv/lib/python3.10/site-packages/airflow/example_dags/example_branch_datetime_operator.py
[2023-05-19 15:27:59,540] {logging_mixin.py:115} INFO - [2023-05-19 15:27:59,539] {dag.py:2379} INFO - Sync 1 DAGs
[2023-05-19 15:27:59,558] {logging_mixin.py:115} INFO - [2023-05-19 15:27:59,558] {dag.py:2927} INFO - Setting next_dagrun for example_branch_datetime_operator_2 to 2023-05-18T00:00:00+00:00, run_after=2023-05-19T00:00:00+00:00
[2023-05-19 15:27:59,570] {processor.py:161} INFO - Processing /Users/marianaoliveira/Downloads/alura1/venv/lib/python3.10/site-packages/airflow/example_dags/example_branch_datetime_operator.py took 0.118 seconds
[2023-05-19 15:30:16,296] {processor.py:153} INFO - Started process (PID=3478) to work on /Users/marianaoliveira/Downloads/alura1/venv/lib/python3.10/site-packages/airflow/example_dags/example_branch_datetime_operator.py
[2023-05-19 15:30:16,296] {processor.py:641} INFO - Processing file /Users/marianaoliveira/Downloads/alura1/venv/lib/python3.10/site-packages/airflow/example_dags/example_branch_datetime_operator.py for tasks to queue
[2023-05-19 15:30:16,297] {logging_mixin.py:115} INFO - [2023-05-19 15:30:16,297] {dagbag.py:507} INFO - Filling up the DagBag from /Users/marianaoliveira/Downloads/alura1/venv/lib/python3.10/site-packages/airflow/example_dags/example_branch_datetime_operator.py
[2023-05-19 15:30:16,330] {processor.py:651} INFO - DAG(s) dict_keys(['example_branch_datetime_operator_2']) retrieved from /Users/marianaoliveira/Downloads/alura1/venv/lib/python3.10/site-packages/airflow/example_dags/example_branch_datetime_operator.py
[2023-05-19 15:30:16,479] {logging_mixin.py:115} INFO - [2023-05-19 15:30:16,478] {dag.py:2379} INFO - Sync 1 DAGs
[2023-05-19 15:30:16,509] {logging_mixin.py:115} INFO - [2023-05-19 15:30:16,509] {dag.py:2927} INFO - Setting next_dagrun for example_branch_datetime_operator_2 to 2023-05-18T00:00:00+00:00, run_after=2023-05-19T00:00:00+00:00
[2023-05-19 15:30:16,537] {processor.py:161} INFO - Processing /Users/marianaoliveira/Downloads/alura1/venv/lib/python3.10/site-packages/airflow/example_dags/example_branch_datetime_operator.py took 0.241 seconds
[2023-05-19 16:30:26,621] {processor.py:153} INFO - Started process (PID=6098) to work on /Users/marianaoliveira/Downloads/alura1/venv/lib/python3.10/site-packages/airflow/example_dags/example_branch_datetime_operator.py
[2023-05-19 16:30:26,621] {processor.py:641} INFO - Processing file /Users/marianaoliveira/Downloads/alura1/venv/lib/python3.10/site-packages/airflow/example_dags/example_branch_datetime_operator.py for tasks to queue
[2023-05-19 16:30:26,622] {logging_mixin.py:115} INFO - [2023-05-19 16:30:26,622] {dagbag.py:507} INFO - Filling up the DagBag from /Users/marianaoliveira/Downloads/alura1/venv/lib/python3.10/site-packages/airflow/example_dags/example_branch_datetime_operator.py
[2023-05-19 16:30:26,660] {processor.py:651} INFO - DAG(s) dict_keys(['example_branch_datetime_operator_2']) retrieved from /Users/marianaoliveira/Downloads/alura1/venv/lib/python3.10/site-packages/airflow/example_dags/example_branch_datetime_operator.py
[2023-05-19 16:30:26,789] {logging_mixin.py:115} INFO - [2023-05-19 16:30:26,789] {dag.py:2379} INFO - Sync 1 DAGs
[2023-05-19 16:30:26,829] {logging_mixin.py:115} INFO - [2023-05-19 16:30:26,828] {dag.py:2927} INFO - Setting next_dagrun for example_branch_datetime_operator_2 to 2023-05-18T00:00:00+00:00, run_after=2023-05-19T00:00:00+00:00
[2023-05-19 16:30:26,851] {processor.py:161} INFO - Processing /Users/marianaoliveira/Downloads/alura1/venv/lib/python3.10/site-packages/airflow/example_dags/example_branch_datetime_operator.py took 0.232 seconds
[2023-05-19 16:35:29,694] {processor.py:153} INFO - Started process (PID=6278) to work on /Users/marianaoliveira/Downloads/alura1/venv/lib/python3.10/site-packages/airflow/example_dags/example_branch_datetime_operator.py
[2023-05-19 16:35:29,695] {processor.py:641} INFO - Processing file /Users/marianaoliveira/Downloads/alura1/venv/lib/python3.10/site-packages/airflow/example_dags/example_branch_datetime_operator.py for tasks to queue
[2023-05-19 16:35:29,696] {logging_mixin.py:115} INFO - [2023-05-19 16:35:29,696] {dagbag.py:507} INFO - Filling up the DagBag from /Users/marianaoliveira/Downloads/alura1/venv/lib/python3.10/site-packages/airflow/example_dags/example_branch_datetime_operator.py
[2023-05-19 16:35:29,732] {processor.py:651} INFO - DAG(s) dict_keys(['example_branch_datetime_operator_2']) retrieved from /Users/marianaoliveira/Downloads/alura1/venv/lib/python3.10/site-packages/airflow/example_dags/example_branch_datetime_operator.py
[2023-05-19 16:35:29,885] {logging_mixin.py:115} INFO - [2023-05-19 16:35:29,885] {dag.py:2379} INFO - Sync 1 DAGs
[2023-05-19 16:35:29,937] {logging_mixin.py:115} INFO - [2023-05-19 16:35:29,936] {dag.py:2927} INFO - Setting next_dagrun for example_branch_datetime_operator_2 to 2023-05-18T00:00:00+00:00, run_after=2023-05-19T00:00:00+00:00
[2023-05-19 16:35:29,955] {processor.py:161} INFO - Processing /Users/marianaoliveira/Downloads/alura1/venv/lib/python3.10/site-packages/airflow/example_dags/example_branch_datetime_operator.py took 0.263 seconds
[2023-05-19 16:40:16,539] {processor.py:153} INFO - Started process (PID=6488) to work on /Users/marianaoliveira/Downloads/alura1/venv/lib/python3.10/site-packages/airflow/example_dags/example_branch_datetime_operator.py
[2023-05-19 16:40:16,541] {processor.py:641} INFO - Processing file /Users/marianaoliveira/Downloads/alura1/venv/lib/python3.10/site-packages/airflow/example_dags/example_branch_datetime_operator.py for tasks to queue
[2023-05-19 16:40:16,547] {logging_mixin.py:115} INFO - [2023-05-19 16:40:16,547] {dagbag.py:507} INFO - Filling up the DagBag from /Users/marianaoliveira/Downloads/alura1/venv/lib/python3.10/site-packages/airflow/example_dags/example_branch_datetime_operator.py
[2023-05-19 16:40:16,606] {processor.py:651} INFO - DAG(s) dict_keys(['example_branch_datetime_operator_2']) retrieved from /Users/marianaoliveira/Downloads/alura1/venv/lib/python3.10/site-packages/airflow/example_dags/example_branch_datetime_operator.py
[2023-05-19 16:40:16,846] {logging_mixin.py:115} INFO - [2023-05-19 16:40:16,845] {dag.py:2379} INFO - Sync 1 DAGs
[2023-05-19 16:40:16,905] {logging_mixin.py:115} INFO - [2023-05-19 16:40:16,905] {dag.py:2927} INFO - Setting next_dagrun for example_branch_datetime_operator_2 to 2023-05-18T00:00:00+00:00, run_after=2023-05-19T00:00:00+00:00
[2023-05-19 16:40:16,942] {processor.py:161} INFO - Processing /Users/marianaoliveira/Downloads/alura1/venv/lib/python3.10/site-packages/airflow/example_dags/example_branch_datetime_operator.py took 0.404 seconds
[2023-05-19 16:52:50,142] {processor.py:153} INFO - Started process (PID=6795) to work on /Users/marianaoliveira/Downloads/alura1/venv/lib/python3.10/site-packages/airflow/example_dags/example_branch_datetime_operator.py
[2023-05-19 16:52:50,147] {processor.py:641} INFO - Processing file /Users/marianaoliveira/Downloads/alura1/venv/lib/python3.10/site-packages/airflow/example_dags/example_branch_datetime_operator.py for tasks to queue
[2023-05-19 16:52:50,147] {logging_mixin.py:115} INFO - [2023-05-19 16:52:50,147] {dagbag.py:507} INFO - Filling up the DagBag from /Users/marianaoliveira/Downloads/alura1/venv/lib/python3.10/site-packages/airflow/example_dags/example_branch_datetime_operator.py
[2023-05-19 16:52:50,210] {processor.py:651} INFO - DAG(s) dict_keys(['example_branch_datetime_operator_2']) retrieved from /Users/marianaoliveira/Downloads/alura1/venv/lib/python3.10/site-packages/airflow/example_dags/example_branch_datetime_operator.py
[2023-05-19 16:52:50,381] {logging_mixin.py:115} INFO - [2023-05-19 16:52:50,381] {dag.py:2379} INFO - Sync 1 DAGs
[2023-05-19 16:52:50,411] {logging_mixin.py:115} INFO - [2023-05-19 16:52:50,411] {dag.py:2927} INFO - Setting next_dagrun for example_branch_datetime_operator_2 to 2023-05-18T00:00:00+00:00, run_after=2023-05-19T00:00:00+00:00
[2023-05-19 16:52:50,437] {processor.py:161} INFO - Processing /Users/marianaoliveira/Downloads/alura1/venv/lib/python3.10/site-packages/airflow/example_dags/example_branch_datetime_operator.py took 0.305 seconds
[2023-05-19 16:57:19,590] {processor.py:153} INFO - Started process (PID=7033) to work on /Users/marianaoliveira/Downloads/alura1/venv/lib/python3.10/site-packages/airflow/example_dags/example_branch_datetime_operator.py
[2023-05-19 16:57:19,597] {processor.py:641} INFO - Processing file /Users/marianaoliveira/Downloads/alura1/venv/lib/python3.10/site-packages/airflow/example_dags/example_branch_datetime_operator.py for tasks to queue
[2023-05-19 16:57:19,598] {logging_mixin.py:115} INFO - [2023-05-19 16:57:19,598] {dagbag.py:507} INFO - Filling up the DagBag from /Users/marianaoliveira/Downloads/alura1/venv/lib/python3.10/site-packages/airflow/example_dags/example_branch_datetime_operator.py
[2023-05-19 16:57:19,628] {processor.py:651} INFO - DAG(s) dict_keys(['example_branch_datetime_operator_2']) retrieved from /Users/marianaoliveira/Downloads/alura1/venv/lib/python3.10/site-packages/airflow/example_dags/example_branch_datetime_operator.py
[2023-05-19 16:57:19,762] {logging_mixin.py:115} INFO - [2023-05-19 16:57:19,761] {dag.py:2379} INFO - Sync 1 DAGs
[2023-05-19 16:57:19,804] {logging_mixin.py:115} INFO - [2023-05-19 16:57:19,803] {dag.py:2927} INFO - Setting next_dagrun for example_branch_datetime_operator_2 to 2023-05-18T00:00:00+00:00, run_after=2023-05-19T00:00:00+00:00
[2023-05-19 16:57:19,822] {processor.py:161} INFO - Processing /Users/marianaoliveira/Downloads/alura1/venv/lib/python3.10/site-packages/airflow/example_dags/example_branch_datetime_operator.py took 0.233 seconds
[2023-05-19 17:00:27,193] {processor.py:153} INFO - Started process (PID=7123) to work on /Users/marianaoliveira/Downloads/alura1/venv/lib/python3.10/site-packages/airflow/example_dags/example_branch_datetime_operator.py
[2023-05-19 17:00:27,195] {processor.py:641} INFO - Processing file /Users/marianaoliveira/Downloads/alura1/venv/lib/python3.10/site-packages/airflow/example_dags/example_branch_datetime_operator.py for tasks to queue
[2023-05-19 17:00:27,195] {logging_mixin.py:115} INFO - [2023-05-19 17:00:27,195] {dagbag.py:507} INFO - Filling up the DagBag from /Users/marianaoliveira/Downloads/alura1/venv/lib/python3.10/site-packages/airflow/example_dags/example_branch_datetime_operator.py
[2023-05-19 17:00:27,304] {processor.py:651} INFO - DAG(s) dict_keys(['example_branch_datetime_operator_2']) retrieved from /Users/marianaoliveira/Downloads/alura1/venv/lib/python3.10/site-packages/airflow/example_dags/example_branch_datetime_operator.py
[2023-05-19 17:00:27,545] {logging_mixin.py:115} INFO - [2023-05-19 17:00:27,544] {dag.py:2379} INFO - Sync 1 DAGs
[2023-05-19 17:00:27,614] {logging_mixin.py:115} INFO - [2023-05-19 17:00:27,614] {dag.py:2927} INFO - Setting next_dagrun for example_branch_datetime_operator_2 to 2023-05-18T00:00:00+00:00, run_after=2023-05-19T00:00:00+00:00
[2023-05-19 17:00:27,663] {processor.py:161} INFO - Processing /Users/marianaoliveira/Downloads/alura1/venv/lib/python3.10/site-packages/airflow/example_dags/example_branch_datetime_operator.py took 0.471 seconds
[2023-05-19 17:04:22,964] {processor.py:153} INFO - Started process (PID=7295) to work on /Users/marianaoliveira/Downloads/alura1/venv/lib/python3.10/site-packages/airflow/example_dags/example_branch_datetime_operator.py
[2023-05-19 17:04:22,965] {processor.py:641} INFO - Processing file /Users/marianaoliveira/Downloads/alura1/venv/lib/python3.10/site-packages/airflow/example_dags/example_branch_datetime_operator.py for tasks to queue
[2023-05-19 17:04:22,966] {logging_mixin.py:115} INFO - [2023-05-19 17:04:22,966] {dagbag.py:507} INFO - Filling up the DagBag from /Users/marianaoliveira/Downloads/alura1/venv/lib/python3.10/site-packages/airflow/example_dags/example_branch_datetime_operator.py
[2023-05-19 17:04:23,008] {processor.py:651} INFO - DAG(s) dict_keys(['example_branch_datetime_operator_2']) retrieved from /Users/marianaoliveira/Downloads/alura1/venv/lib/python3.10/site-packages/airflow/example_dags/example_branch_datetime_operator.py
[2023-05-19 17:04:23,220] {logging_mixin.py:115} INFO - [2023-05-19 17:04:23,220] {dag.py:2379} INFO - Sync 1 DAGs
[2023-05-19 17:04:23,257] {logging_mixin.py:115} INFO - [2023-05-19 17:04:23,256] {dag.py:2927} INFO - Setting next_dagrun for example_branch_datetime_operator_2 to 2023-05-18T00:00:00+00:00, run_after=2023-05-19T00:00:00+00:00
[2023-05-19 17:04:23,297] {processor.py:161} INFO - Processing /Users/marianaoliveira/Downloads/alura1/venv/lib/python3.10/site-packages/airflow/example_dags/example_branch_datetime_operator.py took 0.335 seconds
[2023-05-19 17:31:35,532] {processor.py:153} INFO - Started process (PID=7773) to work on /Users/marianaoliveira/Downloads/alura1/venv/lib/python3.10/site-packages/airflow/example_dags/example_branch_datetime_operator.py
[2023-05-19 17:31:35,534] {processor.py:641} INFO - Processing file /Users/marianaoliveira/Downloads/alura1/venv/lib/python3.10/site-packages/airflow/example_dags/example_branch_datetime_operator.py for tasks to queue
[2023-05-19 17:31:35,534] {logging_mixin.py:115} INFO - [2023-05-19 17:31:35,534] {dagbag.py:507} INFO - Filling up the DagBag from /Users/marianaoliveira/Downloads/alura1/venv/lib/python3.10/site-packages/airflow/example_dags/example_branch_datetime_operator.py
[2023-05-19 17:31:35,564] {processor.py:651} INFO - DAG(s) dict_keys(['example_branch_datetime_operator_2']) retrieved from /Users/marianaoliveira/Downloads/alura1/venv/lib/python3.10/site-packages/airflow/example_dags/example_branch_datetime_operator.py
[2023-05-19 17:31:35,727] {logging_mixin.py:115} INFO - [2023-05-19 17:31:35,726] {dag.py:2379} INFO - Sync 1 DAGs
[2023-05-19 17:31:35,765] {logging_mixin.py:115} INFO - [2023-05-19 17:31:35,765] {dag.py:2927} INFO - Setting next_dagrun for example_branch_datetime_operator_2 to 2023-05-18T00:00:00+00:00, run_after=2023-05-19T00:00:00+00:00
[2023-05-19 17:31:35,792] {processor.py:161} INFO - Processing /Users/marianaoliveira/Downloads/alura1/venv/lib/python3.10/site-packages/airflow/example_dags/example_branch_datetime_operator.py took 0.261 seconds
[2023-05-19 17:36:48,582] {processor.py:153} INFO - Started process (PID=7891) to work on /Users/marianaoliveira/Downloads/alura1/venv/lib/python3.10/site-packages/airflow/example_dags/example_branch_datetime_operator.py
[2023-05-19 17:36:48,583] {processor.py:641} INFO - Processing file /Users/marianaoliveira/Downloads/alura1/venv/lib/python3.10/site-packages/airflow/example_dags/example_branch_datetime_operator.py for tasks to queue
[2023-05-19 17:36:48,584] {logging_mixin.py:115} INFO - [2023-05-19 17:36:48,584] {dagbag.py:507} INFO - Filling up the DagBag from /Users/marianaoliveira/Downloads/alura1/venv/lib/python3.10/site-packages/airflow/example_dags/example_branch_datetime_operator.py
[2023-05-19 17:36:48,612] {processor.py:651} INFO - DAG(s) dict_keys(['example_branch_datetime_operator_2']) retrieved from /Users/marianaoliveira/Downloads/alura1/venv/lib/python3.10/site-packages/airflow/example_dags/example_branch_datetime_operator.py
[2023-05-19 17:36:48,737] {logging_mixin.py:115} INFO - [2023-05-19 17:36:48,737] {dag.py:2379} INFO - Sync 1 DAGs
[2023-05-19 17:36:48,765] {logging_mixin.py:115} INFO - [2023-05-19 17:36:48,765] {dag.py:2927} INFO - Setting next_dagrun for example_branch_datetime_operator_2 to 2023-05-18T00:00:00+00:00, run_after=2023-05-19T00:00:00+00:00
[2023-05-19 17:36:48,782] {processor.py:161} INFO - Processing /Users/marianaoliveira/Downloads/alura1/venv/lib/python3.10/site-packages/airflow/example_dags/example_branch_datetime_operator.py took 0.201 seconds
[2023-05-19 17:46:10,734] {processor.py:153} INFO - Started process (PID=8130) to work on /Users/marianaoliveira/Downloads/alura1/venv/lib/python3.10/site-packages/airflow/example_dags/example_branch_datetime_operator.py
[2023-05-19 17:46:10,735] {processor.py:641} INFO - Processing file /Users/marianaoliveira/Downloads/alura1/venv/lib/python3.10/site-packages/airflow/example_dags/example_branch_datetime_operator.py for tasks to queue
[2023-05-19 17:46:10,736] {logging_mixin.py:115} INFO - [2023-05-19 17:46:10,735] {dagbag.py:507} INFO - Filling up the DagBag from /Users/marianaoliveira/Downloads/alura1/venv/lib/python3.10/site-packages/airflow/example_dags/example_branch_datetime_operator.py
[2023-05-19 17:46:10,763] {processor.py:651} INFO - DAG(s) dict_keys(['example_branch_datetime_operator_2']) retrieved from /Users/marianaoliveira/Downloads/alura1/venv/lib/python3.10/site-packages/airflow/example_dags/example_branch_datetime_operator.py
[2023-05-19 17:46:10,924] {logging_mixin.py:115} INFO - [2023-05-19 17:46:10,924] {dag.py:2379} INFO - Sync 1 DAGs
[2023-05-19 17:46:10,958] {logging_mixin.py:115} INFO - [2023-05-19 17:46:10,958] {dag.py:2927} INFO - Setting next_dagrun for example_branch_datetime_operator_2 to 2023-05-18T00:00:00+00:00, run_after=2023-05-19T00:00:00+00:00
[2023-05-19 17:46:10,980] {processor.py:161} INFO - Processing /Users/marianaoliveira/Downloads/alura1/venv/lib/python3.10/site-packages/airflow/example_dags/example_branch_datetime_operator.py took 0.247 seconds
[2023-05-19 17:49:30,415] {processor.py:153} INFO - Started process (PID=8214) to work on /Users/marianaoliveira/Downloads/alura1/venv/lib/python3.10/site-packages/airflow/example_dags/example_branch_datetime_operator.py
[2023-05-19 17:49:30,416] {processor.py:641} INFO - Processing file /Users/marianaoliveira/Downloads/alura1/venv/lib/python3.10/site-packages/airflow/example_dags/example_branch_datetime_operator.py for tasks to queue
[2023-05-19 17:49:30,417] {logging_mixin.py:115} INFO - [2023-05-19 17:49:30,417] {dagbag.py:507} INFO - Filling up the DagBag from /Users/marianaoliveira/Downloads/alura1/venv/lib/python3.10/site-packages/airflow/example_dags/example_branch_datetime_operator.py
[2023-05-19 17:49:30,447] {processor.py:651} INFO - DAG(s) dict_keys(['example_branch_datetime_operator_2']) retrieved from /Users/marianaoliveira/Downloads/alura1/venv/lib/python3.10/site-packages/airflow/example_dags/example_branch_datetime_operator.py
[2023-05-19 17:49:30,565] {logging_mixin.py:115} INFO - [2023-05-19 17:49:30,565] {dag.py:2379} INFO - Sync 1 DAGs
[2023-05-19 17:49:30,595] {logging_mixin.py:115} INFO - [2023-05-19 17:49:30,595] {dag.py:2927} INFO - Setting next_dagrun for example_branch_datetime_operator_2 to 2023-05-18T00:00:00+00:00, run_after=2023-05-19T00:00:00+00:00
[2023-05-19 17:49:30,622] {processor.py:161} INFO - Processing /Users/marianaoliveira/Downloads/alura1/venv/lib/python3.10/site-packages/airflow/example_dags/example_branch_datetime_operator.py took 0.213 seconds
[2023-05-19 17:52:58,828] {processor.py:153} INFO - Started process (PID=8358) to work on /Users/marianaoliveira/Downloads/alura1/venv/lib/python3.10/site-packages/airflow/example_dags/example_branch_datetime_operator.py
[2023-05-19 17:52:58,829] {processor.py:641} INFO - Processing file /Users/marianaoliveira/Downloads/alura1/venv/lib/python3.10/site-packages/airflow/example_dags/example_branch_datetime_operator.py for tasks to queue
[2023-05-19 17:52:58,830] {logging_mixin.py:115} INFO - [2023-05-19 17:52:58,830] {dagbag.py:507} INFO - Filling up the DagBag from /Users/marianaoliveira/Downloads/alura1/venv/lib/python3.10/site-packages/airflow/example_dags/example_branch_datetime_operator.py
[2023-05-19 17:52:58,885] {processor.py:651} INFO - DAG(s) dict_keys(['example_branch_datetime_operator_2']) retrieved from /Users/marianaoliveira/Downloads/alura1/venv/lib/python3.10/site-packages/airflow/example_dags/example_branch_datetime_operator.py
[2023-05-19 17:52:59,138] {logging_mixin.py:115} INFO - [2023-05-19 17:52:59,137] {dag.py:2379} INFO - Sync 1 DAGs
[2023-05-19 17:52:59,192] {logging_mixin.py:115} INFO - [2023-05-19 17:52:59,192] {dag.py:2927} INFO - Setting next_dagrun for example_branch_datetime_operator_2 to 2023-05-18T00:00:00+00:00, run_after=2023-05-19T00:00:00+00:00
[2023-05-19 17:52:59,216] {processor.py:161} INFO - Processing /Users/marianaoliveira/Downloads/alura1/venv/lib/python3.10/site-packages/airflow/example_dags/example_branch_datetime_operator.py took 0.392 seconds
[2023-05-19 17:56:23,112] {processor.py:153} INFO - Started process (PID=8552) to work on /Users/marianaoliveira/Downloads/alura1/venv/lib/python3.10/site-packages/airflow/example_dags/example_branch_datetime_operator.py
[2023-05-19 17:56:23,116] {processor.py:641} INFO - Processing file /Users/marianaoliveira/Downloads/alura1/venv/lib/python3.10/site-packages/airflow/example_dags/example_branch_datetime_operator.py for tasks to queue
[2023-05-19 17:56:23,118] {logging_mixin.py:115} INFO - [2023-05-19 17:56:23,118] {dagbag.py:507} INFO - Filling up the DagBag from /Users/marianaoliveira/Downloads/alura1/venv/lib/python3.10/site-packages/airflow/example_dags/example_branch_datetime_operator.py
[2023-05-19 17:56:23,142] {processor.py:651} INFO - DAG(s) dict_keys(['example_branch_datetime_operator_2']) retrieved from /Users/marianaoliveira/Downloads/alura1/venv/lib/python3.10/site-packages/airflow/example_dags/example_branch_datetime_operator.py
[2023-05-19 17:56:23,253] {logging_mixin.py:115} INFO - [2023-05-19 17:56:23,253] {dag.py:2379} INFO - Sync 1 DAGs
[2023-05-19 17:56:23,294] {logging_mixin.py:115} INFO - [2023-05-19 17:56:23,294] {dag.py:2927} INFO - Setting next_dagrun for example_branch_datetime_operator_2 to 2023-05-18T00:00:00+00:00, run_after=2023-05-19T00:00:00+00:00
[2023-05-19 17:56:23,316] {processor.py:161} INFO - Processing /Users/marianaoliveira/Downloads/alura1/venv/lib/python3.10/site-packages/airflow/example_dags/example_branch_datetime_operator.py took 0.205 seconds
[2023-05-19 17:59:34,825] {processor.py:153} INFO - Started process (PID=8644) to work on /Users/marianaoliveira/Downloads/alura1/venv/lib/python3.10/site-packages/airflow/example_dags/example_branch_datetime_operator.py
[2023-05-19 17:59:34,827] {processor.py:641} INFO - Processing file /Users/marianaoliveira/Downloads/alura1/venv/lib/python3.10/site-packages/airflow/example_dags/example_branch_datetime_operator.py for tasks to queue
[2023-05-19 17:59:34,828] {logging_mixin.py:115} INFO - [2023-05-19 17:59:34,827] {dagbag.py:507} INFO - Filling up the DagBag from /Users/marianaoliveira/Downloads/alura1/venv/lib/python3.10/site-packages/airflow/example_dags/example_branch_datetime_operator.py
[2023-05-19 17:59:34,856] {processor.py:651} INFO - DAG(s) dict_keys(['example_branch_datetime_operator_2']) retrieved from /Users/marianaoliveira/Downloads/alura1/venv/lib/python3.10/site-packages/airflow/example_dags/example_branch_datetime_operator.py
[2023-05-19 17:59:34,978] {logging_mixin.py:115} INFO - [2023-05-19 17:59:34,978] {dag.py:2379} INFO - Sync 1 DAGs
[2023-05-19 17:59:35,002] {logging_mixin.py:115} INFO - [2023-05-19 17:59:35,002] {dag.py:2927} INFO - Setting next_dagrun for example_branch_datetime_operator_2 to 2023-05-18T00:00:00+00:00, run_after=2023-05-19T00:00:00+00:00
[2023-05-19 17:59:35,019] {processor.py:161} INFO - Processing /Users/marianaoliveira/Downloads/alura1/venv/lib/python3.10/site-packages/airflow/example_dags/example_branch_datetime_operator.py took 0.195 seconds
[2023-05-19 18:16:12,828] {processor.py:153} INFO - Started process (PID=9255) to work on /Users/marianaoliveira/Downloads/alura1/venv/lib/python3.10/site-packages/airflow/example_dags/example_branch_datetime_operator.py
[2023-05-19 18:16:12,830] {processor.py:641} INFO - Processing file /Users/marianaoliveira/Downloads/alura1/venv/lib/python3.10/site-packages/airflow/example_dags/example_branch_datetime_operator.py for tasks to queue
[2023-05-19 18:16:12,831] {logging_mixin.py:115} INFO - [2023-05-19 18:16:12,831] {dagbag.py:507} INFO - Filling up the DagBag from /Users/marianaoliveira/Downloads/alura1/venv/lib/python3.10/site-packages/airflow/example_dags/example_branch_datetime_operator.py
[2023-05-19 18:16:12,876] {processor.py:651} INFO - DAG(s) dict_keys(['example_branch_datetime_operator_2']) retrieved from /Users/marianaoliveira/Downloads/alura1/venv/lib/python3.10/site-packages/airflow/example_dags/example_branch_datetime_operator.py
[2023-05-19 18:16:14,050] {logging_mixin.py:115} INFO - [2023-05-19 18:16:14,050] {dag.py:2379} INFO - Sync 1 DAGs
[2023-05-19 18:16:14,283] {logging_mixin.py:115} INFO - [2023-05-19 18:16:14,276] {dag.py:2927} INFO - Setting next_dagrun for example_branch_datetime_operator_2 to 2023-05-18T00:00:00+00:00, run_after=2023-05-19T00:00:00+00:00
[2023-05-19 18:16:14,336] {processor.py:161} INFO - Processing /Users/marianaoliveira/Downloads/alura1/venv/lib/python3.10/site-packages/airflow/example_dags/example_branch_datetime_operator.py took 1.509 seconds
