[2023-05-19 15:12:39,620] {processor.py:153} INFO - Started process (PID=2828) to work on /Users/marianaoliveira/Downloads/alura1/venv/lib/python3.10/site-packages/airflow/example_dags/example_latest_only.py
[2023-05-19 15:12:39,620] {processor.py:641} INFO - Processing file /Users/marianaoliveira/Downloads/alura1/venv/lib/python3.10/site-packages/airflow/example_dags/example_latest_only.py for tasks to queue
[2023-05-19 15:12:39,621] {logging_mixin.py:115} INFO - [2023-05-19 15:12:39,621] {dagbag.py:507} INFO - Filling up the DagBag from /Users/marianaoliveira/Downloads/alura1/venv/lib/python3.10/site-packages/airflow/example_dags/example_latest_only.py
[2023-05-19 15:12:39,659] {processor.py:651} INFO - DAG(s) dict_keys(['latest_only']) retrieved from /Users/marianaoliveira/Downloads/alura1/venv/lib/python3.10/site-packages/airflow/example_dags/example_latest_only.py
[2023-05-19 15:12:42,399] {logging_mixin.py:115} INFO - [2023-05-19 15:12:42,398] {manager.py:508} INFO - Created Permission View: can edit on DAG:latest_only
[2023-05-19 15:12:42,412] {logging_mixin.py:115} INFO - [2023-05-19 15:12:42,412] {manager.py:508} INFO - Created Permission View: can delete on DAG:latest_only
[2023-05-19 15:12:42,425] {logging_mixin.py:115} INFO - [2023-05-19 15:12:42,425] {manager.py:508} INFO - Created Permission View: can read on DAG:latest_only
[2023-05-19 15:12:42,426] {logging_mixin.py:115} INFO - [2023-05-19 15:12:42,426] {dag.py:2379} INFO - Sync 1 DAGs
[2023-05-19 15:12:42,436] {logging_mixin.py:115} INFO - [2023-05-19 15:12:42,436] {dag.py:2398} INFO - Creating ORM DAG for latest_only
[2023-05-19 15:12:42,456] {logging_mixin.py:115} INFO - [2023-05-19 15:12:42,456] {dag.py:2927} INFO - Setting next_dagrun for latest_only to 2023-05-19T14:12:42.455850+00:00, run_after=2023-05-19T18:12:42.455850+00:00
[2023-05-19 15:12:42,478] {processor.py:161} INFO - Processing /Users/marianaoliveira/Downloads/alura1/venv/lib/python3.10/site-packages/airflow/example_dags/example_latest_only.py took 2.859 seconds
[2023-05-19 15:14:13,139] {processor.py:153} INFO - Started process (PID=2891) to work on /Users/marianaoliveira/Downloads/alura1/venv/lib/python3.10/site-packages/airflow/example_dags/example_latest_only.py
[2023-05-19 15:14:13,140] {processor.py:641} INFO - Processing file /Users/marianaoliveira/Downloads/alura1/venv/lib/python3.10/site-packages/airflow/example_dags/example_latest_only.py for tasks to queue
[2023-05-19 15:14:13,141] {logging_mixin.py:115} INFO - [2023-05-19 15:14:13,141] {dagbag.py:507} INFO - Filling up the DagBag from /Users/marianaoliveira/Downloads/alura1/venv/lib/python3.10/site-packages/airflow/example_dags/example_latest_only.py
[2023-05-19 15:14:13,159] {processor.py:651} INFO - DAG(s) dict_keys(['latest_only']) retrieved from /Users/marianaoliveira/Downloads/alura1/venv/lib/python3.10/site-packages/airflow/example_dags/example_latest_only.py
[2023-05-19 15:14:13,233] {logging_mixin.py:115} INFO - [2023-05-19 15:14:13,233] {dag.py:2379} INFO - Sync 1 DAGs
[2023-05-19 15:14:13,253] {logging_mixin.py:115} INFO - [2023-05-19 15:14:13,253] {dag.py:2927} INFO - Setting next_dagrun for latest_only to 2023-05-19T14:14:13.253104+00:00, run_after=2023-05-19T18:14:13.253104+00:00
[2023-05-19 15:14:13,274] {processor.py:161} INFO - Processing /Users/marianaoliveira/Downloads/alura1/venv/lib/python3.10/site-packages/airflow/example_dags/example_latest_only.py took 0.136 seconds
[2023-05-19 15:16:12,833] {processor.py:153} INFO - Started process (PID=2958) to work on /Users/marianaoliveira/Downloads/alura1/venv/lib/python3.10/site-packages/airflow/example_dags/example_latest_only.py
[2023-05-19 15:16:12,834] {processor.py:641} INFO - Processing file /Users/marianaoliveira/Downloads/alura1/venv/lib/python3.10/site-packages/airflow/example_dags/example_latest_only.py for tasks to queue
[2023-05-19 15:16:12,834] {logging_mixin.py:115} INFO - [2023-05-19 15:16:12,834] {dagbag.py:507} INFO - Filling up the DagBag from /Users/marianaoliveira/Downloads/alura1/venv/lib/python3.10/site-packages/airflow/example_dags/example_latest_only.py
[2023-05-19 15:16:12,851] {processor.py:651} INFO - DAG(s) dict_keys(['latest_only']) retrieved from /Users/marianaoliveira/Downloads/alura1/venv/lib/python3.10/site-packages/airflow/example_dags/example_latest_only.py
[2023-05-19 15:16:12,951] {logging_mixin.py:115} INFO - [2023-05-19 15:16:12,951] {dag.py:2379} INFO - Sync 1 DAGs
[2023-05-19 15:16:12,971] {logging_mixin.py:115} INFO - [2023-05-19 15:16:12,971] {dag.py:2927} INFO - Setting next_dagrun for latest_only to 2023-05-19T14:16:12.971546+00:00, run_after=2023-05-19T18:16:12.971546+00:00
[2023-05-19 15:16:12,984] {processor.py:161} INFO - Processing /Users/marianaoliveira/Downloads/alura1/venv/lib/python3.10/site-packages/airflow/example_dags/example_latest_only.py took 0.152 seconds
[2023-05-19 15:18:56,687] {processor.py:153} INFO - Started process (PID=3086) to work on /Users/marianaoliveira/Downloads/alura1/venv/lib/python3.10/site-packages/airflow/example_dags/example_latest_only.py
[2023-05-19 15:18:56,688] {processor.py:641} INFO - Processing file /Users/marianaoliveira/Downloads/alura1/venv/lib/python3.10/site-packages/airflow/example_dags/example_latest_only.py for tasks to queue
[2023-05-19 15:18:56,690] {logging_mixin.py:115} INFO - [2023-05-19 15:18:56,689] {dagbag.py:507} INFO - Filling up the DagBag from /Users/marianaoliveira/Downloads/alura1/venv/lib/python3.10/site-packages/airflow/example_dags/example_latest_only.py
[2023-05-19 15:18:56,710] {processor.py:651} INFO - DAG(s) dict_keys(['latest_only']) retrieved from /Users/marianaoliveira/Downloads/alura1/venv/lib/python3.10/site-packages/airflow/example_dags/example_latest_only.py
[2023-05-19 15:18:56,796] {logging_mixin.py:115} INFO - [2023-05-19 15:18:56,796] {dag.py:2379} INFO - Sync 1 DAGs
[2023-05-19 15:18:56,812] {logging_mixin.py:115} INFO - [2023-05-19 15:18:56,812] {dag.py:2927} INFO - Setting next_dagrun for latest_only to 2023-05-19T14:18:56.812102+00:00, run_after=2023-05-19T18:18:56.812102+00:00
[2023-05-19 15:18:56,824] {processor.py:161} INFO - Processing /Users/marianaoliveira/Downloads/alura1/venv/lib/python3.10/site-packages/airflow/example_dags/example_latest_only.py took 0.138 seconds
[2023-05-19 15:20:50,434] {processor.py:153} INFO - Started process (PID=3143) to work on /Users/marianaoliveira/Downloads/alura1/venv/lib/python3.10/site-packages/airflow/example_dags/example_latest_only.py
[2023-05-19 15:20:50,435] {processor.py:641} INFO - Processing file /Users/marianaoliveira/Downloads/alura1/venv/lib/python3.10/site-packages/airflow/example_dags/example_latest_only.py for tasks to queue
[2023-05-19 15:20:50,435] {logging_mixin.py:115} INFO - [2023-05-19 15:20:50,435] {dagbag.py:507} INFO - Filling up the DagBag from /Users/marianaoliveira/Downloads/alura1/venv/lib/python3.10/site-packages/airflow/example_dags/example_latest_only.py
[2023-05-19 15:20:50,453] {processor.py:651} INFO - DAG(s) dict_keys(['latest_only']) retrieved from /Users/marianaoliveira/Downloads/alura1/venv/lib/python3.10/site-packages/airflow/example_dags/example_latest_only.py
[2023-05-19 15:20:50,545] {logging_mixin.py:115} INFO - [2023-05-19 15:20:50,545] {dag.py:2379} INFO - Sync 1 DAGs
[2023-05-19 15:20:50,570] {logging_mixin.py:115} INFO - [2023-05-19 15:20:50,570] {dag.py:2927} INFO - Setting next_dagrun for latest_only to 2023-05-19T14:20:50.570167+00:00, run_after=2023-05-19T18:20:50.570167+00:00
[2023-05-19 15:20:50,591] {processor.py:161} INFO - Processing /Users/marianaoliveira/Downloads/alura1/venv/lib/python3.10/site-packages/airflow/example_dags/example_latest_only.py took 0.158 seconds
[2023-05-19 15:22:29,372] {processor.py:153} INFO - Started process (PID=3194) to work on /Users/marianaoliveira/Downloads/alura1/venv/lib/python3.10/site-packages/airflow/example_dags/example_latest_only.py
[2023-05-19 15:22:29,373] {processor.py:641} INFO - Processing file /Users/marianaoliveira/Downloads/alura1/venv/lib/python3.10/site-packages/airflow/example_dags/example_latest_only.py for tasks to queue
[2023-05-19 15:22:29,373] {logging_mixin.py:115} INFO - [2023-05-19 15:22:29,373] {dagbag.py:507} INFO - Filling up the DagBag from /Users/marianaoliveira/Downloads/alura1/venv/lib/python3.10/site-packages/airflow/example_dags/example_latest_only.py
[2023-05-19 15:22:29,390] {processor.py:651} INFO - DAG(s) dict_keys(['latest_only']) retrieved from /Users/marianaoliveira/Downloads/alura1/venv/lib/python3.10/site-packages/airflow/example_dags/example_latest_only.py
[2023-05-19 15:22:29,461] {logging_mixin.py:115} INFO - [2023-05-19 15:22:29,461] {dag.py:2379} INFO - Sync 1 DAGs
[2023-05-19 15:22:29,478] {logging_mixin.py:115} INFO - [2023-05-19 15:22:29,478] {dag.py:2927} INFO - Setting next_dagrun for latest_only to 2023-05-19T14:22:29.478146+00:00, run_after=2023-05-19T18:22:29.478146+00:00
[2023-05-19 15:22:29,490] {processor.py:161} INFO - Processing /Users/marianaoliveira/Downloads/alura1/venv/lib/python3.10/site-packages/airflow/example_dags/example_latest_only.py took 0.118 seconds
[2023-05-19 15:24:07,358] {processor.py:153} INFO - Started process (PID=3245) to work on /Users/marianaoliveira/Downloads/alura1/venv/lib/python3.10/site-packages/airflow/example_dags/example_latest_only.py
[2023-05-19 15:24:07,360] {processor.py:641} INFO - Processing file /Users/marianaoliveira/Downloads/alura1/venv/lib/python3.10/site-packages/airflow/example_dags/example_latest_only.py for tasks to queue
[2023-05-19 15:24:07,363] {logging_mixin.py:115} INFO - [2023-05-19 15:24:07,362] {dagbag.py:507} INFO - Filling up the DagBag from /Users/marianaoliveira/Downloads/alura1/venv/lib/python3.10/site-packages/airflow/example_dags/example_latest_only.py
[2023-05-19 15:24:07,379] {processor.py:651} INFO - DAG(s) dict_keys(['latest_only']) retrieved from /Users/marianaoliveira/Downloads/alura1/venv/lib/python3.10/site-packages/airflow/example_dags/example_latest_only.py
[2023-05-19 15:24:07,450] {logging_mixin.py:115} INFO - [2023-05-19 15:24:07,450] {dag.py:2379} INFO - Sync 1 DAGs
[2023-05-19 15:24:07,468] {logging_mixin.py:115} INFO - [2023-05-19 15:24:07,467] {dag.py:2927} INFO - Setting next_dagrun for latest_only to 2023-05-19T14:24:07.467825+00:00, run_after=2023-05-19T18:24:07.467825+00:00
[2023-05-19 15:24:07,480] {processor.py:161} INFO - Processing /Users/marianaoliveira/Downloads/alura1/venv/lib/python3.10/site-packages/airflow/example_dags/example_latest_only.py took 0.123 seconds
[2023-05-19 15:26:49,772] {processor.py:153} INFO - Started process (PID=3355) to work on /Users/marianaoliveira/Downloads/alura1/venv/lib/python3.10/site-packages/airflow/example_dags/example_latest_only.py
[2023-05-19 15:26:49,772] {processor.py:641} INFO - Processing file /Users/marianaoliveira/Downloads/alura1/venv/lib/python3.10/site-packages/airflow/example_dags/example_latest_only.py for tasks to queue
[2023-05-19 15:26:49,773] {logging_mixin.py:115} INFO - [2023-05-19 15:26:49,773] {dagbag.py:507} INFO - Filling up the DagBag from /Users/marianaoliveira/Downloads/alura1/venv/lib/python3.10/site-packages/airflow/example_dags/example_latest_only.py
[2023-05-19 15:26:49,787] {processor.py:651} INFO - DAG(s) dict_keys(['latest_only']) retrieved from /Users/marianaoliveira/Downloads/alura1/venv/lib/python3.10/site-packages/airflow/example_dags/example_latest_only.py
[2023-05-19 15:26:49,859] {logging_mixin.py:115} INFO - [2023-05-19 15:26:49,859] {dag.py:2379} INFO - Sync 1 DAGs
[2023-05-19 15:26:49,876] {logging_mixin.py:115} INFO - [2023-05-19 15:26:49,876] {dag.py:2927} INFO - Setting next_dagrun for latest_only to 2023-05-19T14:26:49.876489+00:00, run_after=2023-05-19T18:26:49.876489+00:00
[2023-05-19 15:26:49,889] {processor.py:161} INFO - Processing /Users/marianaoliveira/Downloads/alura1/venv/lib/python3.10/site-packages/airflow/example_dags/example_latest_only.py took 0.118 seconds
[2023-05-19 15:28:53,974] {processor.py:153} INFO - Started process (PID=3423) to work on /Users/marianaoliveira/Downloads/alura1/venv/lib/python3.10/site-packages/airflow/example_dags/example_latest_only.py
[2023-05-19 15:28:53,974] {processor.py:641} INFO - Processing file /Users/marianaoliveira/Downloads/alura1/venv/lib/python3.10/site-packages/airflow/example_dags/example_latest_only.py for tasks to queue
[2023-05-19 15:28:53,974] {logging_mixin.py:115} INFO - [2023-05-19 15:28:53,974] {dagbag.py:507} INFO - Filling up the DagBag from /Users/marianaoliveira/Downloads/alura1/venv/lib/python3.10/site-packages/airflow/example_dags/example_latest_only.py
[2023-05-19 15:28:53,990] {processor.py:651} INFO - DAG(s) dict_keys(['latest_only']) retrieved from /Users/marianaoliveira/Downloads/alura1/venv/lib/python3.10/site-packages/airflow/example_dags/example_latest_only.py
[2023-05-19 15:28:54,072] {logging_mixin.py:115} INFO - [2023-05-19 15:28:54,072] {dag.py:2379} INFO - Sync 1 DAGs
[2023-05-19 15:28:54,088] {logging_mixin.py:115} INFO - [2023-05-19 15:28:54,088] {dag.py:2927} INFO - Setting next_dagrun for latest_only to 2023-05-19T14:28:54.088559+00:00, run_after=2023-05-19T18:28:54.088559+00:00
[2023-05-19 15:28:54,101] {processor.py:161} INFO - Processing /Users/marianaoliveira/Downloads/alura1/venv/lib/python3.10/site-packages/airflow/example_dags/example_latest_only.py took 0.128 seconds
[2023-05-19 16:29:43,259] {processor.py:153} INFO - Started process (PID=6075) to work on /Users/marianaoliveira/Downloads/alura1/venv/lib/python3.10/site-packages/airflow/example_dags/example_latest_only.py
[2023-05-19 16:29:43,261] {processor.py:641} INFO - Processing file /Users/marianaoliveira/Downloads/alura1/venv/lib/python3.10/site-packages/airflow/example_dags/example_latest_only.py for tasks to queue
[2023-05-19 16:29:43,261] {logging_mixin.py:115} INFO - [2023-05-19 16:29:43,261] {dagbag.py:507} INFO - Filling up the DagBag from /Users/marianaoliveira/Downloads/alura1/venv/lib/python3.10/site-packages/airflow/example_dags/example_latest_only.py
[2023-05-19 16:29:43,288] {processor.py:651} INFO - DAG(s) dict_keys(['latest_only']) retrieved from /Users/marianaoliveira/Downloads/alura1/venv/lib/python3.10/site-packages/airflow/example_dags/example_latest_only.py
[2023-05-19 16:29:43,409] {logging_mixin.py:115} INFO - [2023-05-19 16:29:43,408] {dag.py:2379} INFO - Sync 1 DAGs
[2023-05-19 16:29:43,430] {logging_mixin.py:115} INFO - [2023-05-19 16:29:43,430] {dag.py:2927} INFO - Setting next_dagrun for latest_only to 2023-05-19T15:29:43.430596+00:00, run_after=2023-05-19T19:29:43.430596+00:00
[2023-05-19 16:29:43,450] {processor.py:161} INFO - Processing /Users/marianaoliveira/Downloads/alura1/venv/lib/python3.10/site-packages/airflow/example_dags/example_latest_only.py took 0.192 seconds
[2023-05-19 16:34:23,050] {processor.py:153} INFO - Started process (PID=6234) to work on /Users/marianaoliveira/Downloads/alura1/venv/lib/python3.10/site-packages/airflow/example_dags/example_latest_only.py
[2023-05-19 16:34:23,051] {processor.py:641} INFO - Processing file /Users/marianaoliveira/Downloads/alura1/venv/lib/python3.10/site-packages/airflow/example_dags/example_latest_only.py for tasks to queue
[2023-05-19 16:34:23,052] {logging_mixin.py:115} INFO - [2023-05-19 16:34:23,052] {dagbag.py:507} INFO - Filling up the DagBag from /Users/marianaoliveira/Downloads/alura1/venv/lib/python3.10/site-packages/airflow/example_dags/example_latest_only.py
[2023-05-19 16:34:23,084] {processor.py:651} INFO - DAG(s) dict_keys(['latest_only']) retrieved from /Users/marianaoliveira/Downloads/alura1/venv/lib/python3.10/site-packages/airflow/example_dags/example_latest_only.py
[2023-05-19 16:34:23,472] {logging_mixin.py:115} INFO - [2023-05-19 16:34:23,471] {dag.py:2379} INFO - Sync 1 DAGs
[2023-05-19 16:34:23,607] {logging_mixin.py:115} INFO - [2023-05-19 16:34:23,607] {dag.py:2927} INFO - Setting next_dagrun for latest_only to 2023-05-19T15:34:23.568193+00:00, run_after=2023-05-19T19:34:23.568193+00:00
[2023-05-19 16:34:23,652] {processor.py:161} INFO - Processing /Users/marianaoliveira/Downloads/alura1/venv/lib/python3.10/site-packages/airflow/example_dags/example_latest_only.py took 0.607 seconds
[2023-05-19 16:36:49,282] {processor.py:153} INFO - Started process (PID=6311) to work on /Users/marianaoliveira/Downloads/alura1/venv/lib/python3.10/site-packages/airflow/example_dags/example_latest_only.py
[2023-05-19 16:36:49,283] {processor.py:641} INFO - Processing file /Users/marianaoliveira/Downloads/alura1/venv/lib/python3.10/site-packages/airflow/example_dags/example_latest_only.py for tasks to queue
[2023-05-19 16:36:49,284] {logging_mixin.py:115} INFO - [2023-05-19 16:36:49,284] {dagbag.py:507} INFO - Filling up the DagBag from /Users/marianaoliveira/Downloads/alura1/venv/lib/python3.10/site-packages/airflow/example_dags/example_latest_only.py
[2023-05-19 16:36:49,310] {processor.py:651} INFO - DAG(s) dict_keys(['latest_only']) retrieved from /Users/marianaoliveira/Downloads/alura1/venv/lib/python3.10/site-packages/airflow/example_dags/example_latest_only.py
[2023-05-19 16:36:49,410] {logging_mixin.py:115} INFO - [2023-05-19 16:36:49,410] {dag.py:2379} INFO - Sync 1 DAGs
[2023-05-19 16:36:49,440] {logging_mixin.py:115} INFO - [2023-05-19 16:36:49,440] {dag.py:2927} INFO - Setting next_dagrun for latest_only to 2023-05-19T15:36:49.440099+00:00, run_after=2023-05-19T19:36:49.440099+00:00
[2023-05-19 16:36:49,472] {processor.py:161} INFO - Processing /Users/marianaoliveira/Downloads/alura1/venv/lib/python3.10/site-packages/airflow/example_dags/example_latest_only.py took 0.191 seconds
[2023-05-19 16:52:01,162] {processor.py:153} INFO - Started process (PID=6744) to work on /Users/marianaoliveira/Downloads/alura1/venv/lib/python3.10/site-packages/airflow/example_dags/example_latest_only.py
[2023-05-19 16:52:01,163] {processor.py:641} INFO - Processing file /Users/marianaoliveira/Downloads/alura1/venv/lib/python3.10/site-packages/airflow/example_dags/example_latest_only.py for tasks to queue
[2023-05-19 16:52:01,164] {logging_mixin.py:115} INFO - [2023-05-19 16:52:01,164] {dagbag.py:507} INFO - Filling up the DagBag from /Users/marianaoliveira/Downloads/alura1/venv/lib/python3.10/site-packages/airflow/example_dags/example_latest_only.py
[2023-05-19 16:52:01,224] {processor.py:651} INFO - DAG(s) dict_keys(['latest_only']) retrieved from /Users/marianaoliveira/Downloads/alura1/venv/lib/python3.10/site-packages/airflow/example_dags/example_latest_only.py
[2023-05-19 16:52:01,738] {logging_mixin.py:115} INFO - [2023-05-19 16:52:01,738] {dag.py:2379} INFO - Sync 1 DAGs
[2023-05-19 16:52:01,817] {logging_mixin.py:115} INFO - [2023-05-19 16:52:01,786] {dag.py:2927} INFO - Setting next_dagrun for latest_only to 2023-05-19T15:52:01.786050+00:00, run_after=2023-05-19T19:52:01.786050+00:00
[2023-05-19 16:52:01,849] {processor.py:161} INFO - Processing /Users/marianaoliveira/Downloads/alura1/venv/lib/python3.10/site-packages/airflow/example_dags/example_latest_only.py took 0.689 seconds
[2023-05-19 16:55:41,055] {processor.py:153} INFO - Started process (PID=6983) to work on /Users/marianaoliveira/Downloads/alura1/venv/lib/python3.10/site-packages/airflow/example_dags/example_latest_only.py
[2023-05-19 16:55:41,056] {processor.py:641} INFO - Processing file /Users/marianaoliveira/Downloads/alura1/venv/lib/python3.10/site-packages/airflow/example_dags/example_latest_only.py for tasks to queue
[2023-05-19 16:55:41,056] {logging_mixin.py:115} INFO - [2023-05-19 16:55:41,056] {dagbag.py:507} INFO - Filling up the DagBag from /Users/marianaoliveira/Downloads/alura1/venv/lib/python3.10/site-packages/airflow/example_dags/example_latest_only.py
[2023-05-19 16:55:41,093] {processor.py:651} INFO - DAG(s) dict_keys(['latest_only']) retrieved from /Users/marianaoliveira/Downloads/alura1/venv/lib/python3.10/site-packages/airflow/example_dags/example_latest_only.py
[2023-05-19 16:55:41,231] {logging_mixin.py:115} INFO - [2023-05-19 16:55:41,231] {dag.py:2379} INFO - Sync 1 DAGs
[2023-05-19 16:55:41,269] {logging_mixin.py:115} INFO - [2023-05-19 16:55:41,269] {dag.py:2927} INFO - Setting next_dagrun for latest_only to 2023-05-19T15:55:41.269277+00:00, run_after=2023-05-19T19:55:41.269277+00:00
[2023-05-19 16:55:41,316] {processor.py:161} INFO - Processing /Users/marianaoliveira/Downloads/alura1/venv/lib/python3.10/site-packages/airflow/example_dags/example_latest_only.py took 0.263 seconds
[2023-05-19 16:58:46,181] {processor.py:153} INFO - Started process (PID=7076) to work on /Users/marianaoliveira/Downloads/alura1/venv/lib/python3.10/site-packages/airflow/example_dags/example_latest_only.py
[2023-05-19 16:58:46,182] {processor.py:641} INFO - Processing file /Users/marianaoliveira/Downloads/alura1/venv/lib/python3.10/site-packages/airflow/example_dags/example_latest_only.py for tasks to queue
[2023-05-19 16:58:46,186] {logging_mixin.py:115} INFO - [2023-05-19 16:58:46,186] {dagbag.py:507} INFO - Filling up the DagBag from /Users/marianaoliveira/Downloads/alura1/venv/lib/python3.10/site-packages/airflow/example_dags/example_latest_only.py
[2023-05-19 16:58:46,212] {processor.py:651} INFO - DAG(s) dict_keys(['latest_only']) retrieved from /Users/marianaoliveira/Downloads/alura1/venv/lib/python3.10/site-packages/airflow/example_dags/example_latest_only.py
[2023-05-19 16:58:46,326] {logging_mixin.py:115} INFO - [2023-05-19 16:58:46,326] {dag.py:2379} INFO - Sync 1 DAGs
[2023-05-19 16:58:46,348] {logging_mixin.py:115} INFO - [2023-05-19 16:58:46,348] {dag.py:2927} INFO - Setting next_dagrun for latest_only to 2023-05-19T15:58:46.348261+00:00, run_after=2023-05-19T19:58:46.348261+00:00
[2023-05-19 16:58:46,365] {processor.py:161} INFO - Processing /Users/marianaoliveira/Downloads/alura1/venv/lib/python3.10/site-packages/airflow/example_dags/example_latest_only.py took 0.186 seconds
[2023-05-19 17:01:48,544] {processor.py:153} INFO - Started process (PID=7162) to work on /Users/marianaoliveira/Downloads/alura1/venv/lib/python3.10/site-packages/airflow/example_dags/example_latest_only.py
[2023-05-19 17:01:48,545] {processor.py:641} INFO - Processing file /Users/marianaoliveira/Downloads/alura1/venv/lib/python3.10/site-packages/airflow/example_dags/example_latest_only.py for tasks to queue
[2023-05-19 17:01:48,546] {logging_mixin.py:115} INFO - [2023-05-19 17:01:48,546] {dagbag.py:507} INFO - Filling up the DagBag from /Users/marianaoliveira/Downloads/alura1/venv/lib/python3.10/site-packages/airflow/example_dags/example_latest_only.py
[2023-05-19 17:01:48,575] {processor.py:651} INFO - DAG(s) dict_keys(['latest_only']) retrieved from /Users/marianaoliveira/Downloads/alura1/venv/lib/python3.10/site-packages/airflow/example_dags/example_latest_only.py
[2023-05-19 17:01:48,726] {logging_mixin.py:115} INFO - [2023-05-19 17:01:48,726] {dag.py:2379} INFO - Sync 1 DAGs
[2023-05-19 17:01:48,759] {logging_mixin.py:115} INFO - [2023-05-19 17:01:48,758] {dag.py:2927} INFO - Setting next_dagrun for latest_only to 2023-05-19T16:01:48.758631+00:00, run_after=2023-05-19T20:01:48.758631+00:00
[2023-05-19 17:01:48,777] {processor.py:161} INFO - Processing /Users/marianaoliveira/Downloads/alura1/venv/lib/python3.10/site-packages/airflow/example_dags/example_latest_only.py took 0.236 seconds
[2023-05-19 17:30:59,851] {processor.py:153} INFO - Started process (PID=7758) to work on /Users/marianaoliveira/Downloads/alura1/venv/lib/python3.10/site-packages/airflow/example_dags/example_latest_only.py
[2023-05-19 17:30:59,852] {processor.py:641} INFO - Processing file /Users/marianaoliveira/Downloads/alura1/venv/lib/python3.10/site-packages/airflow/example_dags/example_latest_only.py for tasks to queue
[2023-05-19 17:30:59,853] {logging_mixin.py:115} INFO - [2023-05-19 17:30:59,853] {dagbag.py:507} INFO - Filling up the DagBag from /Users/marianaoliveira/Downloads/alura1/venv/lib/python3.10/site-packages/airflow/example_dags/example_latest_only.py
[2023-05-19 17:30:59,876] {processor.py:651} INFO - DAG(s) dict_keys(['latest_only']) retrieved from /Users/marianaoliveira/Downloads/alura1/venv/lib/python3.10/site-packages/airflow/example_dags/example_latest_only.py
[2023-05-19 17:31:00,024] {logging_mixin.py:115} INFO - [2023-05-19 17:31:00,023] {dag.py:2379} INFO - Sync 1 DAGs
[2023-05-19 17:31:00,050] {logging_mixin.py:115} INFO - [2023-05-19 17:31:00,049] {dag.py:2927} INFO - Setting next_dagrun for latest_only to 2023-05-19T16:31:00.049660+00:00, run_after=2023-05-19T20:31:00.049660+00:00
[2023-05-19 17:31:00,066] {processor.py:161} INFO - Processing /Users/marianaoliveira/Downloads/alura1/venv/lib/python3.10/site-packages/airflow/example_dags/example_latest_only.py took 0.216 seconds
[2023-05-19 17:33:59,478] {processor.py:153} INFO - Started process (PID=7828) to work on /Users/marianaoliveira/Downloads/alura1/venv/lib/python3.10/site-packages/airflow/example_dags/example_latest_only.py
[2023-05-19 17:33:59,479] {processor.py:641} INFO - Processing file /Users/marianaoliveira/Downloads/alura1/venv/lib/python3.10/site-packages/airflow/example_dags/example_latest_only.py for tasks to queue
[2023-05-19 17:33:59,480] {logging_mixin.py:115} INFO - [2023-05-19 17:33:59,480] {dagbag.py:507} INFO - Filling up the DagBag from /Users/marianaoliveira/Downloads/alura1/venv/lib/python3.10/site-packages/airflow/example_dags/example_latest_only.py
[2023-05-19 17:33:59,524] {processor.py:651} INFO - DAG(s) dict_keys(['latest_only']) retrieved from /Users/marianaoliveira/Downloads/alura1/venv/lib/python3.10/site-packages/airflow/example_dags/example_latest_only.py
[2023-05-19 17:33:59,884] {logging_mixin.py:115} INFO - [2023-05-19 17:33:59,884] {dag.py:2379} INFO - Sync 1 DAGs
[2023-05-19 17:33:59,960] {logging_mixin.py:115} INFO - [2023-05-19 17:33:59,960] {dag.py:2927} INFO - Setting next_dagrun for latest_only to 2023-05-19T16:33:59.960088+00:00, run_after=2023-05-19T20:33:59.960088+00:00
[2023-05-19 17:33:59,997] {processor.py:161} INFO - Processing /Users/marianaoliveira/Downloads/alura1/venv/lib/python3.10/site-packages/airflow/example_dags/example_latest_only.py took 0.520 seconds
[2023-05-19 17:38:26,327] {processor.py:153} INFO - Started process (PID=7944) to work on /Users/marianaoliveira/Downloads/alura1/venv/lib/python3.10/site-packages/airflow/example_dags/example_latest_only.py
[2023-05-19 17:38:26,329] {processor.py:641} INFO - Processing file /Users/marianaoliveira/Downloads/alura1/venv/lib/python3.10/site-packages/airflow/example_dags/example_latest_only.py for tasks to queue
[2023-05-19 17:38:26,338] {logging_mixin.py:115} INFO - [2023-05-19 17:38:26,338] {dagbag.py:507} INFO - Filling up the DagBag from /Users/marianaoliveira/Downloads/alura1/venv/lib/python3.10/site-packages/airflow/example_dags/example_latest_only.py
[2023-05-19 17:38:26,389] {processor.py:651} INFO - DAG(s) dict_keys(['latest_only']) retrieved from /Users/marianaoliveira/Downloads/alura1/venv/lib/python3.10/site-packages/airflow/example_dags/example_latest_only.py
[2023-05-19 17:38:26,797] {logging_mixin.py:115} INFO - [2023-05-19 17:38:26,797] {dag.py:2379} INFO - Sync 1 DAGs
[2023-05-19 17:38:26,918] {logging_mixin.py:115} INFO - [2023-05-19 17:38:26,918] {dag.py:2927} INFO - Setting next_dagrun for latest_only to 2023-05-19T16:38:26.918021+00:00, run_after=2023-05-19T20:38:26.918021+00:00
[2023-05-19 17:38:26,951] {processor.py:161} INFO - Processing /Users/marianaoliveira/Downloads/alura1/venv/lib/python3.10/site-packages/airflow/example_dags/example_latest_only.py took 0.629 seconds
[2023-05-19 17:45:38,031] {processor.py:153} INFO - Started process (PID=8110) to work on /Users/marianaoliveira/Downloads/alura1/venv/lib/python3.10/site-packages/airflow/example_dags/example_latest_only.py
[2023-05-19 17:45:38,033] {processor.py:641} INFO - Processing file /Users/marianaoliveira/Downloads/alura1/venv/lib/python3.10/site-packages/airflow/example_dags/example_latest_only.py for tasks to queue
[2023-05-19 17:45:38,033] {logging_mixin.py:115} INFO - [2023-05-19 17:45:38,033] {dagbag.py:507} INFO - Filling up the DagBag from /Users/marianaoliveira/Downloads/alura1/venv/lib/python3.10/site-packages/airflow/example_dags/example_latest_only.py
[2023-05-19 17:45:38,063] {processor.py:651} INFO - DAG(s) dict_keys(['latest_only']) retrieved from /Users/marianaoliveira/Downloads/alura1/venv/lib/python3.10/site-packages/airflow/example_dags/example_latest_only.py
[2023-05-19 17:45:38,190] {logging_mixin.py:115} INFO - [2023-05-19 17:45:38,189] {dag.py:2379} INFO - Sync 1 DAGs
[2023-05-19 17:45:38,214] {logging_mixin.py:115} INFO - [2023-05-19 17:45:38,214] {dag.py:2927} INFO - Setting next_dagrun for latest_only to 2023-05-19T16:45:38.214281+00:00, run_after=2023-05-19T20:45:38.214281+00:00
[2023-05-19 17:45:38,234] {processor.py:161} INFO - Processing /Users/marianaoliveira/Downloads/alura1/venv/lib/python3.10/site-packages/airflow/example_dags/example_latest_only.py took 0.204 seconds
[2023-05-19 17:48:01,126] {processor.py:153} INFO - Started process (PID=8173) to work on /Users/marianaoliveira/Downloads/alura1/venv/lib/python3.10/site-packages/airflow/example_dags/example_latest_only.py
[2023-05-19 17:48:01,127] {processor.py:641} INFO - Processing file /Users/marianaoliveira/Downloads/alura1/venv/lib/python3.10/site-packages/airflow/example_dags/example_latest_only.py for tasks to queue
[2023-05-19 17:48:01,128] {logging_mixin.py:115} INFO - [2023-05-19 17:48:01,128] {dagbag.py:507} INFO - Filling up the DagBag from /Users/marianaoliveira/Downloads/alura1/venv/lib/python3.10/site-packages/airflow/example_dags/example_latest_only.py
[2023-05-19 17:48:01,154] {processor.py:651} INFO - DAG(s) dict_keys(['latest_only']) retrieved from /Users/marianaoliveira/Downloads/alura1/venv/lib/python3.10/site-packages/airflow/example_dags/example_latest_only.py
[2023-05-19 17:48:01,328] {logging_mixin.py:115} INFO - [2023-05-19 17:48:01,328] {dag.py:2379} INFO - Sync 1 DAGs
[2023-05-19 17:48:01,390] {logging_mixin.py:115} INFO - [2023-05-19 17:48:01,389] {dag.py:2927} INFO - Setting next_dagrun for latest_only to 2023-05-19T16:48:01.389649+00:00, run_after=2023-05-19T20:48:01.389649+00:00
[2023-05-19 17:48:01,431] {processor.py:161} INFO - Processing /Users/marianaoliveira/Downloads/alura1/venv/lib/python3.10/site-packages/airflow/example_dags/example_latest_only.py took 0.308 seconds
[2023-05-19 17:51:07,456] {processor.py:153} INFO - Started process (PID=8272) to work on /Users/marianaoliveira/Downloads/alura1/venv/lib/python3.10/site-packages/airflow/example_dags/example_latest_only.py
[2023-05-19 17:51:07,457] {processor.py:641} INFO - Processing file /Users/marianaoliveira/Downloads/alura1/venv/lib/python3.10/site-packages/airflow/example_dags/example_latest_only.py for tasks to queue
[2023-05-19 17:51:07,458] {logging_mixin.py:115} INFO - [2023-05-19 17:51:07,458] {dagbag.py:507} INFO - Filling up the DagBag from /Users/marianaoliveira/Downloads/alura1/venv/lib/python3.10/site-packages/airflow/example_dags/example_latest_only.py
[2023-05-19 17:51:07,492] {processor.py:651} INFO - DAG(s) dict_keys(['latest_only']) retrieved from /Users/marianaoliveira/Downloads/alura1/venv/lib/python3.10/site-packages/airflow/example_dags/example_latest_only.py
[2023-05-19 17:51:07,763] {logging_mixin.py:115} INFO - [2023-05-19 17:51:07,763] {dag.py:2379} INFO - Sync 1 DAGs
[2023-05-19 17:51:07,800] {logging_mixin.py:115} INFO - [2023-05-19 17:51:07,800] {dag.py:2927} INFO - Setting next_dagrun for latest_only to 2023-05-19T16:51:07.799962+00:00, run_after=2023-05-19T20:51:07.799962+00:00
[2023-05-19 17:51:07,835] {processor.py:161} INFO - Processing /Users/marianaoliveira/Downloads/alura1/venv/lib/python3.10/site-packages/airflow/example_dags/example_latest_only.py took 0.380 seconds
[2023-05-19 17:54:39,999] {processor.py:153} INFO - Started process (PID=8446) to work on /Users/marianaoliveira/Downloads/alura1/venv/lib/python3.10/site-packages/airflow/example_dags/example_latest_only.py
[2023-05-19 17:54:40,000] {processor.py:641} INFO - Processing file /Users/marianaoliveira/Downloads/alura1/venv/lib/python3.10/site-packages/airflow/example_dags/example_latest_only.py for tasks to queue
[2023-05-19 17:54:40,001] {logging_mixin.py:115} INFO - [2023-05-19 17:54:40,001] {dagbag.py:507} INFO - Filling up the DagBag from /Users/marianaoliveira/Downloads/alura1/venv/lib/python3.10/site-packages/airflow/example_dags/example_latest_only.py
[2023-05-19 17:54:40,025] {processor.py:651} INFO - DAG(s) dict_keys(['latest_only']) retrieved from /Users/marianaoliveira/Downloads/alura1/venv/lib/python3.10/site-packages/airflow/example_dags/example_latest_only.py
[2023-05-19 17:54:40,130] {logging_mixin.py:115} INFO - [2023-05-19 17:54:40,129] {dag.py:2379} INFO - Sync 1 DAGs
[2023-05-19 17:54:40,156] {logging_mixin.py:115} INFO - [2023-05-19 17:54:40,156] {dag.py:2927} INFO - Setting next_dagrun for latest_only to 2023-05-19T16:54:40.156172+00:00, run_after=2023-05-19T20:54:40.156172+00:00
[2023-05-19 17:54:40,175] {processor.py:161} INFO - Processing /Users/marianaoliveira/Downloads/alura1/venv/lib/python3.10/site-packages/airflow/example_dags/example_latest_only.py took 0.177 seconds
[2023-05-19 17:57:39,774] {processor.py:153} INFO - Started process (PID=8600) to work on /Users/marianaoliveira/Downloads/alura1/venv/lib/python3.10/site-packages/airflow/example_dags/example_latest_only.py
[2023-05-19 17:57:39,776] {processor.py:641} INFO - Processing file /Users/marianaoliveira/Downloads/alura1/venv/lib/python3.10/site-packages/airflow/example_dags/example_latest_only.py for tasks to queue
[2023-05-19 17:57:39,777] {logging_mixin.py:115} INFO - [2023-05-19 17:57:39,776] {dagbag.py:507} INFO - Filling up the DagBag from /Users/marianaoliveira/Downloads/alura1/venv/lib/python3.10/site-packages/airflow/example_dags/example_latest_only.py
[2023-05-19 17:57:39,800] {processor.py:651} INFO - DAG(s) dict_keys(['latest_only']) retrieved from /Users/marianaoliveira/Downloads/alura1/venv/lib/python3.10/site-packages/airflow/example_dags/example_latest_only.py
[2023-05-19 17:57:39,923] {logging_mixin.py:115} INFO - [2023-05-19 17:57:39,923] {dag.py:2379} INFO - Sync 1 DAGs
[2023-05-19 17:57:39,951] {logging_mixin.py:115} INFO - [2023-05-19 17:57:39,950] {dag.py:2927} INFO - Setting next_dagrun for latest_only to 2023-05-19T16:57:39.950501+00:00, run_after=2023-05-19T20:57:39.950501+00:00
[2023-05-19 17:57:39,970] {processor.py:161} INFO - Processing /Users/marianaoliveira/Downloads/alura1/venv/lib/python3.10/site-packages/airflow/example_dags/example_latest_only.py took 0.197 seconds
[2023-05-19 18:15:28,423] {processor.py:153} INFO - Started process (PID=9228) to work on /Users/marianaoliveira/Downloads/alura1/venv/lib/python3.10/site-packages/airflow/example_dags/example_latest_only.py
[2023-05-19 18:15:28,424] {processor.py:641} INFO - Processing file /Users/marianaoliveira/Downloads/alura1/venv/lib/python3.10/site-packages/airflow/example_dags/example_latest_only.py for tasks to queue
[2023-05-19 18:15:28,425] {logging_mixin.py:115} INFO - [2023-05-19 18:15:28,425] {dagbag.py:507} INFO - Filling up the DagBag from /Users/marianaoliveira/Downloads/alura1/venv/lib/python3.10/site-packages/airflow/example_dags/example_latest_only.py
[2023-05-19 18:15:28,453] {processor.py:651} INFO - DAG(s) dict_keys(['latest_only']) retrieved from /Users/marianaoliveira/Downloads/alura1/venv/lib/python3.10/site-packages/airflow/example_dags/example_latest_only.py
[2023-05-19 18:15:28,558] {logging_mixin.py:115} INFO - [2023-05-19 18:15:28,558] {dag.py:2379} INFO - Sync 1 DAGs
[2023-05-19 18:15:28,586] {logging_mixin.py:115} INFO - [2023-05-19 18:15:28,585] {dag.py:2927} INFO - Setting next_dagrun for latest_only to 2023-05-19T17:15:28.585713+00:00, run_after=2023-05-19T21:15:28.585713+00:00
[2023-05-19 18:15:28,602] {processor.py:161} INFO - Processing /Users/marianaoliveira/Downloads/alura1/venv/lib/python3.10/site-packages/airflow/example_dags/example_latest_only.py took 0.181 seconds
