[2023-05-19 15:12:19,824] {processor.py:153} INFO - Started process (PID=2811) to work on /Users/marianaoliveira/Downloads/alura1/venv/lib/python3.10/site-packages/airflow/example_dags/example_short_circuit_operator.py
[2023-05-19 15:12:19,824] {processor.py:641} INFO - Processing file /Users/marianaoliveira/Downloads/alura1/venv/lib/python3.10/site-packages/airflow/example_dags/example_short_circuit_operator.py for tasks to queue
[2023-05-19 15:12:19,825] {logging_mixin.py:115} INFO - [2023-05-19 15:12:19,825] {dagbag.py:507} INFO - Filling up the DagBag from /Users/marianaoliveira/Downloads/alura1/venv/lib/python3.10/site-packages/airflow/example_dags/example_short_circuit_operator.py
[2023-05-19 15:12:19,861] {processor.py:651} INFO - DAG(s) dict_keys(['example_short_circuit_operator']) retrieved from /Users/marianaoliveira/Downloads/alura1/venv/lib/python3.10/site-packages/airflow/example_dags/example_short_circuit_operator.py
[2023-05-19 15:12:20,972] {logging_mixin.py:115} INFO - [2023-05-19 15:12:20,972] {manager.py:508} INFO - Created Permission View: can delete on DAG:example_short_circuit_operator
[2023-05-19 15:12:20,986] {logging_mixin.py:115} INFO - [2023-05-19 15:12:20,985] {manager.py:508} INFO - Created Permission View: can edit on DAG:example_short_circuit_operator
[2023-05-19 15:12:20,998] {logging_mixin.py:115} INFO - [2023-05-19 15:12:20,998] {manager.py:508} INFO - Created Permission View: can read on DAG:example_short_circuit_operator
[2023-05-19 15:12:20,998] {logging_mixin.py:115} INFO - [2023-05-19 15:12:20,998] {dag.py:2379} INFO - Sync 1 DAGs
[2023-05-19 15:12:21,013] {logging_mixin.py:115} INFO - [2023-05-19 15:12:21,013] {dag.py:2398} INFO - Creating ORM DAG for example_short_circuit_operator
[2023-05-19 15:12:21,026] {logging_mixin.py:115} INFO - [2023-05-19 15:12:21,026] {dag.py:2927} INFO - Setting next_dagrun for example_short_circuit_operator to 2023-05-18T18:12:21.025908+00:00, run_after=2023-05-19T18:12:21.025908+00:00
[2023-05-19 15:12:21,043] {processor.py:161} INFO - Processing /Users/marianaoliveira/Downloads/alura1/venv/lib/python3.10/site-packages/airflow/example_dags/example_short_circuit_operator.py took 1.220 seconds
[2023-05-19 15:13:58,201] {processor.py:153} INFO - Started process (PID=2882) to work on /Users/marianaoliveira/Downloads/alura1/venv/lib/python3.10/site-packages/airflow/example_dags/example_short_circuit_operator.py
[2023-05-19 15:13:58,202] {processor.py:641} INFO - Processing file /Users/marianaoliveira/Downloads/alura1/venv/lib/python3.10/site-packages/airflow/example_dags/example_short_circuit_operator.py for tasks to queue
[2023-05-19 15:13:58,202] {logging_mixin.py:115} INFO - [2023-05-19 15:13:58,202] {dagbag.py:507} INFO - Filling up the DagBag from /Users/marianaoliveira/Downloads/alura1/venv/lib/python3.10/site-packages/airflow/example_dags/example_short_circuit_operator.py
[2023-05-19 15:13:58,235] {processor.py:651} INFO - DAG(s) dict_keys(['example_short_circuit_operator']) retrieved from /Users/marianaoliveira/Downloads/alura1/venv/lib/python3.10/site-packages/airflow/example_dags/example_short_circuit_operator.py
[2023-05-19 15:13:58,310] {logging_mixin.py:115} INFO - [2023-05-19 15:13:58,310] {dag.py:2379} INFO - Sync 1 DAGs
[2023-05-19 15:13:58,326] {logging_mixin.py:115} INFO - [2023-05-19 15:13:58,326] {dag.py:2927} INFO - Setting next_dagrun for example_short_circuit_operator to 2023-05-18T18:13:58.325896+00:00, run_after=2023-05-19T18:13:58.325896+00:00
[2023-05-19 15:13:58,338] {processor.py:161} INFO - Processing /Users/marianaoliveira/Downloads/alura1/venv/lib/python3.10/site-packages/airflow/example_dags/example_short_circuit_operator.py took 0.138 seconds
[2023-05-19 15:15:56,446] {processor.py:153} INFO - Started process (PID=2949) to work on /Users/marianaoliveira/Downloads/alura1/venv/lib/python3.10/site-packages/airflow/example_dags/example_short_circuit_operator.py
[2023-05-19 15:15:56,448] {processor.py:641} INFO - Processing file /Users/marianaoliveira/Downloads/alura1/venv/lib/python3.10/site-packages/airflow/example_dags/example_short_circuit_operator.py for tasks to queue
[2023-05-19 15:15:56,449] {logging_mixin.py:115} INFO - [2023-05-19 15:15:56,449] {dagbag.py:507} INFO - Filling up the DagBag from /Users/marianaoliveira/Downloads/alura1/venv/lib/python3.10/site-packages/airflow/example_dags/example_short_circuit_operator.py
[2023-05-19 15:15:56,502] {processor.py:651} INFO - DAG(s) dict_keys(['example_short_circuit_operator']) retrieved from /Users/marianaoliveira/Downloads/alura1/venv/lib/python3.10/site-packages/airflow/example_dags/example_short_circuit_operator.py
[2023-05-19 15:15:56,616] {logging_mixin.py:115} INFO - [2023-05-19 15:15:56,616] {dag.py:2379} INFO - Sync 1 DAGs
[2023-05-19 15:15:56,633] {logging_mixin.py:115} INFO - [2023-05-19 15:15:56,633] {dag.py:2927} INFO - Setting next_dagrun for example_short_circuit_operator to 2023-05-18T18:15:56.633254+00:00, run_after=2023-05-19T18:15:56.633254+00:00
[2023-05-19 15:15:56,647] {processor.py:161} INFO - Processing /Users/marianaoliveira/Downloads/alura1/venv/lib/python3.10/site-packages/airflow/example_dags/example_short_circuit_operator.py took 0.204 seconds
[2023-05-19 15:18:39,785] {processor.py:153} INFO - Started process (PID=3072) to work on /Users/marianaoliveira/Downloads/alura1/venv/lib/python3.10/site-packages/airflow/example_dags/example_short_circuit_operator.py
[2023-05-19 15:18:39,786] {processor.py:641} INFO - Processing file /Users/marianaoliveira/Downloads/alura1/venv/lib/python3.10/site-packages/airflow/example_dags/example_short_circuit_operator.py for tasks to queue
[2023-05-19 15:18:39,790] {logging_mixin.py:115} INFO - [2023-05-19 15:18:39,789] {dagbag.py:507} INFO - Filling up the DagBag from /Users/marianaoliveira/Downloads/alura1/venv/lib/python3.10/site-packages/airflow/example_dags/example_short_circuit_operator.py
[2023-05-19 15:18:39,830] {processor.py:651} INFO - DAG(s) dict_keys(['example_short_circuit_operator']) retrieved from /Users/marianaoliveira/Downloads/alura1/venv/lib/python3.10/site-packages/airflow/example_dags/example_short_circuit_operator.py
[2023-05-19 15:18:39,922] {logging_mixin.py:115} INFO - [2023-05-19 15:18:39,921] {dag.py:2379} INFO - Sync 1 DAGs
[2023-05-19 15:18:39,946] {logging_mixin.py:115} INFO - [2023-05-19 15:18:39,945] {dag.py:2927} INFO - Setting next_dagrun for example_short_circuit_operator to 2023-05-18T18:18:39.945768+00:00, run_after=2023-05-19T18:18:39.945768+00:00
[2023-05-19 15:18:39,965] {processor.py:161} INFO - Processing /Users/marianaoliveira/Downloads/alura1/venv/lib/python3.10/site-packages/airflow/example_dags/example_short_circuit_operator.py took 0.181 seconds
[2023-05-19 15:20:37,344] {processor.py:153} INFO - Started process (PID=3135) to work on /Users/marianaoliveira/Downloads/alura1/venv/lib/python3.10/site-packages/airflow/example_dags/example_short_circuit_operator.py
[2023-05-19 15:20:37,345] {processor.py:641} INFO - Processing file /Users/marianaoliveira/Downloads/alura1/venv/lib/python3.10/site-packages/airflow/example_dags/example_short_circuit_operator.py for tasks to queue
[2023-05-19 15:20:37,346] {logging_mixin.py:115} INFO - [2023-05-19 15:20:37,346] {dagbag.py:507} INFO - Filling up the DagBag from /Users/marianaoliveira/Downloads/alura1/venv/lib/python3.10/site-packages/airflow/example_dags/example_short_circuit_operator.py
[2023-05-19 15:20:37,386] {processor.py:651} INFO - DAG(s) dict_keys(['example_short_circuit_operator']) retrieved from /Users/marianaoliveira/Downloads/alura1/venv/lib/python3.10/site-packages/airflow/example_dags/example_short_circuit_operator.py
[2023-05-19 15:20:37,477] {logging_mixin.py:115} INFO - [2023-05-19 15:20:37,476] {dag.py:2379} INFO - Sync 1 DAGs
[2023-05-19 15:20:37,493] {logging_mixin.py:115} INFO - [2023-05-19 15:20:37,493] {dag.py:2927} INFO - Setting next_dagrun for example_short_circuit_operator to 2023-05-18T18:20:37.492974+00:00, run_after=2023-05-19T18:20:37.492974+00:00
[2023-05-19 15:20:37,506] {processor.py:161} INFO - Processing /Users/marianaoliveira/Downloads/alura1/venv/lib/python3.10/site-packages/airflow/example_dags/example_short_circuit_operator.py took 0.162 seconds
[2023-05-19 15:22:15,799] {processor.py:153} INFO - Started process (PID=3187) to work on /Users/marianaoliveira/Downloads/alura1/venv/lib/python3.10/site-packages/airflow/example_dags/example_short_circuit_operator.py
[2023-05-19 15:22:15,800] {processor.py:641} INFO - Processing file /Users/marianaoliveira/Downloads/alura1/venv/lib/python3.10/site-packages/airflow/example_dags/example_short_circuit_operator.py for tasks to queue
[2023-05-19 15:22:15,804] {logging_mixin.py:115} INFO - [2023-05-19 15:22:15,804] {dagbag.py:507} INFO - Filling up the DagBag from /Users/marianaoliveira/Downloads/alura1/venv/lib/python3.10/site-packages/airflow/example_dags/example_short_circuit_operator.py
[2023-05-19 15:22:15,834] {processor.py:651} INFO - DAG(s) dict_keys(['example_short_circuit_operator']) retrieved from /Users/marianaoliveira/Downloads/alura1/venv/lib/python3.10/site-packages/airflow/example_dags/example_short_circuit_operator.py
[2023-05-19 15:22:15,905] {logging_mixin.py:115} INFO - [2023-05-19 15:22:15,905] {dag.py:2379} INFO - Sync 1 DAGs
[2023-05-19 15:22:15,921] {logging_mixin.py:115} INFO - [2023-05-19 15:22:15,920] {dag.py:2927} INFO - Setting next_dagrun for example_short_circuit_operator to 2023-05-18T18:22:15.920804+00:00, run_after=2023-05-19T18:22:15.920804+00:00
[2023-05-19 15:22:15,932] {processor.py:161} INFO - Processing /Users/marianaoliveira/Downloads/alura1/venv/lib/python3.10/site-packages/airflow/example_dags/example_short_circuit_operator.py took 0.134 seconds
[2023-05-19 15:23:54,663] {processor.py:153} INFO - Started process (PID=3239) to work on /Users/marianaoliveira/Downloads/alura1/venv/lib/python3.10/site-packages/airflow/example_dags/example_short_circuit_operator.py
[2023-05-19 15:23:54,665] {processor.py:641} INFO - Processing file /Users/marianaoliveira/Downloads/alura1/venv/lib/python3.10/site-packages/airflow/example_dags/example_short_circuit_operator.py for tasks to queue
[2023-05-19 15:23:54,667] {logging_mixin.py:115} INFO - [2023-05-19 15:23:54,667] {dagbag.py:507} INFO - Filling up the DagBag from /Users/marianaoliveira/Downloads/alura1/venv/lib/python3.10/site-packages/airflow/example_dags/example_short_circuit_operator.py
[2023-05-19 15:23:54,720] {processor.py:651} INFO - DAG(s) dict_keys(['example_short_circuit_operator']) retrieved from /Users/marianaoliveira/Downloads/alura1/venv/lib/python3.10/site-packages/airflow/example_dags/example_short_circuit_operator.py
[2023-05-19 15:23:54,838] {logging_mixin.py:115} INFO - [2023-05-19 15:23:54,837] {dag.py:2379} INFO - Sync 1 DAGs
[2023-05-19 15:23:54,866] {logging_mixin.py:115} INFO - [2023-05-19 15:23:54,866] {dag.py:2927} INFO - Setting next_dagrun for example_short_circuit_operator to 2023-05-18T18:23:54.865900+00:00, run_after=2023-05-19T18:23:54.865900+00:00
[2023-05-19 15:23:54,884] {processor.py:161} INFO - Processing /Users/marianaoliveira/Downloads/alura1/venv/lib/python3.10/site-packages/airflow/example_dags/example_short_circuit_operator.py took 0.221 seconds
[2023-05-19 15:26:33,117] {processor.py:153} INFO - Started process (PID=3346) to work on /Users/marianaoliveira/Downloads/alura1/venv/lib/python3.10/site-packages/airflow/example_dags/example_short_circuit_operator.py
[2023-05-19 15:26:33,119] {processor.py:641} INFO - Processing file /Users/marianaoliveira/Downloads/alura1/venv/lib/python3.10/site-packages/airflow/example_dags/example_short_circuit_operator.py for tasks to queue
[2023-05-19 15:26:33,119] {logging_mixin.py:115} INFO - [2023-05-19 15:26:33,119] {dagbag.py:507} INFO - Filling up the DagBag from /Users/marianaoliveira/Downloads/alura1/venv/lib/python3.10/site-packages/airflow/example_dags/example_short_circuit_operator.py
[2023-05-19 15:26:33,151] {processor.py:651} INFO - DAG(s) dict_keys(['example_short_circuit_operator']) retrieved from /Users/marianaoliveira/Downloads/alura1/venv/lib/python3.10/site-packages/airflow/example_dags/example_short_circuit_operator.py
[2023-05-19 15:26:33,225] {logging_mixin.py:115} INFO - [2023-05-19 15:26:33,225] {dag.py:2379} INFO - Sync 1 DAGs
[2023-05-19 15:26:33,242] {logging_mixin.py:115} INFO - [2023-05-19 15:26:33,241] {dag.py:2927} INFO - Setting next_dagrun for example_short_circuit_operator to 2023-05-18T18:26:33.241817+00:00, run_after=2023-05-19T18:26:33.241817+00:00
[2023-05-19 15:26:33,257] {processor.py:161} INFO - Processing /Users/marianaoliveira/Downloads/alura1/venv/lib/python3.10/site-packages/airflow/example_dags/example_short_circuit_operator.py took 0.141 seconds
[2023-05-19 15:28:40,951] {processor.py:153} INFO - Started process (PID=3415) to work on /Users/marianaoliveira/Downloads/alura1/venv/lib/python3.10/site-packages/airflow/example_dags/example_short_circuit_operator.py
[2023-05-19 15:28:40,951] {processor.py:641} INFO - Processing file /Users/marianaoliveira/Downloads/alura1/venv/lib/python3.10/site-packages/airflow/example_dags/example_short_circuit_operator.py for tasks to queue
[2023-05-19 15:28:40,952] {logging_mixin.py:115} INFO - [2023-05-19 15:28:40,952] {dagbag.py:507} INFO - Filling up the DagBag from /Users/marianaoliveira/Downloads/alura1/venv/lib/python3.10/site-packages/airflow/example_dags/example_short_circuit_operator.py
[2023-05-19 15:28:41,010] {processor.py:651} INFO - DAG(s) dict_keys(['example_short_circuit_operator']) retrieved from /Users/marianaoliveira/Downloads/alura1/venv/lib/python3.10/site-packages/airflow/example_dags/example_short_circuit_operator.py
[2023-05-19 15:28:41,153] {logging_mixin.py:115} INFO - [2023-05-19 15:28:41,153] {dag.py:2379} INFO - Sync 1 DAGs
[2023-05-19 15:28:41,180] {logging_mixin.py:115} INFO - [2023-05-19 15:28:41,179] {dag.py:2927} INFO - Setting next_dagrun for example_short_circuit_operator to 2023-05-18T18:28:41.179665+00:00, run_after=2023-05-19T18:28:41.179665+00:00
[2023-05-19 15:28:41,203] {processor.py:161} INFO - Processing /Users/marianaoliveira/Downloads/alura1/venv/lib/python3.10/site-packages/airflow/example_dags/example_short_circuit_operator.py took 0.254 seconds
[2023-05-19 15:31:02,278] {processor.py:153} INFO - Started process (PID=3499) to work on /Users/marianaoliveira/Downloads/alura1/venv/lib/python3.10/site-packages/airflow/example_dags/example_short_circuit_operator.py
[2023-05-19 15:31:02,282] {processor.py:641} INFO - Processing file /Users/marianaoliveira/Downloads/alura1/venv/lib/python3.10/site-packages/airflow/example_dags/example_short_circuit_operator.py for tasks to queue
[2023-05-19 15:31:02,283] {logging_mixin.py:115} INFO - [2023-05-19 15:31:02,283] {dagbag.py:507} INFO - Filling up the DagBag from /Users/marianaoliveira/Downloads/alura1/venv/lib/python3.10/site-packages/airflow/example_dags/example_short_circuit_operator.py
[2023-05-19 15:31:02,369] {processor.py:651} INFO - DAG(s) dict_keys(['example_short_circuit_operator']) retrieved from /Users/marianaoliveira/Downloads/alura1/venv/lib/python3.10/site-packages/airflow/example_dags/example_short_circuit_operator.py
[2023-05-19 15:31:02,499] {logging_mixin.py:115} INFO - [2023-05-19 15:31:02,499] {dag.py:2379} INFO - Sync 1 DAGs
[2023-05-19 15:31:02,518] {logging_mixin.py:115} INFO - [2023-05-19 15:31:02,518] {dag.py:2927} INFO - Setting next_dagrun for example_short_circuit_operator to 2023-05-18T18:31:02.518201+00:00, run_after=2023-05-19T18:31:02.518201+00:00
[2023-05-19 15:31:02,537] {processor.py:161} INFO - Processing /Users/marianaoliveira/Downloads/alura1/venv/lib/python3.10/site-packages/airflow/example_dags/example_short_circuit_operator.py took 0.264 seconds
[2023-05-19 16:29:27,645] {processor.py:153} INFO - Started process (PID=6068) to work on /Users/marianaoliveira/Downloads/alura1/venv/lib/python3.10/site-packages/airflow/example_dags/example_short_circuit_operator.py
[2023-05-19 16:29:27,646] {processor.py:641} INFO - Processing file /Users/marianaoliveira/Downloads/alura1/venv/lib/python3.10/site-packages/airflow/example_dags/example_short_circuit_operator.py for tasks to queue
[2023-05-19 16:29:27,647] {logging_mixin.py:115} INFO - [2023-05-19 16:29:27,647] {dagbag.py:507} INFO - Filling up the DagBag from /Users/marianaoliveira/Downloads/alura1/venv/lib/python3.10/site-packages/airflow/example_dags/example_short_circuit_operator.py
[2023-05-19 16:29:27,700] {processor.py:651} INFO - DAG(s) dict_keys(['example_short_circuit_operator']) retrieved from /Users/marianaoliveira/Downloads/alura1/venv/lib/python3.10/site-packages/airflow/example_dags/example_short_circuit_operator.py
[2023-05-19 16:29:27,813] {logging_mixin.py:115} INFO - [2023-05-19 16:29:27,813] {dag.py:2379} INFO - Sync 1 DAGs
[2023-05-19 16:29:27,837] {logging_mixin.py:115} INFO - [2023-05-19 16:29:27,837] {dag.py:2927} INFO - Setting next_dagrun for example_short_circuit_operator to 2023-05-18T19:29:27.836955+00:00, run_after=2023-05-19T19:29:27.836955+00:00
[2023-05-19 16:29:27,856] {processor.py:161} INFO - Processing /Users/marianaoliveira/Downloads/alura1/venv/lib/python3.10/site-packages/airflow/example_dags/example_short_circuit_operator.py took 0.212 seconds
[2023-05-19 16:33:53,102] {processor.py:153} INFO - Started process (PID=6221) to work on /Users/marianaoliveira/Downloads/alura1/venv/lib/python3.10/site-packages/airflow/example_dags/example_short_circuit_operator.py
[2023-05-19 16:33:53,119] {processor.py:641} INFO - Processing file /Users/marianaoliveira/Downloads/alura1/venv/lib/python3.10/site-packages/airflow/example_dags/example_short_circuit_operator.py for tasks to queue
[2023-05-19 16:33:53,123] {logging_mixin.py:115} INFO - [2023-05-19 16:33:53,120] {dagbag.py:507} INFO - Filling up the DagBag from /Users/marianaoliveira/Downloads/alura1/venv/lib/python3.10/site-packages/airflow/example_dags/example_short_circuit_operator.py
[2023-05-19 16:33:53,299] {processor.py:651} INFO - DAG(s) dict_keys(['example_short_circuit_operator']) retrieved from /Users/marianaoliveira/Downloads/alura1/venv/lib/python3.10/site-packages/airflow/example_dags/example_short_circuit_operator.py
[2023-05-19 16:33:54,030] {logging_mixin.py:115} INFO - [2023-05-19 16:33:54,017] {dag.py:2379} INFO - Sync 1 DAGs
[2023-05-19 16:33:54,125] {logging_mixin.py:115} INFO - [2023-05-19 16:33:54,125] {dag.py:2927} INFO - Setting next_dagrun for example_short_circuit_operator to 2023-05-18T19:33:54.125148+00:00, run_after=2023-05-19T19:33:54.125148+00:00
[2023-05-19 16:33:54,233] {processor.py:161} INFO - Processing /Users/marianaoliveira/Downloads/alura1/venv/lib/python3.10/site-packages/airflow/example_dags/example_short_circuit_operator.py took 1.170 seconds
[2023-05-19 16:36:32,913] {processor.py:153} INFO - Started process (PID=6305) to work on /Users/marianaoliveira/Downloads/alura1/venv/lib/python3.10/site-packages/airflow/example_dags/example_short_circuit_operator.py
[2023-05-19 16:36:32,914] {processor.py:641} INFO - Processing file /Users/marianaoliveira/Downloads/alura1/venv/lib/python3.10/site-packages/airflow/example_dags/example_short_circuit_operator.py for tasks to queue
[2023-05-19 16:36:32,914] {logging_mixin.py:115} INFO - [2023-05-19 16:36:32,914] {dagbag.py:507} INFO - Filling up the DagBag from /Users/marianaoliveira/Downloads/alura1/venv/lib/python3.10/site-packages/airflow/example_dags/example_short_circuit_operator.py
[2023-05-19 16:36:32,964] {processor.py:651} INFO - DAG(s) dict_keys(['example_short_circuit_operator']) retrieved from /Users/marianaoliveira/Downloads/alura1/venv/lib/python3.10/site-packages/airflow/example_dags/example_short_circuit_operator.py
[2023-05-19 16:36:33,080] {logging_mixin.py:115} INFO - [2023-05-19 16:36:33,079] {dag.py:2379} INFO - Sync 1 DAGs
[2023-05-19 16:36:33,098] {logging_mixin.py:115} INFO - [2023-05-19 16:36:33,098] {dag.py:2927} INFO - Setting next_dagrun for example_short_circuit_operator to 2023-05-18T19:36:33.098008+00:00, run_after=2023-05-19T19:36:33.098008+00:00
[2023-05-19 16:36:33,113] {processor.py:161} INFO - Processing /Users/marianaoliveira/Downloads/alura1/venv/lib/python3.10/site-packages/airflow/example_dags/example_short_circuit_operator.py took 0.202 seconds
[2023-05-19 16:39:55,889] {processor.py:153} INFO - Started process (PID=6481) to work on /Users/marianaoliveira/Downloads/alura1/venv/lib/python3.10/site-packages/airflow/example_dags/example_short_circuit_operator.py
[2023-05-19 16:39:55,890] {processor.py:641} INFO - Processing file /Users/marianaoliveira/Downloads/alura1/venv/lib/python3.10/site-packages/airflow/example_dags/example_short_circuit_operator.py for tasks to queue
[2023-05-19 16:39:55,892] {logging_mixin.py:115} INFO - [2023-05-19 16:39:55,892] {dagbag.py:507} INFO - Filling up the DagBag from /Users/marianaoliveira/Downloads/alura1/venv/lib/python3.10/site-packages/airflow/example_dags/example_short_circuit_operator.py
[2023-05-19 16:39:55,987] {processor.py:651} INFO - DAG(s) dict_keys(['example_short_circuit_operator']) retrieved from /Users/marianaoliveira/Downloads/alura1/venv/lib/python3.10/site-packages/airflow/example_dags/example_short_circuit_operator.py
[2023-05-19 16:39:56,186] {logging_mixin.py:115} INFO - [2023-05-19 16:39:56,182] {dag.py:2379} INFO - Sync 1 DAGs
[2023-05-19 16:39:56,231] {logging_mixin.py:115} INFO - [2023-05-19 16:39:56,231] {dag.py:2927} INFO - Setting next_dagrun for example_short_circuit_operator to 2023-05-18T19:39:56.231509+00:00, run_after=2023-05-19T19:39:56.231509+00:00
[2023-05-19 16:39:56,270] {processor.py:161} INFO - Processing /Users/marianaoliveira/Downloads/alura1/venv/lib/python3.10/site-packages/airflow/example_dags/example_short_circuit_operator.py took 0.384 seconds
[2023-05-19 16:51:35,513] {processor.py:153} INFO - Started process (PID=6722) to work on /Users/marianaoliveira/Downloads/alura1/venv/lib/python3.10/site-packages/airflow/example_dags/example_short_circuit_operator.py
[2023-05-19 16:51:35,515] {processor.py:641} INFO - Processing file /Users/marianaoliveira/Downloads/alura1/venv/lib/python3.10/site-packages/airflow/example_dags/example_short_circuit_operator.py for tasks to queue
[2023-05-19 16:51:35,516] {logging_mixin.py:115} INFO - [2023-05-19 16:51:35,516] {dagbag.py:507} INFO - Filling up the DagBag from /Users/marianaoliveira/Downloads/alura1/venv/lib/python3.10/site-packages/airflow/example_dags/example_short_circuit_operator.py
[2023-05-19 16:51:35,609] {processor.py:651} INFO - DAG(s) dict_keys(['example_short_circuit_operator']) retrieved from /Users/marianaoliveira/Downloads/alura1/venv/lib/python3.10/site-packages/airflow/example_dags/example_short_circuit_operator.py
[2023-05-19 16:51:35,779] {logging_mixin.py:115} INFO - [2023-05-19 16:51:35,779] {dag.py:2379} INFO - Sync 1 DAGs
[2023-05-19 16:51:35,815] {logging_mixin.py:115} INFO - [2023-05-19 16:51:35,815] {dag.py:2927} INFO - Setting next_dagrun for example_short_circuit_operator to 2023-05-18T19:51:35.815040+00:00, run_after=2023-05-19T19:51:35.815040+00:00
[2023-05-19 16:51:35,834] {processor.py:161} INFO - Processing /Users/marianaoliveira/Downloads/alura1/venv/lib/python3.10/site-packages/airflow/example_dags/example_short_circuit_operator.py took 0.322 seconds
[2023-05-19 16:55:19,985] {processor.py:153} INFO - Started process (PID=6954) to work on /Users/marianaoliveira/Downloads/alura1/venv/lib/python3.10/site-packages/airflow/example_dags/example_short_circuit_operator.py
[2023-05-19 16:55:19,987] {processor.py:641} INFO - Processing file /Users/marianaoliveira/Downloads/alura1/venv/lib/python3.10/site-packages/airflow/example_dags/example_short_circuit_operator.py for tasks to queue
[2023-05-19 16:55:19,987] {logging_mixin.py:115} INFO - [2023-05-19 16:55:19,987] {dagbag.py:507} INFO - Filling up the DagBag from /Users/marianaoliveira/Downloads/alura1/venv/lib/python3.10/site-packages/airflow/example_dags/example_short_circuit_operator.py
[2023-05-19 16:55:20,043] {processor.py:651} INFO - DAG(s) dict_keys(['example_short_circuit_operator']) retrieved from /Users/marianaoliveira/Downloads/alura1/venv/lib/python3.10/site-packages/airflow/example_dags/example_short_circuit_operator.py
[2023-05-19 16:55:20,173] {logging_mixin.py:115} INFO - [2023-05-19 16:55:20,173] {dag.py:2379} INFO - Sync 1 DAGs
[2023-05-19 16:55:20,196] {logging_mixin.py:115} INFO - [2023-05-19 16:55:20,196] {dag.py:2927} INFO - Setting next_dagrun for example_short_circuit_operator to 2023-05-18T19:55:20.196497+00:00, run_after=2023-05-19T19:55:20.196497+00:00
[2023-05-19 16:55:20,224] {processor.py:161} INFO - Processing /Users/marianaoliveira/Downloads/alura1/venv/lib/python3.10/site-packages/airflow/example_dags/example_short_circuit_operator.py took 0.240 seconds
[2023-05-19 16:56:59,371] {processor.py:153} INFO - Started process (PID=7025) to work on /Users/marianaoliveira/Downloads/alura1/venv/lib/python3.10/site-packages/airflow/example_dags/example_short_circuit_operator.py
[2023-05-19 16:56:59,381] {processor.py:641} INFO - Processing file /Users/marianaoliveira/Downloads/alura1/venv/lib/python3.10/site-packages/airflow/example_dags/example_short_circuit_operator.py for tasks to queue
[2023-05-19 16:56:59,383] {logging_mixin.py:115} INFO - [2023-05-19 16:56:59,382] {dagbag.py:507} INFO - Filling up the DagBag from /Users/marianaoliveira/Downloads/alura1/venv/lib/python3.10/site-packages/airflow/example_dags/example_short_circuit_operator.py
[2023-05-19 16:56:59,439] {processor.py:651} INFO - DAG(s) dict_keys(['example_short_circuit_operator']) retrieved from /Users/marianaoliveira/Downloads/alura1/venv/lib/python3.10/site-packages/airflow/example_dags/example_short_circuit_operator.py
[2023-05-19 16:56:59,542] {logging_mixin.py:115} INFO - [2023-05-19 16:56:59,541] {dag.py:2379} INFO - Sync 1 DAGs
[2023-05-19 16:56:59,566] {logging_mixin.py:115} INFO - [2023-05-19 16:56:59,566] {dag.py:2927} INFO - Setting next_dagrun for example_short_circuit_operator to 2023-05-18T19:56:59.566137+00:00, run_after=2023-05-19T19:56:59.566137+00:00
[2023-05-19 16:56:59,581] {processor.py:161} INFO - Processing /Users/marianaoliveira/Downloads/alura1/venv/lib/python3.10/site-packages/airflow/example_dags/example_short_circuit_operator.py took 0.230 seconds
[2023-05-19 17:00:02,210] {processor.py:153} INFO - Started process (PID=7105) to work on /Users/marianaoliveira/Downloads/alura1/venv/lib/python3.10/site-packages/airflow/example_dags/example_short_circuit_operator.py
[2023-05-19 17:00:02,211] {processor.py:641} INFO - Processing file /Users/marianaoliveira/Downloads/alura1/venv/lib/python3.10/site-packages/airflow/example_dags/example_short_circuit_operator.py for tasks to queue
[2023-05-19 17:00:02,212] {logging_mixin.py:115} INFO - [2023-05-19 17:00:02,212] {dagbag.py:507} INFO - Filling up the DagBag from /Users/marianaoliveira/Downloads/alura1/venv/lib/python3.10/site-packages/airflow/example_dags/example_short_circuit_operator.py
[2023-05-19 17:00:02,280] {processor.py:651} INFO - DAG(s) dict_keys(['example_short_circuit_operator']) retrieved from /Users/marianaoliveira/Downloads/alura1/venv/lib/python3.10/site-packages/airflow/example_dags/example_short_circuit_operator.py
[2023-05-19 17:00:02,393] {logging_mixin.py:115} INFO - [2023-05-19 17:00:02,393] {dag.py:2379} INFO - Sync 1 DAGs
[2023-05-19 17:00:02,416] {logging_mixin.py:115} INFO - [2023-05-19 17:00:02,416] {dag.py:2927} INFO - Setting next_dagrun for example_short_circuit_operator to 2023-05-18T20:00:02.415780+00:00, run_after=2023-05-19T20:00:02.415780+00:00
[2023-05-19 17:00:02,431] {processor.py:161} INFO - Processing /Users/marianaoliveira/Downloads/alura1/venv/lib/python3.10/site-packages/airflow/example_dags/example_short_circuit_operator.py took 0.223 seconds
[2023-05-19 17:03:52,727] {processor.py:153} INFO - Started process (PID=7283) to work on /Users/marianaoliveira/Downloads/alura1/venv/lib/python3.10/site-packages/airflow/example_dags/example_short_circuit_operator.py
[2023-05-19 17:03:52,729] {processor.py:641} INFO - Processing file /Users/marianaoliveira/Downloads/alura1/venv/lib/python3.10/site-packages/airflow/example_dags/example_short_circuit_operator.py for tasks to queue
[2023-05-19 17:03:52,729] {logging_mixin.py:115} INFO - [2023-05-19 17:03:52,729] {dagbag.py:507} INFO - Filling up the DagBag from /Users/marianaoliveira/Downloads/alura1/venv/lib/python3.10/site-packages/airflow/example_dags/example_short_circuit_operator.py
[2023-05-19 17:03:52,782] {processor.py:651} INFO - DAG(s) dict_keys(['example_short_circuit_operator']) retrieved from /Users/marianaoliveira/Downloads/alura1/venv/lib/python3.10/site-packages/airflow/example_dags/example_short_circuit_operator.py
[2023-05-19 17:03:52,915] {logging_mixin.py:115} INFO - [2023-05-19 17:03:52,915] {dag.py:2379} INFO - Sync 1 DAGs
[2023-05-19 17:03:52,955] {logging_mixin.py:115} INFO - [2023-05-19 17:03:52,955] {dag.py:2927} INFO - Setting next_dagrun for example_short_circuit_operator to 2023-05-18T20:03:52.954965+00:00, run_after=2023-05-19T20:03:52.954965+00:00
[2023-05-19 17:03:52,991] {processor.py:161} INFO - Processing /Users/marianaoliveira/Downloads/alura1/venv/lib/python3.10/site-packages/airflow/example_dags/example_short_circuit_operator.py took 0.267 seconds
[2023-05-19 17:30:43,274] {processor.py:153} INFO - Started process (PID=7752) to work on /Users/marianaoliveira/Downloads/alura1/venv/lib/python3.10/site-packages/airflow/example_dags/example_short_circuit_operator.py
[2023-05-19 17:30:43,276] {processor.py:641} INFO - Processing file /Users/marianaoliveira/Downloads/alura1/venv/lib/python3.10/site-packages/airflow/example_dags/example_short_circuit_operator.py for tasks to queue
[2023-05-19 17:30:43,276] {logging_mixin.py:115} INFO - [2023-05-19 17:30:43,276] {dagbag.py:507} INFO - Filling up the DagBag from /Users/marianaoliveira/Downloads/alura1/venv/lib/python3.10/site-packages/airflow/example_dags/example_short_circuit_operator.py
[2023-05-19 17:30:43,334] {processor.py:651} INFO - DAG(s) dict_keys(['example_short_circuit_operator']) retrieved from /Users/marianaoliveira/Downloads/alura1/venv/lib/python3.10/site-packages/airflow/example_dags/example_short_circuit_operator.py
[2023-05-19 17:30:43,452] {logging_mixin.py:115} INFO - [2023-05-19 17:30:43,452] {dag.py:2379} INFO - Sync 1 DAGs
[2023-05-19 17:30:43,476] {logging_mixin.py:115} INFO - [2023-05-19 17:30:43,476] {dag.py:2927} INFO - Setting next_dagrun for example_short_circuit_operator to 2023-05-18T20:30:43.476706+00:00, run_after=2023-05-19T20:30:43.476706+00:00
[2023-05-19 17:30:43,491] {processor.py:161} INFO - Processing /Users/marianaoliveira/Downloads/alura1/venv/lib/python3.10/site-packages/airflow/example_dags/example_short_circuit_operator.py took 0.219 seconds
[2023-05-19 17:33:32,044] {processor.py:153} INFO - Started process (PID=7817) to work on /Users/marianaoliveira/Downloads/alura1/venv/lib/python3.10/site-packages/airflow/example_dags/example_short_circuit_operator.py
[2023-05-19 17:33:32,049] {processor.py:641} INFO - Processing file /Users/marianaoliveira/Downloads/alura1/venv/lib/python3.10/site-packages/airflow/example_dags/example_short_circuit_operator.py for tasks to queue
[2023-05-19 17:33:32,050] {logging_mixin.py:115} INFO - [2023-05-19 17:33:32,050] {dagbag.py:507} INFO - Filling up the DagBag from /Users/marianaoliveira/Downloads/alura1/venv/lib/python3.10/site-packages/airflow/example_dags/example_short_circuit_operator.py
[2023-05-19 17:33:32,272] {processor.py:651} INFO - DAG(s) dict_keys(['example_short_circuit_operator']) retrieved from /Users/marianaoliveira/Downloads/alura1/venv/lib/python3.10/site-packages/airflow/example_dags/example_short_circuit_operator.py
[2023-05-19 17:33:32,507] {logging_mixin.py:115} INFO - [2023-05-19 17:33:32,507] {dag.py:2379} INFO - Sync 1 DAGs
[2023-05-19 17:33:32,579] {logging_mixin.py:115} INFO - [2023-05-19 17:33:32,578] {dag.py:2927} INFO - Setting next_dagrun for example_short_circuit_operator to 2023-05-18T20:33:32.570415+00:00, run_after=2023-05-19T20:33:32.570415+00:00
[2023-05-19 17:33:32,609] {processor.py:161} INFO - Processing /Users/marianaoliveira/Downloads/alura1/venv/lib/python3.10/site-packages/airflow/example_dags/example_short_circuit_operator.py took 0.567 seconds
[2023-05-19 17:36:02,293] {processor.py:153} INFO - Started process (PID=7875) to work on /Users/marianaoliveira/Downloads/alura1/venv/lib/python3.10/site-packages/airflow/example_dags/example_short_circuit_operator.py
[2023-05-19 17:36:02,295] {processor.py:641} INFO - Processing file /Users/marianaoliveira/Downloads/alura1/venv/lib/python3.10/site-packages/airflow/example_dags/example_short_circuit_operator.py for tasks to queue
[2023-05-19 17:36:02,298] {logging_mixin.py:115} INFO - [2023-05-19 17:36:02,298] {dagbag.py:507} INFO - Filling up the DagBag from /Users/marianaoliveira/Downloads/alura1/venv/lib/python3.10/site-packages/airflow/example_dags/example_short_circuit_operator.py
[2023-05-19 17:36:02,467] {processor.py:651} INFO - DAG(s) dict_keys(['example_short_circuit_operator']) retrieved from /Users/marianaoliveira/Downloads/alura1/venv/lib/python3.10/site-packages/airflow/example_dags/example_short_circuit_operator.py
[2023-05-19 17:36:02,859] {logging_mixin.py:115} INFO - [2023-05-19 17:36:02,858] {dag.py:2379} INFO - Sync 1 DAGs
[2023-05-19 17:36:02,932] {logging_mixin.py:115} INFO - [2023-05-19 17:36:02,926] {dag.py:2927} INFO - Setting next_dagrun for example_short_circuit_operator to 2023-05-18T20:36:02.926219+00:00, run_after=2023-05-19T20:36:02.926219+00:00
[2023-05-19 17:36:02,970] {processor.py:161} INFO - Processing /Users/marianaoliveira/Downloads/alura1/venv/lib/python3.10/site-packages/airflow/example_dags/example_short_circuit_operator.py took 0.678 seconds
[2023-05-19 17:37:58,039] {processor.py:153} INFO - Started process (PID=7924) to work on /Users/marianaoliveira/Downloads/alura1/venv/lib/python3.10/site-packages/airflow/example_dags/example_short_circuit_operator.py
[2023-05-19 17:37:58,040] {processor.py:641} INFO - Processing file /Users/marianaoliveira/Downloads/alura1/venv/lib/python3.10/site-packages/airflow/example_dags/example_short_circuit_operator.py for tasks to queue
[2023-05-19 17:37:58,044] {logging_mixin.py:115} INFO - [2023-05-19 17:37:58,043] {dagbag.py:507} INFO - Filling up the DagBag from /Users/marianaoliveira/Downloads/alura1/venv/lib/python3.10/site-packages/airflow/example_dags/example_short_circuit_operator.py
[2023-05-19 17:37:58,094] {processor.py:651} INFO - DAG(s) dict_keys(['example_short_circuit_operator']) retrieved from /Users/marianaoliveira/Downloads/alura1/venv/lib/python3.10/site-packages/airflow/example_dags/example_short_circuit_operator.py
[2023-05-19 17:37:58,214] {logging_mixin.py:115} INFO - [2023-05-19 17:37:58,214] {dag.py:2379} INFO - Sync 1 DAGs
[2023-05-19 17:37:58,242] {logging_mixin.py:115} INFO - [2023-05-19 17:37:58,242] {dag.py:2927} INFO - Setting next_dagrun for example_short_circuit_operator to 2023-05-18T20:37:58.241810+00:00, run_after=2023-05-19T20:37:58.241810+00:00
[2023-05-19 17:37:58,260] {processor.py:161} INFO - Processing /Users/marianaoliveira/Downloads/alura1/venv/lib/python3.10/site-packages/airflow/example_dags/example_short_circuit_operator.py took 0.223 seconds
[2023-05-19 17:45:11,568] {processor.py:153} INFO - Started process (PID=8103) to work on /Users/marianaoliveira/Downloads/alura1/venv/lib/python3.10/site-packages/airflow/example_dags/example_short_circuit_operator.py
[2023-05-19 17:45:11,571] {processor.py:641} INFO - Processing file /Users/marianaoliveira/Downloads/alura1/venv/lib/python3.10/site-packages/airflow/example_dags/example_short_circuit_operator.py for tasks to queue
[2023-05-19 17:45:11,577] {logging_mixin.py:115} INFO - [2023-05-19 17:45:11,573] {dagbag.py:507} INFO - Filling up the DagBag from /Users/marianaoliveira/Downloads/alura1/venv/lib/python3.10/site-packages/airflow/example_dags/example_short_circuit_operator.py
[2023-05-19 17:45:11,725] {processor.py:651} INFO - DAG(s) dict_keys(['example_short_circuit_operator']) retrieved from /Users/marianaoliveira/Downloads/alura1/venv/lib/python3.10/site-packages/airflow/example_dags/example_short_circuit_operator.py
[2023-05-19 17:45:12,112] {logging_mixin.py:115} INFO - [2023-05-19 17:45:12,112] {dag.py:2379} INFO - Sync 1 DAGs
[2023-05-19 17:45:12,211] {logging_mixin.py:115} INFO - [2023-05-19 17:45:12,211] {dag.py:2927} INFO - Setting next_dagrun for example_short_circuit_operator to 2023-05-18T20:45:12.211376+00:00, run_after=2023-05-19T20:45:12.211376+00:00
[2023-05-19 17:45:12,248] {processor.py:161} INFO - Processing /Users/marianaoliveira/Downloads/alura1/venv/lib/python3.10/site-packages/airflow/example_dags/example_short_circuit_operator.py took 0.683 seconds
[2023-05-19 17:47:39,732] {processor.py:153} INFO - Started process (PID=8166) to work on /Users/marianaoliveira/Downloads/alura1/venv/lib/python3.10/site-packages/airflow/example_dags/example_short_circuit_operator.py
[2023-05-19 17:47:39,733] {processor.py:641} INFO - Processing file /Users/marianaoliveira/Downloads/alura1/venv/lib/python3.10/site-packages/airflow/example_dags/example_short_circuit_operator.py for tasks to queue
[2023-05-19 17:47:39,734] {logging_mixin.py:115} INFO - [2023-05-19 17:47:39,734] {dagbag.py:507} INFO - Filling up the DagBag from /Users/marianaoliveira/Downloads/alura1/venv/lib/python3.10/site-packages/airflow/example_dags/example_short_circuit_operator.py
[2023-05-19 17:47:39,792] {processor.py:651} INFO - DAG(s) dict_keys(['example_short_circuit_operator']) retrieved from /Users/marianaoliveira/Downloads/alura1/venv/lib/python3.10/site-packages/airflow/example_dags/example_short_circuit_operator.py
[2023-05-19 17:47:39,947] {logging_mixin.py:115} INFO - [2023-05-19 17:47:39,947] {dag.py:2379} INFO - Sync 1 DAGs
[2023-05-19 17:47:39,990] {logging_mixin.py:115} INFO - [2023-05-19 17:47:39,989] {dag.py:2927} INFO - Setting next_dagrun for example_short_circuit_operator to 2023-05-18T20:47:39.988490+00:00, run_after=2023-05-19T20:47:39.988490+00:00
[2023-05-19 17:47:40,016] {processor.py:161} INFO - Processing /Users/marianaoliveira/Downloads/alura1/venv/lib/python3.10/site-packages/airflow/example_dags/example_short_circuit_operator.py took 0.285 seconds
[2023-05-19 17:49:06,783] {processor.py:153} INFO - Started process (PID=8204) to work on /Users/marianaoliveira/Downloads/alura1/venv/lib/python3.10/site-packages/airflow/example_dags/example_short_circuit_operator.py
[2023-05-19 17:49:06,784] {processor.py:641} INFO - Processing file /Users/marianaoliveira/Downloads/alura1/venv/lib/python3.10/site-packages/airflow/example_dags/example_short_circuit_operator.py for tasks to queue
[2023-05-19 17:49:06,785] {logging_mixin.py:115} INFO - [2023-05-19 17:49:06,785] {dagbag.py:507} INFO - Filling up the DagBag from /Users/marianaoliveira/Downloads/alura1/venv/lib/python3.10/site-packages/airflow/example_dags/example_short_circuit_operator.py
[2023-05-19 17:49:06,837] {processor.py:651} INFO - DAG(s) dict_keys(['example_short_circuit_operator']) retrieved from /Users/marianaoliveira/Downloads/alura1/venv/lib/python3.10/site-packages/airflow/example_dags/example_short_circuit_operator.py
[2023-05-19 17:49:06,946] {logging_mixin.py:115} INFO - [2023-05-19 17:49:06,945] {dag.py:2379} INFO - Sync 1 DAGs
[2023-05-19 17:49:06,965] {logging_mixin.py:115} INFO - [2023-05-19 17:49:06,965] {dag.py:2927} INFO - Setting next_dagrun for example_short_circuit_operator to 2023-05-18T20:49:06.965206+00:00, run_after=2023-05-19T20:49:06.965206+00:00
[2023-05-19 17:49:06,979] {processor.py:161} INFO - Processing /Users/marianaoliveira/Downloads/alura1/venv/lib/python3.10/site-packages/airflow/example_dags/example_short_circuit_operator.py took 0.197 seconds
[2023-05-19 17:52:19,998] {processor.py:153} INFO - Started process (PID=8318) to work on /Users/marianaoliveira/Downloads/alura1/venv/lib/python3.10/site-packages/airflow/example_dags/example_short_circuit_operator.py
[2023-05-19 17:52:19,999] {processor.py:641} INFO - Processing file /Users/marianaoliveira/Downloads/alura1/venv/lib/python3.10/site-packages/airflow/example_dags/example_short_circuit_operator.py for tasks to queue
[2023-05-19 17:52:20,000] {logging_mixin.py:115} INFO - [2023-05-19 17:52:20,000] {dagbag.py:507} INFO - Filling up the DagBag from /Users/marianaoliveira/Downloads/alura1/venv/lib/python3.10/site-packages/airflow/example_dags/example_short_circuit_operator.py
[2023-05-19 17:52:20,054] {processor.py:651} INFO - DAG(s) dict_keys(['example_short_circuit_operator']) retrieved from /Users/marianaoliveira/Downloads/alura1/venv/lib/python3.10/site-packages/airflow/example_dags/example_short_circuit_operator.py
[2023-05-19 17:52:20,176] {logging_mixin.py:115} INFO - [2023-05-19 17:52:20,176] {dag.py:2379} INFO - Sync 1 DAGs
[2023-05-19 17:52:20,196] {logging_mixin.py:115} INFO - [2023-05-19 17:52:20,196] {dag.py:2927} INFO - Setting next_dagrun for example_short_circuit_operator to 2023-05-18T20:52:20.196440+00:00, run_after=2023-05-19T20:52:20.196440+00:00
[2023-05-19 17:52:20,212] {processor.py:161} INFO - Processing /Users/marianaoliveira/Downloads/alura1/venv/lib/python3.10/site-packages/airflow/example_dags/example_short_circuit_operator.py took 0.216 seconds
[2023-05-19 17:54:23,493] {processor.py:153} INFO - Started process (PID=8436) to work on /Users/marianaoliveira/Downloads/alura1/venv/lib/python3.10/site-packages/airflow/example_dags/example_short_circuit_operator.py
[2023-05-19 17:54:23,493] {processor.py:641} INFO - Processing file /Users/marianaoliveira/Downloads/alura1/venv/lib/python3.10/site-packages/airflow/example_dags/example_short_circuit_operator.py for tasks to queue
[2023-05-19 17:54:23,494] {logging_mixin.py:115} INFO - [2023-05-19 17:54:23,494] {dagbag.py:507} INFO - Filling up the DagBag from /Users/marianaoliveira/Downloads/alura1/venv/lib/python3.10/site-packages/airflow/example_dags/example_short_circuit_operator.py
[2023-05-19 17:54:23,547] {processor.py:651} INFO - DAG(s) dict_keys(['example_short_circuit_operator']) retrieved from /Users/marianaoliveira/Downloads/alura1/venv/lib/python3.10/site-packages/airflow/example_dags/example_short_circuit_operator.py
[2023-05-19 17:54:23,677] {logging_mixin.py:115} INFO - [2023-05-19 17:54:23,677] {dag.py:2379} INFO - Sync 1 DAGs
[2023-05-19 17:54:23,725] {logging_mixin.py:115} INFO - [2023-05-19 17:54:23,725] {dag.py:2927} INFO - Setting next_dagrun for example_short_circuit_operator to 2023-05-18T20:54:23.725542+00:00, run_after=2023-05-19T20:54:23.725542+00:00
[2023-05-19 17:54:23,745] {processor.py:161} INFO - Processing /Users/marianaoliveira/Downloads/alura1/venv/lib/python3.10/site-packages/airflow/example_dags/example_short_circuit_operator.py took 0.254 seconds
[2023-05-19 17:56:02,441] {processor.py:153} INFO - Started process (PID=8520) to work on /Users/marianaoliveira/Downloads/alura1/venv/lib/python3.10/site-packages/airflow/example_dags/example_short_circuit_operator.py
[2023-05-19 17:56:02,442] {processor.py:641} INFO - Processing file /Users/marianaoliveira/Downloads/alura1/venv/lib/python3.10/site-packages/airflow/example_dags/example_short_circuit_operator.py for tasks to queue
[2023-05-19 17:56:02,445] {logging_mixin.py:115} INFO - [2023-05-19 17:56:02,445] {dagbag.py:507} INFO - Filling up the DagBag from /Users/marianaoliveira/Downloads/alura1/venv/lib/python3.10/site-packages/airflow/example_dags/example_short_circuit_operator.py
[2023-05-19 17:56:02,547] {processor.py:651} INFO - DAG(s) dict_keys(['example_short_circuit_operator']) retrieved from /Users/marianaoliveira/Downloads/alura1/venv/lib/python3.10/site-packages/airflow/example_dags/example_short_circuit_operator.py
[2023-05-19 17:56:03,008] {logging_mixin.py:115} INFO - [2023-05-19 17:56:03,008] {dag.py:2379} INFO - Sync 1 DAGs
[2023-05-19 17:56:03,077] {logging_mixin.py:115} INFO - [2023-05-19 17:56:03,077] {dag.py:2927} INFO - Setting next_dagrun for example_short_circuit_operator to 2023-05-18T20:56:03.077544+00:00, run_after=2023-05-19T20:56:03.077544+00:00
[2023-05-19 17:56:03,102] {processor.py:161} INFO - Processing /Users/marianaoliveira/Downloads/alura1/venv/lib/python3.10/site-packages/airflow/example_dags/example_short_circuit_operator.py took 0.662 seconds
[2023-05-19 17:59:10,766] {processor.py:153} INFO - Started process (PID=8636) to work on /Users/marianaoliveira/Downloads/alura1/venv/lib/python3.10/site-packages/airflow/example_dags/example_short_circuit_operator.py
[2023-05-19 17:59:10,771] {processor.py:641} INFO - Processing file /Users/marianaoliveira/Downloads/alura1/venv/lib/python3.10/site-packages/airflow/example_dags/example_short_circuit_operator.py for tasks to queue
[2023-05-19 17:59:10,771] {logging_mixin.py:115} INFO - [2023-05-19 17:59:10,771] {dagbag.py:507} INFO - Filling up the DagBag from /Users/marianaoliveira/Downloads/alura1/venv/lib/python3.10/site-packages/airflow/example_dags/example_short_circuit_operator.py
[2023-05-19 17:59:10,826] {processor.py:651} INFO - DAG(s) dict_keys(['example_short_circuit_operator']) retrieved from /Users/marianaoliveira/Downloads/alura1/venv/lib/python3.10/site-packages/airflow/example_dags/example_short_circuit_operator.py
[2023-05-19 17:59:10,959] {logging_mixin.py:115} INFO - [2023-05-19 17:59:10,959] {dag.py:2379} INFO - Sync 1 DAGs
[2023-05-19 17:59:10,988] {logging_mixin.py:115} INFO - [2023-05-19 17:59:10,988] {dag.py:2927} INFO - Setting next_dagrun for example_short_circuit_operator to 2023-05-18T20:59:10.987964+00:00, run_after=2023-05-19T20:59:10.987964+00:00
[2023-05-19 17:59:11,025] {processor.py:161} INFO - Processing /Users/marianaoliveira/Downloads/alura1/venv/lib/python3.10/site-packages/airflow/example_dags/example_short_circuit_operator.py took 0.260 seconds
[2023-05-19 18:04:07,257] {processor.py:153} INFO - Started process (PID=8931) to work on /Users/marianaoliveira/Downloads/alura1/venv/lib/python3.10/site-packages/airflow/example_dags/example_short_circuit_operator.py
[2023-05-19 18:04:07,259] {processor.py:641} INFO - Processing file /Users/marianaoliveira/Downloads/alura1/venv/lib/python3.10/site-packages/airflow/example_dags/example_short_circuit_operator.py for tasks to queue
[2023-05-19 18:04:07,261] {logging_mixin.py:115} INFO - [2023-05-19 18:04:07,260] {dagbag.py:507} INFO - Filling up the DagBag from /Users/marianaoliveira/Downloads/alura1/venv/lib/python3.10/site-packages/airflow/example_dags/example_short_circuit_operator.py
[2023-05-19 18:04:07,483] {processor.py:651} INFO - DAG(s) dict_keys(['example_short_circuit_operator']) retrieved from /Users/marianaoliveira/Downloads/alura1/venv/lib/python3.10/site-packages/airflow/example_dags/example_short_circuit_operator.py
[2023-05-19 18:04:08,178] {logging_mixin.py:115} INFO - [2023-05-19 18:04:08,177] {dag.py:2379} INFO - Sync 1 DAGs
[2023-05-19 18:04:08,286] {logging_mixin.py:115} INFO - [2023-05-19 18:04:08,286] {dag.py:2927} INFO - Setting next_dagrun for example_short_circuit_operator to 2023-05-18T21:04:08.286557+00:00, run_after=2023-05-19T21:04:08.286557+00:00
[2023-05-19 18:04:08,315] {processor.py:161} INFO - Processing /Users/marianaoliveira/Downloads/alura1/venv/lib/python3.10/site-packages/airflow/example_dags/example_short_circuit_operator.py took 1.065 seconds
[2023-05-19 18:14:58,027] {processor.py:153} INFO - Started process (PID=9191) to work on /Users/marianaoliveira/Downloads/alura1/venv/lib/python3.10/site-packages/airflow/example_dags/example_short_circuit_operator.py
[2023-05-19 18:14:58,043] {processor.py:641} INFO - Processing file /Users/marianaoliveira/Downloads/alura1/venv/lib/python3.10/site-packages/airflow/example_dags/example_short_circuit_operator.py for tasks to queue
[2023-05-19 18:14:58,045] {logging_mixin.py:115} INFO - [2023-05-19 18:14:58,043] {dagbag.py:507} INFO - Filling up the DagBag from /Users/marianaoliveira/Downloads/alura1/venv/lib/python3.10/site-packages/airflow/example_dags/example_short_circuit_operator.py
[2023-05-19 18:14:58,209] {processor.py:651} INFO - DAG(s) dict_keys(['example_short_circuit_operator']) retrieved from /Users/marianaoliveira/Downloads/alura1/venv/lib/python3.10/site-packages/airflow/example_dags/example_short_circuit_operator.py
[2023-05-19 18:14:58,559] {logging_mixin.py:115} INFO - [2023-05-19 18:14:58,558] {dag.py:2379} INFO - Sync 1 DAGs
[2023-05-19 18:14:58,628] {logging_mixin.py:115} INFO - [2023-05-19 18:14:58,628] {dag.py:2927} INFO - Setting next_dagrun for example_short_circuit_operator to 2023-05-18T21:14:58.628146+00:00, run_after=2023-05-19T21:14:58.628146+00:00
[2023-05-19 18:14:58,659] {processor.py:161} INFO - Processing /Users/marianaoliveira/Downloads/alura1/venv/lib/python3.10/site-packages/airflow/example_dags/example_short_circuit_operator.py took 0.642 seconds
