[2023-05-19 15:12:56,475] {processor.py:153} INFO - Started process (PID=2851) to work on /Users/marianaoliveira/Downloads/alura1/venv/lib/python3.10/site-packages/airflow/example_dags/example_branch_python_dop_operator_3.py
[2023-05-19 15:12:56,475] {processor.py:641} INFO - Processing file /Users/marianaoliveira/Downloads/alura1/venv/lib/python3.10/site-packages/airflow/example_dags/example_branch_python_dop_operator_3.py for tasks to queue
[2023-05-19 15:12:56,476] {logging_mixin.py:115} INFO - [2023-05-19 15:12:56,475] {dagbag.py:507} INFO - Filling up the DagBag from /Users/marianaoliveira/Downloads/alura1/venv/lib/python3.10/site-packages/airflow/example_dags/example_branch_python_dop_operator_3.py
[2023-05-19 15:12:56,511] {processor.py:651} INFO - DAG(s) dict_keys(['example_branch_dop_operator_v3']) retrieved from /Users/marianaoliveira/Downloads/alura1/venv/lib/python3.10/site-packages/airflow/example_dags/example_branch_python_dop_operator_3.py
[2023-05-19 15:12:57,553] {logging_mixin.py:115} INFO - [2023-05-19 15:12:57,553] {manager.py:508} INFO - Created Permission View: can delete on DAG:example_branch_dop_operator_v3
[2023-05-19 15:12:57,566] {logging_mixin.py:115} INFO - [2023-05-19 15:12:57,566] {manager.py:508} INFO - Created Permission View: can read on DAG:example_branch_dop_operator_v3
[2023-05-19 15:12:57,578] {logging_mixin.py:115} INFO - [2023-05-19 15:12:57,578] {manager.py:508} INFO - Created Permission View: can edit on DAG:example_branch_dop_operator_v3
[2023-05-19 15:12:57,579] {logging_mixin.py:115} INFO - [2023-05-19 15:12:57,578] {dag.py:2379} INFO - Sync 1 DAGs
[2023-05-19 15:12:57,590] {logging_mixin.py:115} INFO - [2023-05-19 15:12:57,590] {dag.py:2398} INFO - Creating ORM DAG for example_branch_dop_operator_v3
[2023-05-19 15:12:57,605] {logging_mixin.py:115} INFO - [2023-05-19 15:12:57,605] {dag.py:2927} INFO - Setting next_dagrun for example_branch_dop_operator_v3 to 2023-05-19T18:11:00+00:00, run_after=2023-05-19T18:12:00+00:00
[2023-05-19 15:12:57,628] {processor.py:161} INFO - Processing /Users/marianaoliveira/Downloads/alura1/venv/lib/python3.10/site-packages/airflow/example_dags/example_branch_python_dop_operator_3.py took 1.154 seconds
[2023-05-19 15:14:53,782] {processor.py:153} INFO - Started process (PID=2916) to work on /Users/marianaoliveira/Downloads/alura1/venv/lib/python3.10/site-packages/airflow/example_dags/example_branch_python_dop_operator_3.py
[2023-05-19 15:14:53,783] {processor.py:641} INFO - Processing file /Users/marianaoliveira/Downloads/alura1/venv/lib/python3.10/site-packages/airflow/example_dags/example_branch_python_dop_operator_3.py for tasks to queue
[2023-05-19 15:14:53,783] {logging_mixin.py:115} INFO - [2023-05-19 15:14:53,783] {dagbag.py:507} INFO - Filling up the DagBag from /Users/marianaoliveira/Downloads/alura1/venv/lib/python3.10/site-packages/airflow/example_dags/example_branch_python_dop_operator_3.py
[2023-05-19 15:14:53,835] {processor.py:651} INFO - DAG(s) dict_keys(['example_branch_dop_operator_v3']) retrieved from /Users/marianaoliveira/Downloads/alura1/venv/lib/python3.10/site-packages/airflow/example_dags/example_branch_python_dop_operator_3.py
[2023-05-19 15:14:53,948] {logging_mixin.py:115} INFO - [2023-05-19 15:14:53,948] {dag.py:2379} INFO - Sync 1 DAGs
[2023-05-19 15:14:53,979] {logging_mixin.py:115} INFO - [2023-05-19 15:14:53,979] {dag.py:2927} INFO - Setting next_dagrun for example_branch_dop_operator_v3 to 2023-05-19T18:13:00+00:00, run_after=2023-05-19T18:14:00+00:00
[2023-05-19 15:14:53,997] {processor.py:161} INFO - Processing /Users/marianaoliveira/Downloads/alura1/venv/lib/python3.10/site-packages/airflow/example_dags/example_branch_python_dop_operator_3.py took 0.216 seconds
[2023-05-19 15:17:28,649] {processor.py:153} INFO - Started process (PID=3024) to work on /Users/marianaoliveira/Downloads/alura1/venv/lib/python3.10/site-packages/airflow/example_dags/example_branch_python_dop_operator_3.py
[2023-05-19 15:17:28,651] {processor.py:641} INFO - Processing file /Users/marianaoliveira/Downloads/alura1/venv/lib/python3.10/site-packages/airflow/example_dags/example_branch_python_dop_operator_3.py for tasks to queue
[2023-05-19 15:17:28,652] {logging_mixin.py:115} INFO - [2023-05-19 15:17:28,652] {dagbag.py:507} INFO - Filling up the DagBag from /Users/marianaoliveira/Downloads/alura1/venv/lib/python3.10/site-packages/airflow/example_dags/example_branch_python_dop_operator_3.py
[2023-05-19 15:17:28,716] {processor.py:651} INFO - DAG(s) dict_keys(['example_branch_dop_operator_v3']) retrieved from /Users/marianaoliveira/Downloads/alura1/venv/lib/python3.10/site-packages/airflow/example_dags/example_branch_python_dop_operator_3.py
[2023-05-19 15:17:28,846] {logging_mixin.py:115} INFO - [2023-05-19 15:17:28,846] {dag.py:2379} INFO - Sync 1 DAGs
[2023-05-19 15:17:28,881] {logging_mixin.py:115} INFO - [2023-05-19 15:17:28,881] {dag.py:2927} INFO - Setting next_dagrun for example_branch_dop_operator_v3 to 2023-05-19T18:16:00+00:00, run_after=2023-05-19T18:17:00+00:00
[2023-05-19 15:17:28,898] {processor.py:161} INFO - Processing /Users/marianaoliveira/Downloads/alura1/venv/lib/python3.10/site-packages/airflow/example_dags/example_branch_python_dop_operator_3.py took 0.250 seconds
[2023-05-19 15:19:46,758] {processor.py:153} INFO - Started process (PID=3110) to work on /Users/marianaoliveira/Downloads/alura1/venv/lib/python3.10/site-packages/airflow/example_dags/example_branch_python_dop_operator_3.py
[2023-05-19 15:19:46,759] {processor.py:641} INFO - Processing file /Users/marianaoliveira/Downloads/alura1/venv/lib/python3.10/site-packages/airflow/example_dags/example_branch_python_dop_operator_3.py for tasks to queue
[2023-05-19 15:19:46,761] {logging_mixin.py:115} INFO - [2023-05-19 15:19:46,761] {dagbag.py:507} INFO - Filling up the DagBag from /Users/marianaoliveira/Downloads/alura1/venv/lib/python3.10/site-packages/airflow/example_dags/example_branch_python_dop_operator_3.py
[2023-05-19 15:19:46,798] {processor.py:651} INFO - DAG(s) dict_keys(['example_branch_dop_operator_v3']) retrieved from /Users/marianaoliveira/Downloads/alura1/venv/lib/python3.10/site-packages/airflow/example_dags/example_branch_python_dop_operator_3.py
[2023-05-19 15:19:46,903] {logging_mixin.py:115} INFO - [2023-05-19 15:19:46,903] {dag.py:2379} INFO - Sync 1 DAGs
[2023-05-19 15:19:46,935] {logging_mixin.py:115} INFO - [2023-05-19 15:19:46,935] {dag.py:2927} INFO - Setting next_dagrun for example_branch_dop_operator_v3 to 2023-05-19T18:18:00+00:00, run_after=2023-05-19T18:19:00+00:00
[2023-05-19 15:19:46,954] {processor.py:161} INFO - Processing /Users/marianaoliveira/Downloads/alura1/venv/lib/python3.10/site-packages/airflow/example_dags/example_branch_python_dop_operator_3.py took 0.197 seconds
[2023-05-19 15:21:32,742] {processor.py:153} INFO - Started process (PID=3164) to work on /Users/marianaoliveira/Downloads/alura1/venv/lib/python3.10/site-packages/airflow/example_dags/example_branch_python_dop_operator_3.py
[2023-05-19 15:21:32,744] {processor.py:641} INFO - Processing file /Users/marianaoliveira/Downloads/alura1/venv/lib/python3.10/site-packages/airflow/example_dags/example_branch_python_dop_operator_3.py for tasks to queue
[2023-05-19 15:21:32,744] {logging_mixin.py:115} INFO - [2023-05-19 15:21:32,744] {dagbag.py:507} INFO - Filling up the DagBag from /Users/marianaoliveira/Downloads/alura1/venv/lib/python3.10/site-packages/airflow/example_dags/example_branch_python_dop_operator_3.py
[2023-05-19 15:21:32,775] {processor.py:651} INFO - DAG(s) dict_keys(['example_branch_dop_operator_v3']) retrieved from /Users/marianaoliveira/Downloads/alura1/venv/lib/python3.10/site-packages/airflow/example_dags/example_branch_python_dop_operator_3.py
[2023-05-19 15:21:32,843] {logging_mixin.py:115} INFO - [2023-05-19 15:21:32,843] {dag.py:2379} INFO - Sync 1 DAGs
[2023-05-19 15:21:32,864] {logging_mixin.py:115} INFO - [2023-05-19 15:21:32,864] {dag.py:2927} INFO - Setting next_dagrun for example_branch_dop_operator_v3 to 2023-05-19T18:20:00+00:00, run_after=2023-05-19T18:21:00+00:00
[2023-05-19 15:21:32,877] {processor.py:161} INFO - Processing /Users/marianaoliveira/Downloads/alura1/venv/lib/python3.10/site-packages/airflow/example_dags/example_branch_python_dop_operator_3.py took 0.136 seconds
[2023-05-19 15:23:08,992] {processor.py:153} INFO - Started process (PID=3213) to work on /Users/marianaoliveira/Downloads/alura1/venv/lib/python3.10/site-packages/airflow/example_dags/example_branch_python_dop_operator_3.py
[2023-05-19 15:23:08,993] {processor.py:641} INFO - Processing file /Users/marianaoliveira/Downloads/alura1/venv/lib/python3.10/site-packages/airflow/example_dags/example_branch_python_dop_operator_3.py for tasks to queue
[2023-05-19 15:23:08,996] {logging_mixin.py:115} INFO - [2023-05-19 15:23:08,996] {dagbag.py:507} INFO - Filling up the DagBag from /Users/marianaoliveira/Downloads/alura1/venv/lib/python3.10/site-packages/airflow/example_dags/example_branch_python_dop_operator_3.py
[2023-05-19 15:23:09,038] {processor.py:651} INFO - DAG(s) dict_keys(['example_branch_dop_operator_v3']) retrieved from /Users/marianaoliveira/Downloads/alura1/venv/lib/python3.10/site-packages/airflow/example_dags/example_branch_python_dop_operator_3.py
[2023-05-19 15:23:09,106] {logging_mixin.py:115} INFO - [2023-05-19 15:23:09,106] {dag.py:2379} INFO - Sync 1 DAGs
[2023-05-19 15:23:09,126] {logging_mixin.py:115} INFO - [2023-05-19 15:23:09,126] {dag.py:2927} INFO - Setting next_dagrun for example_branch_dop_operator_v3 to 2023-05-19T18:22:00+00:00, run_after=2023-05-19T18:23:00+00:00
[2023-05-19 15:23:09,138] {processor.py:161} INFO - Processing /Users/marianaoliveira/Downloads/alura1/venv/lib/python3.10/site-packages/airflow/example_dags/example_branch_python_dop_operator_3.py took 0.147 seconds
[2023-05-19 15:25:05,042] {processor.py:153} INFO - Started process (PID=3274) to work on /Users/marianaoliveira/Downloads/alura1/venv/lib/python3.10/site-packages/airflow/example_dags/example_branch_python_dop_operator_3.py
[2023-05-19 15:25:05,043] {processor.py:641} INFO - Processing file /Users/marianaoliveira/Downloads/alura1/venv/lib/python3.10/site-packages/airflow/example_dags/example_branch_python_dop_operator_3.py for tasks to queue
[2023-05-19 15:25:05,044] {logging_mixin.py:115} INFO - [2023-05-19 15:25:05,044] {dagbag.py:507} INFO - Filling up the DagBag from /Users/marianaoliveira/Downloads/alura1/venv/lib/python3.10/site-packages/airflow/example_dags/example_branch_python_dop_operator_3.py
[2023-05-19 15:25:05,079] {processor.py:651} INFO - DAG(s) dict_keys(['example_branch_dop_operator_v3']) retrieved from /Users/marianaoliveira/Downloads/alura1/venv/lib/python3.10/site-packages/airflow/example_dags/example_branch_python_dop_operator_3.py
[2023-05-19 15:25:05,192] {logging_mixin.py:115} INFO - [2023-05-19 15:25:05,192] {dag.py:2379} INFO - Sync 1 DAGs
[2023-05-19 15:25:05,221] {logging_mixin.py:115} INFO - [2023-05-19 15:25:05,221] {dag.py:2927} INFO - Setting next_dagrun for example_branch_dop_operator_v3 to 2023-05-19T18:24:00+00:00, run_after=2023-05-19T18:25:00+00:00
[2023-05-19 15:25:05,237] {processor.py:161} INFO - Processing /Users/marianaoliveira/Downloads/alura1/venv/lib/python3.10/site-packages/airflow/example_dags/example_branch_python_dop_operator_3.py took 0.196 seconds
[2023-05-19 15:27:02,027] {processor.py:153} INFO - Started process (PID=3360) to work on /Users/marianaoliveira/Downloads/alura1/venv/lib/python3.10/site-packages/airflow/example_dags/example_branch_python_dop_operator_3.py
[2023-05-19 15:27:02,027] {processor.py:641} INFO - Processing file /Users/marianaoliveira/Downloads/alura1/venv/lib/python3.10/site-packages/airflow/example_dags/example_branch_python_dop_operator_3.py for tasks to queue
[2023-05-19 15:27:02,028] {logging_mixin.py:115} INFO - [2023-05-19 15:27:02,028] {dagbag.py:507} INFO - Filling up the DagBag from /Users/marianaoliveira/Downloads/alura1/venv/lib/python3.10/site-packages/airflow/example_dags/example_branch_python_dop_operator_3.py
[2023-05-19 15:27:02,058] {processor.py:651} INFO - DAG(s) dict_keys(['example_branch_dop_operator_v3']) retrieved from /Users/marianaoliveira/Downloads/alura1/venv/lib/python3.10/site-packages/airflow/example_dags/example_branch_python_dop_operator_3.py
[2023-05-19 15:27:02,129] {logging_mixin.py:115} INFO - [2023-05-19 15:27:02,129] {dag.py:2379} INFO - Sync 1 DAGs
[2023-05-19 15:27:02,151] {logging_mixin.py:115} INFO - [2023-05-19 15:27:02,151] {dag.py:2927} INFO - Setting next_dagrun for example_branch_dop_operator_v3 to 2023-05-19T18:26:00+00:00, run_after=2023-05-19T18:27:00+00:00
[2023-05-19 15:27:02,163] {processor.py:161} INFO - Processing /Users/marianaoliveira/Downloads/alura1/venv/lib/python3.10/site-packages/airflow/example_dags/example_branch_python_dop_operator_3.py took 0.137 seconds
[2023-05-19 15:29:09,014] {processor.py:153} INFO - Started process (PID=3430) to work on /Users/marianaoliveira/Downloads/alura1/venv/lib/python3.10/site-packages/airflow/example_dags/example_branch_python_dop_operator_3.py
[2023-05-19 15:29:09,015] {processor.py:641} INFO - Processing file /Users/marianaoliveira/Downloads/alura1/venv/lib/python3.10/site-packages/airflow/example_dags/example_branch_python_dop_operator_3.py for tasks to queue
[2023-05-19 15:29:09,015] {logging_mixin.py:115} INFO - [2023-05-19 15:29:09,015] {dagbag.py:507} INFO - Filling up the DagBag from /Users/marianaoliveira/Downloads/alura1/venv/lib/python3.10/site-packages/airflow/example_dags/example_branch_python_dop_operator_3.py
[2023-05-19 15:29:09,051] {processor.py:651} INFO - DAG(s) dict_keys(['example_branch_dop_operator_v3']) retrieved from /Users/marianaoliveira/Downloads/alura1/venv/lib/python3.10/site-packages/airflow/example_dags/example_branch_python_dop_operator_3.py
[2023-05-19 15:29:09,144] {logging_mixin.py:115} INFO - [2023-05-19 15:29:09,138] {dag.py:2379} INFO - Sync 1 DAGs
[2023-05-19 15:29:09,170] {logging_mixin.py:115} INFO - [2023-05-19 15:29:09,169] {dag.py:2927} INFO - Setting next_dagrun for example_branch_dop_operator_v3 to 2023-05-19T18:28:00+00:00, run_after=2023-05-19T18:29:00+00:00
[2023-05-19 15:29:09,184] {processor.py:161} INFO - Processing /Users/marianaoliveira/Downloads/alura1/venv/lib/python3.10/site-packages/airflow/example_dags/example_branch_python_dop_operator_3.py took 0.171 seconds
[2023-05-19 16:30:07,308] {processor.py:153} INFO - Started process (PID=6091) to work on /Users/marianaoliveira/Downloads/alura1/venv/lib/python3.10/site-packages/airflow/example_dags/example_branch_python_dop_operator_3.py
[2023-05-19 16:30:07,308] {processor.py:641} INFO - Processing file /Users/marianaoliveira/Downloads/alura1/venv/lib/python3.10/site-packages/airflow/example_dags/example_branch_python_dop_operator_3.py for tasks to queue
[2023-05-19 16:30:07,309] {logging_mixin.py:115} INFO - [2023-05-19 16:30:07,309] {dagbag.py:507} INFO - Filling up the DagBag from /Users/marianaoliveira/Downloads/alura1/venv/lib/python3.10/site-packages/airflow/example_dags/example_branch_python_dop_operator_3.py
[2023-05-19 16:30:07,389] {processor.py:651} INFO - DAG(s) dict_keys(['example_branch_dop_operator_v3']) retrieved from /Users/marianaoliveira/Downloads/alura1/venv/lib/python3.10/site-packages/airflow/example_dags/example_branch_python_dop_operator_3.py
[2023-05-19 16:30:07,538] {logging_mixin.py:115} INFO - [2023-05-19 16:30:07,537] {dag.py:2379} INFO - Sync 1 DAGs
[2023-05-19 16:30:07,575] {logging_mixin.py:115} INFO - [2023-05-19 16:30:07,575] {dag.py:2927} INFO - Setting next_dagrun for example_branch_dop_operator_v3 to 2023-05-19T19:29:00+00:00, run_after=2023-05-19T19:30:00+00:00
[2023-05-19 16:30:07,611] {processor.py:161} INFO - Processing /Users/marianaoliveira/Downloads/alura1/venv/lib/python3.10/site-packages/airflow/example_dags/example_branch_python_dop_operator_3.py took 0.305 seconds
[2023-05-19 16:34:58,087] {processor.py:153} INFO - Started process (PID=6254) to work on /Users/marianaoliveira/Downloads/alura1/venv/lib/python3.10/site-packages/airflow/example_dags/example_branch_python_dop_operator_3.py
[2023-05-19 16:34:58,089] {processor.py:641} INFO - Processing file /Users/marianaoliveira/Downloads/alura1/venv/lib/python3.10/site-packages/airflow/example_dags/example_branch_python_dop_operator_3.py for tasks to queue
[2023-05-19 16:34:58,092] {logging_mixin.py:115} INFO - [2023-05-19 16:34:58,091] {dagbag.py:507} INFO - Filling up the DagBag from /Users/marianaoliveira/Downloads/alura1/venv/lib/python3.10/site-packages/airflow/example_dags/example_branch_python_dop_operator_3.py
[2023-05-19 16:34:58,280] {processor.py:651} INFO - DAG(s) dict_keys(['example_branch_dop_operator_v3']) retrieved from /Users/marianaoliveira/Downloads/alura1/venv/lib/python3.10/site-packages/airflow/example_dags/example_branch_python_dop_operator_3.py
[2023-05-19 16:34:58,682] {logging_mixin.py:115} INFO - [2023-05-19 16:34:58,682] {dag.py:2379} INFO - Sync 1 DAGs
[2023-05-19 16:34:58,817] {logging_mixin.py:115} INFO - [2023-05-19 16:34:58,817] {dag.py:2927} INFO - Setting next_dagrun for example_branch_dop_operator_v3 to 2023-05-19T19:33:00+00:00, run_after=2023-05-19T19:34:00+00:00
[2023-05-19 16:34:58,854] {processor.py:161} INFO - Processing /Users/marianaoliveira/Downloads/alura1/venv/lib/python3.10/site-packages/airflow/example_dags/example_branch_python_dop_operator_3.py took 0.770 seconds
[2023-05-19 16:37:05,189] {processor.py:153} INFO - Started process (PID=6317) to work on /Users/marianaoliveira/Downloads/alura1/venv/lib/python3.10/site-packages/airflow/example_dags/example_branch_python_dop_operator_3.py
[2023-05-19 16:37:05,191] {processor.py:641} INFO - Processing file /Users/marianaoliveira/Downloads/alura1/venv/lib/python3.10/site-packages/airflow/example_dags/example_branch_python_dop_operator_3.py for tasks to queue
[2023-05-19 16:37:05,191] {logging_mixin.py:115} INFO - [2023-05-19 16:37:05,191] {dagbag.py:507} INFO - Filling up the DagBag from /Users/marianaoliveira/Downloads/alura1/venv/lib/python3.10/site-packages/airflow/example_dags/example_branch_python_dop_operator_3.py
[2023-05-19 16:37:05,240] {processor.py:651} INFO - DAG(s) dict_keys(['example_branch_dop_operator_v3']) retrieved from /Users/marianaoliveira/Downloads/alura1/venv/lib/python3.10/site-packages/airflow/example_dags/example_branch_python_dop_operator_3.py
[2023-05-19 16:37:05,346] {logging_mixin.py:115} INFO - [2023-05-19 16:37:05,346] {dag.py:2379} INFO - Sync 1 DAGs
[2023-05-19 16:37:05,383] {logging_mixin.py:115} INFO - [2023-05-19 16:37:05,383] {dag.py:2927} INFO - Setting next_dagrun for example_branch_dop_operator_v3 to 2023-05-19T19:36:00+00:00, run_after=2023-05-19T19:37:00+00:00
[2023-05-19 16:37:05,403] {processor.py:161} INFO - Processing /Users/marianaoliveira/Downloads/alura1/venv/lib/python3.10/site-packages/airflow/example_dags/example_branch_python_dop_operator_3.py took 0.215 seconds
[2023-05-19 16:52:26,408] {processor.py:153} INFO - Started process (PID=6781) to work on /Users/marianaoliveira/Downloads/alura1/venv/lib/python3.10/site-packages/airflow/example_dags/example_branch_python_dop_operator_3.py
[2023-05-19 16:52:26,410] {processor.py:641} INFO - Processing file /Users/marianaoliveira/Downloads/alura1/venv/lib/python3.10/site-packages/airflow/example_dags/example_branch_python_dop_operator_3.py for tasks to queue
[2023-05-19 16:52:26,411] {logging_mixin.py:115} INFO - [2023-05-19 16:52:26,411] {dagbag.py:507} INFO - Filling up the DagBag from /Users/marianaoliveira/Downloads/alura1/venv/lib/python3.10/site-packages/airflow/example_dags/example_branch_python_dop_operator_3.py
[2023-05-19 16:52:26,544] {processor.py:651} INFO - DAG(s) dict_keys(['example_branch_dop_operator_v3']) retrieved from /Users/marianaoliveira/Downloads/alura1/venv/lib/python3.10/site-packages/airflow/example_dags/example_branch_python_dop_operator_3.py
[2023-05-19 16:52:27,382] {logging_mixin.py:115} INFO - [2023-05-19 16:52:27,382] {dag.py:2379} INFO - Sync 1 DAGs
[2023-05-19 16:52:27,695] {logging_mixin.py:115} INFO - [2023-05-19 16:52:27,695] {dag.py:2927} INFO - Setting next_dagrun for example_branch_dop_operator_v3 to 2023-05-19T19:51:00+00:00, run_after=2023-05-19T19:52:00+00:00
[2023-05-19 16:52:27,788] {processor.py:161} INFO - Processing /Users/marianaoliveira/Downloads/alura1/venv/lib/python3.10/site-packages/airflow/example_dags/example_branch_python_dop_operator_3.py took 1.381 seconds
[2023-05-19 16:57:04,464] {processor.py:153} INFO - Started process (PID=7027) to work on /Users/marianaoliveira/Downloads/alura1/venv/lib/python3.10/site-packages/airflow/example_dags/example_branch_python_dop_operator_3.py
[2023-05-19 16:57:04,466] {processor.py:641} INFO - Processing file /Users/marianaoliveira/Downloads/alura1/venv/lib/python3.10/site-packages/airflow/example_dags/example_branch_python_dop_operator_3.py for tasks to queue
[2023-05-19 16:57:04,466] {logging_mixin.py:115} INFO - [2023-05-19 16:57:04,466] {dagbag.py:507} INFO - Filling up the DagBag from /Users/marianaoliveira/Downloads/alura1/venv/lib/python3.10/site-packages/airflow/example_dags/example_branch_python_dop_operator_3.py
[2023-05-19 16:57:04,531] {processor.py:651} INFO - DAG(s) dict_keys(['example_branch_dop_operator_v3']) retrieved from /Users/marianaoliveira/Downloads/alura1/venv/lib/python3.10/site-packages/airflow/example_dags/example_branch_python_dop_operator_3.py
[2023-05-19 16:57:04,650] {logging_mixin.py:115} INFO - [2023-05-19 16:57:04,649] {dag.py:2379} INFO - Sync 1 DAGs
[2023-05-19 16:57:04,680] {logging_mixin.py:115} INFO - [2023-05-19 16:57:04,680] {dag.py:2927} INFO - Setting next_dagrun for example_branch_dop_operator_v3 to 2023-05-19T19:56:00+00:00, run_after=2023-05-19T19:57:00+00:00
[2023-05-19 16:57:04,697] {processor.py:161} INFO - Processing /Users/marianaoliveira/Downloads/alura1/venv/lib/python3.10/site-packages/airflow/example_dags/example_branch_python_dop_operator_3.py took 0.234 seconds
[2023-05-19 17:00:10,816] {processor.py:153} INFO - Started process (PID=7110) to work on /Users/marianaoliveira/Downloads/alura1/venv/lib/python3.10/site-packages/airflow/example_dags/example_branch_python_dop_operator_3.py
[2023-05-19 17:00:10,820] {processor.py:641} INFO - Processing file /Users/marianaoliveira/Downloads/alura1/venv/lib/python3.10/site-packages/airflow/example_dags/example_branch_python_dop_operator_3.py for tasks to queue
[2023-05-19 17:00:10,821] {logging_mixin.py:115} INFO - [2023-05-19 17:00:10,821] {dagbag.py:507} INFO - Filling up the DagBag from /Users/marianaoliveira/Downloads/alura1/venv/lib/python3.10/site-packages/airflow/example_dags/example_branch_python_dop_operator_3.py
[2023-05-19 17:00:10,888] {processor.py:651} INFO - DAG(s) dict_keys(['example_branch_dop_operator_v3']) retrieved from /Users/marianaoliveira/Downloads/alura1/venv/lib/python3.10/site-packages/airflow/example_dags/example_branch_python_dop_operator_3.py
[2023-05-19 17:00:11,054] {logging_mixin.py:115} INFO - [2023-05-19 17:00:11,053] {dag.py:2379} INFO - Sync 1 DAGs
[2023-05-19 17:00:11,103] {logging_mixin.py:115} INFO - [2023-05-19 17:00:11,103] {dag.py:2927} INFO - Setting next_dagrun for example_branch_dop_operator_v3 to 2023-05-19T19:59:00+00:00, run_after=2023-05-19T20:00:00+00:00
[2023-05-19 17:00:11,130] {processor.py:161} INFO - Processing /Users/marianaoliveira/Downloads/alura1/venv/lib/python3.10/site-packages/airflow/example_dags/example_branch_python_dop_operator_3.py took 0.318 seconds
[2023-05-19 17:04:00,734] {processor.py:153} INFO - Started process (PID=7285) to work on /Users/marianaoliveira/Downloads/alura1/venv/lib/python3.10/site-packages/airflow/example_dags/example_branch_python_dop_operator_3.py
[2023-05-19 17:04:00,737] {processor.py:641} INFO - Processing file /Users/marianaoliveira/Downloads/alura1/venv/lib/python3.10/site-packages/airflow/example_dags/example_branch_python_dop_operator_3.py for tasks to queue
[2023-05-19 17:04:00,740] {logging_mixin.py:115} INFO - [2023-05-19 17:04:00,740] {dagbag.py:507} INFO - Filling up the DagBag from /Users/marianaoliveira/Downloads/alura1/venv/lib/python3.10/site-packages/airflow/example_dags/example_branch_python_dop_operator_3.py
[2023-05-19 17:04:00,891] {processor.py:651} INFO - DAG(s) dict_keys(['example_branch_dop_operator_v3']) retrieved from /Users/marianaoliveira/Downloads/alura1/venv/lib/python3.10/site-packages/airflow/example_dags/example_branch_python_dop_operator_3.py
[2023-05-19 17:04:01,372] {logging_mixin.py:115} INFO - [2023-05-19 17:04:01,371] {dag.py:2379} INFO - Sync 1 DAGs
[2023-05-19 17:04:01,435] {logging_mixin.py:115} INFO - [2023-05-19 17:04:01,434] {dag.py:2927} INFO - Setting next_dagrun for example_branch_dop_operator_v3 to 2023-05-19T20:03:00+00:00, run_after=2023-05-19T20:04:00+00:00
[2023-05-19 17:04:01,473] {processor.py:161} INFO - Processing /Users/marianaoliveira/Downloads/alura1/venv/lib/python3.10/site-packages/airflow/example_dags/example_branch_python_dop_operator_3.py took 0.749 seconds
[2023-05-19 17:31:18,260] {processor.py:153} INFO - Started process (PID=7767) to work on /Users/marianaoliveira/Downloads/alura1/venv/lib/python3.10/site-packages/airflow/example_dags/example_branch_python_dop_operator_3.py
[2023-05-19 17:31:18,261] {processor.py:641} INFO - Processing file /Users/marianaoliveira/Downloads/alura1/venv/lib/python3.10/site-packages/airflow/example_dags/example_branch_python_dop_operator_3.py for tasks to queue
[2023-05-19 17:31:18,262] {logging_mixin.py:115} INFO - [2023-05-19 17:31:18,262] {dagbag.py:507} INFO - Filling up the DagBag from /Users/marianaoliveira/Downloads/alura1/venv/lib/python3.10/site-packages/airflow/example_dags/example_branch_python_dop_operator_3.py
[2023-05-19 17:31:18,333] {processor.py:651} INFO - DAG(s) dict_keys(['example_branch_dop_operator_v3']) retrieved from /Users/marianaoliveira/Downloads/alura1/venv/lib/python3.10/site-packages/airflow/example_dags/example_branch_python_dop_operator_3.py
[2023-05-19 17:31:18,470] {logging_mixin.py:115} INFO - [2023-05-19 17:31:18,470] {dag.py:2379} INFO - Sync 1 DAGs
[2023-05-19 17:31:18,503] {logging_mixin.py:115} INFO - [2023-05-19 17:31:18,502] {dag.py:2927} INFO - Setting next_dagrun for example_branch_dop_operator_v3 to 2023-05-19T20:30:00+00:00, run_after=2023-05-19T20:31:00+00:00
[2023-05-19 17:31:18,518] {processor.py:161} INFO - Processing /Users/marianaoliveira/Downloads/alura1/venv/lib/python3.10/site-packages/airflow/example_dags/example_branch_python_dop_operator_3.py took 0.259 seconds
[2023-05-19 17:36:33,073] {processor.py:153} INFO - Started process (PID=7884) to work on /Users/marianaoliveira/Downloads/alura1/venv/lib/python3.10/site-packages/airflow/example_dags/example_branch_python_dop_operator_3.py
[2023-05-19 17:36:33,074] {processor.py:641} INFO - Processing file /Users/marianaoliveira/Downloads/alura1/venv/lib/python3.10/site-packages/airflow/example_dags/example_branch_python_dop_operator_3.py for tasks to queue
[2023-05-19 17:36:33,076] {logging_mixin.py:115} INFO - [2023-05-19 17:36:33,076] {dagbag.py:507} INFO - Filling up the DagBag from /Users/marianaoliveira/Downloads/alura1/venv/lib/python3.10/site-packages/airflow/example_dags/example_branch_python_dop_operator_3.py
[2023-05-19 17:36:33,162] {processor.py:651} INFO - DAG(s) dict_keys(['example_branch_dop_operator_v3']) retrieved from /Users/marianaoliveira/Downloads/alura1/venv/lib/python3.10/site-packages/airflow/example_dags/example_branch_python_dop_operator_3.py
[2023-05-19 17:36:33,302] {logging_mixin.py:115} INFO - [2023-05-19 17:36:33,302] {dag.py:2379} INFO - Sync 1 DAGs
[2023-05-19 17:36:33,328] {logging_mixin.py:115} INFO - [2023-05-19 17:36:33,328] {dag.py:2927} INFO - Setting next_dagrun for example_branch_dop_operator_v3 to 2023-05-19T20:35:00+00:00, run_after=2023-05-19T20:36:00+00:00
[2023-05-19 17:36:33,342] {processor.py:161} INFO - Processing /Users/marianaoliveira/Downloads/alura1/venv/lib/python3.10/site-packages/airflow/example_dags/example_branch_python_dop_operator_3.py took 0.272 seconds
[2023-05-19 17:45:55,363] {processor.py:153} INFO - Started process (PID=8124) to work on /Users/marianaoliveira/Downloads/alura1/venv/lib/python3.10/site-packages/airflow/example_dags/example_branch_python_dop_operator_3.py
[2023-05-19 17:45:55,364] {processor.py:641} INFO - Processing file /Users/marianaoliveira/Downloads/alura1/venv/lib/python3.10/site-packages/airflow/example_dags/example_branch_python_dop_operator_3.py for tasks to queue
[2023-05-19 17:45:55,368] {logging_mixin.py:115} INFO - [2023-05-19 17:45:55,368] {dagbag.py:507} INFO - Filling up the DagBag from /Users/marianaoliveira/Downloads/alura1/venv/lib/python3.10/site-packages/airflow/example_dags/example_branch_python_dop_operator_3.py
[2023-05-19 17:45:55,478] {processor.py:651} INFO - DAG(s) dict_keys(['example_branch_dop_operator_v3']) retrieved from /Users/marianaoliveira/Downloads/alura1/venv/lib/python3.10/site-packages/airflow/example_dags/example_branch_python_dop_operator_3.py
[2023-05-19 17:45:55,628] {logging_mixin.py:115} INFO - [2023-05-19 17:45:55,628] {dag.py:2379} INFO - Sync 1 DAGs
[2023-05-19 17:45:55,670] {logging_mixin.py:115} INFO - [2023-05-19 17:45:55,670] {dag.py:2927} INFO - Setting next_dagrun for example_branch_dop_operator_v3 to 2023-05-19T20:44:00+00:00, run_after=2023-05-19T20:45:00+00:00
[2023-05-19 17:45:55,709] {processor.py:161} INFO - Processing /Users/marianaoliveira/Downloads/alura1/venv/lib/python3.10/site-packages/airflow/example_dags/example_branch_python_dop_operator_3.py took 0.357 seconds
[2023-05-19 17:49:16,426] {processor.py:153} INFO - Started process (PID=8208) to work on /Users/marianaoliveira/Downloads/alura1/venv/lib/python3.10/site-packages/airflow/example_dags/example_branch_python_dop_operator_3.py
[2023-05-19 17:49:16,428] {processor.py:641} INFO - Processing file /Users/marianaoliveira/Downloads/alura1/venv/lib/python3.10/site-packages/airflow/example_dags/example_branch_python_dop_operator_3.py for tasks to queue
[2023-05-19 17:49:16,429] {logging_mixin.py:115} INFO - [2023-05-19 17:49:16,429] {dagbag.py:507} INFO - Filling up the DagBag from /Users/marianaoliveira/Downloads/alura1/venv/lib/python3.10/site-packages/airflow/example_dags/example_branch_python_dop_operator_3.py
[2023-05-19 17:49:16,477] {processor.py:651} INFO - DAG(s) dict_keys(['example_branch_dop_operator_v3']) retrieved from /Users/marianaoliveira/Downloads/alura1/venv/lib/python3.10/site-packages/airflow/example_dags/example_branch_python_dop_operator_3.py
[2023-05-19 17:49:16,593] {logging_mixin.py:115} INFO - [2023-05-19 17:49:16,593] {dag.py:2379} INFO - Sync 1 DAGs
[2023-05-19 17:49:16,619] {logging_mixin.py:115} INFO - [2023-05-19 17:49:16,619] {dag.py:2927} INFO - Setting next_dagrun for example_branch_dop_operator_v3 to 2023-05-19T20:48:00+00:00, run_after=2023-05-19T20:49:00+00:00
[2023-05-19 17:49:16,635] {processor.py:161} INFO - Processing /Users/marianaoliveira/Downloads/alura1/venv/lib/python3.10/site-packages/airflow/example_dags/example_branch_python_dop_operator_3.py took 0.210 seconds
[2023-05-19 17:52:29,820] {processor.py:153} INFO - Started process (PID=8322) to work on /Users/marianaoliveira/Downloads/alura1/venv/lib/python3.10/site-packages/airflow/example_dags/example_branch_python_dop_operator_3.py
[2023-05-19 17:52:29,822] {processor.py:641} INFO - Processing file /Users/marianaoliveira/Downloads/alura1/venv/lib/python3.10/site-packages/airflow/example_dags/example_branch_python_dop_operator_3.py for tasks to queue
[2023-05-19 17:52:29,822] {logging_mixin.py:115} INFO - [2023-05-19 17:52:29,822] {dagbag.py:507} INFO - Filling up the DagBag from /Users/marianaoliveira/Downloads/alura1/venv/lib/python3.10/site-packages/airflow/example_dags/example_branch_python_dop_operator_3.py
[2023-05-19 17:52:29,914] {processor.py:651} INFO - DAG(s) dict_keys(['example_branch_dop_operator_v3']) retrieved from /Users/marianaoliveira/Downloads/alura1/venv/lib/python3.10/site-packages/airflow/example_dags/example_branch_python_dop_operator_3.py
[2023-05-19 17:52:30,166] {logging_mixin.py:115} INFO - [2023-05-19 17:52:30,165] {dag.py:2379} INFO - Sync 1 DAGs
[2023-05-19 17:52:30,239] {logging_mixin.py:115} INFO - [2023-05-19 17:52:30,239] {dag.py:2927} INFO - Setting next_dagrun for example_branch_dop_operator_v3 to 2023-05-19T20:51:00+00:00, run_after=2023-05-19T20:52:00+00:00
[2023-05-19 17:52:30,279] {processor.py:161} INFO - Processing /Users/marianaoliveira/Downloads/alura1/venv/lib/python3.10/site-packages/airflow/example_dags/example_branch_python_dop_operator_3.py took 0.460 seconds
[2023-05-19 17:54:56,621] {processor.py:153} INFO - Started process (PID=8463) to work on /Users/marianaoliveira/Downloads/alura1/venv/lib/python3.10/site-packages/airflow/example_dags/example_branch_python_dop_operator_3.py
[2023-05-19 17:54:56,624] {processor.py:641} INFO - Processing file /Users/marianaoliveira/Downloads/alura1/venv/lib/python3.10/site-packages/airflow/example_dags/example_branch_python_dop_operator_3.py for tasks to queue
[2023-05-19 17:54:56,625] {logging_mixin.py:115} INFO - [2023-05-19 17:54:56,625] {dagbag.py:507} INFO - Filling up the DagBag from /Users/marianaoliveira/Downloads/alura1/venv/lib/python3.10/site-packages/airflow/example_dags/example_branch_python_dop_operator_3.py
[2023-05-19 17:54:56,683] {processor.py:651} INFO - DAG(s) dict_keys(['example_branch_dop_operator_v3']) retrieved from /Users/marianaoliveira/Downloads/alura1/venv/lib/python3.10/site-packages/airflow/example_dags/example_branch_python_dop_operator_3.py
[2023-05-19 17:54:56,803] {logging_mixin.py:115} INFO - [2023-05-19 17:54:56,802] {dag.py:2379} INFO - Sync 1 DAGs
[2023-05-19 17:54:56,841] {logging_mixin.py:115} INFO - [2023-05-19 17:54:56,841] {dag.py:2927} INFO - Setting next_dagrun for example_branch_dop_operator_v3 to 2023-05-19T20:53:00+00:00, run_after=2023-05-19T20:54:00+00:00
[2023-05-19 17:54:56,859] {processor.py:161} INFO - Processing /Users/marianaoliveira/Downloads/alura1/venv/lib/python3.10/site-packages/airflow/example_dags/example_branch_python_dop_operator_3.py took 0.240 seconds
[2023-05-19 17:57:57,267] {processor.py:153} INFO - Started process (PID=8606) to work on /Users/marianaoliveira/Downloads/alura1/venv/lib/python3.10/site-packages/airflow/example_dags/example_branch_python_dop_operator_3.py
[2023-05-19 17:57:57,269] {processor.py:641} INFO - Processing file /Users/marianaoliveira/Downloads/alura1/venv/lib/python3.10/site-packages/airflow/example_dags/example_branch_python_dop_operator_3.py for tasks to queue
[2023-05-19 17:57:57,269] {logging_mixin.py:115} INFO - [2023-05-19 17:57:57,269] {dagbag.py:507} INFO - Filling up the DagBag from /Users/marianaoliveira/Downloads/alura1/venv/lib/python3.10/site-packages/airflow/example_dags/example_branch_python_dop_operator_3.py
[2023-05-19 17:57:57,337] {processor.py:651} INFO - DAG(s) dict_keys(['example_branch_dop_operator_v3']) retrieved from /Users/marianaoliveira/Downloads/alura1/venv/lib/python3.10/site-packages/airflow/example_dags/example_branch_python_dop_operator_3.py
[2023-05-19 17:57:57,488] {logging_mixin.py:115} INFO - [2023-05-19 17:57:57,488] {dag.py:2379} INFO - Sync 1 DAGs
[2023-05-19 17:57:57,522] {logging_mixin.py:115} INFO - [2023-05-19 17:57:57,522] {dag.py:2927} INFO - Setting next_dagrun for example_branch_dop_operator_v3 to 2023-05-19T20:56:00+00:00, run_after=2023-05-19T20:57:00+00:00
[2023-05-19 17:57:57,539] {processor.py:161} INFO - Processing /Users/marianaoliveira/Downloads/alura1/venv/lib/python3.10/site-packages/airflow/example_dags/example_branch_python_dop_operator_3.py took 0.273 seconds
[2023-05-19 18:15:53,398] {processor.py:153} INFO - Started process (PID=9243) to work on /Users/marianaoliveira/Downloads/alura1/venv/lib/python3.10/site-packages/airflow/example_dags/example_branch_python_dop_operator_3.py
[2023-05-19 18:15:53,399] {processor.py:641} INFO - Processing file /Users/marianaoliveira/Downloads/alura1/venv/lib/python3.10/site-packages/airflow/example_dags/example_branch_python_dop_operator_3.py for tasks to queue
[2023-05-19 18:15:53,403] {logging_mixin.py:115} INFO - [2023-05-19 18:15:53,403] {dagbag.py:507} INFO - Filling up the DagBag from /Users/marianaoliveira/Downloads/alura1/venv/lib/python3.10/site-packages/airflow/example_dags/example_branch_python_dop_operator_3.py
[2023-05-19 18:15:53,487] {processor.py:651} INFO - DAG(s) dict_keys(['example_branch_dop_operator_v3']) retrieved from /Users/marianaoliveira/Downloads/alura1/venv/lib/python3.10/site-packages/airflow/example_dags/example_branch_python_dop_operator_3.py
[2023-05-19 18:15:53,612] {logging_mixin.py:115} INFO - [2023-05-19 18:15:53,612] {dag.py:2379} INFO - Sync 1 DAGs
[2023-05-19 18:15:53,643] {logging_mixin.py:115} INFO - [2023-05-19 18:15:53,643] {dag.py:2927} INFO - Setting next_dagrun for example_branch_dop_operator_v3 to 2023-05-19T21:14:00+00:00, run_after=2023-05-19T21:15:00+00:00
[2023-05-19 18:15:53,678] {processor.py:161} INFO - Processing /Users/marianaoliveira/Downloads/alura1/venv/lib/python3.10/site-packages/airflow/example_dags/example_branch_python_dop_operator_3.py took 0.281 seconds
