[2023-05-19 15:11:21,554] {processor.py:153} INFO - Started process (PID=2750) to work on /Users/marianaoliveira/Downloads/alura1/venv/lib/python3.10/site-packages/airflow/example_dags/tutorial_taskflow_api_etl.py
[2023-05-19 15:11:21,554] {processor.py:641} INFO - Processing file /Users/marianaoliveira/Downloads/alura1/venv/lib/python3.10/site-packages/airflow/example_dags/tutorial_taskflow_api_etl.py for tasks to queue
[2023-05-19 15:11:21,555] {logging_mixin.py:115} INFO - [2023-05-19 15:11:21,555] {dagbag.py:507} INFO - Filling up the DagBag from /Users/marianaoliveira/Downloads/alura1/venv/lib/python3.10/site-packages/airflow/example_dags/tutorial_taskflow_api_etl.py
[2023-05-19 15:11:21,609] {processor.py:651} INFO - DAG(s) dict_keys(['tutorial_taskflow_api_etl']) retrieved from /Users/marianaoliveira/Downloads/alura1/venv/lib/python3.10/site-packages/airflow/example_dags/tutorial_taskflow_api_etl.py
[2023-05-19 15:11:22,721] {logging_mixin.py:115} INFO - [2023-05-19 15:11:22,721] {manager.py:508} INFO - Created Permission View: can edit on DAG:tutorial_taskflow_api_etl
[2023-05-19 15:11:22,731] {logging_mixin.py:115} INFO - [2023-05-19 15:11:22,730] {manager.py:508} INFO - Created Permission View: can delete on DAG:tutorial_taskflow_api_etl
[2023-05-19 15:11:22,739] {logging_mixin.py:115} INFO - [2023-05-19 15:11:22,739] {manager.py:508} INFO - Created Permission View: can read on DAG:tutorial_taskflow_api_etl
[2023-05-19 15:11:22,740] {logging_mixin.py:115} INFO - [2023-05-19 15:11:22,739] {dag.py:2379} INFO - Sync 1 DAGs
[2023-05-19 15:11:22,749] {logging_mixin.py:115} INFO - [2023-05-19 15:11:22,749] {dag.py:2398} INFO - Creating ORM DAG for tutorial_taskflow_api_etl
[2023-05-19 15:11:22,758] {logging_mixin.py:115} INFO - [2023-05-19 15:11:22,758] {dag.py:2927} INFO - Setting next_dagrun for tutorial_taskflow_api_etl to None, run_after=None
[2023-05-19 15:11:22,778] {processor.py:161} INFO - Processing /Users/marianaoliveira/Downloads/alura1/venv/lib/python3.10/site-packages/airflow/example_dags/tutorial_taskflow_api_etl.py took 1.227 seconds
[2023-05-19 15:13:29,940] {processor.py:153} INFO - Started process (PID=2868) to work on /Users/marianaoliveira/Downloads/alura1/venv/lib/python3.10/site-packages/airflow/example_dags/tutorial_taskflow_api_etl.py
[2023-05-19 15:13:29,941] {processor.py:641} INFO - Processing file /Users/marianaoliveira/Downloads/alura1/venv/lib/python3.10/site-packages/airflow/example_dags/tutorial_taskflow_api_etl.py for tasks to queue
[2023-05-19 15:13:29,941] {logging_mixin.py:115} INFO - [2023-05-19 15:13:29,941] {dagbag.py:507} INFO - Filling up the DagBag from /Users/marianaoliveira/Downloads/alura1/venv/lib/python3.10/site-packages/airflow/example_dags/tutorial_taskflow_api_etl.py
[2023-05-19 15:13:29,984] {processor.py:651} INFO - DAG(s) dict_keys(['tutorial_taskflow_api_etl']) retrieved from /Users/marianaoliveira/Downloads/alura1/venv/lib/python3.10/site-packages/airflow/example_dags/tutorial_taskflow_api_etl.py
[2023-05-19 15:13:30,712] {logging_mixin.py:115} INFO - [2023-05-19 15:13:30,711] {dag.py:2379} INFO - Sync 1 DAGs
[2023-05-19 15:13:30,728] {logging_mixin.py:115} INFO - [2023-05-19 15:13:30,728] {dag.py:2927} INFO - Setting next_dagrun for tutorial_taskflow_api_etl to None, run_after=None
[2023-05-19 15:13:30,742] {processor.py:161} INFO - Processing /Users/marianaoliveira/Downloads/alura1/venv/lib/python3.10/site-packages/airflow/example_dags/tutorial_taskflow_api_etl.py took 0.803 seconds
[2023-05-19 15:14:27,233] {processor.py:153} INFO - Started process (PID=2903) to work on /Users/marianaoliveira/Downloads/alura1/venv/lib/python3.10/site-packages/airflow/example_dags/tutorial_taskflow_api_etl.py
[2023-05-19 15:14:27,233] {processor.py:641} INFO - Processing file /Users/marianaoliveira/Downloads/alura1/venv/lib/python3.10/site-packages/airflow/example_dags/tutorial_taskflow_api_etl.py for tasks to queue
[2023-05-19 15:14:27,233] {logging_mixin.py:115} INFO - [2023-05-19 15:14:27,233] {dagbag.py:507} INFO - Filling up the DagBag from /Users/marianaoliveira/Downloads/alura1/venv/lib/python3.10/site-packages/airflow/example_dags/tutorial_taskflow_api_etl.py
[2023-05-19 15:14:27,278] {processor.py:651} INFO - DAG(s) dict_keys(['tutorial_taskflow_api_etl']) retrieved from /Users/marianaoliveira/Downloads/alura1/venv/lib/python3.10/site-packages/airflow/example_dags/tutorial_taskflow_api_etl.py
[2023-05-19 15:14:28,023] {logging_mixin.py:115} INFO - [2023-05-19 15:14:28,023] {dag.py:2379} INFO - Sync 1 DAGs
[2023-05-19 15:14:28,039] {logging_mixin.py:115} INFO - [2023-05-19 15:14:28,039] {dag.py:2927} INFO - Setting next_dagrun for tutorial_taskflow_api_etl to None, run_after=None
[2023-05-19 15:14:28,052] {processor.py:161} INFO - Processing /Users/marianaoliveira/Downloads/alura1/venv/lib/python3.10/site-packages/airflow/example_dags/tutorial_taskflow_api_etl.py took 0.820 seconds
[2023-05-19 15:15:20,586] {processor.py:153} INFO - Started process (PID=2938) to work on /Users/marianaoliveira/Downloads/alura1/venv/lib/python3.10/site-packages/airflow/example_dags/tutorial_taskflow_api_etl.py
[2023-05-19 15:15:20,588] {processor.py:641} INFO - Processing file /Users/marianaoliveira/Downloads/alura1/venv/lib/python3.10/site-packages/airflow/example_dags/tutorial_taskflow_api_etl.py for tasks to queue
[2023-05-19 15:15:20,589] {logging_mixin.py:115} INFO - [2023-05-19 15:15:20,588] {dagbag.py:507} INFO - Filling up the DagBag from /Users/marianaoliveira/Downloads/alura1/venv/lib/python3.10/site-packages/airflow/example_dags/tutorial_taskflow_api_etl.py
[2023-05-19 15:15:20,689] {processor.py:651} INFO - DAG(s) dict_keys(['tutorial_taskflow_api_etl']) retrieved from /Users/marianaoliveira/Downloads/alura1/venv/lib/python3.10/site-packages/airflow/example_dags/tutorial_taskflow_api_etl.py
[2023-05-19 15:15:22,779] {logging_mixin.py:115} INFO - [2023-05-19 15:15:22,778] {dag.py:2379} INFO - Sync 1 DAGs
[2023-05-19 15:15:22,807] {logging_mixin.py:115} INFO - [2023-05-19 15:15:22,807] {dag.py:2927} INFO - Setting next_dagrun for tutorial_taskflow_api_etl to None, run_after=None
[2023-05-19 15:15:22,828] {processor.py:161} INFO - Processing /Users/marianaoliveira/Downloads/alura1/venv/lib/python3.10/site-packages/airflow/example_dags/tutorial_taskflow_api_etl.py took 2.243 seconds
[2023-05-19 15:16:37,959] {processor.py:153} INFO - Started process (PID=2972) to work on /Users/marianaoliveira/Downloads/alura1/venv/lib/python3.10/site-packages/airflow/example_dags/tutorial_taskflow_api_etl.py
[2023-05-19 15:16:37,961] {processor.py:641} INFO - Processing file /Users/marianaoliveira/Downloads/alura1/venv/lib/python3.10/site-packages/airflow/example_dags/tutorial_taskflow_api_etl.py for tasks to queue
[2023-05-19 15:16:37,961] {logging_mixin.py:115} INFO - [2023-05-19 15:16:37,961] {dagbag.py:507} INFO - Filling up the DagBag from /Users/marianaoliveira/Downloads/alura1/venv/lib/python3.10/site-packages/airflow/example_dags/tutorial_taskflow_api_etl.py
[2023-05-19 15:16:38,041] {processor.py:651} INFO - DAG(s) dict_keys(['tutorial_taskflow_api_etl']) retrieved from /Users/marianaoliveira/Downloads/alura1/venv/lib/python3.10/site-packages/airflow/example_dags/tutorial_taskflow_api_etl.py
[2023-05-19 15:16:40,957] {logging_mixin.py:115} INFO - [2023-05-19 15:16:40,957] {dag.py:2379} INFO - Sync 1 DAGs
[2023-05-19 15:16:41,060] {logging_mixin.py:115} INFO - [2023-05-19 15:16:41,043] {dag.py:2927} INFO - Setting next_dagrun for tutorial_taskflow_api_etl to None, run_after=None
[2023-05-19 15:16:41,107] {processor.py:161} INFO - Processing /Users/marianaoliveira/Downloads/alura1/venv/lib/python3.10/site-packages/airflow/example_dags/tutorial_taskflow_api_etl.py took 3.149 seconds
[2023-05-19 15:18:06,253] {processor.py:153} INFO - Started process (PID=3056) to work on /Users/marianaoliveira/Downloads/alura1/venv/lib/python3.10/site-packages/airflow/example_dags/tutorial_taskflow_api_etl.py
[2023-05-19 15:18:06,255] {processor.py:641} INFO - Processing file /Users/marianaoliveira/Downloads/alura1/venv/lib/python3.10/site-packages/airflow/example_dags/tutorial_taskflow_api_etl.py for tasks to queue
[2023-05-19 15:18:06,255] {logging_mixin.py:115} INFO - [2023-05-19 15:18:06,255] {dagbag.py:507} INFO - Filling up the DagBag from /Users/marianaoliveira/Downloads/alura1/venv/lib/python3.10/site-packages/airflow/example_dags/tutorial_taskflow_api_etl.py
[2023-05-19 15:18:06,334] {processor.py:651} INFO - DAG(s) dict_keys(['tutorial_taskflow_api_etl']) retrieved from /Users/marianaoliveira/Downloads/alura1/venv/lib/python3.10/site-packages/airflow/example_dags/tutorial_taskflow_api_etl.py
[2023-05-19 15:18:07,386] {logging_mixin.py:115} INFO - [2023-05-19 15:18:07,386] {dag.py:2379} INFO - Sync 1 DAGs
[2023-05-19 15:18:07,425] {logging_mixin.py:115} INFO - [2023-05-19 15:18:07,425] {dag.py:2927} INFO - Setting next_dagrun for tutorial_taskflow_api_etl to None, run_after=None
[2023-05-19 15:18:07,452] {processor.py:161} INFO - Processing /Users/marianaoliveira/Downloads/alura1/venv/lib/python3.10/site-packages/airflow/example_dags/tutorial_taskflow_api_etl.py took 1.200 seconds
[2023-05-19 15:19:11,934] {processor.py:153} INFO - Started process (PID=3093) to work on /Users/marianaoliveira/Downloads/alura1/venv/lib/python3.10/site-packages/airflow/example_dags/tutorial_taskflow_api_etl.py
[2023-05-19 15:19:11,936] {processor.py:641} INFO - Processing file /Users/marianaoliveira/Downloads/alura1/venv/lib/python3.10/site-packages/airflow/example_dags/tutorial_taskflow_api_etl.py for tasks to queue
[2023-05-19 15:19:11,936] {logging_mixin.py:115} INFO - [2023-05-19 15:19:11,936] {dagbag.py:507} INFO - Filling up the DagBag from /Users/marianaoliveira/Downloads/alura1/venv/lib/python3.10/site-packages/airflow/example_dags/tutorial_taskflow_api_etl.py
[2023-05-19 15:19:11,976] {processor.py:651} INFO - DAG(s) dict_keys(['tutorial_taskflow_api_etl']) retrieved from /Users/marianaoliveira/Downloads/alura1/venv/lib/python3.10/site-packages/airflow/example_dags/tutorial_taskflow_api_etl.py
[2023-05-19 15:19:12,729] {logging_mixin.py:115} INFO - [2023-05-19 15:19:12,729] {dag.py:2379} INFO - Sync 1 DAGs
[2023-05-19 15:19:12,746] {logging_mixin.py:115} INFO - [2023-05-19 15:19:12,746] {dag.py:2927} INFO - Setting next_dagrun for tutorial_taskflow_api_etl to None, run_after=None
[2023-05-19 15:19:12,760] {processor.py:161} INFO - Processing /Users/marianaoliveira/Downloads/alura1/venv/lib/python3.10/site-packages/airflow/example_dags/tutorial_taskflow_api_etl.py took 0.826 seconds
[2023-05-19 15:20:12,339] {processor.py:153} INFO - Started process (PID=3122) to work on /Users/marianaoliveira/Downloads/alura1/venv/lib/python3.10/site-packages/airflow/example_dags/tutorial_taskflow_api_etl.py
[2023-05-19 15:20:12,339] {processor.py:641} INFO - Processing file /Users/marianaoliveira/Downloads/alura1/venv/lib/python3.10/site-packages/airflow/example_dags/tutorial_taskflow_api_etl.py for tasks to queue
[2023-05-19 15:20:12,340] {logging_mixin.py:115} INFO - [2023-05-19 15:20:12,340] {dagbag.py:507} INFO - Filling up the DagBag from /Users/marianaoliveira/Downloads/alura1/venv/lib/python3.10/site-packages/airflow/example_dags/tutorial_taskflow_api_etl.py
[2023-05-19 15:20:12,381] {processor.py:651} INFO - DAG(s) dict_keys(['tutorial_taskflow_api_etl']) retrieved from /Users/marianaoliveira/Downloads/alura1/venv/lib/python3.10/site-packages/airflow/example_dags/tutorial_taskflow_api_etl.py
[2023-05-19 15:20:13,290] {logging_mixin.py:115} INFO - [2023-05-19 15:20:13,289] {dag.py:2379} INFO - Sync 1 DAGs
[2023-05-19 15:20:13,307] {logging_mixin.py:115} INFO - [2023-05-19 15:20:13,307] {dag.py:2927} INFO - Setting next_dagrun for tutorial_taskflow_api_etl to None, run_after=None
[2023-05-19 15:20:13,321] {processor.py:161} INFO - Processing /Users/marianaoliveira/Downloads/alura1/venv/lib/python3.10/site-packages/airflow/example_dags/tutorial_taskflow_api_etl.py took 0.983 seconds
[2023-05-19 15:21:06,027] {processor.py:153} INFO - Started process (PID=3152) to work on /Users/marianaoliveira/Downloads/alura1/venv/lib/python3.10/site-packages/airflow/example_dags/tutorial_taskflow_api_etl.py
[2023-05-19 15:21:06,029] {processor.py:641} INFO - Processing file /Users/marianaoliveira/Downloads/alura1/venv/lib/python3.10/site-packages/airflow/example_dags/tutorial_taskflow_api_etl.py for tasks to queue
[2023-05-19 15:21:06,032] {logging_mixin.py:115} INFO - [2023-05-19 15:21:06,032] {dagbag.py:507} INFO - Filling up the DagBag from /Users/marianaoliveira/Downloads/alura1/venv/lib/python3.10/site-packages/airflow/example_dags/tutorial_taskflow_api_etl.py
[2023-05-19 15:21:06,072] {processor.py:651} INFO - DAG(s) dict_keys(['tutorial_taskflow_api_etl']) retrieved from /Users/marianaoliveira/Downloads/alura1/venv/lib/python3.10/site-packages/airflow/example_dags/tutorial_taskflow_api_etl.py
[2023-05-19 15:21:07,043] {logging_mixin.py:115} INFO - [2023-05-19 15:21:07,043] {dag.py:2379} INFO - Sync 1 DAGs
[2023-05-19 15:21:07,067] {logging_mixin.py:115} INFO - [2023-05-19 15:21:07,067] {dag.py:2927} INFO - Setting next_dagrun for tutorial_taskflow_api_etl to None, run_after=None
[2023-05-19 15:21:07,088] {processor.py:161} INFO - Processing /Users/marianaoliveira/Downloads/alura1/venv/lib/python3.10/site-packages/airflow/example_dags/tutorial_taskflow_api_etl.py took 1.062 seconds
[2023-05-19 15:21:56,510] {processor.py:153} INFO - Started process (PID=3178) to work on /Users/marianaoliveira/Downloads/alura1/venv/lib/python3.10/site-packages/airflow/example_dags/tutorial_taskflow_api_etl.py
[2023-05-19 15:21:56,510] {processor.py:641} INFO - Processing file /Users/marianaoliveira/Downloads/alura1/venv/lib/python3.10/site-packages/airflow/example_dags/tutorial_taskflow_api_etl.py for tasks to queue
[2023-05-19 15:21:56,510] {logging_mixin.py:115} INFO - [2023-05-19 15:21:56,510] {dagbag.py:507} INFO - Filling up the DagBag from /Users/marianaoliveira/Downloads/alura1/venv/lib/python3.10/site-packages/airflow/example_dags/tutorial_taskflow_api_etl.py
[2023-05-19 15:21:56,548] {processor.py:651} INFO - DAG(s) dict_keys(['tutorial_taskflow_api_etl']) retrieved from /Users/marianaoliveira/Downloads/alura1/venv/lib/python3.10/site-packages/airflow/example_dags/tutorial_taskflow_api_etl.py
[2023-05-19 15:21:57,303] {logging_mixin.py:115} INFO - [2023-05-19 15:21:57,303] {dag.py:2379} INFO - Sync 1 DAGs
[2023-05-19 15:21:57,320] {logging_mixin.py:115} INFO - [2023-05-19 15:21:57,319] {dag.py:2927} INFO - Setting next_dagrun for tutorial_taskflow_api_etl to None, run_after=None
[2023-05-19 15:21:57,333] {processor.py:161} INFO - Processing /Users/marianaoliveira/Downloads/alura1/venv/lib/python3.10/site-packages/airflow/example_dags/tutorial_taskflow_api_etl.py took 0.824 seconds
[2023-05-19 15:22:44,338] {processor.py:153} INFO - Started process (PID=3201) to work on /Users/marianaoliveira/Downloads/alura1/venv/lib/python3.10/site-packages/airflow/example_dags/tutorial_taskflow_api_etl.py
[2023-05-19 15:22:44,339] {processor.py:641} INFO - Processing file /Users/marianaoliveira/Downloads/alura1/venv/lib/python3.10/site-packages/airflow/example_dags/tutorial_taskflow_api_etl.py for tasks to queue
[2023-05-19 15:22:44,340] {logging_mixin.py:115} INFO - [2023-05-19 15:22:44,340] {dagbag.py:507} INFO - Filling up the DagBag from /Users/marianaoliveira/Downloads/alura1/venv/lib/python3.10/site-packages/airflow/example_dags/tutorial_taskflow_api_etl.py
[2023-05-19 15:22:44,405] {processor.py:651} INFO - DAG(s) dict_keys(['tutorial_taskflow_api_etl']) retrieved from /Users/marianaoliveira/Downloads/alura1/venv/lib/python3.10/site-packages/airflow/example_dags/tutorial_taskflow_api_etl.py
[2023-05-19 15:22:45,235] {logging_mixin.py:115} INFO - [2023-05-19 15:22:45,234] {dag.py:2379} INFO - Sync 1 DAGs
[2023-05-19 15:22:45,254] {logging_mixin.py:115} INFO - [2023-05-19 15:22:45,254] {dag.py:2927} INFO - Setting next_dagrun for tutorial_taskflow_api_etl to None, run_after=None
[2023-05-19 15:22:45,270] {processor.py:161} INFO - Processing /Users/marianaoliveira/Downloads/alura1/venv/lib/python3.10/site-packages/airflow/example_dags/tutorial_taskflow_api_etl.py took 0.933 seconds
[2023-05-19 15:23:32,141] {processor.py:153} INFO - Started process (PID=3230) to work on /Users/marianaoliveira/Downloads/alura1/venv/lib/python3.10/site-packages/airflow/example_dags/tutorial_taskflow_api_etl.py
[2023-05-19 15:23:32,141] {processor.py:641} INFO - Processing file /Users/marianaoliveira/Downloads/alura1/venv/lib/python3.10/site-packages/airflow/example_dags/tutorial_taskflow_api_etl.py for tasks to queue
[2023-05-19 15:23:32,142] {logging_mixin.py:115} INFO - [2023-05-19 15:23:32,142] {dagbag.py:507} INFO - Filling up the DagBag from /Users/marianaoliveira/Downloads/alura1/venv/lib/python3.10/site-packages/airflow/example_dags/tutorial_taskflow_api_etl.py
[2023-05-19 15:23:32,192] {processor.py:651} INFO - DAG(s) dict_keys(['tutorial_taskflow_api_etl']) retrieved from /Users/marianaoliveira/Downloads/alura1/venv/lib/python3.10/site-packages/airflow/example_dags/tutorial_taskflow_api_etl.py
[2023-05-19 15:23:33,116] {logging_mixin.py:115} INFO - [2023-05-19 15:23:33,116] {dag.py:2379} INFO - Sync 1 DAGs
[2023-05-19 15:23:33,132] {logging_mixin.py:115} INFO - [2023-05-19 15:23:33,132] {dag.py:2927} INFO - Setting next_dagrun for tutorial_taskflow_api_etl to None, run_after=None
[2023-05-19 15:23:33,145] {processor.py:161} INFO - Processing /Users/marianaoliveira/Downloads/alura1/venv/lib/python3.10/site-packages/airflow/example_dags/tutorial_taskflow_api_etl.py took 1.005 seconds
[2023-05-19 15:24:26,805] {processor.py:153} INFO - Started process (PID=3259) to work on /Users/marianaoliveira/Downloads/alura1/venv/lib/python3.10/site-packages/airflow/example_dags/tutorial_taskflow_api_etl.py
[2023-05-19 15:24:26,807] {processor.py:641} INFO - Processing file /Users/marianaoliveira/Downloads/alura1/venv/lib/python3.10/site-packages/airflow/example_dags/tutorial_taskflow_api_etl.py for tasks to queue
[2023-05-19 15:24:26,812] {logging_mixin.py:115} INFO - [2023-05-19 15:24:26,812] {dagbag.py:507} INFO - Filling up the DagBag from /Users/marianaoliveira/Downloads/alura1/venv/lib/python3.10/site-packages/airflow/example_dags/tutorial_taskflow_api_etl.py
[2023-05-19 15:24:26,922] {processor.py:651} INFO - DAG(s) dict_keys(['tutorial_taskflow_api_etl']) retrieved from /Users/marianaoliveira/Downloads/alura1/venv/lib/python3.10/site-packages/airflow/example_dags/tutorial_taskflow_api_etl.py
[2023-05-19 15:24:27,925] {logging_mixin.py:115} INFO - [2023-05-19 15:24:27,924] {dag.py:2379} INFO - Sync 1 DAGs
[2023-05-19 15:24:27,959] {logging_mixin.py:115} INFO - [2023-05-19 15:24:27,958] {dag.py:2927} INFO - Setting next_dagrun for tutorial_taskflow_api_etl to None, run_after=None
[2023-05-19 15:24:27,988] {processor.py:161} INFO - Processing /Users/marianaoliveira/Downloads/alura1/venv/lib/python3.10/site-packages/airflow/example_dags/tutorial_taskflow_api_etl.py took 1.186 seconds
[2023-05-19 15:25:49,190] {processor.py:153} INFO - Started process (PID=3314) to work on /Users/marianaoliveira/Downloads/alura1/venv/lib/python3.10/site-packages/airflow/example_dags/tutorial_taskflow_api_etl.py
[2023-05-19 15:25:49,191] {processor.py:641} INFO - Processing file /Users/marianaoliveira/Downloads/alura1/venv/lib/python3.10/site-packages/airflow/example_dags/tutorial_taskflow_api_etl.py for tasks to queue
[2023-05-19 15:25:49,191] {logging_mixin.py:115} INFO - [2023-05-19 15:25:49,191] {dagbag.py:507} INFO - Filling up the DagBag from /Users/marianaoliveira/Downloads/alura1/venv/lib/python3.10/site-packages/airflow/example_dags/tutorial_taskflow_api_etl.py
[2023-05-19 15:25:49,304] {processor.py:651} INFO - DAG(s) dict_keys(['tutorial_taskflow_api_etl']) retrieved from /Users/marianaoliveira/Downloads/alura1/venv/lib/python3.10/site-packages/airflow/example_dags/tutorial_taskflow_api_etl.py
[2023-05-19 15:25:50,326] {logging_mixin.py:115} INFO - [2023-05-19 15:25:50,326] {dag.py:2379} INFO - Sync 1 DAGs
[2023-05-19 15:25:50,343] {logging_mixin.py:115} INFO - [2023-05-19 15:25:50,343] {dag.py:2927} INFO - Setting next_dagrun for tutorial_taskflow_api_etl to None, run_after=None
[2023-05-19 15:25:50,359] {processor.py:161} INFO - Processing /Users/marianaoliveira/Downloads/alura1/venv/lib/python3.10/site-packages/airflow/example_dags/tutorial_taskflow_api_etl.py took 1.173 seconds
[2023-05-19 15:27:10,693] {processor.py:153} INFO - Started process (PID=3364) to work on /Users/marianaoliveira/Downloads/alura1/venv/lib/python3.10/site-packages/airflow/example_dags/tutorial_taskflow_api_etl.py
[2023-05-19 15:27:10,693] {processor.py:641} INFO - Processing file /Users/marianaoliveira/Downloads/alura1/venv/lib/python3.10/site-packages/airflow/example_dags/tutorial_taskflow_api_etl.py for tasks to queue
[2023-05-19 15:27:10,694] {logging_mixin.py:115} INFO - [2023-05-19 15:27:10,694] {dagbag.py:507} INFO - Filling up the DagBag from /Users/marianaoliveira/Downloads/alura1/venv/lib/python3.10/site-packages/airflow/example_dags/tutorial_taskflow_api_etl.py
[2023-05-19 15:27:10,734] {processor.py:651} INFO - DAG(s) dict_keys(['tutorial_taskflow_api_etl']) retrieved from /Users/marianaoliveira/Downloads/alura1/venv/lib/python3.10/site-packages/airflow/example_dags/tutorial_taskflow_api_etl.py
[2023-05-19 15:27:11,627] {logging_mixin.py:115} INFO - [2023-05-19 15:27:11,627] {dag.py:2379} INFO - Sync 1 DAGs
[2023-05-19 15:27:11,646] {logging_mixin.py:115} INFO - [2023-05-19 15:27:11,646] {dag.py:2927} INFO - Setting next_dagrun for tutorial_taskflow_api_etl to None, run_after=None
[2023-05-19 15:27:11,661] {processor.py:161} INFO - Processing /Users/marianaoliveira/Downloads/alura1/venv/lib/python3.10/site-packages/airflow/example_dags/tutorial_taskflow_api_etl.py took 0.969 seconds
[2023-05-19 15:28:13,929] {processor.py:153} INFO - Started process (PID=3406) to work on /Users/marianaoliveira/Downloads/alura1/venv/lib/python3.10/site-packages/airflow/example_dags/tutorial_taskflow_api_etl.py
[2023-05-19 15:28:13,929] {processor.py:641} INFO - Processing file /Users/marianaoliveira/Downloads/alura1/venv/lib/python3.10/site-packages/airflow/example_dags/tutorial_taskflow_api_etl.py for tasks to queue
[2023-05-19 15:28:13,929] {logging_mixin.py:115} INFO - [2023-05-19 15:28:13,929] {dagbag.py:507} INFO - Filling up the DagBag from /Users/marianaoliveira/Downloads/alura1/venv/lib/python3.10/site-packages/airflow/example_dags/tutorial_taskflow_api_etl.py
[2023-05-19 15:28:13,973] {processor.py:651} INFO - DAG(s) dict_keys(['tutorial_taskflow_api_etl']) retrieved from /Users/marianaoliveira/Downloads/alura1/venv/lib/python3.10/site-packages/airflow/example_dags/tutorial_taskflow_api_etl.py
[2023-05-19 15:28:15,050] {logging_mixin.py:115} INFO - [2023-05-19 15:28:15,050] {dag.py:2379} INFO - Sync 1 DAGs
[2023-05-19 15:28:15,078] {logging_mixin.py:115} INFO - [2023-05-19 15:28:15,078] {dag.py:2927} INFO - Setting next_dagrun for tutorial_taskflow_api_etl to None, run_after=None
[2023-05-19 15:28:15,094] {processor.py:161} INFO - Processing /Users/marianaoliveira/Downloads/alura1/venv/lib/python3.10/site-packages/airflow/example_dags/tutorial_taskflow_api_etl.py took 1.166 seconds
[2023-05-19 15:29:23,535] {processor.py:153} INFO - Started process (PID=3442) to work on /Users/marianaoliveira/Downloads/alura1/venv/lib/python3.10/site-packages/airflow/example_dags/tutorial_taskflow_api_etl.py
[2023-05-19 15:29:23,536] {processor.py:641} INFO - Processing file /Users/marianaoliveira/Downloads/alura1/venv/lib/python3.10/site-packages/airflow/example_dags/tutorial_taskflow_api_etl.py for tasks to queue
[2023-05-19 15:29:23,537] {logging_mixin.py:115} INFO - [2023-05-19 15:29:23,537] {dagbag.py:507} INFO - Filling up the DagBag from /Users/marianaoliveira/Downloads/alura1/venv/lib/python3.10/site-packages/airflow/example_dags/tutorial_taskflow_api_etl.py
[2023-05-19 15:29:23,581] {processor.py:651} INFO - DAG(s) dict_keys(['tutorial_taskflow_api_etl']) retrieved from /Users/marianaoliveira/Downloads/alura1/venv/lib/python3.10/site-packages/airflow/example_dags/tutorial_taskflow_api_etl.py
[2023-05-19 15:29:24,404] {logging_mixin.py:115} INFO - [2023-05-19 15:29:24,404] {dag.py:2379} INFO - Sync 1 DAGs
[2023-05-19 15:29:24,452] {logging_mixin.py:115} INFO - [2023-05-19 15:29:24,452] {dag.py:2927} INFO - Setting next_dagrun for tutorial_taskflow_api_etl to None, run_after=None
[2023-05-19 15:29:24,488] {processor.py:161} INFO - Processing /Users/marianaoliveira/Downloads/alura1/venv/lib/python3.10/site-packages/airflow/example_dags/tutorial_taskflow_api_etl.py took 0.954 seconds
[2023-05-19 15:30:33,195] {processor.py:153} INFO - Started process (PID=3490) to work on /Users/marianaoliveira/Downloads/alura1/venv/lib/python3.10/site-packages/airflow/example_dags/tutorial_taskflow_api_etl.py
[2023-05-19 15:30:33,196] {processor.py:641} INFO - Processing file /Users/marianaoliveira/Downloads/alura1/venv/lib/python3.10/site-packages/airflow/example_dags/tutorial_taskflow_api_etl.py for tasks to queue
[2023-05-19 15:30:33,197] {logging_mixin.py:115} INFO - [2023-05-19 15:30:33,197] {dagbag.py:507} INFO - Filling up the DagBag from /Users/marianaoliveira/Downloads/alura1/venv/lib/python3.10/site-packages/airflow/example_dags/tutorial_taskflow_api_etl.py
[2023-05-19 15:30:33,241] {processor.py:651} INFO - DAG(s) dict_keys(['tutorial_taskflow_api_etl']) retrieved from /Users/marianaoliveira/Downloads/alura1/venv/lib/python3.10/site-packages/airflow/example_dags/tutorial_taskflow_api_etl.py
[2023-05-19 15:30:34,087] {logging_mixin.py:115} INFO - [2023-05-19 15:30:34,086] {dag.py:2379} INFO - Sync 1 DAGs
[2023-05-19 15:30:34,106] {logging_mixin.py:115} INFO - [2023-05-19 15:30:34,106] {dag.py:2927} INFO - Setting next_dagrun for tutorial_taskflow_api_etl to None, run_after=None
[2023-05-19 15:30:34,120] {processor.py:161} INFO - Processing /Users/marianaoliveira/Downloads/alura1/venv/lib/python3.10/site-packages/airflow/example_dags/tutorial_taskflow_api_etl.py took 0.927 seconds
[2023-05-19 16:28:43,580] {processor.py:153} INFO - Started process (PID=6045) to work on /Users/marianaoliveira/Downloads/alura1/venv/lib/python3.10/site-packages/airflow/example_dags/tutorial_taskflow_api_etl.py
[2023-05-19 16:28:43,582] {processor.py:641} INFO - Processing file /Users/marianaoliveira/Downloads/alura1/venv/lib/python3.10/site-packages/airflow/example_dags/tutorial_taskflow_api_etl.py for tasks to queue
[2023-05-19 16:28:43,582] {logging_mixin.py:115} INFO - [2023-05-19 16:28:43,582] {dagbag.py:507} INFO - Filling up the DagBag from /Users/marianaoliveira/Downloads/alura1/venv/lib/python3.10/site-packages/airflow/example_dags/tutorial_taskflow_api_etl.py
[2023-05-19 16:28:43,646] {processor.py:651} INFO - DAG(s) dict_keys(['tutorial_taskflow_api_etl']) retrieved from /Users/marianaoliveira/Downloads/alura1/venv/lib/python3.10/site-packages/airflow/example_dags/tutorial_taskflow_api_etl.py
[2023-05-19 16:28:45,754] {logging_mixin.py:115} INFO - [2023-05-19 16:28:45,754] {dag.py:2379} INFO - Sync 1 DAGs
[2023-05-19 16:28:45,778] {logging_mixin.py:115} INFO - [2023-05-19 16:28:45,778] {dag.py:2927} INFO - Setting next_dagrun for tutorial_taskflow_api_etl to None, run_after=None
[2023-05-19 16:28:45,799] {processor.py:161} INFO - Processing /Users/marianaoliveira/Downloads/alura1/venv/lib/python3.10/site-packages/airflow/example_dags/tutorial_taskflow_api_etl.py took 2.220 seconds
[2023-05-19 16:30:45,812] {processor.py:153} INFO - Started process (PID=6107) to work on /Users/marianaoliveira/Downloads/alura1/venv/lib/python3.10/site-packages/airflow/example_dags/tutorial_taskflow_api_etl.py
[2023-05-19 16:30:45,814] {processor.py:641} INFO - Processing file /Users/marianaoliveira/Downloads/alura1/venv/lib/python3.10/site-packages/airflow/example_dags/tutorial_taskflow_api_etl.py for tasks to queue
[2023-05-19 16:30:45,815] {logging_mixin.py:115} INFO - [2023-05-19 16:30:45,815] {dagbag.py:507} INFO - Filling up the DagBag from /Users/marianaoliveira/Downloads/alura1/venv/lib/python3.10/site-packages/airflow/example_dags/tutorial_taskflow_api_etl.py
[2023-05-19 16:30:45,885] {processor.py:651} INFO - DAG(s) dict_keys(['tutorial_taskflow_api_etl']) retrieved from /Users/marianaoliveira/Downloads/alura1/venv/lib/python3.10/site-packages/airflow/example_dags/tutorial_taskflow_api_etl.py
[2023-05-19 16:30:48,230] {logging_mixin.py:115} INFO - [2023-05-19 16:30:48,230] {dag.py:2379} INFO - Sync 1 DAGs
[2023-05-19 16:30:48,311] {logging_mixin.py:115} INFO - [2023-05-19 16:30:48,311] {dag.py:2927} INFO - Setting next_dagrun for tutorial_taskflow_api_etl to None, run_after=None
[2023-05-19 16:30:48,339] {processor.py:161} INFO - Processing /Users/marianaoliveira/Downloads/alura1/venv/lib/python3.10/site-packages/airflow/example_dags/tutorial_taskflow_api_etl.py took 2.527 seconds
[2023-05-19 16:32:45,745] {processor.py:153} INFO - Started process (PID=6184) to work on /Users/marianaoliveira/Downloads/alura1/venv/lib/python3.10/site-packages/airflow/example_dags/tutorial_taskflow_api_etl.py
[2023-05-19 16:32:45,746] {processor.py:641} INFO - Processing file /Users/marianaoliveira/Downloads/alura1/venv/lib/python3.10/site-packages/airflow/example_dags/tutorial_taskflow_api_etl.py for tasks to queue
[2023-05-19 16:32:45,750] {logging_mixin.py:115} INFO - [2023-05-19 16:32:45,749] {dagbag.py:507} INFO - Filling up the DagBag from /Users/marianaoliveira/Downloads/alura1/venv/lib/python3.10/site-packages/airflow/example_dags/tutorial_taskflow_api_etl.py
[2023-05-19 16:32:45,866] {processor.py:651} INFO - DAG(s) dict_keys(['tutorial_taskflow_api_etl']) retrieved from /Users/marianaoliveira/Downloads/alura1/venv/lib/python3.10/site-packages/airflow/example_dags/tutorial_taskflow_api_etl.py
[2023-05-19 16:32:48,905] {logging_mixin.py:115} INFO - [2023-05-19 16:32:48,904] {dag.py:2379} INFO - Sync 1 DAGs
[2023-05-19 16:32:48,985] {logging_mixin.py:115} INFO - [2023-05-19 16:32:48,985] {dag.py:2927} INFO - Setting next_dagrun for tutorial_taskflow_api_etl to None, run_after=None
[2023-05-19 16:32:49,023] {processor.py:161} INFO - Processing /Users/marianaoliveira/Downloads/alura1/venv/lib/python3.10/site-packages/airflow/example_dags/tutorial_taskflow_api_etl.py took 3.281 seconds
[2023-05-19 16:35:52,653] {processor.py:153} INFO - Started process (PID=6290) to work on /Users/marianaoliveira/Downloads/alura1/venv/lib/python3.10/site-packages/airflow/example_dags/tutorial_taskflow_api_etl.py
[2023-05-19 16:35:52,655] {processor.py:641} INFO - Processing file /Users/marianaoliveira/Downloads/alura1/venv/lib/python3.10/site-packages/airflow/example_dags/tutorial_taskflow_api_etl.py for tasks to queue
[2023-05-19 16:35:52,655] {logging_mixin.py:115} INFO - [2023-05-19 16:35:52,655] {dagbag.py:507} INFO - Filling up the DagBag from /Users/marianaoliveira/Downloads/alura1/venv/lib/python3.10/site-packages/airflow/example_dags/tutorial_taskflow_api_etl.py
[2023-05-19 16:35:52,722] {processor.py:651} INFO - DAG(s) dict_keys(['tutorial_taskflow_api_etl']) retrieved from /Users/marianaoliveira/Downloads/alura1/venv/lib/python3.10/site-packages/airflow/example_dags/tutorial_taskflow_api_etl.py
[2023-05-19 16:35:54,811] {logging_mixin.py:115} INFO - [2023-05-19 16:35:54,810] {dag.py:2379} INFO - Sync 1 DAGs
[2023-05-19 16:35:54,849] {logging_mixin.py:115} INFO - [2023-05-19 16:35:54,849] {dag.py:2927} INFO - Setting next_dagrun for tutorial_taskflow_api_etl to None, run_after=None
[2023-05-19 16:35:54,884] {processor.py:161} INFO - Processing /Users/marianaoliveira/Downloads/alura1/venv/lib/python3.10/site-packages/airflow/example_dags/tutorial_taskflow_api_etl.py took 2.232 seconds
[2023-05-19 16:37:21,845] {processor.py:153} INFO - Started process (PID=6323) to work on /Users/marianaoliveira/Downloads/alura1/venv/lib/python3.10/site-packages/airflow/example_dags/tutorial_taskflow_api_etl.py
[2023-05-19 16:37:21,849] {processor.py:641} INFO - Processing file /Users/marianaoliveira/Downloads/alura1/venv/lib/python3.10/site-packages/airflow/example_dags/tutorial_taskflow_api_etl.py for tasks to queue
[2023-05-19 16:37:21,849] {logging_mixin.py:115} INFO - [2023-05-19 16:37:21,849] {dagbag.py:507} INFO - Filling up the DagBag from /Users/marianaoliveira/Downloads/alura1/venv/lib/python3.10/site-packages/airflow/example_dags/tutorial_taskflow_api_etl.py
[2023-05-19 16:37:21,976] {processor.py:651} INFO - DAG(s) dict_keys(['tutorial_taskflow_api_etl']) retrieved from /Users/marianaoliveira/Downloads/alura1/venv/lib/python3.10/site-packages/airflow/example_dags/tutorial_taskflow_api_etl.py
[2023-05-19 16:37:25,748] {logging_mixin.py:115} INFO - [2023-05-19 16:37:25,747] {dag.py:2379} INFO - Sync 1 DAGs
[2023-05-19 16:37:25,850] {logging_mixin.py:115} INFO - [2023-05-19 16:37:25,850] {dag.py:2927} INFO - Setting next_dagrun for tutorial_taskflow_api_etl to None, run_after=None
[2023-05-19 16:37:25,951] {processor.py:161} INFO - Processing /Users/marianaoliveira/Downloads/alura1/venv/lib/python3.10/site-packages/airflow/example_dags/tutorial_taskflow_api_etl.py took 4.109 seconds
[2023-05-19 16:40:45,440] {processor.py:153} INFO - Started process (PID=6497) to work on /Users/marianaoliveira/Downloads/alura1/venv/lib/python3.10/site-packages/airflow/example_dags/tutorial_taskflow_api_etl.py
[2023-05-19 16:40:45,442] {processor.py:641} INFO - Processing file /Users/marianaoliveira/Downloads/alura1/venv/lib/python3.10/site-packages/airflow/example_dags/tutorial_taskflow_api_etl.py for tasks to queue
[2023-05-19 16:40:45,448] {logging_mixin.py:115} INFO - [2023-05-19 16:40:45,447] {dagbag.py:507} INFO - Filling up the DagBag from /Users/marianaoliveira/Downloads/alura1/venv/lib/python3.10/site-packages/airflow/example_dags/tutorial_taskflow_api_etl.py
[2023-05-19 16:40:45,602] {processor.py:651} INFO - DAG(s) dict_keys(['tutorial_taskflow_api_etl']) retrieved from /Users/marianaoliveira/Downloads/alura1/venv/lib/python3.10/site-packages/airflow/example_dags/tutorial_taskflow_api_etl.py
[2023-05-19 16:40:49,418] {logging_mixin.py:115} INFO - [2023-05-19 16:40:49,416] {dag.py:2379} INFO - Sync 1 DAGs
[2023-05-19 16:40:49,479] {logging_mixin.py:115} INFO - [2023-05-19 16:40:49,479] {dag.py:2927} INFO - Setting next_dagrun for tutorial_taskflow_api_etl to None, run_after=None
[2023-05-19 16:40:49,513] {processor.py:161} INFO - Processing /Users/marianaoliveira/Downloads/alura1/venv/lib/python3.10/site-packages/airflow/example_dags/tutorial_taskflow_api_etl.py took 4.078 seconds
[2023-05-19 16:50:19,241] {processor.py:153} INFO - Started process (PID=6665) to work on /Users/marianaoliveira/Downloads/alura1/venv/lib/python3.10/site-packages/airflow/example_dags/tutorial_taskflow_api_etl.py
[2023-05-19 16:50:19,243] {processor.py:641} INFO - Processing file /Users/marianaoliveira/Downloads/alura1/venv/lib/python3.10/site-packages/airflow/example_dags/tutorial_taskflow_api_etl.py for tasks to queue
[2023-05-19 16:50:19,245] {logging_mixin.py:115} INFO - [2023-05-19 16:50:19,245] {dagbag.py:507} INFO - Filling up the DagBag from /Users/marianaoliveira/Downloads/alura1/venv/lib/python3.10/site-packages/airflow/example_dags/tutorial_taskflow_api_etl.py
[2023-05-19 16:50:19,440] {processor.py:651} INFO - DAG(s) dict_keys(['tutorial_taskflow_api_etl']) retrieved from /Users/marianaoliveira/Downloads/alura1/venv/lib/python3.10/site-packages/airflow/example_dags/tutorial_taskflow_api_etl.py
[2023-05-19 16:50:22,689] {logging_mixin.py:115} INFO - [2023-05-19 16:50:22,689] {dag.py:2379} INFO - Sync 1 DAGs
[2023-05-19 16:50:22,725] {logging_mixin.py:115} INFO - [2023-05-19 16:50:22,725] {dag.py:2927} INFO - Setting next_dagrun for tutorial_taskflow_api_etl to None, run_after=None
[2023-05-19 16:50:22,755] {processor.py:161} INFO - Processing /Users/marianaoliveira/Downloads/alura1/venv/lib/python3.10/site-packages/airflow/example_dags/tutorial_taskflow_api_etl.py took 3.518 seconds
[2023-05-19 16:53:14,200] {processor.py:153} INFO - Started process (PID=6828) to work on /Users/marianaoliveira/Downloads/alura1/venv/lib/python3.10/site-packages/airflow/example_dags/tutorial_taskflow_api_etl.py
[2023-05-19 16:53:14,201] {processor.py:641} INFO - Processing file /Users/marianaoliveira/Downloads/alura1/venv/lib/python3.10/site-packages/airflow/example_dags/tutorial_taskflow_api_etl.py for tasks to queue
[2023-05-19 16:53:14,202] {logging_mixin.py:115} INFO - [2023-05-19 16:53:14,201] {dagbag.py:507} INFO - Filling up the DagBag from /Users/marianaoliveira/Downloads/alura1/venv/lib/python3.10/site-packages/airflow/example_dags/tutorial_taskflow_api_etl.py
[2023-05-19 16:53:14,275] {processor.py:651} INFO - DAG(s) dict_keys(['tutorial_taskflow_api_etl']) retrieved from /Users/marianaoliveira/Downloads/alura1/venv/lib/python3.10/site-packages/airflow/example_dags/tutorial_taskflow_api_etl.py
[2023-05-19 16:53:17,065] {logging_mixin.py:115} INFO - [2023-05-19 16:53:17,065] {dag.py:2379} INFO - Sync 1 DAGs
[2023-05-19 16:53:17,125] {logging_mixin.py:115} INFO - [2023-05-19 16:53:17,125] {dag.py:2927} INFO - Setting next_dagrun for tutorial_taskflow_api_etl to None, run_after=None
[2023-05-19 16:53:17,150] {processor.py:161} INFO - Processing /Users/marianaoliveira/Downloads/alura1/venv/lib/python3.10/site-packages/airflow/example_dags/tutorial_taskflow_api_etl.py took 2.952 seconds
[2023-05-19 16:56:11,494] {processor.py:153} INFO - Started process (PID=7010) to work on /Users/marianaoliveira/Downloads/alura1/venv/lib/python3.10/site-packages/airflow/example_dags/tutorial_taskflow_api_etl.py
[2023-05-19 16:56:11,495] {processor.py:641} INFO - Processing file /Users/marianaoliveira/Downloads/alura1/venv/lib/python3.10/site-packages/airflow/example_dags/tutorial_taskflow_api_etl.py for tasks to queue
[2023-05-19 16:56:11,496] {logging_mixin.py:115} INFO - [2023-05-19 16:56:11,496] {dagbag.py:507} INFO - Filling up the DagBag from /Users/marianaoliveira/Downloads/alura1/venv/lib/python3.10/site-packages/airflow/example_dags/tutorial_taskflow_api_etl.py
[2023-05-19 16:56:11,600] {processor.py:651} INFO - DAG(s) dict_keys(['tutorial_taskflow_api_etl']) retrieved from /Users/marianaoliveira/Downloads/alura1/venv/lib/python3.10/site-packages/airflow/example_dags/tutorial_taskflow_api_etl.py
[2023-05-19 16:56:13,095] {logging_mixin.py:115} INFO - [2023-05-19 16:56:13,094] {dag.py:2379} INFO - Sync 1 DAGs
[2023-05-19 16:56:13,123] {logging_mixin.py:115} INFO - [2023-05-19 16:56:13,123] {dag.py:2927} INFO - Setting next_dagrun for tutorial_taskflow_api_etl to None, run_after=None
[2023-05-19 16:56:13,140] {processor.py:161} INFO - Processing /Users/marianaoliveira/Downloads/alura1/venv/lib/python3.10/site-packages/airflow/example_dags/tutorial_taskflow_api_etl.py took 1.647 seconds
[2023-05-19 16:57:39,765] {processor.py:153} INFO - Started process (PID=7040) to work on /Users/marianaoliveira/Downloads/alura1/venv/lib/python3.10/site-packages/airflow/example_dags/tutorial_taskflow_api_etl.py
[2023-05-19 16:57:39,767] {processor.py:641} INFO - Processing file /Users/marianaoliveira/Downloads/alura1/venv/lib/python3.10/site-packages/airflow/example_dags/tutorial_taskflow_api_etl.py for tasks to queue
[2023-05-19 16:57:39,768] {logging_mixin.py:115} INFO - [2023-05-19 16:57:39,768] {dagbag.py:507} INFO - Filling up the DagBag from /Users/marianaoliveira/Downloads/alura1/venv/lib/python3.10/site-packages/airflow/example_dags/tutorial_taskflow_api_etl.py
[2023-05-19 16:57:39,849] {processor.py:651} INFO - DAG(s) dict_keys(['tutorial_taskflow_api_etl']) retrieved from /Users/marianaoliveira/Downloads/alura1/venv/lib/python3.10/site-packages/airflow/example_dags/tutorial_taskflow_api_etl.py
[2023-05-19 16:57:42,036] {logging_mixin.py:115} INFO - [2023-05-19 16:57:42,035] {dag.py:2379} INFO - Sync 1 DAGs
[2023-05-19 16:57:42,061] {logging_mixin.py:115} INFO - [2023-05-19 16:57:42,061] {dag.py:2927} INFO - Setting next_dagrun for tutorial_taskflow_api_etl to None, run_after=None
[2023-05-19 16:57:42,081] {processor.py:161} INFO - Processing /Users/marianaoliveira/Downloads/alura1/venv/lib/python3.10/site-packages/airflow/example_dags/tutorial_taskflow_api_etl.py took 2.318 seconds
[2023-05-19 16:59:14,316] {processor.py:153} INFO - Started process (PID=7087) to work on /Users/marianaoliveira/Downloads/alura1/venv/lib/python3.10/site-packages/airflow/example_dags/tutorial_taskflow_api_etl.py
[2023-05-19 16:59:14,317] {processor.py:641} INFO - Processing file /Users/marianaoliveira/Downloads/alura1/venv/lib/python3.10/site-packages/airflow/example_dags/tutorial_taskflow_api_etl.py for tasks to queue
[2023-05-19 16:59:14,321] {logging_mixin.py:115} INFO - [2023-05-19 16:59:14,321] {dagbag.py:507} INFO - Filling up the DagBag from /Users/marianaoliveira/Downloads/alura1/venv/lib/python3.10/site-packages/airflow/example_dags/tutorial_taskflow_api_etl.py
[2023-05-19 16:59:14,415] {processor.py:651} INFO - DAG(s) dict_keys(['tutorial_taskflow_api_etl']) retrieved from /Users/marianaoliveira/Downloads/alura1/venv/lib/python3.10/site-packages/airflow/example_dags/tutorial_taskflow_api_etl.py
[2023-05-19 16:59:16,902] {logging_mixin.py:115} INFO - [2023-05-19 16:59:16,902] {dag.py:2379} INFO - Sync 1 DAGs
[2023-05-19 16:59:16,951] {logging_mixin.py:115} INFO - [2023-05-19 16:59:16,951] {dag.py:2927} INFO - Setting next_dagrun for tutorial_taskflow_api_etl to None, run_after=None
[2023-05-19 16:59:16,989] {processor.py:161} INFO - Processing /Users/marianaoliveira/Downloads/alura1/venv/lib/python3.10/site-packages/airflow/example_dags/tutorial_taskflow_api_etl.py took 2.678 seconds
[2023-05-19 17:00:46,190] {processor.py:153} INFO - Started process (PID=7131) to work on /Users/marianaoliveira/Downloads/alura1/venv/lib/python3.10/site-packages/airflow/example_dags/tutorial_taskflow_api_etl.py
[2023-05-19 17:00:46,191] {processor.py:641} INFO - Processing file /Users/marianaoliveira/Downloads/alura1/venv/lib/python3.10/site-packages/airflow/example_dags/tutorial_taskflow_api_etl.py for tasks to queue
[2023-05-19 17:00:46,192] {logging_mixin.py:115} INFO - [2023-05-19 17:00:46,192] {dagbag.py:507} INFO - Filling up the DagBag from /Users/marianaoliveira/Downloads/alura1/venv/lib/python3.10/site-packages/airflow/example_dags/tutorial_taskflow_api_etl.py
[2023-05-19 17:00:46,295] {processor.py:651} INFO - DAG(s) dict_keys(['tutorial_taskflow_api_etl']) retrieved from /Users/marianaoliveira/Downloads/alura1/venv/lib/python3.10/site-packages/airflow/example_dags/tutorial_taskflow_api_etl.py
[2023-05-19 17:00:48,672] {logging_mixin.py:115} INFO - [2023-05-19 17:00:48,672] {dag.py:2379} INFO - Sync 1 DAGs
[2023-05-19 17:00:48,764] {logging_mixin.py:115} INFO - [2023-05-19 17:00:48,762] {dag.py:2927} INFO - Setting next_dagrun for tutorial_taskflow_api_etl to None, run_after=None
[2023-05-19 17:00:48,807] {processor.py:161} INFO - Processing /Users/marianaoliveira/Downloads/alura1/venv/lib/python3.10/site-packages/airflow/example_dags/tutorial_taskflow_api_etl.py took 2.618 seconds
[2023-05-19 17:02:21,691] {processor.py:153} INFO - Started process (PID=7181) to work on /Users/marianaoliveira/Downloads/alura1/venv/lib/python3.10/site-packages/airflow/example_dags/tutorial_taskflow_api_etl.py
[2023-05-19 17:02:21,692] {processor.py:641} INFO - Processing file /Users/marianaoliveira/Downloads/alura1/venv/lib/python3.10/site-packages/airflow/example_dags/tutorial_taskflow_api_etl.py for tasks to queue
[2023-05-19 17:02:21,693] {logging_mixin.py:115} INFO - [2023-05-19 17:02:21,693] {dagbag.py:507} INFO - Filling up the DagBag from /Users/marianaoliveira/Downloads/alura1/venv/lib/python3.10/site-packages/airflow/example_dags/tutorial_taskflow_api_etl.py
[2023-05-19 17:02:21,778] {processor.py:651} INFO - DAG(s) dict_keys(['tutorial_taskflow_api_etl']) retrieved from /Users/marianaoliveira/Downloads/alura1/venv/lib/python3.10/site-packages/airflow/example_dags/tutorial_taskflow_api_etl.py
[2023-05-19 17:02:23,425] {logging_mixin.py:115} INFO - [2023-05-19 17:02:23,425] {dag.py:2379} INFO - Sync 1 DAGs
[2023-05-19 17:02:23,459] {logging_mixin.py:115} INFO - [2023-05-19 17:02:23,458] {dag.py:2927} INFO - Setting next_dagrun for tutorial_taskflow_api_etl to None, run_after=None
[2023-05-19 17:02:23,480] {processor.py:161} INFO - Processing /Users/marianaoliveira/Downloads/alura1/venv/lib/python3.10/site-packages/airflow/example_dags/tutorial_taskflow_api_etl.py took 1.792 seconds
[2023-05-19 17:04:56,250] {processor.py:153} INFO - Started process (PID=7314) to work on /Users/marianaoliveira/Downloads/alura1/venv/lib/python3.10/site-packages/airflow/example_dags/tutorial_taskflow_api_etl.py
[2023-05-19 17:04:56,253] {processor.py:641} INFO - Processing file /Users/marianaoliveira/Downloads/alura1/venv/lib/python3.10/site-packages/airflow/example_dags/tutorial_taskflow_api_etl.py for tasks to queue
[2023-05-19 17:04:56,256] {logging_mixin.py:115} INFO - [2023-05-19 17:04:56,256] {dagbag.py:507} INFO - Filling up the DagBag from /Users/marianaoliveira/Downloads/alura1/venv/lib/python3.10/site-packages/airflow/example_dags/tutorial_taskflow_api_etl.py
[2023-05-19 17:04:56,448] {processor.py:651} INFO - DAG(s) dict_keys(['tutorial_taskflow_api_etl']) retrieved from /Users/marianaoliveira/Downloads/alura1/venv/lib/python3.10/site-packages/airflow/example_dags/tutorial_taskflow_api_etl.py
[2023-05-19 17:04:59,975] {logging_mixin.py:115} INFO - [2023-05-19 17:04:59,975] {dag.py:2379} INFO - Sync 1 DAGs
[2023-05-19 17:05:00,007] {logging_mixin.py:115} INFO - [2023-05-19 17:05:00,007] {dag.py:2927} INFO - Setting next_dagrun for tutorial_taskflow_api_etl to None, run_after=None
[2023-05-19 17:05:00,055] {processor.py:161} INFO - Processing /Users/marianaoliveira/Downloads/alura1/venv/lib/python3.10/site-packages/airflow/example_dags/tutorial_taskflow_api_etl.py took 3.813 seconds
[2023-05-19 17:29:43,534] {processor.py:153} INFO - Started process (PID=7721) to work on /Users/marianaoliveira/Downloads/alura1/venv/lib/python3.10/site-packages/airflow/example_dags/tutorial_taskflow_api_etl.py
[2023-05-19 17:29:43,535] {processor.py:641} INFO - Processing file /Users/marianaoliveira/Downloads/alura1/venv/lib/python3.10/site-packages/airflow/example_dags/tutorial_taskflow_api_etl.py for tasks to queue
[2023-05-19 17:29:43,537] {logging_mixin.py:115} INFO - [2023-05-19 17:29:43,536] {dagbag.py:507} INFO - Filling up the DagBag from /Users/marianaoliveira/Downloads/alura1/venv/lib/python3.10/site-packages/airflow/example_dags/tutorial_taskflow_api_etl.py
[2023-05-19 17:29:43,700] {processor.py:651} INFO - DAG(s) dict_keys(['tutorial_taskflow_api_etl']) retrieved from /Users/marianaoliveira/Downloads/alura1/venv/lib/python3.10/site-packages/airflow/example_dags/tutorial_taskflow_api_etl.py
[2023-05-19 17:29:46,429] {logging_mixin.py:115} INFO - [2023-05-19 17:29:46,429] {dag.py:2379} INFO - Sync 1 DAGs
[2023-05-19 17:29:46,455] {logging_mixin.py:115} INFO - [2023-05-19 17:29:46,455] {dag.py:2927} INFO - Setting next_dagrun for tutorial_taskflow_api_etl to None, run_after=None
[2023-05-19 17:29:46,481] {processor.py:161} INFO - Processing /Users/marianaoliveira/Downloads/alura1/venv/lib/python3.10/site-packages/airflow/example_dags/tutorial_taskflow_api_etl.py took 2.952 seconds
[2023-05-19 17:31:54,728] {processor.py:153} INFO - Started process (PID=7780) to work on /Users/marianaoliveira/Downloads/alura1/venv/lib/python3.10/site-packages/airflow/example_dags/tutorial_taskflow_api_etl.py
[2023-05-19 17:31:54,730] {processor.py:641} INFO - Processing file /Users/marianaoliveira/Downloads/alura1/venv/lib/python3.10/site-packages/airflow/example_dags/tutorial_taskflow_api_etl.py for tasks to queue
[2023-05-19 17:31:54,731] {logging_mixin.py:115} INFO - [2023-05-19 17:31:54,731] {dagbag.py:507} INFO - Filling up the DagBag from /Users/marianaoliveira/Downloads/alura1/venv/lib/python3.10/site-packages/airflow/example_dags/tutorial_taskflow_api_etl.py
[2023-05-19 17:31:54,831] {processor.py:651} INFO - DAG(s) dict_keys(['tutorial_taskflow_api_etl']) retrieved from /Users/marianaoliveira/Downloads/alura1/venv/lib/python3.10/site-packages/airflow/example_dags/tutorial_taskflow_api_etl.py
[2023-05-19 17:31:58,329] {logging_mixin.py:115} INFO - [2023-05-19 17:31:58,329] {dag.py:2379} INFO - Sync 1 DAGs
[2023-05-19 17:31:58,381] {logging_mixin.py:115} INFO - [2023-05-19 17:31:58,381] {dag.py:2927} INFO - Setting next_dagrun for tutorial_taskflow_api_etl to None, run_after=None
[2023-05-19 17:31:58,405] {processor.py:161} INFO - Processing /Users/marianaoliveira/Downloads/alura1/venv/lib/python3.10/site-packages/airflow/example_dags/tutorial_taskflow_api_etl.py took 3.680 seconds
[2023-05-19 17:34:39,023] {processor.py:153} INFO - Started process (PID=7852) to work on /Users/marianaoliveira/Downloads/alura1/venv/lib/python3.10/site-packages/airflow/example_dags/tutorial_taskflow_api_etl.py
[2023-05-19 17:34:39,030] {processor.py:641} INFO - Processing file /Users/marianaoliveira/Downloads/alura1/venv/lib/python3.10/site-packages/airflow/example_dags/tutorial_taskflow_api_etl.py for tasks to queue
[2023-05-19 17:34:39,036] {logging_mixin.py:115} INFO - [2023-05-19 17:34:39,036] {dagbag.py:507} INFO - Filling up the DagBag from /Users/marianaoliveira/Downloads/alura1/venv/lib/python3.10/site-packages/airflow/example_dags/tutorial_taskflow_api_etl.py
[2023-05-19 17:34:39,227] {processor.py:651} INFO - DAG(s) dict_keys(['tutorial_taskflow_api_etl']) retrieved from /Users/marianaoliveira/Downloads/alura1/venv/lib/python3.10/site-packages/airflow/example_dags/tutorial_taskflow_api_etl.py
[2023-05-19 17:34:43,758] {logging_mixin.py:115} INFO - [2023-05-19 17:34:43,757] {dag.py:2379} INFO - Sync 1 DAGs
[2023-05-19 17:34:43,829] {logging_mixin.py:115} INFO - [2023-05-19 17:34:43,828] {dag.py:2927} INFO - Setting next_dagrun for tutorial_taskflow_api_etl to None, run_after=None
[2023-05-19 17:34:43,879] {processor.py:161} INFO - Processing /Users/marianaoliveira/Downloads/alura1/venv/lib/python3.10/site-packages/airflow/example_dags/tutorial_taskflow_api_etl.py took 4.857 seconds
[2023-05-19 17:37:05,597] {processor.py:153} INFO - Started process (PID=7905) to work on /Users/marianaoliveira/Downloads/alura1/venv/lib/python3.10/site-packages/airflow/example_dags/tutorial_taskflow_api_etl.py
[2023-05-19 17:37:05,599] {processor.py:641} INFO - Processing file /Users/marianaoliveira/Downloads/alura1/venv/lib/python3.10/site-packages/airflow/example_dags/tutorial_taskflow_api_etl.py for tasks to queue
[2023-05-19 17:37:05,600] {logging_mixin.py:115} INFO - [2023-05-19 17:37:05,600] {dagbag.py:507} INFO - Filling up the DagBag from /Users/marianaoliveira/Downloads/alura1/venv/lib/python3.10/site-packages/airflow/example_dags/tutorial_taskflow_api_etl.py
[2023-05-19 17:37:05,673] {processor.py:651} INFO - DAG(s) dict_keys(['tutorial_taskflow_api_etl']) retrieved from /Users/marianaoliveira/Downloads/alura1/venv/lib/python3.10/site-packages/airflow/example_dags/tutorial_taskflow_api_etl.py
[2023-05-19 17:37:08,147] {logging_mixin.py:115} INFO - [2023-05-19 17:37:08,147] {dag.py:2379} INFO - Sync 1 DAGs
[2023-05-19 17:37:08,171] {logging_mixin.py:115} INFO - [2023-05-19 17:37:08,171] {dag.py:2927} INFO - Setting next_dagrun for tutorial_taskflow_api_etl to None, run_after=None
[2023-05-19 17:37:08,199] {processor.py:161} INFO - Processing /Users/marianaoliveira/Downloads/alura1/venv/lib/python3.10/site-packages/airflow/example_dags/tutorial_taskflow_api_etl.py took 2.603 seconds
[2023-05-19 17:38:59,090] {processor.py:153} INFO - Started process (PID=7954) to work on /Users/marianaoliveira/Downloads/alura1/venv/lib/python3.10/site-packages/airflow/example_dags/tutorial_taskflow_api_etl.py
[2023-05-19 17:38:59,091] {processor.py:641} INFO - Processing file /Users/marianaoliveira/Downloads/alura1/venv/lib/python3.10/site-packages/airflow/example_dags/tutorial_taskflow_api_etl.py for tasks to queue
[2023-05-19 17:38:59,091] {logging_mixin.py:115} INFO - [2023-05-19 17:38:59,091] {dagbag.py:507} INFO - Filling up the DagBag from /Users/marianaoliveira/Downloads/alura1/venv/lib/python3.10/site-packages/airflow/example_dags/tutorial_taskflow_api_etl.py
[2023-05-19 17:38:59,232] {processor.py:651} INFO - DAG(s) dict_keys(['tutorial_taskflow_api_etl']) retrieved from /Users/marianaoliveira/Downloads/alura1/venv/lib/python3.10/site-packages/airflow/example_dags/tutorial_taskflow_api_etl.py
[2023-05-19 17:39:03,431] {logging_mixin.py:115} INFO - [2023-05-19 17:39:03,430] {dag.py:2379} INFO - Sync 1 DAGs
[2023-05-19 17:39:03,500] {logging_mixin.py:115} INFO - [2023-05-19 17:39:03,500] {dag.py:2927} INFO - Setting next_dagrun for tutorial_taskflow_api_etl to None, run_after=None
[2023-05-19 17:39:03,531] {processor.py:161} INFO - Processing /Users/marianaoliveira/Downloads/alura1/venv/lib/python3.10/site-packages/airflow/example_dags/tutorial_taskflow_api_etl.py took 4.443 seconds
[2023-05-19 17:43:36,904] {processor.py:153} INFO - Started process (PID=8062) to work on /Users/marianaoliveira/Downloads/alura1/venv/lib/python3.10/site-packages/airflow/example_dags/tutorial_taskflow_api_etl.py
[2023-05-19 17:43:36,906] {processor.py:641} INFO - Processing file /Users/marianaoliveira/Downloads/alura1/venv/lib/python3.10/site-packages/airflow/example_dags/tutorial_taskflow_api_etl.py for tasks to queue
[2023-05-19 17:43:36,906] {logging_mixin.py:115} INFO - [2023-05-19 17:43:36,906] {dagbag.py:507} INFO - Filling up the DagBag from /Users/marianaoliveira/Downloads/alura1/venv/lib/python3.10/site-packages/airflow/example_dags/tutorial_taskflow_api_etl.py
[2023-05-19 17:43:36,991] {processor.py:651} INFO - DAG(s) dict_keys(['tutorial_taskflow_api_etl']) retrieved from /Users/marianaoliveira/Downloads/alura1/venv/lib/python3.10/site-packages/airflow/example_dags/tutorial_taskflow_api_etl.py
[2023-05-19 17:43:40,642] {logging_mixin.py:115} INFO - [2023-05-19 17:43:40,642] {dag.py:2379} INFO - Sync 1 DAGs
[2023-05-19 17:43:40,690] {logging_mixin.py:115} INFO - [2023-05-19 17:43:40,690] {dag.py:2927} INFO - Setting next_dagrun for tutorial_taskflow_api_etl to None, run_after=None
[2023-05-19 17:43:40,717] {processor.py:161} INFO - Processing /Users/marianaoliveira/Downloads/alura1/venv/lib/python3.10/site-packages/airflow/example_dags/tutorial_taskflow_api_etl.py took 3.814 seconds
[2023-05-19 17:46:28,710] {processor.py:153} INFO - Started process (PID=8137) to work on /Users/marianaoliveira/Downloads/alura1/venv/lib/python3.10/site-packages/airflow/example_dags/tutorial_taskflow_api_etl.py
[2023-05-19 17:46:28,714] {processor.py:641} INFO - Processing file /Users/marianaoliveira/Downloads/alura1/venv/lib/python3.10/site-packages/airflow/example_dags/tutorial_taskflow_api_etl.py for tasks to queue
[2023-05-19 17:46:28,715] {logging_mixin.py:115} INFO - [2023-05-19 17:46:28,715] {dagbag.py:507} INFO - Filling up the DagBag from /Users/marianaoliveira/Downloads/alura1/venv/lib/python3.10/site-packages/airflow/example_dags/tutorial_taskflow_api_etl.py
[2023-05-19 17:46:28,796] {processor.py:651} INFO - DAG(s) dict_keys(['tutorial_taskflow_api_etl']) retrieved from /Users/marianaoliveira/Downloads/alura1/venv/lib/python3.10/site-packages/airflow/example_dags/tutorial_taskflow_api_etl.py
[2023-05-19 17:46:32,040] {logging_mixin.py:115} INFO - [2023-05-19 17:46:32,040] {dag.py:2379} INFO - Sync 1 DAGs
[2023-05-19 17:46:32,064] {logging_mixin.py:115} INFO - [2023-05-19 17:46:32,064] {dag.py:2927} INFO - Setting next_dagrun for tutorial_taskflow_api_etl to None, run_after=None
[2023-05-19 17:46:32,083] {processor.py:161} INFO - Processing /Users/marianaoliveira/Downloads/alura1/venv/lib/python3.10/site-packages/airflow/example_dags/tutorial_taskflow_api_etl.py took 3.375 seconds
[2023-05-19 17:48:24,395] {processor.py:153} INFO - Started process (PID=8187) to work on /Users/marianaoliveira/Downloads/alura1/venv/lib/python3.10/site-packages/airflow/example_dags/tutorial_taskflow_api_etl.py
[2023-05-19 17:48:24,397] {processor.py:641} INFO - Processing file /Users/marianaoliveira/Downloads/alura1/venv/lib/python3.10/site-packages/airflow/example_dags/tutorial_taskflow_api_etl.py for tasks to queue
[2023-05-19 17:48:24,397] {logging_mixin.py:115} INFO - [2023-05-19 17:48:24,397] {dagbag.py:507} INFO - Filling up the DagBag from /Users/marianaoliveira/Downloads/alura1/venv/lib/python3.10/site-packages/airflow/example_dags/tutorial_taskflow_api_etl.py
[2023-05-19 17:48:24,460] {processor.py:651} INFO - DAG(s) dict_keys(['tutorial_taskflow_api_etl']) retrieved from /Users/marianaoliveira/Downloads/alura1/venv/lib/python3.10/site-packages/airflow/example_dags/tutorial_taskflow_api_etl.py
[2023-05-19 17:48:26,488] {logging_mixin.py:115} INFO - [2023-05-19 17:48:26,488] {dag.py:2379} INFO - Sync 1 DAGs
[2023-05-19 17:48:26,516] {logging_mixin.py:115} INFO - [2023-05-19 17:48:26,516] {dag.py:2927} INFO - Setting next_dagrun for tutorial_taskflow_api_etl to None, run_after=None
[2023-05-19 17:48:26,536] {processor.py:161} INFO - Processing /Users/marianaoliveira/Downloads/alura1/venv/lib/python3.10/site-packages/airflow/example_dags/tutorial_taskflow_api_etl.py took 2.142 seconds
[2023-05-19 17:49:47,112] {processor.py:153} INFO - Started process (PID=8222) to work on /Users/marianaoliveira/Downloads/alura1/venv/lib/python3.10/site-packages/airflow/example_dags/tutorial_taskflow_api_etl.py
[2023-05-19 17:49:47,116] {processor.py:641} INFO - Processing file /Users/marianaoliveira/Downloads/alura1/venv/lib/python3.10/site-packages/airflow/example_dags/tutorial_taskflow_api_etl.py for tasks to queue
[2023-05-19 17:49:47,117] {logging_mixin.py:115} INFO - [2023-05-19 17:49:47,117] {dagbag.py:507} INFO - Filling up the DagBag from /Users/marianaoliveira/Downloads/alura1/venv/lib/python3.10/site-packages/airflow/example_dags/tutorial_taskflow_api_etl.py
[2023-05-19 17:49:47,182] {processor.py:651} INFO - DAG(s) dict_keys(['tutorial_taskflow_api_etl']) retrieved from /Users/marianaoliveira/Downloads/alura1/venv/lib/python3.10/site-packages/airflow/example_dags/tutorial_taskflow_api_etl.py
[2023-05-19 17:49:49,237] {logging_mixin.py:115} INFO - [2023-05-19 17:49:49,237] {dag.py:2379} INFO - Sync 1 DAGs
[2023-05-19 17:49:49,270] {logging_mixin.py:115} INFO - [2023-05-19 17:49:49,270] {dag.py:2927} INFO - Setting next_dagrun for tutorial_taskflow_api_etl to None, run_after=None
[2023-05-19 17:49:49,301] {processor.py:161} INFO - Processing /Users/marianaoliveira/Downloads/alura1/venv/lib/python3.10/site-packages/airflow/example_dags/tutorial_taskflow_api_etl.py took 2.191 seconds
[2023-05-19 17:51:39,309] {processor.py:153} INFO - Started process (PID=8297) to work on /Users/marianaoliveira/Downloads/alura1/venv/lib/python3.10/site-packages/airflow/example_dags/tutorial_taskflow_api_etl.py
[2023-05-19 17:51:39,311] {processor.py:641} INFO - Processing file /Users/marianaoliveira/Downloads/alura1/venv/lib/python3.10/site-packages/airflow/example_dags/tutorial_taskflow_api_etl.py for tasks to queue
[2023-05-19 17:51:39,311] {logging_mixin.py:115} INFO - [2023-05-19 17:51:39,311] {dagbag.py:507} INFO - Filling up the DagBag from /Users/marianaoliveira/Downloads/alura1/venv/lib/python3.10/site-packages/airflow/example_dags/tutorial_taskflow_api_etl.py
[2023-05-19 17:51:39,392] {processor.py:651} INFO - DAG(s) dict_keys(['tutorial_taskflow_api_etl']) retrieved from /Users/marianaoliveira/Downloads/alura1/venv/lib/python3.10/site-packages/airflow/example_dags/tutorial_taskflow_api_etl.py
[2023-05-19 17:51:41,459] {logging_mixin.py:115} INFO - [2023-05-19 17:51:41,458] {dag.py:2379} INFO - Sync 1 DAGs
[2023-05-19 17:51:41,492] {logging_mixin.py:115} INFO - [2023-05-19 17:51:41,492] {dag.py:2927} INFO - Setting next_dagrun for tutorial_taskflow_api_etl to None, run_after=None
[2023-05-19 17:51:41,525] {processor.py:161} INFO - Processing /Users/marianaoliveira/Downloads/alura1/venv/lib/python3.10/site-packages/airflow/example_dags/tutorial_taskflow_api_etl.py took 2.217 seconds
[2023-05-19 17:53:22,344] {processor.py:153} INFO - Started process (PID=8379) to work on /Users/marianaoliveira/Downloads/alura1/venv/lib/python3.10/site-packages/airflow/example_dags/tutorial_taskflow_api_etl.py
[2023-05-19 17:53:22,344] {processor.py:641} INFO - Processing file /Users/marianaoliveira/Downloads/alura1/venv/lib/python3.10/site-packages/airflow/example_dags/tutorial_taskflow_api_etl.py for tasks to queue
[2023-05-19 17:53:22,346] {logging_mixin.py:115} INFO - [2023-05-19 17:53:22,346] {dagbag.py:507} INFO - Filling up the DagBag from /Users/marianaoliveira/Downloads/alura1/venv/lib/python3.10/site-packages/airflow/example_dags/tutorial_taskflow_api_etl.py
[2023-05-19 17:53:22,415] {processor.py:651} INFO - DAG(s) dict_keys(['tutorial_taskflow_api_etl']) retrieved from /Users/marianaoliveira/Downloads/alura1/venv/lib/python3.10/site-packages/airflow/example_dags/tutorial_taskflow_api_etl.py
[2023-05-19 17:53:24,181] {logging_mixin.py:115} INFO - [2023-05-19 17:53:24,180] {dag.py:2379} INFO - Sync 1 DAGs
[2023-05-19 17:53:24,206] {logging_mixin.py:115} INFO - [2023-05-19 17:53:24,206] {dag.py:2927} INFO - Setting next_dagrun for tutorial_taskflow_api_etl to None, run_after=None
[2023-05-19 17:53:24,227] {processor.py:161} INFO - Processing /Users/marianaoliveira/Downloads/alura1/venv/lib/python3.10/site-packages/airflow/example_dags/tutorial_taskflow_api_etl.py took 1.886 seconds
[2023-05-19 17:55:11,135] {processor.py:153} INFO - Started process (PID=8476) to work on /Users/marianaoliveira/Downloads/alura1/venv/lib/python3.10/site-packages/airflow/example_dags/tutorial_taskflow_api_etl.py
[2023-05-19 17:55:11,137] {processor.py:641} INFO - Processing file /Users/marianaoliveira/Downloads/alura1/venv/lib/python3.10/site-packages/airflow/example_dags/tutorial_taskflow_api_etl.py for tasks to queue
[2023-05-19 17:55:11,138] {logging_mixin.py:115} INFO - [2023-05-19 17:55:11,138] {dagbag.py:507} INFO - Filling up the DagBag from /Users/marianaoliveira/Downloads/alura1/venv/lib/python3.10/site-packages/airflow/example_dags/tutorial_taskflow_api_etl.py
[2023-05-19 17:55:11,240] {processor.py:651} INFO - DAG(s) dict_keys(['tutorial_taskflow_api_etl']) retrieved from /Users/marianaoliveira/Downloads/alura1/venv/lib/python3.10/site-packages/airflow/example_dags/tutorial_taskflow_api_etl.py
[2023-05-19 17:55:13,395] {logging_mixin.py:115} INFO - [2023-05-19 17:55:13,395] {dag.py:2379} INFO - Sync 1 DAGs
[2023-05-19 17:55:13,421] {logging_mixin.py:115} INFO - [2023-05-19 17:55:13,421] {dag.py:2927} INFO - Setting next_dagrun for tutorial_taskflow_api_etl to None, run_after=None
[2023-05-19 17:55:13,443] {processor.py:161} INFO - Processing /Users/marianaoliveira/Downloads/alura1/venv/lib/python3.10/site-packages/airflow/example_dags/tutorial_taskflow_api_etl.py took 2.309 seconds
[2023-05-19 17:56:40,934] {processor.py:153} INFO - Started process (PID=8567) to work on /Users/marianaoliveira/Downloads/alura1/venv/lib/python3.10/site-packages/airflow/example_dags/tutorial_taskflow_api_etl.py
[2023-05-19 17:56:40,936] {processor.py:641} INFO - Processing file /Users/marianaoliveira/Downloads/alura1/venv/lib/python3.10/site-packages/airflow/example_dags/tutorial_taskflow_api_etl.py for tasks to queue
[2023-05-19 17:56:40,937] {logging_mixin.py:115} INFO - [2023-05-19 17:56:40,936] {dagbag.py:507} INFO - Filling up the DagBag from /Users/marianaoliveira/Downloads/alura1/venv/lib/python3.10/site-packages/airflow/example_dags/tutorial_taskflow_api_etl.py
[2023-05-19 17:56:40,995] {processor.py:651} INFO - DAG(s) dict_keys(['tutorial_taskflow_api_etl']) retrieved from /Users/marianaoliveira/Downloads/alura1/venv/lib/python3.10/site-packages/airflow/example_dags/tutorial_taskflow_api_etl.py
[2023-05-19 17:56:43,060] {logging_mixin.py:115} INFO - [2023-05-19 17:56:43,060] {dag.py:2379} INFO - Sync 1 DAGs
[2023-05-19 17:56:43,087] {logging_mixin.py:115} INFO - [2023-05-19 17:56:43,087] {dag.py:2927} INFO - Setting next_dagrun for tutorial_taskflow_api_etl to None, run_after=None
[2023-05-19 17:56:43,106] {processor.py:161} INFO - Processing /Users/marianaoliveira/Downloads/alura1/venv/lib/python3.10/site-packages/airflow/example_dags/tutorial_taskflow_api_etl.py took 2.175 seconds
[2023-05-19 17:58:13,048] {processor.py:153} INFO - Started process (PID=8611) to work on /Users/marianaoliveira/Downloads/alura1/venv/lib/python3.10/site-packages/airflow/example_dags/tutorial_taskflow_api_etl.py
[2023-05-19 17:58:13,050] {processor.py:641} INFO - Processing file /Users/marianaoliveira/Downloads/alura1/venv/lib/python3.10/site-packages/airflow/example_dags/tutorial_taskflow_api_etl.py for tasks to queue
[2023-05-19 17:58:13,055] {logging_mixin.py:115} INFO - [2023-05-19 17:58:13,055] {dagbag.py:507} INFO - Filling up the DagBag from /Users/marianaoliveira/Downloads/alura1/venv/lib/python3.10/site-packages/airflow/example_dags/tutorial_taskflow_api_etl.py
[2023-05-19 17:58:13,134] {processor.py:651} INFO - DAG(s) dict_keys(['tutorial_taskflow_api_etl']) retrieved from /Users/marianaoliveira/Downloads/alura1/venv/lib/python3.10/site-packages/airflow/example_dags/tutorial_taskflow_api_etl.py
[2023-05-19 17:58:15,153] {logging_mixin.py:115} INFO - [2023-05-19 17:58:15,153] {dag.py:2379} INFO - Sync 1 DAGs
[2023-05-19 17:58:15,178] {logging_mixin.py:115} INFO - [2023-05-19 17:58:15,178] {dag.py:2927} INFO - Setting next_dagrun for tutorial_taskflow_api_etl to None, run_after=None
[2023-05-19 17:58:15,199] {processor.py:161} INFO - Processing /Users/marianaoliveira/Downloads/alura1/venv/lib/python3.10/site-packages/airflow/example_dags/tutorial_taskflow_api_etl.py took 2.154 seconds
[2023-05-19 18:02:59,679] {processor.py:153} INFO - Started process (PID=8886) to work on /Users/marianaoliveira/Downloads/alura1/venv/lib/python3.10/site-packages/airflow/example_dags/tutorial_taskflow_api_etl.py
[2023-05-19 18:02:59,681] {processor.py:641} INFO - Processing file /Users/marianaoliveira/Downloads/alura1/venv/lib/python3.10/site-packages/airflow/example_dags/tutorial_taskflow_api_etl.py for tasks to queue
[2023-05-19 18:02:59,681] {logging_mixin.py:115} INFO - [2023-05-19 18:02:59,681] {dagbag.py:507} INFO - Filling up the DagBag from /Users/marianaoliveira/Downloads/alura1/venv/lib/python3.10/site-packages/airflow/example_dags/tutorial_taskflow_api_etl.py
[2023-05-19 18:02:59,783] {processor.py:651} INFO - DAG(s) dict_keys(['tutorial_taskflow_api_etl']) retrieved from /Users/marianaoliveira/Downloads/alura1/venv/lib/python3.10/site-packages/airflow/example_dags/tutorial_taskflow_api_etl.py
[2023-05-19 18:03:03,395] {logging_mixin.py:115} INFO - [2023-05-19 18:03:03,394] {dag.py:2379} INFO - Sync 1 DAGs
[2023-05-19 18:03:03,444] {logging_mixin.py:115} INFO - [2023-05-19 18:03:03,444] {dag.py:2927} INFO - Setting next_dagrun for tutorial_taskflow_api_etl to None, run_after=None
[2023-05-19 18:03:03,475] {processor.py:161} INFO - Processing /Users/marianaoliveira/Downloads/alura1/venv/lib/python3.10/site-packages/airflow/example_dags/tutorial_taskflow_api_etl.py took 3.797 seconds
[2023-05-19 18:13:46,512] {processor.py:153} INFO - Started process (PID=9161) to work on /Users/marianaoliveira/Downloads/alura1/venv/lib/python3.10/site-packages/airflow/example_dags/tutorial_taskflow_api_etl.py
[2023-05-19 18:13:46,514] {processor.py:641} INFO - Processing file /Users/marianaoliveira/Downloads/alura1/venv/lib/python3.10/site-packages/airflow/example_dags/tutorial_taskflow_api_etl.py for tasks to queue
[2023-05-19 18:13:46,516] {logging_mixin.py:115} INFO - [2023-05-19 18:13:46,516] {dagbag.py:507} INFO - Filling up the DagBag from /Users/marianaoliveira/Downloads/alura1/venv/lib/python3.10/site-packages/airflow/example_dags/tutorial_taskflow_api_etl.py
[2023-05-19 18:13:46,644] {processor.py:651} INFO - DAG(s) dict_keys(['tutorial_taskflow_api_etl']) retrieved from /Users/marianaoliveira/Downloads/alura1/venv/lib/python3.10/site-packages/airflow/example_dags/tutorial_taskflow_api_etl.py
[2023-05-19 18:13:48,998] {logging_mixin.py:115} INFO - [2023-05-19 18:13:48,998] {dag.py:2379} INFO - Sync 1 DAGs
[2023-05-19 18:13:49,030] {logging_mixin.py:115} INFO - [2023-05-19 18:13:49,030] {dag.py:2927} INFO - Setting next_dagrun for tutorial_taskflow_api_etl to None, run_after=None
[2023-05-19 18:13:49,061] {processor.py:161} INFO - Processing /Users/marianaoliveira/Downloads/alura1/venv/lib/python3.10/site-packages/airflow/example_dags/tutorial_taskflow_api_etl.py took 2.550 seconds
[2023-05-19 18:16:48,447] {processor.py:153} INFO - Started process (PID=9275) to work on /Users/marianaoliveira/Downloads/alura1/venv/lib/python3.10/site-packages/airflow/example_dags/tutorial_taskflow_api_etl.py
[2023-05-19 18:16:48,448] {processor.py:641} INFO - Processing file /Users/marianaoliveira/Downloads/alura1/venv/lib/python3.10/site-packages/airflow/example_dags/tutorial_taskflow_api_etl.py for tasks to queue
[2023-05-19 18:16:48,449] {logging_mixin.py:115} INFO - [2023-05-19 18:16:48,449] {dagbag.py:507} INFO - Filling up the DagBag from /Users/marianaoliveira/Downloads/alura1/venv/lib/python3.10/site-packages/airflow/example_dags/tutorial_taskflow_api_etl.py
[2023-05-19 18:16:48,546] {processor.py:651} INFO - DAG(s) dict_keys(['tutorial_taskflow_api_etl']) retrieved from /Users/marianaoliveira/Downloads/alura1/venv/lib/python3.10/site-packages/airflow/example_dags/tutorial_taskflow_api_etl.py
[2023-05-19 18:16:51,932] {logging_mixin.py:115} INFO - [2023-05-19 18:16:51,932] {dag.py:2379} INFO - Sync 1 DAGs
[2023-05-19 18:16:51,967] {logging_mixin.py:115} INFO - [2023-05-19 18:16:51,967] {dag.py:2927} INFO - Setting next_dagrun for tutorial_taskflow_api_etl to None, run_after=None
[2023-05-19 18:16:51,988] {processor.py:161} INFO - Processing /Users/marianaoliveira/Downloads/alura1/venv/lib/python3.10/site-packages/airflow/example_dags/tutorial_taskflow_api_etl.py took 3.542 seconds
[2023-05-19 18:26:46,135] {processor.py:153} INFO - Started process (PID=9940) to work on /Users/marianaoliveira/Downloads/alura1/venv/lib/python3.10/site-packages/airflow/example_dags/tutorial_taskflow_api_etl.py
[2023-05-19 18:26:46,137] {processor.py:641} INFO - Processing file /Users/marianaoliveira/Downloads/alura1/venv/lib/python3.10/site-packages/airflow/example_dags/tutorial_taskflow_api_etl.py for tasks to queue
[2023-05-19 18:26:46,142] {logging_mixin.py:115} INFO - [2023-05-19 18:26:46,142] {dagbag.py:507} INFO - Filling up the DagBag from /Users/marianaoliveira/Downloads/alura1/venv/lib/python3.10/site-packages/airflow/example_dags/tutorial_taskflow_api_etl.py
[2023-05-19 18:26:46,235] {processor.py:651} INFO - DAG(s) dict_keys(['tutorial_taskflow_api_etl']) retrieved from /Users/marianaoliveira/Downloads/alura1/venv/lib/python3.10/site-packages/airflow/example_dags/tutorial_taskflow_api_etl.py
[2023-05-19 18:26:49,083] {logging_mixin.py:115} INFO - [2023-05-19 18:26:49,083] {dag.py:2379} INFO - Sync 1 DAGs
[2023-05-19 18:26:49,123] {logging_mixin.py:115} INFO - [2023-05-19 18:26:49,123] {dag.py:2927} INFO - Setting next_dagrun for tutorial_taskflow_api_etl to None, run_after=None
[2023-05-19 18:26:49,153] {processor.py:161} INFO - Processing /Users/marianaoliveira/Downloads/alura1/venv/lib/python3.10/site-packages/airflow/example_dags/tutorial_taskflow_api_etl.py took 3.019 seconds
