[2023-05-19 15:11:25,244] {processor.py:153} INFO - Started process (PID=2753) to work on /Users/marianaoliveira/Downloads/alura1/venv/lib/python3.10/site-packages/airflow/example_dags/tutorial_etl_dag.py
[2023-05-19 15:11:25,246] {processor.py:641} INFO - Processing file /Users/marianaoliveira/Downloads/alura1/venv/lib/python3.10/site-packages/airflow/example_dags/tutorial_etl_dag.py for tasks to queue
[2023-05-19 15:11:25,247] {logging_mixin.py:115} INFO - [2023-05-19 15:11:25,247] {dagbag.py:507} INFO - Filling up the DagBag from /Users/marianaoliveira/Downloads/alura1/venv/lib/python3.10/site-packages/airflow/example_dags/tutorial_etl_dag.py
[2023-05-19 15:11:25,282] {processor.py:651} INFO - DAG(s) dict_keys(['tutorial_etl_dag']) retrieved from /Users/marianaoliveira/Downloads/alura1/venv/lib/python3.10/site-packages/airflow/example_dags/tutorial_etl_dag.py
[2023-05-19 15:11:26,529] {logging_mixin.py:115} INFO - [2023-05-19 15:11:26,529] {manager.py:508} INFO - Created Permission View: can read on DAG:tutorial_etl_dag
[2023-05-19 15:11:26,555] {logging_mixin.py:115} INFO - [2023-05-19 15:11:26,554] {manager.py:508} INFO - Created Permission View: can delete on DAG:tutorial_etl_dag
[2023-05-19 15:11:26,576] {logging_mixin.py:115} INFO - [2023-05-19 15:11:26,575] {manager.py:508} INFO - Created Permission View: can edit on DAG:tutorial_etl_dag
[2023-05-19 15:11:26,576] {logging_mixin.py:115} INFO - [2023-05-19 15:11:26,576] {dag.py:2379} INFO - Sync 1 DAGs
[2023-05-19 15:11:26,594] {logging_mixin.py:115} INFO - [2023-05-19 15:11:26,594] {dag.py:2398} INFO - Creating ORM DAG for tutorial_etl_dag
[2023-05-19 15:11:26,620] {logging_mixin.py:115} INFO - [2023-05-19 15:11:26,620] {dag.py:2927} INFO - Setting next_dagrun for tutorial_etl_dag to None, run_after=None
[2023-05-19 15:11:26,643] {processor.py:161} INFO - Processing /Users/marianaoliveira/Downloads/alura1/venv/lib/python3.10/site-packages/airflow/example_dags/tutorial_etl_dag.py took 1.400 seconds
[2023-05-19 15:13:32,825] {processor.py:153} INFO - Started process (PID=2869) to work on /Users/marianaoliveira/Downloads/alura1/venv/lib/python3.10/site-packages/airflow/example_dags/tutorial_etl_dag.py
[2023-05-19 15:13:32,826] {processor.py:641} INFO - Processing file /Users/marianaoliveira/Downloads/alura1/venv/lib/python3.10/site-packages/airflow/example_dags/tutorial_etl_dag.py for tasks to queue
[2023-05-19 15:13:32,826] {logging_mixin.py:115} INFO - [2023-05-19 15:13:32,826] {dagbag.py:507} INFO - Filling up the DagBag from /Users/marianaoliveira/Downloads/alura1/venv/lib/python3.10/site-packages/airflow/example_dags/tutorial_etl_dag.py
[2023-05-19 15:13:32,856] {processor.py:651} INFO - DAG(s) dict_keys(['tutorial_etl_dag']) retrieved from /Users/marianaoliveira/Downloads/alura1/venv/lib/python3.10/site-packages/airflow/example_dags/tutorial_etl_dag.py
[2023-05-19 15:13:32,927] {logging_mixin.py:115} INFO - [2023-05-19 15:13:32,926] {dag.py:2379} INFO - Sync 1 DAGs
[2023-05-19 15:13:32,943] {logging_mixin.py:115} INFO - [2023-05-19 15:13:32,943] {dag.py:2927} INFO - Setting next_dagrun for tutorial_etl_dag to None, run_after=None
[2023-05-19 15:13:32,959] {processor.py:161} INFO - Processing /Users/marianaoliveira/Downloads/alura1/venv/lib/python3.10/site-packages/airflow/example_dags/tutorial_etl_dag.py took 0.135 seconds
[2023-05-19 15:14:29,204] {processor.py:153} INFO - Started process (PID=2904) to work on /Users/marianaoliveira/Downloads/alura1/venv/lib/python3.10/site-packages/airflow/example_dags/tutorial_etl_dag.py
[2023-05-19 15:14:29,204] {processor.py:641} INFO - Processing file /Users/marianaoliveira/Downloads/alura1/venv/lib/python3.10/site-packages/airflow/example_dags/tutorial_etl_dag.py for tasks to queue
[2023-05-19 15:14:29,204] {logging_mixin.py:115} INFO - [2023-05-19 15:14:29,204] {dagbag.py:507} INFO - Filling up the DagBag from /Users/marianaoliveira/Downloads/alura1/venv/lib/python3.10/site-packages/airflow/example_dags/tutorial_etl_dag.py
[2023-05-19 15:14:29,231] {processor.py:651} INFO - DAG(s) dict_keys(['tutorial_etl_dag']) retrieved from /Users/marianaoliveira/Downloads/alura1/venv/lib/python3.10/site-packages/airflow/example_dags/tutorial_etl_dag.py
[2023-05-19 15:14:29,307] {logging_mixin.py:115} INFO - [2023-05-19 15:14:29,307] {dag.py:2379} INFO - Sync 1 DAGs
[2023-05-19 15:14:29,322] {logging_mixin.py:115} INFO - [2023-05-19 15:14:29,322] {dag.py:2927} INFO - Setting next_dagrun for tutorial_etl_dag to None, run_after=None
[2023-05-19 15:14:29,333] {processor.py:161} INFO - Processing /Users/marianaoliveira/Downloads/alura1/venv/lib/python3.10/site-packages/airflow/example_dags/tutorial_etl_dag.py took 0.130 seconds
[2023-05-19 15:15:25,651] {processor.py:153} INFO - Started process (PID=2939) to work on /Users/marianaoliveira/Downloads/alura1/venv/lib/python3.10/site-packages/airflow/example_dags/tutorial_etl_dag.py
[2023-05-19 15:15:25,652] {processor.py:641} INFO - Processing file /Users/marianaoliveira/Downloads/alura1/venv/lib/python3.10/site-packages/airflow/example_dags/tutorial_etl_dag.py for tasks to queue
[2023-05-19 15:15:25,652] {logging_mixin.py:115} INFO - [2023-05-19 15:15:25,652] {dagbag.py:507} INFO - Filling up the DagBag from /Users/marianaoliveira/Downloads/alura1/venv/lib/python3.10/site-packages/airflow/example_dags/tutorial_etl_dag.py
[2023-05-19 15:15:25,717] {processor.py:651} INFO - DAG(s) dict_keys(['tutorial_etl_dag']) retrieved from /Users/marianaoliveira/Downloads/alura1/venv/lib/python3.10/site-packages/airflow/example_dags/tutorial_etl_dag.py
[2023-05-19 15:15:25,841] {logging_mixin.py:115} INFO - [2023-05-19 15:15:25,841] {dag.py:2379} INFO - Sync 1 DAGs
[2023-05-19 15:15:25,868] {logging_mixin.py:115} INFO - [2023-05-19 15:15:25,868] {dag.py:2927} INFO - Setting next_dagrun for tutorial_etl_dag to None, run_after=None
[2023-05-19 15:15:25,887] {processor.py:161} INFO - Processing /Users/marianaoliveira/Downloads/alura1/venv/lib/python3.10/site-packages/airflow/example_dags/tutorial_etl_dag.py took 0.237 seconds
[2023-05-19 15:16:45,167] {processor.py:153} INFO - Started process (PID=2976) to work on /Users/marianaoliveira/Downloads/alura1/venv/lib/python3.10/site-packages/airflow/example_dags/tutorial_etl_dag.py
[2023-05-19 15:16:45,168] {processor.py:641} INFO - Processing file /Users/marianaoliveira/Downloads/alura1/venv/lib/python3.10/site-packages/airflow/example_dags/tutorial_etl_dag.py for tasks to queue
[2023-05-19 15:16:45,169] {logging_mixin.py:115} INFO - [2023-05-19 15:16:45,169] {dagbag.py:507} INFO - Filling up the DagBag from /Users/marianaoliveira/Downloads/alura1/venv/lib/python3.10/site-packages/airflow/example_dags/tutorial_etl_dag.py
[2023-05-19 15:16:45,210] {processor.py:651} INFO - DAG(s) dict_keys(['tutorial_etl_dag']) retrieved from /Users/marianaoliveira/Downloads/alura1/venv/lib/python3.10/site-packages/airflow/example_dags/tutorial_etl_dag.py
[2023-05-19 15:16:45,304] {logging_mixin.py:115} INFO - [2023-05-19 15:16:45,304] {dag.py:2379} INFO - Sync 1 DAGs
[2023-05-19 15:16:45,322] {logging_mixin.py:115} INFO - [2023-05-19 15:16:45,321] {dag.py:2927} INFO - Setting next_dagrun for tutorial_etl_dag to None, run_after=None
[2023-05-19 15:16:45,336] {processor.py:161} INFO - Processing /Users/marianaoliveira/Downloads/alura1/venv/lib/python3.10/site-packages/airflow/example_dags/tutorial_etl_dag.py took 0.171 seconds
[2023-05-19 15:18:10,185] {processor.py:153} INFO - Started process (PID=3059) to work on /Users/marianaoliveira/Downloads/alura1/venv/lib/python3.10/site-packages/airflow/example_dags/tutorial_etl_dag.py
[2023-05-19 15:18:10,187] {processor.py:641} INFO - Processing file /Users/marianaoliveira/Downloads/alura1/venv/lib/python3.10/site-packages/airflow/example_dags/tutorial_etl_dag.py for tasks to queue
[2023-05-19 15:18:10,187] {logging_mixin.py:115} INFO - [2023-05-19 15:18:10,187] {dagbag.py:507} INFO - Filling up the DagBag from /Users/marianaoliveira/Downloads/alura1/venv/lib/python3.10/site-packages/airflow/example_dags/tutorial_etl_dag.py
[2023-05-19 15:18:10,223] {processor.py:651} INFO - DAG(s) dict_keys(['tutorial_etl_dag']) retrieved from /Users/marianaoliveira/Downloads/alura1/venv/lib/python3.10/site-packages/airflow/example_dags/tutorial_etl_dag.py
[2023-05-19 15:18:10,308] {logging_mixin.py:115} INFO - [2023-05-19 15:18:10,308] {dag.py:2379} INFO - Sync 1 DAGs
[2023-05-19 15:18:10,325] {logging_mixin.py:115} INFO - [2023-05-19 15:18:10,325] {dag.py:2927} INFO - Setting next_dagrun for tutorial_etl_dag to None, run_after=None
[2023-05-19 15:18:10,341] {processor.py:161} INFO - Processing /Users/marianaoliveira/Downloads/alura1/venv/lib/python3.10/site-packages/airflow/example_dags/tutorial_etl_dag.py took 0.156 seconds
[2023-05-19 15:19:14,869] {processor.py:153} INFO - Started process (PID=3094) to work on /Users/marianaoliveira/Downloads/alura1/venv/lib/python3.10/site-packages/airflow/example_dags/tutorial_etl_dag.py
[2023-05-19 15:19:14,871] {processor.py:641} INFO - Processing file /Users/marianaoliveira/Downloads/alura1/venv/lib/python3.10/site-packages/airflow/example_dags/tutorial_etl_dag.py for tasks to queue
[2023-05-19 15:19:14,871] {logging_mixin.py:115} INFO - [2023-05-19 15:19:14,871] {dagbag.py:507} INFO - Filling up the DagBag from /Users/marianaoliveira/Downloads/alura1/venv/lib/python3.10/site-packages/airflow/example_dags/tutorial_etl_dag.py
[2023-05-19 15:19:14,900] {processor.py:651} INFO - DAG(s) dict_keys(['tutorial_etl_dag']) retrieved from /Users/marianaoliveira/Downloads/alura1/venv/lib/python3.10/site-packages/airflow/example_dags/tutorial_etl_dag.py
[2023-05-19 15:19:14,970] {logging_mixin.py:115} INFO - [2023-05-19 15:19:14,970] {dag.py:2379} INFO - Sync 1 DAGs
[2023-05-19 15:19:14,985] {logging_mixin.py:115} INFO - [2023-05-19 15:19:14,985] {dag.py:2927} INFO - Setting next_dagrun for tutorial_etl_dag to None, run_after=None
[2023-05-19 15:19:14,997] {processor.py:161} INFO - Processing /Users/marianaoliveira/Downloads/alura1/venv/lib/python3.10/site-packages/airflow/example_dags/tutorial_etl_dag.py took 0.128 seconds
[2023-05-19 15:20:15,652] {processor.py:153} INFO - Started process (PID=3123) to work on /Users/marianaoliveira/Downloads/alura1/venv/lib/python3.10/site-packages/airflow/example_dags/tutorial_etl_dag.py
[2023-05-19 15:20:15,653] {processor.py:641} INFO - Processing file /Users/marianaoliveira/Downloads/alura1/venv/lib/python3.10/site-packages/airflow/example_dags/tutorial_etl_dag.py for tasks to queue
[2023-05-19 15:20:15,654] {logging_mixin.py:115} INFO - [2023-05-19 15:20:15,654] {dagbag.py:507} INFO - Filling up the DagBag from /Users/marianaoliveira/Downloads/alura1/venv/lib/python3.10/site-packages/airflow/example_dags/tutorial_etl_dag.py
[2023-05-19 15:20:15,683] {processor.py:651} INFO - DAG(s) dict_keys(['tutorial_etl_dag']) retrieved from /Users/marianaoliveira/Downloads/alura1/venv/lib/python3.10/site-packages/airflow/example_dags/tutorial_etl_dag.py
[2023-05-19 15:20:15,753] {logging_mixin.py:115} INFO - [2023-05-19 15:20:15,753] {dag.py:2379} INFO - Sync 1 DAGs
[2023-05-19 15:20:15,769] {logging_mixin.py:115} INFO - [2023-05-19 15:20:15,769] {dag.py:2927} INFO - Setting next_dagrun for tutorial_etl_dag to None, run_after=None
[2023-05-19 15:20:15,780] {processor.py:161} INFO - Processing /Users/marianaoliveira/Downloads/alura1/venv/lib/python3.10/site-packages/airflow/example_dags/tutorial_etl_dag.py took 0.129 seconds
[2023-05-19 15:21:09,630] {processor.py:153} INFO - Started process (PID=3153) to work on /Users/marianaoliveira/Downloads/alura1/venv/lib/python3.10/site-packages/airflow/example_dags/tutorial_etl_dag.py
[2023-05-19 15:21:09,631] {processor.py:641} INFO - Processing file /Users/marianaoliveira/Downloads/alura1/venv/lib/python3.10/site-packages/airflow/example_dags/tutorial_etl_dag.py for tasks to queue
[2023-05-19 15:21:09,632] {logging_mixin.py:115} INFO - [2023-05-19 15:21:09,632] {dagbag.py:507} INFO - Filling up the DagBag from /Users/marianaoliveira/Downloads/alura1/venv/lib/python3.10/site-packages/airflow/example_dags/tutorial_etl_dag.py
[2023-05-19 15:21:09,665] {processor.py:651} INFO - DAG(s) dict_keys(['tutorial_etl_dag']) retrieved from /Users/marianaoliveira/Downloads/alura1/venv/lib/python3.10/site-packages/airflow/example_dags/tutorial_etl_dag.py
[2023-05-19 15:21:09,742] {logging_mixin.py:115} INFO - [2023-05-19 15:21:09,742] {dag.py:2379} INFO - Sync 1 DAGs
[2023-05-19 15:21:09,758] {logging_mixin.py:115} INFO - [2023-05-19 15:21:09,758] {dag.py:2927} INFO - Setting next_dagrun for tutorial_etl_dag to None, run_after=None
[2023-05-19 15:21:09,769] {processor.py:161} INFO - Processing /Users/marianaoliveira/Downloads/alura1/venv/lib/python3.10/site-packages/airflow/example_dags/tutorial_etl_dag.py took 0.140 seconds
[2023-05-19 15:21:58,651] {processor.py:153} INFO - Started process (PID=3179) to work on /Users/marianaoliveira/Downloads/alura1/venv/lib/python3.10/site-packages/airflow/example_dags/tutorial_etl_dag.py
[2023-05-19 15:21:58,652] {processor.py:641} INFO - Processing file /Users/marianaoliveira/Downloads/alura1/venv/lib/python3.10/site-packages/airflow/example_dags/tutorial_etl_dag.py for tasks to queue
[2023-05-19 15:21:58,652] {logging_mixin.py:115} INFO - [2023-05-19 15:21:58,652] {dagbag.py:507} INFO - Filling up the DagBag from /Users/marianaoliveira/Downloads/alura1/venv/lib/python3.10/site-packages/airflow/example_dags/tutorial_etl_dag.py
[2023-05-19 15:21:58,681] {processor.py:651} INFO - DAG(s) dict_keys(['tutorial_etl_dag']) retrieved from /Users/marianaoliveira/Downloads/alura1/venv/lib/python3.10/site-packages/airflow/example_dags/tutorial_etl_dag.py
[2023-05-19 15:21:58,769] {logging_mixin.py:115} INFO - [2023-05-19 15:21:58,769] {dag.py:2379} INFO - Sync 1 DAGs
[2023-05-19 15:21:58,785] {logging_mixin.py:115} INFO - [2023-05-19 15:21:58,785] {dag.py:2927} INFO - Setting next_dagrun for tutorial_etl_dag to None, run_after=None
[2023-05-19 15:21:58,797] {processor.py:161} INFO - Processing /Users/marianaoliveira/Downloads/alura1/venv/lib/python3.10/site-packages/airflow/example_dags/tutorial_etl_dag.py took 0.146 seconds
[2023-05-19 15:22:48,364] {processor.py:153} INFO - Started process (PID=3202) to work on /Users/marianaoliveira/Downloads/alura1/venv/lib/python3.10/site-packages/airflow/example_dags/tutorial_etl_dag.py
[2023-05-19 15:22:48,364] {processor.py:641} INFO - Processing file /Users/marianaoliveira/Downloads/alura1/venv/lib/python3.10/site-packages/airflow/example_dags/tutorial_etl_dag.py for tasks to queue
[2023-05-19 15:22:48,365] {logging_mixin.py:115} INFO - [2023-05-19 15:22:48,365] {dagbag.py:507} INFO - Filling up the DagBag from /Users/marianaoliveira/Downloads/alura1/venv/lib/python3.10/site-packages/airflow/example_dags/tutorial_etl_dag.py
[2023-05-19 15:22:48,395] {processor.py:651} INFO - DAG(s) dict_keys(['tutorial_etl_dag']) retrieved from /Users/marianaoliveira/Downloads/alura1/venv/lib/python3.10/site-packages/airflow/example_dags/tutorial_etl_dag.py
[2023-05-19 15:22:48,474] {logging_mixin.py:115} INFO - [2023-05-19 15:22:48,473] {dag.py:2379} INFO - Sync 1 DAGs
[2023-05-19 15:22:48,491] {logging_mixin.py:115} INFO - [2023-05-19 15:22:48,491] {dag.py:2927} INFO - Setting next_dagrun for tutorial_etl_dag to None, run_after=None
[2023-05-19 15:22:48,504] {processor.py:161} INFO - Processing /Users/marianaoliveira/Downloads/alura1/venv/lib/python3.10/site-packages/airflow/example_dags/tutorial_etl_dag.py took 0.141 seconds
[2023-05-19 15:23:35,696] {processor.py:153} INFO - Started process (PID=3231) to work on /Users/marianaoliveira/Downloads/alura1/venv/lib/python3.10/site-packages/airflow/example_dags/tutorial_etl_dag.py
[2023-05-19 15:23:35,696] {processor.py:641} INFO - Processing file /Users/marianaoliveira/Downloads/alura1/venv/lib/python3.10/site-packages/airflow/example_dags/tutorial_etl_dag.py for tasks to queue
[2023-05-19 15:23:35,696] {logging_mixin.py:115} INFO - [2023-05-19 15:23:35,696] {dagbag.py:507} INFO - Filling up the DagBag from /Users/marianaoliveira/Downloads/alura1/venv/lib/python3.10/site-packages/airflow/example_dags/tutorial_etl_dag.py
[2023-05-19 15:23:35,725] {processor.py:651} INFO - DAG(s) dict_keys(['tutorial_etl_dag']) retrieved from /Users/marianaoliveira/Downloads/alura1/venv/lib/python3.10/site-packages/airflow/example_dags/tutorial_etl_dag.py
[2023-05-19 15:23:35,798] {logging_mixin.py:115} INFO - [2023-05-19 15:23:35,798] {dag.py:2379} INFO - Sync 1 DAGs
[2023-05-19 15:23:35,814] {logging_mixin.py:115} INFO - [2023-05-19 15:23:35,813] {dag.py:2927} INFO - Setting next_dagrun for tutorial_etl_dag to None, run_after=None
[2023-05-19 15:23:35,825] {processor.py:161} INFO - Processing /Users/marianaoliveira/Downloads/alura1/venv/lib/python3.10/site-packages/airflow/example_dags/tutorial_etl_dag.py took 0.131 seconds
[2023-05-19 15:24:29,628] {processor.py:153} INFO - Started process (PID=3260) to work on /Users/marianaoliveira/Downloads/alura1/venv/lib/python3.10/site-packages/airflow/example_dags/tutorial_etl_dag.py
[2023-05-19 15:24:29,629] {processor.py:641} INFO - Processing file /Users/marianaoliveira/Downloads/alura1/venv/lib/python3.10/site-packages/airflow/example_dags/tutorial_etl_dag.py for tasks to queue
[2023-05-19 15:24:29,630] {logging_mixin.py:115} INFO - [2023-05-19 15:24:29,630] {dagbag.py:507} INFO - Filling up the DagBag from /Users/marianaoliveira/Downloads/alura1/venv/lib/python3.10/site-packages/airflow/example_dags/tutorial_etl_dag.py
[2023-05-19 15:24:29,660] {processor.py:651} INFO - DAG(s) dict_keys(['tutorial_etl_dag']) retrieved from /Users/marianaoliveira/Downloads/alura1/venv/lib/python3.10/site-packages/airflow/example_dags/tutorial_etl_dag.py
[2023-05-19 15:24:29,731] {logging_mixin.py:115} INFO - [2023-05-19 15:24:29,731] {dag.py:2379} INFO - Sync 1 DAGs
[2023-05-19 15:24:29,746] {logging_mixin.py:115} INFO - [2023-05-19 15:24:29,746] {dag.py:2927} INFO - Setting next_dagrun for tutorial_etl_dag to None, run_after=None
[2023-05-19 15:24:29,758] {processor.py:161} INFO - Processing /Users/marianaoliveira/Downloads/alura1/venv/lib/python3.10/site-packages/airflow/example_dags/tutorial_etl_dag.py took 0.131 seconds
[2023-05-19 15:25:52,918] {processor.py:153} INFO - Started process (PID=3317) to work on /Users/marianaoliveira/Downloads/alura1/venv/lib/python3.10/site-packages/airflow/example_dags/tutorial_etl_dag.py
[2023-05-19 15:25:52,918] {processor.py:641} INFO - Processing file /Users/marianaoliveira/Downloads/alura1/venv/lib/python3.10/site-packages/airflow/example_dags/tutorial_etl_dag.py for tasks to queue
[2023-05-19 15:25:52,919] {logging_mixin.py:115} INFO - [2023-05-19 15:25:52,919] {dagbag.py:507} INFO - Filling up the DagBag from /Users/marianaoliveira/Downloads/alura1/venv/lib/python3.10/site-packages/airflow/example_dags/tutorial_etl_dag.py
[2023-05-19 15:25:53,105] {processor.py:651} INFO - DAG(s) dict_keys(['tutorial_etl_dag']) retrieved from /Users/marianaoliveira/Downloads/alura1/venv/lib/python3.10/site-packages/airflow/example_dags/tutorial_etl_dag.py
[2023-05-19 15:25:53,503] {logging_mixin.py:115} INFO - [2023-05-19 15:25:53,503] {dag.py:2379} INFO - Sync 1 DAGs
[2023-05-19 15:25:53,537] {logging_mixin.py:115} INFO - [2023-05-19 15:25:53,537] {dag.py:2927} INFO - Setting next_dagrun for tutorial_etl_dag to None, run_after=None
[2023-05-19 15:25:53,558] {processor.py:161} INFO - Processing /Users/marianaoliveira/Downloads/alura1/venv/lib/python3.10/site-packages/airflow/example_dags/tutorial_etl_dag.py took 0.641 seconds
[2023-05-19 15:27:14,185] {processor.py:153} INFO - Started process (PID=3365) to work on /Users/marianaoliveira/Downloads/alura1/venv/lib/python3.10/site-packages/airflow/example_dags/tutorial_etl_dag.py
[2023-05-19 15:27:14,186] {processor.py:641} INFO - Processing file /Users/marianaoliveira/Downloads/alura1/venv/lib/python3.10/site-packages/airflow/example_dags/tutorial_etl_dag.py for tasks to queue
[2023-05-19 15:27:14,187] {logging_mixin.py:115} INFO - [2023-05-19 15:27:14,186] {dagbag.py:507} INFO - Filling up the DagBag from /Users/marianaoliveira/Downloads/alura1/venv/lib/python3.10/site-packages/airflow/example_dags/tutorial_etl_dag.py
[2023-05-19 15:27:14,238] {processor.py:651} INFO - DAG(s) dict_keys(['tutorial_etl_dag']) retrieved from /Users/marianaoliveira/Downloads/alura1/venv/lib/python3.10/site-packages/airflow/example_dags/tutorial_etl_dag.py
[2023-05-19 15:27:14,404] {logging_mixin.py:115} INFO - [2023-05-19 15:27:14,404] {dag.py:2379} INFO - Sync 1 DAGs
[2023-05-19 15:27:14,464] {logging_mixin.py:115} INFO - [2023-05-19 15:27:14,462] {dag.py:2927} INFO - Setting next_dagrun for tutorial_etl_dag to None, run_after=None
[2023-05-19 15:27:14,584] {processor.py:161} INFO - Processing /Users/marianaoliveira/Downloads/alura1/venv/lib/python3.10/site-packages/airflow/example_dags/tutorial_etl_dag.py took 0.403 seconds
[2023-05-19 15:28:18,296] {processor.py:153} INFO - Started process (PID=3407) to work on /Users/marianaoliveira/Downloads/alura1/venv/lib/python3.10/site-packages/airflow/example_dags/tutorial_etl_dag.py
[2023-05-19 15:28:18,296] {processor.py:641} INFO - Processing file /Users/marianaoliveira/Downloads/alura1/venv/lib/python3.10/site-packages/airflow/example_dags/tutorial_etl_dag.py for tasks to queue
[2023-05-19 15:28:18,297] {logging_mixin.py:115} INFO - [2023-05-19 15:28:18,297] {dagbag.py:507} INFO - Filling up the DagBag from /Users/marianaoliveira/Downloads/alura1/venv/lib/python3.10/site-packages/airflow/example_dags/tutorial_etl_dag.py
[2023-05-19 15:28:18,343] {processor.py:651} INFO - DAG(s) dict_keys(['tutorial_etl_dag']) retrieved from /Users/marianaoliveira/Downloads/alura1/venv/lib/python3.10/site-packages/airflow/example_dags/tutorial_etl_dag.py
[2023-05-19 15:28:18,528] {logging_mixin.py:115} INFO - [2023-05-19 15:28:18,528] {dag.py:2379} INFO - Sync 1 DAGs
[2023-05-19 15:28:18,560] {logging_mixin.py:115} INFO - [2023-05-19 15:28:18,560] {dag.py:2927} INFO - Setting next_dagrun for tutorial_etl_dag to None, run_after=None
[2023-05-19 15:28:18,589] {processor.py:161} INFO - Processing /Users/marianaoliveira/Downloads/alura1/venv/lib/python3.10/site-packages/airflow/example_dags/tutorial_etl_dag.py took 0.294 seconds
[2023-05-19 15:29:27,139] {processor.py:153} INFO - Started process (PID=3443) to work on /Users/marianaoliveira/Downloads/alura1/venv/lib/python3.10/site-packages/airflow/example_dags/tutorial_etl_dag.py
[2023-05-19 15:29:27,140] {processor.py:641} INFO - Processing file /Users/marianaoliveira/Downloads/alura1/venv/lib/python3.10/site-packages/airflow/example_dags/tutorial_etl_dag.py for tasks to queue
[2023-05-19 15:29:27,140] {logging_mixin.py:115} INFO - [2023-05-19 15:29:27,140] {dagbag.py:507} INFO - Filling up the DagBag from /Users/marianaoliveira/Downloads/alura1/venv/lib/python3.10/site-packages/airflow/example_dags/tutorial_etl_dag.py
[2023-05-19 15:29:27,173] {processor.py:651} INFO - DAG(s) dict_keys(['tutorial_etl_dag']) retrieved from /Users/marianaoliveira/Downloads/alura1/venv/lib/python3.10/site-packages/airflow/example_dags/tutorial_etl_dag.py
[2023-05-19 15:29:27,256] {logging_mixin.py:115} INFO - [2023-05-19 15:29:27,256] {dag.py:2379} INFO - Sync 1 DAGs
[2023-05-19 15:29:27,271] {logging_mixin.py:115} INFO - [2023-05-19 15:29:27,271] {dag.py:2927} INFO - Setting next_dagrun for tutorial_etl_dag to None, run_after=None
[2023-05-19 15:29:27,283] {processor.py:161} INFO - Processing /Users/marianaoliveira/Downloads/alura1/venv/lib/python3.10/site-packages/airflow/example_dags/tutorial_etl_dag.py took 0.145 seconds
[2023-05-19 15:30:36,471] {processor.py:153} INFO - Started process (PID=3491) to work on /Users/marianaoliveira/Downloads/alura1/venv/lib/python3.10/site-packages/airflow/example_dags/tutorial_etl_dag.py
[2023-05-19 15:30:36,471] {processor.py:641} INFO - Processing file /Users/marianaoliveira/Downloads/alura1/venv/lib/python3.10/site-packages/airflow/example_dags/tutorial_etl_dag.py for tasks to queue
[2023-05-19 15:30:36,471] {logging_mixin.py:115} INFO - [2023-05-19 15:30:36,471] {dagbag.py:507} INFO - Filling up the DagBag from /Users/marianaoliveira/Downloads/alura1/venv/lib/python3.10/site-packages/airflow/example_dags/tutorial_etl_dag.py
[2023-05-19 15:30:36,514] {processor.py:651} INFO - DAG(s) dict_keys(['tutorial_etl_dag']) retrieved from /Users/marianaoliveira/Downloads/alura1/venv/lib/python3.10/site-packages/airflow/example_dags/tutorial_etl_dag.py
[2023-05-19 15:30:36,606] {logging_mixin.py:115} INFO - [2023-05-19 15:30:36,606] {dag.py:2379} INFO - Sync 1 DAGs
[2023-05-19 15:30:36,623] {logging_mixin.py:115} INFO - [2023-05-19 15:30:36,623] {dag.py:2927} INFO - Setting next_dagrun for tutorial_etl_dag to None, run_after=None
[2023-05-19 15:30:36,634] {processor.py:161} INFO - Processing /Users/marianaoliveira/Downloads/alura1/venv/lib/python3.10/site-packages/airflow/example_dags/tutorial_etl_dag.py took 0.164 seconds
[2023-05-19 16:28:48,546] {processor.py:153} INFO - Started process (PID=6046) to work on /Users/marianaoliveira/Downloads/alura1/venv/lib/python3.10/site-packages/airflow/example_dags/tutorial_etl_dag.py
[2023-05-19 16:28:48,547] {processor.py:641} INFO - Processing file /Users/marianaoliveira/Downloads/alura1/venv/lib/python3.10/site-packages/airflow/example_dags/tutorial_etl_dag.py for tasks to queue
[2023-05-19 16:28:48,548] {logging_mixin.py:115} INFO - [2023-05-19 16:28:48,548] {dagbag.py:507} INFO - Filling up the DagBag from /Users/marianaoliveira/Downloads/alura1/venv/lib/python3.10/site-packages/airflow/example_dags/tutorial_etl_dag.py
[2023-05-19 16:28:48,601] {processor.py:651} INFO - DAG(s) dict_keys(['tutorial_etl_dag']) retrieved from /Users/marianaoliveira/Downloads/alura1/venv/lib/python3.10/site-packages/airflow/example_dags/tutorial_etl_dag.py
[2023-05-19 16:28:48,713] {logging_mixin.py:115} INFO - [2023-05-19 16:28:48,713] {dag.py:2379} INFO - Sync 1 DAGs
[2023-05-19 16:28:48,740] {logging_mixin.py:115} INFO - [2023-05-19 16:28:48,740] {dag.py:2927} INFO - Setting next_dagrun for tutorial_etl_dag to None, run_after=None
[2023-05-19 16:28:48,759] {processor.py:161} INFO - Processing /Users/marianaoliveira/Downloads/alura1/venv/lib/python3.10/site-packages/airflow/example_dags/tutorial_etl_dag.py took 0.215 seconds
[2023-05-19 16:30:52,715] {processor.py:153} INFO - Started process (PID=6108) to work on /Users/marianaoliveira/Downloads/alura1/venv/lib/python3.10/site-packages/airflow/example_dags/tutorial_etl_dag.py
[2023-05-19 16:30:52,718] {processor.py:641} INFO - Processing file /Users/marianaoliveira/Downloads/alura1/venv/lib/python3.10/site-packages/airflow/example_dags/tutorial_etl_dag.py for tasks to queue
[2023-05-19 16:30:52,720] {logging_mixin.py:115} INFO - [2023-05-19 16:30:52,720] {dagbag.py:507} INFO - Filling up the DagBag from /Users/marianaoliveira/Downloads/alura1/venv/lib/python3.10/site-packages/airflow/example_dags/tutorial_etl_dag.py
[2023-05-19 16:30:52,787] {processor.py:651} INFO - DAG(s) dict_keys(['tutorial_etl_dag']) retrieved from /Users/marianaoliveira/Downloads/alura1/venv/lib/python3.10/site-packages/airflow/example_dags/tutorial_etl_dag.py
[2023-05-19 16:30:52,925] {logging_mixin.py:115} INFO - [2023-05-19 16:30:52,925] {dag.py:2379} INFO - Sync 1 DAGs
[2023-05-19 16:30:52,948] {logging_mixin.py:115} INFO - [2023-05-19 16:30:52,948] {dag.py:2927} INFO - Setting next_dagrun for tutorial_etl_dag to None, run_after=None
[2023-05-19 16:30:52,968] {processor.py:161} INFO - Processing /Users/marianaoliveira/Downloads/alura1/venv/lib/python3.10/site-packages/airflow/example_dags/tutorial_etl_dag.py took 0.257 seconds
[2023-05-19 16:32:53,702] {processor.py:153} INFO - Started process (PID=6187) to work on /Users/marianaoliveira/Downloads/alura1/venv/lib/python3.10/site-packages/airflow/example_dags/tutorial_etl_dag.py
[2023-05-19 16:32:53,705] {processor.py:641} INFO - Processing file /Users/marianaoliveira/Downloads/alura1/venv/lib/python3.10/site-packages/airflow/example_dags/tutorial_etl_dag.py for tasks to queue
[2023-05-19 16:32:53,705] {logging_mixin.py:115} INFO - [2023-05-19 16:32:53,705] {dagbag.py:507} INFO - Filling up the DagBag from /Users/marianaoliveira/Downloads/alura1/venv/lib/python3.10/site-packages/airflow/example_dags/tutorial_etl_dag.py
[2023-05-19 16:32:53,800] {processor.py:651} INFO - DAG(s) dict_keys(['tutorial_etl_dag']) retrieved from /Users/marianaoliveira/Downloads/alura1/venv/lib/python3.10/site-packages/airflow/example_dags/tutorial_etl_dag.py
[2023-05-19 16:32:54,358] {logging_mixin.py:115} INFO - [2023-05-19 16:32:54,358] {dag.py:2379} INFO - Sync 1 DAGs
[2023-05-19 16:32:54,489] {logging_mixin.py:115} INFO - [2023-05-19 16:32:54,489] {dag.py:2927} INFO - Setting next_dagrun for tutorial_etl_dag to None, run_after=None
[2023-05-19 16:32:54,541] {processor.py:161} INFO - Processing /Users/marianaoliveira/Downloads/alura1/venv/lib/python3.10/site-packages/airflow/example_dags/tutorial_etl_dag.py took 0.840 seconds
[2023-05-19 16:35:56,676] {processor.py:153} INFO - Started process (PID=6291) to work on /Users/marianaoliveira/Downloads/alura1/venv/lib/python3.10/site-packages/airflow/example_dags/tutorial_etl_dag.py
[2023-05-19 16:35:56,678] {processor.py:641} INFO - Processing file /Users/marianaoliveira/Downloads/alura1/venv/lib/python3.10/site-packages/airflow/example_dags/tutorial_etl_dag.py for tasks to queue
[2023-05-19 16:35:56,678] {logging_mixin.py:115} INFO - [2023-05-19 16:35:56,678] {dagbag.py:507} INFO - Filling up the DagBag from /Users/marianaoliveira/Downloads/alura1/venv/lib/python3.10/site-packages/airflow/example_dags/tutorial_etl_dag.py
[2023-05-19 16:35:56,721] {processor.py:651} INFO - DAG(s) dict_keys(['tutorial_etl_dag']) retrieved from /Users/marianaoliveira/Downloads/alura1/venv/lib/python3.10/site-packages/airflow/example_dags/tutorial_etl_dag.py
[2023-05-19 16:35:56,863] {logging_mixin.py:115} INFO - [2023-05-19 16:35:56,862] {dag.py:2379} INFO - Sync 1 DAGs
[2023-05-19 16:35:56,926] {logging_mixin.py:115} INFO - [2023-05-19 16:35:56,926] {dag.py:2927} INFO - Setting next_dagrun for tutorial_etl_dag to None, run_after=None
[2023-05-19 16:35:56,959] {processor.py:161} INFO - Processing /Users/marianaoliveira/Downloads/alura1/venv/lib/python3.10/site-packages/airflow/example_dags/tutorial_etl_dag.py took 0.284 seconds
[2023-05-19 16:37:31,433] {processor.py:153} INFO - Started process (PID=6329) to work on /Users/marianaoliveira/Downloads/alura1/venv/lib/python3.10/site-packages/airflow/example_dags/tutorial_etl_dag.py
[2023-05-19 16:37:31,435] {processor.py:641} INFO - Processing file /Users/marianaoliveira/Downloads/alura1/venv/lib/python3.10/site-packages/airflow/example_dags/tutorial_etl_dag.py for tasks to queue
[2023-05-19 16:37:31,435] {logging_mixin.py:115} INFO - [2023-05-19 16:37:31,435] {dagbag.py:507} INFO - Filling up the DagBag from /Users/marianaoliveira/Downloads/alura1/venv/lib/python3.10/site-packages/airflow/example_dags/tutorial_etl_dag.py
[2023-05-19 16:37:31,571] {processor.py:651} INFO - DAG(s) dict_keys(['tutorial_etl_dag']) retrieved from /Users/marianaoliveira/Downloads/alura1/venv/lib/python3.10/site-packages/airflow/example_dags/tutorial_etl_dag.py
[2023-05-19 16:37:32,092] {logging_mixin.py:115} INFO - [2023-05-19 16:37:32,091] {dag.py:2379} INFO - Sync 1 DAGs
[2023-05-19 16:37:32,249] {logging_mixin.py:115} INFO - [2023-05-19 16:37:32,249] {dag.py:2927} INFO - Setting next_dagrun for tutorial_etl_dag to None, run_after=None
[2023-05-19 16:37:32,316] {processor.py:161} INFO - Processing /Users/marianaoliveira/Downloads/alura1/venv/lib/python3.10/site-packages/airflow/example_dags/tutorial_etl_dag.py took 0.885 seconds
[2023-05-19 16:40:55,150] {processor.py:153} INFO - Started process (PID=6498) to work on /Users/marianaoliveira/Downloads/alura1/venv/lib/python3.10/site-packages/airflow/example_dags/tutorial_etl_dag.py
[2023-05-19 16:40:55,152] {processor.py:641} INFO - Processing file /Users/marianaoliveira/Downloads/alura1/venv/lib/python3.10/site-packages/airflow/example_dags/tutorial_etl_dag.py for tasks to queue
[2023-05-19 16:40:55,154] {logging_mixin.py:115} INFO - [2023-05-19 16:40:55,154] {dagbag.py:507} INFO - Filling up the DagBag from /Users/marianaoliveira/Downloads/alura1/venv/lib/python3.10/site-packages/airflow/example_dags/tutorial_etl_dag.py
[2023-05-19 16:40:55,255] {processor.py:651} INFO - DAG(s) dict_keys(['tutorial_etl_dag']) retrieved from /Users/marianaoliveira/Downloads/alura1/venv/lib/python3.10/site-packages/airflow/example_dags/tutorial_etl_dag.py
[2023-05-19 16:40:55,636] {logging_mixin.py:115} INFO - [2023-05-19 16:40:55,635] {dag.py:2379} INFO - Sync 1 DAGs
[2023-05-19 16:40:55,732] {logging_mixin.py:115} INFO - [2023-05-19 16:40:55,732] {dag.py:2927} INFO - Setting next_dagrun for tutorial_etl_dag to None, run_after=None
[2023-05-19 16:40:55,763] {processor.py:161} INFO - Processing /Users/marianaoliveira/Downloads/alura1/venv/lib/python3.10/site-packages/airflow/example_dags/tutorial_etl_dag.py took 0.615 seconds
[2023-05-19 16:50:27,864] {processor.py:153} INFO - Started process (PID=6672) to work on /Users/marianaoliveira/Downloads/alura1/venv/lib/python3.10/site-packages/airflow/example_dags/tutorial_etl_dag.py
[2023-05-19 16:50:27,866] {processor.py:641} INFO - Processing file /Users/marianaoliveira/Downloads/alura1/venv/lib/python3.10/site-packages/airflow/example_dags/tutorial_etl_dag.py for tasks to queue
[2023-05-19 16:50:27,867] {logging_mixin.py:115} INFO - [2023-05-19 16:50:27,867] {dagbag.py:507} INFO - Filling up the DagBag from /Users/marianaoliveira/Downloads/alura1/venv/lib/python3.10/site-packages/airflow/example_dags/tutorial_etl_dag.py
[2023-05-19 16:50:27,942] {processor.py:651} INFO - DAG(s) dict_keys(['tutorial_etl_dag']) retrieved from /Users/marianaoliveira/Downloads/alura1/venv/lib/python3.10/site-packages/airflow/example_dags/tutorial_etl_dag.py
[2023-05-19 16:50:28,466] {logging_mixin.py:115} INFO - [2023-05-19 16:50:28,465] {dag.py:2379} INFO - Sync 1 DAGs
[2023-05-19 16:50:28,510] {logging_mixin.py:115} INFO - [2023-05-19 16:50:28,510] {dag.py:2927} INFO - Setting next_dagrun for tutorial_etl_dag to None, run_after=None
[2023-05-19 16:50:28,536] {processor.py:161} INFO - Processing /Users/marianaoliveira/Downloads/alura1/venv/lib/python3.10/site-packages/airflow/example_dags/tutorial_etl_dag.py took 0.673 seconds
[2023-05-19 16:53:22,399] {processor.py:153} INFO - Started process (PID=6831) to work on /Users/marianaoliveira/Downloads/alura1/venv/lib/python3.10/site-packages/airflow/example_dags/tutorial_etl_dag.py
[2023-05-19 16:53:22,400] {processor.py:641} INFO - Processing file /Users/marianaoliveira/Downloads/alura1/venv/lib/python3.10/site-packages/airflow/example_dags/tutorial_etl_dag.py for tasks to queue
[2023-05-19 16:53:22,401] {logging_mixin.py:115} INFO - [2023-05-19 16:53:22,400] {dagbag.py:507} INFO - Filling up the DagBag from /Users/marianaoliveira/Downloads/alura1/venv/lib/python3.10/site-packages/airflow/example_dags/tutorial_etl_dag.py
[2023-05-19 16:53:22,494] {processor.py:651} INFO - DAG(s) dict_keys(['tutorial_etl_dag']) retrieved from /Users/marianaoliveira/Downloads/alura1/venv/lib/python3.10/site-packages/airflow/example_dags/tutorial_etl_dag.py
[2023-05-19 16:53:22,799] {logging_mixin.py:115} INFO - [2023-05-19 16:53:22,798] {dag.py:2379} INFO - Sync 1 DAGs
[2023-05-19 16:53:22,843] {logging_mixin.py:115} INFO - [2023-05-19 16:53:22,842] {dag.py:2927} INFO - Setting next_dagrun for tutorial_etl_dag to None, run_after=None
[2023-05-19 16:53:22,903] {processor.py:161} INFO - Processing /Users/marianaoliveira/Downloads/alura1/venv/lib/python3.10/site-packages/airflow/example_dags/tutorial_etl_dag.py took 0.506 seconds
[2023-05-19 16:56:16,488] {processor.py:153} INFO - Started process (PID=7011) to work on /Users/marianaoliveira/Downloads/alura1/venv/lib/python3.10/site-packages/airflow/example_dags/tutorial_etl_dag.py
[2023-05-19 16:56:16,490] {processor.py:641} INFO - Processing file /Users/marianaoliveira/Downloads/alura1/venv/lib/python3.10/site-packages/airflow/example_dags/tutorial_etl_dag.py for tasks to queue
[2023-05-19 16:56:16,496] {logging_mixin.py:115} INFO - [2023-05-19 16:56:16,496] {dagbag.py:507} INFO - Filling up the DagBag from /Users/marianaoliveira/Downloads/alura1/venv/lib/python3.10/site-packages/airflow/example_dags/tutorial_etl_dag.py
[2023-05-19 16:56:16,561] {processor.py:651} INFO - DAG(s) dict_keys(['tutorial_etl_dag']) retrieved from /Users/marianaoliveira/Downloads/alura1/venv/lib/python3.10/site-packages/airflow/example_dags/tutorial_etl_dag.py
[2023-05-19 16:56:16,729] {logging_mixin.py:115} INFO - [2023-05-19 16:56:16,728] {dag.py:2379} INFO - Sync 1 DAGs
[2023-05-19 16:56:16,764] {logging_mixin.py:115} INFO - [2023-05-19 16:56:16,764] {dag.py:2927} INFO - Setting next_dagrun for tutorial_etl_dag to None, run_after=None
[2023-05-19 16:56:16,783] {processor.py:161} INFO - Processing /Users/marianaoliveira/Downloads/alura1/venv/lib/python3.10/site-packages/airflow/example_dags/tutorial_etl_dag.py took 0.296 seconds
[2023-05-19 16:57:45,291] {processor.py:153} INFO - Started process (PID=7042) to work on /Users/marianaoliveira/Downloads/alura1/venv/lib/python3.10/site-packages/airflow/example_dags/tutorial_etl_dag.py
[2023-05-19 16:57:45,292] {processor.py:641} INFO - Processing file /Users/marianaoliveira/Downloads/alura1/venv/lib/python3.10/site-packages/airflow/example_dags/tutorial_etl_dag.py for tasks to queue
[2023-05-19 16:57:45,296] {logging_mixin.py:115} INFO - [2023-05-19 16:57:45,295] {dagbag.py:507} INFO - Filling up the DagBag from /Users/marianaoliveira/Downloads/alura1/venv/lib/python3.10/site-packages/airflow/example_dags/tutorial_etl_dag.py
[2023-05-19 16:57:45,340] {processor.py:651} INFO - DAG(s) dict_keys(['tutorial_etl_dag']) retrieved from /Users/marianaoliveira/Downloads/alura1/venv/lib/python3.10/site-packages/airflow/example_dags/tutorial_etl_dag.py
[2023-05-19 16:57:45,457] {logging_mixin.py:115} INFO - [2023-05-19 16:57:45,457] {dag.py:2379} INFO - Sync 1 DAGs
[2023-05-19 16:57:45,482] {logging_mixin.py:115} INFO - [2023-05-19 16:57:45,481] {dag.py:2927} INFO - Setting next_dagrun for tutorial_etl_dag to None, run_after=None
[2023-05-19 16:57:45,497] {processor.py:161} INFO - Processing /Users/marianaoliveira/Downloads/alura1/venv/lib/python3.10/site-packages/airflow/example_dags/tutorial_etl_dag.py took 0.208 seconds
[2023-05-19 16:59:20,759] {processor.py:153} INFO - Started process (PID=7088) to work on /Users/marianaoliveira/Downloads/alura1/venv/lib/python3.10/site-packages/airflow/example_dags/tutorial_etl_dag.py
[2023-05-19 16:59:20,759] {processor.py:641} INFO - Processing file /Users/marianaoliveira/Downloads/alura1/venv/lib/python3.10/site-packages/airflow/example_dags/tutorial_etl_dag.py for tasks to queue
[2023-05-19 16:59:20,760] {logging_mixin.py:115} INFO - [2023-05-19 16:59:20,760] {dagbag.py:507} INFO - Filling up the DagBag from /Users/marianaoliveira/Downloads/alura1/venv/lib/python3.10/site-packages/airflow/example_dags/tutorial_etl_dag.py
[2023-05-19 16:59:20,816] {processor.py:651} INFO - DAG(s) dict_keys(['tutorial_etl_dag']) retrieved from /Users/marianaoliveira/Downloads/alura1/venv/lib/python3.10/site-packages/airflow/example_dags/tutorial_etl_dag.py
[2023-05-19 16:59:21,011] {logging_mixin.py:115} INFO - [2023-05-19 16:59:21,011] {dag.py:2379} INFO - Sync 1 DAGs
[2023-05-19 16:59:21,034] {logging_mixin.py:115} INFO - [2023-05-19 16:59:21,034] {dag.py:2927} INFO - Setting next_dagrun for tutorial_etl_dag to None, run_after=None
[2023-05-19 16:59:21,079] {processor.py:161} INFO - Processing /Users/marianaoliveira/Downloads/alura1/venv/lib/python3.10/site-packages/airflow/example_dags/tutorial_etl_dag.py took 0.322 seconds
[2023-05-19 17:00:52,389] {processor.py:153} INFO - Started process (PID=7132) to work on /Users/marianaoliveira/Downloads/alura1/venv/lib/python3.10/site-packages/airflow/example_dags/tutorial_etl_dag.py
[2023-05-19 17:00:52,391] {processor.py:641} INFO - Processing file /Users/marianaoliveira/Downloads/alura1/venv/lib/python3.10/site-packages/airflow/example_dags/tutorial_etl_dag.py for tasks to queue
[2023-05-19 17:00:52,394] {logging_mixin.py:115} INFO - [2023-05-19 17:00:52,394] {dagbag.py:507} INFO - Filling up the DagBag from /Users/marianaoliveira/Downloads/alura1/venv/lib/python3.10/site-packages/airflow/example_dags/tutorial_etl_dag.py
[2023-05-19 17:00:52,512] {processor.py:651} INFO - DAG(s) dict_keys(['tutorial_etl_dag']) retrieved from /Users/marianaoliveira/Downloads/alura1/venv/lib/python3.10/site-packages/airflow/example_dags/tutorial_etl_dag.py
[2023-05-19 17:00:52,690] {logging_mixin.py:115} INFO - [2023-05-19 17:00:52,689] {dag.py:2379} INFO - Sync 1 DAGs
[2023-05-19 17:00:52,719] {logging_mixin.py:115} INFO - [2023-05-19 17:00:52,719] {dag.py:2927} INFO - Setting next_dagrun for tutorial_etl_dag to None, run_after=None
[2023-05-19 17:00:52,754] {processor.py:161} INFO - Processing /Users/marianaoliveira/Downloads/alura1/venv/lib/python3.10/site-packages/airflow/example_dags/tutorial_etl_dag.py took 0.366 seconds
[2023-05-19 17:02:26,011] {processor.py:153} INFO - Started process (PID=7184) to work on /Users/marianaoliveira/Downloads/alura1/venv/lib/python3.10/site-packages/airflow/example_dags/tutorial_etl_dag.py
[2023-05-19 17:02:26,012] {processor.py:641} INFO - Processing file /Users/marianaoliveira/Downloads/alura1/venv/lib/python3.10/site-packages/airflow/example_dags/tutorial_etl_dag.py for tasks to queue
[2023-05-19 17:02:26,013] {logging_mixin.py:115} INFO - [2023-05-19 17:02:26,013] {dagbag.py:507} INFO - Filling up the DagBag from /Users/marianaoliveira/Downloads/alura1/venv/lib/python3.10/site-packages/airflow/example_dags/tutorial_etl_dag.py
[2023-05-19 17:02:26,065] {processor.py:651} INFO - DAG(s) dict_keys(['tutorial_etl_dag']) retrieved from /Users/marianaoliveira/Downloads/alura1/venv/lib/python3.10/site-packages/airflow/example_dags/tutorial_etl_dag.py
[2023-05-19 17:02:26,349] {logging_mixin.py:115} INFO - [2023-05-19 17:02:26,349] {dag.py:2379} INFO - Sync 1 DAGs
[2023-05-19 17:02:26,381] {logging_mixin.py:115} INFO - [2023-05-19 17:02:26,381] {dag.py:2927} INFO - Setting next_dagrun for tutorial_etl_dag to None, run_after=None
[2023-05-19 17:02:26,404] {processor.py:161} INFO - Processing /Users/marianaoliveira/Downloads/alura1/venv/lib/python3.10/site-packages/airflow/example_dags/tutorial_etl_dag.py took 0.394 seconds
[2023-05-19 17:05:11,261] {processor.py:153} INFO - Started process (PID=7323) to work on /Users/marianaoliveira/Downloads/alura1/venv/lib/python3.10/site-packages/airflow/example_dags/tutorial_etl_dag.py
[2023-05-19 17:05:11,264] {processor.py:641} INFO - Processing file /Users/marianaoliveira/Downloads/alura1/venv/lib/python3.10/site-packages/airflow/example_dags/tutorial_etl_dag.py for tasks to queue
[2023-05-19 17:05:11,265] {logging_mixin.py:115} INFO - [2023-05-19 17:05:11,265] {dagbag.py:507} INFO - Filling up the DagBag from /Users/marianaoliveira/Downloads/alura1/venv/lib/python3.10/site-packages/airflow/example_dags/tutorial_etl_dag.py
[2023-05-19 17:05:11,374] {processor.py:651} INFO - DAG(s) dict_keys(['tutorial_etl_dag']) retrieved from /Users/marianaoliveira/Downloads/alura1/venv/lib/python3.10/site-packages/airflow/example_dags/tutorial_etl_dag.py
[2023-05-19 17:05:11,724] {logging_mixin.py:115} INFO - [2023-05-19 17:05:11,723] {dag.py:2379} INFO - Sync 1 DAGs
[2023-05-19 17:05:11,816] {logging_mixin.py:115} INFO - [2023-05-19 17:05:11,816] {dag.py:2927} INFO - Setting next_dagrun for tutorial_etl_dag to None, run_after=None
[2023-05-19 17:05:11,857] {processor.py:161} INFO - Processing /Users/marianaoliveira/Downloads/alura1/venv/lib/python3.10/site-packages/airflow/example_dags/tutorial_etl_dag.py took 0.606 seconds
[2023-05-19 17:29:49,368] {processor.py:153} INFO - Started process (PID=7729) to work on /Users/marianaoliveira/Downloads/alura1/venv/lib/python3.10/site-packages/airflow/example_dags/tutorial_etl_dag.py
[2023-05-19 17:29:49,371] {processor.py:641} INFO - Processing file /Users/marianaoliveira/Downloads/alura1/venv/lib/python3.10/site-packages/airflow/example_dags/tutorial_etl_dag.py for tasks to queue
[2023-05-19 17:29:49,371] {logging_mixin.py:115} INFO - [2023-05-19 17:29:49,371] {dagbag.py:507} INFO - Filling up the DagBag from /Users/marianaoliveira/Downloads/alura1/venv/lib/python3.10/site-packages/airflow/example_dags/tutorial_etl_dag.py
[2023-05-19 17:29:49,460] {processor.py:651} INFO - DAG(s) dict_keys(['tutorial_etl_dag']) retrieved from /Users/marianaoliveira/Downloads/alura1/venv/lib/python3.10/site-packages/airflow/example_dags/tutorial_etl_dag.py
[2023-05-19 17:29:49,636] {logging_mixin.py:115} INFO - [2023-05-19 17:29:49,636] {dag.py:2379} INFO - Sync 1 DAGs
[2023-05-19 17:29:49,666] {logging_mixin.py:115} INFO - [2023-05-19 17:29:49,666] {dag.py:2927} INFO - Setting next_dagrun for tutorial_etl_dag to None, run_after=None
[2023-05-19 17:29:49,722] {processor.py:161} INFO - Processing /Users/marianaoliveira/Downloads/alura1/venv/lib/python3.10/site-packages/airflow/example_dags/tutorial_etl_dag.py took 0.355 seconds
[2023-05-19 17:32:04,015] {processor.py:153} INFO - Started process (PID=7783) to work on /Users/marianaoliveira/Downloads/alura1/venv/lib/python3.10/site-packages/airflow/example_dags/tutorial_etl_dag.py
[2023-05-19 17:32:04,016] {processor.py:641} INFO - Processing file /Users/marianaoliveira/Downloads/alura1/venv/lib/python3.10/site-packages/airflow/example_dags/tutorial_etl_dag.py for tasks to queue
[2023-05-19 17:32:04,017] {logging_mixin.py:115} INFO - [2023-05-19 17:32:04,017] {dagbag.py:507} INFO - Filling up the DagBag from /Users/marianaoliveira/Downloads/alura1/venv/lib/python3.10/site-packages/airflow/example_dags/tutorial_etl_dag.py
[2023-05-19 17:32:04,089] {processor.py:651} INFO - DAG(s) dict_keys(['tutorial_etl_dag']) retrieved from /Users/marianaoliveira/Downloads/alura1/venv/lib/python3.10/site-packages/airflow/example_dags/tutorial_etl_dag.py
[2023-05-19 17:32:04,434] {logging_mixin.py:115} INFO - [2023-05-19 17:32:04,433] {dag.py:2379} INFO - Sync 1 DAGs
[2023-05-19 17:32:04,487] {logging_mixin.py:115} INFO - [2023-05-19 17:32:04,486] {dag.py:2927} INFO - Setting next_dagrun for tutorial_etl_dag to None, run_after=None
[2023-05-19 17:32:04,531] {processor.py:161} INFO - Processing /Users/marianaoliveira/Downloads/alura1/venv/lib/python3.10/site-packages/airflow/example_dags/tutorial_etl_dag.py took 0.517 seconds
[2023-05-19 17:34:48,009] {processor.py:153} INFO - Started process (PID=7854) to work on /Users/marianaoliveira/Downloads/alura1/venv/lib/python3.10/site-packages/airflow/example_dags/tutorial_etl_dag.py
[2023-05-19 17:34:48,011] {processor.py:641} INFO - Processing file /Users/marianaoliveira/Downloads/alura1/venv/lib/python3.10/site-packages/airflow/example_dags/tutorial_etl_dag.py for tasks to queue
[2023-05-19 17:34:48,011] {logging_mixin.py:115} INFO - [2023-05-19 17:34:48,011] {dagbag.py:507} INFO - Filling up the DagBag from /Users/marianaoliveira/Downloads/alura1/venv/lib/python3.10/site-packages/airflow/example_dags/tutorial_etl_dag.py
[2023-05-19 17:34:48,086] {processor.py:651} INFO - DAG(s) dict_keys(['tutorial_etl_dag']) retrieved from /Users/marianaoliveira/Downloads/alura1/venv/lib/python3.10/site-packages/airflow/example_dags/tutorial_etl_dag.py
[2023-05-19 17:34:48,290] {logging_mixin.py:115} INFO - [2023-05-19 17:34:48,290] {dag.py:2379} INFO - Sync 1 DAGs
[2023-05-19 17:34:48,331] {logging_mixin.py:115} INFO - [2023-05-19 17:34:48,331] {dag.py:2927} INFO - Setting next_dagrun for tutorial_etl_dag to None, run_after=None
[2023-05-19 17:34:48,377] {processor.py:161} INFO - Processing /Users/marianaoliveira/Downloads/alura1/venv/lib/python3.10/site-packages/airflow/example_dags/tutorial_etl_dag.py took 0.370 seconds
[2023-05-19 17:37:11,239] {processor.py:153} INFO - Started process (PID=7907) to work on /Users/marianaoliveira/Downloads/alura1/venv/lib/python3.10/site-packages/airflow/example_dags/tutorial_etl_dag.py
[2023-05-19 17:37:11,240] {processor.py:641} INFO - Processing file /Users/marianaoliveira/Downloads/alura1/venv/lib/python3.10/site-packages/airflow/example_dags/tutorial_etl_dag.py for tasks to queue
[2023-05-19 17:37:11,243] {logging_mixin.py:115} INFO - [2023-05-19 17:37:11,243] {dagbag.py:507} INFO - Filling up the DagBag from /Users/marianaoliveira/Downloads/alura1/venv/lib/python3.10/site-packages/airflow/example_dags/tutorial_etl_dag.py
[2023-05-19 17:37:11,291] {processor.py:651} INFO - DAG(s) dict_keys(['tutorial_etl_dag']) retrieved from /Users/marianaoliveira/Downloads/alura1/venv/lib/python3.10/site-packages/airflow/example_dags/tutorial_etl_dag.py
[2023-05-19 17:37:11,401] {logging_mixin.py:115} INFO - [2023-05-19 17:37:11,401] {dag.py:2379} INFO - Sync 1 DAGs
[2023-05-19 17:37:11,445] {logging_mixin.py:115} INFO - [2023-05-19 17:37:11,445] {dag.py:2927} INFO - Setting next_dagrun for tutorial_etl_dag to None, run_after=None
[2023-05-19 17:37:11,496] {processor.py:161} INFO - Processing /Users/marianaoliveira/Downloads/alura1/venv/lib/python3.10/site-packages/airflow/example_dags/tutorial_etl_dag.py took 0.259 seconds
[2023-05-19 17:39:10,507] {processor.py:153} INFO - Started process (PID=7957) to work on /Users/marianaoliveira/Downloads/alura1/venv/lib/python3.10/site-packages/airflow/example_dags/tutorial_etl_dag.py
[2023-05-19 17:39:10,509] {processor.py:641} INFO - Processing file /Users/marianaoliveira/Downloads/alura1/venv/lib/python3.10/site-packages/airflow/example_dags/tutorial_etl_dag.py for tasks to queue
[2023-05-19 17:39:10,509] {logging_mixin.py:115} INFO - [2023-05-19 17:39:10,509] {dagbag.py:507} INFO - Filling up the DagBag from /Users/marianaoliveira/Downloads/alura1/venv/lib/python3.10/site-packages/airflow/example_dags/tutorial_etl_dag.py
[2023-05-19 17:39:10,745] {processor.py:651} INFO - DAG(s) dict_keys(['tutorial_etl_dag']) retrieved from /Users/marianaoliveira/Downloads/alura1/venv/lib/python3.10/site-packages/airflow/example_dags/tutorial_etl_dag.py
[2023-05-19 17:39:11,203] {logging_mixin.py:115} INFO - [2023-05-19 17:39:11,203] {dag.py:2379} INFO - Sync 1 DAGs
[2023-05-19 17:39:11,299] {logging_mixin.py:115} INFO - [2023-05-19 17:39:11,297] {dag.py:2927} INFO - Setting next_dagrun for tutorial_etl_dag to None, run_after=None
[2023-05-19 17:39:11,385] {processor.py:161} INFO - Processing /Users/marianaoliveira/Downloads/alura1/venv/lib/python3.10/site-packages/airflow/example_dags/tutorial_etl_dag.py took 0.879 seconds
[2023-05-19 17:43:45,395] {processor.py:153} INFO - Started process (PID=8066) to work on /Users/marianaoliveira/Downloads/alura1/venv/lib/python3.10/site-packages/airflow/example_dags/tutorial_etl_dag.py
[2023-05-19 17:43:45,397] {processor.py:641} INFO - Processing file /Users/marianaoliveira/Downloads/alura1/venv/lib/python3.10/site-packages/airflow/example_dags/tutorial_etl_dag.py for tasks to queue
[2023-05-19 17:43:45,397] {logging_mixin.py:115} INFO - [2023-05-19 17:43:45,397] {dagbag.py:507} INFO - Filling up the DagBag from /Users/marianaoliveira/Downloads/alura1/venv/lib/python3.10/site-packages/airflow/example_dags/tutorial_etl_dag.py
[2023-05-19 17:43:45,547] {processor.py:651} INFO - DAG(s) dict_keys(['tutorial_etl_dag']) retrieved from /Users/marianaoliveira/Downloads/alura1/venv/lib/python3.10/site-packages/airflow/example_dags/tutorial_etl_dag.py
[2023-05-19 17:43:45,995] {logging_mixin.py:115} INFO - [2023-05-19 17:43:45,995] {dag.py:2379} INFO - Sync 1 DAGs
[2023-05-19 17:43:46,084] {logging_mixin.py:115} INFO - [2023-05-19 17:43:46,084] {dag.py:2927} INFO - Setting next_dagrun for tutorial_etl_dag to None, run_after=None
[2023-05-19 17:43:46,099] {processor.py:161} INFO - Processing /Users/marianaoliveira/Downloads/alura1/venv/lib/python3.10/site-packages/airflow/example_dags/tutorial_etl_dag.py took 0.705 seconds
[2023-05-19 17:46:35,014] {processor.py:153} INFO - Started process (PID=8139) to work on /Users/marianaoliveira/Downloads/alura1/venv/lib/python3.10/site-packages/airflow/example_dags/tutorial_etl_dag.py
[2023-05-19 17:46:35,016] {processor.py:641} INFO - Processing file /Users/marianaoliveira/Downloads/alura1/venv/lib/python3.10/site-packages/airflow/example_dags/tutorial_etl_dag.py for tasks to queue
[2023-05-19 17:46:35,016] {logging_mixin.py:115} INFO - [2023-05-19 17:46:35,016] {dagbag.py:507} INFO - Filling up the DagBag from /Users/marianaoliveira/Downloads/alura1/venv/lib/python3.10/site-packages/airflow/example_dags/tutorial_etl_dag.py
[2023-05-19 17:46:35,063] {processor.py:651} INFO - DAG(s) dict_keys(['tutorial_etl_dag']) retrieved from /Users/marianaoliveira/Downloads/alura1/venv/lib/python3.10/site-packages/airflow/example_dags/tutorial_etl_dag.py
[2023-05-19 17:46:35,231] {logging_mixin.py:115} INFO - [2023-05-19 17:46:35,231] {dag.py:2379} INFO - Sync 1 DAGs
[2023-05-19 17:46:35,258] {logging_mixin.py:115} INFO - [2023-05-19 17:46:35,258] {dag.py:2927} INFO - Setting next_dagrun for tutorial_etl_dag to None, run_after=None
[2023-05-19 17:46:35,272] {processor.py:161} INFO - Processing /Users/marianaoliveira/Downloads/alura1/venv/lib/python3.10/site-packages/airflow/example_dags/tutorial_etl_dag.py took 0.261 seconds
[2023-05-19 17:48:29,238] {processor.py:153} INFO - Started process (PID=8188) to work on /Users/marianaoliveira/Downloads/alura1/venv/lib/python3.10/site-packages/airflow/example_dags/tutorial_etl_dag.py
[2023-05-19 17:48:29,239] {processor.py:641} INFO - Processing file /Users/marianaoliveira/Downloads/alura1/venv/lib/python3.10/site-packages/airflow/example_dags/tutorial_etl_dag.py for tasks to queue
[2023-05-19 17:48:29,240] {logging_mixin.py:115} INFO - [2023-05-19 17:48:29,239] {dagbag.py:507} INFO - Filling up the DagBag from /Users/marianaoliveira/Downloads/alura1/venv/lib/python3.10/site-packages/airflow/example_dags/tutorial_etl_dag.py
[2023-05-19 17:48:29,294] {processor.py:651} INFO - DAG(s) dict_keys(['tutorial_etl_dag']) retrieved from /Users/marianaoliveira/Downloads/alura1/venv/lib/python3.10/site-packages/airflow/example_dags/tutorial_etl_dag.py
[2023-05-19 17:48:29,410] {logging_mixin.py:115} INFO - [2023-05-19 17:48:29,410] {dag.py:2379} INFO - Sync 1 DAGs
[2023-05-19 17:48:29,436] {logging_mixin.py:115} INFO - [2023-05-19 17:48:29,436] {dag.py:2927} INFO - Setting next_dagrun for tutorial_etl_dag to None, run_after=None
[2023-05-19 17:48:29,457] {processor.py:161} INFO - Processing /Users/marianaoliveira/Downloads/alura1/venv/lib/python3.10/site-packages/airflow/example_dags/tutorial_etl_dag.py took 0.221 seconds
[2023-05-19 17:49:51,098] {processor.py:153} INFO - Started process (PID=8224) to work on /Users/marianaoliveira/Downloads/alura1/venv/lib/python3.10/site-packages/airflow/example_dags/tutorial_etl_dag.py
[2023-05-19 17:49:51,099] {processor.py:641} INFO - Processing file /Users/marianaoliveira/Downloads/alura1/venv/lib/python3.10/site-packages/airflow/example_dags/tutorial_etl_dag.py for tasks to queue
[2023-05-19 17:49:51,100] {logging_mixin.py:115} INFO - [2023-05-19 17:49:51,100] {dagbag.py:507} INFO - Filling up the DagBag from /Users/marianaoliveira/Downloads/alura1/venv/lib/python3.10/site-packages/airflow/example_dags/tutorial_etl_dag.py
[2023-05-19 17:49:51,145] {processor.py:651} INFO - DAG(s) dict_keys(['tutorial_etl_dag']) retrieved from /Users/marianaoliveira/Downloads/alura1/venv/lib/python3.10/site-packages/airflow/example_dags/tutorial_etl_dag.py
[2023-05-19 17:49:51,281] {logging_mixin.py:115} INFO - [2023-05-19 17:49:51,281] {dag.py:2379} INFO - Sync 1 DAGs
[2023-05-19 17:49:51,304] {logging_mixin.py:115} INFO - [2023-05-19 17:49:51,304] {dag.py:2927} INFO - Setting next_dagrun for tutorial_etl_dag to None, run_after=None
[2023-05-19 17:49:51,329] {processor.py:161} INFO - Processing /Users/marianaoliveira/Downloads/alura1/venv/lib/python3.10/site-packages/airflow/example_dags/tutorial_etl_dag.py took 0.231 seconds
[2023-05-19 17:51:44,437] {processor.py:153} INFO - Started process (PID=8298) to work on /Users/marianaoliveira/Downloads/alura1/venv/lib/python3.10/site-packages/airflow/example_dags/tutorial_etl_dag.py
[2023-05-19 17:51:44,438] {processor.py:641} INFO - Processing file /Users/marianaoliveira/Downloads/alura1/venv/lib/python3.10/site-packages/airflow/example_dags/tutorial_etl_dag.py for tasks to queue
[2023-05-19 17:51:44,439] {logging_mixin.py:115} INFO - [2023-05-19 17:51:44,439] {dagbag.py:507} INFO - Filling up the DagBag from /Users/marianaoliveira/Downloads/alura1/venv/lib/python3.10/site-packages/airflow/example_dags/tutorial_etl_dag.py
[2023-05-19 17:51:44,480] {processor.py:651} INFO - DAG(s) dict_keys(['tutorial_etl_dag']) retrieved from /Users/marianaoliveira/Downloads/alura1/venv/lib/python3.10/site-packages/airflow/example_dags/tutorial_etl_dag.py
[2023-05-19 17:51:44,603] {logging_mixin.py:115} INFO - [2023-05-19 17:51:44,603] {dag.py:2379} INFO - Sync 1 DAGs
[2023-05-19 17:51:44,626] {logging_mixin.py:115} INFO - [2023-05-19 17:51:44,626] {dag.py:2927} INFO - Setting next_dagrun for tutorial_etl_dag to None, run_after=None
[2023-05-19 17:51:44,649] {processor.py:161} INFO - Processing /Users/marianaoliveira/Downloads/alura1/venv/lib/python3.10/site-packages/airflow/example_dags/tutorial_etl_dag.py took 0.213 seconds
[2023-05-19 17:53:27,329] {processor.py:153} INFO - Started process (PID=8386) to work on /Users/marianaoliveira/Downloads/alura1/venv/lib/python3.10/site-packages/airflow/example_dags/tutorial_etl_dag.py
[2023-05-19 17:53:27,331] {processor.py:641} INFO - Processing file /Users/marianaoliveira/Downloads/alura1/venv/lib/python3.10/site-packages/airflow/example_dags/tutorial_etl_dag.py for tasks to queue
[2023-05-19 17:53:27,332] {logging_mixin.py:115} INFO - [2023-05-19 17:53:27,331] {dagbag.py:507} INFO - Filling up the DagBag from /Users/marianaoliveira/Downloads/alura1/venv/lib/python3.10/site-packages/airflow/example_dags/tutorial_etl_dag.py
[2023-05-19 17:53:27,376] {processor.py:651} INFO - DAG(s) dict_keys(['tutorial_etl_dag']) retrieved from /Users/marianaoliveira/Downloads/alura1/venv/lib/python3.10/site-packages/airflow/example_dags/tutorial_etl_dag.py
[2023-05-19 17:53:27,508] {logging_mixin.py:115} INFO - [2023-05-19 17:53:27,508] {dag.py:2379} INFO - Sync 1 DAGs
[2023-05-19 17:53:27,556] {logging_mixin.py:115} INFO - [2023-05-19 17:53:27,556] {dag.py:2927} INFO - Setting next_dagrun for tutorial_etl_dag to None, run_after=None
[2023-05-19 17:53:27,595] {processor.py:161} INFO - Processing /Users/marianaoliveira/Downloads/alura1/venv/lib/python3.10/site-packages/airflow/example_dags/tutorial_etl_dag.py took 0.268 seconds
[2023-05-19 17:55:15,247] {processor.py:153} INFO - Started process (PID=8479) to work on /Users/marianaoliveira/Downloads/alura1/venv/lib/python3.10/site-packages/airflow/example_dags/tutorial_etl_dag.py
[2023-05-19 17:55:15,249] {processor.py:641} INFO - Processing file /Users/marianaoliveira/Downloads/alura1/venv/lib/python3.10/site-packages/airflow/example_dags/tutorial_etl_dag.py for tasks to queue
[2023-05-19 17:55:15,249] {logging_mixin.py:115} INFO - [2023-05-19 17:55:15,249] {dagbag.py:507} INFO - Filling up the DagBag from /Users/marianaoliveira/Downloads/alura1/venv/lib/python3.10/site-packages/airflow/example_dags/tutorial_etl_dag.py
[2023-05-19 17:55:15,289] {processor.py:651} INFO - DAG(s) dict_keys(['tutorial_etl_dag']) retrieved from /Users/marianaoliveira/Downloads/alura1/venv/lib/python3.10/site-packages/airflow/example_dags/tutorial_etl_dag.py
[2023-05-19 17:55:15,417] {logging_mixin.py:115} INFO - [2023-05-19 17:55:15,417] {dag.py:2379} INFO - Sync 1 DAGs
[2023-05-19 17:55:15,440] {logging_mixin.py:115} INFO - [2023-05-19 17:55:15,440] {dag.py:2927} INFO - Setting next_dagrun for tutorial_etl_dag to None, run_after=None
[2023-05-19 17:55:15,459] {processor.py:161} INFO - Processing /Users/marianaoliveira/Downloads/alura1/venv/lib/python3.10/site-packages/airflow/example_dags/tutorial_etl_dag.py took 0.213 seconds
[2023-05-19 17:56:46,145] {processor.py:153} INFO - Started process (PID=8568) to work on /Users/marianaoliveira/Downloads/alura1/venv/lib/python3.10/site-packages/airflow/example_dags/tutorial_etl_dag.py
[2023-05-19 17:56:46,146] {processor.py:641} INFO - Processing file /Users/marianaoliveira/Downloads/alura1/venv/lib/python3.10/site-packages/airflow/example_dags/tutorial_etl_dag.py for tasks to queue
[2023-05-19 17:56:46,147] {logging_mixin.py:115} INFO - [2023-05-19 17:56:46,147] {dagbag.py:507} INFO - Filling up the DagBag from /Users/marianaoliveira/Downloads/alura1/venv/lib/python3.10/site-packages/airflow/example_dags/tutorial_etl_dag.py
[2023-05-19 17:56:46,202] {processor.py:651} INFO - DAG(s) dict_keys(['tutorial_etl_dag']) retrieved from /Users/marianaoliveira/Downloads/alura1/venv/lib/python3.10/site-packages/airflow/example_dags/tutorial_etl_dag.py
[2023-05-19 17:56:46,363] {logging_mixin.py:115} INFO - [2023-05-19 17:56:46,363] {dag.py:2379} INFO - Sync 1 DAGs
[2023-05-19 17:56:46,392] {logging_mixin.py:115} INFO - [2023-05-19 17:56:46,391] {dag.py:2927} INFO - Setting next_dagrun for tutorial_etl_dag to None, run_after=None
[2023-05-19 17:56:46,424] {processor.py:161} INFO - Processing /Users/marianaoliveira/Downloads/alura1/venv/lib/python3.10/site-packages/airflow/example_dags/tutorial_etl_dag.py took 0.280 seconds
[2023-05-19 17:58:17,648] {processor.py:153} INFO - Started process (PID=8612) to work on /Users/marianaoliveira/Downloads/alura1/venv/lib/python3.10/site-packages/airflow/example_dags/tutorial_etl_dag.py
[2023-05-19 17:58:17,650] {processor.py:641} INFO - Processing file /Users/marianaoliveira/Downloads/alura1/venv/lib/python3.10/site-packages/airflow/example_dags/tutorial_etl_dag.py for tasks to queue
[2023-05-19 17:58:17,650] {logging_mixin.py:115} INFO - [2023-05-19 17:58:17,650] {dagbag.py:507} INFO - Filling up the DagBag from /Users/marianaoliveira/Downloads/alura1/venv/lib/python3.10/site-packages/airflow/example_dags/tutorial_etl_dag.py
[2023-05-19 17:58:17,708] {processor.py:651} INFO - DAG(s) dict_keys(['tutorial_etl_dag']) retrieved from /Users/marianaoliveira/Downloads/alura1/venv/lib/python3.10/site-packages/airflow/example_dags/tutorial_etl_dag.py
[2023-05-19 17:58:17,840] {logging_mixin.py:115} INFO - [2023-05-19 17:58:17,840] {dag.py:2379} INFO - Sync 1 DAGs
[2023-05-19 17:58:17,864] {logging_mixin.py:115} INFO - [2023-05-19 17:58:17,864] {dag.py:2927} INFO - Setting next_dagrun for tutorial_etl_dag to None, run_after=None
[2023-05-19 17:58:17,880] {processor.py:161} INFO - Processing /Users/marianaoliveira/Downloads/alura1/venv/lib/python3.10/site-packages/airflow/example_dags/tutorial_etl_dag.py took 0.232 seconds
[2023-05-19 18:03:07,522] {processor.py:153} INFO - Started process (PID=8887) to work on /Users/marianaoliveira/Downloads/alura1/venv/lib/python3.10/site-packages/airflow/example_dags/tutorial_etl_dag.py
[2023-05-19 18:03:07,525] {processor.py:641} INFO - Processing file /Users/marianaoliveira/Downloads/alura1/venv/lib/python3.10/site-packages/airflow/example_dags/tutorial_etl_dag.py for tasks to queue
[2023-05-19 18:03:07,527] {logging_mixin.py:115} INFO - [2023-05-19 18:03:07,526] {dagbag.py:507} INFO - Filling up the DagBag from /Users/marianaoliveira/Downloads/alura1/venv/lib/python3.10/site-packages/airflow/example_dags/tutorial_etl_dag.py
[2023-05-19 18:03:07,711] {processor.py:651} INFO - DAG(s) dict_keys(['tutorial_etl_dag']) retrieved from /Users/marianaoliveira/Downloads/alura1/venv/lib/python3.10/site-packages/airflow/example_dags/tutorial_etl_dag.py
[2023-05-19 18:03:08,112] {logging_mixin.py:115} INFO - [2023-05-19 18:03:08,111] {dag.py:2379} INFO - Sync 1 DAGs
[2023-05-19 18:03:08,192] {logging_mixin.py:115} INFO - [2023-05-19 18:03:08,192] {dag.py:2927} INFO - Setting next_dagrun for tutorial_etl_dag to None, run_after=None
[2023-05-19 18:03:08,274] {processor.py:161} INFO - Processing /Users/marianaoliveira/Downloads/alura1/venv/lib/python3.10/site-packages/airflow/example_dags/tutorial_etl_dag.py took 0.765 seconds
[2023-05-19 18:13:52,116] {processor.py:153} INFO - Started process (PID=9163) to work on /Users/marianaoliveira/Downloads/alura1/venv/lib/python3.10/site-packages/airflow/example_dags/tutorial_etl_dag.py
[2023-05-19 18:13:52,120] {processor.py:641} INFO - Processing file /Users/marianaoliveira/Downloads/alura1/venv/lib/python3.10/site-packages/airflow/example_dags/tutorial_etl_dag.py for tasks to queue
[2023-05-19 18:13:52,120] {logging_mixin.py:115} INFO - [2023-05-19 18:13:52,120] {dagbag.py:507} INFO - Filling up the DagBag from /Users/marianaoliveira/Downloads/alura1/venv/lib/python3.10/site-packages/airflow/example_dags/tutorial_etl_dag.py
[2023-05-19 18:13:52,212] {processor.py:651} INFO - DAG(s) dict_keys(['tutorial_etl_dag']) retrieved from /Users/marianaoliveira/Downloads/alura1/venv/lib/python3.10/site-packages/airflow/example_dags/tutorial_etl_dag.py
[2023-05-19 18:13:52,374] {logging_mixin.py:115} INFO - [2023-05-19 18:13:52,373] {dag.py:2379} INFO - Sync 1 DAGs
[2023-05-19 18:13:52,397] {logging_mixin.py:115} INFO - [2023-05-19 18:13:52,397] {dag.py:2927} INFO - Setting next_dagrun for tutorial_etl_dag to None, run_after=None
[2023-05-19 18:13:52,421] {processor.py:161} INFO - Processing /Users/marianaoliveira/Downloads/alura1/venv/lib/python3.10/site-packages/airflow/example_dags/tutorial_etl_dag.py took 0.307 seconds
[2023-05-19 18:16:55,663] {processor.py:153} INFO - Started process (PID=9286) to work on /Users/marianaoliveira/Downloads/alura1/venv/lib/python3.10/site-packages/airflow/example_dags/tutorial_etl_dag.py
[2023-05-19 18:16:55,665] {processor.py:641} INFO - Processing file /Users/marianaoliveira/Downloads/alura1/venv/lib/python3.10/site-packages/airflow/example_dags/tutorial_etl_dag.py for tasks to queue
[2023-05-19 18:16:55,666] {logging_mixin.py:115} INFO - [2023-05-19 18:16:55,666] {dagbag.py:507} INFO - Filling up the DagBag from /Users/marianaoliveira/Downloads/alura1/venv/lib/python3.10/site-packages/airflow/example_dags/tutorial_etl_dag.py
[2023-05-19 18:16:55,768] {processor.py:651} INFO - DAG(s) dict_keys(['tutorial_etl_dag']) retrieved from /Users/marianaoliveira/Downloads/alura1/venv/lib/python3.10/site-packages/airflow/example_dags/tutorial_etl_dag.py
[2023-05-19 18:16:55,909] {logging_mixin.py:115} INFO - [2023-05-19 18:16:55,909] {dag.py:2379} INFO - Sync 1 DAGs
[2023-05-19 18:16:55,941] {logging_mixin.py:115} INFO - [2023-05-19 18:16:55,941] {dag.py:2927} INFO - Setting next_dagrun for tutorial_etl_dag to None, run_after=None
[2023-05-19 18:16:55,979] {processor.py:161} INFO - Processing /Users/marianaoliveira/Downloads/alura1/venv/lib/python3.10/site-packages/airflow/example_dags/tutorial_etl_dag.py took 0.318 seconds
[2023-05-19 18:26:53,094] {processor.py:153} INFO - Started process (PID=9942) to work on /Users/marianaoliveira/Downloads/alura1/venv/lib/python3.10/site-packages/airflow/example_dags/tutorial_etl_dag.py
[2023-05-19 18:26:53,097] {processor.py:641} INFO - Processing file /Users/marianaoliveira/Downloads/alura1/venv/lib/python3.10/site-packages/airflow/example_dags/tutorial_etl_dag.py for tasks to queue
[2023-05-19 18:26:53,098] {logging_mixin.py:115} INFO - [2023-05-19 18:26:53,097] {dagbag.py:507} INFO - Filling up the DagBag from /Users/marianaoliveira/Downloads/alura1/venv/lib/python3.10/site-packages/airflow/example_dags/tutorial_etl_dag.py
[2023-05-19 18:26:53,185] {processor.py:651} INFO - DAG(s) dict_keys(['tutorial_etl_dag']) retrieved from /Users/marianaoliveira/Downloads/alura1/venv/lib/python3.10/site-packages/airflow/example_dags/tutorial_etl_dag.py
[2023-05-19 18:26:53,487] {logging_mixin.py:115} INFO - [2023-05-19 18:26:53,487] {dag.py:2379} INFO - Sync 1 DAGs
[2023-05-19 18:26:53,531] {logging_mixin.py:115} INFO - [2023-05-19 18:26:53,531] {dag.py:2927} INFO - Setting next_dagrun for tutorial_etl_dag to None, run_after=None
[2023-05-19 18:26:53,569] {processor.py:161} INFO - Processing /Users/marianaoliveira/Downloads/alura1/venv/lib/python3.10/site-packages/airflow/example_dags/tutorial_etl_dag.py took 0.477 seconds
