[2023-05-19 15:11:29,837] {processor.py:153} INFO - Started process (PID=2762) to work on /Users/marianaoliveira/Downloads/alura1/venv/lib/python3.10/site-packages/airflow/example_dags/tutorial.py
[2023-05-19 15:11:29,838] {processor.py:641} INFO - Processing file /Users/marianaoliveira/Downloads/alura1/venv/lib/python3.10/site-packages/airflow/example_dags/tutorial.py for tasks to queue
[2023-05-19 15:11:29,838] {logging_mixin.py:115} INFO - [2023-05-19 15:11:29,838] {dagbag.py:507} INFO - Filling up the DagBag from /Users/marianaoliveira/Downloads/alura1/venv/lib/python3.10/site-packages/airflow/example_dags/tutorial.py
[2023-05-19 15:11:29,872] {processor.py:651} INFO - DAG(s) dict_keys(['tutorial']) retrieved from /Users/marianaoliveira/Downloads/alura1/venv/lib/python3.10/site-packages/airflow/example_dags/tutorial.py
[2023-05-19 15:11:31,355] {logging_mixin.py:115} INFO - [2023-05-19 15:11:31,355] {manager.py:508} INFO - Created Permission View: can edit on DAG:tutorial
[2023-05-19 15:11:31,366] {logging_mixin.py:115} INFO - [2023-05-19 15:11:31,365] {manager.py:508} INFO - Created Permission View: can read on DAG:tutorial
[2023-05-19 15:11:31,379] {logging_mixin.py:115} INFO - [2023-05-19 15:11:31,379] {manager.py:508} INFO - Created Permission View: can delete on DAG:tutorial
[2023-05-19 15:11:31,380] {logging_mixin.py:115} INFO - [2023-05-19 15:11:31,380] {dag.py:2379} INFO - Sync 1 DAGs
[2023-05-19 15:11:31,388] {logging_mixin.py:115} INFO - [2023-05-19 15:11:31,388] {dag.py:2398} INFO - Creating ORM DAG for tutorial
[2023-05-19 15:11:31,402] {logging_mixin.py:115} INFO - [2023-05-19 15:11:31,402] {dag.py:2927} INFO - Setting next_dagrun for tutorial to 2023-05-18T18:11:31.402145+00:00, run_after=2023-05-19T18:11:31.402145+00:00
[2023-05-19 15:11:31,421] {processor.py:161} INFO - Processing /Users/marianaoliveira/Downloads/alura1/venv/lib/python3.10/site-packages/airflow/example_dags/tutorial.py took 1.585 seconds
[2023-05-19 15:13:34,665] {processor.py:153} INFO - Started process (PID=2870) to work on /Users/marianaoliveira/Downloads/alura1/venv/lib/python3.10/site-packages/airflow/example_dags/tutorial.py
[2023-05-19 15:13:34,667] {processor.py:641} INFO - Processing file /Users/marianaoliveira/Downloads/alura1/venv/lib/python3.10/site-packages/airflow/example_dags/tutorial.py for tasks to queue
[2023-05-19 15:13:34,667] {logging_mixin.py:115} INFO - [2023-05-19 15:13:34,667] {dagbag.py:507} INFO - Filling up the DagBag from /Users/marianaoliveira/Downloads/alura1/venv/lib/python3.10/site-packages/airflow/example_dags/tutorial.py
[2023-05-19 15:13:34,683] {processor.py:651} INFO - DAG(s) dict_keys(['tutorial']) retrieved from /Users/marianaoliveira/Downloads/alura1/venv/lib/python3.10/site-packages/airflow/example_dags/tutorial.py
[2023-05-19 15:13:34,751] {logging_mixin.py:115} INFO - [2023-05-19 15:13:34,751] {dag.py:2379} INFO - Sync 1 DAGs
[2023-05-19 15:13:34,768] {logging_mixin.py:115} INFO - [2023-05-19 15:13:34,768] {dag.py:2927} INFO - Setting next_dagrun for tutorial to 2023-05-18T18:13:34.767927+00:00, run_after=2023-05-19T18:13:34.767927+00:00
[2023-05-19 15:13:34,780] {processor.py:161} INFO - Processing /Users/marianaoliveira/Downloads/alura1/venv/lib/python3.10/site-packages/airflow/example_dags/tutorial.py took 0.115 seconds
[2023-05-19 15:14:31,332] {processor.py:153} INFO - Started process (PID=2905) to work on /Users/marianaoliveira/Downloads/alura1/venv/lib/python3.10/site-packages/airflow/example_dags/tutorial.py
[2023-05-19 15:14:31,332] {processor.py:641} INFO - Processing file /Users/marianaoliveira/Downloads/alura1/venv/lib/python3.10/site-packages/airflow/example_dags/tutorial.py for tasks to queue
[2023-05-19 15:14:31,332] {logging_mixin.py:115} INFO - [2023-05-19 15:14:31,332] {dagbag.py:507} INFO - Filling up the DagBag from /Users/marianaoliveira/Downloads/alura1/venv/lib/python3.10/site-packages/airflow/example_dags/tutorial.py
[2023-05-19 15:14:31,345] {processor.py:651} INFO - DAG(s) dict_keys(['tutorial']) retrieved from /Users/marianaoliveira/Downloads/alura1/venv/lib/python3.10/site-packages/airflow/example_dags/tutorial.py
[2023-05-19 15:14:31,414] {logging_mixin.py:115} INFO - [2023-05-19 15:14:31,414] {dag.py:2379} INFO - Sync 1 DAGs
[2023-05-19 15:14:31,430] {logging_mixin.py:115} INFO - [2023-05-19 15:14:31,430] {dag.py:2927} INFO - Setting next_dagrun for tutorial to 2023-05-18T18:14:31.430308+00:00, run_after=2023-05-19T18:14:31.430308+00:00
[2023-05-19 15:14:31,442] {processor.py:161} INFO - Processing /Users/marianaoliveira/Downloads/alura1/venv/lib/python3.10/site-packages/airflow/example_dags/tutorial.py took 0.111 seconds
[2023-05-19 15:15:28,585] {processor.py:153} INFO - Started process (PID=2940) to work on /Users/marianaoliveira/Downloads/alura1/venv/lib/python3.10/site-packages/airflow/example_dags/tutorial.py
[2023-05-19 15:15:28,586] {processor.py:641} INFO - Processing file /Users/marianaoliveira/Downloads/alura1/venv/lib/python3.10/site-packages/airflow/example_dags/tutorial.py for tasks to queue
[2023-05-19 15:15:28,587] {logging_mixin.py:115} INFO - [2023-05-19 15:15:28,587] {dagbag.py:507} INFO - Filling up the DagBag from /Users/marianaoliveira/Downloads/alura1/venv/lib/python3.10/site-packages/airflow/example_dags/tutorial.py
[2023-05-19 15:15:28,613] {processor.py:651} INFO - DAG(s) dict_keys(['tutorial']) retrieved from /Users/marianaoliveira/Downloads/alura1/venv/lib/python3.10/site-packages/airflow/example_dags/tutorial.py
[2023-05-19 15:15:28,721] {logging_mixin.py:115} INFO - [2023-05-19 15:15:28,721] {dag.py:2379} INFO - Sync 1 DAGs
[2023-05-19 15:15:28,746] {logging_mixin.py:115} INFO - [2023-05-19 15:15:28,746] {dag.py:2927} INFO - Setting next_dagrun for tutorial to 2023-05-18T18:15:28.746364+00:00, run_after=2023-05-19T18:15:28.746364+00:00
[2023-05-19 15:15:28,764] {processor.py:161} INFO - Processing /Users/marianaoliveira/Downloads/alura1/venv/lib/python3.10/site-packages/airflow/example_dags/tutorial.py took 0.182 seconds
[2023-05-19 15:16:48,156] {processor.py:153} INFO - Started process (PID=2977) to work on /Users/marianaoliveira/Downloads/alura1/venv/lib/python3.10/site-packages/airflow/example_dags/tutorial.py
[2023-05-19 15:16:48,157] {processor.py:641} INFO - Processing file /Users/marianaoliveira/Downloads/alura1/venv/lib/python3.10/site-packages/airflow/example_dags/tutorial.py for tasks to queue
[2023-05-19 15:16:48,157] {logging_mixin.py:115} INFO - [2023-05-19 15:16:48,157] {dagbag.py:507} INFO - Filling up the DagBag from /Users/marianaoliveira/Downloads/alura1/venv/lib/python3.10/site-packages/airflow/example_dags/tutorial.py
[2023-05-19 15:16:48,178] {processor.py:651} INFO - DAG(s) dict_keys(['tutorial']) retrieved from /Users/marianaoliveira/Downloads/alura1/venv/lib/python3.10/site-packages/airflow/example_dags/tutorial.py
[2023-05-19 15:16:48,302] {logging_mixin.py:115} INFO - [2023-05-19 15:16:48,302] {dag.py:2379} INFO - Sync 1 DAGs
[2023-05-19 15:16:48,326] {logging_mixin.py:115} INFO - [2023-05-19 15:16:48,326] {dag.py:2927} INFO - Setting next_dagrun for tutorial to 2023-05-18T18:16:48.326002+00:00, run_after=2023-05-19T18:16:48.326002+00:00
[2023-05-19 15:16:48,343] {processor.py:161} INFO - Processing /Users/marianaoliveira/Downloads/alura1/venv/lib/python3.10/site-packages/airflow/example_dags/tutorial.py took 0.188 seconds
[2023-05-19 15:18:12,648] {processor.py:153} INFO - Started process (PID=3060) to work on /Users/marianaoliveira/Downloads/alura1/venv/lib/python3.10/site-packages/airflow/example_dags/tutorial.py
[2023-05-19 15:18:12,650] {processor.py:641} INFO - Processing file /Users/marianaoliveira/Downloads/alura1/venv/lib/python3.10/site-packages/airflow/example_dags/tutorial.py for tasks to queue
[2023-05-19 15:18:12,650] {logging_mixin.py:115} INFO - [2023-05-19 15:18:12,650] {dagbag.py:507} INFO - Filling up the DagBag from /Users/marianaoliveira/Downloads/alura1/venv/lib/python3.10/site-packages/airflow/example_dags/tutorial.py
[2023-05-19 15:18:12,668] {processor.py:651} INFO - DAG(s) dict_keys(['tutorial']) retrieved from /Users/marianaoliveira/Downloads/alura1/venv/lib/python3.10/site-packages/airflow/example_dags/tutorial.py
[2023-05-19 15:18:12,780] {logging_mixin.py:115} INFO - [2023-05-19 15:18:12,780] {dag.py:2379} INFO - Sync 1 DAGs
[2023-05-19 15:18:12,809] {logging_mixin.py:115} INFO - [2023-05-19 15:18:12,809] {dag.py:2927} INFO - Setting next_dagrun for tutorial to 2023-05-18T18:18:12.808847+00:00, run_after=2023-05-19T18:18:12.808847+00:00
[2023-05-19 15:18:12,830] {processor.py:161} INFO - Processing /Users/marianaoliveira/Downloads/alura1/venv/lib/python3.10/site-packages/airflow/example_dags/tutorial.py took 0.183 seconds
[2023-05-19 15:19:16,683] {processor.py:153} INFO - Started process (PID=3095) to work on /Users/marianaoliveira/Downloads/alura1/venv/lib/python3.10/site-packages/airflow/example_dags/tutorial.py
[2023-05-19 15:19:16,684] {processor.py:641} INFO - Processing file /Users/marianaoliveira/Downloads/alura1/venv/lib/python3.10/site-packages/airflow/example_dags/tutorial.py for tasks to queue
[2023-05-19 15:19:16,684] {logging_mixin.py:115} INFO - [2023-05-19 15:19:16,684] {dagbag.py:507} INFO - Filling up the DagBag from /Users/marianaoliveira/Downloads/alura1/venv/lib/python3.10/site-packages/airflow/example_dags/tutorial.py
[2023-05-19 15:19:16,700] {processor.py:651} INFO - DAG(s) dict_keys(['tutorial']) retrieved from /Users/marianaoliveira/Downloads/alura1/venv/lib/python3.10/site-packages/airflow/example_dags/tutorial.py
[2023-05-19 15:19:16,771] {logging_mixin.py:115} INFO - [2023-05-19 15:19:16,770] {dag.py:2379} INFO - Sync 1 DAGs
[2023-05-19 15:19:16,787] {logging_mixin.py:115} INFO - [2023-05-19 15:19:16,787] {dag.py:2927} INFO - Setting next_dagrun for tutorial to 2023-05-18T18:19:16.787374+00:00, run_after=2023-05-19T18:19:16.787374+00:00
[2023-05-19 15:19:16,799] {processor.py:161} INFO - Processing /Users/marianaoliveira/Downloads/alura1/venv/lib/python3.10/site-packages/airflow/example_dags/tutorial.py took 0.118 seconds
[2023-05-19 15:20:18,057] {processor.py:153} INFO - Started process (PID=3124) to work on /Users/marianaoliveira/Downloads/alura1/venv/lib/python3.10/site-packages/airflow/example_dags/tutorial.py
[2023-05-19 15:20:18,058] {processor.py:641} INFO - Processing file /Users/marianaoliveira/Downloads/alura1/venv/lib/python3.10/site-packages/airflow/example_dags/tutorial.py for tasks to queue
[2023-05-19 15:20:18,059] {logging_mixin.py:115} INFO - [2023-05-19 15:20:18,059] {dagbag.py:507} INFO - Filling up the DagBag from /Users/marianaoliveira/Downloads/alura1/venv/lib/python3.10/site-packages/airflow/example_dags/tutorial.py
[2023-05-19 15:20:18,076] {processor.py:651} INFO - DAG(s) dict_keys(['tutorial']) retrieved from /Users/marianaoliveira/Downloads/alura1/venv/lib/python3.10/site-packages/airflow/example_dags/tutorial.py
[2023-05-19 15:20:18,145] {logging_mixin.py:115} INFO - [2023-05-19 15:20:18,144] {dag.py:2379} INFO - Sync 1 DAGs
[2023-05-19 15:20:18,162] {logging_mixin.py:115} INFO - [2023-05-19 15:20:18,162] {dag.py:2927} INFO - Setting next_dagrun for tutorial to 2023-05-18T18:20:18.162056+00:00, run_after=2023-05-19T18:20:18.162056+00:00
[2023-05-19 15:20:18,174] {processor.py:161} INFO - Processing /Users/marianaoliveira/Downloads/alura1/venv/lib/python3.10/site-packages/airflow/example_dags/tutorial.py took 0.118 seconds
[2023-05-19 15:21:11,900] {processor.py:153} INFO - Started process (PID=3154) to work on /Users/marianaoliveira/Downloads/alura1/venv/lib/python3.10/site-packages/airflow/example_dags/tutorial.py
[2023-05-19 15:21:11,901] {processor.py:641} INFO - Processing file /Users/marianaoliveira/Downloads/alura1/venv/lib/python3.10/site-packages/airflow/example_dags/tutorial.py for tasks to queue
[2023-05-19 15:21:11,902] {logging_mixin.py:115} INFO - [2023-05-19 15:21:11,902] {dagbag.py:507} INFO - Filling up the DagBag from /Users/marianaoliveira/Downloads/alura1/venv/lib/python3.10/site-packages/airflow/example_dags/tutorial.py
[2023-05-19 15:21:11,917] {processor.py:651} INFO - DAG(s) dict_keys(['tutorial']) retrieved from /Users/marianaoliveira/Downloads/alura1/venv/lib/python3.10/site-packages/airflow/example_dags/tutorial.py
[2023-05-19 15:21:11,991] {logging_mixin.py:115} INFO - [2023-05-19 15:21:11,990] {dag.py:2379} INFO - Sync 1 DAGs
[2023-05-19 15:21:12,009] {logging_mixin.py:115} INFO - [2023-05-19 15:21:12,009] {dag.py:2927} INFO - Setting next_dagrun for tutorial to 2023-05-18T18:21:12.008897+00:00, run_after=2023-05-19T18:21:12.008897+00:00
[2023-05-19 15:21:12,021] {processor.py:161} INFO - Processing /Users/marianaoliveira/Downloads/alura1/venv/lib/python3.10/site-packages/airflow/example_dags/tutorial.py took 0.122 seconds
[2023-05-19 15:22:01,079] {processor.py:153} INFO - Started process (PID=3180) to work on /Users/marianaoliveira/Downloads/alura1/venv/lib/python3.10/site-packages/airflow/example_dags/tutorial.py
[2023-05-19 15:22:01,079] {processor.py:641} INFO - Processing file /Users/marianaoliveira/Downloads/alura1/venv/lib/python3.10/site-packages/airflow/example_dags/tutorial.py for tasks to queue
[2023-05-19 15:22:01,080] {logging_mixin.py:115} INFO - [2023-05-19 15:22:01,080] {dagbag.py:507} INFO - Filling up the DagBag from /Users/marianaoliveira/Downloads/alura1/venv/lib/python3.10/site-packages/airflow/example_dags/tutorial.py
[2023-05-19 15:22:01,099] {processor.py:651} INFO - DAG(s) dict_keys(['tutorial']) retrieved from /Users/marianaoliveira/Downloads/alura1/venv/lib/python3.10/site-packages/airflow/example_dags/tutorial.py
[2023-05-19 15:22:01,214] {logging_mixin.py:115} INFO - [2023-05-19 15:22:01,214] {dag.py:2379} INFO - Sync 1 DAGs
[2023-05-19 15:22:01,242] {logging_mixin.py:115} INFO - [2023-05-19 15:22:01,242] {dag.py:2927} INFO - Setting next_dagrun for tutorial to 2023-05-18T18:22:01.242190+00:00, run_after=2023-05-19T18:22:01.242190+00:00
[2023-05-19 15:22:01,270] {processor.py:161} INFO - Processing /Users/marianaoliveira/Downloads/alura1/venv/lib/python3.10/site-packages/airflow/example_dags/tutorial.py took 0.192 seconds
[2023-05-19 15:22:50,733] {processor.py:153} INFO - Started process (PID=3204) to work on /Users/marianaoliveira/Downloads/alura1/venv/lib/python3.10/site-packages/airflow/example_dags/tutorial.py
[2023-05-19 15:22:50,734] {processor.py:641} INFO - Processing file /Users/marianaoliveira/Downloads/alura1/venv/lib/python3.10/site-packages/airflow/example_dags/tutorial.py for tasks to queue
[2023-05-19 15:22:50,734] {logging_mixin.py:115} INFO - [2023-05-19 15:22:50,734] {dagbag.py:507} INFO - Filling up the DagBag from /Users/marianaoliveira/Downloads/alura1/venv/lib/python3.10/site-packages/airflow/example_dags/tutorial.py
[2023-05-19 15:22:50,748] {processor.py:651} INFO - DAG(s) dict_keys(['tutorial']) retrieved from /Users/marianaoliveira/Downloads/alura1/venv/lib/python3.10/site-packages/airflow/example_dags/tutorial.py
[2023-05-19 15:22:50,817] {logging_mixin.py:115} INFO - [2023-05-19 15:22:50,816] {dag.py:2379} INFO - Sync 1 DAGs
[2023-05-19 15:22:50,833] {logging_mixin.py:115} INFO - [2023-05-19 15:22:50,833] {dag.py:2927} INFO - Setting next_dagrun for tutorial to 2023-05-18T18:22:50.833533+00:00, run_after=2023-05-19T18:22:50.833533+00:00
[2023-05-19 15:22:50,845] {processor.py:161} INFO - Processing /Users/marianaoliveira/Downloads/alura1/venv/lib/python3.10/site-packages/airflow/example_dags/tutorial.py took 0.113 seconds
[2023-05-19 15:23:37,864] {processor.py:153} INFO - Started process (PID=3232) to work on /Users/marianaoliveira/Downloads/alura1/venv/lib/python3.10/site-packages/airflow/example_dags/tutorial.py
[2023-05-19 15:23:37,864] {processor.py:641} INFO - Processing file /Users/marianaoliveira/Downloads/alura1/venv/lib/python3.10/site-packages/airflow/example_dags/tutorial.py for tasks to queue
[2023-05-19 15:23:37,865] {logging_mixin.py:115} INFO - [2023-05-19 15:23:37,864] {dagbag.py:507} INFO - Filling up the DagBag from /Users/marianaoliveira/Downloads/alura1/venv/lib/python3.10/site-packages/airflow/example_dags/tutorial.py
[2023-05-19 15:23:37,879] {processor.py:651} INFO - DAG(s) dict_keys(['tutorial']) retrieved from /Users/marianaoliveira/Downloads/alura1/venv/lib/python3.10/site-packages/airflow/example_dags/tutorial.py
[2023-05-19 15:23:37,991] {logging_mixin.py:115} INFO - [2023-05-19 15:23:37,991] {dag.py:2379} INFO - Sync 1 DAGs
[2023-05-19 15:23:38,020] {logging_mixin.py:115} INFO - [2023-05-19 15:23:38,020] {dag.py:2927} INFO - Setting next_dagrun for tutorial to 2023-05-18T18:23:38.020016+00:00, run_after=2023-05-19T18:23:38.020016+00:00
[2023-05-19 15:23:38,043] {processor.py:161} INFO - Processing /Users/marianaoliveira/Downloads/alura1/venv/lib/python3.10/site-packages/airflow/example_dags/tutorial.py took 0.180 seconds
[2023-05-19 15:24:31,994] {processor.py:153} INFO - Started process (PID=3261) to work on /Users/marianaoliveira/Downloads/alura1/venv/lib/python3.10/site-packages/airflow/example_dags/tutorial.py
[2023-05-19 15:24:31,996] {processor.py:641} INFO - Processing file /Users/marianaoliveira/Downloads/alura1/venv/lib/python3.10/site-packages/airflow/example_dags/tutorial.py for tasks to queue
[2023-05-19 15:24:31,996] {logging_mixin.py:115} INFO - [2023-05-19 15:24:31,996] {dagbag.py:507} INFO - Filling up the DagBag from /Users/marianaoliveira/Downloads/alura1/venv/lib/python3.10/site-packages/airflow/example_dags/tutorial.py
[2023-05-19 15:24:32,018] {processor.py:651} INFO - DAG(s) dict_keys(['tutorial']) retrieved from /Users/marianaoliveira/Downloads/alura1/venv/lib/python3.10/site-packages/airflow/example_dags/tutorial.py
[2023-05-19 15:24:32,109] {logging_mixin.py:115} INFO - [2023-05-19 15:24:32,109] {dag.py:2379} INFO - Sync 1 DAGs
[2023-05-19 15:24:32,127] {logging_mixin.py:115} INFO - [2023-05-19 15:24:32,127] {dag.py:2927} INFO - Setting next_dagrun for tutorial to 2023-05-18T18:24:32.127160+00:00, run_after=2023-05-19T18:24:32.127160+00:00
[2023-05-19 15:24:32,139] {processor.py:161} INFO - Processing /Users/marianaoliveira/Downloads/alura1/venv/lib/python3.10/site-packages/airflow/example_dags/tutorial.py took 0.146 seconds
[2023-05-19 15:25:59,053] {processor.py:153} INFO - Started process (PID=3323) to work on /Users/marianaoliveira/Downloads/alura1/venv/lib/python3.10/site-packages/airflow/example_dags/tutorial.py
[2023-05-19 15:25:59,054] {processor.py:641} INFO - Processing file /Users/marianaoliveira/Downloads/alura1/venv/lib/python3.10/site-packages/airflow/example_dags/tutorial.py for tasks to queue
[2023-05-19 15:25:59,054] {logging_mixin.py:115} INFO - [2023-05-19 15:25:59,054] {dagbag.py:507} INFO - Filling up the DagBag from /Users/marianaoliveira/Downloads/alura1/venv/lib/python3.10/site-packages/airflow/example_dags/tutorial.py
[2023-05-19 15:25:59,069] {processor.py:651} INFO - DAG(s) dict_keys(['tutorial']) retrieved from /Users/marianaoliveira/Downloads/alura1/venv/lib/python3.10/site-packages/airflow/example_dags/tutorial.py
[2023-05-19 15:25:59,139] {logging_mixin.py:115} INFO - [2023-05-19 15:25:59,139] {dag.py:2379} INFO - Sync 1 DAGs
[2023-05-19 15:25:59,156] {logging_mixin.py:115} INFO - [2023-05-19 15:25:59,156] {dag.py:2927} INFO - Setting next_dagrun for tutorial to 2023-05-18T18:25:59.156537+00:00, run_after=2023-05-19T18:25:59.156537+00:00
[2023-05-19 15:25:59,169] {processor.py:161} INFO - Processing /Users/marianaoliveira/Downloads/alura1/venv/lib/python3.10/site-packages/airflow/example_dags/tutorial.py took 0.116 seconds
[2023-05-19 15:27:17,284] {processor.py:153} INFO - Started process (PID=3366) to work on /Users/marianaoliveira/Downloads/alura1/venv/lib/python3.10/site-packages/airflow/example_dags/tutorial.py
[2023-05-19 15:27:17,285] {processor.py:641} INFO - Processing file /Users/marianaoliveira/Downloads/alura1/venv/lib/python3.10/site-packages/airflow/example_dags/tutorial.py for tasks to queue
[2023-05-19 15:27:17,286] {logging_mixin.py:115} INFO - [2023-05-19 15:27:17,285] {dagbag.py:507} INFO - Filling up the DagBag from /Users/marianaoliveira/Downloads/alura1/venv/lib/python3.10/site-packages/airflow/example_dags/tutorial.py
[2023-05-19 15:27:17,324] {processor.py:651} INFO - DAG(s) dict_keys(['tutorial']) retrieved from /Users/marianaoliveira/Downloads/alura1/venv/lib/python3.10/site-packages/airflow/example_dags/tutorial.py
[2023-05-19 15:27:17,824] {logging_mixin.py:115} INFO - [2023-05-19 15:27:17,824] {dag.py:2379} INFO - Sync 1 DAGs
[2023-05-19 15:27:17,862] {logging_mixin.py:115} INFO - [2023-05-19 15:27:17,862] {dag.py:2927} INFO - Setting next_dagrun for tutorial to 2023-05-18T18:27:17.862607+00:00, run_after=2023-05-19T18:27:17.862607+00:00
[2023-05-19 15:27:17,896] {processor.py:161} INFO - Processing /Users/marianaoliveira/Downloads/alura1/venv/lib/python3.10/site-packages/airflow/example_dags/tutorial.py took 0.613 seconds
[2023-05-19 15:28:21,462] {processor.py:153} INFO - Started process (PID=3409) to work on /Users/marianaoliveira/Downloads/alura1/venv/lib/python3.10/site-packages/airflow/example_dags/tutorial.py
[2023-05-19 15:28:21,462] {processor.py:641} INFO - Processing file /Users/marianaoliveira/Downloads/alura1/venv/lib/python3.10/site-packages/airflow/example_dags/tutorial.py for tasks to queue
[2023-05-19 15:28:21,463] {logging_mixin.py:115} INFO - [2023-05-19 15:28:21,463] {dagbag.py:507} INFO - Filling up the DagBag from /Users/marianaoliveira/Downloads/alura1/venv/lib/python3.10/site-packages/airflow/example_dags/tutorial.py
[2023-05-19 15:28:21,485] {processor.py:651} INFO - DAG(s) dict_keys(['tutorial']) retrieved from /Users/marianaoliveira/Downloads/alura1/venv/lib/python3.10/site-packages/airflow/example_dags/tutorial.py
[2023-05-19 15:28:21,588] {logging_mixin.py:115} INFO - [2023-05-19 15:28:21,588] {dag.py:2379} INFO - Sync 1 DAGs
[2023-05-19 15:28:21,612] {logging_mixin.py:115} INFO - [2023-05-19 15:28:21,612] {dag.py:2927} INFO - Setting next_dagrun for tutorial to 2023-05-18T18:28:21.611830+00:00, run_after=2023-05-19T18:28:21.611830+00:00
[2023-05-19 15:28:21,638] {processor.py:161} INFO - Processing /Users/marianaoliveira/Downloads/alura1/venv/lib/python3.10/site-packages/airflow/example_dags/tutorial.py took 0.178 seconds
[2023-05-19 15:29:30,190] {processor.py:153} INFO - Started process (PID=3444) to work on /Users/marianaoliveira/Downloads/alura1/venv/lib/python3.10/site-packages/airflow/example_dags/tutorial.py
[2023-05-19 15:29:30,190] {processor.py:641} INFO - Processing file /Users/marianaoliveira/Downloads/alura1/venv/lib/python3.10/site-packages/airflow/example_dags/tutorial.py for tasks to queue
[2023-05-19 15:29:30,191] {logging_mixin.py:115} INFO - [2023-05-19 15:29:30,191] {dagbag.py:507} INFO - Filling up the DagBag from /Users/marianaoliveira/Downloads/alura1/venv/lib/python3.10/site-packages/airflow/example_dags/tutorial.py
[2023-05-19 15:29:30,213] {processor.py:651} INFO - DAG(s) dict_keys(['tutorial']) retrieved from /Users/marianaoliveira/Downloads/alura1/venv/lib/python3.10/site-packages/airflow/example_dags/tutorial.py
[2023-05-19 15:29:30,322] {logging_mixin.py:115} INFO - [2023-05-19 15:29:30,322] {dag.py:2379} INFO - Sync 1 DAGs
[2023-05-19 15:29:30,350] {logging_mixin.py:115} INFO - [2023-05-19 15:29:30,349] {dag.py:2927} INFO - Setting next_dagrun for tutorial to 2023-05-18T18:29:30.349602+00:00, run_after=2023-05-19T18:29:30.349602+00:00
[2023-05-19 15:29:30,369] {processor.py:161} INFO - Processing /Users/marianaoliveira/Downloads/alura1/venv/lib/python3.10/site-packages/airflow/example_dags/tutorial.py took 0.180 seconds
[2023-05-19 15:30:39,374] {processor.py:153} INFO - Started process (PID=3492) to work on /Users/marianaoliveira/Downloads/alura1/venv/lib/python3.10/site-packages/airflow/example_dags/tutorial.py
[2023-05-19 15:30:39,374] {processor.py:641} INFO - Processing file /Users/marianaoliveira/Downloads/alura1/venv/lib/python3.10/site-packages/airflow/example_dags/tutorial.py for tasks to queue
[2023-05-19 15:30:39,375] {logging_mixin.py:115} INFO - [2023-05-19 15:30:39,375] {dagbag.py:507} INFO - Filling up the DagBag from /Users/marianaoliveira/Downloads/alura1/venv/lib/python3.10/site-packages/airflow/example_dags/tutorial.py
[2023-05-19 15:30:39,401] {processor.py:651} INFO - DAG(s) dict_keys(['tutorial']) retrieved from /Users/marianaoliveira/Downloads/alura1/venv/lib/python3.10/site-packages/airflow/example_dags/tutorial.py
[2023-05-19 15:30:39,536] {logging_mixin.py:115} INFO - [2023-05-19 15:30:39,536] {dag.py:2379} INFO - Sync 1 DAGs
[2023-05-19 15:30:39,566] {logging_mixin.py:115} INFO - [2023-05-19 15:30:39,566] {dag.py:2927} INFO - Setting next_dagrun for tutorial to 2023-05-18T18:30:39.562292+00:00, run_after=2023-05-19T18:30:39.562292+00:00
[2023-05-19 15:30:39,587] {processor.py:161} INFO - Processing /Users/marianaoliveira/Downloads/alura1/venv/lib/python3.10/site-packages/airflow/example_dags/tutorial.py took 0.215 seconds
[2023-05-19 16:28:51,512] {processor.py:153} INFO - Started process (PID=6048) to work on /Users/marianaoliveira/Downloads/alura1/venv/lib/python3.10/site-packages/airflow/example_dags/tutorial.py
[2023-05-19 16:28:51,514] {processor.py:641} INFO - Processing file /Users/marianaoliveira/Downloads/alura1/venv/lib/python3.10/site-packages/airflow/example_dags/tutorial.py for tasks to queue
[2023-05-19 16:28:51,515] {logging_mixin.py:115} INFO - [2023-05-19 16:28:51,515] {dagbag.py:507} INFO - Filling up the DagBag from /Users/marianaoliveira/Downloads/alura1/venv/lib/python3.10/site-packages/airflow/example_dags/tutorial.py
[2023-05-19 16:28:51,538] {processor.py:651} INFO - DAG(s) dict_keys(['tutorial']) retrieved from /Users/marianaoliveira/Downloads/alura1/venv/lib/python3.10/site-packages/airflow/example_dags/tutorial.py
[2023-05-19 16:28:51,649] {logging_mixin.py:115} INFO - [2023-05-19 16:28:51,649] {dag.py:2379} INFO - Sync 1 DAGs
[2023-05-19 16:28:51,676] {logging_mixin.py:115} INFO - [2023-05-19 16:28:51,676] {dag.py:2927} INFO - Setting next_dagrun for tutorial to 2023-05-18T19:28:51.675926+00:00, run_after=2023-05-19T19:28:51.675926+00:00
[2023-05-19 16:28:51,695] {processor.py:161} INFO - Processing /Users/marianaoliveira/Downloads/alura1/venv/lib/python3.10/site-packages/airflow/example_dags/tutorial.py took 0.184 seconds
[2023-05-19 16:30:55,645] {processor.py:153} INFO - Started process (PID=6110) to work on /Users/marianaoliveira/Downloads/alura1/venv/lib/python3.10/site-packages/airflow/example_dags/tutorial.py
[2023-05-19 16:30:55,646] {processor.py:641} INFO - Processing file /Users/marianaoliveira/Downloads/alura1/venv/lib/python3.10/site-packages/airflow/example_dags/tutorial.py for tasks to queue
[2023-05-19 16:30:55,647] {logging_mixin.py:115} INFO - [2023-05-19 16:30:55,647] {dagbag.py:507} INFO - Filling up the DagBag from /Users/marianaoliveira/Downloads/alura1/venv/lib/python3.10/site-packages/airflow/example_dags/tutorial.py
[2023-05-19 16:30:55,672] {processor.py:651} INFO - DAG(s) dict_keys(['tutorial']) retrieved from /Users/marianaoliveira/Downloads/alura1/venv/lib/python3.10/site-packages/airflow/example_dags/tutorial.py
[2023-05-19 16:30:55,785] {logging_mixin.py:115} INFO - [2023-05-19 16:30:55,785] {dag.py:2379} INFO - Sync 1 DAGs
[2023-05-19 16:30:55,814] {logging_mixin.py:115} INFO - [2023-05-19 16:30:55,814] {dag.py:2927} INFO - Setting next_dagrun for tutorial to 2023-05-18T19:30:55.813927+00:00, run_after=2023-05-19T19:30:55.813927+00:00
[2023-05-19 16:30:55,833] {processor.py:161} INFO - Processing /Users/marianaoliveira/Downloads/alura1/venv/lib/python3.10/site-packages/airflow/example_dags/tutorial.py took 0.190 seconds
[2023-05-19 16:32:58,685] {processor.py:153} INFO - Started process (PID=6189) to work on /Users/marianaoliveira/Downloads/alura1/venv/lib/python3.10/site-packages/airflow/example_dags/tutorial.py
[2023-05-19 16:32:58,697] {processor.py:641} INFO - Processing file /Users/marianaoliveira/Downloads/alura1/venv/lib/python3.10/site-packages/airflow/example_dags/tutorial.py for tasks to queue
[2023-05-19 16:32:58,698] {logging_mixin.py:115} INFO - [2023-05-19 16:32:58,698] {dagbag.py:507} INFO - Filling up the DagBag from /Users/marianaoliveira/Downloads/alura1/venv/lib/python3.10/site-packages/airflow/example_dags/tutorial.py
[2023-05-19 16:32:58,779] {processor.py:651} INFO - DAG(s) dict_keys(['tutorial']) retrieved from /Users/marianaoliveira/Downloads/alura1/venv/lib/python3.10/site-packages/airflow/example_dags/tutorial.py
[2023-05-19 16:32:59,098] {logging_mixin.py:115} INFO - [2023-05-19 16:32:59,098] {dag.py:2379} INFO - Sync 1 DAGs
[2023-05-19 16:32:59,219] {logging_mixin.py:115} INFO - [2023-05-19 16:32:59,218] {dag.py:2927} INFO - Setting next_dagrun for tutorial to 2023-05-18T19:32:59.214356+00:00, run_after=2023-05-19T19:32:59.214356+00:00
[2023-05-19 16:32:59,283] {processor.py:161} INFO - Processing /Users/marianaoliveira/Downloads/alura1/venv/lib/python3.10/site-packages/airflow/example_dags/tutorial.py took 0.599 seconds
[2023-05-19 16:35:59,920] {processor.py:153} INFO - Started process (PID=6293) to work on /Users/marianaoliveira/Downloads/alura1/venv/lib/python3.10/site-packages/airflow/example_dags/tutorial.py
[2023-05-19 16:35:59,922] {processor.py:641} INFO - Processing file /Users/marianaoliveira/Downloads/alura1/venv/lib/python3.10/site-packages/airflow/example_dags/tutorial.py for tasks to queue
[2023-05-19 16:35:59,922] {logging_mixin.py:115} INFO - [2023-05-19 16:35:59,922] {dagbag.py:507} INFO - Filling up the DagBag from /Users/marianaoliveira/Downloads/alura1/venv/lib/python3.10/site-packages/airflow/example_dags/tutorial.py
[2023-05-19 16:35:59,960] {processor.py:651} INFO - DAG(s) dict_keys(['tutorial']) retrieved from /Users/marianaoliveira/Downloads/alura1/venv/lib/python3.10/site-packages/airflow/example_dags/tutorial.py
[2023-05-19 16:36:00,146] {logging_mixin.py:115} INFO - [2023-05-19 16:36:00,146] {dag.py:2379} INFO - Sync 1 DAGs
[2023-05-19 16:36:00,169] {logging_mixin.py:115} INFO - [2023-05-19 16:36:00,168] {dag.py:2927} INFO - Setting next_dagrun for tutorial to 2023-05-18T19:36:00.168570+00:00, run_after=2023-05-19T19:36:00.168570+00:00
[2023-05-19 16:36:00,184] {processor.py:161} INFO - Processing /Users/marianaoliveira/Downloads/alura1/venv/lib/python3.10/site-packages/airflow/example_dags/tutorial.py took 0.267 seconds
[2023-05-19 16:37:37,343] {processor.py:153} INFO - Started process (PID=6334) to work on /Users/marianaoliveira/Downloads/alura1/venv/lib/python3.10/site-packages/airflow/example_dags/tutorial.py
[2023-05-19 16:37:37,351] {processor.py:641} INFO - Processing file /Users/marianaoliveira/Downloads/alura1/venv/lib/python3.10/site-packages/airflow/example_dags/tutorial.py for tasks to queue
[2023-05-19 16:37:37,352] {logging_mixin.py:115} INFO - [2023-05-19 16:37:37,351] {dagbag.py:507} INFO - Filling up the DagBag from /Users/marianaoliveira/Downloads/alura1/venv/lib/python3.10/site-packages/airflow/example_dags/tutorial.py
[2023-05-19 16:37:37,444] {processor.py:651} INFO - DAG(s) dict_keys(['tutorial']) retrieved from /Users/marianaoliveira/Downloads/alura1/venv/lib/python3.10/site-packages/airflow/example_dags/tutorial.py
[2023-05-19 16:37:37,732] {logging_mixin.py:115} INFO - [2023-05-19 16:37:37,730] {dag.py:2379} INFO - Sync 1 DAGs
[2023-05-19 16:37:37,893] {logging_mixin.py:115} INFO - [2023-05-19 16:37:37,892] {dag.py:2927} INFO - Setting next_dagrun for tutorial to 2023-05-18T19:37:37.892630+00:00, run_after=2023-05-19T19:37:37.892630+00:00
[2023-05-19 16:37:37,928] {processor.py:161} INFO - Processing /Users/marianaoliveira/Downloads/alura1/venv/lib/python3.10/site-packages/airflow/example_dags/tutorial.py took 0.594 seconds
[2023-05-19 16:41:00,131] {processor.py:153} INFO - Started process (PID=6500) to work on /Users/marianaoliveira/Downloads/alura1/venv/lib/python3.10/site-packages/airflow/example_dags/tutorial.py
[2023-05-19 16:41:00,133] {processor.py:641} INFO - Processing file /Users/marianaoliveira/Downloads/alura1/venv/lib/python3.10/site-packages/airflow/example_dags/tutorial.py for tasks to queue
[2023-05-19 16:41:00,133] {logging_mixin.py:115} INFO - [2023-05-19 16:41:00,133] {dagbag.py:507} INFO - Filling up the DagBag from /Users/marianaoliveira/Downloads/alura1/venv/lib/python3.10/site-packages/airflow/example_dags/tutorial.py
[2023-05-19 16:41:00,163] {processor.py:651} INFO - DAG(s) dict_keys(['tutorial']) retrieved from /Users/marianaoliveira/Downloads/alura1/venv/lib/python3.10/site-packages/airflow/example_dags/tutorial.py
[2023-05-19 16:41:00,321] {logging_mixin.py:115} INFO - [2023-05-19 16:41:00,321] {dag.py:2379} INFO - Sync 1 DAGs
[2023-05-19 16:41:00,386] {logging_mixin.py:115} INFO - [2023-05-19 16:41:00,386] {dag.py:2927} INFO - Setting next_dagrun for tutorial to 2023-05-18T19:41:00.386470+00:00, run_after=2023-05-19T19:41:00.386470+00:00
[2023-05-19 16:41:00,408] {processor.py:161} INFO - Processing /Users/marianaoliveira/Downloads/alura1/venv/lib/python3.10/site-packages/airflow/example_dags/tutorial.py took 0.279 seconds
[2023-05-19 16:50:32,037] {processor.py:153} INFO - Started process (PID=6684) to work on /Users/marianaoliveira/Downloads/alura1/venv/lib/python3.10/site-packages/airflow/example_dags/tutorial.py
[2023-05-19 16:50:32,038] {processor.py:641} INFO - Processing file /Users/marianaoliveira/Downloads/alura1/venv/lib/python3.10/site-packages/airflow/example_dags/tutorial.py for tasks to queue
[2023-05-19 16:50:32,039] {logging_mixin.py:115} INFO - [2023-05-19 16:50:32,039] {dagbag.py:507} INFO - Filling up the DagBag from /Users/marianaoliveira/Downloads/alura1/venv/lib/python3.10/site-packages/airflow/example_dags/tutorial.py
[2023-05-19 16:50:32,120] {processor.py:651} INFO - DAG(s) dict_keys(['tutorial']) retrieved from /Users/marianaoliveira/Downloads/alura1/venv/lib/python3.10/site-packages/airflow/example_dags/tutorial.py
[2023-05-19 16:50:32,455] {logging_mixin.py:115} INFO - [2023-05-19 16:50:32,455] {dag.py:2379} INFO - Sync 1 DAGs
[2023-05-19 16:50:32,508] {logging_mixin.py:115} INFO - [2023-05-19 16:50:32,507] {dag.py:2927} INFO - Setting next_dagrun for tutorial to 2023-05-18T19:50:32.507610+00:00, run_after=2023-05-19T19:50:32.507610+00:00
[2023-05-19 16:50:32,539] {processor.py:161} INFO - Processing /Users/marianaoliveira/Downloads/alura1/venv/lib/python3.10/site-packages/airflow/example_dags/tutorial.py took 0.503 seconds
[2023-05-19 16:53:27,065] {processor.py:153} INFO - Started process (PID=6834) to work on /Users/marianaoliveira/Downloads/alura1/venv/lib/python3.10/site-packages/airflow/example_dags/tutorial.py
[2023-05-19 16:53:27,069] {processor.py:641} INFO - Processing file /Users/marianaoliveira/Downloads/alura1/venv/lib/python3.10/site-packages/airflow/example_dags/tutorial.py for tasks to queue
[2023-05-19 16:53:27,071] {logging_mixin.py:115} INFO - [2023-05-19 16:53:27,071] {dagbag.py:507} INFO - Filling up the DagBag from /Users/marianaoliveira/Downloads/alura1/venv/lib/python3.10/site-packages/airflow/example_dags/tutorial.py
[2023-05-19 16:53:27,102] {processor.py:651} INFO - DAG(s) dict_keys(['tutorial']) retrieved from /Users/marianaoliveira/Downloads/alura1/venv/lib/python3.10/site-packages/airflow/example_dags/tutorial.py
[2023-05-19 16:53:27,287] {logging_mixin.py:115} INFO - [2023-05-19 16:53:27,287] {dag.py:2379} INFO - Sync 1 DAGs
[2023-05-19 16:53:27,443] {logging_mixin.py:115} INFO - [2023-05-19 16:53:27,443] {dag.py:2927} INFO - Setting next_dagrun for tutorial to 2023-05-18T19:53:27.442036+00:00, run_after=2023-05-19T19:53:27.442036+00:00
[2023-05-19 16:53:27,497] {processor.py:161} INFO - Processing /Users/marianaoliveira/Downloads/alura1/venv/lib/python3.10/site-packages/airflow/example_dags/tutorial.py took 0.436 seconds
[2023-05-19 16:56:20,152] {processor.py:153} INFO - Started process (PID=7012) to work on /Users/marianaoliveira/Downloads/alura1/venv/lib/python3.10/site-packages/airflow/example_dags/tutorial.py
[2023-05-19 16:56:20,154] {processor.py:641} INFO - Processing file /Users/marianaoliveira/Downloads/alura1/venv/lib/python3.10/site-packages/airflow/example_dags/tutorial.py for tasks to queue
[2023-05-19 16:56:20,154] {logging_mixin.py:115} INFO - [2023-05-19 16:56:20,154] {dagbag.py:507} INFO - Filling up the DagBag from /Users/marianaoliveira/Downloads/alura1/venv/lib/python3.10/site-packages/airflow/example_dags/tutorial.py
[2023-05-19 16:56:20,176] {processor.py:651} INFO - DAG(s) dict_keys(['tutorial']) retrieved from /Users/marianaoliveira/Downloads/alura1/venv/lib/python3.10/site-packages/airflow/example_dags/tutorial.py
[2023-05-19 16:56:20,305] {logging_mixin.py:115} INFO - [2023-05-19 16:56:20,305] {dag.py:2379} INFO - Sync 1 DAGs
[2023-05-19 16:56:20,364] {logging_mixin.py:115} INFO - [2023-05-19 16:56:20,364] {dag.py:2927} INFO - Setting next_dagrun for tutorial to 2023-05-18T19:56:20.364579+00:00, run_after=2023-05-19T19:56:20.364579+00:00
[2023-05-19 16:56:20,390] {processor.py:161} INFO - Processing /Users/marianaoliveira/Downloads/alura1/venv/lib/python3.10/site-packages/airflow/example_dags/tutorial.py took 0.238 seconds
[2023-05-19 16:57:48,195] {processor.py:153} INFO - Started process (PID=7043) to work on /Users/marianaoliveira/Downloads/alura1/venv/lib/python3.10/site-packages/airflow/example_dags/tutorial.py
[2023-05-19 16:57:48,197] {processor.py:641} INFO - Processing file /Users/marianaoliveira/Downloads/alura1/venv/lib/python3.10/site-packages/airflow/example_dags/tutorial.py for tasks to queue
[2023-05-19 16:57:48,197] {logging_mixin.py:115} INFO - [2023-05-19 16:57:48,197] {dagbag.py:507} INFO - Filling up the DagBag from /Users/marianaoliveira/Downloads/alura1/venv/lib/python3.10/site-packages/airflow/example_dags/tutorial.py
[2023-05-19 16:57:48,222] {processor.py:651} INFO - DAG(s) dict_keys(['tutorial']) retrieved from /Users/marianaoliveira/Downloads/alura1/venv/lib/python3.10/site-packages/airflow/example_dags/tutorial.py
[2023-05-19 16:57:48,331] {logging_mixin.py:115} INFO - [2023-05-19 16:57:48,331] {dag.py:2379} INFO - Sync 1 DAGs
[2023-05-19 16:57:48,357] {logging_mixin.py:115} INFO - [2023-05-19 16:57:48,357] {dag.py:2927} INFO - Setting next_dagrun for tutorial to 2023-05-18T19:57:48.357226+00:00, run_after=2023-05-19T19:57:48.357226+00:00
[2023-05-19 16:57:48,376] {processor.py:161} INFO - Processing /Users/marianaoliveira/Downloads/alura1/venv/lib/python3.10/site-packages/airflow/example_dags/tutorial.py took 0.183 seconds
[2023-05-19 16:59:24,664] {processor.py:153} INFO - Started process (PID=7089) to work on /Users/marianaoliveira/Downloads/alura1/venv/lib/python3.10/site-packages/airflow/example_dags/tutorial.py
[2023-05-19 16:59:24,668] {processor.py:641} INFO - Processing file /Users/marianaoliveira/Downloads/alura1/venv/lib/python3.10/site-packages/airflow/example_dags/tutorial.py for tasks to queue
[2023-05-19 16:59:24,668] {logging_mixin.py:115} INFO - [2023-05-19 16:59:24,668] {dagbag.py:507} INFO - Filling up the DagBag from /Users/marianaoliveira/Downloads/alura1/venv/lib/python3.10/site-packages/airflow/example_dags/tutorial.py
[2023-05-19 16:59:24,704] {processor.py:651} INFO - DAG(s) dict_keys(['tutorial']) retrieved from /Users/marianaoliveira/Downloads/alura1/venv/lib/python3.10/site-packages/airflow/example_dags/tutorial.py
[2023-05-19 16:59:24,923] {logging_mixin.py:115} INFO - [2023-05-19 16:59:24,922] {dag.py:2379} INFO - Sync 1 DAGs
[2023-05-19 16:59:24,980] {logging_mixin.py:115} INFO - [2023-05-19 16:59:24,980] {dag.py:2927} INFO - Setting next_dagrun for tutorial to 2023-05-18T19:59:24.980308+00:00, run_after=2023-05-19T19:59:24.980308+00:00
[2023-05-19 16:59:25,007] {processor.py:161} INFO - Processing /Users/marianaoliveira/Downloads/alura1/venv/lib/python3.10/site-packages/airflow/example_dags/tutorial.py took 0.345 seconds
[2023-05-19 17:00:56,210] {processor.py:153} INFO - Started process (PID=7133) to work on /Users/marianaoliveira/Downloads/alura1/venv/lib/python3.10/site-packages/airflow/example_dags/tutorial.py
[2023-05-19 17:00:56,215] {processor.py:641} INFO - Processing file /Users/marianaoliveira/Downloads/alura1/venv/lib/python3.10/site-packages/airflow/example_dags/tutorial.py for tasks to queue
[2023-05-19 17:00:56,216] {logging_mixin.py:115} INFO - [2023-05-19 17:00:56,216] {dagbag.py:507} INFO - Filling up the DagBag from /Users/marianaoliveira/Downloads/alura1/venv/lib/python3.10/site-packages/airflow/example_dags/tutorial.py
[2023-05-19 17:00:56,258] {processor.py:651} INFO - DAG(s) dict_keys(['tutorial']) retrieved from /Users/marianaoliveira/Downloads/alura1/venv/lib/python3.10/site-packages/airflow/example_dags/tutorial.py
[2023-05-19 17:00:56,426] {logging_mixin.py:115} INFO - [2023-05-19 17:00:56,425] {dag.py:2379} INFO - Sync 1 DAGs
[2023-05-19 17:00:56,474] {logging_mixin.py:115} INFO - [2023-05-19 17:00:56,474] {dag.py:2927} INFO - Setting next_dagrun for tutorial to 2023-05-18T20:00:56.474308+00:00, run_after=2023-05-19T20:00:56.474308+00:00
[2023-05-19 17:00:56,502] {processor.py:161} INFO - Processing /Users/marianaoliveira/Downloads/alura1/venv/lib/python3.10/site-packages/airflow/example_dags/tutorial.py took 0.294 seconds
[2023-05-19 17:02:29,561] {processor.py:153} INFO - Started process (PID=7185) to work on /Users/marianaoliveira/Downloads/alura1/venv/lib/python3.10/site-packages/airflow/example_dags/tutorial.py
[2023-05-19 17:02:29,563] {processor.py:641} INFO - Processing file /Users/marianaoliveira/Downloads/alura1/venv/lib/python3.10/site-packages/airflow/example_dags/tutorial.py for tasks to queue
[2023-05-19 17:02:29,563] {logging_mixin.py:115} INFO - [2023-05-19 17:02:29,563] {dagbag.py:507} INFO - Filling up the DagBag from /Users/marianaoliveira/Downloads/alura1/venv/lib/python3.10/site-packages/airflow/example_dags/tutorial.py
[2023-05-19 17:02:29,591] {processor.py:651} INFO - DAG(s) dict_keys(['tutorial']) retrieved from /Users/marianaoliveira/Downloads/alura1/venv/lib/python3.10/site-packages/airflow/example_dags/tutorial.py
[2023-05-19 17:02:29,892] {logging_mixin.py:115} INFO - [2023-05-19 17:02:29,892] {dag.py:2379} INFO - Sync 1 DAGs
[2023-05-19 17:02:29,924] {logging_mixin.py:115} INFO - [2023-05-19 17:02:29,924] {dag.py:2927} INFO - Setting next_dagrun for tutorial to 2023-05-18T20:02:29.924589+00:00, run_after=2023-05-19T20:02:29.924589+00:00
[2023-05-19 17:02:29,955] {processor.py:161} INFO - Processing /Users/marianaoliveira/Downloads/alura1/venv/lib/python3.10/site-packages/airflow/example_dags/tutorial.py took 0.395 seconds
[2023-05-19 17:06:04,045] {processor.py:153} INFO - Started process (PID=7386) to work on /Users/marianaoliveira/Downloads/alura1/venv/lib/python3.10/site-packages/airflow/example_dags/tutorial.py
[2023-05-19 17:06:04,047] {processor.py:641} INFO - Processing file /Users/marianaoliveira/Downloads/alura1/venv/lib/python3.10/site-packages/airflow/example_dags/tutorial.py for tasks to queue
[2023-05-19 17:06:04,047] {logging_mixin.py:115} INFO - [2023-05-19 17:06:04,047] {dagbag.py:507} INFO - Filling up the DagBag from /Users/marianaoliveira/Downloads/alura1/venv/lib/python3.10/site-packages/airflow/example_dags/tutorial.py
[2023-05-19 17:06:04,095] {processor.py:651} INFO - DAG(s) dict_keys(['tutorial']) retrieved from /Users/marianaoliveira/Downloads/alura1/venv/lib/python3.10/site-packages/airflow/example_dags/tutorial.py
[2023-05-19 17:06:04,246] {logging_mixin.py:115} INFO - [2023-05-19 17:06:04,245] {dag.py:2379} INFO - Sync 1 DAGs
[2023-05-19 17:06:04,268] {logging_mixin.py:115} INFO - [2023-05-19 17:06:04,268] {dag.py:2927} INFO - Setting next_dagrun for tutorial to 2023-05-18T20:06:04.267763+00:00, run_after=2023-05-19T20:06:04.267763+00:00
[2023-05-19 17:06:04,289] {processor.py:161} INFO - Processing /Users/marianaoliveira/Downloads/alura1/venv/lib/python3.10/site-packages/airflow/example_dags/tutorial.py took 0.245 seconds
[2023-05-19 17:29:53,010] {processor.py:153} INFO - Started process (PID=7730) to work on /Users/marianaoliveira/Downloads/alura1/venv/lib/python3.10/site-packages/airflow/example_dags/tutorial.py
[2023-05-19 17:29:53,011] {processor.py:641} INFO - Processing file /Users/marianaoliveira/Downloads/alura1/venv/lib/python3.10/site-packages/airflow/example_dags/tutorial.py for tasks to queue
[2023-05-19 17:29:53,012] {logging_mixin.py:115} INFO - [2023-05-19 17:29:53,012] {dagbag.py:507} INFO - Filling up the DagBag from /Users/marianaoliveira/Downloads/alura1/venv/lib/python3.10/site-packages/airflow/example_dags/tutorial.py
[2023-05-19 17:29:53,062] {processor.py:651} INFO - DAG(s) dict_keys(['tutorial']) retrieved from /Users/marianaoliveira/Downloads/alura1/venv/lib/python3.10/site-packages/airflow/example_dags/tutorial.py
[2023-05-19 17:29:53,259] {logging_mixin.py:115} INFO - [2023-05-19 17:29:53,258] {dag.py:2379} INFO - Sync 1 DAGs
[2023-05-19 17:29:53,313] {logging_mixin.py:115} INFO - [2023-05-19 17:29:53,313] {dag.py:2927} INFO - Setting next_dagrun for tutorial to 2023-05-18T20:29:53.311404+00:00, run_after=2023-05-19T20:29:53.311404+00:00
[2023-05-19 17:29:53,347] {processor.py:161} INFO - Processing /Users/marianaoliveira/Downloads/alura1/venv/lib/python3.10/site-packages/airflow/example_dags/tutorial.py took 0.339 seconds
[2023-05-19 17:32:11,665] {processor.py:153} INFO - Started process (PID=7787) to work on /Users/marianaoliveira/Downloads/alura1/venv/lib/python3.10/site-packages/airflow/example_dags/tutorial.py
[2023-05-19 17:32:11,667] {processor.py:641} INFO - Processing file /Users/marianaoliveira/Downloads/alura1/venv/lib/python3.10/site-packages/airflow/example_dags/tutorial.py for tasks to queue
[2023-05-19 17:32:11,668] {logging_mixin.py:115} INFO - [2023-05-19 17:32:11,668] {dagbag.py:507} INFO - Filling up the DagBag from /Users/marianaoliveira/Downloads/alura1/venv/lib/python3.10/site-packages/airflow/example_dags/tutorial.py
[2023-05-19 17:32:11,756] {processor.py:651} INFO - DAG(s) dict_keys(['tutorial']) retrieved from /Users/marianaoliveira/Downloads/alura1/venv/lib/python3.10/site-packages/airflow/example_dags/tutorial.py
[2023-05-19 17:32:12,135] {logging_mixin.py:115} INFO - [2023-05-19 17:32:12,134] {dag.py:2379} INFO - Sync 1 DAGs
[2023-05-19 17:32:12,209] {logging_mixin.py:115} INFO - [2023-05-19 17:32:12,209] {dag.py:2927} INFO - Setting next_dagrun for tutorial to 2023-05-18T20:32:12.208797+00:00, run_after=2023-05-19T20:32:12.208797+00:00
[2023-05-19 17:32:12,235] {processor.py:161} INFO - Processing /Users/marianaoliveira/Downloads/alura1/venv/lib/python3.10/site-packages/airflow/example_dags/tutorial.py took 0.571 seconds
[2023-05-19 17:34:51,883] {processor.py:153} INFO - Started process (PID=7855) to work on /Users/marianaoliveira/Downloads/alura1/venv/lib/python3.10/site-packages/airflow/example_dags/tutorial.py
[2023-05-19 17:34:51,894] {processor.py:641} INFO - Processing file /Users/marianaoliveira/Downloads/alura1/venv/lib/python3.10/site-packages/airflow/example_dags/tutorial.py for tasks to queue
[2023-05-19 17:34:51,895] {logging_mixin.py:115} INFO - [2023-05-19 17:34:51,895] {dagbag.py:507} INFO - Filling up the DagBag from /Users/marianaoliveira/Downloads/alura1/venv/lib/python3.10/site-packages/airflow/example_dags/tutorial.py
[2023-05-19 17:34:51,989] {processor.py:651} INFO - DAG(s) dict_keys(['tutorial']) retrieved from /Users/marianaoliveira/Downloads/alura1/venv/lib/python3.10/site-packages/airflow/example_dags/tutorial.py
[2023-05-19 17:34:52,188] {logging_mixin.py:115} INFO - [2023-05-19 17:34:52,188] {dag.py:2379} INFO - Sync 1 DAGs
[2023-05-19 17:34:52,216] {logging_mixin.py:115} INFO - [2023-05-19 17:34:52,216] {dag.py:2927} INFO - Setting next_dagrun for tutorial to 2023-05-18T20:34:52.215830+00:00, run_after=2023-05-19T20:34:52.215830+00:00
[2023-05-19 17:34:52,243] {processor.py:161} INFO - Processing /Users/marianaoliveira/Downloads/alura1/venv/lib/python3.10/site-packages/airflow/example_dags/tutorial.py took 0.362 seconds
[2023-05-19 17:37:14,759] {processor.py:153} INFO - Started process (PID=7908) to work on /Users/marianaoliveira/Downloads/alura1/venv/lib/python3.10/site-packages/airflow/example_dags/tutorial.py
[2023-05-19 17:37:14,760] {processor.py:641} INFO - Processing file /Users/marianaoliveira/Downloads/alura1/venv/lib/python3.10/site-packages/airflow/example_dags/tutorial.py for tasks to queue
[2023-05-19 17:37:14,761] {logging_mixin.py:115} INFO - [2023-05-19 17:37:14,761] {dagbag.py:507} INFO - Filling up the DagBag from /Users/marianaoliveira/Downloads/alura1/venv/lib/python3.10/site-packages/airflow/example_dags/tutorial.py
[2023-05-19 17:37:14,799] {processor.py:651} INFO - DAG(s) dict_keys(['tutorial']) retrieved from /Users/marianaoliveira/Downloads/alura1/venv/lib/python3.10/site-packages/airflow/example_dags/tutorial.py
[2023-05-19 17:37:14,970] {logging_mixin.py:115} INFO - [2023-05-19 17:37:14,969] {dag.py:2379} INFO - Sync 1 DAGs
[2023-05-19 17:37:15,000] {logging_mixin.py:115} INFO - [2023-05-19 17:37:15,000] {dag.py:2927} INFO - Setting next_dagrun for tutorial to 2023-05-18T20:37:15.000041+00:00, run_after=2023-05-19T20:37:15.000041+00:00
[2023-05-19 17:37:15,020] {processor.py:161} INFO - Processing /Users/marianaoliveira/Downloads/alura1/venv/lib/python3.10/site-packages/airflow/example_dags/tutorial.py took 0.262 seconds
[2023-05-19 17:39:16,913] {processor.py:153} INFO - Started process (PID=7963) to work on /Users/marianaoliveira/Downloads/alura1/venv/lib/python3.10/site-packages/airflow/example_dags/tutorial.py
[2023-05-19 17:39:16,915] {processor.py:641} INFO - Processing file /Users/marianaoliveira/Downloads/alura1/venv/lib/python3.10/site-packages/airflow/example_dags/tutorial.py for tasks to queue
[2023-05-19 17:39:16,916] {logging_mixin.py:115} INFO - [2023-05-19 17:39:16,916] {dagbag.py:507} INFO - Filling up the DagBag from /Users/marianaoliveira/Downloads/alura1/venv/lib/python3.10/site-packages/airflow/example_dags/tutorial.py
[2023-05-19 17:39:16,964] {processor.py:651} INFO - DAG(s) dict_keys(['tutorial']) retrieved from /Users/marianaoliveira/Downloads/alura1/venv/lib/python3.10/site-packages/airflow/example_dags/tutorial.py
[2023-05-19 17:39:17,171] {logging_mixin.py:115} INFO - [2023-05-19 17:39:17,170] {dag.py:2379} INFO - Sync 1 DAGs
[2023-05-19 17:39:17,223] {logging_mixin.py:115} INFO - [2023-05-19 17:39:17,223] {dag.py:2927} INFO - Setting next_dagrun for tutorial to 2023-05-18T20:39:17.223090+00:00, run_after=2023-05-19T20:39:17.223090+00:00
[2023-05-19 17:39:17,248] {processor.py:161} INFO - Processing /Users/marianaoliveira/Downloads/alura1/venv/lib/python3.10/site-packages/airflow/example_dags/tutorial.py took 0.344 seconds
[2023-05-19 17:43:49,789] {processor.py:153} INFO - Started process (PID=8067) to work on /Users/marianaoliveira/Downloads/alura1/venv/lib/python3.10/site-packages/airflow/example_dags/tutorial.py
[2023-05-19 17:43:49,790] {processor.py:641} INFO - Processing file /Users/marianaoliveira/Downloads/alura1/venv/lib/python3.10/site-packages/airflow/example_dags/tutorial.py for tasks to queue
[2023-05-19 17:43:49,791] {logging_mixin.py:115} INFO - [2023-05-19 17:43:49,791] {dagbag.py:507} INFO - Filling up the DagBag from /Users/marianaoliveira/Downloads/alura1/venv/lib/python3.10/site-packages/airflow/example_dags/tutorial.py
[2023-05-19 17:43:49,837] {processor.py:651} INFO - DAG(s) dict_keys(['tutorial']) retrieved from /Users/marianaoliveira/Downloads/alura1/venv/lib/python3.10/site-packages/airflow/example_dags/tutorial.py
[2023-05-19 17:43:50,109] {logging_mixin.py:115} INFO - [2023-05-19 17:43:50,109] {dag.py:2379} INFO - Sync 1 DAGs
[2023-05-19 17:43:50,156] {logging_mixin.py:115} INFO - [2023-05-19 17:43:50,155] {dag.py:2927} INFO - Setting next_dagrun for tutorial to 2023-05-18T20:43:50.154896+00:00, run_after=2023-05-19T20:43:50.154896+00:00
[2023-05-19 17:43:50,178] {processor.py:161} INFO - Processing /Users/marianaoliveira/Downloads/alura1/venv/lib/python3.10/site-packages/airflow/example_dags/tutorial.py took 0.391 seconds
[2023-05-19 17:46:39,533] {processor.py:153} INFO - Started process (PID=8140) to work on /Users/marianaoliveira/Downloads/alura1/venv/lib/python3.10/site-packages/airflow/example_dags/tutorial.py
[2023-05-19 17:46:39,538] {processor.py:641} INFO - Processing file /Users/marianaoliveira/Downloads/alura1/venv/lib/python3.10/site-packages/airflow/example_dags/tutorial.py for tasks to queue
[2023-05-19 17:46:39,543] {logging_mixin.py:115} INFO - [2023-05-19 17:46:39,543] {dagbag.py:507} INFO - Filling up the DagBag from /Users/marianaoliveira/Downloads/alura1/venv/lib/python3.10/site-packages/airflow/example_dags/tutorial.py
[2023-05-19 17:46:39,582] {processor.py:651} INFO - DAG(s) dict_keys(['tutorial']) retrieved from /Users/marianaoliveira/Downloads/alura1/venv/lib/python3.10/site-packages/airflow/example_dags/tutorial.py
[2023-05-19 17:46:39,960] {logging_mixin.py:115} INFO - [2023-05-19 17:46:39,960] {dag.py:2379} INFO - Sync 1 DAGs
[2023-05-19 17:46:40,027] {logging_mixin.py:115} INFO - [2023-05-19 17:46:40,027] {dag.py:2927} INFO - Setting next_dagrun for tutorial to 2023-05-18T20:46:40.026269+00:00, run_after=2023-05-19T20:46:40.026269+00:00
[2023-05-19 17:46:40,087] {processor.py:161} INFO - Processing /Users/marianaoliveira/Downloads/alura1/venv/lib/python3.10/site-packages/airflow/example_dags/tutorial.py took 0.555 seconds
[2023-05-19 17:48:31,222] {processor.py:153} INFO - Started process (PID=8189) to work on /Users/marianaoliveira/Downloads/alura1/venv/lib/python3.10/site-packages/airflow/example_dags/tutorial.py
[2023-05-19 17:48:31,224] {processor.py:641} INFO - Processing file /Users/marianaoliveira/Downloads/alura1/venv/lib/python3.10/site-packages/airflow/example_dags/tutorial.py for tasks to queue
[2023-05-19 17:48:31,224] {logging_mixin.py:115} INFO - [2023-05-19 17:48:31,224] {dagbag.py:507} INFO - Filling up the DagBag from /Users/marianaoliveira/Downloads/alura1/venv/lib/python3.10/site-packages/airflow/example_dags/tutorial.py
[2023-05-19 17:48:31,243] {processor.py:651} INFO - DAG(s) dict_keys(['tutorial']) retrieved from /Users/marianaoliveira/Downloads/alura1/venv/lib/python3.10/site-packages/airflow/example_dags/tutorial.py
[2023-05-19 17:48:31,365] {logging_mixin.py:115} INFO - [2023-05-19 17:48:31,365] {dag.py:2379} INFO - Sync 1 DAGs
[2023-05-19 17:48:31,403] {logging_mixin.py:115} INFO - [2023-05-19 17:48:31,403] {dag.py:2927} INFO - Setting next_dagrun for tutorial to 2023-05-18T20:48:31.403054+00:00, run_after=2023-05-19T20:48:31.403054+00:00
[2023-05-19 17:48:31,423] {processor.py:161} INFO - Processing /Users/marianaoliveira/Downloads/alura1/venv/lib/python3.10/site-packages/airflow/example_dags/tutorial.py took 0.202 seconds
[2023-05-19 17:49:53,392] {processor.py:153} INFO - Started process (PID=8225) to work on /Users/marianaoliveira/Downloads/alura1/venv/lib/python3.10/site-packages/airflow/example_dags/tutorial.py
[2023-05-19 17:49:53,398] {processor.py:641} INFO - Processing file /Users/marianaoliveira/Downloads/alura1/venv/lib/python3.10/site-packages/airflow/example_dags/tutorial.py for tasks to queue
[2023-05-19 17:49:53,399] {logging_mixin.py:115} INFO - [2023-05-19 17:49:53,398] {dagbag.py:507} INFO - Filling up the DagBag from /Users/marianaoliveira/Downloads/alura1/venv/lib/python3.10/site-packages/airflow/example_dags/tutorial.py
[2023-05-19 17:49:53,451] {processor.py:651} INFO - DAG(s) dict_keys(['tutorial']) retrieved from /Users/marianaoliveira/Downloads/alura1/venv/lib/python3.10/site-packages/airflow/example_dags/tutorial.py
[2023-05-19 17:49:53,706] {logging_mixin.py:115} INFO - [2023-05-19 17:49:53,706] {dag.py:2379} INFO - Sync 1 DAGs
[2023-05-19 17:49:53,747] {logging_mixin.py:115} INFO - [2023-05-19 17:49:53,747] {dag.py:2927} INFO - Setting next_dagrun for tutorial to 2023-05-18T20:49:53.746947+00:00, run_after=2023-05-19T20:49:53.746947+00:00
[2023-05-19 17:49:53,772] {processor.py:161} INFO - Processing /Users/marianaoliveira/Downloads/alura1/venv/lib/python3.10/site-packages/airflow/example_dags/tutorial.py took 0.381 seconds
[2023-05-19 17:51:47,588] {processor.py:153} INFO - Started process (PID=8299) to work on /Users/marianaoliveira/Downloads/alura1/venv/lib/python3.10/site-packages/airflow/example_dags/tutorial.py
[2023-05-19 17:51:47,589] {processor.py:641} INFO - Processing file /Users/marianaoliveira/Downloads/alura1/venv/lib/python3.10/site-packages/airflow/example_dags/tutorial.py for tasks to queue
[2023-05-19 17:51:47,590] {logging_mixin.py:115} INFO - [2023-05-19 17:51:47,590] {dagbag.py:507} INFO - Filling up the DagBag from /Users/marianaoliveira/Downloads/alura1/venv/lib/python3.10/site-packages/airflow/example_dags/tutorial.py
[2023-05-19 17:51:47,613] {processor.py:651} INFO - DAG(s) dict_keys(['tutorial']) retrieved from /Users/marianaoliveira/Downloads/alura1/venv/lib/python3.10/site-packages/airflow/example_dags/tutorial.py
[2023-05-19 17:51:47,733] {logging_mixin.py:115} INFO - [2023-05-19 17:51:47,733] {dag.py:2379} INFO - Sync 1 DAGs
[2023-05-19 17:51:47,757] {logging_mixin.py:115} INFO - [2023-05-19 17:51:47,757] {dag.py:2927} INFO - Setting next_dagrun for tutorial to 2023-05-18T20:51:47.757406+00:00, run_after=2023-05-19T20:51:47.757406+00:00
[2023-05-19 17:51:47,774] {processor.py:161} INFO - Processing /Users/marianaoliveira/Downloads/alura1/venv/lib/python3.10/site-packages/airflow/example_dags/tutorial.py took 0.188 seconds
[2023-05-19 17:53:31,916] {processor.py:153} INFO - Started process (PID=8387) to work on /Users/marianaoliveira/Downloads/alura1/venv/lib/python3.10/site-packages/airflow/example_dags/tutorial.py
[2023-05-19 17:53:31,918] {processor.py:641} INFO - Processing file /Users/marianaoliveira/Downloads/alura1/venv/lib/python3.10/site-packages/airflow/example_dags/tutorial.py for tasks to queue
[2023-05-19 17:53:31,918] {logging_mixin.py:115} INFO - [2023-05-19 17:53:31,918] {dagbag.py:507} INFO - Filling up the DagBag from /Users/marianaoliveira/Downloads/alura1/venv/lib/python3.10/site-packages/airflow/example_dags/tutorial.py
[2023-05-19 17:53:31,943] {processor.py:651} INFO - DAG(s) dict_keys(['tutorial']) retrieved from /Users/marianaoliveira/Downloads/alura1/venv/lib/python3.10/site-packages/airflow/example_dags/tutorial.py
[2023-05-19 17:53:32,161] {logging_mixin.py:115} INFO - [2023-05-19 17:53:32,161] {dag.py:2379} INFO - Sync 1 DAGs
[2023-05-19 17:53:32,208] {logging_mixin.py:115} INFO - [2023-05-19 17:53:32,208] {dag.py:2927} INFO - Setting next_dagrun for tutorial to 2023-05-18T20:53:32.207938+00:00, run_after=2023-05-19T20:53:32.207938+00:00
[2023-05-19 17:53:32,238] {processor.py:161} INFO - Processing /Users/marianaoliveira/Downloads/alura1/venv/lib/python3.10/site-packages/airflow/example_dags/tutorial.py took 0.322 seconds
[2023-05-19 17:55:17,441] {processor.py:153} INFO - Started process (PID=8480) to work on /Users/marianaoliveira/Downloads/alura1/venv/lib/python3.10/site-packages/airflow/example_dags/tutorial.py
[2023-05-19 17:55:17,442] {processor.py:641} INFO - Processing file /Users/marianaoliveira/Downloads/alura1/venv/lib/python3.10/site-packages/airflow/example_dags/tutorial.py for tasks to queue
[2023-05-19 17:55:17,443] {logging_mixin.py:115} INFO - [2023-05-19 17:55:17,443] {dagbag.py:507} INFO - Filling up the DagBag from /Users/marianaoliveira/Downloads/alura1/venv/lib/python3.10/site-packages/airflow/example_dags/tutorial.py
[2023-05-19 17:55:17,465] {processor.py:651} INFO - DAG(s) dict_keys(['tutorial']) retrieved from /Users/marianaoliveira/Downloads/alura1/venv/lib/python3.10/site-packages/airflow/example_dags/tutorial.py
[2023-05-19 17:55:17,573] {logging_mixin.py:115} INFO - [2023-05-19 17:55:17,573] {dag.py:2379} INFO - Sync 1 DAGs
[2023-05-19 17:55:17,597] {logging_mixin.py:115} INFO - [2023-05-19 17:55:17,597] {dag.py:2927} INFO - Setting next_dagrun for tutorial to 2023-05-18T20:55:17.597053+00:00, run_after=2023-05-19T20:55:17.597053+00:00
[2023-05-19 17:55:17,615] {processor.py:161} INFO - Processing /Users/marianaoliveira/Downloads/alura1/venv/lib/python3.10/site-packages/airflow/example_dags/tutorial.py took 0.176 seconds
[2023-05-19 17:56:49,214] {processor.py:153} INFO - Started process (PID=8570) to work on /Users/marianaoliveira/Downloads/alura1/venv/lib/python3.10/site-packages/airflow/example_dags/tutorial.py
[2023-05-19 17:56:49,216] {processor.py:641} INFO - Processing file /Users/marianaoliveira/Downloads/alura1/venv/lib/python3.10/site-packages/airflow/example_dags/tutorial.py for tasks to queue
[2023-05-19 17:56:49,216] {logging_mixin.py:115} INFO - [2023-05-19 17:56:49,216] {dagbag.py:507} INFO - Filling up the DagBag from /Users/marianaoliveira/Downloads/alura1/venv/lib/python3.10/site-packages/airflow/example_dags/tutorial.py
[2023-05-19 17:56:49,244] {processor.py:651} INFO - DAG(s) dict_keys(['tutorial']) retrieved from /Users/marianaoliveira/Downloads/alura1/venv/lib/python3.10/site-packages/airflow/example_dags/tutorial.py
[2023-05-19 17:56:49,396] {logging_mixin.py:115} INFO - [2023-05-19 17:56:49,396] {dag.py:2379} INFO - Sync 1 DAGs
[2023-05-19 17:56:49,434] {logging_mixin.py:115} INFO - [2023-05-19 17:56:49,434] {dag.py:2927} INFO - Setting next_dagrun for tutorial to 2023-05-18T20:56:49.434618+00:00, run_after=2023-05-19T20:56:49.434618+00:00
[2023-05-19 17:56:49,458] {processor.py:161} INFO - Processing /Users/marianaoliveira/Downloads/alura1/venv/lib/python3.10/site-packages/airflow/example_dags/tutorial.py took 0.245 seconds
[2023-05-19 17:58:21,242] {processor.py:153} INFO - Started process (PID=8616) to work on /Users/marianaoliveira/Downloads/alura1/venv/lib/python3.10/site-packages/airflow/example_dags/tutorial.py
[2023-05-19 17:58:21,248] {processor.py:641} INFO - Processing file /Users/marianaoliveira/Downloads/alura1/venv/lib/python3.10/site-packages/airflow/example_dags/tutorial.py for tasks to queue
[2023-05-19 17:58:21,249] {logging_mixin.py:115} INFO - [2023-05-19 17:58:21,249] {dagbag.py:507} INFO - Filling up the DagBag from /Users/marianaoliveira/Downloads/alura1/venv/lib/python3.10/site-packages/airflow/example_dags/tutorial.py
[2023-05-19 17:58:21,287] {processor.py:651} INFO - DAG(s) dict_keys(['tutorial']) retrieved from /Users/marianaoliveira/Downloads/alura1/venv/lib/python3.10/site-packages/airflow/example_dags/tutorial.py
[2023-05-19 17:58:21,423] {logging_mixin.py:115} INFO - [2023-05-19 17:58:21,423] {dag.py:2379} INFO - Sync 1 DAGs
[2023-05-19 17:58:21,450] {logging_mixin.py:115} INFO - [2023-05-19 17:58:21,449] {dag.py:2927} INFO - Setting next_dagrun for tutorial to 2023-05-18T20:58:21.449673+00:00, run_after=2023-05-19T20:58:21.449673+00:00
[2023-05-19 17:58:21,467] {processor.py:161} INFO - Processing /Users/marianaoliveira/Downloads/alura1/venv/lib/python3.10/site-packages/airflow/example_dags/tutorial.py took 0.226 seconds
[2023-05-19 18:03:11,474] {processor.py:153} INFO - Started process (PID=8891) to work on /Users/marianaoliveira/Downloads/alura1/venv/lib/python3.10/site-packages/airflow/example_dags/tutorial.py
[2023-05-19 18:03:11,475] {processor.py:641} INFO - Processing file /Users/marianaoliveira/Downloads/alura1/venv/lib/python3.10/site-packages/airflow/example_dags/tutorial.py for tasks to queue
[2023-05-19 18:03:11,475] {logging_mixin.py:115} INFO - [2023-05-19 18:03:11,475] {dagbag.py:507} INFO - Filling up the DagBag from /Users/marianaoliveira/Downloads/alura1/venv/lib/python3.10/site-packages/airflow/example_dags/tutorial.py
[2023-05-19 18:03:11,507] {processor.py:651} INFO - DAG(s) dict_keys(['tutorial']) retrieved from /Users/marianaoliveira/Downloads/alura1/venv/lib/python3.10/site-packages/airflow/example_dags/tutorial.py
[2023-05-19 18:03:11,792] {logging_mixin.py:115} INFO - [2023-05-19 18:03:11,792] {dag.py:2379} INFO - Sync 1 DAGs
[2023-05-19 18:03:11,836] {logging_mixin.py:115} INFO - [2023-05-19 18:03:11,836] {dag.py:2927} INFO - Setting next_dagrun for tutorial to 2023-05-18T21:03:11.836374+00:00, run_after=2023-05-19T21:03:11.836374+00:00
[2023-05-19 18:03:11,868] {processor.py:161} INFO - Processing /Users/marianaoliveira/Downloads/alura1/venv/lib/python3.10/site-packages/airflow/example_dags/tutorial.py took 0.397 seconds
[2023-05-19 18:13:54,152] {processor.py:153} INFO - Started process (PID=9164) to work on /Users/marianaoliveira/Downloads/alura1/venv/lib/python3.10/site-packages/airflow/example_dags/tutorial.py
[2023-05-19 18:13:54,154] {processor.py:641} INFO - Processing file /Users/marianaoliveira/Downloads/alura1/venv/lib/python3.10/site-packages/airflow/example_dags/tutorial.py for tasks to queue
[2023-05-19 18:13:54,154] {logging_mixin.py:115} INFO - [2023-05-19 18:13:54,154] {dagbag.py:507} INFO - Filling up the DagBag from /Users/marianaoliveira/Downloads/alura1/venv/lib/python3.10/site-packages/airflow/example_dags/tutorial.py
[2023-05-19 18:13:54,183] {processor.py:651} INFO - DAG(s) dict_keys(['tutorial']) retrieved from /Users/marianaoliveira/Downloads/alura1/venv/lib/python3.10/site-packages/airflow/example_dags/tutorial.py
[2023-05-19 18:13:54,301] {logging_mixin.py:115} INFO - [2023-05-19 18:13:54,300] {dag.py:2379} INFO - Sync 1 DAGs
[2023-05-19 18:13:54,328] {logging_mixin.py:115} INFO - [2023-05-19 18:13:54,328] {dag.py:2927} INFO - Setting next_dagrun for tutorial to 2023-05-18T21:13:54.328251+00:00, run_after=2023-05-19T21:13:54.328251+00:00
[2023-05-19 18:13:54,348] {processor.py:161} INFO - Processing /Users/marianaoliveira/Downloads/alura1/venv/lib/python3.10/site-packages/airflow/example_dags/tutorial.py took 0.200 seconds
[2023-05-19 18:16:58,497] {processor.py:153} INFO - Started process (PID=9289) to work on /Users/marianaoliveira/Downloads/alura1/venv/lib/python3.10/site-packages/airflow/example_dags/tutorial.py
[2023-05-19 18:16:58,499] {processor.py:641} INFO - Processing file /Users/marianaoliveira/Downloads/alura1/venv/lib/python3.10/site-packages/airflow/example_dags/tutorial.py for tasks to queue
[2023-05-19 18:16:58,499] {logging_mixin.py:115} INFO - [2023-05-19 18:16:58,499] {dagbag.py:507} INFO - Filling up the DagBag from /Users/marianaoliveira/Downloads/alura1/venv/lib/python3.10/site-packages/airflow/example_dags/tutorial.py
[2023-05-19 18:16:58,530] {processor.py:651} INFO - DAG(s) dict_keys(['tutorial']) retrieved from /Users/marianaoliveira/Downloads/alura1/venv/lib/python3.10/site-packages/airflow/example_dags/tutorial.py
[2023-05-19 18:16:58,707] {logging_mixin.py:115} INFO - [2023-05-19 18:16:58,706] {dag.py:2379} INFO - Sync 1 DAGs
[2023-05-19 18:16:58,761] {logging_mixin.py:115} INFO - [2023-05-19 18:16:58,761] {dag.py:2927} INFO - Setting next_dagrun for tutorial to 2023-05-18T21:16:58.760952+00:00, run_after=2023-05-19T21:16:58.760952+00:00
[2023-05-19 18:16:58,797] {processor.py:161} INFO - Processing /Users/marianaoliveira/Downloads/alura1/venv/lib/python3.10/site-packages/airflow/example_dags/tutorial.py took 0.301 seconds
[2023-05-19 18:26:56,801] {processor.py:153} INFO - Started process (PID=9943) to work on /Users/marianaoliveira/Downloads/alura1/venv/lib/python3.10/site-packages/airflow/example_dags/tutorial.py
[2023-05-19 18:26:56,802] {processor.py:641} INFO - Processing file /Users/marianaoliveira/Downloads/alura1/venv/lib/python3.10/site-packages/airflow/example_dags/tutorial.py for tasks to queue
[2023-05-19 18:26:56,803] {logging_mixin.py:115} INFO - [2023-05-19 18:26:56,803] {dagbag.py:507} INFO - Filling up the DagBag from /Users/marianaoliveira/Downloads/alura1/venv/lib/python3.10/site-packages/airflow/example_dags/tutorial.py
[2023-05-19 18:26:56,824] {processor.py:651} INFO - DAG(s) dict_keys(['tutorial']) retrieved from /Users/marianaoliveira/Downloads/alura1/venv/lib/python3.10/site-packages/airflow/example_dags/tutorial.py
[2023-05-19 18:26:56,974] {logging_mixin.py:115} INFO - [2023-05-19 18:26:56,974] {dag.py:2379} INFO - Sync 1 DAGs
[2023-05-19 18:26:56,999] {logging_mixin.py:115} INFO - [2023-05-19 18:26:56,999] {dag.py:2927} INFO - Setting next_dagrun for tutorial to 2023-05-18T21:26:56.998860+00:00, run_after=2023-05-19T21:26:56.998860+00:00
[2023-05-19 18:26:57,021] {processor.py:161} INFO - Processing /Users/marianaoliveira/Downloads/alura1/venv/lib/python3.10/site-packages/airflow/example_dags/tutorial.py took 0.222 seconds
