[2023-05-19 18:17:35,847] {taskinstance.py:1159} INFO - Dependencies all met for <TaskInstance: TwitterDAG.transform_twitter_datascience scheduled__2023-05-13T00:00:00+00:00 [queued]>
[2023-05-19 18:17:35,857] {taskinstance.py:1159} INFO - Dependencies all met for <TaskInstance: TwitterDAG.transform_twitter_datascience scheduled__2023-05-13T00:00:00+00:00 [queued]>
[2023-05-19 18:17:35,857] {taskinstance.py:1356} INFO - 
--------------------------------------------------------------------------------
[2023-05-19 18:17:35,857] {taskinstance.py:1357} INFO - Starting attempt 1 of 1
[2023-05-19 18:17:35,857] {taskinstance.py:1358} INFO - 
--------------------------------------------------------------------------------
[2023-05-19 18:17:35,885] {taskinstance.py:1377} INFO - Executing <Task(SparkSubmitOperator): transform_twitter_datascience> on 2023-05-13 00:00:00+00:00
[2023-05-19 18:17:35,888] {standard_task_runner.py:52} INFO - Started process 9312 to run task
[2023-05-19 18:17:35,896] {standard_task_runner.py:79} INFO - Running: ['airflow', 'tasks', 'run', 'TwitterDAG', 'transform_twitter_datascience', 'scheduled__2023-05-13T00:00:00+00:00', '--job-id', '33', '--raw', '--subdir', 'DAGS_FOLDER/twitter_dag.py', '--cfg-path', '/var/folders/4m/2vllbq951394clq6jtlsj0p40000gn/T/tmpo1obwtv8', '--error-file', '/var/folders/4m/2vllbq951394clq6jtlsj0p40000gn/T/tmp5uh87h45']
[2023-05-19 18:17:35,899] {standard_task_runner.py:80} INFO - Job 33: Subtask transform_twitter_datascience
[2023-05-19 18:17:36,001] {task_command.py:370} INFO - Running <TaskInstance: TwitterDAG.transform_twitter_datascience scheduled__2023-05-13T00:00:00+00:00 [running]> on host 1.0.0.127.in-addr.arpa
[2023-05-19 18:17:36,106] {taskinstance.py:1569} INFO - Exporting the following env vars:
AIRFLOW_CTX_DAG_OWNER=airflow
AIRFLOW_CTX_DAG_ID=TwitterDAG
AIRFLOW_CTX_TASK_ID=transform_twitter_datascience
AIRFLOW_CTX_EXECUTION_DATE=2023-05-13T00:00:00+00:00
AIRFLOW_CTX_TRY_NUMBER=1
AIRFLOW_CTX_DAG_RUN_ID=scheduled__2023-05-13T00:00:00+00:00
[2023-05-19 18:17:36,117] {base.py:68} INFO - Using connection ID 'spark_default' for task execution.
[2023-05-19 18:17:36,120] {spark_submit.py:339} INFO - Spark-Submit cmd: spark-submit --master local --name twitter_transformation --queue root.default /Users/marianaoliveira/Downloads/alura1/src/spark/transformation.py --src /Users/marianaoliveira/Downloads/alura1/datalake/bronze/twitter_datascience/extract_date=2023-05-13 --dest /Users/marianaoliveira/Downloads/alura1/datalake/silver/twitter_datascience/ --process-date 2023-05-13
[2023-05-19 18:17:41,429] {spark_submit.py:490} INFO - 23/05/19 18:17:41 WARN Utils: Your hostname, MacBook-Air-de-Mariana-2.local resolves to a loopback address: 127.0.0.1; using 192.168.15.8 instead (on interface en0)
[2023-05-19 18:17:41,438] {spark_submit.py:490} INFO - 23/05/19 18:17:41 WARN Utils: Set SPARK_LOCAL_IP if you need to bind to another address
[2023-05-19 18:17:45,078] {spark_submit.py:490} INFO - 23/05/19 18:17:45 INFO SparkContext: Running Spark version 3.3.2
[2023-05-19 18:17:45,365] {spark_submit.py:490} INFO - 23/05/19 18:17:45 WARN NativeCodeLoader: Unable to load native-hadoop library for your platform... using builtin-java classes where applicable
[2023-05-19 18:17:45,728] {spark_submit.py:490} INFO - 23/05/19 18:17:45 INFO ResourceUtils: ==============================================================
[2023-05-19 18:17:45,736] {spark_submit.py:490} INFO - 23/05/19 18:17:45 INFO ResourceUtils: No custom resources configured for spark.driver.
[2023-05-19 18:17:45,739] {spark_submit.py:490} INFO - 23/05/19 18:17:45 INFO ResourceUtils: ==============================================================
[2023-05-19 18:17:45,740] {spark_submit.py:490} INFO - 23/05/19 18:17:45 INFO SparkContext: Submitted application: twitter_transformation
[2023-05-19 18:17:45,846] {spark_submit.py:490} INFO - 23/05/19 18:17:45 INFO ResourceProfile: Default ResourceProfile created, executor resources: Map(cores -> name: cores, amount: 1, script: , vendor: , memory -> name: memory, amount: 1024, script: , vendor: , offHeap -> name: offHeap, amount: 0, script: , vendor: ), task resources: Map(cpus -> name: cpus, amount: 1.0)
[2023-05-19 18:17:45,864] {spark_submit.py:490} INFO - 23/05/19 18:17:45 INFO ResourceProfile: Limiting resource is cpu
[2023-05-19 18:17:45,870] {spark_submit.py:490} INFO - 23/05/19 18:17:45 INFO ResourceProfileManager: Added ResourceProfile id: 0
[2023-05-19 18:17:46,059] {spark_submit.py:490} INFO - 23/05/19 18:17:46 INFO SecurityManager: Changing view acls to: marianaoliveira
[2023-05-19 18:17:46,060] {spark_submit.py:490} INFO - 23/05/19 18:17:46 INFO SecurityManager: Changing modify acls to: marianaoliveira
[2023-05-19 18:17:46,061] {spark_submit.py:490} INFO - 23/05/19 18:17:46 INFO SecurityManager: Changing view acls groups to:
[2023-05-19 18:17:46,062] {spark_submit.py:490} INFO - 23/05/19 18:17:46 INFO SecurityManager: Changing modify acls groups to:
[2023-05-19 18:17:46,063] {spark_submit.py:490} INFO - 23/05/19 18:17:46 INFO SecurityManager: SecurityManager: authentication disabled; ui acls disabled; users  with view permissions: Set(marianaoliveira); groups with view permissions: Set(); users  with modify permissions: Set(marianaoliveira); groups with modify permissions: Set()
[2023-05-19 18:17:47,162] {spark_submit.py:490} INFO - 23/05/19 18:17:47 INFO Utils: Successfully started service 'sparkDriver' on port 55557.
[2023-05-19 18:17:47,273] {spark_submit.py:490} INFO - 23/05/19 18:17:47 INFO SparkEnv: Registering MapOutputTracker
[2023-05-19 18:17:47,442] {spark_submit.py:490} INFO - 23/05/19 18:17:47 INFO SparkEnv: Registering BlockManagerMaster
[2023-05-19 18:17:47,548] {spark_submit.py:490} INFO - 23/05/19 18:17:47 INFO BlockManagerMasterEndpoint: Using org.apache.spark.storage.DefaultTopologyMapper for getting topology information
[2023-05-19 18:17:47,549] {spark_submit.py:490} INFO - 23/05/19 18:17:47 INFO BlockManagerMasterEndpoint: BlockManagerMasterEndpoint up
[2023-05-19 18:17:47,563] {spark_submit.py:490} INFO - 23/05/19 18:17:47 INFO SparkEnv: Registering BlockManagerMasterHeartbeat
[2023-05-19 18:17:47,679] {spark_submit.py:490} INFO - 23/05/19 18:17:47 INFO DiskBlockManager: Created local directory at /private/var/folders/4m/2vllbq951394clq6jtlsj0p40000gn/T/blockmgr-74572f1b-bfa5-433d-b6fb-fe0365356c10
[2023-05-19 18:17:47,732] {spark_submit.py:490} INFO - 23/05/19 18:17:47 INFO MemoryStore: MemoryStore started with capacity 434.4 MiB
[2023-05-19 18:17:47,783] {spark_submit.py:490} INFO - 23/05/19 18:17:47 INFO SparkEnv: Registering OutputCommitCoordinator
[2023-05-19 18:17:48,526] {spark_submit.py:490} INFO - 23/05/19 18:17:48 WARN Utils: Service 'SparkUI' could not bind on port 4040. Attempting port 4041.
[2023-05-19 18:17:48,548] {spark_submit.py:490} INFO - 23/05/19 18:17:48 INFO Utils: Successfully started service 'SparkUI' on port 4041.
[2023-05-19 18:17:48,957] {spark_submit.py:490} INFO - 23/05/19 18:17:48 INFO Executor: Starting executor ID driver on host 192.168.15.8
[2023-05-19 18:17:48,986] {spark_submit.py:490} INFO - 23/05/19 18:17:48 INFO Executor: Starting executor with user classpath (userClassPathFirst = false): ''
[2023-05-19 18:17:49,052] {spark_submit.py:490} INFO - 23/05/19 18:17:49 INFO Utils: Successfully started service 'org.apache.spark.network.netty.NettyBlockTransferService' on port 55560.
[2023-05-19 18:17:49,053] {spark_submit.py:490} INFO - 23/05/19 18:17:49 INFO NettyBlockTransferService: Server created on 192.168.15.8:55560
[2023-05-19 18:17:49,056] {spark_submit.py:490} INFO - 23/05/19 18:17:49 INFO BlockManager: Using org.apache.spark.storage.RandomBlockReplicationPolicy for block replication policy
[2023-05-19 18:17:49,079] {spark_submit.py:490} INFO - 23/05/19 18:17:49 INFO BlockManagerMaster: Registering BlockManager BlockManagerId(driver, 192.168.15.8, 55560, None)
[2023-05-19 18:17:49,090] {spark_submit.py:490} INFO - 23/05/19 18:17:49 INFO BlockManagerMasterEndpoint: Registering block manager 192.168.15.8:55560 with 434.4 MiB RAM, BlockManagerId(driver, 192.168.15.8, 55560, None)
[2023-05-19 18:17:49,099] {spark_submit.py:490} INFO - 23/05/19 18:17:49 INFO BlockManagerMaster: Registered BlockManager BlockManagerId(driver, 192.168.15.8, 55560, None)
[2023-05-19 18:17:49,102] {spark_submit.py:490} INFO - 23/05/19 18:17:49 INFO BlockManager: Initialized BlockManager: BlockManagerId(driver, 192.168.15.8, 55560, None)
[2023-05-19 18:17:50,707] {spark_submit.py:490} INFO - 23/05/19 18:17:50 INFO SharedState: Setting hive.metastore.warehouse.dir ('null') to the value of spark.sql.warehouse.dir.
[2023-05-19 18:17:50,727] {spark_submit.py:490} INFO - 23/05/19 18:17:50 INFO SharedState: Warehouse path is 'file:/Users/marianaoliveira/Downloads/alura1/spark-warehouse'.
[2023-05-19 18:17:53,878] {spark_submit.py:490} INFO - 23/05/19 18:17:53 INFO InMemoryFileIndex: It took 125 ms to list leaf files for 1 paths.
[2023-05-19 18:17:54,114] {spark_submit.py:490} INFO - 23/05/19 18:17:54 INFO InMemoryFileIndex: It took 3 ms to list leaf files for 1 paths.
[2023-05-19 18:18:00,522] {spark_submit.py:490} INFO - 23/05/19 18:18:00 INFO FileSourceStrategy: Pushed Filters:
[2023-05-19 18:18:00,530] {spark_submit.py:490} INFO - 23/05/19 18:18:00 INFO FileSourceStrategy: Post-Scan Filters:
[2023-05-19 18:18:00,544] {spark_submit.py:490} INFO - 23/05/19 18:18:00 INFO FileSourceStrategy: Output Data Schema: struct<value: string>
[2023-05-19 18:18:01,458] {spark_submit.py:490} INFO - 23/05/19 18:18:01 INFO MemoryStore: Block broadcast_0 stored as values in memory (estimated size 207.4 KiB, free 434.2 MiB)
[2023-05-19 18:18:02,231] {spark_submit.py:490} INFO - 23/05/19 18:18:02 INFO MemoryStore: Block broadcast_0_piece0 stored as bytes in memory (estimated size 34.4 KiB, free 434.2 MiB)
[2023-05-19 18:18:02,238] {spark_submit.py:490} INFO - 23/05/19 18:18:02 INFO BlockManagerInfo: Added broadcast_0_piece0 in memory on 192.168.15.8:55560 (size: 34.4 KiB, free: 434.4 MiB)
[2023-05-19 18:18:02,260] {spark_submit.py:490} INFO - 23/05/19 18:18:02 INFO SparkContext: Created broadcast 0 from json at NativeMethodAccessorImpl.java:0
[2023-05-19 18:18:02,282] {spark_submit.py:490} INFO - 23/05/19 18:18:02 INFO FileSourceScanExec: Planning scan with bin packing, max size: 4203434 bytes, open cost is considered as scanning 4194304 bytes.
[2023-05-19 18:18:02,807] {spark_submit.py:490} INFO - 23/05/19 18:18:02 INFO SparkContext: Starting job: json at NativeMethodAccessorImpl.java:0
[2023-05-19 18:18:02,847] {spark_submit.py:490} INFO - 23/05/19 18:18:02 INFO DAGScheduler: Got job 0 (json at NativeMethodAccessorImpl.java:0) with 1 output partitions
[2023-05-19 18:18:02,849] {spark_submit.py:490} INFO - 23/05/19 18:18:02 INFO DAGScheduler: Final stage: ResultStage 0 (json at NativeMethodAccessorImpl.java:0)
[2023-05-19 18:18:02,850] {spark_submit.py:490} INFO - 23/05/19 18:18:02 INFO DAGScheduler: Parents of final stage: List()
[2023-05-19 18:18:02,854] {spark_submit.py:490} INFO - 23/05/19 18:18:02 INFO DAGScheduler: Missing parents: List()
[2023-05-19 18:18:02,860] {spark_submit.py:490} INFO - 23/05/19 18:18:02 INFO DAGScheduler: Submitting ResultStage 0 (MapPartitionsRDD[3] at json at NativeMethodAccessorImpl.java:0), which has no missing parents
[2023-05-19 18:18:03,101] {spark_submit.py:490} INFO - 23/05/19 18:18:03 INFO MemoryStore: Block broadcast_1 stored as values in memory (estimated size 14.5 KiB, free 434.1 MiB)
[2023-05-19 18:18:03,118] {spark_submit.py:490} INFO - 23/05/19 18:18:03 INFO MemoryStore: Block broadcast_1_piece0 stored as bytes in memory (estimated size 7.0 KiB, free 434.1 MiB)
[2023-05-19 18:18:03,121] {spark_submit.py:490} INFO - 23/05/19 18:18:03 INFO BlockManagerInfo: Added broadcast_1_piece0 in memory on 192.168.15.8:55560 (size: 7.0 KiB, free: 434.4 MiB)
[2023-05-19 18:18:03,122] {spark_submit.py:490} INFO - 23/05/19 18:18:03 INFO SparkContext: Created broadcast 1 from broadcast at DAGScheduler.scala:1513
[2023-05-19 18:18:03,163] {spark_submit.py:490} INFO - 23/05/19 18:18:03 INFO DAGScheduler: Submitting 1 missing tasks from ResultStage 0 (MapPartitionsRDD[3] at json at NativeMethodAccessorImpl.java:0) (first 15 tasks are for partitions Vector(0))
[2023-05-19 18:18:03,169] {spark_submit.py:490} INFO - 23/05/19 18:18:03 INFO TaskSchedulerImpl: Adding task set 0.0 with 1 tasks resource profile 0
[2023-05-19 18:18:03,297] {spark_submit.py:490} INFO - 23/05/19 18:18:03 INFO TaskSetManager: Starting task 0.0 in stage 0.0 (TID 0) (192.168.15.8, executor driver, partition 0, PROCESS_LOCAL, 5003 bytes) taskResourceAssignments Map()
[2023-05-19 18:18:03,329] {spark_submit.py:490} INFO - 23/05/19 18:18:03 INFO Executor: Running task 0.0 in stage 0.0 (TID 0)
[2023-05-19 18:18:03,574] {spark_submit.py:490} INFO - 23/05/19 18:18:03 INFO FileScanRDD: Reading File path: file:///Users/marianaoliveira/Downloads/alura1/datalake/bronze/twitter_datascience/extract_date=2023-05-13/datascience_20230513.json, range: 0-9130, partition values: [empty row]
[2023-05-19 18:18:04,312] {spark_submit.py:490} INFO - 23/05/19 18:18:04 INFO CodeGenerator: Code generated in 651.013785 ms
[2023-05-19 18:18:04,490] {spark_submit.py:490} INFO - 23/05/19 18:18:04 INFO Executor: Finished task 0.0 in stage 0.0 (TID 0). 2806 bytes result sent to driver
[2023-05-19 18:18:04,506] {spark_submit.py:490} INFO - 23/05/19 18:18:04 INFO TaskSetManager: Finished task 0.0 in stage 0.0 (TID 0) in 1234 ms on 192.168.15.8 (executor driver) (1/1)
[2023-05-19 18:18:04,511] {spark_submit.py:490} INFO - 23/05/19 18:18:04 INFO TaskSchedulerImpl: Removed TaskSet 0.0, whose tasks have all completed, from pool
[2023-05-19 18:18:04,523] {spark_submit.py:490} INFO - 23/05/19 18:18:04 INFO DAGScheduler: ResultStage 0 (json at NativeMethodAccessorImpl.java:0) finished in 1.619 s
[2023-05-19 18:18:04,528] {spark_submit.py:490} INFO - 23/05/19 18:18:04 INFO DAGScheduler: Job 0 is finished. Cancelling potential speculative or zombie tasks for this job
[2023-05-19 18:18:04,529] {spark_submit.py:490} INFO - 23/05/19 18:18:04 INFO TaskSchedulerImpl: Killing all running tasks in stage 0: Stage finished
[2023-05-19 18:18:04,537] {spark_submit.py:490} INFO - 23/05/19 18:18:04 INFO DAGScheduler: Job 0 finished: json at NativeMethodAccessorImpl.java:0, took 1.729129 s
[2023-05-19 18:18:04,942] {spark_submit.py:490} INFO - 23/05/19 18:18:04 INFO BlockManagerInfo: Removed broadcast_0_piece0 on 192.168.15.8:55560 in memory (size: 34.4 KiB, free: 434.4 MiB)
[2023-05-19 18:18:04,994] {spark_submit.py:490} INFO - 23/05/19 18:18:04 INFO BlockManagerInfo: Removed broadcast_1_piece0 on 192.168.15.8:55560 in memory (size: 7.0 KiB, free: 434.4 MiB)
[2023-05-19 18:18:05,717] {spark_submit.py:490} INFO - 23/05/19 18:18:05 INFO FileSourceStrategy: Pushed Filters: IsNotNull(data)
[2023-05-19 18:18:05,719] {spark_submit.py:490} INFO - 23/05/19 18:18:05 INFO FileSourceStrategy: Post-Scan Filters: (size(data#8, true) > 0),isnotnull(data#8)
[2023-05-19 18:18:05,721] {spark_submit.py:490} INFO - 23/05/19 18:18:05 INFO FileSourceStrategy: Output Data Schema: struct<data: array<struct<author_id:string,conversation_id:string,created_at:string,edit_history_tweet_ids:array<bigint>,id:string,in_reply_to_user_id:string,lang:string,public_metrics:struct<like_count:bigint,quote_count:bigint,reply_count:bigint,retweet_count:bigint>,text:string>>>
[2023-05-19 18:18:05,933] {spark_submit.py:490} INFO - 23/05/19 18:18:05 INFO FileOutputCommitter: File Output Committer Algorithm version is 1
[2023-05-19 18:18:05,934] {spark_submit.py:490} INFO - 23/05/19 18:18:05 INFO FileOutputCommitter: FileOutputCommitter skip cleanup _temporary folders under output directory:false, ignore cleanup failures: false
[2023-05-19 18:18:05,935] {spark_submit.py:490} INFO - 23/05/19 18:18:05 INFO SQLHadoopMapReduceCommitProtocol: Using output committer class org.apache.hadoop.mapreduce.lib.output.FileOutputCommitter
[2023-05-19 18:18:06,469] {spark_submit.py:490} INFO - 23/05/19 18:18:06 INFO CodeGenerator: Code generated in 253.697997 ms
[2023-05-19 18:18:06,497] {spark_submit.py:490} INFO - 23/05/19 18:18:06 INFO MemoryStore: Block broadcast_2 stored as values in memory (estimated size 207.3 KiB, free 434.2 MiB)
[2023-05-19 18:18:06,579] {spark_submit.py:490} INFO - 23/05/19 18:18:06 INFO MemoryStore: Block broadcast_2_piece0 stored as bytes in memory (estimated size 34.3 KiB, free 434.2 MiB)
[2023-05-19 18:18:06,581] {spark_submit.py:490} INFO - 23/05/19 18:18:06 INFO BlockManagerInfo: Added broadcast_2_piece0 in memory on 192.168.15.8:55560 (size: 34.3 KiB, free: 434.4 MiB)
[2023-05-19 18:18:06,583] {spark_submit.py:490} INFO - 23/05/19 18:18:06 INFO SparkContext: Created broadcast 2 from json at NativeMethodAccessorImpl.java:0
[2023-05-19 18:18:06,589] {spark_submit.py:490} INFO - 23/05/19 18:18:06 INFO FileSourceScanExec: Planning scan with bin packing, max size: 4203434 bytes, open cost is considered as scanning 4194304 bytes.
[2023-05-19 18:18:06,867] {spark_submit.py:490} INFO - 23/05/19 18:18:06 INFO SparkContext: Starting job: json at NativeMethodAccessorImpl.java:0
[2023-05-19 18:18:06,869] {spark_submit.py:490} INFO - 23/05/19 18:18:06 INFO DAGScheduler: Got job 1 (json at NativeMethodAccessorImpl.java:0) with 1 output partitions
[2023-05-19 18:18:06,870] {spark_submit.py:490} INFO - 23/05/19 18:18:06 INFO DAGScheduler: Final stage: ResultStage 1 (json at NativeMethodAccessorImpl.java:0)
[2023-05-19 18:18:06,870] {spark_submit.py:490} INFO - 23/05/19 18:18:06 INFO DAGScheduler: Parents of final stage: List()
[2023-05-19 18:18:06,871] {spark_submit.py:490} INFO - 23/05/19 18:18:06 INFO DAGScheduler: Missing parents: List()
[2023-05-19 18:18:06,872] {spark_submit.py:490} INFO - 23/05/19 18:18:06 INFO DAGScheduler: Submitting ResultStage 1 (CoalescedRDD[7] at json at NativeMethodAccessorImpl.java:0), which has no missing parents
[2023-05-19 18:18:06,961] {spark_submit.py:490} INFO - 23/05/19 18:18:06 INFO MemoryStore: Block broadcast_3 stored as values in memory (estimated size 235.7 KiB, free 433.9 MiB)
[2023-05-19 18:18:06,977] {spark_submit.py:490} INFO - 23/05/19 18:18:06 INFO MemoryStore: Block broadcast_3_piece0 stored as bytes in memory (estimated size 82.5 KiB, free 433.9 MiB)
[2023-05-19 18:18:06,979] {spark_submit.py:490} INFO - 23/05/19 18:18:06 INFO BlockManagerInfo: Added broadcast_3_piece0 in memory on 192.168.15.8:55560 (size: 82.5 KiB, free: 434.3 MiB)
[2023-05-19 18:18:06,980] {spark_submit.py:490} INFO - 23/05/19 18:18:06 INFO SparkContext: Created broadcast 3 from broadcast at DAGScheduler.scala:1513
[2023-05-19 18:18:06,981] {spark_submit.py:490} INFO - 23/05/19 18:18:06 INFO DAGScheduler: Submitting 1 missing tasks from ResultStage 1 (CoalescedRDD[7] at json at NativeMethodAccessorImpl.java:0) (first 15 tasks are for partitions Vector(0))
[2023-05-19 18:18:06,982] {spark_submit.py:490} INFO - 23/05/19 18:18:06 INFO TaskSchedulerImpl: Adding task set 1.0 with 1 tasks resource profile 0
[2023-05-19 18:18:06,986] {spark_submit.py:490} INFO - 23/05/19 18:18:06 INFO TaskSetManager: Starting task 0.0 in stage 1.0 (TID 1) (192.168.15.8, executor driver, partition 0, PROCESS_LOCAL, 5232 bytes) taskResourceAssignments Map()
[2023-05-19 18:18:06,987] {spark_submit.py:490} INFO - 23/05/19 18:18:06 INFO Executor: Running task 0.0 in stage 1.0 (TID 1)
[2023-05-19 18:18:07,120] {spark_submit.py:490} INFO - 23/05/19 18:18:07 INFO FileOutputCommitter: File Output Committer Algorithm version is 1
[2023-05-19 18:18:07,122] {spark_submit.py:490} INFO - 23/05/19 18:18:07 INFO FileOutputCommitter: FileOutputCommitter skip cleanup _temporary folders under output directory:false, ignore cleanup failures: false
[2023-05-19 18:18:07,122] {spark_submit.py:490} INFO - 23/05/19 18:18:07 INFO SQLHadoopMapReduceCommitProtocol: Using output committer class org.apache.hadoop.mapreduce.lib.output.FileOutputCommitter
[2023-05-19 18:18:07,277] {spark_submit.py:490} INFO - 23/05/19 18:18:07 INFO FileScanRDD: Reading File path: file:///Users/marianaoliveira/Downloads/alura1/datalake/bronze/twitter_datascience/extract_date=2023-05-13/datascience_20230513.json, range: 0-9130, partition values: [empty row]
[2023-05-19 18:18:07,350] {spark_submit.py:490} INFO - 23/05/19 18:18:07 INFO CodeGenerator: Code generated in 64.574362 ms
[2023-05-19 18:18:07,535] {spark_submit.py:490} INFO - 23/05/19 18:18:07 INFO CodeGenerator: Code generated in 24.07094 ms
[2023-05-19 18:18:07,628] {spark_submit.py:490} INFO - 23/05/19 18:18:07 INFO FileOutputCommitter: Saved output of task 'attempt_202305191818066751066377729216609_0001_m_000000_1' to file:/Users/marianaoliveira/Downloads/alura1/datalake/silver/twitter_datascience/tweet/process_date=2023-05-13/_temporary/0/task_202305191818066751066377729216609_0001_m_000000
[2023-05-19 18:18:07,630] {spark_submit.py:490} INFO - 23/05/19 18:18:07 INFO SparkHadoopMapRedUtil: attempt_202305191818066751066377729216609_0001_m_000000_1: Committed. Elapsed time: 5 ms.
[2023-05-19 18:18:07,653] {spark_submit.py:490} INFO - 23/05/19 18:18:07 INFO Executor: Finished task 0.0 in stage 1.0 (TID 1). 2678 bytes result sent to driver
[2023-05-19 18:18:07,656] {spark_submit.py:490} INFO - 23/05/19 18:18:07 INFO TaskSetManager: Finished task 0.0 in stage 1.0 (TID 1) in 673 ms on 192.168.15.8 (executor driver) (1/1)
[2023-05-19 18:18:07,657] {spark_submit.py:490} INFO - 23/05/19 18:18:07 INFO TaskSchedulerImpl: Removed TaskSet 1.0, whose tasks have all completed, from pool
[2023-05-19 18:18:07,659] {spark_submit.py:490} INFO - 23/05/19 18:18:07 INFO DAGScheduler: ResultStage 1 (json at NativeMethodAccessorImpl.java:0) finished in 0.786 s
[2023-05-19 18:18:07,659] {spark_submit.py:490} INFO - 23/05/19 18:18:07 INFO DAGScheduler: Job 1 is finished. Cancelling potential speculative or zombie tasks for this job
[2023-05-19 18:18:07,660] {spark_submit.py:490} INFO - 23/05/19 18:18:07 INFO TaskSchedulerImpl: Killing all running tasks in stage 1: Stage finished
[2023-05-19 18:18:07,662] {spark_submit.py:490} INFO - 23/05/19 18:18:07 INFO DAGScheduler: Job 1 finished: json at NativeMethodAccessorImpl.java:0, took 0.794332 s
[2023-05-19 18:18:07,665] {spark_submit.py:490} INFO - 23/05/19 18:18:07 INFO FileFormatWriter: Start to commit write Job be344756-c04d-4aa2-a573-762b6e74aa9f.
[2023-05-19 18:18:07,719] {spark_submit.py:490} INFO - 23/05/19 18:18:07 INFO FileFormatWriter: Write Job be344756-c04d-4aa2-a573-762b6e74aa9f committed. Elapsed time: 51 ms.
[2023-05-19 18:18:07,724] {spark_submit.py:490} INFO - 23/05/19 18:18:07 INFO FileFormatWriter: Finished processing stats for write job be344756-c04d-4aa2-a573-762b6e74aa9f.
[2023-05-19 18:18:07,825] {spark_submit.py:490} INFO - 23/05/19 18:18:07 INFO FileSourceStrategy: Pushed Filters:
[2023-05-19 18:18:07,826] {spark_submit.py:490} INFO - 23/05/19 18:18:07 INFO FileSourceStrategy: Post-Scan Filters:
[2023-05-19 18:18:07,827] {spark_submit.py:490} INFO - 23/05/19 18:18:07 INFO FileSourceStrategy: Output Data Schema: struct<includes: struct<users: array<struct<created_at:string,id:string,name:string,username:string>>>>
[2023-05-19 18:18:07,848] {spark_submit.py:490} INFO - 23/05/19 18:18:07 INFO FileOutputCommitter: File Output Committer Algorithm version is 1
[2023-05-19 18:18:07,849] {spark_submit.py:490} INFO - 23/05/19 18:18:07 INFO FileOutputCommitter: FileOutputCommitter skip cleanup _temporary folders under output directory:false, ignore cleanup failures: false
[2023-05-19 18:18:07,850] {spark_submit.py:490} INFO - 23/05/19 18:18:07 INFO SQLHadoopMapReduceCommitProtocol: Using output committer class org.apache.hadoop.mapreduce.lib.output.FileOutputCommitter
[2023-05-19 18:18:07,988] {spark_submit.py:490} INFO - 23/05/19 18:18:07 INFO CodeGenerator: Code generated in 72.368145 ms
[2023-05-19 18:18:08,011] {spark_submit.py:490} INFO - 23/05/19 18:18:08 INFO MemoryStore: Block broadcast_4 stored as values in memory (estimated size 207.3 KiB, free 433.7 MiB)
[2023-05-19 18:18:08,052] {spark_submit.py:490} INFO - 23/05/19 18:18:08 INFO BlockManagerInfo: Removed broadcast_2_piece0 on 192.168.15.8:55560 in memory (size: 34.3 KiB, free: 434.3 MiB)
[2023-05-19 18:18:08,057] {spark_submit.py:490} INFO - 23/05/19 18:18:08 INFO BlockManagerInfo: Removed broadcast_3_piece0 on 192.168.15.8:55560 in memory (size: 82.5 KiB, free: 434.4 MiB)
[2023-05-19 18:18:08,090] {spark_submit.py:490} INFO - 23/05/19 18:18:08 INFO MemoryStore: Block broadcast_4_piece0 stored as bytes in memory (estimated size 34.3 KiB, free 434.2 MiB)
[2023-05-19 18:18:08,092] {spark_submit.py:490} INFO - 23/05/19 18:18:08 INFO BlockManagerInfo: Added broadcast_4_piece0 in memory on 192.168.15.8:55560 (size: 34.3 KiB, free: 434.4 MiB)
[2023-05-19 18:18:08,099] {spark_submit.py:490} INFO - 23/05/19 18:18:08 INFO SparkContext: Created broadcast 4 from json at NativeMethodAccessorImpl.java:0
[2023-05-19 18:18:08,102] {spark_submit.py:490} INFO - 23/05/19 18:18:08 INFO FileSourceScanExec: Planning scan with bin packing, max size: 4203434 bytes, open cost is considered as scanning 4194304 bytes.
[2023-05-19 18:18:08,231] {spark_submit.py:490} INFO - 23/05/19 18:18:08 INFO SparkContext: Starting job: json at NativeMethodAccessorImpl.java:0
[2023-05-19 18:18:08,233] {spark_submit.py:490} INFO - 23/05/19 18:18:08 INFO DAGScheduler: Got job 2 (json at NativeMethodAccessorImpl.java:0) with 1 output partitions
[2023-05-19 18:18:08,233] {spark_submit.py:490} INFO - 23/05/19 18:18:08 INFO DAGScheduler: Final stage: ResultStage 2 (json at NativeMethodAccessorImpl.java:0)
[2023-05-19 18:18:08,234] {spark_submit.py:490} INFO - 23/05/19 18:18:08 INFO DAGScheduler: Parents of final stage: List()
[2023-05-19 18:18:08,235] {spark_submit.py:490} INFO - 23/05/19 18:18:08 INFO DAGScheduler: Missing parents: List()
[2023-05-19 18:18:08,236] {spark_submit.py:490} INFO - 23/05/19 18:18:08 INFO DAGScheduler: Submitting ResultStage 2 (CoalescedRDD[11] at json at NativeMethodAccessorImpl.java:0), which has no missing parents
[2023-05-19 18:18:08,308] {spark_submit.py:490} INFO - 23/05/19 18:18:08 INFO MemoryStore: Block broadcast_5 stored as values in memory (estimated size 215.8 KiB, free 434.0 MiB)
[2023-05-19 18:18:08,322] {spark_submit.py:490} INFO - 23/05/19 18:18:08 INFO MemoryStore: Block broadcast_5_piece0 stored as bytes in memory (estimated size 77.2 KiB, free 433.9 MiB)
[2023-05-19 18:18:08,323] {spark_submit.py:490} INFO - 23/05/19 18:18:08 INFO BlockManagerInfo: Added broadcast_5_piece0 in memory on 192.168.15.8:55560 (size: 77.2 KiB, free: 434.3 MiB)
[2023-05-19 18:18:08,324] {spark_submit.py:490} INFO - 23/05/19 18:18:08 INFO SparkContext: Created broadcast 5 from broadcast at DAGScheduler.scala:1513
[2023-05-19 18:18:08,325] {spark_submit.py:490} INFO - 23/05/19 18:18:08 INFO DAGScheduler: Submitting 1 missing tasks from ResultStage 2 (CoalescedRDD[11] at json at NativeMethodAccessorImpl.java:0) (first 15 tasks are for partitions Vector(0))
[2023-05-19 18:18:08,326] {spark_submit.py:490} INFO - 23/05/19 18:18:08 INFO TaskSchedulerImpl: Adding task set 2.0 with 1 tasks resource profile 0
[2023-05-19 18:18:08,328] {spark_submit.py:490} INFO - 23/05/19 18:18:08 INFO TaskSetManager: Starting task 0.0 in stage 2.0 (TID 2) (192.168.15.8, executor driver, partition 0, PROCESS_LOCAL, 5232 bytes) taskResourceAssignments Map()
[2023-05-19 18:18:08,332] {spark_submit.py:490} INFO - 23/05/19 18:18:08 INFO Executor: Running task 0.0 in stage 2.0 (TID 2)
[2023-05-19 18:18:08,375] {spark_submit.py:490} INFO - 23/05/19 18:18:08 INFO FileOutputCommitter: File Output Committer Algorithm version is 1
[2023-05-19 18:18:08,376] {spark_submit.py:490} INFO - 23/05/19 18:18:08 INFO FileOutputCommitter: FileOutputCommitter skip cleanup _temporary folders under output directory:false, ignore cleanup failures: false
[2023-05-19 18:18:08,377] {spark_submit.py:490} INFO - 23/05/19 18:18:08 INFO SQLHadoopMapReduceCommitProtocol: Using output committer class org.apache.hadoop.mapreduce.lib.output.FileOutputCommitter
[2023-05-19 18:18:08,441] {spark_submit.py:490} INFO - 23/05/19 18:18:08 INFO FileScanRDD: Reading File path: file:///Users/marianaoliveira/Downloads/alura1/datalake/bronze/twitter_datascience/extract_date=2023-05-13/datascience_20230513.json, range: 0-9130, partition values: [empty row]
[2023-05-19 18:18:08,475] {spark_submit.py:490} INFO - 23/05/19 18:18:08 INFO CodeGenerator: Code generated in 25.210274 ms
[2023-05-19 18:18:08,502] {spark_submit.py:490} INFO - 23/05/19 18:18:08 INFO FileOutputCommitter: Saved output of task 'attempt_20230519181808543874118910107769_0002_m_000000_2' to file:/Users/marianaoliveira/Downloads/alura1/datalake/silver/twitter_datascience/user/process_date=2023-05-13/_temporary/0/task_20230519181808543874118910107769_0002_m_000000
[2023-05-19 18:18:08,503] {spark_submit.py:490} INFO - 23/05/19 18:18:08 INFO SparkHadoopMapRedUtil: attempt_20230519181808543874118910107769_0002_m_000000_2: Committed. Elapsed time: 4 ms.
[2023-05-19 18:18:08,505] {spark_submit.py:490} INFO - 23/05/19 18:18:08 INFO Executor: Finished task 0.0 in stage 2.0 (TID 2). 2579 bytes result sent to driver
[2023-05-19 18:18:08,508] {spark_submit.py:490} INFO - 23/05/19 18:18:08 INFO TaskSetManager: Finished task 0.0 in stage 2.0 (TID 2) in 179 ms on 192.168.15.8 (executor driver) (1/1)
[2023-05-19 18:18:08,509] {spark_submit.py:490} INFO - 23/05/19 18:18:08 INFO TaskSchedulerImpl: Removed TaskSet 2.0, whose tasks have all completed, from pool
[2023-05-19 18:18:08,514] {spark_submit.py:490} INFO - 23/05/19 18:18:08 INFO DAGScheduler: ResultStage 2 (json at NativeMethodAccessorImpl.java:0) finished in 0.275 s
[2023-05-19 18:18:08,515] {spark_submit.py:490} INFO - 23/05/19 18:18:08 INFO DAGScheduler: Job 2 is finished. Cancelling potential speculative or zombie tasks for this job
[2023-05-19 18:18:08,515] {spark_submit.py:490} INFO - 23/05/19 18:18:08 INFO TaskSchedulerImpl: Killing all running tasks in stage 2: Stage finished
[2023-05-19 18:18:08,516] {spark_submit.py:490} INFO - 23/05/19 18:18:08 INFO DAGScheduler: Job 2 finished: json at NativeMethodAccessorImpl.java:0, took 0.283808 s
[2023-05-19 18:18:08,517] {spark_submit.py:490} INFO - 23/05/19 18:18:08 INFO FileFormatWriter: Start to commit write Job d26851cf-5498-4b09-9bea-43901eb689e0.
[2023-05-19 18:18:08,557] {spark_submit.py:490} INFO - 23/05/19 18:18:08 INFO FileFormatWriter: Write Job d26851cf-5498-4b09-9bea-43901eb689e0 committed. Elapsed time: 39 ms.
[2023-05-19 18:18:08,558] {spark_submit.py:490} INFO - 23/05/19 18:18:08 INFO FileFormatWriter: Finished processing stats for write job d26851cf-5498-4b09-9bea-43901eb689e0.
[2023-05-19 18:18:08,656] {spark_submit.py:490} INFO - 23/05/19 18:18:08 INFO SparkContext: Invoking stop() from shutdown hook
[2023-05-19 18:18:08,690] {spark_submit.py:490} INFO - 23/05/19 18:18:08 INFO SparkUI: Stopped Spark web UI at http://192.168.15.8:4041
[2023-05-19 18:18:08,719] {spark_submit.py:490} INFO - 23/05/19 18:18:08 INFO MapOutputTrackerMasterEndpoint: MapOutputTrackerMasterEndpoint stopped!
[2023-05-19 18:18:08,742] {spark_submit.py:490} INFO - 23/05/19 18:18:08 INFO MemoryStore: MemoryStore cleared
[2023-05-19 18:18:08,743] {spark_submit.py:490} INFO - 23/05/19 18:18:08 INFO BlockManager: BlockManager stopped
[2023-05-19 18:18:08,748] {spark_submit.py:490} INFO - 23/05/19 18:18:08 INFO BlockManagerMaster: BlockManagerMaster stopped
[2023-05-19 18:18:08,754] {spark_submit.py:490} INFO - 23/05/19 18:18:08 INFO OutputCommitCoordinator$OutputCommitCoordinatorEndpoint: OutputCommitCoordinator stopped!
[2023-05-19 18:18:08,770] {spark_submit.py:490} INFO - 23/05/19 18:18:08 INFO SparkContext: Successfully stopped SparkContext
[2023-05-19 18:18:08,771] {spark_submit.py:490} INFO - 23/05/19 18:18:08 INFO ShutdownHookManager: Shutdown hook called
[2023-05-19 18:18:08,772] {spark_submit.py:490} INFO - 23/05/19 18:18:08 INFO ShutdownHookManager: Deleting directory /private/var/folders/4m/2vllbq951394clq6jtlsj0p40000gn/T/spark-5cc33fde-a710-448f-89b6-3c9b763b6dc6
[2023-05-19 18:18:08,780] {spark_submit.py:490} INFO - 23/05/19 18:18:08 INFO ShutdownHookManager: Deleting directory /private/var/folders/4m/2vllbq951394clq6jtlsj0p40000gn/T/spark-5cc33fde-a710-448f-89b6-3c9b763b6dc6/pyspark-e21a1e00-467d-4da4-a266-fdf7bc171878
[2023-05-19 18:18:08,791] {spark_submit.py:490} INFO - 23/05/19 18:18:08 INFO ShutdownHookManager: Deleting directory /private/var/folders/4m/2vllbq951394clq6jtlsj0p40000gn/T/spark-f7cb7d62-9102-4144-90b6-ec79103f1f52
[2023-05-19 18:18:08,939] {taskinstance.py:1395} INFO - Marking task as SUCCESS. dag_id=TwitterDAG, task_id=transform_twitter_datascience, execution_date=20230513T000000, start_date=20230519T211735, end_date=20230519T211808
[2023-05-19 18:18:09,012] {local_task_job.py:156} INFO - Task exited with return code 0
[2023-05-19 18:18:09,059] {local_task_job.py:273} INFO - 1 downstream tasks scheduled from follow-on schedule check
