[2023-05-19 15:13:20,709] {processor.py:153} INFO - Started process (PID=2862) to work on /Users/marianaoliveira/Downloads/alura1/airflow_pipeline/dags/twitter_dag.py
[2023-05-19 15:13:20,709] {processor.py:641} INFO - Processing file /Users/marianaoliveira/Downloads/alura1/airflow_pipeline/dags/twitter_dag.py for tasks to queue
[2023-05-19 15:13:20,709] {logging_mixin.py:115} INFO - [2023-05-19 15:13:20,709] {dagbag.py:507} INFO - Filling up the DagBag from /Users/marianaoliveira/Downloads/alura1/airflow_pipeline/dags/twitter_dag.py
[2023-05-19 15:13:20,790] {processor.py:651} INFO - DAG(s) dict_keys(['TwitterDAG']) retrieved from /Users/marianaoliveira/Downloads/alura1/airflow_pipeline/dags/twitter_dag.py
[2023-05-19 15:13:21,676] {logging_mixin.py:115} INFO - [2023-05-19 15:13:21,676] {manager.py:508} INFO - Created Permission View: can edit on DAG:TwitterDAG
[2023-05-19 15:13:21,686] {logging_mixin.py:115} INFO - [2023-05-19 15:13:21,686] {manager.py:508} INFO - Created Permission View: can delete on DAG:TwitterDAG
[2023-05-19 15:13:21,693] {logging_mixin.py:115} INFO - [2023-05-19 15:13:21,693] {manager.py:508} INFO - Created Permission View: can read on DAG:TwitterDAG
[2023-05-19 15:13:21,693] {logging_mixin.py:115} INFO - [2023-05-19 15:13:21,693] {dag.py:2379} INFO - Sync 1 DAGs
[2023-05-19 15:13:21,702] {logging_mixin.py:115} INFO - [2023-05-19 15:13:21,702] {dag.py:2398} INFO - Creating ORM DAG for TwitterDAG
[2023-05-19 15:13:21,713] {logging_mixin.py:115} INFO - [2023-05-19 15:13:21,713] {dag.py:2927} INFO - Setting next_dagrun for TwitterDAG to 2023-05-13T00:00:00+00:00, run_after=2023-05-14T00:00:00+00:00
[2023-05-19 15:13:21,726] {processor.py:161} INFO - Processing /Users/marianaoliveira/Downloads/alura1/airflow_pipeline/dags/twitter_dag.py took 1.018 seconds
[2023-05-19 15:15:09,989] {processor.py:153} INFO - Started process (PID=2928) to work on /Users/marianaoliveira/Downloads/alura1/airflow_pipeline/dags/twitter_dag.py
[2023-05-19 15:15:09,989] {processor.py:641} INFO - Processing file /Users/marianaoliveira/Downloads/alura1/airflow_pipeline/dags/twitter_dag.py for tasks to queue
[2023-05-19 15:15:09,990] {logging_mixin.py:115} INFO - [2023-05-19 15:15:09,990] {dagbag.py:507} INFO - Filling up the DagBag from /Users/marianaoliveira/Downloads/alura1/airflow_pipeline/dags/twitter_dag.py
[2023-05-19 15:15:10,067] {processor.py:651} INFO - DAG(s) dict_keys(['TwitterDAG']) retrieved from /Users/marianaoliveira/Downloads/alura1/airflow_pipeline/dags/twitter_dag.py
[2023-05-19 15:15:10,150] {logging_mixin.py:115} INFO - [2023-05-19 15:15:10,149] {dag.py:2379} INFO - Sync 1 DAGs
[2023-05-19 15:15:10,166] {logging_mixin.py:115} INFO - [2023-05-19 15:15:10,166] {dag.py:2927} INFO - Setting next_dagrun for TwitterDAG to 2023-05-13T00:00:00+00:00, run_after=2023-05-14T00:00:00+00:00
[2023-05-19 15:15:10,179] {processor.py:161} INFO - Processing /Users/marianaoliveira/Downloads/alura1/airflow_pipeline/dags/twitter_dag.py took 0.190 seconds
[2023-05-19 15:17:51,432] {processor.py:153} INFO - Started process (PID=3042) to work on /Users/marianaoliveira/Downloads/alura1/airflow_pipeline/dags/twitter_dag.py
[2023-05-19 15:17:51,433] {processor.py:641} INFO - Processing file /Users/marianaoliveira/Downloads/alura1/airflow_pipeline/dags/twitter_dag.py for tasks to queue
[2023-05-19 15:17:51,434] {logging_mixin.py:115} INFO - [2023-05-19 15:17:51,434] {dagbag.py:507} INFO - Filling up the DagBag from /Users/marianaoliveira/Downloads/alura1/airflow_pipeline/dags/twitter_dag.py
[2023-05-19 15:17:51,584] {processor.py:651} INFO - DAG(s) dict_keys(['TwitterDAG']) retrieved from /Users/marianaoliveira/Downloads/alura1/airflow_pipeline/dags/twitter_dag.py
[2023-05-19 15:17:51,709] {logging_mixin.py:115} INFO - [2023-05-19 15:17:51,709] {dag.py:2379} INFO - Sync 1 DAGs
[2023-05-19 15:17:51,743] {logging_mixin.py:115} INFO - [2023-05-19 15:17:51,743] {dag.py:2927} INFO - Setting next_dagrun for TwitterDAG to 2023-05-13T00:00:00+00:00, run_after=2023-05-14T00:00:00+00:00
[2023-05-19 15:17:51,767] {processor.py:161} INFO - Processing /Users/marianaoliveira/Downloads/alura1/airflow_pipeline/dags/twitter_dag.py took 0.336 seconds
[2023-05-19 15:20:03,050] {processor.py:153} INFO - Started process (PID=3118) to work on /Users/marianaoliveira/Downloads/alura1/airflow_pipeline/dags/twitter_dag.py
[2023-05-19 15:20:03,051] {processor.py:641} INFO - Processing file /Users/marianaoliveira/Downloads/alura1/airflow_pipeline/dags/twitter_dag.py for tasks to queue
[2023-05-19 15:20:03,052] {logging_mixin.py:115} INFO - [2023-05-19 15:20:03,052] {dagbag.py:507} INFO - Filling up the DagBag from /Users/marianaoliveira/Downloads/alura1/airflow_pipeline/dags/twitter_dag.py
[2023-05-19 15:20:03,136] {processor.py:651} INFO - DAG(s) dict_keys(['TwitterDAG']) retrieved from /Users/marianaoliveira/Downloads/alura1/airflow_pipeline/dags/twitter_dag.py
[2023-05-19 15:20:03,203] {logging_mixin.py:115} INFO - [2023-05-19 15:20:03,203] {dag.py:2379} INFO - Sync 1 DAGs
[2023-05-19 15:20:03,220] {logging_mixin.py:115} INFO - [2023-05-19 15:20:03,220] {dag.py:2927} INFO - Setting next_dagrun for TwitterDAG to 2023-05-13T00:00:00+00:00, run_after=2023-05-14T00:00:00+00:00
[2023-05-19 15:20:03,233] {processor.py:161} INFO - Processing /Users/marianaoliveira/Downloads/alura1/airflow_pipeline/dags/twitter_dag.py took 0.184 seconds
[2023-05-19 15:21:48,548] {processor.py:153} INFO - Started process (PID=3172) to work on /Users/marianaoliveira/Downloads/alura1/airflow_pipeline/dags/twitter_dag.py
[2023-05-19 15:21:48,549] {processor.py:641} INFO - Processing file /Users/marianaoliveira/Downloads/alura1/airflow_pipeline/dags/twitter_dag.py for tasks to queue
[2023-05-19 15:21:48,550] {logging_mixin.py:115} INFO - [2023-05-19 15:21:48,550] {dagbag.py:507} INFO - Filling up the DagBag from /Users/marianaoliveira/Downloads/alura1/airflow_pipeline/dags/twitter_dag.py
[2023-05-19 15:21:48,632] {processor.py:651} INFO - DAG(s) dict_keys(['TwitterDAG']) retrieved from /Users/marianaoliveira/Downloads/alura1/airflow_pipeline/dags/twitter_dag.py
[2023-05-19 15:21:48,708] {logging_mixin.py:115} INFO - [2023-05-19 15:21:48,708] {dag.py:2379} INFO - Sync 1 DAGs
[2023-05-19 15:21:48,734] {logging_mixin.py:115} INFO - [2023-05-19 15:21:48,733] {dag.py:2927} INFO - Setting next_dagrun for TwitterDAG to 2023-05-13T00:00:00+00:00, run_after=2023-05-14T00:00:00+00:00
[2023-05-19 15:21:48,750] {processor.py:161} INFO - Processing /Users/marianaoliveira/Downloads/alura1/airflow_pipeline/dags/twitter_dag.py took 0.204 seconds
[2023-05-19 15:23:24,500] {processor.py:153} INFO - Started process (PID=3224) to work on /Users/marianaoliveira/Downloads/alura1/airflow_pipeline/dags/twitter_dag.py
[2023-05-19 15:23:24,501] {processor.py:641} INFO - Processing file /Users/marianaoliveira/Downloads/alura1/airflow_pipeline/dags/twitter_dag.py for tasks to queue
[2023-05-19 15:23:24,504] {logging_mixin.py:115} INFO - [2023-05-19 15:23:24,504] {dagbag.py:507} INFO - Filling up the DagBag from /Users/marianaoliveira/Downloads/alura1/airflow_pipeline/dags/twitter_dag.py
[2023-05-19 15:23:24,595] {processor.py:651} INFO - DAG(s) dict_keys(['TwitterDAG']) retrieved from /Users/marianaoliveira/Downloads/alura1/airflow_pipeline/dags/twitter_dag.py
[2023-05-19 15:23:24,670] {logging_mixin.py:115} INFO - [2023-05-19 15:23:24,670] {dag.py:2379} INFO - Sync 1 DAGs
[2023-05-19 15:23:24,690] {logging_mixin.py:115} INFO - [2023-05-19 15:23:24,690] {dag.py:2927} INFO - Setting next_dagrun for TwitterDAG to 2023-05-13T00:00:00+00:00, run_after=2023-05-14T00:00:00+00:00
[2023-05-19 15:23:24,702] {processor.py:161} INFO - Processing /Users/marianaoliveira/Downloads/alura1/airflow_pipeline/dags/twitter_dag.py took 0.204 seconds
[2023-05-19 15:25:32,440] {processor.py:153} INFO - Started process (PID=3296) to work on /Users/marianaoliveira/Downloads/alura1/airflow_pipeline/dags/twitter_dag.py
[2023-05-19 15:25:32,441] {processor.py:641} INFO - Processing file /Users/marianaoliveira/Downloads/alura1/airflow_pipeline/dags/twitter_dag.py for tasks to queue
[2023-05-19 15:25:32,443] {logging_mixin.py:115} INFO - [2023-05-19 15:25:32,443] {dagbag.py:507} INFO - Filling up the DagBag from /Users/marianaoliveira/Downloads/alura1/airflow_pipeline/dags/twitter_dag.py
[2023-05-19 15:25:32,549] {processor.py:651} INFO - DAG(s) dict_keys(['TwitterDAG']) retrieved from /Users/marianaoliveira/Downloads/alura1/airflow_pipeline/dags/twitter_dag.py
[2023-05-19 15:25:32,642] {logging_mixin.py:115} INFO - [2023-05-19 15:25:32,642] {dag.py:2379} INFO - Sync 1 DAGs
[2023-05-19 15:25:32,658] {logging_mixin.py:115} INFO - [2023-05-19 15:25:32,658] {dag.py:2927} INFO - Setting next_dagrun for TwitterDAG to 2023-05-14T00:00:00+00:00, run_after=2023-05-15T00:00:00+00:00
[2023-05-19 15:25:32,671] {processor.py:161} INFO - Processing /Users/marianaoliveira/Downloads/alura1/airflow_pipeline/dags/twitter_dag.py took 0.232 seconds
[2023-05-19 15:28:03,342] {processor.py:153} INFO - Started process (PID=3402) to work on /Users/marianaoliveira/Downloads/alura1/airflow_pipeline/dags/twitter_dag.py
[2023-05-19 15:28:03,343] {processor.py:641} INFO - Processing file /Users/marianaoliveira/Downloads/alura1/airflow_pipeline/dags/twitter_dag.py for tasks to queue
[2023-05-19 15:28:03,343] {logging_mixin.py:115} INFO - [2023-05-19 15:28:03,343] {dagbag.py:507} INFO - Filling up the DagBag from /Users/marianaoliveira/Downloads/alura1/airflow_pipeline/dags/twitter_dag.py
[2023-05-19 15:28:03,417] {processor.py:651} INFO - DAG(s) dict_keys(['TwitterDAG']) retrieved from /Users/marianaoliveira/Downloads/alura1/airflow_pipeline/dags/twitter_dag.py
[2023-05-19 15:28:04,301] {logging_mixin.py:115} INFO - [2023-05-19 15:28:04,301] {dag.py:2379} INFO - Sync 1 DAGs
[2023-05-19 15:28:04,321] {logging_mixin.py:115} INFO - [2023-05-19 15:28:04,320] {dag.py:2927} INFO - Setting next_dagrun for TwitterDAG to 2023-05-19T00:00:00+00:00, run_after=2023-05-20T00:00:00+00:00
[2023-05-19 15:28:04,337] {processor.py:161} INFO - Processing /Users/marianaoliveira/Downloads/alura1/airflow_pipeline/dags/twitter_dag.py took 0.996 seconds
[2023-05-19 15:29:10,560] {processor.py:153} INFO - Started process (PID=3431) to work on /Users/marianaoliveira/Downloads/alura1/airflow_pipeline/dags/twitter_dag.py
[2023-05-19 15:29:10,560] {processor.py:641} INFO - Processing file /Users/marianaoliveira/Downloads/alura1/airflow_pipeline/dags/twitter_dag.py for tasks to queue
[2023-05-19 15:29:10,561] {logging_mixin.py:115} INFO - [2023-05-19 15:29:10,560] {dagbag.py:507} INFO - Filling up the DagBag from /Users/marianaoliveira/Downloads/alura1/airflow_pipeline/dags/twitter_dag.py
[2023-05-19 15:29:10,633] {processor.py:651} INFO - DAG(s) dict_keys(['TwitterDAG']) retrieved from /Users/marianaoliveira/Downloads/alura1/airflow_pipeline/dags/twitter_dag.py
[2023-05-19 15:29:11,720] {logging_mixin.py:115} INFO - [2023-05-19 15:29:11,720] {dag.py:2379} INFO - Sync 1 DAGs
[2023-05-19 15:29:11,728] {logging_mixin.py:115} INFO - [2023-05-19 15:29:11,728] {dag.py:2398} INFO - Creating ORM DAG for TwitterDAG
[2023-05-19 15:29:11,738] {logging_mixin.py:115} INFO - [2023-05-19 15:29:11,738] {dag.py:2927} INFO - Setting next_dagrun for TwitterDAG to 2023-05-17T00:00:00+00:00, run_after=2023-05-18T00:00:00+00:00
[2023-05-19 15:29:11,752] {processor.py:161} INFO - Processing /Users/marianaoliveira/Downloads/alura1/airflow_pipeline/dags/twitter_dag.py took 1.193 seconds
[2023-05-19 15:30:21,919] {processor.py:153} INFO - Started process (PID=3483) to work on /Users/marianaoliveira/Downloads/alura1/airflow_pipeline/dags/twitter_dag.py
[2023-05-19 15:30:21,919] {processor.py:641} INFO - Processing file /Users/marianaoliveira/Downloads/alura1/airflow_pipeline/dags/twitter_dag.py for tasks to queue
[2023-05-19 15:30:21,920] {logging_mixin.py:115} INFO - [2023-05-19 15:30:21,919] {dagbag.py:507} INFO - Filling up the DagBag from /Users/marianaoliveira/Downloads/alura1/airflow_pipeline/dags/twitter_dag.py
[2023-05-19 15:30:22,010] {processor.py:651} INFO - DAG(s) dict_keys(['TwitterDAG']) retrieved from /Users/marianaoliveira/Downloads/alura1/airflow_pipeline/dags/twitter_dag.py
[2023-05-19 15:30:22,136] {logging_mixin.py:115} INFO - [2023-05-19 15:30:22,136] {dag.py:2379} INFO - Sync 1 DAGs
[2023-05-19 15:30:22,155] {logging_mixin.py:115} INFO - [2023-05-19 15:30:22,155] {dag.py:2927} INFO - Setting next_dagrun for TwitterDAG to 2023-05-19T00:00:00+00:00, run_after=2023-05-20T00:00:00+00:00
[2023-05-19 15:30:22,171] {processor.py:161} INFO - Processing /Users/marianaoliveira/Downloads/alura1/airflow_pipeline/dags/twitter_dag.py took 0.253 seconds
[2023-05-19 16:28:28,360] {processor.py:153} INFO - Started process (PID=6028) to work on /Users/marianaoliveira/Downloads/alura1/airflow_pipeline/dags/twitter_dag.py
[2023-05-19 16:28:28,378] {processor.py:641} INFO - Processing file /Users/marianaoliveira/Downloads/alura1/airflow_pipeline/dags/twitter_dag.py for tasks to queue
[2023-05-19 16:28:28,379] {logging_mixin.py:115} INFO - [2023-05-19 16:28:28,379] {dagbag.py:507} INFO - Filling up the DagBag from /Users/marianaoliveira/Downloads/alura1/airflow_pipeline/dags/twitter_dag.py
[2023-05-19 16:28:28,385] {logging_mixin.py:115} INFO - [2023-05-19 16:28:28,381] {dagbag.py:320} ERROR - Failed to import: /Users/marianaoliveira/Downloads/alura1/airflow_pipeline/dags/twitter_dag.py
Traceback (most recent call last):
  File "/Users/marianaoliveira/Downloads/alura1/venv/lib/python3.10/site-packages/airflow/models/dagbag.py", line 317, in parse
    loader.exec_module(new_module)
  File "<frozen importlib._bootstrap_external>", line 879, in exec_module
  File "<frozen importlib._bootstrap_external>", line 1017, in get_code
  File "<frozen importlib._bootstrap_external>", line 947, in source_to_code
  File "<frozen importlib._bootstrap>", line 241, in _call_with_frames_removed
  File "/Users/marianaoliveira/Downloads/alura1/airflow_pipeline/dags/twitter_dag.py", line 3
    from airflow.providers.apache.spark.operators.spark_submit 
                                                               ^
SyntaxError: invalid syntax
[2023-05-19 16:28:28,385] {processor.py:653} WARNING - No viable dags retrieved from /Users/marianaoliveira/Downloads/alura1/airflow_pipeline/dags/twitter_dag.py
[2023-05-19 16:28:28,640] {processor.py:161} INFO - Processing /Users/marianaoliveira/Downloads/alura1/airflow_pipeline/dags/twitter_dag.py took 0.282 seconds
[2023-05-19 16:30:33,056] {processor.py:153} INFO - Started process (PID=6100) to work on /Users/marianaoliveira/Downloads/alura1/airflow_pipeline/dags/twitter_dag.py
[2023-05-19 16:30:33,058] {processor.py:641} INFO - Processing file /Users/marianaoliveira/Downloads/alura1/airflow_pipeline/dags/twitter_dag.py for tasks to queue
[2023-05-19 16:30:33,059] {logging_mixin.py:115} INFO - [2023-05-19 16:30:33,058] {dagbag.py:507} INFO - Filling up the DagBag from /Users/marianaoliveira/Downloads/alura1/airflow_pipeline/dags/twitter_dag.py
[2023-05-19 16:30:33,065] {logging_mixin.py:115} INFO - [2023-05-19 16:30:33,062] {dagbag.py:320} ERROR - Failed to import: /Users/marianaoliveira/Downloads/alura1/airflow_pipeline/dags/twitter_dag.py
Traceback (most recent call last):
  File "/Users/marianaoliveira/Downloads/alura1/venv/lib/python3.10/site-packages/airflow/models/dagbag.py", line 317, in parse
    loader.exec_module(new_module)
  File "<frozen importlib._bootstrap_external>", line 879, in exec_module
  File "<frozen importlib._bootstrap_external>", line 1017, in get_code
  File "<frozen importlib._bootstrap_external>", line 947, in source_to_code
  File "<frozen importlib._bootstrap>", line 241, in _call_with_frames_removed
  File "/Users/marianaoliveira/Downloads/alura1/airflow_pipeline/dags/twitter_dag.py", line 3
    from airflow.providers.apache.spark.operators.spark_submit 
                                                               ^
SyntaxError: invalid syntax
[2023-05-19 16:30:33,065] {processor.py:653} WARNING - No viable dags retrieved from /Users/marianaoliveira/Downloads/alura1/airflow_pipeline/dags/twitter_dag.py
[2023-05-19 16:30:33,146] {processor.py:161} INFO - Processing /Users/marianaoliveira/Downloads/alura1/airflow_pipeline/dags/twitter_dag.py took 0.091 seconds
[2023-05-19 16:32:29,917] {processor.py:153} INFO - Started process (PID=6170) to work on /Users/marianaoliveira/Downloads/alura1/airflow_pipeline/dags/twitter_dag.py
[2023-05-19 16:32:29,932] {processor.py:641} INFO - Processing file /Users/marianaoliveira/Downloads/alura1/airflow_pipeline/dags/twitter_dag.py for tasks to queue
[2023-05-19 16:32:29,933] {logging_mixin.py:115} INFO - [2023-05-19 16:32:29,933] {dagbag.py:507} INFO - Filling up the DagBag from /Users/marianaoliveira/Downloads/alura1/airflow_pipeline/dags/twitter_dag.py
[2023-05-19 16:32:30,261] {processor.py:651} INFO - DAG(s) dict_keys(['TwitterDAG']) retrieved from /Users/marianaoliveira/Downloads/alura1/airflow_pipeline/dags/twitter_dag.py
[2023-05-19 16:32:33,124] {logging_mixin.py:115} INFO - [2023-05-19 16:32:33,124] {dag.py:2379} INFO - Sync 1 DAGs
[2023-05-19 16:32:33,195] {logging_mixin.py:115} INFO - [2023-05-19 16:32:33,195] {dag.py:2927} INFO - Setting next_dagrun for TwitterDAG to 2023-05-19T00:00:00+00:00, run_after=2023-05-20T00:00:00+00:00
[2023-05-19 16:32:33,235] {processor.py:161} INFO - Processing /Users/marianaoliveira/Downloads/alura1/airflow_pipeline/dags/twitter_dag.py took 3.324 seconds
[2023-05-19 16:35:40,984] {processor.py:153} INFO - Started process (PID=6284) to work on /Users/marianaoliveira/Downloads/alura1/airflow_pipeline/dags/twitter_dag.py
[2023-05-19 16:35:40,989] {processor.py:641} INFO - Processing file /Users/marianaoliveira/Downloads/alura1/airflow_pipeline/dags/twitter_dag.py for tasks to queue
[2023-05-19 16:35:40,996] {logging_mixin.py:115} INFO - [2023-05-19 16:35:40,992] {dagbag.py:507} INFO - Filling up the DagBag from /Users/marianaoliveira/Downloads/alura1/airflow_pipeline/dags/twitter_dag.py
[2023-05-19 16:35:41,268] {processor.py:651} INFO - DAG(s) dict_keys(['TwitterDAG']) retrieved from /Users/marianaoliveira/Downloads/alura1/airflow_pipeline/dags/twitter_dag.py
[2023-05-19 16:35:43,255] {logging_mixin.py:115} INFO - [2023-05-19 16:35:43,255] {dag.py:2379} INFO - Sync 1 DAGs
[2023-05-19 16:35:43,265] {logging_mixin.py:115} INFO - [2023-05-19 16:35:43,265] {dag.py:2398} INFO - Creating ORM DAG for TwitterDAG
[2023-05-19 16:35:43,285] {logging_mixin.py:115} INFO - [2023-05-19 16:35:43,285] {dag.py:2927} INFO - Setting next_dagrun for TwitterDAG to 2023-05-17T00:00:00+00:00, run_after=2023-05-18T00:00:00+00:00
[2023-05-19 16:35:43,304] {processor.py:161} INFO - Processing /Users/marianaoliveira/Downloads/alura1/airflow_pipeline/dags/twitter_dag.py took 2.324 seconds
[2023-05-19 16:37:10,055] {processor.py:153} INFO - Started process (PID=6319) to work on /Users/marianaoliveira/Downloads/alura1/airflow_pipeline/dags/twitter_dag.py
[2023-05-19 16:37:10,056] {processor.py:641} INFO - Processing file /Users/marianaoliveira/Downloads/alura1/airflow_pipeline/dags/twitter_dag.py for tasks to queue
[2023-05-19 16:37:10,057] {logging_mixin.py:115} INFO - [2023-05-19 16:37:10,056] {dagbag.py:507} INFO - Filling up the DagBag from /Users/marianaoliveira/Downloads/alura1/airflow_pipeline/dags/twitter_dag.py
[2023-05-19 16:37:10,260] {processor.py:651} INFO - DAG(s) dict_keys(['TwitterDAG']) retrieved from /Users/marianaoliveira/Downloads/alura1/airflow_pipeline/dags/twitter_dag.py
[2023-05-19 16:37:10,456] {logging_mixin.py:115} INFO - [2023-05-19 16:37:10,456] {dag.py:2379} INFO - Sync 1 DAGs
[2023-05-19 16:37:10,489] {logging_mixin.py:115} INFO - [2023-05-19 16:37:10,489] {dag.py:2927} INFO - Setting next_dagrun for TwitterDAG to 2023-05-17T00:00:00+00:00, run_after=2023-05-18T00:00:00+00:00
[2023-05-19 16:37:10,550] {processor.py:161} INFO - Processing /Users/marianaoliveira/Downloads/alura1/airflow_pipeline/dags/twitter_dag.py took 0.504 seconds
[2023-05-19 16:40:24,769] {processor.py:153} INFO - Started process (PID=6490) to work on /Users/marianaoliveira/Downloads/alura1/airflow_pipeline/dags/twitter_dag.py
[2023-05-19 16:40:24,774] {processor.py:641} INFO - Processing file /Users/marianaoliveira/Downloads/alura1/airflow_pipeline/dags/twitter_dag.py for tasks to queue
[2023-05-19 16:40:24,774] {logging_mixin.py:115} INFO - [2023-05-19 16:40:24,774] {dagbag.py:507} INFO - Filling up the DagBag from /Users/marianaoliveira/Downloads/alura1/airflow_pipeline/dags/twitter_dag.py
[2023-05-19 16:40:25,215] {processor.py:651} INFO - DAG(s) dict_keys(['TwitterDAG']) retrieved from /Users/marianaoliveira/Downloads/alura1/airflow_pipeline/dags/twitter_dag.py
[2023-05-19 16:40:25,516] {logging_mixin.py:115} INFO - [2023-05-19 16:40:25,515] {dag.py:2379} INFO - Sync 1 DAGs
[2023-05-19 16:40:25,585] {logging_mixin.py:115} INFO - [2023-05-19 16:40:25,585] {dag.py:2927} INFO - Setting next_dagrun for TwitterDAG to 2023-05-19T00:00:00+00:00, run_after=2023-05-20T00:00:00+00:00
[2023-05-19 16:40:25,613] {processor.py:161} INFO - Processing /Users/marianaoliveira/Downloads/alura1/airflow_pipeline/dags/twitter_dag.py took 0.845 seconds
[2023-05-19 16:49:45,253] {processor.py:153} INFO - Started process (PID=6636) to work on /Users/marianaoliveira/Downloads/alura1/airflow_pipeline/dags/twitter_dag.py
[2023-05-19 16:49:45,254] {processor.py:641} INFO - Processing file /Users/marianaoliveira/Downloads/alura1/airflow_pipeline/dags/twitter_dag.py for tasks to queue
[2023-05-19 16:49:45,255] {logging_mixin.py:115} INFO - [2023-05-19 16:49:45,255] {dagbag.py:507} INFO - Filling up the DagBag from /Users/marianaoliveira/Downloads/alura1/airflow_pipeline/dags/twitter_dag.py
[2023-05-19 16:49:45,680] {processor.py:651} INFO - DAG(s) dict_keys(['TwitterDAG']) retrieved from /Users/marianaoliveira/Downloads/alura1/airflow_pipeline/dags/twitter_dag.py
[2023-05-19 16:49:51,028] {logging_mixin.py:115} INFO - [2023-05-19 16:49:51,028] {dag.py:2379} INFO - Sync 1 DAGs
[2023-05-19 16:49:51,130] {logging_mixin.py:115} INFO - [2023-05-19 16:49:51,129] {dag.py:2927} INFO - Setting next_dagrun for TwitterDAG to 2023-05-19T00:00:00+00:00, run_after=2023-05-20T00:00:00+00:00
[2023-05-19 16:49:51,157] {processor.py:161} INFO - Processing /Users/marianaoliveira/Downloads/alura1/airflow_pipeline/dags/twitter_dag.py took 5.906 seconds
[2023-05-19 16:52:59,625] {processor.py:153} INFO - Started process (PID=6806) to work on /Users/marianaoliveira/Downloads/alura1/airflow_pipeline/dags/twitter_dag.py
[2023-05-19 16:52:59,626] {processor.py:641} INFO - Processing file /Users/marianaoliveira/Downloads/alura1/airflow_pipeline/dags/twitter_dag.py for tasks to queue
[2023-05-19 16:52:59,626] {logging_mixin.py:115} INFO - [2023-05-19 16:52:59,626] {dagbag.py:507} INFO - Filling up the DagBag from /Users/marianaoliveira/Downloads/alura1/airflow_pipeline/dags/twitter_dag.py
[2023-05-19 16:52:59,848] {processor.py:651} INFO - DAG(s) dict_keys(['TwitterDAG']) retrieved from /Users/marianaoliveira/Downloads/alura1/airflow_pipeline/dags/twitter_dag.py
[2023-05-19 16:53:02,013] {logging_mixin.py:115} INFO - [2023-05-19 16:53:02,013] {dag.py:2379} INFO - Sync 1 DAGs
[2023-05-19 16:53:02,035] {logging_mixin.py:115} INFO - [2023-05-19 16:53:02,035] {dag.py:2398} INFO - Creating ORM DAG for TwitterDAG
[2023-05-19 16:53:02,055] {logging_mixin.py:115} INFO - [2023-05-19 16:53:02,055] {dag.py:2927} INFO - Setting next_dagrun for TwitterDAG to 2023-05-17T00:00:00+00:00, run_after=2023-05-18T00:00:00+00:00
[2023-05-19 16:53:02,086] {processor.py:161} INFO - Processing /Users/marianaoliveira/Downloads/alura1/airflow_pipeline/dags/twitter_dag.py took 2.462 seconds
[2023-05-19 16:55:58,131] {processor.py:153} INFO - Started process (PID=7003) to work on /Users/marianaoliveira/Downloads/alura1/airflow_pipeline/dags/twitter_dag.py
[2023-05-19 16:55:58,133] {processor.py:641} INFO - Processing file /Users/marianaoliveira/Downloads/alura1/airflow_pipeline/dags/twitter_dag.py for tasks to queue
[2023-05-19 16:55:58,134] {logging_mixin.py:115} INFO - [2023-05-19 16:55:58,134] {dagbag.py:507} INFO - Filling up the DagBag from /Users/marianaoliveira/Downloads/alura1/airflow_pipeline/dags/twitter_dag.py
[2023-05-19 16:55:58,292] {processor.py:651} INFO - DAG(s) dict_keys(['TwitterDAG']) retrieved from /Users/marianaoliveira/Downloads/alura1/airflow_pipeline/dags/twitter_dag.py
[2023-05-19 16:55:58,402] {logging_mixin.py:115} INFO - [2023-05-19 16:55:58,402] {dag.py:2379} INFO - Sync 1 DAGs
[2023-05-19 16:55:58,427] {logging_mixin.py:115} INFO - [2023-05-19 16:55:58,427] {dag.py:2927} INFO - Setting next_dagrun for TwitterDAG to 2023-05-19T00:00:00+00:00, run_after=2023-05-20T00:00:00+00:00
[2023-05-19 16:55:58,446] {processor.py:161} INFO - Processing /Users/marianaoliveira/Downloads/alura1/airflow_pipeline/dags/twitter_dag.py took 0.317 seconds
[2023-05-19 16:57:26,427] {processor.py:153} INFO - Started process (PID=7035) to work on /Users/marianaoliveira/Downloads/alura1/airflow_pipeline/dags/twitter_dag.py
[2023-05-19 16:57:26,429] {processor.py:641} INFO - Processing file /Users/marianaoliveira/Downloads/alura1/airflow_pipeline/dags/twitter_dag.py for tasks to queue
[2023-05-19 16:57:26,430] {logging_mixin.py:115} INFO - [2023-05-19 16:57:26,430] {dagbag.py:507} INFO - Filling up the DagBag from /Users/marianaoliveira/Downloads/alura1/airflow_pipeline/dags/twitter_dag.py
[2023-05-19 16:57:26,674] {processor.py:651} INFO - DAG(s) dict_keys(['TwitterDAG']) retrieved from /Users/marianaoliveira/Downloads/alura1/airflow_pipeline/dags/twitter_dag.py
[2023-05-19 16:57:26,834] {logging_mixin.py:115} INFO - [2023-05-19 16:57:26,833] {dag.py:2379} INFO - Sync 1 DAGs
[2023-05-19 16:57:26,863] {logging_mixin.py:115} INFO - [2023-05-19 16:57:26,863] {dag.py:2927} INFO - Setting next_dagrun for TwitterDAG to 2023-05-19T00:00:00+00:00, run_after=2023-05-20T00:00:00+00:00
[2023-05-19 16:57:26,885] {processor.py:161} INFO - Processing /Users/marianaoliveira/Downloads/alura1/airflow_pipeline/dags/twitter_dag.py took 0.459 seconds
[2023-05-19 16:59:01,686] {processor.py:153} INFO - Started process (PID=7082) to work on /Users/marianaoliveira/Downloads/alura1/airflow_pipeline/dags/twitter_dag.py
[2023-05-19 16:59:01,688] {processor.py:641} INFO - Processing file /Users/marianaoliveira/Downloads/alura1/airflow_pipeline/dags/twitter_dag.py for tasks to queue
[2023-05-19 16:59:01,690] {logging_mixin.py:115} INFO - [2023-05-19 16:59:01,689] {dagbag.py:507} INFO - Filling up the DagBag from /Users/marianaoliveira/Downloads/alura1/airflow_pipeline/dags/twitter_dag.py
[2023-05-19 16:59:01,857] {processor.py:651} INFO - DAG(s) dict_keys(['TwitterDAG']) retrieved from /Users/marianaoliveira/Downloads/alura1/airflow_pipeline/dags/twitter_dag.py
[2023-05-19 16:59:01,995] {logging_mixin.py:115} INFO - [2023-05-19 16:59:01,994] {dag.py:2379} INFO - Sync 1 DAGs
[2023-05-19 16:59:02,030] {logging_mixin.py:115} INFO - [2023-05-19 16:59:02,029] {dag.py:2927} INFO - Setting next_dagrun for TwitterDAG to 2023-05-19T00:00:00+00:00, run_after=2023-05-20T00:00:00+00:00
[2023-05-19 16:59:02,045] {processor.py:161} INFO - Processing /Users/marianaoliveira/Downloads/alura1/airflow_pipeline/dags/twitter_dag.py took 0.361 seconds
[2023-05-19 17:00:33,524] {processor.py:153} INFO - Started process (PID=7126) to work on /Users/marianaoliveira/Downloads/alura1/airflow_pipeline/dags/twitter_dag.py
[2023-05-19 17:00:33,526] {processor.py:641} INFO - Processing file /Users/marianaoliveira/Downloads/alura1/airflow_pipeline/dags/twitter_dag.py for tasks to queue
[2023-05-19 17:00:33,526] {logging_mixin.py:115} INFO - [2023-05-19 17:00:33,526] {dagbag.py:507} INFO - Filling up the DagBag from /Users/marianaoliveira/Downloads/alura1/airflow_pipeline/dags/twitter_dag.py
[2023-05-19 17:00:33,795] {processor.py:651} INFO - DAG(s) dict_keys(['TwitterDAG']) retrieved from /Users/marianaoliveira/Downloads/alura1/airflow_pipeline/dags/twitter_dag.py
[2023-05-19 17:00:33,903] {logging_mixin.py:115} INFO - [2023-05-19 17:00:33,903] {dag.py:2379} INFO - Sync 1 DAGs
[2023-05-19 17:00:33,926] {logging_mixin.py:115} INFO - [2023-05-19 17:00:33,925] {dag.py:2927} INFO - Setting next_dagrun for TwitterDAG to 2023-05-19T00:00:00+00:00, run_after=2023-05-20T00:00:00+00:00
[2023-05-19 17:00:33,939] {processor.py:161} INFO - Processing /Users/marianaoliveira/Downloads/alura1/airflow_pipeline/dags/twitter_dag.py took 0.415 seconds
[2023-05-19 17:02:04,788] {processor.py:153} INFO - Started process (PID=7167) to work on /Users/marianaoliveira/Downloads/alura1/airflow_pipeline/dags/twitter_dag.py
[2023-05-19 17:02:04,790] {processor.py:641} INFO - Processing file /Users/marianaoliveira/Downloads/alura1/airflow_pipeline/dags/twitter_dag.py for tasks to queue
[2023-05-19 17:02:04,790] {logging_mixin.py:115} INFO - [2023-05-19 17:02:04,790] {dagbag.py:507} INFO - Filling up the DagBag from /Users/marianaoliveira/Downloads/alura1/airflow_pipeline/dags/twitter_dag.py
[2023-05-19 17:02:04,939] {processor.py:651} INFO - DAG(s) dict_keys(['TwitterDAG']) retrieved from /Users/marianaoliveira/Downloads/alura1/airflow_pipeline/dags/twitter_dag.py
[2023-05-19 17:02:06,116] {logging_mixin.py:115} INFO - [2023-05-19 17:02:06,115] {dag.py:2379} INFO - Sync 1 DAGs
[2023-05-19 17:02:06,146] {logging_mixin.py:115} INFO - [2023-05-19 17:02:06,145] {dag.py:2927} INFO - Setting next_dagrun for TwitterDAG to 2023-05-19T00:00:00+00:00, run_after=2023-05-20T00:00:00+00:00
[2023-05-19 17:02:06,177] {processor.py:161} INFO - Processing /Users/marianaoliveira/Downloads/alura1/airflow_pipeline/dags/twitter_dag.py took 1.391 seconds
[2023-05-19 17:04:31,215] {processor.py:153} INFO - Started process (PID=7301) to work on /Users/marianaoliveira/Downloads/alura1/airflow_pipeline/dags/twitter_dag.py
[2023-05-19 17:04:31,217] {processor.py:641} INFO - Processing file /Users/marianaoliveira/Downloads/alura1/airflow_pipeline/dags/twitter_dag.py for tasks to queue
[2023-05-19 17:04:31,218] {logging_mixin.py:115} INFO - [2023-05-19 17:04:31,218] {dagbag.py:507} INFO - Filling up the DagBag from /Users/marianaoliveira/Downloads/alura1/airflow_pipeline/dags/twitter_dag.py
[2023-05-19 17:04:31,548] {processor.py:651} INFO - DAG(s) dict_keys(['TwitterDAG']) retrieved from /Users/marianaoliveira/Downloads/alura1/airflow_pipeline/dags/twitter_dag.py
[2023-05-19 17:04:34,441] {logging_mixin.py:115} INFO - [2023-05-19 17:04:34,441] {dag.py:2379} INFO - Sync 1 DAGs
[2023-05-19 17:04:34,460] {logging_mixin.py:115} INFO - [2023-05-19 17:04:34,460] {dag.py:2398} INFO - Creating ORM DAG for TwitterDAG
[2023-05-19 17:04:34,482] {logging_mixin.py:115} INFO - [2023-05-19 17:04:34,482] {dag.py:2927} INFO - Setting next_dagrun for TwitterDAG to 2023-05-17T00:00:00+00:00, run_after=2023-05-18T00:00:00+00:00
[2023-05-19 17:04:34,534] {processor.py:161} INFO - Processing /Users/marianaoliveira/Downloads/alura1/airflow_pipeline/dags/twitter_dag.py took 3.325 seconds
[2023-05-19 17:29:18,268] {processor.py:153} INFO - Started process (PID=7696) to work on /Users/marianaoliveira/Downloads/alura1/airflow_pipeline/dags/twitter_dag.py
[2023-05-19 17:29:18,269] {processor.py:641} INFO - Processing file /Users/marianaoliveira/Downloads/alura1/airflow_pipeline/dags/twitter_dag.py for tasks to queue
[2023-05-19 17:29:18,270] {logging_mixin.py:115} INFO - [2023-05-19 17:29:18,269] {dagbag.py:507} INFO - Filling up the DagBag from /Users/marianaoliveira/Downloads/alura1/airflow_pipeline/dags/twitter_dag.py
[2023-05-19 17:29:18,279] {logging_mixin.py:115} INFO - [2023-05-19 17:29:18,272] {dagbag.py:320} ERROR - Failed to import: /Users/marianaoliveira/Downloads/alura1/airflow_pipeline/dags/twitter_dag.py
Traceback (most recent call last):
  File "/Users/marianaoliveira/Downloads/alura1/venv/lib/python3.10/site-packages/airflow/models/dagbag.py", line 317, in parse
    loader.exec_module(new_module)
  File "<frozen importlib._bootstrap_external>", line 879, in exec_module
  File "<frozen importlib._bootstrap_external>", line 1017, in get_code
  File "<frozen importlib._bootstrap_external>", line 947, in source_to_code
  File "<frozen importlib._bootstrap>", line 241, in _call_with_frames_removed
  File "/Users/marianaoliveira/Downloads/alura1/airflow_pipeline/dags/twitter_dag.py", line 38
    twitter_insight = SparkSubmitOperator(task_id="insight_twitter",
                                                                    ^
IndentationError: unindent does not match any outer indentation level
[2023-05-19 17:29:18,279] {processor.py:653} WARNING - No viable dags retrieved from /Users/marianaoliveira/Downloads/alura1/airflow_pipeline/dags/twitter_dag.py
[2023-05-19 17:29:18,508] {processor.py:161} INFO - Processing /Users/marianaoliveira/Downloads/alura1/airflow_pipeline/dags/twitter_dag.py took 0.241 seconds
[2023-05-19 17:31:42,647] {processor.py:153} INFO - Started process (PID=7776) to work on /Users/marianaoliveira/Downloads/alura1/airflow_pipeline/dags/twitter_dag.py
[2023-05-19 17:31:42,648] {processor.py:641} INFO - Processing file /Users/marianaoliveira/Downloads/alura1/airflow_pipeline/dags/twitter_dag.py for tasks to queue
[2023-05-19 17:31:42,649] {logging_mixin.py:115} INFO - [2023-05-19 17:31:42,649] {dagbag.py:507} INFO - Filling up the DagBag from /Users/marianaoliveira/Downloads/alura1/airflow_pipeline/dags/twitter_dag.py
[2023-05-19 17:31:42,656] {logging_mixin.py:115} INFO - [2023-05-19 17:31:42,653] {dagbag.py:320} ERROR - Failed to import: /Users/marianaoliveira/Downloads/alura1/airflow_pipeline/dags/twitter_dag.py
Traceback (most recent call last):
  File "/Users/marianaoliveira/Downloads/alura1/venv/lib/python3.10/site-packages/airflow/models/dagbag.py", line 317, in parse
    loader.exec_module(new_module)
  File "<frozen importlib._bootstrap_external>", line 879, in exec_module
  File "<frozen importlib._bootstrap_external>", line 1017, in get_code
  File "<frozen importlib._bootstrap_external>", line 947, in source_to_code
  File "<frozen importlib._bootstrap>", line 241, in _call_with_frames_removed
  File "/Users/marianaoliveira/Downloads/alura1/airflow_pipeline/dags/twitter_dag.py", line 38
    twitter_insight = SparkSubmitOperator(task_id="insight_twitter",
                                                                    ^
IndentationError: unindent does not match any outer indentation level
[2023-05-19 17:31:42,656] {processor.py:653} WARNING - No viable dags retrieved from /Users/marianaoliveira/Downloads/alura1/airflow_pipeline/dags/twitter_dag.py
[2023-05-19 17:31:42,738] {processor.py:161} INFO - Processing /Users/marianaoliveira/Downloads/alura1/airflow_pipeline/dags/twitter_dag.py took 0.093 seconds
[2023-05-19 17:34:19,282] {processor.py:153} INFO - Started process (PID=7843) to work on /Users/marianaoliveira/Downloads/alura1/airflow_pipeline/dags/twitter_dag.py
[2023-05-19 17:34:19,282] {processor.py:641} INFO - Processing file /Users/marianaoliveira/Downloads/alura1/airflow_pipeline/dags/twitter_dag.py for tasks to queue
[2023-05-19 17:34:19,283] {logging_mixin.py:115} INFO - [2023-05-19 17:34:19,283] {dagbag.py:507} INFO - Filling up the DagBag from /Users/marianaoliveira/Downloads/alura1/airflow_pipeline/dags/twitter_dag.py
[2023-05-19 17:34:19,286] {logging_mixin.py:115} INFO - [2023-05-19 17:34:19,284] {dagbag.py:320} ERROR - Failed to import: /Users/marianaoliveira/Downloads/alura1/airflow_pipeline/dags/twitter_dag.py
Traceback (most recent call last):
  File "/Users/marianaoliveira/Downloads/alura1/venv/lib/python3.10/site-packages/airflow/models/dagbag.py", line 317, in parse
    loader.exec_module(new_module)
  File "<frozen importlib._bootstrap_external>", line 879, in exec_module
  File "<frozen importlib._bootstrap_external>", line 1017, in get_code
  File "<frozen importlib._bootstrap_external>", line 947, in source_to_code
  File "<frozen importlib._bootstrap>", line 241, in _call_with_frames_removed
  File "/Users/marianaoliveira/Downloads/alura1/airflow_pipeline/dags/twitter_dag.py", line 38
    twitter_insight = SparkSubmitOperator(task_id="insight_twitter",
                                                                    ^
IndentationError: unindent does not match any outer indentation level
[2023-05-19 17:34:19,286] {processor.py:653} WARNING - No viable dags retrieved from /Users/marianaoliveira/Downloads/alura1/airflow_pipeline/dags/twitter_dag.py
[2023-05-19 17:34:19,498] {processor.py:161} INFO - Processing /Users/marianaoliveira/Downloads/alura1/airflow_pipeline/dags/twitter_dag.py took 0.217 seconds
[2023-05-19 17:36:54,197] {processor.py:153} INFO - Started process (PID=7896) to work on /Users/marianaoliveira/Downloads/alura1/airflow_pipeline/dags/twitter_dag.py
[2023-05-19 17:36:54,198] {processor.py:641} INFO - Processing file /Users/marianaoliveira/Downloads/alura1/airflow_pipeline/dags/twitter_dag.py for tasks to queue
[2023-05-19 17:36:54,198] {logging_mixin.py:115} INFO - [2023-05-19 17:36:54,198] {dagbag.py:507} INFO - Filling up the DagBag from /Users/marianaoliveira/Downloads/alura1/airflow_pipeline/dags/twitter_dag.py
[2023-05-19 17:36:54,203] {logging_mixin.py:115} INFO - [2023-05-19 17:36:54,202] {dagbag.py:320} ERROR - Failed to import: /Users/marianaoliveira/Downloads/alura1/airflow_pipeline/dags/twitter_dag.py
Traceback (most recent call last):
  File "/Users/marianaoliveira/Downloads/alura1/venv/lib/python3.10/site-packages/airflow/models/dagbag.py", line 317, in parse
    loader.exec_module(new_module)
  File "<frozen importlib._bootstrap_external>", line 879, in exec_module
  File "<frozen importlib._bootstrap_external>", line 1017, in get_code
  File "<frozen importlib._bootstrap_external>", line 947, in source_to_code
  File "<frozen importlib._bootstrap>", line 241, in _call_with_frames_removed
  File "/Users/marianaoliveira/Downloads/alura1/airflow_pipeline/dags/twitter_dag.py", line 38
    twitter_insight = SparkSubmitOperator(task_id="insight_twitter",
                                                                    ^
IndentationError: unindent does not match any outer indentation level
[2023-05-19 17:36:54,203] {processor.py:653} WARNING - No viable dags retrieved from /Users/marianaoliveira/Downloads/alura1/airflow_pipeline/dags/twitter_dag.py
[2023-05-19 17:36:54,308] {processor.py:161} INFO - Processing /Users/marianaoliveira/Downloads/alura1/airflow_pipeline/dags/twitter_dag.py took 0.112 seconds
[2023-05-19 17:38:39,618] {processor.py:153} INFO - Started process (PID=7947) to work on /Users/marianaoliveira/Downloads/alura1/airflow_pipeline/dags/twitter_dag.py
[2023-05-19 17:38:39,631] {processor.py:641} INFO - Processing file /Users/marianaoliveira/Downloads/alura1/airflow_pipeline/dags/twitter_dag.py for tasks to queue
[2023-05-19 17:38:39,631] {logging_mixin.py:115} INFO - [2023-05-19 17:38:39,631] {dagbag.py:507} INFO - Filling up the DagBag from /Users/marianaoliveira/Downloads/alura1/airflow_pipeline/dags/twitter_dag.py
[2023-05-19 17:38:39,648] {logging_mixin.py:115} INFO - [2023-05-19 17:38:39,646] {dagbag.py:320} ERROR - Failed to import: /Users/marianaoliveira/Downloads/alura1/airflow_pipeline/dags/twitter_dag.py
Traceback (most recent call last):
  File "/Users/marianaoliveira/Downloads/alura1/venv/lib/python3.10/site-packages/airflow/models/dagbag.py", line 317, in parse
    loader.exec_module(new_module)
  File "<frozen importlib._bootstrap_external>", line 879, in exec_module
  File "<frozen importlib._bootstrap_external>", line 1017, in get_code
  File "<frozen importlib._bootstrap_external>", line 947, in source_to_code
  File "<frozen importlib._bootstrap>", line 241, in _call_with_frames_removed
  File "/Users/marianaoliveira/Downloads/alura1/airflow_pipeline/dags/twitter_dag.py", line 24
    twitter_operator = TwitterOperator(file_path=join(BASE_FOLDER.format(stage="bronze", partition=PARTITION_FOLDER_EXTRACT),
                                                                                                                             ^
IndentationError: unindent does not match any outer indentation level
[2023-05-19 17:38:39,649] {processor.py:653} WARNING - No viable dags retrieved from /Users/marianaoliveira/Downloads/alura1/airflow_pipeline/dags/twitter_dag.py
[2023-05-19 17:38:39,807] {processor.py:161} INFO - Processing /Users/marianaoliveira/Downloads/alura1/airflow_pipeline/dags/twitter_dag.py took 0.195 seconds
[2023-05-19 17:43:18,653] {processor.py:153} INFO - Started process (PID=8039) to work on /Users/marianaoliveira/Downloads/alura1/airflow_pipeline/dags/twitter_dag.py
[2023-05-19 17:43:18,654] {processor.py:641} INFO - Processing file /Users/marianaoliveira/Downloads/alura1/airflow_pipeline/dags/twitter_dag.py for tasks to queue
[2023-05-19 17:43:18,654] {logging_mixin.py:115} INFO - [2023-05-19 17:43:18,654] {dagbag.py:507} INFO - Filling up the DagBag from /Users/marianaoliveira/Downloads/alura1/airflow_pipeline/dags/twitter_dag.py
[2023-05-19 17:43:18,661] {logging_mixin.py:115} INFO - [2023-05-19 17:43:18,656] {dagbag.py:320} ERROR - Failed to import: /Users/marianaoliveira/Downloads/alura1/airflow_pipeline/dags/twitter_dag.py
Traceback (most recent call last):
  File "/Users/marianaoliveira/Downloads/alura1/venv/lib/python3.10/site-packages/airflow/models/dagbag.py", line 317, in parse
    loader.exec_module(new_module)
  File "<frozen importlib._bootstrap_external>", line 879, in exec_module
  File "<frozen importlib._bootstrap_external>", line 1017, in get_code
  File "<frozen importlib._bootstrap_external>", line 947, in source_to_code
  File "<frozen importlib._bootstrap>", line 241, in _call_with_frames_removed
  File "/Users/marianaoliveira/Downloads/alura1/airflow_pipeline/dags/twitter_dag.py", line 24
    twitter_operator = TwitterOperator(file_path=join(BASE_FOLDER.format(stage="bronze", partition=PARTITION_FOLDER_EXTRACT),
                                                                                                                             ^
IndentationError: unindent does not match any outer indentation level
[2023-05-19 17:43:18,665] {processor.py:653} WARNING - No viable dags retrieved from /Users/marianaoliveira/Downloads/alura1/airflow_pipeline/dags/twitter_dag.py
[2023-05-19 17:43:18,940] {processor.py:161} INFO - Processing /Users/marianaoliveira/Downloads/alura1/airflow_pipeline/dags/twitter_dag.py took 0.289 seconds
[2023-05-19 17:46:17,310] {processor.py:153} INFO - Started process (PID=8133) to work on /Users/marianaoliveira/Downloads/alura1/airflow_pipeline/dags/twitter_dag.py
[2023-05-19 17:46:17,312] {processor.py:641} INFO - Processing file /Users/marianaoliveira/Downloads/alura1/airflow_pipeline/dags/twitter_dag.py for tasks to queue
[2023-05-19 17:46:17,312] {logging_mixin.py:115} INFO - [2023-05-19 17:46:17,312] {dagbag.py:507} INFO - Filling up the DagBag from /Users/marianaoliveira/Downloads/alura1/airflow_pipeline/dags/twitter_dag.py
[2023-05-19 17:46:17,317] {logging_mixin.py:115} INFO - [2023-05-19 17:46:17,316] {dagbag.py:320} ERROR - Failed to import: /Users/marianaoliveira/Downloads/alura1/airflow_pipeline/dags/twitter_dag.py
Traceback (most recent call last):
  File "/Users/marianaoliveira/Downloads/alura1/venv/lib/python3.10/site-packages/airflow/models/dagbag.py", line 317, in parse
    loader.exec_module(new_module)
  File "<frozen importlib._bootstrap_external>", line 879, in exec_module
  File "<frozen importlib._bootstrap_external>", line 1017, in get_code
  File "<frozen importlib._bootstrap_external>", line 947, in source_to_code
  File "<frozen importlib._bootstrap>", line 241, in _call_with_frames_removed
  File "/Users/marianaoliveira/Downloads/alura1/airflow_pipeline/dags/twitter_dag.py", line 24
    twitter_operator = TwitterOperator(file_path=join(BASE_FOLDER.format(stage="bronze", partition=PARTITION_FOLDER_EXTRACT),
                                                                                                                             ^
IndentationError: unindent does not match any outer indentation level
[2023-05-19 17:46:17,317] {processor.py:653} WARNING - No viable dags retrieved from /Users/marianaoliveira/Downloads/alura1/airflow_pipeline/dags/twitter_dag.py
[2023-05-19 17:46:17,460] {processor.py:161} INFO - Processing /Users/marianaoliveira/Downloads/alura1/airflow_pipeline/dags/twitter_dag.py took 0.151 seconds
[2023-05-19 17:48:14,590] {processor.py:153} INFO - Started process (PID=8181) to work on /Users/marianaoliveira/Downloads/alura1/airflow_pipeline/dags/twitter_dag.py
[2023-05-19 17:48:14,591] {processor.py:641} INFO - Processing file /Users/marianaoliveira/Downloads/alura1/airflow_pipeline/dags/twitter_dag.py for tasks to queue
[2023-05-19 17:48:14,592] {logging_mixin.py:115} INFO - [2023-05-19 17:48:14,592] {dagbag.py:507} INFO - Filling up the DagBag from /Users/marianaoliveira/Downloads/alura1/airflow_pipeline/dags/twitter_dag.py
[2023-05-19 17:48:14,594] {logging_mixin.py:115} INFO - [2023-05-19 17:48:14,593] {dagbag.py:320} ERROR - Failed to import: /Users/marianaoliveira/Downloads/alura1/airflow_pipeline/dags/twitter_dag.py
Traceback (most recent call last):
  File "/Users/marianaoliveira/Downloads/alura1/venv/lib/python3.10/site-packages/airflow/models/dagbag.py", line 317, in parse
    loader.exec_module(new_module)
  File "<frozen importlib._bootstrap_external>", line 879, in exec_module
  File "<frozen importlib._bootstrap_external>", line 1017, in get_code
  File "<frozen importlib._bootstrap_external>", line 947, in source_to_code
  File "<frozen importlib._bootstrap>", line 241, in _call_with_frames_removed
  File "/Users/marianaoliveira/Downloads/alura1/airflow_pipeline/dags/twitter_dag.py", line 24
    twitter_operator = TwitterOperator(file_path=join(BASE_FOLDER.format(stage="bronze", partition=PARTITION_FOLDER_EXTRACT), "datascience_{{ ds_nodash }}.json"),
                                                                                                                                                                  ^
IndentationError: unindent does not match any outer indentation level
[2023-05-19 17:48:14,594] {processor.py:653} WARNING - No viable dags retrieved from /Users/marianaoliveira/Downloads/alura1/airflow_pipeline/dags/twitter_dag.py
[2023-05-19 17:48:14,675] {processor.py:161} INFO - Processing /Users/marianaoliveira/Downloads/alura1/airflow_pipeline/dags/twitter_dag.py took 0.087 seconds
[2023-05-19 17:49:36,029] {processor.py:153} INFO - Started process (PID=8217) to work on /Users/marianaoliveira/Downloads/alura1/airflow_pipeline/dags/twitter_dag.py
[2023-05-19 17:49:36,030] {processor.py:641} INFO - Processing file /Users/marianaoliveira/Downloads/alura1/airflow_pipeline/dags/twitter_dag.py for tasks to queue
[2023-05-19 17:49:36,031] {logging_mixin.py:115} INFO - [2023-05-19 17:49:36,031] {dagbag.py:507} INFO - Filling up the DagBag from /Users/marianaoliveira/Downloads/alura1/airflow_pipeline/dags/twitter_dag.py
[2023-05-19 17:49:36,040] {logging_mixin.py:115} INFO - [2023-05-19 17:49:36,034] {dagbag.py:320} ERROR - Failed to import: /Users/marianaoliveira/Downloads/alura1/airflow_pipeline/dags/twitter_dag.py
Traceback (most recent call last):
  File "/Users/marianaoliveira/Downloads/alura1/venv/lib/python3.10/site-packages/airflow/models/dagbag.py", line 317, in parse
    loader.exec_module(new_module)
  File "<frozen importlib._bootstrap_external>", line 879, in exec_module
  File "<frozen importlib._bootstrap_external>", line 1017, in get_code
  File "<frozen importlib._bootstrap_external>", line 947, in source_to_code
  File "<frozen importlib._bootstrap>", line 241, in _call_with_frames_removed
  File "/Users/marianaoliveira/Downloads/alura1/airflow_pipeline/dags/twitter_dag.py", line 24
    twitter_operator = TwitterOperator(file_path=join(BASE_FOLDER.format(stage="bronze", partition=PARTITION_FOLDER_EXTRACT), "datascience_{{ ds_nodash }}.json"),
                                                                                                                                                                  ^
IndentationError: unindent does not match any outer indentation level
[2023-05-19 17:49:36,040] {processor.py:653} WARNING - No viable dags retrieved from /Users/marianaoliveira/Downloads/alura1/airflow_pipeline/dags/twitter_dag.py
[2023-05-19 17:49:36,117] {processor.py:161} INFO - Processing /Users/marianaoliveira/Downloads/alura1/airflow_pipeline/dags/twitter_dag.py took 0.089 seconds
[2023-05-19 17:51:18,443] {processor.py:153} INFO - Started process (PID=8285) to work on /Users/marianaoliveira/Downloads/alura1/airflow_pipeline/dags/twitter_dag.py
[2023-05-19 17:51:18,445] {processor.py:641} INFO - Processing file /Users/marianaoliveira/Downloads/alura1/airflow_pipeline/dags/twitter_dag.py for tasks to queue
[2023-05-19 17:51:18,446] {logging_mixin.py:115} INFO - [2023-05-19 17:51:18,446] {dagbag.py:507} INFO - Filling up the DagBag from /Users/marianaoliveira/Downloads/alura1/airflow_pipeline/dags/twitter_dag.py
[2023-05-19 17:51:18,454] {logging_mixin.py:115} INFO - [2023-05-19 17:51:18,450] {dagbag.py:320} ERROR - Failed to import: /Users/marianaoliveira/Downloads/alura1/airflow_pipeline/dags/twitter_dag.py
Traceback (most recent call last):
  File "/Users/marianaoliveira/Downloads/alura1/venv/lib/python3.10/site-packages/airflow/models/dagbag.py", line 317, in parse
    loader.exec_module(new_module)
  File "<frozen importlib._bootstrap_external>", line 879, in exec_module
  File "<frozen importlib._bootstrap_external>", line 1017, in get_code
  File "<frozen importlib._bootstrap_external>", line 947, in source_to_code
  File "<frozen importlib._bootstrap>", line 241, in _call_with_frames_removed
  File "/Users/marianaoliveira/Downloads/alura1/airflow_pipeline/dags/twitter_dag.py", line 24
    twitter_operator = TwitterOperator(file_path=join(BASE_FOLDER.format(stage="bronze", partition=PARTITION_FOLDER_EXTRACT), "datascience_{{ ds_nodash }}.json"),
                                                                                                                                                                  ^
IndentationError: unindent does not match any outer indentation level
[2023-05-19 17:51:18,456] {processor.py:653} WARNING - No viable dags retrieved from /Users/marianaoliveira/Downloads/alura1/airflow_pipeline/dags/twitter_dag.py
[2023-05-19 17:51:18,564] {processor.py:161} INFO - Processing /Users/marianaoliveira/Downloads/alura1/airflow_pipeline/dags/twitter_dag.py took 0.132 seconds
[2023-05-19 17:53:07,066] {processor.py:153} INFO - Started process (PID=8360) to work on /Users/marianaoliveira/Downloads/alura1/airflow_pipeline/dags/twitter_dag.py
[2023-05-19 17:53:07,066] {processor.py:641} INFO - Processing file /Users/marianaoliveira/Downloads/alura1/airflow_pipeline/dags/twitter_dag.py for tasks to queue
[2023-05-19 17:53:07,067] {logging_mixin.py:115} INFO - [2023-05-19 17:53:07,067] {dagbag.py:507} INFO - Filling up the DagBag from /Users/marianaoliveira/Downloads/alura1/airflow_pipeline/dags/twitter_dag.py
[2023-05-19 17:53:07,072] {logging_mixin.py:115} INFO - [2023-05-19 17:53:07,071] {dagbag.py:320} ERROR - Failed to import: /Users/marianaoliveira/Downloads/alura1/airflow_pipeline/dags/twitter_dag.py
Traceback (most recent call last):
  File "/Users/marianaoliveira/Downloads/alura1/venv/lib/python3.10/site-packages/airflow/models/dagbag.py", line 317, in parse
    loader.exec_module(new_module)
  File "<frozen importlib._bootstrap_external>", line 879, in exec_module
  File "<frozen importlib._bootstrap_external>", line 1017, in get_code
  File "<frozen importlib._bootstrap_external>", line 947, in source_to_code
  File "<frozen importlib._bootstrap>", line 241, in _call_with_frames_removed
  File "/Users/marianaoliveira/Downloads/alura1/airflow_pipeline/dags/twitter_dag.py", line 24
    twitter_operator = TwitterOperator(file_path=join(BASE_FOLDER.format(stage="bronze", partition=PARTITION_FOLDER_EXTRACT), "datascience_{{ ds_nodash }}.json"),
                                                                                                                                                                  ^
IndentationError: unindent does not match any outer indentation level
[2023-05-19 17:53:07,072] {processor.py:653} WARNING - No viable dags retrieved from /Users/marianaoliveira/Downloads/alura1/airflow_pipeline/dags/twitter_dag.py
[2023-05-19 17:53:07,171] {processor.py:161} INFO - Processing /Users/marianaoliveira/Downloads/alura1/airflow_pipeline/dags/twitter_dag.py took 0.107 seconds
[2023-05-19 17:54:59,462] {processor.py:153} INFO - Started process (PID=8466) to work on /Users/marianaoliveira/Downloads/alura1/airflow_pipeline/dags/twitter_dag.py
[2023-05-19 17:54:59,463] {processor.py:641} INFO - Processing file /Users/marianaoliveira/Downloads/alura1/airflow_pipeline/dags/twitter_dag.py for tasks to queue
[2023-05-19 17:54:59,464] {logging_mixin.py:115} INFO - [2023-05-19 17:54:59,464] {dagbag.py:507} INFO - Filling up the DagBag from /Users/marianaoliveira/Downloads/alura1/airflow_pipeline/dags/twitter_dag.py
[2023-05-19 17:54:59,608] {processor.py:651} INFO - DAG(s) dict_keys(['TwitterDAG']) retrieved from /Users/marianaoliveira/Downloads/alura1/airflow_pipeline/dags/twitter_dag.py
[2023-05-19 17:55:01,508] {logging_mixin.py:115} INFO - [2023-05-19 17:55:01,507] {dag.py:2379} INFO - Sync 1 DAGs
[2023-05-19 17:55:01,518] {logging_mixin.py:115} INFO - [2023-05-19 17:55:01,517] {dag.py:2398} INFO - Creating ORM DAG for TwitterDAG
[2023-05-19 17:55:01,535] {logging_mixin.py:115} INFO - [2023-05-19 17:55:01,534] {dag.py:2927} INFO - Setting next_dagrun for TwitterDAG to 2023-05-17T00:00:00+00:00, run_after=2023-05-18T00:00:00+00:00
[2023-05-19 17:55:01,561] {processor.py:161} INFO - Processing /Users/marianaoliveira/Downloads/alura1/airflow_pipeline/dags/twitter_dag.py took 2.101 seconds
[2023-05-19 17:56:29,999] {processor.py:153} INFO - Started process (PID=8557) to work on /Users/marianaoliveira/Downloads/alura1/airflow_pipeline/dags/twitter_dag.py
[2023-05-19 17:56:30,001] {processor.py:641} INFO - Processing file /Users/marianaoliveira/Downloads/alura1/airflow_pipeline/dags/twitter_dag.py for tasks to queue
[2023-05-19 17:56:30,003] {logging_mixin.py:115} INFO - [2023-05-19 17:56:30,003] {dagbag.py:507} INFO - Filling up the DagBag from /Users/marianaoliveira/Downloads/alura1/airflow_pipeline/dags/twitter_dag.py
[2023-05-19 17:56:30,276] {processor.py:651} INFO - DAG(s) dict_keys(['TwitterDAG']) retrieved from /Users/marianaoliveira/Downloads/alura1/airflow_pipeline/dags/twitter_dag.py
[2023-05-19 17:56:30,440] {logging_mixin.py:115} INFO - [2023-05-19 17:56:30,440] {dag.py:2379} INFO - Sync 1 DAGs
[2023-05-19 17:56:30,466] {logging_mixin.py:115} INFO - [2023-05-19 17:56:30,466] {dag.py:2927} INFO - Setting next_dagrun for TwitterDAG to 2023-05-17T00:00:00+00:00, run_after=2023-05-18T00:00:00+00:00
[2023-05-19 17:56:30,490] {processor.py:161} INFO - Processing /Users/marianaoliveira/Downloads/alura1/airflow_pipeline/dags/twitter_dag.py took 0.493 seconds
[2023-05-19 17:58:00,891] {processor.py:153} INFO - Started process (PID=8607) to work on /Users/marianaoliveira/Downloads/alura1/airflow_pipeline/dags/twitter_dag.py
[2023-05-19 17:58:00,892] {processor.py:641} INFO - Processing file /Users/marianaoliveira/Downloads/alura1/airflow_pipeline/dags/twitter_dag.py for tasks to queue
[2023-05-19 17:58:00,893] {logging_mixin.py:115} INFO - [2023-05-19 17:58:00,893] {dagbag.py:507} INFO - Filling up the DagBag from /Users/marianaoliveira/Downloads/alura1/airflow_pipeline/dags/twitter_dag.py
[2023-05-19 17:58:01,127] {processor.py:651} INFO - DAG(s) dict_keys(['TwitterDAG']) retrieved from /Users/marianaoliveira/Downloads/alura1/airflow_pipeline/dags/twitter_dag.py
[2023-05-19 17:58:01,279] {logging_mixin.py:115} INFO - [2023-05-19 17:58:01,279] {dag.py:2379} INFO - Sync 1 DAGs
[2023-05-19 17:58:01,320] {logging_mixin.py:115} INFO - [2023-05-19 17:58:01,319] {dag.py:2927} INFO - Setting next_dagrun for TwitterDAG to 2023-05-17T00:00:00+00:00, run_after=2023-05-18T00:00:00+00:00
[2023-05-19 17:58:01,344] {processor.py:161} INFO - Processing /Users/marianaoliveira/Downloads/alura1/airflow_pipeline/dags/twitter_dag.py took 0.454 seconds
[2023-05-19 17:59:49,386] {processor.py:153} INFO - Started process (PID=8652) to work on /Users/marianaoliveira/Downloads/alura1/airflow_pipeline/dags/twitter_dag.py
[2023-05-19 17:59:49,388] {processor.py:641} INFO - Processing file /Users/marianaoliveira/Downloads/alura1/airflow_pipeline/dags/twitter_dag.py for tasks to queue
[2023-05-19 17:59:49,389] {logging_mixin.py:115} INFO - [2023-05-19 17:59:49,389] {dagbag.py:507} INFO - Filling up the DagBag from /Users/marianaoliveira/Downloads/alura1/airflow_pipeline/dags/twitter_dag.py
[2023-05-19 17:59:50,215] {processor.py:651} INFO - DAG(s) dict_keys(['TwitterDAG']) retrieved from /Users/marianaoliveira/Downloads/alura1/airflow_pipeline/dags/twitter_dag.py
[2023-05-19 17:59:50,937] {logging_mixin.py:115} INFO - [2023-05-19 17:59:50,936] {dag.py:2379} INFO - Sync 1 DAGs
[2023-05-19 17:59:51,055] {logging_mixin.py:115} INFO - [2023-05-19 17:59:51,055] {dag.py:2927} INFO - Setting next_dagrun for TwitterDAG to 2023-05-18T00:00:00+00:00, run_after=2023-05-19T00:00:00+00:00
[2023-05-19 17:59:51,144] {processor.py:161} INFO - Processing /Users/marianaoliveira/Downloads/alura1/airflow_pipeline/dags/twitter_dag.py took 1.759 seconds
[2023-05-19 18:02:04,044] {processor.py:153} INFO - Started process (PID=8823) to work on /Users/marianaoliveira/Downloads/alura1/airflow_pipeline/dags/twitter_dag.py
[2023-05-19 18:02:04,066] {processor.py:641} INFO - Processing file /Users/marianaoliveira/Downloads/alura1/airflow_pipeline/dags/twitter_dag.py for tasks to queue
[2023-05-19 18:02:04,067] {logging_mixin.py:115} INFO - [2023-05-19 18:02:04,067] {dagbag.py:507} INFO - Filling up the DagBag from /Users/marianaoliveira/Downloads/alura1/airflow_pipeline/dags/twitter_dag.py
[2023-05-19 18:02:04,348] {processor.py:651} INFO - DAG(s) dict_keys(['TwitterDAG']) retrieved from /Users/marianaoliveira/Downloads/alura1/airflow_pipeline/dags/twitter_dag.py
[2023-05-19 18:02:04,473] {logging_mixin.py:115} INFO - [2023-05-19 18:02:04,473] {dag.py:2379} INFO - Sync 1 DAGs
[2023-05-19 18:02:04,498] {logging_mixin.py:115} INFO - [2023-05-19 18:02:04,498] {dag.py:2927} INFO - Setting next_dagrun for TwitterDAG to 2023-05-19T00:00:00+00:00, run_after=2023-05-20T00:00:00+00:00
[2023-05-19 18:02:04,518] {processor.py:161} INFO - Processing /Users/marianaoliveira/Downloads/alura1/airflow_pipeline/dags/twitter_dag.py took 0.476 seconds
[2023-05-19 18:13:27,723] {processor.py:153} INFO - Started process (PID=9146) to work on /Users/marianaoliveira/Downloads/alura1/airflow_pipeline/dags/twitter_dag.py
[2023-05-19 18:13:27,728] {processor.py:641} INFO - Processing file /Users/marianaoliveira/Downloads/alura1/airflow_pipeline/dags/twitter_dag.py for tasks to queue
[2023-05-19 18:13:27,728] {logging_mixin.py:115} INFO - [2023-05-19 18:13:27,728] {dagbag.py:507} INFO - Filling up the DagBag from /Users/marianaoliveira/Downloads/alura1/airflow_pipeline/dags/twitter_dag.py
[2023-05-19 18:13:28,089] {processor.py:651} INFO - DAG(s) dict_keys(['TwitterDAG']) retrieved from /Users/marianaoliveira/Downloads/alura1/airflow_pipeline/dags/twitter_dag.py
[2023-05-19 18:13:31,418] {logging_mixin.py:115} INFO - [2023-05-19 18:13:31,418] {dag.py:2379} INFO - Sync 1 DAGs
[2023-05-19 18:13:31,500] {logging_mixin.py:115} INFO - [2023-05-19 18:13:31,500] {dag.py:2927} INFO - Setting next_dagrun for TwitterDAG to 2023-05-19T00:00:00+00:00, run_after=2023-05-20T00:00:00+00:00
[2023-05-19 18:13:31,531] {processor.py:161} INFO - Processing /Users/marianaoliveira/Downloads/alura1/airflow_pipeline/dags/twitter_dag.py took 3.812 seconds
[2023-05-19 18:16:26,261] {processor.py:153} INFO - Started process (PID=9264) to work on /Users/marianaoliveira/Downloads/alura1/airflow_pipeline/dags/twitter_dag.py
[2023-05-19 18:16:26,264] {processor.py:641} INFO - Processing file /Users/marianaoliveira/Downloads/alura1/airflow_pipeline/dags/twitter_dag.py for tasks to queue
[2023-05-19 18:16:26,265] {logging_mixin.py:115} INFO - [2023-05-19 18:16:26,264] {dagbag.py:507} INFO - Filling up the DagBag from /Users/marianaoliveira/Downloads/alura1/airflow_pipeline/dags/twitter_dag.py
[2023-05-19 18:16:26,489] {processor.py:651} INFO - DAG(s) dict_keys(['TwitterDAG']) retrieved from /Users/marianaoliveira/Downloads/alura1/airflow_pipeline/dags/twitter_dag.py
[2023-05-19 18:16:30,073] {logging_mixin.py:115} INFO - [2023-05-19 18:16:30,065] {dag.py:2379} INFO - Sync 1 DAGs
[2023-05-19 18:16:30,098] {logging_mixin.py:115} INFO - [2023-05-19 18:16:30,098] {dag.py:2398} INFO - Creating ORM DAG for TwitterDAG
[2023-05-19 18:16:30,317] {logging_mixin.py:115} INFO - [2023-05-19 18:16:30,317] {dag.py:2927} INFO - Setting next_dagrun for TwitterDAG to 2023-05-13T00:00:00+00:00, run_after=2023-05-14T00:00:00+00:00
[2023-05-19 18:16:30,417] {processor.py:161} INFO - Processing /Users/marianaoliveira/Downloads/alura1/airflow_pipeline/dags/twitter_dag.py took 4.157 seconds
[2023-05-19 18:19:36,472] {processor.py:153} INFO - Started process (PID=9466) to work on /Users/marianaoliveira/Downloads/alura1/airflow_pipeline/dags/twitter_dag.py
[2023-05-19 18:19:36,473] {processor.py:641} INFO - Processing file /Users/marianaoliveira/Downloads/alura1/airflow_pipeline/dags/twitter_dag.py for tasks to queue
[2023-05-19 18:19:36,474] {logging_mixin.py:115} INFO - [2023-05-19 18:19:36,474] {dagbag.py:507} INFO - Filling up the DagBag from /Users/marianaoliveira/Downloads/alura1/airflow_pipeline/dags/twitter_dag.py
[2023-05-19 18:19:36,843] {processor.py:651} INFO - DAG(s) dict_keys(['TwitterDAG']) retrieved from /Users/marianaoliveira/Downloads/alura1/airflow_pipeline/dags/twitter_dag.py
[2023-05-19 18:19:36,985] {logging_mixin.py:115} INFO - [2023-05-19 18:19:36,985] {dag.py:2379} INFO - Sync 1 DAGs
[2023-05-19 18:19:37,022] {logging_mixin.py:115} INFO - [2023-05-19 18:19:37,022] {dag.py:2927} INFO - Setting next_dagrun for TwitterDAG to 2023-05-16T00:00:00+00:00, run_after=2023-05-17T00:00:00+00:00
[2023-05-19 18:19:37,040] {processor.py:161} INFO - Processing /Users/marianaoliveira/Downloads/alura1/airflow_pipeline/dags/twitter_dag.py took 0.569 seconds
[2023-05-19 18:21:16,498] {processor.py:153} INFO - Started process (PID=9570) to work on /Users/marianaoliveira/Downloads/alura1/airflow_pipeline/dags/twitter_dag.py
[2023-05-19 18:21:16,500] {processor.py:641} INFO - Processing file /Users/marianaoliveira/Downloads/alura1/airflow_pipeline/dags/twitter_dag.py for tasks to queue
[2023-05-19 18:21:16,501] {logging_mixin.py:115} INFO - [2023-05-19 18:21:16,501] {dagbag.py:507} INFO - Filling up the DagBag from /Users/marianaoliveira/Downloads/alura1/airflow_pipeline/dags/twitter_dag.py
[2023-05-19 18:21:16,928] {processor.py:651} INFO - DAG(s) dict_keys(['TwitterDAG']) retrieved from /Users/marianaoliveira/Downloads/alura1/airflow_pipeline/dags/twitter_dag.py
[2023-05-19 18:21:17,156] {logging_mixin.py:115} INFO - [2023-05-19 18:21:17,156] {dag.py:2379} INFO - Sync 1 DAGs
[2023-05-19 18:21:17,211] {logging_mixin.py:115} INFO - [2023-05-19 18:21:17,211] {dag.py:2927} INFO - Setting next_dagrun for TwitterDAG to 2023-05-17T00:00:00+00:00, run_after=2023-05-18T00:00:00+00:00
[2023-05-19 18:21:17,272] {processor.py:161} INFO - Processing /Users/marianaoliveira/Downloads/alura1/airflow_pipeline/dags/twitter_dag.py took 0.776 seconds
[2023-05-19 18:22:50,783] {processor.py:153} INFO - Started process (PID=9674) to work on /Users/marianaoliveira/Downloads/alura1/airflow_pipeline/dags/twitter_dag.py
[2023-05-19 18:22:50,783] {processor.py:641} INFO - Processing file /Users/marianaoliveira/Downloads/alura1/airflow_pipeline/dags/twitter_dag.py for tasks to queue
[2023-05-19 18:22:50,785] {logging_mixin.py:115} INFO - [2023-05-19 18:22:50,784] {dagbag.py:507} INFO - Filling up the DagBag from /Users/marianaoliveira/Downloads/alura1/airflow_pipeline/dags/twitter_dag.py
[2023-05-19 18:22:51,158] {processor.py:651} INFO - DAG(s) dict_keys(['TwitterDAG']) retrieved from /Users/marianaoliveira/Downloads/alura1/airflow_pipeline/dags/twitter_dag.py
[2023-05-19 18:22:51,398] {logging_mixin.py:115} INFO - [2023-05-19 18:22:51,397] {dag.py:2379} INFO - Sync 1 DAGs
[2023-05-19 18:22:51,468] {logging_mixin.py:115} INFO - [2023-05-19 18:22:51,468] {dag.py:2927} INFO - Setting next_dagrun for TwitterDAG to 2023-05-18T00:00:00+00:00, run_after=2023-05-19T00:00:00+00:00
[2023-05-19 18:22:51,517] {processor.py:161} INFO - Processing /Users/marianaoliveira/Downloads/alura1/airflow_pipeline/dags/twitter_dag.py took 0.736 seconds
[2023-05-19 18:24:36,128] {processor.py:153} INFO - Started process (PID=9777) to work on /Users/marianaoliveira/Downloads/alura1/airflow_pipeline/dags/twitter_dag.py
[2023-05-19 18:24:36,134] {processor.py:641} INFO - Processing file /Users/marianaoliveira/Downloads/alura1/airflow_pipeline/dags/twitter_dag.py for tasks to queue
[2023-05-19 18:24:36,135] {logging_mixin.py:115} INFO - [2023-05-19 18:24:36,135] {dagbag.py:507} INFO - Filling up the DagBag from /Users/marianaoliveira/Downloads/alura1/airflow_pipeline/dags/twitter_dag.py
[2023-05-19 18:24:36,607] {processor.py:651} INFO - DAG(s) dict_keys(['TwitterDAG']) retrieved from /Users/marianaoliveira/Downloads/alura1/airflow_pipeline/dags/twitter_dag.py
[2023-05-19 18:24:36,759] {logging_mixin.py:115} INFO - [2023-05-19 18:24:36,759] {dag.py:2379} INFO - Sync 1 DAGs
[2023-05-19 18:24:36,801] {logging_mixin.py:115} INFO - [2023-05-19 18:24:36,801] {dag.py:2927} INFO - Setting next_dagrun for TwitterDAG to 2023-05-19T00:00:00+00:00, run_after=2023-05-20T00:00:00+00:00
[2023-05-19 18:24:36,819] {processor.py:161} INFO - Processing /Users/marianaoliveira/Downloads/alura1/airflow_pipeline/dags/twitter_dag.py took 0.695 seconds
[2023-05-19 18:25:53,388] {processor.py:153} INFO - Started process (PID=9887) to work on /Users/marianaoliveira/Downloads/alura1/airflow_pipeline/dags/twitter_dag.py
[2023-05-19 18:25:53,390] {processor.py:641} INFO - Processing file /Users/marianaoliveira/Downloads/alura1/airflow_pipeline/dags/twitter_dag.py for tasks to queue
[2023-05-19 18:25:53,390] {logging_mixin.py:115} INFO - [2023-05-19 18:25:53,390] {dagbag.py:507} INFO - Filling up the DagBag from /Users/marianaoliveira/Downloads/alura1/airflow_pipeline/dags/twitter_dag.py
[2023-05-19 18:25:53,648] {processor.py:651} INFO - DAG(s) dict_keys(['TwitterDAG']) retrieved from /Users/marianaoliveira/Downloads/alura1/airflow_pipeline/dags/twitter_dag.py
[2023-05-19 18:25:53,777] {logging_mixin.py:115} INFO - [2023-05-19 18:25:53,777] {dag.py:2379} INFO - Sync 1 DAGs
[2023-05-19 18:25:53,807] {logging_mixin.py:115} INFO - [2023-05-19 18:25:53,806] {dag.py:2927} INFO - Setting next_dagrun for TwitterDAG to 2023-05-19T00:00:00+00:00, run_after=2023-05-20T00:00:00+00:00
[2023-05-19 18:25:53,831] {processor.py:161} INFO - Processing /Users/marianaoliveira/Downloads/alura1/airflow_pipeline/dags/twitter_dag.py took 0.444 seconds
