[2023-05-19 18:18:23,087] {taskinstance.py:1159} INFO - Dependencies all met for <TaskInstance: TwitterDAG.transform_twitter_datascience scheduled__2023-05-14T00:00:00+00:00 [queued]>
[2023-05-19 18:18:23,097] {taskinstance.py:1159} INFO - Dependencies all met for <TaskInstance: TwitterDAG.transform_twitter_datascience scheduled__2023-05-14T00:00:00+00:00 [queued]>
[2023-05-19 18:18:23,097] {taskinstance.py:1356} INFO - 
--------------------------------------------------------------------------------
[2023-05-19 18:18:23,098] {taskinstance.py:1357} INFO - Starting attempt 1 of 1
[2023-05-19 18:18:23,098] {taskinstance.py:1358} INFO - 
--------------------------------------------------------------------------------
[2023-05-19 18:18:23,164] {taskinstance.py:1377} INFO - Executing <Task(SparkSubmitOperator): transform_twitter_datascience> on 2023-05-14 00:00:00+00:00
[2023-05-19 18:18:23,169] {standard_task_runner.py:52} INFO - Started process 9376 to run task
[2023-05-19 18:18:23,177] {standard_task_runner.py:79} INFO - Running: ['airflow', 'tasks', 'run', 'TwitterDAG', 'transform_twitter_datascience', 'scheduled__2023-05-14T00:00:00+00:00', '--job-id', '35', '--raw', '--subdir', 'DAGS_FOLDER/twitter_dag.py', '--cfg-path', '/var/folders/4m/2vllbq951394clq6jtlsj0p40000gn/T/tmpbry7g3ye', '--error-file', '/var/folders/4m/2vllbq951394clq6jtlsj0p40000gn/T/tmpgyclzuef']
[2023-05-19 18:18:23,180] {standard_task_runner.py:80} INFO - Job 35: Subtask transform_twitter_datascience
[2023-05-19 18:18:23,269] {task_command.py:370} INFO - Running <TaskInstance: TwitterDAG.transform_twitter_datascience scheduled__2023-05-14T00:00:00+00:00 [running]> on host 1.0.0.127.in-addr.arpa
[2023-05-19 18:18:23,388] {taskinstance.py:1569} INFO - Exporting the following env vars:
AIRFLOW_CTX_DAG_OWNER=airflow
AIRFLOW_CTX_DAG_ID=TwitterDAG
AIRFLOW_CTX_TASK_ID=transform_twitter_datascience
AIRFLOW_CTX_EXECUTION_DATE=2023-05-14T00:00:00+00:00
AIRFLOW_CTX_TRY_NUMBER=1
AIRFLOW_CTX_DAG_RUN_ID=scheduled__2023-05-14T00:00:00+00:00
[2023-05-19 18:18:23,414] {base.py:68} INFO - Using connection ID 'spark_default' for task execution.
[2023-05-19 18:18:23,421] {spark_submit.py:339} INFO - Spark-Submit cmd: spark-submit --master local --name twitter_transformation --queue root.default /Users/marianaoliveira/Downloads/alura1/src/spark/transformation.py --src /Users/marianaoliveira/Downloads/alura1/datalake/bronze/twitter_datascience/extract_date=2023-05-14 --dest /Users/marianaoliveira/Downloads/alura1/datalake/silver/twitter_datascience/ --process-date 2023-05-14
[2023-05-19 18:18:27,922] {spark_submit.py:490} INFO - 23/05/19 18:18:27 WARN Utils: Your hostname, MacBook-Air-de-Mariana-2.local resolves to a loopback address: 127.0.0.1; using 192.168.15.8 instead (on interface en0)
[2023-05-19 18:18:27,930] {spark_submit.py:490} INFO - 23/05/19 18:18:27 WARN Utils: Set SPARK_LOCAL_IP if you need to bind to another address
[2023-05-19 18:18:30,774] {spark_submit.py:490} INFO - 23/05/19 18:18:30 INFO SparkContext: Running Spark version 3.3.2
[2023-05-19 18:18:30,974] {spark_submit.py:490} INFO - 23/05/19 18:18:30 WARN NativeCodeLoader: Unable to load native-hadoop library for your platform... using builtin-java classes where applicable
[2023-05-19 18:18:31,265] {spark_submit.py:490} INFO - 23/05/19 18:18:31 INFO ResourceUtils: ==============================================================
[2023-05-19 18:18:31,266] {spark_submit.py:490} INFO - 23/05/19 18:18:31 INFO ResourceUtils: No custom resources configured for spark.driver.
[2023-05-19 18:18:31,270] {spark_submit.py:490} INFO - 23/05/19 18:18:31 INFO ResourceUtils: ==============================================================
[2023-05-19 18:18:31,274] {spark_submit.py:490} INFO - 23/05/19 18:18:31 INFO SparkContext: Submitted application: twitter_transformation
[2023-05-19 18:18:31,333] {spark_submit.py:490} INFO - 23/05/19 18:18:31 INFO ResourceProfile: Default ResourceProfile created, executor resources: Map(cores -> name: cores, amount: 1, script: , vendor: , memory -> name: memory, amount: 1024, script: , vendor: , offHeap -> name: offHeap, amount: 0, script: , vendor: ), task resources: Map(cpus -> name: cpus, amount: 1.0)
[2023-05-19 18:18:31,351] {spark_submit.py:490} INFO - 23/05/19 18:18:31 INFO ResourceProfile: Limiting resource is cpu
[2023-05-19 18:18:31,357] {spark_submit.py:490} INFO - 23/05/19 18:18:31 INFO ResourceProfileManager: Added ResourceProfile id: 0
[2023-05-19 18:18:31,520] {spark_submit.py:490} INFO - 23/05/19 18:18:31 INFO SecurityManager: Changing view acls to: marianaoliveira
[2023-05-19 18:18:31,521] {spark_submit.py:490} INFO - 23/05/19 18:18:31 INFO SecurityManager: Changing modify acls to: marianaoliveira
[2023-05-19 18:18:31,522] {spark_submit.py:490} INFO - 23/05/19 18:18:31 INFO SecurityManager: Changing view acls groups to:
[2023-05-19 18:18:31,527] {spark_submit.py:490} INFO - 23/05/19 18:18:31 INFO SecurityManager: Changing modify acls groups to:
[2023-05-19 18:18:31,529] {spark_submit.py:490} INFO - 23/05/19 18:18:31 INFO SecurityManager: SecurityManager: authentication disabled; ui acls disabled; users  with view permissions: Set(marianaoliveira); groups with view permissions: Set(); users  with modify permissions: Set(marianaoliveira); groups with modify permissions: Set()
[2023-05-19 18:18:32,386] {spark_submit.py:490} INFO - 23/05/19 18:18:32 INFO Utils: Successfully started service 'sparkDriver' on port 55597.
[2023-05-19 18:18:32,482] {spark_submit.py:490} INFO - 23/05/19 18:18:32 INFO SparkEnv: Registering MapOutputTracker
[2023-05-19 18:18:32,607] {spark_submit.py:490} INFO - 23/05/19 18:18:32 INFO SparkEnv: Registering BlockManagerMaster
[2023-05-19 18:18:32,683] {spark_submit.py:490} INFO - 23/05/19 18:18:32 INFO BlockManagerMasterEndpoint: Using org.apache.spark.storage.DefaultTopologyMapper for getting topology information
[2023-05-19 18:18:32,686] {spark_submit.py:490} INFO - 23/05/19 18:18:32 INFO BlockManagerMasterEndpoint: BlockManagerMasterEndpoint up
[2023-05-19 18:18:32,726] {spark_submit.py:490} INFO - 23/05/19 18:18:32 INFO SparkEnv: Registering BlockManagerMasterHeartbeat
[2023-05-19 18:18:32,816] {spark_submit.py:490} INFO - 23/05/19 18:18:32 INFO DiskBlockManager: Created local directory at /private/var/folders/4m/2vllbq951394clq6jtlsj0p40000gn/T/blockmgr-5a7d6468-529f-4f25-b3df-0c6fe090d633
[2023-05-19 18:18:32,871] {spark_submit.py:490} INFO - 23/05/19 18:18:32 INFO MemoryStore: MemoryStore started with capacity 434.4 MiB
[2023-05-19 18:18:32,931] {spark_submit.py:490} INFO - 23/05/19 18:18:32 INFO SparkEnv: Registering OutputCommitCoordinator
[2023-05-19 18:18:33,538] {spark_submit.py:490} INFO - 23/05/19 18:18:33 WARN Utils: Service 'SparkUI' could not bind on port 4040. Attempting port 4041.
[2023-05-19 18:18:33,556] {spark_submit.py:490} INFO - 23/05/19 18:18:33 INFO Utils: Successfully started service 'SparkUI' on port 4041.
[2023-05-19 18:18:33,931] {spark_submit.py:490} INFO - 23/05/19 18:18:33 INFO Executor: Starting executor ID driver on host 192.168.15.8
[2023-05-19 18:18:33,954] {spark_submit.py:490} INFO - 23/05/19 18:18:33 INFO Executor: Starting executor with user classpath (userClassPathFirst = false): ''
[2023-05-19 18:18:34,009] {spark_submit.py:490} INFO - 23/05/19 18:18:34 INFO Utils: Successfully started service 'org.apache.spark.network.netty.NettyBlockTransferService' on port 55598.
[2023-05-19 18:18:34,009] {spark_submit.py:490} INFO - 23/05/19 18:18:34 INFO NettyBlockTransferService: Server created on 192.168.15.8:55598
[2023-05-19 18:18:34,016] {spark_submit.py:490} INFO - 23/05/19 18:18:34 INFO BlockManager: Using org.apache.spark.storage.RandomBlockReplicationPolicy for block replication policy
[2023-05-19 18:18:34,035] {spark_submit.py:490} INFO - 23/05/19 18:18:34 INFO BlockManagerMaster: Registering BlockManager BlockManagerId(driver, 192.168.15.8, 55598, None)
[2023-05-19 18:18:34,044] {spark_submit.py:490} INFO - 23/05/19 18:18:34 INFO BlockManagerMasterEndpoint: Registering block manager 192.168.15.8:55598 with 434.4 MiB RAM, BlockManagerId(driver, 192.168.15.8, 55598, None)
[2023-05-19 18:18:34,052] {spark_submit.py:490} INFO - 23/05/19 18:18:34 INFO BlockManagerMaster: Registered BlockManager BlockManagerId(driver, 192.168.15.8, 55598, None)
[2023-05-19 18:18:34,054] {spark_submit.py:490} INFO - 23/05/19 18:18:34 INFO BlockManager: Initialized BlockManager: BlockManagerId(driver, 192.168.15.8, 55598, None)
[2023-05-19 18:18:36,316] {spark_submit.py:490} INFO - 23/05/19 18:18:36 INFO SharedState: Setting hive.metastore.warehouse.dir ('null') to the value of spark.sql.warehouse.dir.
[2023-05-19 18:18:36,343] {spark_submit.py:490} INFO - 23/05/19 18:18:36 INFO SharedState: Warehouse path is 'file:/Users/marianaoliveira/Downloads/alura1/spark-warehouse'.
[2023-05-19 18:18:38,838] {spark_submit.py:490} INFO - 23/05/19 18:18:38 INFO InMemoryFileIndex: It took 119 ms to list leaf files for 1 paths.
[2023-05-19 18:18:39,073] {spark_submit.py:490} INFO - 23/05/19 18:18:39 INFO InMemoryFileIndex: It took 4 ms to list leaf files for 1 paths.
[2023-05-19 18:18:46,285] {spark_submit.py:490} INFO - 23/05/19 18:18:46 INFO FileSourceStrategy: Pushed Filters:
[2023-05-19 18:18:46,292] {spark_submit.py:490} INFO - 23/05/19 18:18:46 INFO FileSourceStrategy: Post-Scan Filters:
[2023-05-19 18:18:46,319] {spark_submit.py:490} INFO - 23/05/19 18:18:46 INFO FileSourceStrategy: Output Data Schema: struct<value: string>
[2023-05-19 18:18:47,150] {spark_submit.py:490} INFO - 23/05/19 18:18:47 INFO MemoryStore: Block broadcast_0 stored as values in memory (estimated size 207.4 KiB, free 434.2 MiB)
[2023-05-19 18:18:47,860] {spark_submit.py:490} INFO - 23/05/19 18:18:47 INFO MemoryStore: Block broadcast_0_piece0 stored as bytes in memory (estimated size 34.3 KiB, free 434.2 MiB)
[2023-05-19 18:18:47,866] {spark_submit.py:490} INFO - 23/05/19 18:18:47 INFO BlockManagerInfo: Added broadcast_0_piece0 in memory on 192.168.15.8:55598 (size: 34.3 KiB, free: 434.4 MiB)
[2023-05-19 18:18:47,893] {spark_submit.py:490} INFO - 23/05/19 18:18:47 INFO SparkContext: Created broadcast 0 from json at NativeMethodAccessorImpl.java:0
[2023-05-19 18:18:47,921] {spark_submit.py:490} INFO - 23/05/19 18:18:47 INFO FileSourceScanExec: Planning scan with bin packing, max size: 4198800 bytes, open cost is considered as scanning 4194304 bytes.
[2023-05-19 18:18:48,419] {spark_submit.py:490} INFO - 23/05/19 18:18:48 INFO SparkContext: Starting job: json at NativeMethodAccessorImpl.java:0
[2023-05-19 18:18:48,467] {spark_submit.py:490} INFO - 23/05/19 18:18:48 INFO DAGScheduler: Got job 0 (json at NativeMethodAccessorImpl.java:0) with 1 output partitions
[2023-05-19 18:18:48,469] {spark_submit.py:490} INFO - 23/05/19 18:18:48 INFO DAGScheduler: Final stage: ResultStage 0 (json at NativeMethodAccessorImpl.java:0)
[2023-05-19 18:18:48,470] {spark_submit.py:490} INFO - 23/05/19 18:18:48 INFO DAGScheduler: Parents of final stage: List()
[2023-05-19 18:18:48,473] {spark_submit.py:490} INFO - 23/05/19 18:18:48 INFO DAGScheduler: Missing parents: List()
[2023-05-19 18:18:48,479] {spark_submit.py:490} INFO - 23/05/19 18:18:48 INFO DAGScheduler: Submitting ResultStage 0 (MapPartitionsRDD[3] at json at NativeMethodAccessorImpl.java:0), which has no missing parents
[2023-05-19 18:18:48,731] {spark_submit.py:490} INFO - 23/05/19 18:18:48 INFO MemoryStore: Block broadcast_1 stored as values in memory (estimated size 14.5 KiB, free 434.1 MiB)
[2023-05-19 18:18:48,746] {spark_submit.py:490} INFO - 23/05/19 18:18:48 INFO MemoryStore: Block broadcast_1_piece0 stored as bytes in memory (estimated size 7.0 KiB, free 434.1 MiB)
[2023-05-19 18:18:48,747] {spark_submit.py:490} INFO - 23/05/19 18:18:48 INFO BlockManagerInfo: Added broadcast_1_piece0 in memory on 192.168.15.8:55598 (size: 7.0 KiB, free: 434.4 MiB)
[2023-05-19 18:18:48,749] {spark_submit.py:490} INFO - 23/05/19 18:18:48 INFO SparkContext: Created broadcast 1 from broadcast at DAGScheduler.scala:1513
[2023-05-19 18:18:48,789] {spark_submit.py:490} INFO - 23/05/19 18:18:48 INFO DAGScheduler: Submitting 1 missing tasks from ResultStage 0 (MapPartitionsRDD[3] at json at NativeMethodAccessorImpl.java:0) (first 15 tasks are for partitions Vector(0))
[2023-05-19 18:18:48,790] {spark_submit.py:490} INFO - 23/05/19 18:18:48 INFO TaskSchedulerImpl: Adding task set 0.0 with 1 tasks resource profile 0
[2023-05-19 18:18:48,915] {spark_submit.py:490} INFO - 23/05/19 18:18:48 INFO TaskSetManager: Starting task 0.0 in stage 0.0 (TID 0) (192.168.15.8, executor driver, partition 0, PROCESS_LOCAL, 5003 bytes) taskResourceAssignments Map()
[2023-05-19 18:18:48,955] {spark_submit.py:490} INFO - 23/05/19 18:18:48 INFO Executor: Running task 0.0 in stage 0.0 (TID 0)
[2023-05-19 18:18:49,259] {spark_submit.py:490} INFO - 23/05/19 18:18:49 INFO FileScanRDD: Reading File path: file:///Users/marianaoliveira/Downloads/alura1/datalake/bronze/twitter_datascience/extract_date=2023-05-14/datascience_20230514.json, range: 0-4496, partition values: [empty row]
[2023-05-19 18:18:49,963] {spark_submit.py:490} INFO - 23/05/19 18:18:49 INFO CodeGenerator: Code generated in 615.328002 ms
[2023-05-19 18:18:50,156] {spark_submit.py:490} INFO - 23/05/19 18:18:50 INFO Executor: Finished task 0.0 in stage 0.0 (TID 0). 2733 bytes result sent to driver
[2023-05-19 18:18:50,181] {spark_submit.py:490} INFO - 23/05/19 18:18:50 INFO TaskSetManager: Finished task 0.0 in stage 0.0 (TID 0) in 1287 ms on 192.168.15.8 (executor driver) (1/1)
[2023-05-19 18:18:50,184] {spark_submit.py:490} INFO - 23/05/19 18:18:50 INFO TaskSchedulerImpl: Removed TaskSet 0.0, whose tasks have all completed, from pool
[2023-05-19 18:18:50,200] {spark_submit.py:490} INFO - 23/05/19 18:18:50 INFO DAGScheduler: ResultStage 0 (json at NativeMethodAccessorImpl.java:0) finished in 1.666 s
[2023-05-19 18:18:50,204] {spark_submit.py:490} INFO - 23/05/19 18:18:50 INFO DAGScheduler: Job 0 is finished. Cancelling potential speculative or zombie tasks for this job
[2023-05-19 18:18:50,205] {spark_submit.py:490} INFO - 23/05/19 18:18:50 INFO TaskSchedulerImpl: Killing all running tasks in stage 0: Stage finished
[2023-05-19 18:18:50,210] {spark_submit.py:490} INFO - 23/05/19 18:18:50 INFO DAGScheduler: Job 0 finished: json at NativeMethodAccessorImpl.java:0, took 1.788616 s
[2023-05-19 18:18:50,570] {spark_submit.py:490} INFO - 23/05/19 18:18:50 INFO BlockManagerInfo: Removed broadcast_0_piece0 on 192.168.15.8:55598 in memory (size: 34.3 KiB, free: 434.4 MiB)
[2023-05-19 18:18:50,583] {spark_submit.py:490} INFO - 23/05/19 18:18:50 INFO BlockManagerInfo: Removed broadcast_1_piece0 on 192.168.15.8:55598 in memory (size: 7.0 KiB, free: 434.4 MiB)
[2023-05-19 18:18:51,381] {spark_submit.py:490} INFO - 23/05/19 18:18:51 INFO FileSourceStrategy: Pushed Filters: IsNotNull(data)
[2023-05-19 18:18:51,384] {spark_submit.py:490} INFO - 23/05/19 18:18:51 INFO FileSourceStrategy: Post-Scan Filters: (size(data#8, true) > 0),isnotnull(data#8)
[2023-05-19 18:18:51,385] {spark_submit.py:490} INFO - 23/05/19 18:18:51 INFO FileSourceStrategy: Output Data Schema: struct<data: array<struct<author_id:string,conversation_id:string,created_at:string,edit_history_tweet_ids:array<bigint>,id:string,in_reply_to_user_id:string,lang:string,public_metrics:struct<like_count:bigint,quote_count:bigint,reply_count:bigint,retweet_count:bigint>,text:string>>>
[2023-05-19 18:18:51,604] {spark_submit.py:490} INFO - 23/05/19 18:18:51 INFO FileOutputCommitter: File Output Committer Algorithm version is 1
[2023-05-19 18:18:51,605] {spark_submit.py:490} INFO - 23/05/19 18:18:51 INFO FileOutputCommitter: FileOutputCommitter skip cleanup _temporary folders under output directory:false, ignore cleanup failures: false
[2023-05-19 18:18:51,607] {spark_submit.py:490} INFO - 23/05/19 18:18:51 INFO SQLHadoopMapReduceCommitProtocol: Using output committer class org.apache.hadoop.mapreduce.lib.output.FileOutputCommitter
[2023-05-19 18:18:52,121] {spark_submit.py:490} INFO - 23/05/19 18:18:52 INFO CodeGenerator: Code generated in 307.519757 ms
[2023-05-19 18:18:52,146] {spark_submit.py:490} INFO - 23/05/19 18:18:52 INFO MemoryStore: Block broadcast_2 stored as values in memory (estimated size 207.3 KiB, free 434.2 MiB)
[2023-05-19 18:18:52,238] {spark_submit.py:490} INFO - 23/05/19 18:18:52 INFO MemoryStore: Block broadcast_2_piece0 stored as bytes in memory (estimated size 34.3 KiB, free 434.2 MiB)
[2023-05-19 18:18:52,248] {spark_submit.py:490} INFO - 23/05/19 18:18:52 INFO BlockManagerInfo: Added broadcast_2_piece0 in memory on 192.168.15.8:55598 (size: 34.3 KiB, free: 434.4 MiB)
[2023-05-19 18:18:52,256] {spark_submit.py:490} INFO - 23/05/19 18:18:52 INFO SparkContext: Created broadcast 2 from json at NativeMethodAccessorImpl.java:0
[2023-05-19 18:18:52,269] {spark_submit.py:490} INFO - 23/05/19 18:18:52 INFO FileSourceScanExec: Planning scan with bin packing, max size: 4198800 bytes, open cost is considered as scanning 4194304 bytes.
[2023-05-19 18:18:52,532] {spark_submit.py:490} INFO - 23/05/19 18:18:52 INFO SparkContext: Starting job: json at NativeMethodAccessorImpl.java:0
[2023-05-19 18:18:52,536] {spark_submit.py:490} INFO - 23/05/19 18:18:52 INFO DAGScheduler: Got job 1 (json at NativeMethodAccessorImpl.java:0) with 1 output partitions
[2023-05-19 18:18:52,537] {spark_submit.py:490} INFO - 23/05/19 18:18:52 INFO DAGScheduler: Final stage: ResultStage 1 (json at NativeMethodAccessorImpl.java:0)
[2023-05-19 18:18:52,537] {spark_submit.py:490} INFO - 23/05/19 18:18:52 INFO DAGScheduler: Parents of final stage: List()
[2023-05-19 18:18:52,538] {spark_submit.py:490} INFO - 23/05/19 18:18:52 INFO DAGScheduler: Missing parents: List()
[2023-05-19 18:18:52,539] {spark_submit.py:490} INFO - 23/05/19 18:18:52 INFO DAGScheduler: Submitting ResultStage 1 (CoalescedRDD[7] at json at NativeMethodAccessorImpl.java:0), which has no missing parents
[2023-05-19 18:18:52,630] {spark_submit.py:490} INFO - 23/05/19 18:18:52 INFO MemoryStore: Block broadcast_3 stored as values in memory (estimated size 235.7 KiB, free 433.9 MiB)
[2023-05-19 18:18:52,647] {spark_submit.py:490} INFO - 23/05/19 18:18:52 INFO MemoryStore: Block broadcast_3_piece0 stored as bytes in memory (estimated size 82.5 KiB, free 433.9 MiB)
[2023-05-19 18:18:52,648] {spark_submit.py:490} INFO - 23/05/19 18:18:52 INFO BlockManagerInfo: Added broadcast_3_piece0 in memory on 192.168.15.8:55598 (size: 82.5 KiB, free: 434.3 MiB)
[2023-05-19 18:18:52,650] {spark_submit.py:490} INFO - 23/05/19 18:18:52 INFO SparkContext: Created broadcast 3 from broadcast at DAGScheduler.scala:1513
[2023-05-19 18:18:52,651] {spark_submit.py:490} INFO - 23/05/19 18:18:52 INFO DAGScheduler: Submitting 1 missing tasks from ResultStage 1 (CoalescedRDD[7] at json at NativeMethodAccessorImpl.java:0) (first 15 tasks are for partitions Vector(0))
[2023-05-19 18:18:52,652] {spark_submit.py:490} INFO - 23/05/19 18:18:52 INFO TaskSchedulerImpl: Adding task set 1.0 with 1 tasks resource profile 0
[2023-05-19 18:18:52,660] {spark_submit.py:490} INFO - 23/05/19 18:18:52 INFO TaskSetManager: Starting task 0.0 in stage 1.0 (TID 1) (192.168.15.8, executor driver, partition 0, PROCESS_LOCAL, 5232 bytes) taskResourceAssignments Map()
[2023-05-19 18:18:52,661] {spark_submit.py:490} INFO - 23/05/19 18:18:52 INFO Executor: Running task 0.0 in stage 1.0 (TID 1)
[2023-05-19 18:18:52,776] {spark_submit.py:490} INFO - 23/05/19 18:18:52 INFO FileOutputCommitter: File Output Committer Algorithm version is 1
[2023-05-19 18:18:52,778] {spark_submit.py:490} INFO - 23/05/19 18:18:52 INFO FileOutputCommitter: FileOutputCommitter skip cleanup _temporary folders under output directory:false, ignore cleanup failures: false
[2023-05-19 18:18:52,780] {spark_submit.py:490} INFO - 23/05/19 18:18:52 INFO SQLHadoopMapReduceCommitProtocol: Using output committer class org.apache.hadoop.mapreduce.lib.output.FileOutputCommitter
[2023-05-19 18:18:52,884] {spark_submit.py:490} INFO - 23/05/19 18:18:52 INFO FileScanRDD: Reading File path: file:///Users/marianaoliveira/Downloads/alura1/datalake/bronze/twitter_datascience/extract_date=2023-05-14/datascience_20230514.json, range: 0-4496, partition values: [empty row]
[2023-05-19 18:18:52,945] {spark_submit.py:490} INFO - 23/05/19 18:18:52 INFO CodeGenerator: Code generated in 56.13853 ms
[2023-05-19 18:18:52,999] {spark_submit.py:490} INFO - 23/05/19 18:18:52 INFO CodeGenerator: Code generated in 13.178631 ms
[2023-05-19 18:18:53,084] {spark_submit.py:490} INFO - 23/05/19 18:18:53 INFO FileOutputCommitter: Saved output of task 'attempt_202305191818522125127709031333402_0001_m_000000_1' to file:/Users/marianaoliveira/Downloads/alura1/datalake/silver/twitter_datascience/tweet/process_date=2023-05-14/_temporary/0/task_202305191818522125127709031333402_0001_m_000000
[2023-05-19 18:18:53,089] {spark_submit.py:490} INFO - 23/05/19 18:18:53 INFO SparkHadoopMapRedUtil: attempt_202305191818522125127709031333402_0001_m_000000_1: Committed. Elapsed time: 3 ms.
[2023-05-19 18:18:53,108] {spark_submit.py:490} INFO - 23/05/19 18:18:53 INFO Executor: Finished task 0.0 in stage 1.0 (TID 1). 2678 bytes result sent to driver
[2023-05-19 18:18:53,111] {spark_submit.py:490} INFO - 23/05/19 18:18:53 INFO TaskSetManager: Finished task 0.0 in stage 1.0 (TID 1) in 456 ms on 192.168.15.8 (executor driver) (1/1)
[2023-05-19 18:18:53,112] {spark_submit.py:490} INFO - 23/05/19 18:18:53 INFO TaskSchedulerImpl: Removed TaskSet 1.0, whose tasks have all completed, from pool
[2023-05-19 18:18:53,116] {spark_submit.py:490} INFO - 23/05/19 18:18:53 INFO DAGScheduler: ResultStage 1 (json at NativeMethodAccessorImpl.java:0) finished in 0.576 s
[2023-05-19 18:18:53,117] {spark_submit.py:490} INFO - 23/05/19 18:18:53 INFO DAGScheduler: Job 1 is finished. Cancelling potential speculative or zombie tasks for this job
[2023-05-19 18:18:53,119] {spark_submit.py:490} INFO - 23/05/19 18:18:53 INFO TaskSchedulerImpl: Killing all running tasks in stage 1: Stage finished
[2023-05-19 18:18:53,120] {spark_submit.py:490} INFO - 23/05/19 18:18:53 INFO DAGScheduler: Job 1 finished: json at NativeMethodAccessorImpl.java:0, took 0.586743 s
[2023-05-19 18:18:53,123] {spark_submit.py:490} INFO - 23/05/19 18:18:53 INFO FileFormatWriter: Start to commit write Job 01f6793b-a872-42c0-9359-01d02b2d02bc.
[2023-05-19 18:18:53,169] {spark_submit.py:490} INFO - 23/05/19 18:18:53 INFO FileFormatWriter: Write Job 01f6793b-a872-42c0-9359-01d02b2d02bc committed. Elapsed time: 45 ms.
[2023-05-19 18:18:53,174] {spark_submit.py:490} INFO - 23/05/19 18:18:53 INFO FileFormatWriter: Finished processing stats for write job 01f6793b-a872-42c0-9359-01d02b2d02bc.
[2023-05-19 18:18:53,259] {spark_submit.py:490} INFO - 23/05/19 18:18:53 INFO FileSourceStrategy: Pushed Filters:
[2023-05-19 18:18:53,260] {spark_submit.py:490} INFO - 23/05/19 18:18:53 INFO FileSourceStrategy: Post-Scan Filters:
[2023-05-19 18:18:53,261] {spark_submit.py:490} INFO - 23/05/19 18:18:53 INFO FileSourceStrategy: Output Data Schema: struct<includes: struct<users: array<struct<created_at:string,id:string,name:string,username:string>>>>
[2023-05-19 18:18:53,291] {spark_submit.py:490} INFO - 23/05/19 18:18:53 INFO FileOutputCommitter: File Output Committer Algorithm version is 1
[2023-05-19 18:18:53,292] {spark_submit.py:490} INFO - 23/05/19 18:18:53 INFO FileOutputCommitter: FileOutputCommitter skip cleanup _temporary folders under output directory:false, ignore cleanup failures: false
[2023-05-19 18:18:53,294] {spark_submit.py:490} INFO - 23/05/19 18:18:53 INFO SQLHadoopMapReduceCommitProtocol: Using output committer class org.apache.hadoop.mapreduce.lib.output.FileOutputCommitter
[2023-05-19 18:18:53,380] {spark_submit.py:490} INFO - 23/05/19 18:18:53 INFO CodeGenerator: Code generated in 38.54664 ms
[2023-05-19 18:18:53,389] {spark_submit.py:490} INFO - 23/05/19 18:18:53 INFO MemoryStore: Block broadcast_4 stored as values in memory (estimated size 207.3 KiB, free 433.7 MiB)
[2023-05-19 18:18:53,422] {spark_submit.py:490} INFO - 23/05/19 18:18:53 INFO BlockManagerInfo: Removed broadcast_2_piece0 on 192.168.15.8:55598 in memory (size: 34.3 KiB, free: 434.3 MiB)
[2023-05-19 18:18:53,427] {spark_submit.py:490} INFO - 23/05/19 18:18:53 INFO BlockManagerInfo: Removed broadcast_3_piece0 on 192.168.15.8:55598 in memory (size: 82.5 KiB, free: 434.4 MiB)
[2023-05-19 18:18:53,470] {spark_submit.py:490} INFO - 23/05/19 18:18:53 INFO MemoryStore: Block broadcast_4_piece0 stored as bytes in memory (estimated size 34.3 KiB, free 434.2 MiB)
[2023-05-19 18:18:53,472] {spark_submit.py:490} INFO - 23/05/19 18:18:53 INFO BlockManagerInfo: Added broadcast_4_piece0 in memory on 192.168.15.8:55598 (size: 34.3 KiB, free: 434.4 MiB)
[2023-05-19 18:18:53,477] {spark_submit.py:490} INFO - 23/05/19 18:18:53 INFO SparkContext: Created broadcast 4 from json at NativeMethodAccessorImpl.java:0
[2023-05-19 18:18:53,478] {spark_submit.py:490} INFO - 23/05/19 18:18:53 INFO FileSourceScanExec: Planning scan with bin packing, max size: 4198800 bytes, open cost is considered as scanning 4194304 bytes.
[2023-05-19 18:18:53,749] {spark_submit.py:490} INFO - 23/05/19 18:18:53 INFO SparkContext: Starting job: json at NativeMethodAccessorImpl.java:0
[2023-05-19 18:18:53,751] {spark_submit.py:490} INFO - 23/05/19 18:18:53 INFO DAGScheduler: Got job 2 (json at NativeMethodAccessorImpl.java:0) with 1 output partitions
[2023-05-19 18:18:53,752] {spark_submit.py:490} INFO - 23/05/19 18:18:53 INFO DAGScheduler: Final stage: ResultStage 2 (json at NativeMethodAccessorImpl.java:0)
[2023-05-19 18:18:53,752] {spark_submit.py:490} INFO - 23/05/19 18:18:53 INFO DAGScheduler: Parents of final stage: List()
[2023-05-19 18:18:53,752] {spark_submit.py:490} INFO - 23/05/19 18:18:53 INFO DAGScheduler: Missing parents: List()
[2023-05-19 18:18:53,753] {spark_submit.py:490} INFO - 23/05/19 18:18:53 INFO DAGScheduler: Submitting ResultStage 2 (CoalescedRDD[11] at json at NativeMethodAccessorImpl.java:0), which has no missing parents
[2023-05-19 18:18:53,835] {spark_submit.py:490} INFO - 23/05/19 18:18:53 INFO MemoryStore: Block broadcast_5 stored as values in memory (estimated size 215.8 KiB, free 434.0 MiB)
[2023-05-19 18:18:53,851] {spark_submit.py:490} INFO - 23/05/19 18:18:53 INFO MemoryStore: Block broadcast_5_piece0 stored as bytes in memory (estimated size 77.2 KiB, free 433.9 MiB)
[2023-05-19 18:18:53,852] {spark_submit.py:490} INFO - 23/05/19 18:18:53 INFO BlockManagerInfo: Added broadcast_5_piece0 in memory on 192.168.15.8:55598 (size: 77.2 KiB, free: 434.3 MiB)
[2023-05-19 18:18:53,854] {spark_submit.py:490} INFO - 23/05/19 18:18:53 INFO SparkContext: Created broadcast 5 from broadcast at DAGScheduler.scala:1513
[2023-05-19 18:18:53,855] {spark_submit.py:490} INFO - 23/05/19 18:18:53 INFO DAGScheduler: Submitting 1 missing tasks from ResultStage 2 (CoalescedRDD[11] at json at NativeMethodAccessorImpl.java:0) (first 15 tasks are for partitions Vector(0))
[2023-05-19 18:18:53,857] {spark_submit.py:490} INFO - 23/05/19 18:18:53 INFO TaskSchedulerImpl: Adding task set 2.0 with 1 tasks resource profile 0
[2023-05-19 18:18:53,860] {spark_submit.py:490} INFO - 23/05/19 18:18:53 INFO TaskSetManager: Starting task 0.0 in stage 2.0 (TID 2) (192.168.15.8, executor driver, partition 0, PROCESS_LOCAL, 5232 bytes) taskResourceAssignments Map()
[2023-05-19 18:18:53,860] {spark_submit.py:490} INFO - 23/05/19 18:18:53 INFO Executor: Running task 0.0 in stage 2.0 (TID 2)
[2023-05-19 18:18:53,901] {spark_submit.py:490} INFO - 23/05/19 18:18:53 INFO FileOutputCommitter: File Output Committer Algorithm version is 1
[2023-05-19 18:18:53,902] {spark_submit.py:490} INFO - 23/05/19 18:18:53 INFO FileOutputCommitter: FileOutputCommitter skip cleanup _temporary folders under output directory:false, ignore cleanup failures: false
[2023-05-19 18:18:53,903] {spark_submit.py:490} INFO - 23/05/19 18:18:53 INFO SQLHadoopMapReduceCommitProtocol: Using output committer class org.apache.hadoop.mapreduce.lib.output.FileOutputCommitter
[2023-05-19 18:18:53,965] {spark_submit.py:490} INFO - 23/05/19 18:18:53 INFO FileScanRDD: Reading File path: file:///Users/marianaoliveira/Downloads/alura1/datalake/bronze/twitter_datascience/extract_date=2023-05-14/datascience_20230514.json, range: 0-4496, partition values: [empty row]
[2023-05-19 18:18:54,005] {spark_submit.py:490} INFO - 23/05/19 18:18:54 INFO CodeGenerator: Code generated in 33.485053 ms
[2023-05-19 18:18:54,033] {spark_submit.py:490} INFO - 23/05/19 18:18:54 INFO FileOutputCommitter: Saved output of task 'attempt_202305191818538703832454904927340_0002_m_000000_2' to file:/Users/marianaoliveira/Downloads/alura1/datalake/silver/twitter_datascience/user/process_date=2023-05-14/_temporary/0/task_202305191818538703832454904927340_0002_m_000000
[2023-05-19 18:18:54,034] {spark_submit.py:490} INFO - 23/05/19 18:18:54 INFO SparkHadoopMapRedUtil: attempt_202305191818538703832454904927340_0002_m_000000_2: Committed. Elapsed time: 4 ms.
[2023-05-19 18:18:54,037] {spark_submit.py:490} INFO - 23/05/19 18:18:54 INFO Executor: Finished task 0.0 in stage 2.0 (TID 2). 2579 bytes result sent to driver
[2023-05-19 18:18:54,039] {spark_submit.py:490} INFO - 23/05/19 18:18:54 INFO TaskSetManager: Finished task 0.0 in stage 2.0 (TID 2) in 180 ms on 192.168.15.8 (executor driver) (1/1)
[2023-05-19 18:18:54,040] {spark_submit.py:490} INFO - 23/05/19 18:18:54 INFO TaskSchedulerImpl: Removed TaskSet 2.0, whose tasks have all completed, from pool
[2023-05-19 18:18:54,042] {spark_submit.py:490} INFO - 23/05/19 18:18:54 INFO DAGScheduler: ResultStage 2 (json at NativeMethodAccessorImpl.java:0) finished in 0.288 s
[2023-05-19 18:18:54,043] {spark_submit.py:490} INFO - 23/05/19 18:18:54 INFO DAGScheduler: Job 2 is finished. Cancelling potential speculative or zombie tasks for this job
[2023-05-19 18:18:54,043] {spark_submit.py:490} INFO - 23/05/19 18:18:54 INFO TaskSchedulerImpl: Killing all running tasks in stage 2: Stage finished
[2023-05-19 18:18:54,045] {spark_submit.py:490} INFO - 23/05/19 18:18:54 INFO DAGScheduler: Job 2 finished: json at NativeMethodAccessorImpl.java:0, took 0.294436 s
[2023-05-19 18:18:54,046] {spark_submit.py:490} INFO - 23/05/19 18:18:54 INFO FileFormatWriter: Start to commit write Job de7a1d24-1a75-4035-8363-09703d75babf.
[2023-05-19 18:18:54,090] {spark_submit.py:490} INFO - 23/05/19 18:18:54 INFO FileFormatWriter: Write Job de7a1d24-1a75-4035-8363-09703d75babf committed. Elapsed time: 43 ms.
[2023-05-19 18:18:54,091] {spark_submit.py:490} INFO - 23/05/19 18:18:54 INFO FileFormatWriter: Finished processing stats for write job de7a1d24-1a75-4035-8363-09703d75babf.
[2023-05-19 18:18:54,269] {spark_submit.py:490} INFO - 23/05/19 18:18:54 INFO SparkContext: Invoking stop() from shutdown hook
[2023-05-19 18:18:54,295] {spark_submit.py:490} INFO - 23/05/19 18:18:54 INFO SparkUI: Stopped Spark web UI at http://192.168.15.8:4041
[2023-05-19 18:18:54,320] {spark_submit.py:490} INFO - 23/05/19 18:18:54 INFO MapOutputTrackerMasterEndpoint: MapOutputTrackerMasterEndpoint stopped!
[2023-05-19 18:18:54,349] {spark_submit.py:490} INFO - 23/05/19 18:18:54 INFO MemoryStore: MemoryStore cleared
[2023-05-19 18:18:54,351] {spark_submit.py:490} INFO - 23/05/19 18:18:54 INFO BlockManager: BlockManager stopped
[2023-05-19 18:18:54,356] {spark_submit.py:490} INFO - 23/05/19 18:18:54 INFO BlockManagerMaster: BlockManagerMaster stopped
[2023-05-19 18:18:54,361] {spark_submit.py:490} INFO - 23/05/19 18:18:54 INFO OutputCommitCoordinator$OutputCommitCoordinatorEndpoint: OutputCommitCoordinator stopped!
[2023-05-19 18:18:54,378] {spark_submit.py:490} INFO - 23/05/19 18:18:54 INFO SparkContext: Successfully stopped SparkContext
[2023-05-19 18:18:54,379] {spark_submit.py:490} INFO - 23/05/19 18:18:54 INFO ShutdownHookManager: Shutdown hook called
[2023-05-19 18:18:54,381] {spark_submit.py:490} INFO - 23/05/19 18:18:54 INFO ShutdownHookManager: Deleting directory /private/var/folders/4m/2vllbq951394clq6jtlsj0p40000gn/T/spark-561b1274-6f52-4ade-9328-90ba1053bd20
[2023-05-19 18:18:54,392] {spark_submit.py:490} INFO - 23/05/19 18:18:54 INFO ShutdownHookManager: Deleting directory /private/var/folders/4m/2vllbq951394clq6jtlsj0p40000gn/T/spark-561b1274-6f52-4ade-9328-90ba1053bd20/pyspark-f6c761cd-fdcf-4254-9476-2d9c57808bc0
[2023-05-19 18:18:54,400] {spark_submit.py:490} INFO - 23/05/19 18:18:54 INFO ShutdownHookManager: Deleting directory /private/var/folders/4m/2vllbq951394clq6jtlsj0p40000gn/T/spark-aeceb432-1ed2-4167-b4fb-a8bb74eee03b
[2023-05-19 18:18:54,553] {taskinstance.py:1395} INFO - Marking task as SUCCESS. dag_id=TwitterDAG, task_id=transform_twitter_datascience, execution_date=20230514T000000, start_date=20230519T211823, end_date=20230519T211854
[2023-05-19 18:18:54,594] {local_task_job.py:156} INFO - Task exited with return code 0
[2023-05-19 18:18:54,650] {local_task_job.py:273} INFO - 1 downstream tasks scheduled from follow-on schedule check
