[2023-05-19 15:25:56,207] {taskinstance.py:1159} INFO - Dependencies all met for <TaskInstance: TwitterDAG.twitter_datascience scheduled__2023-05-17T00:00:00+00:00 [queued]>
[2023-05-19 15:25:56,214] {taskinstance.py:1159} INFO - Dependencies all met for <TaskInstance: TwitterDAG.twitter_datascience scheduled__2023-05-17T00:00:00+00:00 [queued]>
[2023-05-19 15:25:56,214] {taskinstance.py:1356} INFO - 
--------------------------------------------------------------------------------
[2023-05-19 15:25:56,214] {taskinstance.py:1357} INFO - Starting attempt 1 of 1
[2023-05-19 15:25:56,214] {taskinstance.py:1358} INFO - 
--------------------------------------------------------------------------------
[2023-05-19 15:25:56,227] {taskinstance.py:1377} INFO - Executing <Task(TwitterOperator): twitter_datascience> on 2023-05-17 00:00:00+00:00
[2023-05-19 15:25:56,229] {standard_task_runner.py:52} INFO - Started process 3322 to run task
[2023-05-19 15:25:56,238] {standard_task_runner.py:79} INFO - Running: ['airflow', 'tasks', 'run', 'TwitterDAG', 'twitter_datascience', 'scheduled__2023-05-17T00:00:00+00:00', '--job-id', '7', '--raw', '--subdir', 'DAGS_FOLDER/twitter_dag.py', '--cfg-path', '/var/folders/4m/2vllbq951394clq6jtlsj0p40000gn/T/tmp_w2io0rc', '--error-file', '/var/folders/4m/2vllbq951394clq6jtlsj0p40000gn/T/tmpnl97bo90']
[2023-05-19 15:25:56,240] {standard_task_runner.py:80} INFO - Job 7: Subtask twitter_datascience
[2023-05-19 15:25:56,307] {task_command.py:370} INFO - Running <TaskInstance: TwitterDAG.twitter_datascience scheduled__2023-05-17T00:00:00+00:00 [running]> on host MacBook-Air-de-Mariana-2.local
[2023-05-19 15:25:56,371] {taskinstance.py:1569} INFO - Exporting the following env vars:
AIRFLOW_CTX_DAG_OWNER=airflow
AIRFLOW_CTX_DAG_ID=TwitterDAG
AIRFLOW_CTX_TASK_ID=twitter_datascience
AIRFLOW_CTX_EXECUTION_DATE=2023-05-17T00:00:00+00:00
AIRFLOW_CTX_TRY_NUMBER=1
AIRFLOW_CTX_DAG_RUN_ID=scheduled__2023-05-17T00:00:00+00:00
[2023-05-19 15:25:56,379] {base.py:68} INFO - Using connection ID 'twitter_default' for task execution.
[2023-05-19 15:25:56,381] {twitter_hook.py:34} INFO - URL: https://labdados.com/2/tweets/search/recent?query=datascience&tweet.fields=author_id,conversation_id,created_at,id,in_reply_to_user_id,public_metrics,lang,text&expansions=author_id&user.fields=id,name,username,created_at&start_time=2023-05-17T00:00:00.00Z&end_time=2023-05-18T00:00:00.00Z
[2023-05-19 15:25:56,967] {twitter_hook.py:34} INFO - URL: https://labdados.com/2/tweets/search/recent?query=datascience&tweet.fields=author_id,conversation_id,created_at,id,in_reply_to_user_id,public_metrics,lang,text&expansions=author_id&user.fields=id,name,username,created_at&start_time=2023-05-17T00:00:00.00Z&end_time=2023-05-18T00:00:00.00Z&next_token=1234567890abcdef
[2023-05-19 15:25:57,181] {twitter_hook.py:34} INFO - URL: https://labdados.com/2/tweets/search/recent?query=datascience&tweet.fields=author_id,conversation_id,created_at,id,in_reply_to_user_id,public_metrics,lang,text&expansions=author_id&user.fields=id,name,username,created_at&start_time=2023-05-17T00:00:00.00Z&end_time=2023-05-18T00:00:00.00Z&next_token=1234567890abcdef
[2023-05-19 15:25:57,627] {taskinstance.py:1395} INFO - Marking task as SUCCESS. dag_id=TwitterDAG, task_id=twitter_datascience, execution_date=20230517T000000, start_date=20230519T182556, end_date=20230519T182557
[2023-05-19 15:25:57,646] {local_task_job.py:156} INFO - Task exited with return code 0
[2023-05-19 15:25:57,679] {local_task_job.py:273} INFO - 0 downstream tasks scheduled from follow-on schedule check
[2023-05-19 15:29:35,753] {taskinstance.py:1159} INFO - Dependencies all met for <TaskInstance: TwitterDAG.twitter_datascience scheduled__2023-05-17T00:00:00+00:00 [queued]>
[2023-05-19 15:29:35,762] {taskinstance.py:1159} INFO - Dependencies all met for <TaskInstance: TwitterDAG.twitter_datascience scheduled__2023-05-17T00:00:00+00:00 [queued]>
[2023-05-19 15:29:35,762] {taskinstance.py:1356} INFO - 
--------------------------------------------------------------------------------
[2023-05-19 15:29:35,763] {taskinstance.py:1357} INFO - Starting attempt 1 of 1
[2023-05-19 15:29:35,763] {taskinstance.py:1358} INFO - 
--------------------------------------------------------------------------------
[2023-05-19 15:29:35,778] {taskinstance.py:1377} INFO - Executing <Task(TwitterOperator): twitter_datascience> on 2023-05-17 00:00:00+00:00
[2023-05-19 15:29:35,780] {standard_task_runner.py:52} INFO - Started process 3451 to run task
[2023-05-19 15:29:35,787] {standard_task_runner.py:79} INFO - Running: ['airflow', 'tasks', 'run', 'TwitterDAG', 'twitter_datascience', 'scheduled__2023-05-17T00:00:00+00:00', '--job-id', '3', '--raw', '--subdir', 'DAGS_FOLDER/twitter_dag.py', '--cfg-path', '/var/folders/4m/2vllbq951394clq6jtlsj0p40000gn/T/tmpbel7vjup', '--error-file', '/var/folders/4m/2vllbq951394clq6jtlsj0p40000gn/T/tmpvokv6gor']
[2023-05-19 15:29:35,789] {standard_task_runner.py:80} INFO - Job 3: Subtask twitter_datascience
[2023-05-19 15:29:35,848] {task_command.py:370} INFO - Running <TaskInstance: TwitterDAG.twitter_datascience scheduled__2023-05-17T00:00:00+00:00 [running]> on host 1.0.0.127.in-addr.arpa
[2023-05-19 15:29:35,913] {taskinstance.py:1569} INFO - Exporting the following env vars:
AIRFLOW_CTX_DAG_OWNER=airflow
AIRFLOW_CTX_DAG_ID=TwitterDAG
AIRFLOW_CTX_TASK_ID=twitter_datascience
AIRFLOW_CTX_EXECUTION_DATE=2023-05-17T00:00:00+00:00
AIRFLOW_CTX_TRY_NUMBER=1
AIRFLOW_CTX_DAG_RUN_ID=scheduled__2023-05-17T00:00:00+00:00
[2023-05-19 15:29:35,921] {base.py:68} INFO - Using connection ID 'twitter_default' for task execution.
[2023-05-19 15:29:35,923] {twitter_hook.py:34} INFO - URL: https://labdados.com/2/tweets/search/recent?query=datascience&tweet.fields=author_id,conversation_id,created_at,id,in_reply_to_user_id,public_metrics,lang,text&expansions=author_id&user.fields=id,name,username,created_at&start_time=2023-05-17T00:00:00.00Z&end_time=2023-05-18T00:00:00.00Z
[2023-05-19 15:29:36,475] {taskinstance.py:1395} INFO - Marking task as SUCCESS. dag_id=TwitterDAG, task_id=twitter_datascience, execution_date=20230517T000000, start_date=20230519T182935, end_date=20230519T182936
[2023-05-19 15:29:36,530] {local_task_job.py:156} INFO - Task exited with return code 0
[2023-05-19 15:29:36,554] {local_task_job.py:273} INFO - 0 downstream tasks scheduled from follow-on schedule check
[2023-05-19 16:38:07,229] {taskinstance.py:1159} INFO - Dependencies all met for <TaskInstance: TwitterDAG.twitter_datascience scheduled__2023-05-17T00:00:00+00:00 [queued]>
[2023-05-19 16:38:07,241] {taskinstance.py:1159} INFO - Dependencies all met for <TaskInstance: TwitterDAG.twitter_datascience scheduled__2023-05-17T00:00:00+00:00 [queued]>
[2023-05-19 16:38:07,241] {taskinstance.py:1356} INFO - 
--------------------------------------------------------------------------------
[2023-05-19 16:38:07,242] {taskinstance.py:1357} INFO - Starting attempt 1 of 1
[2023-05-19 16:38:07,242] {taskinstance.py:1358} INFO - 
--------------------------------------------------------------------------------
[2023-05-19 16:38:07,275] {taskinstance.py:1377} INFO - Executing <Task(TwitterOperator): twitter_datascience> on 2023-05-17 00:00:00+00:00
[2023-05-19 16:38:07,279] {standard_task_runner.py:52} INFO - Started process 6349 to run task
[2023-05-19 16:38:07,289] {standard_task_runner.py:79} INFO - Running: ['airflow', 'tasks', 'run', 'TwitterDAG', 'twitter_datascience', 'scheduled__2023-05-17T00:00:00+00:00', '--job-id', '9', '--raw', '--subdir', 'DAGS_FOLDER/twitter_dag.py', '--cfg-path', '/var/folders/4m/2vllbq951394clq6jtlsj0p40000gn/T/tmpzsg6ibw5', '--error-file', '/var/folders/4m/2vllbq951394clq6jtlsj0p40000gn/T/tmpq035ls_b']
[2023-05-19 16:38:07,292] {standard_task_runner.py:80} INFO - Job 9: Subtask twitter_datascience
[2023-05-19 16:38:07,383] {task_command.py:370} INFO - Running <TaskInstance: TwitterDAG.twitter_datascience scheduled__2023-05-17T00:00:00+00:00 [running]> on host 1.0.0.127.in-addr.arpa
[2023-05-19 16:38:07,494] {taskinstance.py:1569} INFO - Exporting the following env vars:
AIRFLOW_CTX_DAG_OWNER=airflow
AIRFLOW_CTX_DAG_ID=TwitterDAG
AIRFLOW_CTX_TASK_ID=twitter_datascience
AIRFLOW_CTX_EXECUTION_DATE=2023-05-17T00:00:00+00:00
AIRFLOW_CTX_TRY_NUMBER=1
AIRFLOW_CTX_DAG_RUN_ID=scheduled__2023-05-17T00:00:00+00:00
[2023-05-19 16:38:07,516] {base.py:68} INFO - Using connection ID 'twitter_default' for task execution.
[2023-05-19 16:38:07,525] {twitter_hook.py:34} INFO - URL: https://labdados.com/2/tweets/search/recent?query=datascience&tweet.fields=author_id,conversation_id,created_at,id,in_reply_to_user_id,public_metrics,lang,text&expansions=author_id&user.fields=id,name,username,created_at&start_time=2023-05-17T00:00:00.00Z&end_time=2023-05-18T00:00:00.00Z
[2023-05-19 16:38:08,747] {taskinstance.py:1395} INFO - Marking task as SUCCESS. dag_id=TwitterDAG, task_id=twitter_datascience, execution_date=20230517T000000, start_date=20230519T193807, end_date=20230519T193808
[2023-05-19 16:38:08,809] {local_task_job.py:156} INFO - Task exited with return code 0
[2023-05-19 16:38:08,880] {local_task_job.py:273} INFO - 1 downstream tasks scheduled from follow-on schedule check
[2023-05-19 16:54:03,535] {taskinstance.py:1159} INFO - Dependencies all met for <TaskInstance: TwitterDAG.twitter_datascience scheduled__2023-05-17T00:00:00+00:00 [queued]>
[2023-05-19 16:54:03,571] {taskinstance.py:1159} INFO - Dependencies all met for <TaskInstance: TwitterDAG.twitter_datascience scheduled__2023-05-17T00:00:00+00:00 [queued]>
[2023-05-19 16:54:03,571] {taskinstance.py:1356} INFO - 
--------------------------------------------------------------------------------
[2023-05-19 16:54:03,572] {taskinstance.py:1357} INFO - Starting attempt 1 of 1
[2023-05-19 16:54:03,572] {taskinstance.py:1358} INFO - 
--------------------------------------------------------------------------------
[2023-05-19 16:54:03,615] {taskinstance.py:1377} INFO - Executing <Task(TwitterOperator): twitter_datascience> on 2023-05-17 00:00:00+00:00
[2023-05-19 16:54:03,620] {standard_task_runner.py:52} INFO - Started process 6861 to run task
[2023-05-19 16:54:03,639] {standard_task_runner.py:79} INFO - Running: ['airflow', 'tasks', 'run', 'TwitterDAG', 'twitter_datascience', 'scheduled__2023-05-17T00:00:00+00:00', '--job-id', '15', '--raw', '--subdir', 'DAGS_FOLDER/twitter_dag.py', '--cfg-path', '/var/folders/4m/2vllbq951394clq6jtlsj0p40000gn/T/tmp92249a2i', '--error-file', '/var/folders/4m/2vllbq951394clq6jtlsj0p40000gn/T/tmpz5azz_dg']
[2023-05-19 16:54:03,643] {standard_task_runner.py:80} INFO - Job 15: Subtask twitter_datascience
[2023-05-19 16:54:03,799] {task_command.py:370} INFO - Running <TaskInstance: TwitterDAG.twitter_datascience scheduled__2023-05-17T00:00:00+00:00 [running]> on host MacBook-Air-de-Mariana-2.local
[2023-05-19 16:54:03,963] {taskinstance.py:1569} INFO - Exporting the following env vars:
AIRFLOW_CTX_DAG_OWNER=airflow
AIRFLOW_CTX_DAG_ID=TwitterDAG
AIRFLOW_CTX_TASK_ID=twitter_datascience
AIRFLOW_CTX_EXECUTION_DATE=2023-05-17T00:00:00+00:00
AIRFLOW_CTX_TRY_NUMBER=1
AIRFLOW_CTX_DAG_RUN_ID=scheduled__2023-05-17T00:00:00+00:00
[2023-05-19 16:54:04,014] {base.py:68} INFO - Using connection ID 'twitter_default' for task execution.
[2023-05-19 16:54:04,026] {twitter_hook.py:34} INFO - URL: https://labdados.com/2/tweets/search/recent?query=datascience&tweet.fields=author_id,conversation_id,created_at,id,in_reply_to_user_id,public_metrics,lang,text&expansions=author_id&user.fields=id,name,username,created_at&start_time=2023-05-17T00:00:00.00Z&end_time=2023-05-18T00:00:00.00Z
[2023-05-19 16:54:04,636] {twitter_hook.py:34} INFO - URL: https://labdados.com/2/tweets/search/recent?query=datascience&tweet.fields=author_id,conversation_id,created_at,id,in_reply_to_user_id,public_metrics,lang,text&expansions=author_id&user.fields=id,name,username,created_at&start_time=2023-05-17T00:00:00.00Z&end_time=2023-05-18T00:00:00.00Z&next_token=1234567890abcdef
[2023-05-19 16:54:04,823] {twitter_hook.py:34} INFO - URL: https://labdados.com/2/tweets/search/recent?query=datascience&tweet.fields=author_id,conversation_id,created_at,id,in_reply_to_user_id,public_metrics,lang,text&expansions=author_id&user.fields=id,name,username,created_at&start_time=2023-05-17T00:00:00.00Z&end_time=2023-05-18T00:00:00.00Z&next_token=1234567890abcdef
[2023-05-19 16:54:05,078] {taskinstance.py:1395} INFO - Marking task as SUCCESS. dag_id=TwitterDAG, task_id=twitter_datascience, execution_date=20230517T000000, start_date=20230519T195403, end_date=20230519T195405
[2023-05-19 16:54:05,139] {local_task_job.py:156} INFO - Task exited with return code 0
[2023-05-19 16:54:05,193] {local_task_job.py:273} INFO - 1 downstream tasks scheduled from follow-on schedule check
[2023-05-19 17:05:06,466] {taskinstance.py:1159} INFO - Dependencies all met for <TaskInstance: TwitterDAG.twitter_datascience scheduled__2023-05-17T00:00:00+00:00 [queued]>
[2023-05-19 17:05:06,486] {taskinstance.py:1159} INFO - Dependencies all met for <TaskInstance: TwitterDAG.twitter_datascience scheduled__2023-05-17T00:00:00+00:00 [queued]>
[2023-05-19 17:05:06,486] {taskinstance.py:1356} INFO - 
--------------------------------------------------------------------------------
[2023-05-19 17:05:06,486] {taskinstance.py:1357} INFO - Starting attempt 1 of 1
[2023-05-19 17:05:06,486] {taskinstance.py:1358} INFO - 
--------------------------------------------------------------------------------
[2023-05-19 17:05:06,518] {taskinstance.py:1377} INFO - Executing <Task(TwitterOperator): twitter_datascience> on 2023-05-17 00:00:00+00:00
[2023-05-19 17:05:06,522] {standard_task_runner.py:52} INFO - Started process 7320 to run task
[2023-05-19 17:05:06,530] {standard_task_runner.py:79} INFO - Running: ['airflow', 'tasks', 'run', 'TwitterDAG', 'twitter_datascience', 'scheduled__2023-05-17T00:00:00+00:00', '--job-id', '15', '--raw', '--subdir', 'DAGS_FOLDER/twitter_dag.py', '--cfg-path', '/var/folders/4m/2vllbq951394clq6jtlsj0p40000gn/T/tmpjivikhtc', '--error-file', '/var/folders/4m/2vllbq951394clq6jtlsj0p40000gn/T/tmp9b4aq6cl']
[2023-05-19 17:05:06,535] {standard_task_runner.py:80} INFO - Job 15: Subtask twitter_datascience
[2023-05-19 17:05:06,659] {task_command.py:370} INFO - Running <TaskInstance: TwitterDAG.twitter_datascience scheduled__2023-05-17T00:00:00+00:00 [running]> on host 1.0.0.127.in-addr.arpa
[2023-05-19 17:05:06,794] {taskinstance.py:1569} INFO - Exporting the following env vars:
AIRFLOW_CTX_DAG_OWNER=airflow
AIRFLOW_CTX_DAG_ID=TwitterDAG
AIRFLOW_CTX_TASK_ID=twitter_datascience
AIRFLOW_CTX_EXECUTION_DATE=2023-05-17T00:00:00+00:00
AIRFLOW_CTX_TRY_NUMBER=1
AIRFLOW_CTX_DAG_RUN_ID=scheduled__2023-05-17T00:00:00+00:00
[2023-05-19 17:05:06,817] {base.py:68} INFO - Using connection ID 'twitter_default' for task execution.
[2023-05-19 17:05:06,821] {twitter_hook.py:34} INFO - URL: https://labdados.com/2/tweets/search/recent?query=datascience&tweet.fields=author_id,conversation_id,created_at,id,in_reply_to_user_id,public_metrics,lang,text&expansions=author_id&user.fields=id,name,username,created_at&start_time=2023-05-17T00:00:00.00Z&end_time=2023-05-18T00:00:00.00Z
[2023-05-19 17:05:07,414] {twitter_hook.py:34} INFO - URL: https://labdados.com/2/tweets/search/recent?query=datascience&tweet.fields=author_id,conversation_id,created_at,id,in_reply_to_user_id,public_metrics,lang,text&expansions=author_id&user.fields=id,name,username,created_at&start_time=2023-05-17T00:00:00.00Z&end_time=2023-05-18T00:00:00.00Z&next_token=1234567890abcdef
[2023-05-19 17:05:07,610] {taskinstance.py:1395} INFO - Marking task as SUCCESS. dag_id=TwitterDAG, task_id=twitter_datascience, execution_date=20230517T000000, start_date=20230519T200506, end_date=20230519T200507
[2023-05-19 17:05:07,677] {local_task_job.py:156} INFO - Task exited with return code 0
[2023-05-19 17:05:07,741] {local_task_job.py:273} INFO - 1 downstream tasks scheduled from follow-on schedule check
[2023-05-19 17:59:43,408] {taskinstance.py:1159} INFO - Dependencies all met for <TaskInstance: TwitterDAG.twitter_datascience scheduled__2023-05-17T00:00:00+00:00 [queued]>
[2023-05-19 17:59:43,458] {taskinstance.py:1159} INFO - Dependencies all met for <TaskInstance: TwitterDAG.twitter_datascience scheduled__2023-05-17T00:00:00+00:00 [queued]>
[2023-05-19 17:59:43,458] {taskinstance.py:1356} INFO - 
--------------------------------------------------------------------------------
[2023-05-19 17:59:43,458] {taskinstance.py:1357} INFO - Starting attempt 1 of 1
[2023-05-19 17:59:43,458] {taskinstance.py:1358} INFO - 
--------------------------------------------------------------------------------
[2023-05-19 17:59:43,506] {taskinstance.py:1377} INFO - Executing <Task(TwitterOperator): twitter_datascience> on 2023-05-17 00:00:00+00:00
[2023-05-19 17:59:43,516] {standard_task_runner.py:52} INFO - Started process 8649 to run task
[2023-05-19 17:59:43,528] {standard_task_runner.py:79} INFO - Running: ['airflow', 'tasks', 'run', 'TwitterDAG', 'twitter_datascience', 'scheduled__2023-05-17T00:00:00+00:00', '--job-id', '23', '--raw', '--subdir', 'DAGS_FOLDER/twitter_dag.py', '--cfg-path', '/var/folders/4m/2vllbq951394clq6jtlsj0p40000gn/T/tmp_vz14r0e', '--error-file', '/var/folders/4m/2vllbq951394clq6jtlsj0p40000gn/T/tmpuilrxgqy']
[2023-05-19 17:59:43,535] {standard_task_runner.py:80} INFO - Job 23: Subtask twitter_datascience
[2023-05-19 17:59:43,659] {task_command.py:370} INFO - Running <TaskInstance: TwitterDAG.twitter_datascience scheduled__2023-05-17T00:00:00+00:00 [running]> on host 1.0.0.127.in-addr.arpa
[2023-05-19 17:59:43,800] {taskinstance.py:1569} INFO - Exporting the following env vars:
AIRFLOW_CTX_DAG_OWNER=airflow
AIRFLOW_CTX_DAG_ID=TwitterDAG
AIRFLOW_CTX_TASK_ID=twitter_datascience
AIRFLOW_CTX_EXECUTION_DATE=2023-05-17T00:00:00+00:00
AIRFLOW_CTX_TRY_NUMBER=1
AIRFLOW_CTX_DAG_RUN_ID=scheduled__2023-05-17T00:00:00+00:00
[2023-05-19 17:59:43,816] {base.py:68} INFO - Using connection ID 'twitter_default' for task execution.
[2023-05-19 17:59:43,822] {twitter_hook.py:34} INFO - URL: https://labdados.com/2/tweets/search/recent?query=datascience&tweet.fields=author_id,conversation_id,created_at,id,in_reply_to_user_id,public_metrics,lang,text&expansions=author_id&user.fields=id,name,username,created_at&start_time=2023-05-17T00:00:00.00Z&end_time=2023-05-18T00:00:00.00Z
[2023-05-19 17:59:44,974] {taskinstance.py:1395} INFO - Marking task as SUCCESS. dag_id=TwitterDAG, task_id=twitter_datascience, execution_date=20230517T000000, start_date=20230519T205943, end_date=20230519T205944
[2023-05-19 17:59:45,048] {local_task_job.py:156} INFO - Task exited with return code 0
[2023-05-19 17:59:45,106] {local_task_job.py:273} INFO - 1 downstream tasks scheduled from follow-on schedule check
[2023-05-19 18:21:23,067] {taskinstance.py:1159} INFO - Dependencies all met for <TaskInstance: TwitterDAG.twitter_datascience scheduled__2023-05-17T00:00:00+00:00 [queued]>
[2023-05-19 18:21:23,081] {taskinstance.py:1159} INFO - Dependencies all met for <TaskInstance: TwitterDAG.twitter_datascience scheduled__2023-05-17T00:00:00+00:00 [queued]>
[2023-05-19 18:21:23,081] {taskinstance.py:1356} INFO - 
--------------------------------------------------------------------------------
[2023-05-19 18:21:23,081] {taskinstance.py:1357} INFO - Starting attempt 1 of 1
[2023-05-19 18:21:23,081] {taskinstance.py:1358} INFO - 
--------------------------------------------------------------------------------
[2023-05-19 18:21:23,101] {taskinstance.py:1377} INFO - Executing <Task(TwitterOperator): twitter_datascience> on 2023-05-17 00:00:00+00:00
[2023-05-19 18:21:23,106] {standard_task_runner.py:52} INFO - Started process 9578 to run task
[2023-05-19 18:21:23,114] {standard_task_runner.py:79} INFO - Running: ['airflow', 'tasks', 'run', 'TwitterDAG', 'twitter_datascience', 'scheduled__2023-05-17T00:00:00+00:00', '--job-id', '40', '--raw', '--subdir', 'DAGS_FOLDER/twitter_dag.py', '--cfg-path', '/var/folders/4m/2vllbq951394clq6jtlsj0p40000gn/T/tmp0uclxt40', '--error-file', '/var/folders/4m/2vllbq951394clq6jtlsj0p40000gn/T/tmpvm80pyw_']
[2023-05-19 18:21:23,116] {standard_task_runner.py:80} INFO - Job 40: Subtask twitter_datascience
[2023-05-19 18:21:23,194] {task_command.py:370} INFO - Running <TaskInstance: TwitterDAG.twitter_datascience scheduled__2023-05-17T00:00:00+00:00 [running]> on host 1.0.0.127.in-addr.arpa
[2023-05-19 18:21:23,304] {taskinstance.py:1569} INFO - Exporting the following env vars:
AIRFLOW_CTX_DAG_OWNER=airflow
AIRFLOW_CTX_DAG_ID=TwitterDAG
AIRFLOW_CTX_TASK_ID=twitter_datascience
AIRFLOW_CTX_EXECUTION_DATE=2023-05-17T00:00:00+00:00
AIRFLOW_CTX_TRY_NUMBER=1
AIRFLOW_CTX_DAG_RUN_ID=scheduled__2023-05-17T00:00:00+00:00
[2023-05-19 18:21:23,319] {base.py:68} INFO - Using connection ID 'twitter_default' for task execution.
[2023-05-19 18:21:23,328] {twitter_hook.py:34} INFO - URL: https://labdados.com/2/tweets/search/recent?query=datascience&tweet.fields=author_id,conversation_id,created_at,id,in_reply_to_user_id,public_metrics,lang,text&expansions=author_id&user.fields=id,name,username,created_at&start_time=2023-05-17T00:00:00.00Z&end_time=2023-05-18T00:00:00.00Z
[2023-05-19 18:21:24,213] {taskinstance.py:1395} INFO - Marking task as SUCCESS. dag_id=TwitterDAG, task_id=twitter_datascience, execution_date=20230517T000000, start_date=20230519T212123, end_date=20230519T212124
[2023-05-19 18:21:24,260] {local_task_job.py:156} INFO - Task exited with return code 0
[2023-05-19 18:21:24,318] {local_task_job.py:273} INFO - 1 downstream tasks scheduled from follow-on schedule check
