[2023-05-19 15:27:46,164] {taskinstance.py:1159} INFO - Dependencies all met for <TaskInstance: TwitterDAG.twitter_datascience manual__2023-05-19T18:27:41.330271+00:00 [queued]>
[2023-05-19 15:27:46,172] {taskinstance.py:1159} INFO - Dependencies all met for <TaskInstance: TwitterDAG.twitter_datascience manual__2023-05-19T18:27:41.330271+00:00 [queued]>
[2023-05-19 15:27:46,172] {taskinstance.py:1356} INFO - 
--------------------------------------------------------------------------------
[2023-05-19 15:27:46,172] {taskinstance.py:1357} INFO - Starting attempt 1 of 1
[2023-05-19 15:27:46,172] {taskinstance.py:1358} INFO - 
--------------------------------------------------------------------------------
[2023-05-19 15:27:46,190] {taskinstance.py:1377} INFO - Executing <Task(TwitterOperator): twitter_datascience> on 2023-05-19 18:27:41.330271+00:00
[2023-05-19 15:27:46,192] {standard_task_runner.py:52} INFO - Started process 3387 to run task
[2023-05-19 15:27:46,201] {standard_task_runner.py:79} INFO - Running: ['airflow', 'tasks', 'run', 'TwitterDAG', 'twitter_datascience', 'manual__2023-05-19T18:27:41.330271+00:00', '--job-id', '9', '--raw', '--subdir', 'DAGS_FOLDER/twitter_dag.py', '--cfg-path', '/var/folders/4m/2vllbq951394clq6jtlsj0p40000gn/T/tmpezrbpc5e', '--error-file', '/var/folders/4m/2vllbq951394clq6jtlsj0p40000gn/T/tmp4oeyovby']
[2023-05-19 15:27:46,203] {standard_task_runner.py:80} INFO - Job 9: Subtask twitter_datascience
[2023-05-19 15:27:46,265] {task_command.py:370} INFO - Running <TaskInstance: TwitterDAG.twitter_datascience manual__2023-05-19T18:27:41.330271+00:00 [running]> on host 1.0.0.127.in-addr.arpa
[2023-05-19 15:27:46,345] {taskinstance.py:1569} INFO - Exporting the following env vars:
AIRFLOW_CTX_DAG_OWNER=airflow
AIRFLOW_CTX_DAG_ID=TwitterDAG
AIRFLOW_CTX_TASK_ID=twitter_datascience
AIRFLOW_CTX_EXECUTION_DATE=2023-05-19T18:27:41.330271+00:00
AIRFLOW_CTX_TRY_NUMBER=1
AIRFLOW_CTX_DAG_RUN_ID=manual__2023-05-19T18:27:41.330271+00:00
[2023-05-19 15:27:46,354] {base.py:68} INFO - Using connection ID 'twitter_default' for task execution.
[2023-05-19 15:27:46,356] {twitter_hook.py:34} INFO - URL: https://labdados.com/2/tweets/search/recent?query=datascience&tweet.fields=author_id,conversation_id,created_at,id,in_reply_to_user_id,public_metrics,lang,text&expansions=author_id&user.fields=id,name,username,created_at&start_time=2023-05-18T00:00:00.00Z&end_time=2023-05-19T00:00:00.00Z
[2023-05-19 15:27:46,890] {taskinstance.py:1395} INFO - Marking task as SUCCESS. dag_id=TwitterDAG, task_id=twitter_datascience, execution_date=20230519T182741, start_date=20230519T182746, end_date=20230519T182746
[2023-05-19 15:27:46,942] {local_task_job.py:156} INFO - Task exited with return code 0
[2023-05-19 15:27:46,968] {local_task_job.py:273} INFO - 0 downstream tasks scheduled from follow-on schedule check
