[2023-05-19 18:19:00,124] {taskinstance.py:1159} INFO - Dependencies all met for <TaskInstance: TwitterDAG.insight_twitter scheduled__2023-05-13T00:00:00+00:00 [queued]>
[2023-05-19 18:19:00,136] {taskinstance.py:1159} INFO - Dependencies all met for <TaskInstance: TwitterDAG.insight_twitter scheduled__2023-05-13T00:00:00+00:00 [queued]>
[2023-05-19 18:19:00,136] {taskinstance.py:1356} INFO - 
--------------------------------------------------------------------------------
[2023-05-19 18:19:00,137] {taskinstance.py:1357} INFO - Starting attempt 1 of 1
[2023-05-19 18:19:00,137] {taskinstance.py:1358} INFO - 
--------------------------------------------------------------------------------
[2023-05-19 18:19:00,172] {taskinstance.py:1377} INFO - Executing <Task(SparkSubmitOperator): insight_twitter> on 2023-05-13 00:00:00+00:00
[2023-05-19 18:19:00,184] {standard_task_runner.py:52} INFO - Started process 9427 to run task
[2023-05-19 18:19:00,189] {standard_task_runner.py:79} INFO - Running: ['airflow', 'tasks', 'run', 'TwitterDAG', 'insight_twitter', 'scheduled__2023-05-13T00:00:00+00:00', '--job-id', '36', '--raw', '--subdir', 'DAGS_FOLDER/twitter_dag.py', '--cfg-path', '/var/folders/4m/2vllbq951394clq6jtlsj0p40000gn/T/tmpwwxz9n76', '--error-file', '/var/folders/4m/2vllbq951394clq6jtlsj0p40000gn/T/tmpfkl6_84_']
[2023-05-19 18:19:00,192] {standard_task_runner.py:80} INFO - Job 36: Subtask insight_twitter
[2023-05-19 18:19:00,272] {task_command.py:370} INFO - Running <TaskInstance: TwitterDAG.insight_twitter scheduled__2023-05-13T00:00:00+00:00 [running]> on host 1.0.0.127.in-addr.arpa
[2023-05-19 18:19:00,370] {taskinstance.py:1569} INFO - Exporting the following env vars:
AIRFLOW_CTX_DAG_OWNER=airflow
AIRFLOW_CTX_DAG_ID=TwitterDAG
AIRFLOW_CTX_TASK_ID=insight_twitter
AIRFLOW_CTX_EXECUTION_DATE=2023-05-13T00:00:00+00:00
AIRFLOW_CTX_TRY_NUMBER=1
AIRFLOW_CTX_DAG_RUN_ID=scheduled__2023-05-13T00:00:00+00:00
[2023-05-19 18:19:00,381] {base.py:68} INFO - Using connection ID 'spark_default' for task execution.
[2023-05-19 18:19:00,385] {spark_submit.py:339} INFO - Spark-Submit cmd: spark-submit --master local --name twitter_transformation --queue root.default /Users/marianaoliveira/Downloads/alura1/src/spark/insight_tweet.py --src /Users/marianaoliveira/Downloads/alura1/datalake/silver/twitter_datascience/ --dest /Users/marianaoliveira/Downloads/alura1/datalake/gold/twitter_datascience/ --process-date 2023-05-13
[2023-05-19 18:19:04,923] {spark_submit.py:490} INFO - 23/05/19 18:19:04 WARN Utils: Your hostname, MacBook-Air-de-Mariana-2.local resolves to a loopback address: 127.0.0.1; using 192.168.15.8 instead (on interface en0)
[2023-05-19 18:19:04,935] {spark_submit.py:490} INFO - 23/05/19 18:19:04 WARN Utils: Set SPARK_LOCAL_IP if you need to bind to another address
[2023-05-19 18:19:07,741] {spark_submit.py:490} INFO - 23/05/19 18:19:07 INFO SparkContext: Running Spark version 3.3.2
[2023-05-19 18:19:07,929] {spark_submit.py:490} INFO - 23/05/19 18:19:07 WARN NativeCodeLoader: Unable to load native-hadoop library for your platform... using builtin-java classes where applicable
[2023-05-19 18:19:08,237] {spark_submit.py:490} INFO - 23/05/19 18:19:08 INFO ResourceUtils: ==============================================================
[2023-05-19 18:19:08,238] {spark_submit.py:490} INFO - 23/05/19 18:19:08 INFO ResourceUtils: No custom resources configured for spark.driver.
[2023-05-19 18:19:08,240] {spark_submit.py:490} INFO - 23/05/19 18:19:08 INFO ResourceUtils: ==============================================================
[2023-05-19 18:19:08,241] {spark_submit.py:490} INFO - 23/05/19 18:19:08 INFO SparkContext: Submitted application: twitter_transformation
[2023-05-19 18:19:08,317] {spark_submit.py:490} INFO - 23/05/19 18:19:08 INFO ResourceProfile: Default ResourceProfile created, executor resources: Map(cores -> name: cores, amount: 1, script: , vendor: , memory -> name: memory, amount: 1024, script: , vendor: , offHeap -> name: offHeap, amount: 0, script: , vendor: ), task resources: Map(cpus -> name: cpus, amount: 1.0)
[2023-05-19 18:19:08,350] {spark_submit.py:490} INFO - 23/05/19 18:19:08 INFO ResourceProfile: Limiting resource is cpu
[2023-05-19 18:19:08,357] {spark_submit.py:490} INFO - 23/05/19 18:19:08 INFO ResourceProfileManager: Added ResourceProfile id: 0
[2023-05-19 18:19:08,501] {spark_submit.py:490} INFO - 23/05/19 18:19:08 INFO SecurityManager: Changing view acls to: marianaoliveira
[2023-05-19 18:19:08,502] {spark_submit.py:490} INFO - 23/05/19 18:19:08 INFO SecurityManager: Changing modify acls to: marianaoliveira
[2023-05-19 18:19:08,505] {spark_submit.py:490} INFO - 23/05/19 18:19:08 INFO SecurityManager: Changing view acls groups to:
[2023-05-19 18:19:08,506] {spark_submit.py:490} INFO - 23/05/19 18:19:08 INFO SecurityManager: Changing modify acls groups to:
[2023-05-19 18:19:08,507] {spark_submit.py:490} INFO - 23/05/19 18:19:08 INFO SecurityManager: SecurityManager: authentication disabled; ui acls disabled; users  with view permissions: Set(marianaoliveira); groups with view permissions: Set(); users  with modify permissions: Set(marianaoliveira); groups with modify permissions: Set()
[2023-05-19 18:19:09,375] {spark_submit.py:490} INFO - 23/05/19 18:19:09 INFO Utils: Successfully started service 'sparkDriver' on port 55629.
[2023-05-19 18:19:09,464] {spark_submit.py:490} INFO - 23/05/19 18:19:09 INFO SparkEnv: Registering MapOutputTracker
[2023-05-19 18:19:09,577] {spark_submit.py:490} INFO - 23/05/19 18:19:09 INFO SparkEnv: Registering BlockManagerMaster
[2023-05-19 18:19:09,645] {spark_submit.py:490} INFO - 23/05/19 18:19:09 INFO BlockManagerMasterEndpoint: Using org.apache.spark.storage.DefaultTopologyMapper for getting topology information
[2023-05-19 18:19:09,647] {spark_submit.py:490} INFO - 23/05/19 18:19:09 INFO BlockManagerMasterEndpoint: BlockManagerMasterEndpoint up
[2023-05-19 18:19:09,660] {spark_submit.py:490} INFO - 23/05/19 18:19:09 INFO SparkEnv: Registering BlockManagerMasterHeartbeat
[2023-05-19 18:19:09,729] {spark_submit.py:490} INFO - 23/05/19 18:19:09 INFO DiskBlockManager: Created local directory at /private/var/folders/4m/2vllbq951394clq6jtlsj0p40000gn/T/blockmgr-3e5f5d62-d24c-4054-9511-edc8a035653e
[2023-05-19 18:19:09,778] {spark_submit.py:490} INFO - 23/05/19 18:19:09 INFO MemoryStore: MemoryStore started with capacity 434.4 MiB
[2023-05-19 18:19:09,820] {spark_submit.py:490} INFO - 23/05/19 18:19:09 INFO SparkEnv: Registering OutputCommitCoordinator
[2023-05-19 18:19:10,422] {spark_submit.py:490} INFO - 23/05/19 18:19:10 WARN Utils: Service 'SparkUI' could not bind on port 4040. Attempting port 4041.
[2023-05-19 18:19:10,446] {spark_submit.py:490} INFO - 23/05/19 18:19:10 INFO Utils: Successfully started service 'SparkUI' on port 4041.
[2023-05-19 18:19:10,758] {spark_submit.py:490} INFO - 23/05/19 18:19:10 INFO Executor: Starting executor ID driver on host 192.168.15.8
[2023-05-19 18:19:10,776] {spark_submit.py:490} INFO - 23/05/19 18:19:10 INFO Executor: Starting executor with user classpath (userClassPathFirst = false): ''
[2023-05-19 18:19:10,829] {spark_submit.py:490} INFO - 23/05/19 18:19:10 INFO Utils: Successfully started service 'org.apache.spark.network.netty.NettyBlockTransferService' on port 55630.
[2023-05-19 18:19:10,830] {spark_submit.py:490} INFO - 23/05/19 18:19:10 INFO NettyBlockTransferService: Server created on 192.168.15.8:55630
[2023-05-19 18:19:10,833] {spark_submit.py:490} INFO - 23/05/19 18:19:10 INFO BlockManager: Using org.apache.spark.storage.RandomBlockReplicationPolicy for block replication policy
[2023-05-19 18:19:10,851] {spark_submit.py:490} INFO - 23/05/19 18:19:10 INFO BlockManagerMaster: Registering BlockManager BlockManagerId(driver, 192.168.15.8, 55630, None)
[2023-05-19 18:19:10,859] {spark_submit.py:490} INFO - 23/05/19 18:19:10 INFO BlockManagerMasterEndpoint: Registering block manager 192.168.15.8:55630 with 434.4 MiB RAM, BlockManagerId(driver, 192.168.15.8, 55630, None)
[2023-05-19 18:19:10,871] {spark_submit.py:490} INFO - 23/05/19 18:19:10 INFO BlockManagerMaster: Registered BlockManager BlockManagerId(driver, 192.168.15.8, 55630, None)
[2023-05-19 18:19:10,873] {spark_submit.py:490} INFO - 23/05/19 18:19:10 INFO BlockManager: Initialized BlockManager: BlockManagerId(driver, 192.168.15.8, 55630, None)
[2023-05-19 18:19:12,201] {spark_submit.py:490} INFO - 23/05/19 18:19:12 INFO SharedState: Setting hive.metastore.warehouse.dir ('null') to the value of spark.sql.warehouse.dir.
[2023-05-19 18:19:12,221] {spark_submit.py:490} INFO - 23/05/19 18:19:12 INFO SharedState: Warehouse path is 'file:/Users/marianaoliveira/Downloads/alura1/spark-warehouse'.
[2023-05-19 18:19:14,530] {spark_submit.py:490} INFO - 23/05/19 18:19:14 INFO InMemoryFileIndex: It took 140 ms to list leaf files for 1 paths.
[2023-05-19 18:19:14,858] {spark_submit.py:490} INFO - 23/05/19 18:19:14 INFO InMemoryFileIndex: It took 28 ms to list leaf files for 4 paths.
[2023-05-19 18:19:21,081] {spark_submit.py:490} INFO - 23/05/19 18:19:21 INFO FileSourceStrategy: Pushed Filters:
[2023-05-19 18:19:21,085] {spark_submit.py:490} INFO - 23/05/19 18:19:21 INFO FileSourceStrategy: Post-Scan Filters:
[2023-05-19 18:19:21,093] {spark_submit.py:490} INFO - 23/05/19 18:19:21 INFO FileSourceStrategy: Output Data Schema: struct<value: string>
[2023-05-19 18:19:21,934] {spark_submit.py:490} INFO - 23/05/19 18:19:21 INFO MemoryStore: Block broadcast_0 stored as values in memory (estimated size 207.4 KiB, free 434.2 MiB)
[2023-05-19 18:19:22,586] {spark_submit.py:490} INFO - 23/05/19 18:19:22 INFO MemoryStore: Block broadcast_0_piece0 stored as bytes in memory (estimated size 34.3 KiB, free 434.2 MiB)
[2023-05-19 18:19:22,597] {spark_submit.py:490} INFO - 23/05/19 18:19:22 INFO BlockManagerInfo: Added broadcast_0_piece0 in memory on 192.168.15.8:55630 (size: 34.3 KiB, free: 434.4 MiB)
[2023-05-19 18:19:22,615] {spark_submit.py:490} INFO - 23/05/19 18:19:22 INFO SparkContext: Created broadcast 0 from json at NativeMethodAccessorImpl.java:0
[2023-05-19 18:19:22,633] {spark_submit.py:490} INFO - 23/05/19 18:19:22 INFO FileSourceScanExec: Planning scan with bin packing, max size: 16788816 bytes, open cost is considered as scanning 4194304 bytes.
[2023-05-19 18:19:23,072] {spark_submit.py:490} INFO - 23/05/19 18:19:23 INFO SparkContext: Starting job: json at NativeMethodAccessorImpl.java:0
[2023-05-19 18:19:23,113] {spark_submit.py:490} INFO - 23/05/19 18:19:23 INFO DAGScheduler: Got job 0 (json at NativeMethodAccessorImpl.java:0) with 1 output partitions
[2023-05-19 18:19:23,114] {spark_submit.py:490} INFO - 23/05/19 18:19:23 INFO DAGScheduler: Final stage: ResultStage 0 (json at NativeMethodAccessorImpl.java:0)
[2023-05-19 18:19:23,115] {spark_submit.py:490} INFO - 23/05/19 18:19:23 INFO DAGScheduler: Parents of final stage: List()
[2023-05-19 18:19:23,117] {spark_submit.py:490} INFO - 23/05/19 18:19:23 INFO DAGScheduler: Missing parents: List()
[2023-05-19 18:19:23,126] {spark_submit.py:490} INFO - 23/05/19 18:19:23 INFO DAGScheduler: Submitting ResultStage 0 (MapPartitionsRDD[3] at json at NativeMethodAccessorImpl.java:0), which has no missing parents
[2023-05-19 18:19:23,318] {spark_submit.py:490} INFO - 23/05/19 18:19:23 INFO MemoryStore: Block broadcast_1 stored as values in memory (estimated size 14.5 KiB, free 434.1 MiB)
[2023-05-19 18:19:23,334] {spark_submit.py:490} INFO - 23/05/19 18:19:23 INFO MemoryStore: Block broadcast_1_piece0 stored as bytes in memory (estimated size 7.0 KiB, free 434.1 MiB)
[2023-05-19 18:19:23,335] {spark_submit.py:490} INFO - 23/05/19 18:19:23 INFO BlockManagerInfo: Added broadcast_1_piece0 in memory on 192.168.15.8:55630 (size: 7.0 KiB, free: 434.4 MiB)
[2023-05-19 18:19:23,337] {spark_submit.py:490} INFO - 23/05/19 18:19:23 INFO SparkContext: Created broadcast 1 from broadcast at DAGScheduler.scala:1513
[2023-05-19 18:19:23,372] {spark_submit.py:490} INFO - 23/05/19 18:19:23 INFO DAGScheduler: Submitting 1 missing tasks from ResultStage 0 (MapPartitionsRDD[3] at json at NativeMethodAccessorImpl.java:0) (first 15 tasks are for partitions Vector(0))
[2023-05-19 18:19:23,377] {spark_submit.py:490} INFO - 23/05/19 18:19:23 INFO TaskSchedulerImpl: Adding task set 0.0 with 1 tasks resource profile 0
[2023-05-19 18:19:23,489] {spark_submit.py:490} INFO - 23/05/19 18:19:23 INFO TaskSetManager: Starting task 0.0 in stage 0.0 (TID 0) (192.168.15.8, executor driver, partition 0, PROCESS_LOCAL, 5689 bytes) taskResourceAssignments Map()
[2023-05-19 18:19:23,520] {spark_submit.py:490} INFO - 23/05/19 18:19:23 INFO Executor: Running task 0.0 in stage 0.0 (TID 0)
[2023-05-19 18:19:23,760] {spark_submit.py:490} INFO - 23/05/19 18:19:23 INFO FileScanRDD: Reading File path: file:///Users/marianaoliveira/Downloads/alura1/datalake/silver/twitter_datascience/tweet/process_date=2023-05-13/part-00000-319092af-9919-4bc8-8016-55dceb189d56-c000.json, range: 0-4715, partition values: [empty row]
[2023-05-19 18:19:24,474] {spark_submit.py:490} INFO - 23/05/19 18:19:24 INFO CodeGenerator: Code generated in 617.561912 ms
[2023-05-19 18:19:24,606] {spark_submit.py:490} INFO - 23/05/19 18:19:24 INFO FileScanRDD: Reading File path: file:///Users/marianaoliveira/Downloads/alura1/datalake/silver/twitter_datascience/tweet/process_date=2023-05-18/part-00000-759a5de3-5192-44d9-8ab7-e505bfd1c2f3-c000.json, range: 0-2321, partition values: [empty row]
[2023-05-19 18:19:24,621] {spark_submit.py:490} INFO - 23/05/19 18:19:24 INFO FileScanRDD: Reading File path: file:///Users/marianaoliveira/Downloads/alura1/datalake/silver/twitter_datascience/tweet/process_date=2023-05-14/part-00000-35a69c61-4cf8-48de-b4bf-d664b27c37d1-c000.json, range: 0-2310, partition values: [empty row]
[2023-05-19 18:19:24,634] {spark_submit.py:490} INFO - 23/05/19 18:19:24 INFO FileScanRDD: Reading File path: file:///Users/marianaoliveira/Downloads/alura1/datalake/silver/twitter_datascience/tweet/process_date=2023-05-17/part-00000-52fccda5-cc03-4831-ae8f-513c8216c6ac-c000.json, range: 0-2254, partition values: [empty row]
[2023-05-19 18:19:24,682] {spark_submit.py:490} INFO - 23/05/19 18:19:24 INFO Executor: Finished task 0.0 in stage 0.0 (TID 0). 2240 bytes result sent to driver
[2023-05-19 18:19:24,697] {spark_submit.py:490} INFO - 23/05/19 18:19:24 INFO TaskSetManager: Finished task 0.0 in stage 0.0 (TID 0) in 1229 ms on 192.168.15.8 (executor driver) (1/1)
[2023-05-19 18:19:24,701] {spark_submit.py:490} INFO - 23/05/19 18:19:24 INFO TaskSchedulerImpl: Removed TaskSet 0.0, whose tasks have all completed, from pool
[2023-05-19 18:19:24,710] {spark_submit.py:490} INFO - 23/05/19 18:19:24 INFO DAGScheduler: ResultStage 0 (json at NativeMethodAccessorImpl.java:0) finished in 1.551 s
[2023-05-19 18:19:24,716] {spark_submit.py:490} INFO - 23/05/19 18:19:24 INFO DAGScheduler: Job 0 is finished. Cancelling potential speculative or zombie tasks for this job
[2023-05-19 18:19:24,717] {spark_submit.py:490} INFO - 23/05/19 18:19:24 INFO TaskSchedulerImpl: Killing all running tasks in stage 0: Stage finished
[2023-05-19 18:19:24,724] {spark_submit.py:490} INFO - 23/05/19 18:19:24 INFO DAGScheduler: Job 0 finished: json at NativeMethodAccessorImpl.java:0, took 1.647222 s
[2023-05-19 18:19:24,925] {spark_submit.py:490} INFO - 23/05/19 18:19:24 INFO BlockManagerInfo: Removed broadcast_1_piece0 on 192.168.15.8:55630 in memory (size: 7.0 KiB, free: 434.4 MiB)
[2023-05-19 18:19:24,932] {spark_submit.py:490} INFO - 23/05/19 18:19:24 INFO BlockManagerInfo: Removed broadcast_0_piece0 on 192.168.15.8:55630 in memory (size: 34.3 KiB, free: 434.4 MiB)
[2023-05-19 18:19:25,607] {spark_submit.py:490} INFO - 23/05/19 18:19:25 INFO DataSourceStrategy: Pruning directories with:
[2023-05-19 18:19:25,608] {spark_submit.py:490} INFO - 23/05/19 18:19:25 INFO FileSourceStrategy: Pushed Filters:
[2023-05-19 18:19:25,609] {spark_submit.py:490} INFO - 23/05/19 18:19:25 INFO FileSourceStrategy: Post-Scan Filters:
[2023-05-19 18:19:25,610] {spark_submit.py:490} INFO - 23/05/19 18:19:25 INFO FileSourceStrategy: Output Data Schema: struct<author_id: string, created_at: string, like_count: bigint, quote_count: bigint, reply_count: bigint ... 1 more field>
[2023-05-19 18:19:26,609] {spark_submit.py:490} INFO - 23/05/19 18:19:26 INFO CodeGenerator: Code generated in 333.226648 ms
[2023-05-19 18:19:26,622] {spark_submit.py:490} INFO - 23/05/19 18:19:26 INFO MemoryStore: Block broadcast_2 stored as values in memory (estimated size 207.3 KiB, free 434.2 MiB)
[2023-05-19 18:19:26,727] {spark_submit.py:490} INFO - 23/05/19 18:19:26 INFO MemoryStore: Block broadcast_2_piece0 stored as bytes in memory (estimated size 34.3 KiB, free 434.2 MiB)
[2023-05-19 18:19:26,733] {spark_submit.py:490} INFO - 23/05/19 18:19:26 INFO BlockManagerInfo: Added broadcast_2_piece0 in memory on 192.168.15.8:55630 (size: 34.3 KiB, free: 434.4 MiB)
[2023-05-19 18:19:26,738] {spark_submit.py:490} INFO - 23/05/19 18:19:26 INFO SparkContext: Created broadcast 2 from json at NativeMethodAccessorImpl.java:0
[2023-05-19 18:19:26,755] {spark_submit.py:490} INFO - 23/05/19 18:19:26 INFO FileSourceScanExec: Planning scan with bin packing, max size: 16788816 bytes, open cost is considered as scanning 4194304 bytes.
[2023-05-19 18:19:27,043] {spark_submit.py:490} INFO - 23/05/19 18:19:27 INFO DAGScheduler: Registering RDD 7 (json at NativeMethodAccessorImpl.java:0) as input to shuffle 0
[2023-05-19 18:19:27,049] {spark_submit.py:490} INFO - 23/05/19 18:19:27 INFO DAGScheduler: Got map stage job 1 (json at NativeMethodAccessorImpl.java:0) with 1 output partitions
[2023-05-19 18:19:27,051] {spark_submit.py:490} INFO - 23/05/19 18:19:27 INFO DAGScheduler: Final stage: ShuffleMapStage 1 (json at NativeMethodAccessorImpl.java:0)
[2023-05-19 18:19:27,051] {spark_submit.py:490} INFO - 23/05/19 18:19:27 INFO DAGScheduler: Parents of final stage: List()
[2023-05-19 18:19:27,053] {spark_submit.py:490} INFO - 23/05/19 18:19:27 INFO DAGScheduler: Missing parents: List()
[2023-05-19 18:19:27,055] {spark_submit.py:490} INFO - 23/05/19 18:19:27 INFO DAGScheduler: Submitting ShuffleMapStage 1 (MapPartitionsRDD[7] at json at NativeMethodAccessorImpl.java:0), which has no missing parents
[2023-05-19 18:19:27,088] {spark_submit.py:490} INFO - 23/05/19 18:19:27 INFO MemoryStore: Block broadcast_3 stored as values in memory (estimated size 50.9 KiB, free 434.1 MiB)
[2023-05-19 18:19:27,098] {spark_submit.py:490} INFO - 23/05/19 18:19:27 INFO MemoryStore: Block broadcast_3_piece0 stored as bytes in memory (estimated size 21.6 KiB, free 434.1 MiB)
[2023-05-19 18:19:27,099] {spark_submit.py:490} INFO - 23/05/19 18:19:27 INFO BlockManagerInfo: Added broadcast_3_piece0 in memory on 192.168.15.8:55630 (size: 21.6 KiB, free: 434.3 MiB)
[2023-05-19 18:19:27,101] {spark_submit.py:490} INFO - 23/05/19 18:19:27 INFO SparkContext: Created broadcast 3 from broadcast at DAGScheduler.scala:1513
[2023-05-19 18:19:27,106] {spark_submit.py:490} INFO - 23/05/19 18:19:27 INFO DAGScheduler: Submitting 1 missing tasks from ShuffleMapStage 1 (MapPartitionsRDD[7] at json at NativeMethodAccessorImpl.java:0) (first 15 tasks are for partitions Vector(0))
[2023-05-19 18:19:27,106] {spark_submit.py:490} INFO - 23/05/19 18:19:27 INFO TaskSchedulerImpl: Adding task set 1.0 with 1 tasks resource profile 0
[2023-05-19 18:19:27,109] {spark_submit.py:490} INFO - 23/05/19 18:19:27 INFO TaskSetManager: Starting task 0.0 in stage 1.0 (TID 1) (192.168.15.8, executor driver, partition 0, PROCESS_LOCAL, 5751 bytes) taskResourceAssignments Map()
[2023-05-19 18:19:27,111] {spark_submit.py:490} INFO - 23/05/19 18:19:27 INFO Executor: Running task 0.0 in stage 1.0 (TID 1)
[2023-05-19 18:19:27,208] {spark_submit.py:490} INFO - 23/05/19 18:19:27 INFO CodeGenerator: Code generated in 21.735944 ms
[2023-05-19 18:19:27,272] {spark_submit.py:490} INFO - 23/05/19 18:19:27 INFO CodeGenerator: Code generated in 21.3335 ms
[2023-05-19 18:19:27,312] {spark_submit.py:490} INFO - 23/05/19 18:19:27 INFO CodeGenerator: Code generated in 21.692989 ms
[2023-05-19 18:19:27,359] {spark_submit.py:490} INFO - 23/05/19 18:19:27 INFO CodeGenerator: Code generated in 20.732872 ms
[2023-05-19 18:19:27,386] {spark_submit.py:490} INFO - 23/05/19 18:19:27 INFO FileScanRDD: Reading File path: file:///Users/marianaoliveira/Downloads/alura1/datalake/silver/twitter_datascience/tweet/process_date=2023-05-13/part-00000-319092af-9919-4bc8-8016-55dceb189d56-c000.json, range: 0-4715, partition values: [19490]
[2023-05-19 18:19:27,455] {spark_submit.py:490} INFO - 23/05/19 18:19:27 INFO CodeGenerator: Code generated in 47.09079 ms
[2023-05-19 18:19:27,567] {spark_submit.py:490} INFO - 23/05/19 18:19:27 INFO FileScanRDD: Reading File path: file:///Users/marianaoliveira/Downloads/alura1/datalake/silver/twitter_datascience/tweet/process_date=2023-05-18/part-00000-759a5de3-5192-44d9-8ab7-e505bfd1c2f3-c000.json, range: 0-2321, partition values: [19495]
[2023-05-19 18:19:27,581] {spark_submit.py:490} INFO - 23/05/19 18:19:27 INFO FileScanRDD: Reading File path: file:///Users/marianaoliveira/Downloads/alura1/datalake/silver/twitter_datascience/tweet/process_date=2023-05-14/part-00000-35a69c61-4cf8-48de-b4bf-d664b27c37d1-c000.json, range: 0-2310, partition values: [19491]
[2023-05-19 18:19:27,599] {spark_submit.py:490} INFO - 23/05/19 18:19:27 INFO FileScanRDD: Reading File path: file:///Users/marianaoliveira/Downloads/alura1/datalake/silver/twitter_datascience/tweet/process_date=2023-05-17/part-00000-52fccda5-cc03-4831-ae8f-513c8216c6ac-c000.json, range: 0-2254, partition values: [19494]
[2023-05-19 18:19:27,833] {spark_submit.py:490} INFO - 23/05/19 18:19:27 INFO Executor: Finished task 0.0 in stage 1.0 (TID 1). 2945 bytes result sent to driver
[2023-05-19 18:19:27,836] {spark_submit.py:490} INFO - 23/05/19 18:19:27 INFO TaskSetManager: Finished task 0.0 in stage 1.0 (TID 1) in 728 ms on 192.168.15.8 (executor driver) (1/1)
[2023-05-19 18:19:27,838] {spark_submit.py:490} INFO - 23/05/19 18:19:27 INFO TaskSchedulerImpl: Removed TaskSet 1.0, whose tasks have all completed, from pool
[2023-05-19 18:19:27,841] {spark_submit.py:490} INFO - 23/05/19 18:19:27 INFO DAGScheduler: ShuffleMapStage 1 (json at NativeMethodAccessorImpl.java:0) finished in 0.781 s
[2023-05-19 18:19:27,842] {spark_submit.py:490} INFO - 23/05/19 18:19:27 INFO DAGScheduler: looking for newly runnable stages
[2023-05-19 18:19:27,843] {spark_submit.py:490} INFO - 23/05/19 18:19:27 INFO DAGScheduler: running: Set()
[2023-05-19 18:19:27,843] {spark_submit.py:490} INFO - 23/05/19 18:19:27 INFO DAGScheduler: waiting: Set()
[2023-05-19 18:19:27,844] {spark_submit.py:490} INFO - 23/05/19 18:19:27 INFO DAGScheduler: failed: Set()
[2023-05-19 18:19:27,900] {spark_submit.py:490} INFO - 23/05/19 18:19:27 INFO ShufflePartitionsUtil: For shuffle(0), advisory target size: 67108864, actual target size 1048576, minimum partition size: 1048576
[2023-05-19 18:19:28,058] {spark_submit.py:490} INFO - 23/05/19 18:19:28 INFO BlockManagerInfo: Removed broadcast_3_piece0 on 192.168.15.8:55630 in memory (size: 21.6 KiB, free: 434.4 MiB)
[2023-05-19 18:19:28,180] {spark_submit.py:490} INFO - 23/05/19 18:19:28 INFO CodeGenerator: Code generated in 162.314881 ms
[2023-05-19 18:19:28,253] {spark_submit.py:490} INFO - 23/05/19 18:19:28 INFO DAGScheduler: Registering RDD 10 (json at NativeMethodAccessorImpl.java:0) as input to shuffle 1
[2023-05-19 18:19:28,253] {spark_submit.py:490} INFO - 23/05/19 18:19:28 INFO DAGScheduler: Got map stage job 2 (json at NativeMethodAccessorImpl.java:0) with 1 output partitions
[2023-05-19 18:19:28,254] {spark_submit.py:490} INFO - 23/05/19 18:19:28 INFO DAGScheduler: Final stage: ShuffleMapStage 3 (json at NativeMethodAccessorImpl.java:0)
[2023-05-19 18:19:28,255] {spark_submit.py:490} INFO - 23/05/19 18:19:28 INFO DAGScheduler: Parents of final stage: List(ShuffleMapStage 2)
[2023-05-19 18:19:28,256] {spark_submit.py:490} INFO - 23/05/19 18:19:28 INFO DAGScheduler: Missing parents: List()
[2023-05-19 18:19:28,256] {spark_submit.py:490} INFO - 23/05/19 18:19:28 INFO DAGScheduler: Submitting ShuffleMapStage 3 (MapPartitionsRDD[10] at json at NativeMethodAccessorImpl.java:0), which has no missing parents
[2023-05-19 18:19:28,298] {spark_submit.py:490} INFO - 23/05/19 18:19:28 INFO MemoryStore: Block broadcast_4 stored as values in memory (estimated size 80.3 KiB, free 434.1 MiB)
[2023-05-19 18:19:28,328] {spark_submit.py:490} INFO - 23/05/19 18:19:28 INFO MemoryStore: Block broadcast_4_piece0 stored as bytes in memory (estimated size 29.5 KiB, free 434.1 MiB)
[2023-05-19 18:19:28,329] {spark_submit.py:490} INFO - 23/05/19 18:19:28 INFO BlockManagerInfo: Added broadcast_4_piece0 in memory on 192.168.15.8:55630 (size: 29.5 KiB, free: 434.3 MiB)
[2023-05-19 18:19:28,330] {spark_submit.py:490} INFO - 23/05/19 18:19:28 INFO SparkContext: Created broadcast 4 from broadcast at DAGScheduler.scala:1513
[2023-05-19 18:19:28,332] {spark_submit.py:490} INFO - 23/05/19 18:19:28 INFO DAGScheduler: Submitting 1 missing tasks from ShuffleMapStage 3 (MapPartitionsRDD[10] at json at NativeMethodAccessorImpl.java:0) (first 15 tasks are for partitions Vector(0))
[2023-05-19 18:19:28,333] {spark_submit.py:490} INFO - 23/05/19 18:19:28 INFO TaskSchedulerImpl: Adding task set 3.0 with 1 tasks resource profile 0
[2023-05-19 18:19:28,342] {spark_submit.py:490} INFO - 23/05/19 18:19:28 INFO TaskSetManager: Starting task 0.0 in stage 3.0 (TID 2) (192.168.15.8, executor driver, partition 0, NODE_LOCAL, 4442 bytes) taskResourceAssignments Map()
[2023-05-19 18:19:28,344] {spark_submit.py:490} INFO - 23/05/19 18:19:28 INFO Executor: Running task 0.0 in stage 3.0 (TID 2)
[2023-05-19 18:19:28,427] {spark_submit.py:490} INFO - 23/05/19 18:19:28 INFO ShuffleBlockFetcherIterator: Getting 1 (4.3 KiB) non-empty blocks including 1 (4.3 KiB) local and 0 (0.0 B) host-local and 0 (0.0 B) push-merged-local and 0 (0.0 B) remote blocks
[2023-05-19 18:19:28,433] {spark_submit.py:490} INFO - 23/05/19 18:19:28 INFO ShuffleBlockFetcherIterator: Started 0 remote fetches in 28 ms
[2023-05-19 18:19:28,469] {spark_submit.py:490} INFO - 23/05/19 18:19:28 INFO CodeGenerator: Code generated in 13.459487 ms
[2023-05-19 18:19:28,501] {spark_submit.py:490} INFO - 23/05/19 18:19:28 INFO CodeGenerator: Code generated in 22.220674 ms
[2023-05-19 18:19:28,532] {spark_submit.py:490} INFO - 23/05/19 18:19:28 INFO CodeGenerator: Code generated in 19.012294 ms
[2023-05-19 18:19:28,565] {spark_submit.py:490} INFO - 23/05/19 18:19:28 INFO CodeGenerator: Code generated in 10.918016 ms
[2023-05-19 18:19:28,793] {spark_submit.py:490} INFO - 23/05/19 18:19:28 INFO Executor: Finished task 0.0 in stage 3.0 (TID 2). 4732 bytes result sent to driver
[2023-05-19 18:19:28,795] {spark_submit.py:490} INFO - 23/05/19 18:19:28 INFO TaskSetManager: Finished task 0.0 in stage 3.0 (TID 2) in 456 ms on 192.168.15.8 (executor driver) (1/1)
[2023-05-19 18:19:28,796] {spark_submit.py:490} INFO - 23/05/19 18:19:28 INFO TaskSchedulerImpl: Removed TaskSet 3.0, whose tasks have all completed, from pool
[2023-05-19 18:19:28,799] {spark_submit.py:490} INFO - 23/05/19 18:19:28 INFO DAGScheduler: ShuffleMapStage 3 (json at NativeMethodAccessorImpl.java:0) finished in 0.520 s
[2023-05-19 18:19:28,799] {spark_submit.py:490} INFO - 23/05/19 18:19:28 INFO DAGScheduler: looking for newly runnable stages
[2023-05-19 18:19:28,800] {spark_submit.py:490} INFO - 23/05/19 18:19:28 INFO DAGScheduler: running: Set()
[2023-05-19 18:19:28,801] {spark_submit.py:490} INFO - 23/05/19 18:19:28 INFO DAGScheduler: waiting: Set()
[2023-05-19 18:19:28,801] {spark_submit.py:490} INFO - 23/05/19 18:19:28 INFO DAGScheduler: failed: Set()
[2023-05-19 18:19:28,811] {spark_submit.py:490} INFO - 23/05/19 18:19:28 INFO ShufflePartitionsUtil: For shuffle(1), advisory target size: 67108864, actual target size 1048576, minimum partition size: 1048576
[2023-05-19 18:19:28,848] {spark_submit.py:490} INFO - 23/05/19 18:19:28 INFO FileOutputCommitter: File Output Committer Algorithm version is 1
[2023-05-19 18:19:28,848] {spark_submit.py:490} INFO - 23/05/19 18:19:28 INFO FileOutputCommitter: FileOutputCommitter skip cleanup _temporary folders under output directory:false, ignore cleanup failures: false
[2023-05-19 18:19:28,850] {spark_submit.py:490} INFO - 23/05/19 18:19:28 INFO SQLHadoopMapReduceCommitProtocol: Using output committer class org.apache.hadoop.mapreduce.lib.output.FileOutputCommitter
[2023-05-19 18:19:28,915] {spark_submit.py:490} INFO - 23/05/19 18:19:28 INFO HashAggregateExec: spark.sql.codegen.aggregate.map.twolevel.enabled is set to true, but current version of codegened fast hashmap does not support this aggregate.
[2023-05-19 18:19:29,061] {spark_submit.py:490} INFO - 23/05/19 18:19:29 INFO CodeGenerator: Code generated in 88.977836 ms
[2023-05-19 18:19:29,412] {spark_submit.py:490} INFO - 23/05/19 18:19:29 INFO SparkContext: Starting job: json at NativeMethodAccessorImpl.java:0
[2023-05-19 18:19:29,416] {spark_submit.py:490} INFO - 23/05/19 18:19:29 INFO DAGScheduler: Got job 3 (json at NativeMethodAccessorImpl.java:0) with 1 output partitions
[2023-05-19 18:19:29,417] {spark_submit.py:490} INFO - 23/05/19 18:19:29 INFO DAGScheduler: Final stage: ResultStage 6 (json at NativeMethodAccessorImpl.java:0)
[2023-05-19 18:19:29,417] {spark_submit.py:490} INFO - 23/05/19 18:19:29 INFO DAGScheduler: Parents of final stage: List(ShuffleMapStage 5)
[2023-05-19 18:19:29,418] {spark_submit.py:490} INFO - 23/05/19 18:19:29 INFO DAGScheduler: Missing parents: List()
[2023-05-19 18:19:29,419] {spark_submit.py:490} INFO - 23/05/19 18:19:29 INFO DAGScheduler: Submitting ResultStage 6 (CoalescedRDD[13] at json at NativeMethodAccessorImpl.java:0), which has no missing parents
[2023-05-19 18:19:29,536] {spark_submit.py:490} INFO - 23/05/19 18:19:29 INFO MemoryStore: Block broadcast_5 stored as values in memory (estimated size 266.0 KiB, free 433.8 MiB)
[2023-05-19 18:19:29,562] {spark_submit.py:490} INFO - 23/05/19 18:19:29 INFO BlockManagerInfo: Removed broadcast_4_piece0 on 192.168.15.8:55630 in memory (size: 29.5 KiB, free: 434.4 MiB)
[2023-05-19 18:19:29,564] {spark_submit.py:490} INFO - 23/05/19 18:19:29 INFO MemoryStore: Block broadcast_5_piece0 stored as bytes in memory (estimated size 96.0 KiB, free 433.8 MiB)
[2023-05-19 18:19:29,565] {spark_submit.py:490} INFO - 23/05/19 18:19:29 INFO BlockManagerInfo: Added broadcast_5_piece0 in memory on 192.168.15.8:55630 (size: 96.0 KiB, free: 434.3 MiB)
[2023-05-19 18:19:29,566] {spark_submit.py:490} INFO - 23/05/19 18:19:29 INFO SparkContext: Created broadcast 5 from broadcast at DAGScheduler.scala:1513
[2023-05-19 18:19:29,567] {spark_submit.py:490} INFO - 23/05/19 18:19:29 INFO DAGScheduler: Submitting 1 missing tasks from ResultStage 6 (CoalescedRDD[13] at json at NativeMethodAccessorImpl.java:0) (first 15 tasks are for partitions Vector(0))
[2023-05-19 18:19:29,568] {spark_submit.py:490} INFO - 23/05/19 18:19:29 INFO TaskSchedulerImpl: Adding task set 6.0 with 1 tasks resource profile 0
[2023-05-19 18:19:29,572] {spark_submit.py:490} INFO - 23/05/19 18:19:29 INFO TaskSetManager: Starting task 0.0 in stage 6.0 (TID 3) (192.168.15.8, executor driver, partition 0, NODE_LOCAL, 4729 bytes) taskResourceAssignments Map()
[2023-05-19 18:19:29,573] {spark_submit.py:490} INFO - 23/05/19 18:19:29 INFO Executor: Running task 0.0 in stage 6.0 (TID 3)
[2023-05-19 18:19:29,663] {spark_submit.py:490} INFO - 23/05/19 18:19:29 INFO FileOutputCommitter: File Output Committer Algorithm version is 1
[2023-05-19 18:19:29,663] {spark_submit.py:490} INFO - 23/05/19 18:19:29 INFO FileOutputCommitter: FileOutputCommitter skip cleanup _temporary folders under output directory:false, ignore cleanup failures: false
[2023-05-19 18:19:29,664] {spark_submit.py:490} INFO - 23/05/19 18:19:29 INFO SQLHadoopMapReduceCommitProtocol: Using output committer class org.apache.hadoop.mapreduce.lib.output.FileOutputCommitter
[2023-05-19 18:19:29,799] {spark_submit.py:490} INFO - 23/05/19 18:19:29 INFO ShuffleBlockFetcherIterator: Getting 1 (352.0 B) non-empty blocks including 1 (352.0 B) local and 0 (0.0 B) host-local and 0 (0.0 B) push-merged-local and 0 (0.0 B) remote blocks
[2023-05-19 18:19:29,800] {spark_submit.py:490} INFO - 23/05/19 18:19:29 INFO ShuffleBlockFetcherIterator: Started 0 remote fetches in 1 ms
[2023-05-19 18:19:29,865] {spark_submit.py:490} INFO - 23/05/19 18:19:29 INFO FileOutputCommitter: Saved output of task 'attempt_202305191819299083515001946627804_0006_m_000000_3' to file:/Users/marianaoliveira/Downloads/alura1/datalake/gold/twitter_datascience/process_date=2023-05-13/_temporary/0/task_202305191819299083515001946627804_0006_m_000000
[2023-05-19 18:19:29,866] {spark_submit.py:490} INFO - 23/05/19 18:19:29 INFO SparkHadoopMapRedUtil: attempt_202305191819299083515001946627804_0006_m_000000_3: Committed. Elapsed time: 2 ms.
[2023-05-19 18:19:29,878] {spark_submit.py:490} INFO - 23/05/19 18:19:29 INFO Executor: Finished task 0.0 in stage 6.0 (TID 3). 6429 bytes result sent to driver
[2023-05-19 18:19:29,882] {spark_submit.py:490} INFO - 23/05/19 18:19:29 INFO TaskSetManager: Finished task 0.0 in stage 6.0 (TID 3) in 312 ms on 192.168.15.8 (executor driver) (1/1)
[2023-05-19 18:19:29,882] {spark_submit.py:490} INFO - 23/05/19 18:19:29 INFO TaskSchedulerImpl: Removed TaskSet 6.0, whose tasks have all completed, from pool
[2023-05-19 18:19:29,885] {spark_submit.py:490} INFO - 23/05/19 18:19:29 INFO DAGScheduler: ResultStage 6 (json at NativeMethodAccessorImpl.java:0) finished in 0.465 s
[2023-05-19 18:19:29,886] {spark_submit.py:490} INFO - 23/05/19 18:19:29 INFO DAGScheduler: Job 3 is finished. Cancelling potential speculative or zombie tasks for this job
[2023-05-19 18:19:29,887] {spark_submit.py:490} INFO - 23/05/19 18:19:29 INFO TaskSchedulerImpl: Killing all running tasks in stage 6: Stage finished
[2023-05-19 18:19:29,890] {spark_submit.py:490} INFO - 23/05/19 18:19:29 INFO DAGScheduler: Job 3 finished: json at NativeMethodAccessorImpl.java:0, took 0.475990 s
[2023-05-19 18:19:29,892] {spark_submit.py:490} INFO - 23/05/19 18:19:29 INFO FileFormatWriter: Start to commit write Job e0b54833-94b4-4689-977d-386261ef9437.
[2023-05-19 18:19:29,937] {spark_submit.py:490} INFO - 23/05/19 18:19:29 INFO FileFormatWriter: Write Job e0b54833-94b4-4689-977d-386261ef9437 committed. Elapsed time: 42 ms.
[2023-05-19 18:19:29,944] {spark_submit.py:490} INFO - 23/05/19 18:19:29 INFO FileFormatWriter: Finished processing stats for write job e0b54833-94b4-4689-977d-386261ef9437.
[2023-05-19 18:19:30,039] {spark_submit.py:490} INFO - 23/05/19 18:19:30 INFO SparkContext: Invoking stop() from shutdown hook
[2023-05-19 18:19:30,080] {spark_submit.py:490} INFO - 23/05/19 18:19:30 INFO SparkUI: Stopped Spark web UI at http://192.168.15.8:4041
[2023-05-19 18:19:30,101] {spark_submit.py:490} INFO - 23/05/19 18:19:30 INFO MapOutputTrackerMasterEndpoint: MapOutputTrackerMasterEndpoint stopped!
[2023-05-19 18:19:30,143] {spark_submit.py:490} INFO - 23/05/19 18:19:30 INFO MemoryStore: MemoryStore cleared
[2023-05-19 18:19:30,145] {spark_submit.py:490} INFO - 23/05/19 18:19:30 INFO BlockManager: BlockManager stopped
[2023-05-19 18:19:30,152] {spark_submit.py:490} INFO - 23/05/19 18:19:30 INFO BlockManagerMaster: BlockManagerMaster stopped
[2023-05-19 18:19:30,158] {spark_submit.py:490} INFO - 23/05/19 18:19:30 INFO OutputCommitCoordinator$OutputCommitCoordinatorEndpoint: OutputCommitCoordinator stopped!
[2023-05-19 18:19:30,180] {spark_submit.py:490} INFO - 23/05/19 18:19:30 INFO SparkContext: Successfully stopped SparkContext
[2023-05-19 18:19:30,181] {spark_submit.py:490} INFO - 23/05/19 18:19:30 INFO ShutdownHookManager: Shutdown hook called
[2023-05-19 18:19:30,182] {spark_submit.py:490} INFO - 23/05/19 18:19:30 INFO ShutdownHookManager: Deleting directory /private/var/folders/4m/2vllbq951394clq6jtlsj0p40000gn/T/spark-7093c4d6-38b6-4ca1-9b1a-bf399f111c45/pyspark-24839c9b-2975-456d-9be4-af78849da041
[2023-05-19 18:19:30,197] {spark_submit.py:490} INFO - 23/05/19 18:19:30 INFO ShutdownHookManager: Deleting directory /private/var/folders/4m/2vllbq951394clq6jtlsj0p40000gn/T/spark-333d9696-cbda-4b68-8b96-2040f0318221
[2023-05-19 18:19:30,213] {spark_submit.py:490} INFO - 23/05/19 18:19:30 INFO ShutdownHookManager: Deleting directory /private/var/folders/4m/2vllbq951394clq6jtlsj0p40000gn/T/spark-7093c4d6-38b6-4ca1-9b1a-bf399f111c45
[2023-05-19 18:19:30,373] {taskinstance.py:1395} INFO - Marking task as SUCCESS. dag_id=TwitterDAG, task_id=insight_twitter, execution_date=20230513T000000, start_date=20230519T211900, end_date=20230519T211930
[2023-05-19 18:19:30,400] {local_task_job.py:156} INFO - Task exited with return code 0
[2023-05-19 18:19:30,423] {local_task_job.py:273} INFO - 0 downstream tasks scheduled from follow-on schedule check
