[2023-05-19 17:02:52,235] {taskinstance.py:1159} INFO - Dependencies all met for <TaskInstance: TwitterDAG.transform_twitter_datascience manual__2023-05-19T20:02:36.579989+00:00 [queued]>
[2023-05-19 17:02:52,249] {taskinstance.py:1159} INFO - Dependencies all met for <TaskInstance: TwitterDAG.transform_twitter_datascience manual__2023-05-19T20:02:36.579989+00:00 [queued]>
[2023-05-19 17:02:52,249] {taskinstance.py:1356} INFO - 
--------------------------------------------------------------------------------
[2023-05-19 17:02:52,250] {taskinstance.py:1357} INFO - Starting attempt 1 of 1
[2023-05-19 17:02:52,250] {taskinstance.py:1358} INFO - 
--------------------------------------------------------------------------------
[2023-05-19 17:02:52,270] {taskinstance.py:1377} INFO - Executing <Task(SparkSubmitOperator): transform_twitter_datascience> on 2023-05-19 20:02:36.579989+00:00
[2023-05-19 17:02:52,288] {standard_task_runner.py:52} INFO - Started process 7201 to run task
[2023-05-19 17:02:52,291] {standard_task_runner.py:79} INFO - Running: ['airflow', 'tasks', 'run', 'TwitterDAG', 'transform_twitter_datascience', 'manual__2023-05-19T20:02:36.579989+00:00', '--job-id', '20', '--raw', '--subdir', 'DAGS_FOLDER/twitter_dag.py', '--cfg-path', '/var/folders/4m/2vllbq951394clq6jtlsj0p40000gn/T/tmpls9a6wtb', '--error-file', '/var/folders/4m/2vllbq951394clq6jtlsj0p40000gn/T/tmp19ji1wd_']
[2023-05-19 17:02:52,295] {standard_task_runner.py:80} INFO - Job 20: Subtask transform_twitter_datascience
[2023-05-19 17:02:52,404] {task_command.py:370} INFO - Running <TaskInstance: TwitterDAG.transform_twitter_datascience manual__2023-05-19T20:02:36.579989+00:00 [running]> on host 1.0.0.127.in-addr.arpa
[2023-05-19 17:02:52,564] {taskinstance.py:1569} INFO - Exporting the following env vars:
AIRFLOW_CTX_DAG_OWNER=airflow
AIRFLOW_CTX_DAG_ID=TwitterDAG
AIRFLOW_CTX_TASK_ID=transform_twitter_datascience
AIRFLOW_CTX_EXECUTION_DATE=2023-05-19T20:02:36.579989+00:00
AIRFLOW_CTX_TRY_NUMBER=1
AIRFLOW_CTX_DAG_RUN_ID=manual__2023-05-19T20:02:36.579989+00:00
[2023-05-19 17:02:52,589] {base.py:68} INFO - Using connection ID 'spark_default' for task execution.
[2023-05-19 17:02:52,592] {spark_submit.py:339} INFO - Spark-Submit cmd: spark-submit --master local --name twitter_transformation --queue root.default /Users/marianaoliveira/Downloads/alura1/src/spark/transformation.py --src datalake/bronze/twitter_datascience --dest datalake/silver/twitter_datascience --process-date 2023-05-19
[2023-05-19 17:02:58,353] {spark_submit.py:490} INFO - 23/05/19 17:02:58 WARN Utils: Your hostname, MacBook-Air-de-Mariana-2.local resolves to a loopback address: 127.0.0.1; using 192.168.15.8 instead (on interface en0)
[2023-05-19 17:02:58,364] {spark_submit.py:490} INFO - 23/05/19 17:02:58 WARN Utils: Set SPARK_LOCAL_IP if you need to bind to another address
[2023-05-19 17:03:01,944] {spark_submit.py:490} INFO - 23/05/19 17:03:01 INFO SparkContext: Running Spark version 3.3.2
[2023-05-19 17:03:02,192] {spark_submit.py:490} INFO - 23/05/19 17:03:02 WARN NativeCodeLoader: Unable to load native-hadoop library for your platform... using builtin-java classes where applicable
[2023-05-19 17:03:02,583] {spark_submit.py:490} INFO - 23/05/19 17:03:02 INFO ResourceUtils: ==============================================================
[2023-05-19 17:03:02,584] {spark_submit.py:490} INFO - 23/05/19 17:03:02 INFO ResourceUtils: No custom resources configured for spark.driver.
[2023-05-19 17:03:02,585] {spark_submit.py:490} INFO - 23/05/19 17:03:02 INFO ResourceUtils: ==============================================================
[2023-05-19 17:03:02,585] {spark_submit.py:490} INFO - 23/05/19 17:03:02 INFO SparkContext: Submitted application: twitter_transformation
[2023-05-19 17:03:02,687] {spark_submit.py:490} INFO - 23/05/19 17:03:02 INFO ResourceProfile: Default ResourceProfile created, executor resources: Map(cores -> name: cores, amount: 1, script: , vendor: , memory -> name: memory, amount: 1024, script: , vendor: , offHeap -> name: offHeap, amount: 0, script: , vendor: ), task resources: Map(cpus -> name: cpus, amount: 1.0)
[2023-05-19 17:03:02,765] {spark_submit.py:490} INFO - 23/05/19 17:03:02 INFO ResourceProfile: Limiting resource is cpu
[2023-05-19 17:03:02,837] {spark_submit.py:490} INFO - 23/05/19 17:03:02 INFO ResourceProfileManager: Added ResourceProfile id: 0
[2023-05-19 17:03:03,082] {spark_submit.py:490} INFO - 23/05/19 17:03:03 INFO SecurityManager: Changing view acls to: marianaoliveira
[2023-05-19 17:03:03,083] {spark_submit.py:490} INFO - 23/05/19 17:03:03 INFO SecurityManager: Changing modify acls to: marianaoliveira
[2023-05-19 17:03:03,085] {spark_submit.py:490} INFO - 23/05/19 17:03:03 INFO SecurityManager: Changing view acls groups to:
[2023-05-19 17:03:03,087] {spark_submit.py:490} INFO - 23/05/19 17:03:03 INFO SecurityManager: Changing modify acls groups to:
[2023-05-19 17:03:03,088] {spark_submit.py:490} INFO - 23/05/19 17:03:03 INFO SecurityManager: SecurityManager: authentication disabled; ui acls disabled; users  with view permissions: Set(marianaoliveira); groups with view permissions: Set(); users  with modify permissions: Set(marianaoliveira); groups with modify permissions: Set()
[2023-05-19 17:03:04,267] {spark_submit.py:490} INFO - 23/05/19 17:03:04 INFO Utils: Successfully started service 'sparkDriver' on port 53972.
[2023-05-19 17:03:04,447] {spark_submit.py:490} INFO - 23/05/19 17:03:04 INFO SparkEnv: Registering MapOutputTracker
[2023-05-19 17:03:04,590] {spark_submit.py:490} INFO - 23/05/19 17:03:04 INFO SparkEnv: Registering BlockManagerMaster
[2023-05-19 17:03:04,671] {spark_submit.py:490} INFO - 23/05/19 17:03:04 INFO BlockManagerMasterEndpoint: Using org.apache.spark.storage.DefaultTopologyMapper for getting topology information
[2023-05-19 17:03:04,672] {spark_submit.py:490} INFO - 23/05/19 17:03:04 INFO BlockManagerMasterEndpoint: BlockManagerMasterEndpoint up
[2023-05-19 17:03:04,686] {spark_submit.py:490} INFO - 23/05/19 17:03:04 INFO SparkEnv: Registering BlockManagerMasterHeartbeat
[2023-05-19 17:03:04,781] {spark_submit.py:490} INFO - 23/05/19 17:03:04 INFO DiskBlockManager: Created local directory at /private/var/folders/4m/2vllbq951394clq6jtlsj0p40000gn/T/blockmgr-9fb24451-af67-4a60-8be1-acb32bf3dfe5
[2023-05-19 17:03:04,907] {spark_submit.py:490} INFO - 23/05/19 17:03:04 INFO MemoryStore: MemoryStore started with capacity 434.4 MiB
[2023-05-19 17:03:04,962] {spark_submit.py:490} INFO - 23/05/19 17:03:04 INFO SparkEnv: Registering OutputCommitCoordinator
[2023-05-19 17:03:06,051] {spark_submit.py:490} INFO - 23/05/19 17:03:06 WARN Utils: Service 'SparkUI' could not bind on port 4040. Attempting port 4041.
[2023-05-19 17:03:06,087] {spark_submit.py:490} INFO - 23/05/19 17:03:06 INFO Utils: Successfully started service 'SparkUI' on port 4041.
[2023-05-19 17:03:06,515] {spark_submit.py:490} INFO - 23/05/19 17:03:06 INFO Executor: Starting executor ID driver on host 192.168.15.8
[2023-05-19 17:03:06,546] {spark_submit.py:490} INFO - 23/05/19 17:03:06 INFO Executor: Starting executor with user classpath (userClassPathFirst = false): ''
[2023-05-19 17:03:06,611] {spark_submit.py:490} INFO - 23/05/19 17:03:06 INFO Utils: Successfully started service 'org.apache.spark.network.netty.NettyBlockTransferService' on port 53975.
[2023-05-19 17:03:06,612] {spark_submit.py:490} INFO - 23/05/19 17:03:06 INFO NettyBlockTransferService: Server created on 192.168.15.8:53975
[2023-05-19 17:03:06,626] {spark_submit.py:490} INFO - 23/05/19 17:03:06 INFO BlockManager: Using org.apache.spark.storage.RandomBlockReplicationPolicy for block replication policy
[2023-05-19 17:03:06,654] {spark_submit.py:490} INFO - 23/05/19 17:03:06 INFO BlockManagerMaster: Registering BlockManager BlockManagerId(driver, 192.168.15.8, 53975, None)
[2023-05-19 17:03:06,665] {spark_submit.py:490} INFO - 23/05/19 17:03:06 INFO BlockManagerMasterEndpoint: Registering block manager 192.168.15.8:53975 with 434.4 MiB RAM, BlockManagerId(driver, 192.168.15.8, 53975, None)
[2023-05-19 17:03:06,688] {spark_submit.py:490} INFO - 23/05/19 17:03:06 INFO BlockManagerMaster: Registered BlockManager BlockManagerId(driver, 192.168.15.8, 53975, None)
[2023-05-19 17:03:06,691] {spark_submit.py:490} INFO - 23/05/19 17:03:06 INFO BlockManager: Initialized BlockManager: BlockManagerId(driver, 192.168.15.8, 53975, None)
[2023-05-19 17:03:08,581] {spark_submit.py:490} INFO - 23/05/19 17:03:08 INFO SharedState: Setting hive.metastore.warehouse.dir ('null') to the value of spark.sql.warehouse.dir.
[2023-05-19 17:03:08,611] {spark_submit.py:490} INFO - 23/05/19 17:03:08 INFO SharedState: Warehouse path is 'file:/Users/marianaoliveira/Downloads/alura1/spark-warehouse'.
[2023-05-19 17:03:11,896] {spark_submit.py:490} INFO - 23/05/19 17:03:11 INFO InMemoryFileIndex: It took 152 ms to list leaf files for 1 paths.
[2023-05-19 17:03:12,389] {spark_submit.py:490} INFO - 23/05/19 17:03:12 INFO InMemoryFileIndex: It took 11 ms to list leaf files for 3 paths.
[2023-05-19 17:03:19,024] {spark_submit.py:490} INFO - 23/05/19 17:03:19 INFO FileSourceStrategy: Pushed Filters:
[2023-05-19 17:03:19,028] {spark_submit.py:490} INFO - 23/05/19 17:03:19 INFO FileSourceStrategy: Post-Scan Filters:
[2023-05-19 17:03:19,037] {spark_submit.py:490} INFO - 23/05/19 17:03:19 INFO FileSourceStrategy: Output Data Schema: struct<value: string>
[2023-05-19 17:03:19,838] {spark_submit.py:490} INFO - 23/05/19 17:03:19 INFO MemoryStore: Block broadcast_0 stored as values in memory (estimated size 207.4 KiB, free 434.2 MiB)
[2023-05-19 17:03:20,615] {spark_submit.py:490} INFO - 23/05/19 17:03:20 INFO MemoryStore: Block broadcast_0_piece0 stored as bytes in memory (estimated size 34.3 KiB, free 434.2 MiB)
[2023-05-19 17:03:20,621] {spark_submit.py:490} INFO - 23/05/19 17:03:20 INFO BlockManagerInfo: Added broadcast_0_piece0 in memory on 192.168.15.8:53975 (size: 34.3 KiB, free: 434.4 MiB)
[2023-05-19 17:03:20,639] {spark_submit.py:490} INFO - 23/05/19 17:03:20 INFO SparkContext: Created broadcast 0 from json at NativeMethodAccessorImpl.java:0
[2023-05-19 17:03:20,660] {spark_submit.py:490} INFO - 23/05/19 17:03:20 INFO FileSourceScanExec: Planning scan with bin packing, max size: 12605440 bytes, open cost is considered as scanning 4194304 bytes.
[2023-05-19 17:03:21,119] {spark_submit.py:490} INFO - 23/05/19 17:03:21 INFO SparkContext: Starting job: json at NativeMethodAccessorImpl.java:0
[2023-05-19 17:03:21,155] {spark_submit.py:490} INFO - 23/05/19 17:03:21 INFO DAGScheduler: Got job 0 (json at NativeMethodAccessorImpl.java:0) with 1 output partitions
[2023-05-19 17:03:21,156] {spark_submit.py:490} INFO - 23/05/19 17:03:21 INFO DAGScheduler: Final stage: ResultStage 0 (json at NativeMethodAccessorImpl.java:0)
[2023-05-19 17:03:21,157] {spark_submit.py:490} INFO - 23/05/19 17:03:21 INFO DAGScheduler: Parents of final stage: List()
[2023-05-19 17:03:21,160] {spark_submit.py:490} INFO - 23/05/19 17:03:21 INFO DAGScheduler: Missing parents: List()
[2023-05-19 17:03:21,168] {spark_submit.py:490} INFO - 23/05/19 17:03:21 INFO DAGScheduler: Submitting ResultStage 0 (MapPartitionsRDD[3] at json at NativeMethodAccessorImpl.java:0), which has no missing parents
[2023-05-19 17:03:21,510] {spark_submit.py:490} INFO - 23/05/19 17:03:21 INFO MemoryStore: Block broadcast_1 stored as values in memory (estimated size 14.5 KiB, free 434.1 MiB)
[2023-05-19 17:03:21,529] {spark_submit.py:490} INFO - 23/05/19 17:03:21 INFO MemoryStore: Block broadcast_1_piece0 stored as bytes in memory (estimated size 7.0 KiB, free 434.1 MiB)
[2023-05-19 17:03:21,531] {spark_submit.py:490} INFO - 23/05/19 17:03:21 INFO BlockManagerInfo: Added broadcast_1_piece0 in memory on 192.168.15.8:53975 (size: 7.0 KiB, free: 434.4 MiB)
[2023-05-19 17:03:21,533] {spark_submit.py:490} INFO - 23/05/19 17:03:21 INFO SparkContext: Created broadcast 1 from broadcast at DAGScheduler.scala:1513
[2023-05-19 17:03:21,585] {spark_submit.py:490} INFO - 23/05/19 17:03:21 INFO DAGScheduler: Submitting 1 missing tasks from ResultStage 0 (MapPartitionsRDD[3] at json at NativeMethodAccessorImpl.java:0) (first 15 tasks are for partitions Vector(0))
[2023-05-19 17:03:21,594] {spark_submit.py:490} INFO - 23/05/19 17:03:21 INFO TaskSchedulerImpl: Adding task set 0.0 with 1 tasks resource profile 0
[2023-05-19 17:03:21,728] {spark_submit.py:490} INFO - 23/05/19 17:03:21 INFO TaskSetManager: Starting task 0.0 in stage 0.0 (TID 0) (192.168.15.8, executor driver, partition 0, PROCESS_LOCAL, 5359 bytes) taskResourceAssignments Map()
[2023-05-19 17:03:21,758] {spark_submit.py:490} INFO - 23/05/19 17:03:21 INFO Executor: Running task 0.0 in stage 0.0 (TID 0)
[2023-05-19 17:03:22,039] {spark_submit.py:490} INFO - 23/05/19 17:03:22 INFO FileScanRDD: Reading File path: file:///Users/marianaoliveira/Downloads/alura1/datalake/bronze/twitter_datascience/extract_date=2023-05-17/datascience_20230517.json, range: 0-13525, partition values: [empty row]
[2023-05-19 17:03:22,904] {spark_submit.py:490} INFO - 23/05/19 17:03:22 INFO CodeGenerator: Code generated in 755.421034 ms
[2023-05-19 17:03:23,038] {spark_submit.py:490} INFO - 23/05/19 17:03:23 INFO FileScanRDD: Reading File path: file:///Users/marianaoliveira/Downloads/alura1/datalake/bronze/twitter_datascience/extract_date=2023-05-18/datascience_20230519.json, range: 0-4527, partition values: [empty row]
[2023-05-19 17:03:23,056] {spark_submit.py:490} INFO - 23/05/19 17:03:23 INFO FileScanRDD: Reading File path: file:///Users/marianaoliveira/Downloads/alura1/datalake/bronze/twitter_datascience/extract_date=2023-05-18/datascience_20230518.json, range: 0-4476, partition values: [empty row]
[2023-05-19 17:03:23,112] {spark_submit.py:490} INFO - 23/05/19 17:03:23 INFO Executor: Finished task 0.0 in stage 0.0 (TID 0). 2806 bytes result sent to driver
[2023-05-19 17:03:23,127] {spark_submit.py:490} INFO - 23/05/19 17:03:23 INFO TaskSetManager: Finished task 0.0 in stage 0.0 (TID 0) in 1423 ms on 192.168.15.8 (executor driver) (1/1)
[2023-05-19 17:03:23,132] {spark_submit.py:490} INFO - 23/05/19 17:03:23 INFO TaskSchedulerImpl: Removed TaskSet 0.0, whose tasks have all completed, from pool
[2023-05-19 17:03:23,146] {spark_submit.py:490} INFO - 23/05/19 17:03:23 INFO DAGScheduler: ResultStage 0 (json at NativeMethodAccessorImpl.java:0) finished in 1.931 s
[2023-05-19 17:03:23,151] {spark_submit.py:490} INFO - 23/05/19 17:03:23 INFO DAGScheduler: Job 0 is finished. Cancelling potential speculative or zombie tasks for this job
[2023-05-19 17:03:23,152] {spark_submit.py:490} INFO - 23/05/19 17:03:23 INFO TaskSchedulerImpl: Killing all running tasks in stage 0: Stage finished
[2023-05-19 17:03:23,157] {spark_submit.py:490} INFO - 23/05/19 17:03:23 INFO DAGScheduler: Job 0 finished: json at NativeMethodAccessorImpl.java:0, took 2.037166 s
[2023-05-19 17:03:23,409] {spark_submit.py:490} INFO - 23/05/19 17:03:23 INFO BlockManagerInfo: Removed broadcast_0_piece0 on 192.168.15.8:53975 in memory (size: 34.3 KiB, free: 434.4 MiB)
[2023-05-19 17:03:23,422] {spark_submit.py:490} INFO - 23/05/19 17:03:23 INFO BlockManagerInfo: Removed broadcast_1_piece0 on 192.168.15.8:53975 in memory (size: 7.0 KiB, free: 434.4 MiB)
[2023-05-19 17:03:24,218] {spark_submit.py:490} INFO - 23/05/19 17:03:24 INFO DataSourceStrategy: Pruning directories with:
[2023-05-19 17:03:24,228] {spark_submit.py:490} INFO - 23/05/19 17:03:24 INFO FileSourceStrategy: Pushed Filters: IsNotNull(data)
[2023-05-19 17:03:24,233] {spark_submit.py:490} INFO - 23/05/19 17:03:24 INFO FileSourceStrategy: Post-Scan Filters: (size(data#8, true) > 0),isnotnull(data#8)
[2023-05-19 17:03:24,236] {spark_submit.py:490} INFO - 23/05/19 17:03:24 INFO FileSourceStrategy: Output Data Schema: struct<data: array<struct<author_id:string,conversation_id:string,created_at:string,edit_history_tweet_ids:array<bigint>,id:string,in_reply_to_user_id:string,lang:string,public_metrics:struct<like_count:bigint,quote_count:bigint,reply_count:bigint,retweet_count:bigint>,text:string>>>
[2023-05-19 17:03:24,494] {spark_submit.py:490} INFO - 23/05/19 17:03:24 INFO FileOutputCommitter: File Output Committer Algorithm version is 1
[2023-05-19 17:03:24,495] {spark_submit.py:490} INFO - 23/05/19 17:03:24 INFO FileOutputCommitter: FileOutputCommitter skip cleanup _temporary folders under output directory:false, ignore cleanup failures: false
[2023-05-19 17:03:24,498] {spark_submit.py:490} INFO - 23/05/19 17:03:24 INFO SQLHadoopMapReduceCommitProtocol: Using output committer class org.apache.hadoop.mapreduce.lib.output.FileOutputCommitter
[2023-05-19 17:03:25,220] {spark_submit.py:490} INFO - 23/05/19 17:03:25 INFO CodeGenerator: Code generated in 456.102036 ms
[2023-05-19 17:03:25,238] {spark_submit.py:490} INFO - 23/05/19 17:03:25 INFO MemoryStore: Block broadcast_2 stored as values in memory (estimated size 207.3 KiB, free 434.2 MiB)
[2023-05-19 17:03:25,348] {spark_submit.py:490} INFO - 23/05/19 17:03:25 INFO MemoryStore: Block broadcast_2_piece0 stored as bytes in memory (estimated size 34.2 KiB, free 434.2 MiB)
[2023-05-19 17:03:25,355] {spark_submit.py:490} INFO - 23/05/19 17:03:25 INFO BlockManagerInfo: Added broadcast_2_piece0 in memory on 192.168.15.8:53975 (size: 34.2 KiB, free: 434.4 MiB)
[2023-05-19 17:03:25,359] {spark_submit.py:490} INFO - 23/05/19 17:03:25 INFO SparkContext: Created broadcast 2 from json at NativeMethodAccessorImpl.java:0
[2023-05-19 17:03:25,374] {spark_submit.py:490} INFO - 23/05/19 17:03:25 INFO FileSourceScanExec: Planning scan with bin packing, max size: 12605440 bytes, open cost is considered as scanning 4194304 bytes.
[2023-05-19 17:03:25,682] {spark_submit.py:490} INFO - 23/05/19 17:03:25 INFO SparkContext: Starting job: json at NativeMethodAccessorImpl.java:0
[2023-05-19 17:03:25,689] {spark_submit.py:490} INFO - 23/05/19 17:03:25 INFO DAGScheduler: Got job 1 (json at NativeMethodAccessorImpl.java:0) with 1 output partitions
[2023-05-19 17:03:25,690] {spark_submit.py:490} INFO - 23/05/19 17:03:25 INFO DAGScheduler: Final stage: ResultStage 1 (json at NativeMethodAccessorImpl.java:0)
[2023-05-19 17:03:25,691] {spark_submit.py:490} INFO - 23/05/19 17:03:25 INFO DAGScheduler: Parents of final stage: List()
[2023-05-19 17:03:25,692] {spark_submit.py:490} INFO - 23/05/19 17:03:25 INFO DAGScheduler: Missing parents: List()
[2023-05-19 17:03:25,692] {spark_submit.py:490} INFO - 23/05/19 17:03:25 INFO DAGScheduler: Submitting ResultStage 1 (CoalescedRDD[7] at json at NativeMethodAccessorImpl.java:0), which has no missing parents
[2023-05-19 17:03:25,794] {spark_submit.py:490} INFO - 23/05/19 17:03:25 INFO MemoryStore: Block broadcast_3 stored as values in memory (estimated size 240.3 KiB, free 433.9 MiB)
[2023-05-19 17:03:25,809] {spark_submit.py:490} INFO - 23/05/19 17:03:25 INFO MemoryStore: Block broadcast_3_piece0 stored as bytes in memory (estimated size 84.0 KiB, free 433.8 MiB)
[2023-05-19 17:03:25,811] {spark_submit.py:490} INFO - 23/05/19 17:03:25 INFO BlockManagerInfo: Added broadcast_3_piece0 in memory on 192.168.15.8:53975 (size: 84.0 KiB, free: 434.3 MiB)
[2023-05-19 17:03:25,812] {spark_submit.py:490} INFO - 23/05/19 17:03:25 INFO SparkContext: Created broadcast 3 from broadcast at DAGScheduler.scala:1513
[2023-05-19 17:03:25,813] {spark_submit.py:490} INFO - 23/05/19 17:03:25 INFO DAGScheduler: Submitting 1 missing tasks from ResultStage 1 (CoalescedRDD[7] at json at NativeMethodAccessorImpl.java:0) (first 15 tasks are for partitions Vector(0))
[2023-05-19 17:03:25,814] {spark_submit.py:490} INFO - 23/05/19 17:03:25 INFO TaskSchedulerImpl: Adding task set 1.0 with 1 tasks resource profile 0
[2023-05-19 17:03:25,822] {spark_submit.py:490} INFO - 23/05/19 17:03:25 INFO TaskSetManager: Starting task 0.0 in stage 1.0 (TID 1) (192.168.15.8, executor driver, partition 0, PROCESS_LOCAL, 5619 bytes) taskResourceAssignments Map()
[2023-05-19 17:03:25,822] {spark_submit.py:490} INFO - 23/05/19 17:03:25 INFO Executor: Running task 0.0 in stage 1.0 (TID 1)
[2023-05-19 17:03:25,943] {spark_submit.py:490} INFO - 23/05/19 17:03:25 INFO FileOutputCommitter: File Output Committer Algorithm version is 1
[2023-05-19 17:03:25,943] {spark_submit.py:490} INFO - 23/05/19 17:03:25 INFO FileOutputCommitter: FileOutputCommitter skip cleanup _temporary folders under output directory:false, ignore cleanup failures: false
[2023-05-19 17:03:25,946] {spark_submit.py:490} INFO - 23/05/19 17:03:25 INFO SQLHadoopMapReduceCommitProtocol: Using output committer class org.apache.hadoop.mapreduce.lib.output.FileOutputCommitter
[2023-05-19 17:03:26,057] {spark_submit.py:490} INFO - 23/05/19 17:03:26 INFO FileScanRDD: Reading File path: file:///Users/marianaoliveira/Downloads/alura1/datalake/bronze/twitter_datascience/extract_date=2023-05-17/datascience_20230517.json, range: 0-13525, partition values: [19494]
[2023-05-19 17:03:26,140] {spark_submit.py:490} INFO - 23/05/19 17:03:26 INFO CodeGenerator: Code generated in 74.918428 ms
[2023-05-19 17:03:26,195] {spark_submit.py:490} INFO - 23/05/19 17:03:26 INFO CodeGenerator: Code generated in 8.434985 ms
[2023-05-19 17:03:26,262] {spark_submit.py:490} INFO - 23/05/19 17:03:26 INFO FileScanRDD: Reading File path: file:///Users/marianaoliveira/Downloads/alura1/datalake/bronze/twitter_datascience/extract_date=2023-05-18/datascience_20230519.json, range: 0-4527, partition values: [19495]
[2023-05-19 17:03:26,290] {spark_submit.py:490} INFO - 23/05/19 17:03:26 INFO FileScanRDD: Reading File path: file:///Users/marianaoliveira/Downloads/alura1/datalake/bronze/twitter_datascience/extract_date=2023-05-18/datascience_20230518.json, range: 0-4476, partition values: [19495]
[2023-05-19 17:03:26,334] {spark_submit.py:490} INFO - 23/05/19 17:03:26 INFO FileOutputCommitter: Saved output of task 'attempt_202305191703257779536100442446463_0001_m_000000_1' to file:/Users/marianaoliveira/Downloads/alura1/datalake/silver/twitter_datascience/tweet/process_date=2023-05-19/_temporary/0/task_202305191703257779536100442446463_0001_m_000000
[2023-05-19 17:03:26,338] {spark_submit.py:490} INFO - 23/05/19 17:03:26 INFO SparkHadoopMapRedUtil: attempt_202305191703257779536100442446463_0001_m_000000_1: Committed. Elapsed time: 3 ms.
[2023-05-19 17:03:26,357] {spark_submit.py:490} INFO - 23/05/19 17:03:26 INFO Executor: Finished task 0.0 in stage 1.0 (TID 1). 2678 bytes result sent to driver
[2023-05-19 17:03:26,376] {spark_submit.py:490} INFO - 23/05/19 17:03:26 INFO TaskSetManager: Finished task 0.0 in stage 1.0 (TID 1) in 556 ms on 192.168.15.8 (executor driver) (1/1)
[2023-05-19 17:03:26,378] {spark_submit.py:490} INFO - 23/05/19 17:03:26 INFO TaskSchedulerImpl: Removed TaskSet 1.0, whose tasks have all completed, from pool
[2023-05-19 17:03:26,381] {spark_submit.py:490} INFO - 23/05/19 17:03:26 INFO DAGScheduler: ResultStage 1 (json at NativeMethodAccessorImpl.java:0) finished in 0.686 s
[2023-05-19 17:03:26,382] {spark_submit.py:490} INFO - 23/05/19 17:03:26 INFO DAGScheduler: Job 1 is finished. Cancelling potential speculative or zombie tasks for this job
[2023-05-19 17:03:26,383] {spark_submit.py:490} INFO - 23/05/19 17:03:26 INFO TaskSchedulerImpl: Killing all running tasks in stage 1: Stage finished
[2023-05-19 17:03:26,393] {spark_submit.py:490} INFO - 23/05/19 17:03:26 INFO DAGScheduler: Job 1 finished: json at NativeMethodAccessorImpl.java:0, took 0.706042 s
[2023-05-19 17:03:26,394] {spark_submit.py:490} INFO - 23/05/19 17:03:26 INFO FileFormatWriter: Start to commit write Job 1234de05-144c-42df-8fba-70807657b632.
[2023-05-19 17:03:26,483] {spark_submit.py:490} INFO - 23/05/19 17:03:26 INFO FileFormatWriter: Write Job 1234de05-144c-42df-8fba-70807657b632 committed. Elapsed time: 89 ms.
[2023-05-19 17:03:26,491] {spark_submit.py:490} INFO - 23/05/19 17:03:26 INFO FileFormatWriter: Finished processing stats for write job 1234de05-144c-42df-8fba-70807657b632.
[2023-05-19 17:03:26,587] {spark_submit.py:490} INFO - 23/05/19 17:03:26 INFO DataSourceStrategy: Pruning directories with:
[2023-05-19 17:03:26,589] {spark_submit.py:490} INFO - 23/05/19 17:03:26 INFO FileSourceStrategy: Pushed Filters:
[2023-05-19 17:03:26,590] {spark_submit.py:490} INFO - 23/05/19 17:03:26 INFO FileSourceStrategy: Post-Scan Filters:
[2023-05-19 17:03:26,591] {spark_submit.py:490} INFO - 23/05/19 17:03:26 INFO FileSourceStrategy: Output Data Schema: struct<includes: struct<users: array<struct<created_at:string,id:string,name:string,username:string>>>>
[2023-05-19 17:03:26,613] {spark_submit.py:490} INFO - 23/05/19 17:03:26 INFO FileOutputCommitter: File Output Committer Algorithm version is 1
[2023-05-19 17:03:26,613] {spark_submit.py:490} INFO - 23/05/19 17:03:26 INFO FileOutputCommitter: FileOutputCommitter skip cleanup _temporary folders under output directory:false, ignore cleanup failures: false
[2023-05-19 17:03:26,614] {spark_submit.py:490} INFO - 23/05/19 17:03:26 INFO SQLHadoopMapReduceCommitProtocol: Using output committer class org.apache.hadoop.mapreduce.lib.output.FileOutputCommitter
[2023-05-19 17:03:26,734] {spark_submit.py:490} INFO - 23/05/19 17:03:26 INFO CodeGenerator: Code generated in 33.17004 ms
[2023-05-19 17:03:26,743] {spark_submit.py:490} INFO - 23/05/19 17:03:26 INFO MemoryStore: Block broadcast_4 stored as values in memory (estimated size 207.3 KiB, free 433.6 MiB)
[2023-05-19 17:03:26,849] {spark_submit.py:490} INFO - 23/05/19 17:03:26 INFO BlockManagerInfo: Removed broadcast_2_piece0 on 192.168.15.8:53975 in memory (size: 34.2 KiB, free: 434.3 MiB)
[2023-05-19 17:03:26,850] {spark_submit.py:490} INFO - 23/05/19 17:03:26 INFO MemoryStore: Block broadcast_4_piece0 stored as bytes in memory (estimated size 34.2 KiB, free 433.6 MiB)
[2023-05-19 17:03:26,852] {spark_submit.py:490} INFO - 23/05/19 17:03:26 INFO BlockManagerInfo: Added broadcast_4_piece0 in memory on 192.168.15.8:53975 (size: 34.2 KiB, free: 434.3 MiB)
[2023-05-19 17:03:26,858] {spark_submit.py:490} INFO - 23/05/19 17:03:26 INFO SparkContext: Created broadcast 4 from json at NativeMethodAccessorImpl.java:0
[2023-05-19 17:03:26,858] {spark_submit.py:490} INFO - 23/05/19 17:03:26 INFO BlockManagerInfo: Removed broadcast_3_piece0 on 192.168.15.8:53975 in memory (size: 84.0 KiB, free: 434.4 MiB)
[2023-05-19 17:03:26,861] {spark_submit.py:490} INFO - 23/05/19 17:03:26 INFO FileSourceScanExec: Planning scan with bin packing, max size: 12605440 bytes, open cost is considered as scanning 4194304 bytes.
[2023-05-19 17:03:26,988] {spark_submit.py:490} INFO - 23/05/19 17:03:26 INFO SparkContext: Starting job: json at NativeMethodAccessorImpl.java:0
[2023-05-19 17:03:26,991] {spark_submit.py:490} INFO - 23/05/19 17:03:26 INFO DAGScheduler: Got job 2 (json at NativeMethodAccessorImpl.java:0) with 1 output partitions
[2023-05-19 17:03:26,991] {spark_submit.py:490} INFO - 23/05/19 17:03:26 INFO DAGScheduler: Final stage: ResultStage 2 (json at NativeMethodAccessorImpl.java:0)
[2023-05-19 17:03:26,992] {spark_submit.py:490} INFO - 23/05/19 17:03:26 INFO DAGScheduler: Parents of final stage: List()
[2023-05-19 17:03:26,993] {spark_submit.py:490} INFO - 23/05/19 17:03:26 INFO DAGScheduler: Missing parents: List()
[2023-05-19 17:03:26,994] {spark_submit.py:490} INFO - 23/05/19 17:03:26 INFO DAGScheduler: Submitting ResultStage 2 (CoalescedRDD[11] at json at NativeMethodAccessorImpl.java:0), which has no missing parents
[2023-05-19 17:03:27,079] {spark_submit.py:490} INFO - 23/05/19 17:03:27 INFO MemoryStore: Block broadcast_5 stored as values in memory (estimated size 217.3 KiB, free 434.0 MiB)
[2023-05-19 17:03:27,093] {spark_submit.py:490} INFO - 23/05/19 17:03:27 INFO MemoryStore: Block broadcast_5_piece0 stored as bytes in memory (estimated size 77.5 KiB, free 433.9 MiB)
[2023-05-19 17:03:27,095] {spark_submit.py:490} INFO - 23/05/19 17:03:27 INFO BlockManagerInfo: Added broadcast_5_piece0 in memory on 192.168.15.8:53975 (size: 77.5 KiB, free: 434.3 MiB)
[2023-05-19 17:03:27,096] {spark_submit.py:490} INFO - 23/05/19 17:03:27 INFO SparkContext: Created broadcast 5 from broadcast at DAGScheduler.scala:1513
[2023-05-19 17:03:27,098] {spark_submit.py:490} INFO - 23/05/19 17:03:27 INFO DAGScheduler: Submitting 1 missing tasks from ResultStage 2 (CoalescedRDD[11] at json at NativeMethodAccessorImpl.java:0) (first 15 tasks are for partitions Vector(0))
[2023-05-19 17:03:27,098] {spark_submit.py:490} INFO - 23/05/19 17:03:27 INFO TaskSchedulerImpl: Adding task set 2.0 with 1 tasks resource profile 0
[2023-05-19 17:03:27,100] {spark_submit.py:490} INFO - 23/05/19 17:03:27 INFO TaskSetManager: Starting task 0.0 in stage 2.0 (TID 2) (192.168.15.8, executor driver, partition 0, PROCESS_LOCAL, 5619 bytes) taskResourceAssignments Map()
[2023-05-19 17:03:27,101] {spark_submit.py:490} INFO - 23/05/19 17:03:27 INFO Executor: Running task 0.0 in stage 2.0 (TID 2)
[2023-05-19 17:03:27,147] {spark_submit.py:490} INFO - 23/05/19 17:03:27 INFO FileOutputCommitter: File Output Committer Algorithm version is 1
[2023-05-19 17:03:27,148] {spark_submit.py:490} INFO - 23/05/19 17:03:27 INFO FileOutputCommitter: FileOutputCommitter skip cleanup _temporary folders under output directory:false, ignore cleanup failures: false
[2023-05-19 17:03:27,149] {spark_submit.py:490} INFO - 23/05/19 17:03:27 INFO SQLHadoopMapReduceCommitProtocol: Using output committer class org.apache.hadoop.mapreduce.lib.output.FileOutputCommitter
[2023-05-19 17:03:27,219] {spark_submit.py:490} INFO - 23/05/19 17:03:27 INFO FileScanRDD: Reading File path: file:///Users/marianaoliveira/Downloads/alura1/datalake/bronze/twitter_datascience/extract_date=2023-05-17/datascience_20230517.json, range: 0-13525, partition values: [19494]
[2023-05-19 17:03:27,249] {spark_submit.py:490} INFO - 23/05/19 17:03:27 INFO CodeGenerator: Code generated in 23.502682 ms
[2023-05-19 17:03:27,262] {spark_submit.py:490} INFO - 23/05/19 17:03:27 INFO FileScanRDD: Reading File path: file:///Users/marianaoliveira/Downloads/alura1/datalake/bronze/twitter_datascience/extract_date=2023-05-18/datascience_20230519.json, range: 0-4527, partition values: [19495]
[2023-05-19 17:03:27,269] {spark_submit.py:490} INFO - 23/05/19 17:03:27 INFO FileScanRDD: Reading File path: file:///Users/marianaoliveira/Downloads/alura1/datalake/bronze/twitter_datascience/extract_date=2023-05-18/datascience_20230518.json, range: 0-4476, partition values: [19495]
[2023-05-19 17:03:27,286] {spark_submit.py:490} INFO - 23/05/19 17:03:27 INFO FileOutputCommitter: Saved output of task 'attempt_202305191703268215560542664378959_0002_m_000000_2' to file:/Users/marianaoliveira/Downloads/alura1/datalake/silver/twitter_datascience/user/process_date=2023-05-19/_temporary/0/task_202305191703268215560542664378959_0002_m_000000
[2023-05-19 17:03:27,287] {spark_submit.py:490} INFO - 23/05/19 17:03:27 INFO SparkHadoopMapRedUtil: attempt_202305191703268215560542664378959_0002_m_000000_2: Committed. Elapsed time: 2 ms.
[2023-05-19 17:03:27,292] {spark_submit.py:490} INFO - 23/05/19 17:03:27 INFO Executor: Finished task 0.0 in stage 2.0 (TID 2). 2579 bytes result sent to driver
[2023-05-19 17:03:27,294] {spark_submit.py:490} INFO - 23/05/19 17:03:27 INFO TaskSetManager: Finished task 0.0 in stage 2.0 (TID 2) in 194 ms on 192.168.15.8 (executor driver) (1/1)
[2023-05-19 17:03:27,295] {spark_submit.py:490} INFO - 23/05/19 17:03:27 INFO TaskSchedulerImpl: Removed TaskSet 2.0, whose tasks have all completed, from pool
[2023-05-19 17:03:27,298] {spark_submit.py:490} INFO - 23/05/19 17:03:27 INFO DAGScheduler: ResultStage 2 (json at NativeMethodAccessorImpl.java:0) finished in 0.302 s
[2023-05-19 17:03:27,299] {spark_submit.py:490} INFO - 23/05/19 17:03:27 INFO DAGScheduler: Job 2 is finished. Cancelling potential speculative or zombie tasks for this job
[2023-05-19 17:03:27,300] {spark_submit.py:490} INFO - 23/05/19 17:03:27 INFO TaskSchedulerImpl: Killing all running tasks in stage 2: Stage finished
[2023-05-19 17:03:27,300] {spark_submit.py:490} INFO - 23/05/19 17:03:27 INFO DAGScheduler: Job 2 finished: json at NativeMethodAccessorImpl.java:0, took 0.310882 s
[2023-05-19 17:03:27,301] {spark_submit.py:490} INFO - 23/05/19 17:03:27 INFO FileFormatWriter: Start to commit write Job f9f45e26-1911-49f9-9bcb-ce48e4ca46a3.
[2023-05-19 17:03:27,342] {spark_submit.py:490} INFO - 23/05/19 17:03:27 INFO FileFormatWriter: Write Job f9f45e26-1911-49f9-9bcb-ce48e4ca46a3 committed. Elapsed time: 40 ms.
[2023-05-19 17:03:27,343] {spark_submit.py:490} INFO - 23/05/19 17:03:27 INFO FileFormatWriter: Finished processing stats for write job f9f45e26-1911-49f9-9bcb-ce48e4ca46a3.
[2023-05-19 17:03:27,417] {spark_submit.py:490} INFO - 23/05/19 17:03:27 INFO SparkContext: Invoking stop() from shutdown hook
[2023-05-19 17:03:27,463] {spark_submit.py:490} INFO - 23/05/19 17:03:27 INFO SparkUI: Stopped Spark web UI at http://192.168.15.8:4041
[2023-05-19 17:03:27,494] {spark_submit.py:490} INFO - 23/05/19 17:03:27 INFO MapOutputTrackerMasterEndpoint: MapOutputTrackerMasterEndpoint stopped!
[2023-05-19 17:03:27,534] {spark_submit.py:490} INFO - 23/05/19 17:03:27 INFO MemoryStore: MemoryStore cleared
[2023-05-19 17:03:27,535] {spark_submit.py:490} INFO - 23/05/19 17:03:27 INFO BlockManager: BlockManager stopped
[2023-05-19 17:03:27,544] {spark_submit.py:490} INFO - 23/05/19 17:03:27 INFO BlockManagerMaster: BlockManagerMaster stopped
[2023-05-19 17:03:27,552] {spark_submit.py:490} INFO - 23/05/19 17:03:27 INFO OutputCommitCoordinator$OutputCommitCoordinatorEndpoint: OutputCommitCoordinator stopped!
[2023-05-19 17:03:27,578] {spark_submit.py:490} INFO - 23/05/19 17:03:27 INFO SparkContext: Successfully stopped SparkContext
[2023-05-19 17:03:27,579] {spark_submit.py:490} INFO - 23/05/19 17:03:27 INFO ShutdownHookManager: Shutdown hook called
[2023-05-19 17:03:27,579] {spark_submit.py:490} INFO - 23/05/19 17:03:27 INFO ShutdownHookManager: Deleting directory /private/var/folders/4m/2vllbq951394clq6jtlsj0p40000gn/T/spark-c8c7690c-2f75-4755-9f49-fbf5fa49a6d8
[2023-05-19 17:03:27,596] {spark_submit.py:490} INFO - 23/05/19 17:03:27 INFO ShutdownHookManager: Deleting directory /private/var/folders/4m/2vllbq951394clq6jtlsj0p40000gn/T/spark-c8c7690c-2f75-4755-9f49-fbf5fa49a6d8/pyspark-b9af35b0-e8d2-4487-a247-2aeb3952a61d
[2023-05-19 17:03:27,614] {spark_submit.py:490} INFO - 23/05/19 17:03:27 INFO ShutdownHookManager: Deleting directory /private/var/folders/4m/2vllbq951394clq6jtlsj0p40000gn/T/spark-3faf9dda-c20b-4c25-bbc5-ab664c71407c
[2023-05-19 17:03:27,730] {taskinstance.py:1395} INFO - Marking task as SUCCESS. dag_id=TwitterDAG, task_id=transform_twitter_datascience, execution_date=20230519T200236, start_date=20230519T200252, end_date=20230519T200327
[2023-05-19 17:03:27,797] {local_task_job.py:156} INFO - Task exited with return code 0
[2023-05-19 17:03:27,829] {local_task_job.py:273} INFO - 0 downstream tasks scheduled from follow-on schedule check
